[2025-08-08T02:26:35.599+0000] {local_task_job_runner.py:120} INFO - ::group::Pre task execution logs
[2025-08-08T02:26:35.621+0000] {taskinstance.py:2076} INFO - Dependencies all met for dep_context=non-requeueable deps ti=<TaskInstance: climate_data.create_folder scheduled__2023-08-14T00:00:00+00:00 [queued]>
[2025-08-08T02:26:35.629+0000] {taskinstance.py:2076} INFO - Dependencies all met for dep_context=requeueable deps ti=<TaskInstance: climate_data.create_folder scheduled__2023-08-14T00:00:00+00:00 [queued]>
[2025-08-08T02:26:35.630+0000] {taskinstance.py:2306} INFO - Starting attempt 1 of 1
[2025-08-08T02:26:35.645+0000] {taskinstance.py:2330} INFO - Executing <Task(BashOperator): create_folder> on 2023-08-14 00:00:00+00:00
[2025-08-08T02:26:35.650+0000] {standard_task_runner.py:63} INFO - Started process 424 to run task
[2025-08-08T02:26:35.652+0000] {standard_task_runner.py:90} INFO - Running: ['***', 'tasks', 'run', 'climate_data', 'create_folder', 'scheduled__2023-08-14T00:00:00+00:00', '--job-id', '80', '--raw', '--subdir', 'DAGS_FOLDER/climate_data.py', '--cfg-path', '/tmp/tmp17soh7ue']
[2025-08-08T02:26:35.654+0000] {standard_task_runner.py:91} INFO - Job 80: Subtask create_folder
[2025-08-08T02:26:35.668+0000] {logging_mixin.py:188} WARNING - /home/***/.local/lib/python3.9/site-packages/***/settings.py:195 DeprecationWarning: The sql_alchemy_conn option in [core] has been moved to the sql_alchemy_conn option in [database] - the old setting has been used, but please update your config.
[2025-08-08T02:26:35.711+0000] {task_command.py:426} INFO - Running <TaskInstance: climate_data.create_folder scheduled__2023-08-14T00:00:00+00:00 [running]> on host 3ceab82043f1
[2025-08-08T02:26:35.779+0000] {taskinstance.py:2648} INFO - Exporting env vars: AIRFLOW_CTX_DAG_OWNER='***' AIRFLOW_CTX_DAG_ID='climate_data' AIRFLOW_CTX_TASK_ID='create_folder' AIRFLOW_CTX_EXECUTION_DATE='2023-08-14T00:00:00+00:00' AIRFLOW_CTX_TRY_NUMBER='1' AIRFLOW_CTX_DAG_RUN_ID='scheduled__2023-08-14T00:00:00+00:00'
[2025-08-08T02:26:35.780+0000] {taskinstance.py:430} INFO - ::endgroup::
[2025-08-08T02:26:35.791+0000] {subprocess.py:63} INFO - Tmp dir root location: /tmp
[2025-08-08T02:26:35.792+0000] {subprocess.py:75} INFO - Running command: ['/usr/bin/bash', '-c', 'mkdir -p /home/***/host_documents/week2023-08-21"']
[2025-08-08T02:26:35.804+0000] {subprocess.py:86} INFO - Output:
[2025-08-08T02:26:35.806+0000] {subprocess.py:93} INFO - /usr/bin/bash: -c: line 1: unexpected EOF while looking for matching `"'
[2025-08-08T02:26:35.807+0000] {subprocess.py:97} INFO - Command exited with return code 2
[2025-08-08T02:26:35.809+0000] {taskinstance.py:441} INFO - ::group::Post task execution logs
[2025-08-08T02:26:35.819+0000] {taskinstance.py:2905} ERROR - Task failed with exception
Traceback (most recent call last):
  File "/home/airflow/.local/lib/python3.9/site-packages/airflow/models/taskinstance.py", line 465, in _execute_task
    result = _execute_callable(context=context, **execute_callable_kwargs)
  File "/home/airflow/.local/lib/python3.9/site-packages/airflow/models/taskinstance.py", line 432, in _execute_callable
    return execute_callable(context=context, **execute_callable_kwargs)
  File "/home/airflow/.local/lib/python3.9/site-packages/airflow/models/baseoperator.py", line 400, in wrapper
    return func(self, *args, **kwargs)
  File "/home/airflow/.local/lib/python3.9/site-packages/airflow/operators/bash.py", line 243, in execute
    raise AirflowException(
airflow.exceptions.AirflowException: Bash command failed. The command returned a non-zero exit code 2.
[2025-08-08T02:26:35.822+0000] {taskinstance.py:1206} INFO - Marking task as FAILED. dag_id=climate_data, task_id=create_folder, run_id=scheduled__2023-08-14T00:00:00+00:00, execution_date=20230814T000000, start_date=20250808T022635, end_date=20250808T022635
[2025-08-08T02:26:35.834+0000] {standard_task_runner.py:110} ERROR - Failed to execute job 80 for task create_folder (Bash command failed. The command returned a non-zero exit code 2.; 424)
[2025-08-08T02:26:35.865+0000] {local_task_job_runner.py:240} INFO - Task exited with return code 1
[2025-08-08T02:26:35.880+0000] {taskinstance.py:3498} INFO - 0 downstream tasks scheduled from follow-on schedule check
[2025-08-08T02:26:35.884+0000] {local_task_job_runner.py:222} INFO - ::endgroup::
[2025-08-08T02:34:52.580+0000] {local_task_job_runner.py:120} INFO - ::group::Pre task execution logs
[2025-08-08T02:34:52.602+0000] {taskinstance.py:2076} INFO - Dependencies all met for dep_context=non-requeueable deps ti=<TaskInstance: climate_data.create_folder scheduled__2023-08-14T00:00:00+00:00 [queued]>
[2025-08-08T02:34:52.609+0000] {taskinstance.py:2076} INFO - Dependencies all met for dep_context=requeueable deps ti=<TaskInstance: climate_data.create_folder scheduled__2023-08-14T00:00:00+00:00 [queued]>
[2025-08-08T02:34:52.610+0000] {taskinstance.py:2306} INFO - Starting attempt 1 of 1
[2025-08-08T02:34:52.638+0000] {taskinstance.py:2330} INFO - Executing <Task(BashOperator): create_folder> on 2023-08-14 00:00:00+00:00
[2025-08-08T02:34:52.641+0000] {standard_task_runner.py:63} INFO - Started process 455 to run task
[2025-08-08T02:34:52.645+0000] {standard_task_runner.py:90} INFO - Running: ['***', 'tasks', 'run', 'climate_data', 'create_folder', 'scheduled__2023-08-14T00:00:00+00:00', '--job-id', '235', '--raw', '--subdir', 'DAGS_FOLDER/climate_data.py', '--cfg-path', '/tmp/tmpelqttpj3']
[2025-08-08T02:34:52.647+0000] {standard_task_runner.py:91} INFO - Job 235: Subtask create_folder
[2025-08-08T02:34:52.660+0000] {logging_mixin.py:188} WARNING - /home/***/.local/lib/python3.9/site-packages/***/settings.py:195 DeprecationWarning: The sql_alchemy_conn option in [core] has been moved to the sql_alchemy_conn option in [database] - the old setting has been used, but please update your config.
[2025-08-08T02:34:52.707+0000] {task_command.py:426} INFO - Running <TaskInstance: climate_data.create_folder scheduled__2023-08-14T00:00:00+00:00 [running]> on host 1a6f5acf67f4
[2025-08-08T02:34:52.768+0000] {taskinstance.py:2648} INFO - Exporting env vars: AIRFLOW_CTX_DAG_OWNER='***' AIRFLOW_CTX_DAG_ID='climate_data' AIRFLOW_CTX_TASK_ID='create_folder' AIRFLOW_CTX_EXECUTION_DATE='2023-08-14T00:00:00+00:00' AIRFLOW_CTX_TRY_NUMBER='1' AIRFLOW_CTX_DAG_RUN_ID='scheduled__2023-08-14T00:00:00+00:00'
[2025-08-08T02:34:52.769+0000] {taskinstance.py:430} INFO - ::endgroup::
[2025-08-08T02:34:52.777+0000] {subprocess.py:63} INFO - Tmp dir root location: /tmp
[2025-08-08T02:34:52.778+0000] {subprocess.py:75} INFO - Running command: ['/usr/bin/bash', '-c', 'mkdir -p /home/***/host_documents/week2023-08-21"']
[2025-08-08T02:34:52.786+0000] {subprocess.py:86} INFO - Output:
[2025-08-08T02:34:52.787+0000] {subprocess.py:93} INFO - /usr/bin/bash: -c: line 1: unexpected EOF while looking for matching `"'
[2025-08-08T02:34:52.788+0000] {subprocess.py:97} INFO - Command exited with return code 2
[2025-08-08T02:34:52.788+0000] {taskinstance.py:441} INFO - ::group::Post task execution logs
[2025-08-08T02:34:52.797+0000] {taskinstance.py:2905} ERROR - Task failed with exception
Traceback (most recent call last):
  File "/home/airflow/.local/lib/python3.9/site-packages/airflow/models/taskinstance.py", line 465, in _execute_task
    result = _execute_callable(context=context, **execute_callable_kwargs)
  File "/home/airflow/.local/lib/python3.9/site-packages/airflow/models/taskinstance.py", line 432, in _execute_callable
    return execute_callable(context=context, **execute_callable_kwargs)
  File "/home/airflow/.local/lib/python3.9/site-packages/airflow/models/baseoperator.py", line 400, in wrapper
    return func(self, *args, **kwargs)
  File "/home/airflow/.local/lib/python3.9/site-packages/airflow/operators/bash.py", line 243, in execute
    raise AirflowException(
airflow.exceptions.AirflowException: Bash command failed. The command returned a non-zero exit code 2.
[2025-08-08T02:34:52.801+0000] {taskinstance.py:1206} INFO - Marking task as FAILED. dag_id=climate_data, task_id=create_folder, run_id=scheduled__2023-08-14T00:00:00+00:00, execution_date=20230814T000000, start_date=20250808T023452, end_date=20250808T023452
[2025-08-08T02:34:52.809+0000] {standard_task_runner.py:110} ERROR - Failed to execute job 235 for task create_folder (Bash command failed. The command returned a non-zero exit code 2.; 455)
[2025-08-08T02:34:52.817+0000] {local_task_job_runner.py:240} INFO - Task exited with return code 1
[2025-08-08T02:34:52.831+0000] {taskinstance.py:3498} INFO - 0 downstream tasks scheduled from follow-on schedule check
[2025-08-08T02:34:52.835+0000] {local_task_job_runner.py:222} INFO - ::endgroup::
[2025-08-08T02:39:29.293+0000] {local_task_job_runner.py:120} INFO - ::group::Pre task execution logs
[2025-08-08T02:39:29.311+0000] {taskinstance.py:2076} INFO - Dependencies all met for dep_context=non-requeueable deps ti=<TaskInstance: climate_data.create_folder scheduled__2023-08-14T00:00:00+00:00 [queued]>
[2025-08-08T02:39:29.320+0000] {taskinstance.py:2076} INFO - Dependencies all met for dep_context=requeueable deps ti=<TaskInstance: climate_data.create_folder scheduled__2023-08-14T00:00:00+00:00 [queued]>
[2025-08-08T02:39:29.320+0000] {taskinstance.py:2306} INFO - Starting attempt 1 of 1
[2025-08-08T02:39:29.352+0000] {taskinstance.py:2330} INFO - Executing <Task(BashOperator): create_folder> on 2023-08-14 00:00:00+00:00
[2025-08-08T02:39:29.356+0000] {standard_task_runner.py:63} INFO - Started process 1384 to run task
[2025-08-08T02:39:29.359+0000] {standard_task_runner.py:90} INFO - Running: ['***', 'tasks', 'run', 'climate_data', 'create_folder', 'scheduled__2023-08-14T00:00:00+00:00', '--job-id', '439', '--raw', '--subdir', 'DAGS_FOLDER/climate_data.py', '--cfg-path', '/tmp/tmp3py7sr6i']
[2025-08-08T02:39:29.361+0000] {standard_task_runner.py:91} INFO - Job 439: Subtask create_folder
[2025-08-08T02:39:29.374+0000] {logging_mixin.py:188} WARNING - /home/***/.local/lib/python3.9/site-packages/***/settings.py:195 DeprecationWarning: The sql_alchemy_conn option in [core] has been moved to the sql_alchemy_conn option in [database] - the old setting has been used, but please update your config.
[2025-08-08T02:39:29.416+0000] {task_command.py:426} INFO - Running <TaskInstance: climate_data.create_folder scheduled__2023-08-14T00:00:00+00:00 [running]> on host 1a6f5acf67f4
[2025-08-08T02:39:29.483+0000] {taskinstance.py:2648} INFO - Exporting env vars: AIRFLOW_CTX_DAG_OWNER='***' AIRFLOW_CTX_DAG_ID='climate_data' AIRFLOW_CTX_TASK_ID='create_folder' AIRFLOW_CTX_EXECUTION_DATE='2023-08-14T00:00:00+00:00' AIRFLOW_CTX_TRY_NUMBER='1' AIRFLOW_CTX_DAG_RUN_ID='scheduled__2023-08-14T00:00:00+00:00'
[2025-08-08T02:39:29.484+0000] {taskinstance.py:430} INFO - ::endgroup::
[2025-08-08T02:39:29.492+0000] {subprocess.py:63} INFO - Tmp dir root location: /tmp
[2025-08-08T02:39:29.493+0000] {subprocess.py:75} INFO - Running command: ['/usr/bin/bash', '-c', 'mkdir -p /home/***/host_documents/week2023-08-21']
[2025-08-08T02:39:29.500+0000] {subprocess.py:86} INFO - Output:
[2025-08-08T02:39:29.504+0000] {subprocess.py:97} INFO - Command exited with return code 0
[2025-08-08T02:39:29.506+0000] {taskinstance.py:441} INFO - ::group::Post task execution logs
[2025-08-08T02:39:29.526+0000] {taskinstance.py:1206} INFO - Marking task as SUCCESS. dag_id=climate_data, task_id=create_folder, run_id=scheduled__2023-08-14T00:00:00+00:00, execution_date=20230814T000000, start_date=20250808T023929, end_date=20250808T023929
[2025-08-08T02:39:29.571+0000] {local_task_job_runner.py:240} INFO - Task exited with return code 0
[2025-08-08T02:39:29.588+0000] {taskinstance.py:3498} INFO - 1 downstream tasks scheduled from follow-on schedule check
[2025-08-08T02:39:29.591+0000] {local_task_job_runner.py:222} INFO - ::endgroup::
[2025-08-08T02:42:27.936+0000] {local_task_job_runner.py:120} INFO - ::group::Pre task execution logs
[2025-08-08T02:42:27.956+0000] {taskinstance.py:2076} INFO - Dependencies all met for dep_context=non-requeueable deps ti=<TaskInstance: climate_data.create_folder scheduled__2023-08-14T00:00:00+00:00 [queued]>
[2025-08-08T02:42:27.963+0000] {taskinstance.py:2076} INFO - Dependencies all met for dep_context=requeueable deps ti=<TaskInstance: climate_data.create_folder scheduled__2023-08-14T00:00:00+00:00 [queued]>
[2025-08-08T02:42:27.963+0000] {taskinstance.py:2306} INFO - Starting attempt 1 of 1
[2025-08-08T02:42:27.995+0000] {taskinstance.py:2330} INFO - Executing <Task(BashOperator): create_folder> on 2023-08-14 00:00:00+00:00
[2025-08-08T02:42:27.999+0000] {standard_task_runner.py:63} INFO - Started process 2554 to run task
[2025-08-08T02:42:28.002+0000] {standard_task_runner.py:90} INFO - Running: ['***', 'tasks', 'run', 'climate_data', 'create_folder', 'scheduled__2023-08-14T00:00:00+00:00', '--job-id', '747', '--raw', '--subdir', 'DAGS_FOLDER/climate_data.py', '--cfg-path', '/tmp/tmp78r92mmy']
[2025-08-08T02:42:28.004+0000] {standard_task_runner.py:91} INFO - Job 747: Subtask create_folder
[2025-08-08T02:42:28.017+0000] {logging_mixin.py:188} WARNING - /home/***/.local/lib/python3.9/site-packages/***/settings.py:195 DeprecationWarning: The sql_alchemy_conn option in [core] has been moved to the sql_alchemy_conn option in [database] - the old setting has been used, but please update your config.
[2025-08-08T02:42:28.060+0000] {task_command.py:426} INFO - Running <TaskInstance: climate_data.create_folder scheduled__2023-08-14T00:00:00+00:00 [running]> on host 1a6f5acf67f4
[2025-08-08T02:42:28.129+0000] {taskinstance.py:2648} INFO - Exporting env vars: AIRFLOW_CTX_DAG_OWNER='***' AIRFLOW_CTX_DAG_ID='climate_data' AIRFLOW_CTX_TASK_ID='create_folder' AIRFLOW_CTX_EXECUTION_DATE='2023-08-14T00:00:00+00:00' AIRFLOW_CTX_TRY_NUMBER='1' AIRFLOW_CTX_DAG_RUN_ID='scheduled__2023-08-14T00:00:00+00:00'
[2025-08-08T02:42:28.130+0000] {taskinstance.py:430} INFO - ::endgroup::
[2025-08-08T02:42:28.140+0000] {subprocess.py:63} INFO - Tmp dir root location: /tmp
[2025-08-08T02:42:28.142+0000] {subprocess.py:75} INFO - Running command: ['/usr/bin/bash', '-c', 'mkdir -p "/home/***/host_documents/week2023-08-21"']
[2025-08-08T02:42:28.151+0000] {subprocess.py:86} INFO - Output:
[2025-08-08T02:42:28.155+0000] {subprocess.py:97} INFO - Command exited with return code 0
[2025-08-08T02:42:28.156+0000] {taskinstance.py:441} INFO - ::group::Post task execution logs
[2025-08-08T02:42:28.177+0000] {taskinstance.py:1206} INFO - Marking task as SUCCESS. dag_id=climate_data, task_id=create_folder, run_id=scheduled__2023-08-14T00:00:00+00:00, execution_date=20230814T000000, start_date=20250808T024227, end_date=20250808T024228
[2025-08-08T02:42:28.215+0000] {local_task_job_runner.py:240} INFO - Task exited with return code 0
[2025-08-08T02:42:28.235+0000] {taskinstance.py:3498} INFO - 1 downstream tasks scheduled from follow-on schedule check
[2025-08-08T02:42:28.237+0000] {local_task_job_runner.py:222} INFO - ::endgroup::
