[2025-08-08T02:26:31.192+0000] {local_task_job_runner.py:120} INFO - ::group::Pre task execution logs
[2025-08-08T02:26:31.214+0000] {taskinstance.py:2076} INFO - Dependencies all met for dep_context=non-requeueable deps ti=<TaskInstance: climate_data.create_folder scheduled__2023-05-08T00:00:00+00:00 [queued]>
[2025-08-08T02:26:31.223+0000] {taskinstance.py:2076} INFO - Dependencies all met for dep_context=requeueable deps ti=<TaskInstance: climate_data.create_folder scheduled__2023-05-08T00:00:00+00:00 [queued]>
[2025-08-08T02:26:31.223+0000] {taskinstance.py:2306} INFO - Starting attempt 1 of 1
[2025-08-08T02:26:31.235+0000] {taskinstance.py:2330} INFO - Executing <Task(BashOperator): create_folder> on 2023-05-08 00:00:00+00:00
[2025-08-08T02:26:31.240+0000] {standard_task_runner.py:63} INFO - Started process 368 to run task
[2025-08-08T02:26:31.243+0000] {standard_task_runner.py:90} INFO - Running: ['***', 'tasks', 'run', 'climate_data', 'create_folder', 'scheduled__2023-05-08T00:00:00+00:00', '--job-id', '66', '--raw', '--subdir', 'DAGS_FOLDER/climate_data.py', '--cfg-path', '/tmp/tmpzx1ebt15']
[2025-08-08T02:26:31.246+0000] {standard_task_runner.py:91} INFO - Job 66: Subtask create_folder
[2025-08-08T02:26:31.260+0000] {logging_mixin.py:188} WARNING - /home/***/.local/lib/python3.9/site-packages/***/settings.py:195 DeprecationWarning: The sql_alchemy_conn option in [core] has been moved to the sql_alchemy_conn option in [database] - the old setting has been used, but please update your config.
[2025-08-08T02:26:31.303+0000] {task_command.py:426} INFO - Running <TaskInstance: climate_data.create_folder scheduled__2023-05-08T00:00:00+00:00 [running]> on host 3ceab82043f1
[2025-08-08T02:26:31.374+0000] {taskinstance.py:2648} INFO - Exporting env vars: AIRFLOW_CTX_DAG_OWNER='***' AIRFLOW_CTX_DAG_ID='climate_data' AIRFLOW_CTX_TASK_ID='create_folder' AIRFLOW_CTX_EXECUTION_DATE='2023-05-08T00:00:00+00:00' AIRFLOW_CTX_TRY_NUMBER='1' AIRFLOW_CTX_DAG_RUN_ID='scheduled__2023-05-08T00:00:00+00:00'
[2025-08-08T02:26:31.375+0000] {taskinstance.py:430} INFO - ::endgroup::
[2025-08-08T02:26:31.383+0000] {subprocess.py:63} INFO - Tmp dir root location: /tmp
[2025-08-08T02:26:31.384+0000] {subprocess.py:75} INFO - Running command: ['/usr/bin/bash', '-c', 'mkdir -p /home/***/host_documents/week2023-05-15"']
[2025-08-08T02:26:31.391+0000] {subprocess.py:86} INFO - Output:
[2025-08-08T02:26:31.393+0000] {subprocess.py:93} INFO - /usr/bin/bash: -c: line 1: unexpected EOF while looking for matching `"'
[2025-08-08T02:26:31.393+0000] {subprocess.py:97} INFO - Command exited with return code 2
[2025-08-08T02:26:31.394+0000] {taskinstance.py:441} INFO - ::group::Post task execution logs
[2025-08-08T02:26:31.401+0000] {taskinstance.py:2905} ERROR - Task failed with exception
Traceback (most recent call last):
  File "/home/airflow/.local/lib/python3.9/site-packages/airflow/models/taskinstance.py", line 465, in _execute_task
    result = _execute_callable(context=context, **execute_callable_kwargs)
  File "/home/airflow/.local/lib/python3.9/site-packages/airflow/models/taskinstance.py", line 432, in _execute_callable
    return execute_callable(context=context, **execute_callable_kwargs)
  File "/home/airflow/.local/lib/python3.9/site-packages/airflow/models/baseoperator.py", line 400, in wrapper
    return func(self, *args, **kwargs)
  File "/home/airflow/.local/lib/python3.9/site-packages/airflow/operators/bash.py", line 243, in execute
    raise AirflowException(
airflow.exceptions.AirflowException: Bash command failed. The command returned a non-zero exit code 2.
[2025-08-08T02:26:31.404+0000] {taskinstance.py:1206} INFO - Marking task as FAILED. dag_id=climate_data, task_id=create_folder, run_id=scheduled__2023-05-08T00:00:00+00:00, execution_date=20230508T000000, start_date=20250808T022631, end_date=20250808T022631
[2025-08-08T02:26:31.412+0000] {standard_task_runner.py:110} ERROR - Failed to execute job 66 for task create_folder (Bash command failed. The command returned a non-zero exit code 2.; 368)
[2025-08-08T02:26:31.456+0000] {local_task_job_runner.py:240} INFO - Task exited with return code 1
[2025-08-08T02:26:31.465+0000] {local_task_job_runner.py:222} INFO - ::endgroup::
[2025-08-08T02:34:48.355+0000] {local_task_job_runner.py:120} INFO - ::group::Pre task execution logs
[2025-08-08T02:34:48.377+0000] {taskinstance.py:2076} INFO - Dependencies all met for dep_context=non-requeueable deps ti=<TaskInstance: climate_data.create_folder scheduled__2023-05-08T00:00:00+00:00 [queued]>
[2025-08-08T02:34:48.386+0000] {taskinstance.py:2076} INFO - Dependencies all met for dep_context=requeueable deps ti=<TaskInstance: climate_data.create_folder scheduled__2023-05-08T00:00:00+00:00 [queued]>
[2025-08-08T02:34:48.386+0000] {taskinstance.py:2306} INFO - Starting attempt 1 of 1
[2025-08-08T02:34:48.426+0000] {taskinstance.py:2330} INFO - Executing <Task(BashOperator): create_folder> on 2023-05-08 00:00:00+00:00
[2025-08-08T02:34:48.429+0000] {standard_task_runner.py:63} INFO - Started process 401 to run task
[2025-08-08T02:34:48.432+0000] {standard_task_runner.py:90} INFO - Running: ['***', 'tasks', 'run', 'climate_data', 'create_folder', 'scheduled__2023-05-08T00:00:00+00:00', '--job-id', '221', '--raw', '--subdir', 'DAGS_FOLDER/climate_data.py', '--cfg-path', '/tmp/tmpefhwdo8c']
[2025-08-08T02:34:48.434+0000] {standard_task_runner.py:91} INFO - Job 221: Subtask create_folder
[2025-08-08T02:34:48.447+0000] {logging_mixin.py:188} WARNING - /home/***/.local/lib/python3.9/site-packages/***/settings.py:195 DeprecationWarning: The sql_alchemy_conn option in [core] has been moved to the sql_alchemy_conn option in [database] - the old setting has been used, but please update your config.
[2025-08-08T02:34:48.491+0000] {task_command.py:426} INFO - Running <TaskInstance: climate_data.create_folder scheduled__2023-05-08T00:00:00+00:00 [running]> on host 1a6f5acf67f4
[2025-08-08T02:34:48.558+0000] {taskinstance.py:2648} INFO - Exporting env vars: AIRFLOW_CTX_DAG_OWNER='***' AIRFLOW_CTX_DAG_ID='climate_data' AIRFLOW_CTX_TASK_ID='create_folder' AIRFLOW_CTX_EXECUTION_DATE='2023-05-08T00:00:00+00:00' AIRFLOW_CTX_TRY_NUMBER='1' AIRFLOW_CTX_DAG_RUN_ID='scheduled__2023-05-08T00:00:00+00:00'
[2025-08-08T02:34:48.559+0000] {taskinstance.py:430} INFO - ::endgroup::
[2025-08-08T02:34:48.567+0000] {subprocess.py:63} INFO - Tmp dir root location: /tmp
[2025-08-08T02:34:48.568+0000] {subprocess.py:75} INFO - Running command: ['/usr/bin/bash', '-c', 'mkdir -p /home/***/host_documents/week2023-05-15"']
[2025-08-08T02:34:48.576+0000] {subprocess.py:86} INFO - Output:
[2025-08-08T02:34:48.577+0000] {subprocess.py:93} INFO - /usr/bin/bash: -c: line 1: unexpected EOF while looking for matching `"'
[2025-08-08T02:34:48.578+0000] {subprocess.py:97} INFO - Command exited with return code 2
[2025-08-08T02:34:48.578+0000] {taskinstance.py:441} INFO - ::group::Post task execution logs
[2025-08-08T02:34:48.587+0000] {taskinstance.py:2905} ERROR - Task failed with exception
Traceback (most recent call last):
  File "/home/airflow/.local/lib/python3.9/site-packages/airflow/models/taskinstance.py", line 465, in _execute_task
    result = _execute_callable(context=context, **execute_callable_kwargs)
  File "/home/airflow/.local/lib/python3.9/site-packages/airflow/models/taskinstance.py", line 432, in _execute_callable
    return execute_callable(context=context, **execute_callable_kwargs)
  File "/home/airflow/.local/lib/python3.9/site-packages/airflow/models/baseoperator.py", line 400, in wrapper
    return func(self, *args, **kwargs)
  File "/home/airflow/.local/lib/python3.9/site-packages/airflow/operators/bash.py", line 243, in execute
    raise AirflowException(
airflow.exceptions.AirflowException: Bash command failed. The command returned a non-zero exit code 2.
[2025-08-08T02:34:48.590+0000] {taskinstance.py:1206} INFO - Marking task as FAILED. dag_id=climate_data, task_id=create_folder, run_id=scheduled__2023-05-08T00:00:00+00:00, execution_date=20230508T000000, start_date=20250808T023448, end_date=20250808T023448
[2025-08-08T02:34:48.629+0000] {standard_task_runner.py:110} ERROR - Failed to execute job 221 for task create_folder (Bash command failed. The command returned a non-zero exit code 2.; 401)
[2025-08-08T02:34:48.646+0000] {local_task_job_runner.py:240} INFO - Task exited with return code 1
[2025-08-08T02:34:48.662+0000] {taskinstance.py:3498} INFO - 0 downstream tasks scheduled from follow-on schedule check
[2025-08-08T02:34:48.668+0000] {local_task_job_runner.py:222} INFO - ::endgroup::
[2025-08-08T02:39:23.974+0000] {local_task_job_runner.py:120} INFO - ::group::Pre task execution logs
[2025-08-08T02:39:23.995+0000] {taskinstance.py:2076} INFO - Dependencies all met for dep_context=non-requeueable deps ti=<TaskInstance: climate_data.create_folder scheduled__2023-05-08T00:00:00+00:00 [queued]>
[2025-08-08T02:39:24.004+0000] {taskinstance.py:2076} INFO - Dependencies all met for dep_context=requeueable deps ti=<TaskInstance: climate_data.create_folder scheduled__2023-05-08T00:00:00+00:00 [queued]>
[2025-08-08T02:39:24.004+0000] {taskinstance.py:2306} INFO - Starting attempt 1 of 1
[2025-08-08T02:39:24.017+0000] {taskinstance.py:2330} INFO - Executing <Task(BashOperator): create_folder> on 2023-05-08 00:00:00+00:00
[2025-08-08T02:39:24.023+0000] {standard_task_runner.py:63} INFO - Started process 1271 to run task
[2025-08-08T02:39:24.028+0000] {standard_task_runner.py:90} INFO - Running: ['***', 'tasks', 'run', 'climate_data', 'create_folder', 'scheduled__2023-05-08T00:00:00+00:00', '--job-id', '409', '--raw', '--subdir', 'DAGS_FOLDER/climate_data.py', '--cfg-path', '/tmp/tmp18xy7ul2']
[2025-08-08T02:39:24.031+0000] {standard_task_runner.py:91} INFO - Job 409: Subtask create_folder
[2025-08-08T02:39:24.046+0000] {logging_mixin.py:188} WARNING - /home/***/.local/lib/python3.9/site-packages/***/settings.py:195 DeprecationWarning: The sql_alchemy_conn option in [core] has been moved to the sql_alchemy_conn option in [database] - the old setting has been used, but please update your config.
[2025-08-08T02:39:24.095+0000] {task_command.py:426} INFO - Running <TaskInstance: climate_data.create_folder scheduled__2023-05-08T00:00:00+00:00 [running]> on host 1a6f5acf67f4
[2025-08-08T02:39:24.166+0000] {taskinstance.py:2648} INFO - Exporting env vars: AIRFLOW_CTX_DAG_OWNER='***' AIRFLOW_CTX_DAG_ID='climate_data' AIRFLOW_CTX_TASK_ID='create_folder' AIRFLOW_CTX_EXECUTION_DATE='2023-05-08T00:00:00+00:00' AIRFLOW_CTX_TRY_NUMBER='1' AIRFLOW_CTX_DAG_RUN_ID='scheduled__2023-05-08T00:00:00+00:00'
[2025-08-08T02:39:24.167+0000] {taskinstance.py:430} INFO - ::endgroup::
[2025-08-08T02:39:24.177+0000] {subprocess.py:63} INFO - Tmp dir root location: /tmp
[2025-08-08T02:39:24.179+0000] {subprocess.py:75} INFO - Running command: ['/usr/bin/bash', '-c', 'mkdir -p /home/***/host_documents/week2023-05-15']
[2025-08-08T02:39:24.187+0000] {subprocess.py:86} INFO - Output:
[2025-08-08T02:39:24.192+0000] {subprocess.py:97} INFO - Command exited with return code 0
[2025-08-08T02:39:24.193+0000] {taskinstance.py:441} INFO - ::group::Post task execution logs
[2025-08-08T02:39:24.215+0000] {taskinstance.py:1206} INFO - Marking task as SUCCESS. dag_id=climate_data, task_id=create_folder, run_id=scheduled__2023-05-08T00:00:00+00:00, execution_date=20230508T000000, start_date=20250808T023923, end_date=20250808T023924
[2025-08-08T02:39:24.239+0000] {local_task_job_runner.py:240} INFO - Task exited with return code 0
[2025-08-08T02:39:24.258+0000] {taskinstance.py:3498} INFO - 1 downstream tasks scheduled from follow-on schedule check
[2025-08-08T02:39:24.261+0000] {local_task_job_runner.py:222} INFO - ::endgroup::
[2025-08-08T02:42:21.802+0000] {local_task_job_runner.py:120} INFO - ::group::Pre task execution logs
[2025-08-08T02:42:21.831+0000] {taskinstance.py:2076} INFO - Dependencies all met for dep_context=non-requeueable deps ti=<TaskInstance: climate_data.create_folder scheduled__2023-05-08T00:00:00+00:00 [queued]>
[2025-08-08T02:42:21.843+0000] {taskinstance.py:2076} INFO - Dependencies all met for dep_context=requeueable deps ti=<TaskInstance: climate_data.create_folder scheduled__2023-05-08T00:00:00+00:00 [queued]>
[2025-08-08T02:42:21.843+0000] {taskinstance.py:2306} INFO - Starting attempt 1 of 1
[2025-08-08T02:42:21.858+0000] {taskinstance.py:2330} INFO - Executing <Task(BashOperator): create_folder> on 2023-05-08 00:00:00+00:00
[2025-08-08T02:42:21.866+0000] {standard_task_runner.py:63} INFO - Started process 2445 to run task
[2025-08-08T02:42:21.870+0000] {standard_task_runner.py:90} INFO - Running: ['***', 'tasks', 'run', 'climate_data', 'create_folder', 'scheduled__2023-05-08T00:00:00+00:00', '--job-id', '717', '--raw', '--subdir', 'DAGS_FOLDER/climate_data.py', '--cfg-path', '/tmp/tmp5_3yrjbt']
[2025-08-08T02:42:21.875+0000] {standard_task_runner.py:91} INFO - Job 717: Subtask create_folder
[2025-08-08T02:42:21.893+0000] {logging_mixin.py:188} WARNING - /home/***/.local/lib/python3.9/site-packages/***/settings.py:195 DeprecationWarning: The sql_alchemy_conn option in [core] has been moved to the sql_alchemy_conn option in [database] - the old setting has been used, but please update your config.
[2025-08-08T02:42:21.949+0000] {task_command.py:426} INFO - Running <TaskInstance: climate_data.create_folder scheduled__2023-05-08T00:00:00+00:00 [running]> on host 1a6f5acf67f4
[2025-08-08T02:42:22.032+0000] {taskinstance.py:2648} INFO - Exporting env vars: AIRFLOW_CTX_DAG_OWNER='***' AIRFLOW_CTX_DAG_ID='climate_data' AIRFLOW_CTX_TASK_ID='create_folder' AIRFLOW_CTX_EXECUTION_DATE='2023-05-08T00:00:00+00:00' AIRFLOW_CTX_TRY_NUMBER='1' AIRFLOW_CTX_DAG_RUN_ID='scheduled__2023-05-08T00:00:00+00:00'
[2025-08-08T02:42:22.035+0000] {taskinstance.py:430} INFO - ::endgroup::
[2025-08-08T02:42:22.044+0000] {subprocess.py:63} INFO - Tmp dir root location: /tmp
[2025-08-08T02:42:22.047+0000] {subprocess.py:75} INFO - Running command: ['/usr/bin/bash', '-c', 'mkdir -p "/home/***/host_documents/week2023-05-15"']
[2025-08-08T02:42:22.057+0000] {subprocess.py:86} INFO - Output:
[2025-08-08T02:42:22.061+0000] {subprocess.py:97} INFO - Command exited with return code 0
[2025-08-08T02:42:22.062+0000] {taskinstance.py:441} INFO - ::group::Post task execution logs
[2025-08-08T02:42:22.081+0000] {taskinstance.py:1206} INFO - Marking task as SUCCESS. dag_id=climate_data, task_id=create_folder, run_id=scheduled__2023-05-08T00:00:00+00:00, execution_date=20230508T000000, start_date=20250808T024221, end_date=20250808T024222
[2025-08-08T02:42:22.124+0000] {local_task_job_runner.py:240} INFO - Task exited with return code 0
[2025-08-08T02:42:22.146+0000] {taskinstance.py:3498} INFO - 1 downstream tasks scheduled from follow-on schedule check
[2025-08-08T02:42:22.148+0000] {local_task_job_runner.py:222} INFO - ::endgroup::
