[2025-08-08T02:26:38.273+0000] {local_task_job_runner.py:120} INFO - ::group::Pre task execution logs
[2025-08-08T02:26:38.293+0000] {taskinstance.py:2076} INFO - Dependencies all met for dep_context=non-requeueable deps ti=<TaskInstance: climate_data.create_folder scheduled__2023-09-18T00:00:00+00:00 [queued]>
[2025-08-08T02:26:38.301+0000] {taskinstance.py:2076} INFO - Dependencies all met for dep_context=requeueable deps ti=<TaskInstance: climate_data.create_folder scheduled__2023-09-18T00:00:00+00:00 [queued]>
[2025-08-08T02:26:38.301+0000] {taskinstance.py:2306} INFO - Starting attempt 1 of 1
[2025-08-08T02:26:38.312+0000] {taskinstance.py:2330} INFO - Executing <Task(BashOperator): create_folder> on 2023-09-18 00:00:00+00:00
[2025-08-08T02:26:38.316+0000] {standard_task_runner.py:63} INFO - Started process 447 to run task
[2025-08-08T02:26:38.318+0000] {standard_task_runner.py:90} INFO - Running: ['***', 'tasks', 'run', 'climate_data', 'create_folder', 'scheduled__2023-09-18T00:00:00+00:00', '--job-id', '85', '--raw', '--subdir', 'DAGS_FOLDER/climate_data.py', '--cfg-path', '/tmp/tmp7jrsa56i']
[2025-08-08T02:26:38.320+0000] {standard_task_runner.py:91} INFO - Job 85: Subtask create_folder
[2025-08-08T02:26:38.334+0000] {logging_mixin.py:188} WARNING - /home/***/.local/lib/python3.9/site-packages/***/settings.py:195 DeprecationWarning: The sql_alchemy_conn option in [core] has been moved to the sql_alchemy_conn option in [database] - the old setting has been used, but please update your config.
[2025-08-08T02:26:38.375+0000] {task_command.py:426} INFO - Running <TaskInstance: climate_data.create_folder scheduled__2023-09-18T00:00:00+00:00 [running]> on host 3ceab82043f1
[2025-08-08T02:26:38.450+0000] {taskinstance.py:2648} INFO - Exporting env vars: AIRFLOW_CTX_DAG_OWNER='***' AIRFLOW_CTX_DAG_ID='climate_data' AIRFLOW_CTX_TASK_ID='create_folder' AIRFLOW_CTX_EXECUTION_DATE='2023-09-18T00:00:00+00:00' AIRFLOW_CTX_TRY_NUMBER='1' AIRFLOW_CTX_DAG_RUN_ID='scheduled__2023-09-18T00:00:00+00:00'
[2025-08-08T02:26:38.452+0000] {taskinstance.py:430} INFO - ::endgroup::
[2025-08-08T02:26:38.461+0000] {subprocess.py:63} INFO - Tmp dir root location: /tmp
[2025-08-08T02:26:38.462+0000] {subprocess.py:75} INFO - Running command: ['/usr/bin/bash', '-c', 'mkdir -p /home/***/host_documents/week2023-09-25"']
[2025-08-08T02:26:38.471+0000] {subprocess.py:86} INFO - Output:
[2025-08-08T02:26:38.472+0000] {subprocess.py:93} INFO - /usr/bin/bash: -c: line 1: unexpected EOF while looking for matching `"'
[2025-08-08T02:26:38.472+0000] {subprocess.py:97} INFO - Command exited with return code 2
[2025-08-08T02:26:38.473+0000] {taskinstance.py:441} INFO - ::group::Post task execution logs
[2025-08-08T02:26:38.482+0000] {taskinstance.py:2905} ERROR - Task failed with exception
Traceback (most recent call last):
  File "/home/airflow/.local/lib/python3.9/site-packages/airflow/models/taskinstance.py", line 465, in _execute_task
    result = _execute_callable(context=context, **execute_callable_kwargs)
  File "/home/airflow/.local/lib/python3.9/site-packages/airflow/models/taskinstance.py", line 432, in _execute_callable
    return execute_callable(context=context, **execute_callable_kwargs)
  File "/home/airflow/.local/lib/python3.9/site-packages/airflow/models/baseoperator.py", line 400, in wrapper
    return func(self, *args, **kwargs)
  File "/home/airflow/.local/lib/python3.9/site-packages/airflow/operators/bash.py", line 243, in execute
    raise AirflowException(
airflow.exceptions.AirflowException: Bash command failed. The command returned a non-zero exit code 2.
[2025-08-08T02:26:38.485+0000] {taskinstance.py:1206} INFO - Marking task as FAILED. dag_id=climate_data, task_id=create_folder, run_id=scheduled__2023-09-18T00:00:00+00:00, execution_date=20230918T000000, start_date=20250808T022638, end_date=20250808T022638
[2025-08-08T02:26:38.497+0000] {standard_task_runner.py:110} ERROR - Failed to execute job 85 for task create_folder (Bash command failed. The command returned a non-zero exit code 2.; 447)
[2025-08-08T02:26:38.531+0000] {local_task_job_runner.py:240} INFO - Task exited with return code 1
[2025-08-08T02:26:38.540+0000] {local_task_job_runner.py:222} INFO - ::endgroup::
[2025-08-08T02:34:57.447+0000] {local_task_job_runner.py:120} INFO - ::group::Pre task execution logs
[2025-08-08T02:34:57.467+0000] {taskinstance.py:2076} INFO - Dependencies all met for dep_context=non-requeueable deps ti=<TaskInstance: climate_data.create_folder scheduled__2023-09-18T00:00:00+00:00 [queued]>
[2025-08-08T02:34:57.474+0000] {taskinstance.py:2076} INFO - Dependencies all met for dep_context=requeueable deps ti=<TaskInstance: climate_data.create_folder scheduled__2023-09-18T00:00:00+00:00 [queued]>
[2025-08-08T02:34:57.475+0000] {taskinstance.py:2306} INFO - Starting attempt 1 of 1
[2025-08-08T02:34:57.517+0000] {taskinstance.py:2330} INFO - Executing <Task(BashOperator): create_folder> on 2023-09-18 00:00:00+00:00
[2025-08-08T02:34:57.521+0000] {standard_task_runner.py:63} INFO - Started process 496 to run task
[2025-08-08T02:34:57.524+0000] {standard_task_runner.py:90} INFO - Running: ['***', 'tasks', 'run', 'climate_data', 'create_folder', 'scheduled__2023-09-18T00:00:00+00:00', '--job-id', '240', '--raw', '--subdir', 'DAGS_FOLDER/climate_data.py', '--cfg-path', '/tmp/tmprl8d3rig']
[2025-08-08T02:34:57.526+0000] {standard_task_runner.py:91} INFO - Job 240: Subtask create_folder
[2025-08-08T02:34:57.541+0000] {logging_mixin.py:188} WARNING - /home/***/.local/lib/python3.9/site-packages/***/settings.py:195 DeprecationWarning: The sql_alchemy_conn option in [core] has been moved to the sql_alchemy_conn option in [database] - the old setting has been used, but please update your config.
[2025-08-08T02:34:57.586+0000] {task_command.py:426} INFO - Running <TaskInstance: climate_data.create_folder scheduled__2023-09-18T00:00:00+00:00 [running]> on host 1a6f5acf67f4
[2025-08-08T02:34:57.654+0000] {taskinstance.py:2648} INFO - Exporting env vars: AIRFLOW_CTX_DAG_OWNER='***' AIRFLOW_CTX_DAG_ID='climate_data' AIRFLOW_CTX_TASK_ID='create_folder' AIRFLOW_CTX_EXECUTION_DATE='2023-09-18T00:00:00+00:00' AIRFLOW_CTX_TRY_NUMBER='1' AIRFLOW_CTX_DAG_RUN_ID='scheduled__2023-09-18T00:00:00+00:00'
[2025-08-08T02:34:57.655+0000] {taskinstance.py:430} INFO - ::endgroup::
[2025-08-08T02:34:57.663+0000] {subprocess.py:63} INFO - Tmp dir root location: /tmp
[2025-08-08T02:34:57.664+0000] {subprocess.py:75} INFO - Running command: ['/usr/bin/bash', '-c', 'mkdir -p /home/***/host_documents/week2023-09-25"']
[2025-08-08T02:34:57.672+0000] {subprocess.py:86} INFO - Output:
[2025-08-08T02:34:57.673+0000] {subprocess.py:93} INFO - /usr/bin/bash: -c: line 1: unexpected EOF while looking for matching `"'
[2025-08-08T02:34:57.674+0000] {subprocess.py:97} INFO - Command exited with return code 2
[2025-08-08T02:34:57.675+0000] {taskinstance.py:441} INFO - ::group::Post task execution logs
[2025-08-08T02:34:57.684+0000] {taskinstance.py:2905} ERROR - Task failed with exception
Traceback (most recent call last):
  File "/home/airflow/.local/lib/python3.9/site-packages/airflow/models/taskinstance.py", line 465, in _execute_task
    result = _execute_callable(context=context, **execute_callable_kwargs)
  File "/home/airflow/.local/lib/python3.9/site-packages/airflow/models/taskinstance.py", line 432, in _execute_callable
    return execute_callable(context=context, **execute_callable_kwargs)
  File "/home/airflow/.local/lib/python3.9/site-packages/airflow/models/baseoperator.py", line 400, in wrapper
    return func(self, *args, **kwargs)
  File "/home/airflow/.local/lib/python3.9/site-packages/airflow/operators/bash.py", line 243, in execute
    raise AirflowException(
airflow.exceptions.AirflowException: Bash command failed. The command returned a non-zero exit code 2.
[2025-08-08T02:34:57.686+0000] {taskinstance.py:1206} INFO - Marking task as FAILED. dag_id=climate_data, task_id=create_folder, run_id=scheduled__2023-09-18T00:00:00+00:00, execution_date=20230918T000000, start_date=20250808T023457, end_date=20250808T023457
[2025-08-08T02:34:57.695+0000] {standard_task_runner.py:110} ERROR - Failed to execute job 240 for task create_folder (Bash command failed. The command returned a non-zero exit code 2.; 496)
[2025-08-08T02:34:57.737+0000] {local_task_job_runner.py:240} INFO - Task exited with return code 1
[2025-08-08T02:34:57.743+0000] {local_task_job_runner.py:222} INFO - ::endgroup::
[2025-08-08T02:39:29.693+0000] {local_task_job_runner.py:120} INFO - ::group::Pre task execution logs
[2025-08-08T02:39:29.721+0000] {taskinstance.py:2076} INFO - Dependencies all met for dep_context=non-requeueable deps ti=<TaskInstance: climate_data.create_folder scheduled__2023-09-18T00:00:00+00:00 [queued]>
[2025-08-08T02:39:29.734+0000] {taskinstance.py:2076} INFO - Dependencies all met for dep_context=requeueable deps ti=<TaskInstance: climate_data.create_folder scheduled__2023-09-18T00:00:00+00:00 [queued]>
[2025-08-08T02:39:29.735+0000] {taskinstance.py:2306} INFO - Starting attempt 1 of 1
[2025-08-08T02:39:29.810+0000] {taskinstance.py:2330} INFO - Executing <Task(BashOperator): create_folder> on 2023-09-18 00:00:00+00:00
[2025-08-08T02:39:29.816+0000] {standard_task_runner.py:63} INFO - Started process 1411 to run task
[2025-08-08T02:39:29.819+0000] {standard_task_runner.py:90} INFO - Running: ['***', 'tasks', 'run', 'climate_data', 'create_folder', 'scheduled__2023-09-18T00:00:00+00:00', '--job-id', '444', '--raw', '--subdir', 'DAGS_FOLDER/climate_data.py', '--cfg-path', '/tmp/tmpt_8bqg2o']
[2025-08-08T02:39:29.823+0000] {standard_task_runner.py:91} INFO - Job 444: Subtask create_folder
[2025-08-08T02:39:29.839+0000] {logging_mixin.py:188} WARNING - /home/***/.local/lib/python3.9/site-packages/***/settings.py:195 DeprecationWarning: The sql_alchemy_conn option in [core] has been moved to the sql_alchemy_conn option in [database] - the old setting has been used, but please update your config.
[2025-08-08T02:39:29.889+0000] {task_command.py:426} INFO - Running <TaskInstance: climate_data.create_folder scheduled__2023-09-18T00:00:00+00:00 [running]> on host 1a6f5acf67f4
[2025-08-08T02:39:29.965+0000] {taskinstance.py:2648} INFO - Exporting env vars: AIRFLOW_CTX_DAG_OWNER='***' AIRFLOW_CTX_DAG_ID='climate_data' AIRFLOW_CTX_TASK_ID='create_folder' AIRFLOW_CTX_EXECUTION_DATE='2023-09-18T00:00:00+00:00' AIRFLOW_CTX_TRY_NUMBER='1' AIRFLOW_CTX_DAG_RUN_ID='scheduled__2023-09-18T00:00:00+00:00'
[2025-08-08T02:39:29.967+0000] {taskinstance.py:430} INFO - ::endgroup::
[2025-08-08T02:39:29.978+0000] {subprocess.py:63} INFO - Tmp dir root location: /tmp
[2025-08-08T02:39:29.980+0000] {subprocess.py:75} INFO - Running command: ['/usr/bin/bash', '-c', 'mkdir -p /home/***/host_documents/week2023-09-25']
[2025-08-08T02:39:29.990+0000] {subprocess.py:86} INFO - Output:
[2025-08-08T02:39:29.997+0000] {subprocess.py:97} INFO - Command exited with return code 0
[2025-08-08T02:39:29.998+0000] {taskinstance.py:441} INFO - ::group::Post task execution logs
[2025-08-08T02:39:30.025+0000] {taskinstance.py:1206} INFO - Marking task as SUCCESS. dag_id=climate_data, task_id=create_folder, run_id=scheduled__2023-09-18T00:00:00+00:00, execution_date=20230918T000000, start_date=20250808T023929, end_date=20250808T023930
[2025-08-08T02:39:30.112+0000] {local_task_job_runner.py:240} INFO - Task exited with return code 0
[2025-08-08T02:39:30.139+0000] {taskinstance.py:3498} INFO - 1 downstream tasks scheduled from follow-on schedule check
[2025-08-08T02:39:30.141+0000] {local_task_job_runner.py:222} INFO - ::endgroup::
[2025-08-08T02:42:28.348+0000] {local_task_job_runner.py:120} INFO - ::group::Pre task execution logs
[2025-08-08T02:42:28.374+0000] {taskinstance.py:2076} INFO - Dependencies all met for dep_context=non-requeueable deps ti=<TaskInstance: climate_data.create_folder scheduled__2023-09-18T00:00:00+00:00 [queued]>
[2025-08-08T02:42:28.384+0000] {taskinstance.py:2076} INFO - Dependencies all met for dep_context=requeueable deps ti=<TaskInstance: climate_data.create_folder scheduled__2023-09-18T00:00:00+00:00 [queued]>
[2025-08-08T02:42:28.384+0000] {taskinstance.py:2306} INFO - Starting attempt 1 of 1
[2025-08-08T02:42:28.463+0000] {taskinstance.py:2330} INFO - Executing <Task(BashOperator): create_folder> on 2023-09-18 00:00:00+00:00
[2025-08-08T02:42:28.469+0000] {standard_task_runner.py:63} INFO - Started process 2581 to run task
[2025-08-08T02:42:28.474+0000] {standard_task_runner.py:90} INFO - Running: ['***', 'tasks', 'run', 'climate_data', 'create_folder', 'scheduled__2023-09-18T00:00:00+00:00', '--job-id', '752', '--raw', '--subdir', 'DAGS_FOLDER/climate_data.py', '--cfg-path', '/tmp/tmp5dkc5h8k']
[2025-08-08T02:42:28.476+0000] {standard_task_runner.py:91} INFO - Job 752: Subtask create_folder
[2025-08-08T02:42:28.496+0000] {logging_mixin.py:188} WARNING - /home/***/.local/lib/python3.9/site-packages/***/settings.py:195 DeprecationWarning: The sql_alchemy_conn option in [core] has been moved to the sql_alchemy_conn option in [database] - the old setting has been used, but please update your config.
[2025-08-08T02:42:28.550+0000] {task_command.py:426} INFO - Running <TaskInstance: climate_data.create_folder scheduled__2023-09-18T00:00:00+00:00 [running]> on host 1a6f5acf67f4
[2025-08-08T02:42:28.625+0000] {taskinstance.py:2648} INFO - Exporting env vars: AIRFLOW_CTX_DAG_OWNER='***' AIRFLOW_CTX_DAG_ID='climate_data' AIRFLOW_CTX_TASK_ID='create_folder' AIRFLOW_CTX_EXECUTION_DATE='2023-09-18T00:00:00+00:00' AIRFLOW_CTX_TRY_NUMBER='1' AIRFLOW_CTX_DAG_RUN_ID='scheduled__2023-09-18T00:00:00+00:00'
[2025-08-08T02:42:28.626+0000] {taskinstance.py:430} INFO - ::endgroup::
[2025-08-08T02:42:28.640+0000] {subprocess.py:63} INFO - Tmp dir root location: /tmp
[2025-08-08T02:42:28.642+0000] {subprocess.py:75} INFO - Running command: ['/usr/bin/bash', '-c', 'mkdir -p "/home/***/host_documents/week2023-09-25"']
[2025-08-08T02:42:28.653+0000] {subprocess.py:86} INFO - Output:
[2025-08-08T02:42:28.657+0000] {subprocess.py:97} INFO - Command exited with return code 0
[2025-08-08T02:42:28.659+0000] {taskinstance.py:441} INFO - ::group::Post task execution logs
[2025-08-08T02:42:28.683+0000] {taskinstance.py:1206} INFO - Marking task as SUCCESS. dag_id=climate_data, task_id=create_folder, run_id=scheduled__2023-09-18T00:00:00+00:00, execution_date=20230918T000000, start_date=20250808T024228, end_date=20250808T024228
[2025-08-08T02:42:28.809+0000] {local_task_job_runner.py:240} INFO - Task exited with return code 0
[2025-08-08T02:42:28.818+0000] {local_task_job_runner.py:222} INFO - ::endgroup::
