[2025-08-07T20:41:26.563+0000] {manager.py:470} INFO - Processing files using up to 2 processes at a time 
[2025-08-07T20:41:26.564+0000] {manager.py:471} INFO - Process each file at most once every 30 seconds
[2025-08-07T20:41:26.565+0000] {manager.py:472} INFO - Checking for new files in /opt/airflow/dags every 300 seconds
[2025-08-07T20:41:26.566+0000] {manager.py:737} INFO - Searching for files in /opt/airflow/dags
[2025-08-07T20:41:26.570+0000] {manager.py:740} INFO - There are 0 files in /opt/airflow/dags
[2025-08-07T20:42:02.282+0000] {manager.py:452} INFO - Exiting gracefully upon receiving signal 15
[2025-08-07T20:43:06.807+0000] {manager.py:470} INFO - Processing files using up to 2 processes at a time 
[2025-08-07T20:43:06.808+0000] {manager.py:471} INFO - Process each file at most once every 30 seconds
[2025-08-07T20:43:06.810+0000] {manager.py:472} INFO - Checking for new files in /opt/airflow/dags every 300 seconds
[2025-08-07T20:43:06.811+0000] {manager.py:737} INFO - Searching for files in /opt/airflow/dags
[2025-08-07T20:43:06.816+0000] {manager.py:740} INFO - There are 0 files in /opt/airflow/dags
[2025-08-07T20:43:35.090+0000] {manager.py:452} INFO - Exiting gracefully upon receiving signal 15
[2025-08-07T20:45:56.470+0000] {manager.py:470} INFO - Processing files using up to 2 processes at a time 
[2025-08-07T20:45:56.474+0000] {manager.py:471} INFO - Process each file at most once every 30 seconds
[2025-08-07T20:45:56.475+0000] {manager.py:472} INFO - Checking for new files in /opt/airflow/dags every 300 seconds
[2025-08-07T20:45:56.478+0000] {manager.py:737} INFO - Searching for files in /opt/airflow/dags
[2025-08-07T20:45:56.483+0000] {manager.py:740} INFO - There are 0 files in /opt/airflow/dags
[2025-08-07T20:50:56.572+0000] {manager.py:737} INFO - Searching for files in /opt/airflow/dags
[2025-08-07T20:50:56.575+0000] {manager.py:740} INFO - There are 0 files in /opt/airflow/dags
[2025-08-07T20:55:56.664+0000] {manager.py:737} INFO - Searching for files in /opt/airflow/dags
[2025-08-07T20:55:56.666+0000] {manager.py:740} INFO - There are 0 files in /opt/airflow/dags
[2025-08-07T21:00:56.735+0000] {manager.py:737} INFO - Searching for files in /opt/airflow/dags
[2025-08-07T21:00:56.738+0000] {manager.py:740} INFO - There are 0 files in /opt/airflow/dags
[2025-08-07T21:05:56.787+0000] {manager.py:737} INFO - Searching for files in /opt/airflow/dags
[2025-08-07T21:05:56.790+0000] {manager.py:740} INFO - There are 0 files in /opt/airflow/dags
[2025-08-07T21:10:56.808+0000] {manager.py:737} INFO - Searching for files in /opt/airflow/dags
[2025-08-07T21:10:56.810+0000] {manager.py:740} INFO - There are 0 files in /opt/airflow/dags
[2025-08-07T21:15:56.863+0000] {manager.py:737} INFO - Searching for files in /opt/airflow/dags
[2025-08-07T21:15:56.868+0000] {manager.py:740} INFO - There are 0 files in /opt/airflow/dags
[2025-08-07T21:20:56.939+0000] {manager.py:737} INFO - Searching for files in /opt/airflow/dags
[2025-08-07T21:20:56.950+0000] {manager.py:740} INFO - There are 1 files in /opt/airflow/dags
[2025-08-07T21:21:04.020+0000] {manager.py:878} INFO - 
================================================================================
DAG File Processing Stats

File Path                      PID    Runtime      # DAGs    # Errors  Last Runtime    Last Run
-----------------------------  -----  ---------  --------  ----------  --------------  -------------------
/opt/airflow/dags/firstdag.py                           0           1  0.06s           2025-08-07T21:20:57
================================================================================
[2025-08-07T21:21:34.156+0000] {manager.py:878} INFO - 
================================================================================
DAG File Processing Stats

File Path                      PID    Runtime      # DAGs    # Errors  Last Runtime    Last Run
-----------------------------  -----  ---------  --------  ----------  --------------  -------------------
/opt/airflow/dags/firstdag.py                           0           1  0.05s           2025-08-07T21:21:27
================================================================================
[2025-08-07T21:22:04.320+0000] {manager.py:878} INFO - 
================================================================================
DAG File Processing Stats

File Path                      PID    Runtime      # DAGs    # Errors  Last Runtime    Last Run
-----------------------------  -----  ---------  --------  ----------  --------------  -------------------
/opt/airflow/dags/firstdag.py                           0           1  0.05s           2025-08-07T21:21:57
================================================================================
[2025-08-07T21:22:34.476+0000] {manager.py:878} INFO - 
================================================================================
DAG File Processing Stats

File Path                      PID    Runtime      # DAGs    # Errors  Last Runtime    Last Run
-----------------------------  -----  ---------  --------  ----------  --------------  -------------------
/opt/airflow/dags/firstdag.py                           0           1  0.05s           2025-08-07T21:22:27
================================================================================
[2025-08-07T21:23:04.663+0000] {manager.py:878} INFO - 
================================================================================
DAG File Processing Stats

File Path                      PID    Runtime      # DAGs    # Errors  Last Runtime    Last Run
-----------------------------  -----  ---------  --------  ----------  --------------  -------------------
/opt/airflow/dags/firstdag.py                           0           1  0.05s           2025-08-07T21:22:57
================================================================================
[2025-08-07T21:23:34.825+0000] {manager.py:878} INFO - 
================================================================================
DAG File Processing Stats

File Path                      PID    Runtime      # DAGs    # Errors  Last Runtime    Last Run
-----------------------------  -----  ---------  --------  ----------  --------------  -------------------
/opt/airflow/dags/firstdag.py                           0           1  0.05s           2025-08-07T21:23:27
================================================================================
[2025-08-07T21:24:05.008+0000] {manager.py:878} INFO - 
================================================================================
DAG File Processing Stats

File Path                      PID    Runtime      # DAGs    # Errors  Last Runtime    Last Run
-----------------------------  -----  ---------  --------  ----------  --------------  -------------------
/opt/airflow/dags/firstdag.py                           0           1  0.05s           2025-08-07T21:23:58
================================================================================
[2025-08-07T21:24:35.160+0000] {manager.py:878} INFO - 
================================================================================
DAG File Processing Stats

File Path                      PID    Runtime      # DAGs    # Errors  Last Runtime    Last Run
-----------------------------  -----  ---------  --------  ----------  --------------  -------------------
/opt/airflow/dags/firstdag.py                           0           1  0.05s           2025-08-07T21:24:28
================================================================================
[2025-08-07T21:25:05.312+0000] {manager.py:878} INFO - 
================================================================================
DAG File Processing Stats

File Path                      PID    Runtime      # DAGs    # Errors  Last Runtime    Last Run
-----------------------------  -----  ---------  --------  ----------  --------------  -------------------
/opt/airflow/dags/firstdag.py                           0           1  0.05s           2025-08-07T21:24:58
================================================================================
[2025-08-07T21:25:35.474+0000] {manager.py:878} INFO - 
================================================================================
DAG File Processing Stats

File Path                      PID    Runtime      # DAGs    # Errors  Last Runtime    Last Run
-----------------------------  -----  ---------  --------  ----------  --------------  -------------------
/opt/airflow/dags/firstdag.py                           0           1  0.05s           2025-08-07T21:25:28
================================================================================
[2025-08-07T21:25:57.582+0000] {manager.py:737} INFO - Searching for files in /opt/airflow/dags
[2025-08-07T21:25:57.587+0000] {manager.py:740} INFO - There are 1 files in /opt/airflow/dags
[2025-08-07T21:26:05.639+0000] {manager.py:878} INFO - 
================================================================================
DAG File Processing Stats

File Path                      PID    Runtime      # DAGs    # Errors  Last Runtime    Last Run
-----------------------------  -----  ---------  --------  ----------  --------------  -------------------
/opt/airflow/dags/firstdag.py                           0           1  0.05s           2025-08-07T21:25:58
================================================================================
[2025-08-07T21:26:35.811+0000] {manager.py:878} INFO - 
================================================================================
DAG File Processing Stats

File Path                      PID    Runtime      # DAGs    # Errors  Last Runtime    Last Run
-----------------------------  -----  ---------  --------  ----------  --------------  -------------------
/opt/airflow/dags/firstdag.py                           0           1  0.05s           2025-08-07T21:26:28
================================================================================
[2025-08-07T21:27:05.989+0000] {manager.py:878} INFO - 
================================================================================
DAG File Processing Stats

File Path                      PID    Runtime      # DAGs    # Errors  Last Runtime    Last Run
-----------------------------  -----  ---------  --------  ----------  --------------  -------------------
/opt/airflow/dags/firstdag.py                           0           1  0.05s           2025-08-07T21:26:58
================================================================================
[2025-08-07T21:27:36.142+0000] {manager.py:878} INFO - 
================================================================================
DAG File Processing Stats

File Path                      PID    Runtime      # DAGs    # Errors  Last Runtime    Last Run
-----------------------------  -----  ---------  --------  ----------  --------------  -------------------
/opt/airflow/dags/firstdag.py                           0           1  0.05s           2025-08-07T21:27:29
================================================================================
[2025-08-07T21:28:06.297+0000] {manager.py:878} INFO - 
================================================================================
DAG File Processing Stats

File Path                      PID    Runtime      # DAGs    # Errors  Last Runtime    Last Run
-----------------------------  -----  ---------  --------  ----------  --------------  -------------------
/opt/airflow/dags/firstdag.py                           0           1  0.05s           2025-08-07T21:27:59
================================================================================
[2025-08-07T21:28:36.461+0000] {manager.py:878} INFO - 
================================================================================
DAG File Processing Stats

File Path                      PID    Runtime      # DAGs    # Errors  Last Runtime    Last Run
-----------------------------  -----  ---------  --------  ----------  --------------  -------------------
/opt/airflow/dags/firstdag.py                           0           1  0.04s           2025-08-07T21:28:29
================================================================================
[2025-08-07T21:29:06.630+0000] {manager.py:878} INFO - 
================================================================================
DAG File Processing Stats

File Path                      PID    Runtime      # DAGs    # Errors  Last Runtime    Last Run
-----------------------------  -----  ---------  --------  ----------  --------------  -------------------
/opt/airflow/dags/firstdag.py                           0           1  0.04s           2025-08-07T21:28:59
================================================================================
[2025-08-07T21:29:36.825+0000] {manager.py:878} INFO - 
================================================================================
DAG File Processing Stats

File Path                      PID    Runtime      # DAGs    # Errors  Last Runtime    Last Run
-----------------------------  -----  ---------  --------  ----------  --------------  -------------------
/opt/airflow/dags/firstdag.py                           0           1  0.04s           2025-08-07T21:29:29
================================================================================
[2025-08-07T21:30:06.977+0000] {manager.py:878} INFO - 
================================================================================
DAG File Processing Stats

File Path                      PID    Runtime      # DAGs    # Errors  Last Runtime    Last Run
-----------------------------  -----  ---------  --------  ----------  --------------  -------------------
/opt/airflow/dags/firstdag.py                           0           1  0.06s           2025-08-07T21:29:59
================================================================================
[2025-08-07T21:30:37.131+0000] {manager.py:878} INFO - 
================================================================================
DAG File Processing Stats

File Path                      PID    Runtime      # DAGs    # Errors  Last Runtime    Last Run
-----------------------------  -----  ---------  --------  ----------  --------------  -------------------
/opt/airflow/dags/firstdag.py                           0           1  0.05s           2025-08-07T21:30:30
================================================================================
[2025-08-07T21:30:58.214+0000] {manager.py:737} INFO - Searching for files in /opt/airflow/dags
[2025-08-07T21:30:58.219+0000] {manager.py:740} INFO - There are 1 files in /opt/airflow/dags
[2025-08-07T21:31:07.283+0000] {manager.py:878} INFO - 
================================================================================
DAG File Processing Stats

File Path                      PID    Runtime      # DAGs    # Errors  Last Runtime    Last Run
-----------------------------  -----  ---------  --------  ----------  --------------  -------------------
/opt/airflow/dags/firstdag.py                           0           1  0.05s           2025-08-07T21:31:00
================================================================================
[2025-08-07T21:31:37.436+0000] {manager.py:878} INFO - 
================================================================================
DAG File Processing Stats

File Path                      PID    Runtime      # DAGs    # Errors  Last Runtime    Last Run
-----------------------------  -----  ---------  --------  ----------  --------------  -------------------
/opt/airflow/dags/firstdag.py                           0           1  0.05s           2025-08-07T21:31:30
================================================================================
[2025-08-07T21:32:07.623+0000] {manager.py:878} INFO - 
================================================================================
DAG File Processing Stats

File Path                      PID    Runtime      # DAGs    # Errors  Last Runtime    Last Run
-----------------------------  -----  ---------  --------  ----------  --------------  -------------------
/opt/airflow/dags/firstdag.py                           0           1  0.05s           2025-08-07T21:32:00
================================================================================
[2025-08-07T21:32:37.804+0000] {manager.py:878} INFO - 
================================================================================
DAG File Processing Stats

File Path                      PID    Runtime      # DAGs    # Errors  Last Runtime    Last Run
-----------------------------  -----  ---------  --------  ----------  --------------  -------------------
/opt/airflow/dags/firstdag.py                           0           1  0.05s           2025-08-07T21:32:30
================================================================================
[2025-08-07T21:33:07.972+0000] {manager.py:878} INFO - 
================================================================================
DAG File Processing Stats

File Path                      PID    Runtime      # DAGs    # Errors  Last Runtime    Last Run
-----------------------------  -----  ---------  --------  ----------  --------------  -------------------
/opt/airflow/dags/firstdag.py                           0           1  0.05s           2025-08-07T21:33:00
================================================================================
[2025-08-07T21:33:38.120+0000] {manager.py:878} INFO - 
================================================================================
DAG File Processing Stats

File Path                      PID    Runtime      # DAGs    # Errors  Last Runtime    Last Run
-----------------------------  -----  ---------  --------  ----------  --------------  -------------------
/opt/airflow/dags/firstdag.py                           0           1  0.05s           2025-08-07T21:33:31
================================================================================
[2025-08-07T21:34:08.283+0000] {manager.py:878} INFO - 
================================================================================
DAG File Processing Stats

File Path                      PID    Runtime      # DAGs    # Errors  Last Runtime    Last Run
-----------------------------  -----  ---------  --------  ----------  --------------  -------------------
/opt/airflow/dags/firstdag.py                           0           1  0.09s           2025-08-07T21:34:01
================================================================================
[2025-08-07T21:34:38.427+0000] {manager.py:878} INFO - 
================================================================================
DAG File Processing Stats

File Path                      PID    Runtime      # DAGs    # Errors  Last Runtime    Last Run
-----------------------------  -----  ---------  --------  ----------  --------------  -------------------
/opt/airflow/dags/firstdag.py                           0           1  0.05s           2025-08-07T21:34:31
================================================================================
[2025-08-07T21:35:08.581+0000] {manager.py:878} INFO - 
================================================================================
DAG File Processing Stats

File Path                      PID    Runtime      # DAGs    # Errors  Last Runtime    Last Run
-----------------------------  -----  ---------  --------  ----------  --------------  -------------------
/opt/airflow/dags/firstdag.py                           0           1  0.05s           2025-08-07T21:35:01
================================================================================
[2025-08-07T21:35:38.747+0000] {manager.py:878} INFO - 
================================================================================
DAG File Processing Stats

File Path                      PID    Runtime      # DAGs    # Errors  Last Runtime    Last Run
-----------------------------  -----  ---------  --------  ----------  --------------  -------------------
/opt/airflow/dags/firstdag.py                           0           1  0.05s           2025-08-07T21:35:31
================================================================================
[2025-08-07T21:35:58.836+0000] {manager.py:737} INFO - Searching for files in /opt/airflow/dags
[2025-08-07T21:35:58.841+0000] {manager.py:740} INFO - There are 1 files in /opt/airflow/dags
[2025-08-07T21:36:08.916+0000] {manager.py:878} INFO - 
================================================================================
DAG File Processing Stats

File Path                      PID    Runtime      # DAGs    # Errors  Last Runtime    Last Run
-----------------------------  -----  ---------  --------  ----------  --------------  -------------------
/opt/airflow/dags/firstdag.py                           0           1  0.05s           2025-08-07T21:36:01
================================================================================
[2025-08-07T21:36:39.072+0000] {manager.py:878} INFO - 
================================================================================
DAG File Processing Stats

File Path                      PID    Runtime      # DAGs    # Errors  Last Runtime    Last Run
-----------------------------  -----  ---------  --------  ----------  --------------  -------------------
/opt/airflow/dags/firstdag.py                           0           1  0.05s           2025-08-07T21:36:32
================================================================================
[2025-08-08T01:08:07.935+0000] {manager.py:470} INFO - Processing files using up to 2 processes at a time 
[2025-08-08T01:08:07.937+0000] {manager.py:471} INFO - Process each file at most once every 30 seconds
[2025-08-08T01:08:07.944+0000] {manager.py:472} INFO - Checking for new files in /opt/airflow/dags every 300 seconds
[2025-08-08T01:08:07.945+0000] {manager.py:737} INFO - Searching for files in /opt/airflow/dags
[2025-08-08T01:08:07.989+0000] {manager.py:740} INFO - There are 2 files in /opt/airflow/dags
[2025-08-08T01:08:08.152+0000] {manager.py:878} INFO - 
================================================================================
DAG File Processing Stats

File Path                               PID  Runtime      # DAGs    # Errors  Last Runtime    Last Run
------------------------------------  -----  ---------  --------  ----------  --------------  ----------
/opt/airflow/dags/firstdag - Copy.py    180  0.08s             0           0
/opt/airflow/dags/firstdag.py           183  0.06s             0           0
================================================================================
[2025-08-08T01:08:38.352+0000] {manager.py:878} INFO - 
================================================================================
DAG File Processing Stats

File Path                               PID  Runtime      # DAGs    # Errors  Last Runtime    Last Run
------------------------------------  -----  ---------  --------  ----------  --------------  -------------------
/opt/airflow/dags/firstdag - Copy.py    190  0.01s             0           1  0.21s           2025-08-08T01:08:08
/opt/airflow/dags/firstdag.py           193  0.00s             0           1  0.20s           2025-08-08T01:08:08
================================================================================
[2025-08-08T01:08:44.379+0000] {manager.py:1128} WARNING - Skipping processing of missing file: /opt/airflow/dags/firstdag - Copy.py
[2025-08-08T01:09:08.488+0000] {manager.py:878} INFO - 
================================================================================
DAG File Processing Stats

File Path                        PID  Runtime      # DAGs    # Errors  Last Runtime    Last Run
-----------------------------  -----  ---------  --------  ----------  --------------  -------------------
/opt/airflow/dags/firstdag.py    200  0.00s             0           1  0.05s           2025-08-08T01:08:38
================================================================================
[2025-08-08T01:09:38.639+0000] {manager.py:878} INFO - 
================================================================================
DAG File Processing Stats

File Path                        PID  Runtime      # DAGs    # Errors  Last Runtime    Last Run
-----------------------------  -----  ---------  --------  ----------  --------------  -------------------
/opt/airflow/dags/firstdag.py    205  0.00s             0           1  0.05s           2025-08-08T01:09:08
================================================================================
[2025-08-08T01:10:08.779+0000] {manager.py:878} INFO - 
================================================================================
DAG File Processing Stats

File Path                        PID  Runtime      # DAGs    # Errors  Last Runtime    Last Run
-----------------------------  -----  ---------  --------  ----------  --------------  -------------------
/opt/airflow/dags/firstdag.py    210  0.00s             0           1  0.05s           2025-08-08T01:09:38
================================================================================
[2025-08-08T01:10:38.927+0000] {manager.py:878} INFO - 
================================================================================
DAG File Processing Stats

File Path                        PID  Runtime      # DAGs    # Errors  Last Runtime    Last Run
-----------------------------  -----  ---------  --------  ----------  --------------  -------------------
/opt/airflow/dags/firstdag.py    215  0.00s             0           1  0.05s           2025-08-08T01:10:08
================================================================================
[2025-08-08T01:11:09.071+0000] {manager.py:878} INFO - 
================================================================================
DAG File Processing Stats

File Path                        PID  Runtime      # DAGs    # Errors  Last Runtime    Last Run
-----------------------------  -----  ---------  --------  ----------  --------------  -------------------
/opt/airflow/dags/firstdag.py    220  0.00s             0           1  0.05s           2025-08-08T01:10:38
================================================================================
[2025-08-08T01:11:39.198+0000] {manager.py:878} INFO - 
================================================================================
DAG File Processing Stats

File Path                        PID  Runtime      # DAGs    # Errors  Last Runtime    Last Run
-----------------------------  -----  ---------  --------  ----------  --------------  -------------------
/opt/airflow/dags/firstdag.py    225  0.00s             0           1  0.05s           2025-08-08T01:11:09
================================================================================
[2025-08-08T01:12:09.349+0000] {manager.py:878} INFO - 
================================================================================
DAG File Processing Stats

File Path                        PID  Runtime      # DAGs    # Errors  Last Runtime    Last Run
-----------------------------  -----  ---------  --------  ----------  --------------  -------------------
/opt/airflow/dags/firstdag.py    230  0.00s             0           1  0.04s           2025-08-08T01:11:39
================================================================================
[2025-08-08T01:12:39.489+0000] {manager.py:878} INFO - 
================================================================================
DAG File Processing Stats

File Path                        PID  Runtime      # DAGs    # Errors  Last Runtime    Last Run
-----------------------------  -----  ---------  --------  ----------  --------------  -------------------
/opt/airflow/dags/firstdag.py    235  0.00s             0           1  0.05s           2025-08-08T01:12:09
================================================================================
[2025-08-08T01:13:08.614+0000] {manager.py:737} INFO - Searching for files in /opt/airflow/dags
[2025-08-08T01:13:08.619+0000] {manager.py:740} INFO - There are 1 files in /opt/airflow/dags
[2025-08-08T01:13:09.654+0000] {manager.py:878} INFO - 
================================================================================
DAG File Processing Stats

File Path                        PID  Runtime      # DAGs    # Errors  Last Runtime    Last Run
-----------------------------  -----  ---------  --------  ----------  --------------  -------------------
/opt/airflow/dags/firstdag.py    240  0.00s             0           1  0.05s           2025-08-08T01:12:39
================================================================================
[2025-08-08T01:13:39.807+0000] {manager.py:878} INFO - 
================================================================================
DAG File Processing Stats

File Path                        PID  Runtime      # DAGs    # Errors  Last Runtime    Last Run
-----------------------------  -----  ---------  --------  ----------  --------------  -------------------
/opt/airflow/dags/firstdag.py    245  0.00s             0           1  0.05s           2025-08-08T01:13:09
================================================================================
[2025-08-08T01:14:09.974+0000] {manager.py:878} INFO - 
================================================================================
DAG File Processing Stats

File Path                        PID  Runtime      # DAGs    # Errors  Last Runtime    Last Run
-----------------------------  -----  ---------  --------  ----------  --------------  -------------------
/opt/airflow/dags/firstdag.py    250  0.00s             0           1  0.05s           2025-08-08T01:13:39
================================================================================
[2025-08-08T01:14:40.127+0000] {manager.py:878} INFO - 
================================================================================
DAG File Processing Stats

File Path                        PID  Runtime      # DAGs    # Errors  Last Runtime    Last Run
-----------------------------  -----  ---------  --------  ----------  --------------  -------------------
/opt/airflow/dags/firstdag.py    255  0.00s             0           1  0.05s           2025-08-08T01:14:10
================================================================================
[2025-08-08T01:15:10.295+0000] {manager.py:878} INFO - 
================================================================================
DAG File Processing Stats

File Path                        PID  Runtime      # DAGs    # Errors  Last Runtime    Last Run
-----------------------------  -----  ---------  --------  ----------  --------------  -------------------
/opt/airflow/dags/firstdag.py    260  0.00s             0           1  0.05s           2025-08-08T01:14:40
================================================================================
[2025-08-08T01:15:40.434+0000] {manager.py:878} INFO - 
================================================================================
DAG File Processing Stats

File Path                        PID  Runtime      # DAGs    # Errors  Last Runtime    Last Run
-----------------------------  -----  ---------  --------  ----------  --------------  -------------------
/opt/airflow/dags/firstdag.py    265  0.00s             0           1  0.05s           2025-08-08T01:15:10
================================================================================
[2025-08-08T01:16:10.578+0000] {manager.py:878} INFO - 
================================================================================
DAG File Processing Stats

File Path                        PID  Runtime      # DAGs    # Errors  Last Runtime    Last Run
-----------------------------  -----  ---------  --------  ----------  --------------  -------------------
/opt/airflow/dags/firstdag.py    270  0.00s             0           1  0.05s           2025-08-08T01:15:40
================================================================================
[2025-08-08T01:16:40.712+0000] {manager.py:878} INFO - 
================================================================================
DAG File Processing Stats

File Path                        PID  Runtime      # DAGs    # Errors  Last Runtime    Last Run
-----------------------------  -----  ---------  --------  ----------  --------------  -------------------
/opt/airflow/dags/firstdag.py    275  0.00s             0           1  0.05s           2025-08-08T01:16:10
================================================================================
[2025-08-08T01:17:10.890+0000] {manager.py:878} INFO - 
================================================================================
DAG File Processing Stats

File Path                      PID    Runtime      # DAGs    # Errors  Last Runtime    Last Run
-----------------------------  -----  ---------  --------  ----------  --------------  -------------------
/opt/airflow/dags/firstdag.py                           0           1  0.05s           2025-08-08T01:16:50
================================================================================
[2025-08-08T01:17:41.044+0000] {manager.py:878} INFO - 
================================================================================
DAG File Processing Stats

File Path                      PID    Runtime      # DAGs    # Errors  Last Runtime    Last Run
-----------------------------  -----  ---------  --------  ----------  --------------  -------------------
/opt/airflow/dags/firstdag.py                           0           1  0.05s           2025-08-08T01:17:20
================================================================================
[2025-08-08T01:18:09.174+0000] {manager.py:737} INFO - Searching for files in /opt/airflow/dags
[2025-08-08T01:18:09.183+0000] {manager.py:740} INFO - There are 1 files in /opt/airflow/dags
[2025-08-08T01:18:11.200+0000] {manager.py:878} INFO - 
================================================================================
DAG File Processing Stats

File Path                      PID    Runtime      # DAGs    # Errors  Last Runtime    Last Run
-----------------------------  -----  ---------  --------  ----------  --------------  -------------------
/opt/airflow/dags/firstdag.py                           0           1  0.04s           2025-08-08T01:17:51
================================================================================
[2025-08-08T01:18:17.098+0000] {manager.py:452} INFO - Exiting gracefully upon receiving signal 15
[2025-08-08T01:19:35.439+0000] {manager.py:470} INFO - Processing files using up to 2 processes at a time 
[2025-08-08T01:19:35.441+0000] {manager.py:471} INFO - Process each file at most once every 30 seconds
[2025-08-08T01:19:35.443+0000] {manager.py:472} INFO - Checking for new files in /opt/airflow/dags every 300 seconds
[2025-08-08T01:19:35.446+0000] {manager.py:737} INFO - Searching for files in /opt/airflow/dags
[2025-08-08T01:19:35.460+0000] {manager.py:740} INFO - There are 1 files in /opt/airflow/dags
[2025-08-08T01:19:35.617+0000] {manager.py:878} INFO - 
================================================================================
DAG File Processing Stats

File Path                        PID  Runtime      # DAGs    # Errors  Last Runtime    Last Run
-----------------------------  -----  ---------  --------  ----------  --------------  ----------
/opt/airflow/dags/firstdag.py    180  0.05s             0           0
================================================================================
[2025-08-08T01:20:05.801+0000] {manager.py:878} INFO - 
================================================================================
DAG File Processing Stats

File Path                        PID  Runtime      # DAGs    # Errors  Last Runtime    Last Run
-----------------------------  -----  ---------  --------  ----------  --------------  -------------------
/opt/airflow/dags/firstdag.py    185  0.00s             0           1  0.11s           2025-08-08T01:19:35
================================================================================
[2025-08-08T01:20:35.970+0000] {manager.py:878} INFO - 
================================================================================
DAG File Processing Stats

File Path                        PID  Runtime      # DAGs    # Errors  Last Runtime    Last Run
-----------------------------  -----  ---------  --------  ----------  --------------  -------------------
/opt/airflow/dags/firstdag.py    190  0.00s             0           1  0.05s           2025-08-08T01:20:05
================================================================================
[2025-08-08T01:21:06.146+0000] {manager.py:878} INFO - 
================================================================================
DAG File Processing Stats

File Path                      PID    Runtime      # DAGs    # Errors  Last Runtime    Last Run
-----------------------------  -----  ---------  --------  ----------  --------------  -------------------
/opt/airflow/dags/firstdag.py                           0           1  0.05s           2025-08-08T01:20:57
================================================================================
[2025-08-08T01:21:36.303+0000] {manager.py:878} INFO - 
================================================================================
DAG File Processing Stats

File Path                      PID    Runtime      # DAGs    # Errors  Last Runtime    Last Run
-----------------------------  -----  ---------  --------  ----------  --------------  -------------------
/opt/airflow/dags/firstdag.py                           0           1  0.05s           2025-08-08T01:21:27
================================================================================
[2025-08-08T01:22:06.440+0000] {manager.py:878} INFO - 
================================================================================
DAG File Processing Stats

File Path                      PID    Runtime      # DAGs    # Errors  Last Runtime    Last Run
-----------------------------  -----  ---------  --------  ----------  --------------  -------------------
/opt/airflow/dags/firstdag.py                           0           1  0.05s           2025-08-08T01:21:57
================================================================================
[2025-08-08T01:22:36.582+0000] {manager.py:878} INFO - 
================================================================================
DAG File Processing Stats

File Path                      PID    Runtime      # DAGs    # Errors  Last Runtime    Last Run
-----------------------------  -----  ---------  --------  ----------  --------------  -------------------
/opt/airflow/dags/firstdag.py                           0           1  0.05s           2025-08-08T01:22:27
================================================================================
[2025-08-08T01:23:06.738+0000] {manager.py:878} INFO - 
================================================================================
DAG File Processing Stats

File Path                      PID    Runtime      # DAGs    # Errors  Last Runtime    Last Run
-----------------------------  -----  ---------  --------  ----------  --------------  -------------------
/opt/airflow/dags/firstdag.py                           1           0  0.27s           2025-08-08T01:22:49
================================================================================
[2025-08-08T01:23:37.114+0000] {manager.py:878} INFO - 
================================================================================
DAG File Processing Stats

File Path                      PID    Runtime      # DAGs    # Errors  Last Runtime    Last Run
-----------------------------  -----  ---------  --------  ----------  --------------  -------------------
/opt/airflow/dags/firstdag.py                           1           0  0.09s           2025-08-08T01:23:20
================================================================================
[2025-08-08T01:24:07.309+0000] {manager.py:878} INFO - 
================================================================================
DAG File Processing Stats

File Path                      PID    Runtime      # DAGs    # Errors  Last Runtime    Last Run
-----------------------------  -----  ---------  --------  ----------  --------------  -------------------
/opt/airflow/dags/firstdag.py                           1           0  0.09s           2025-08-08T01:23:50
================================================================================
[2025-08-08T01:24:35.510+0000] {manager.py:737} INFO - Searching for files in /opt/airflow/dags
[2025-08-08T01:24:35.518+0000] {manager.py:740} INFO - There are 1 files in /opt/airflow/dags
[2025-08-08T01:24:37.434+0000] {manager.py:878} INFO - 
================================================================================
DAG File Processing Stats

File Path                      PID    Runtime      # DAGs    # Errors  Last Runtime    Last Run
-----------------------------  -----  ---------  --------  ----------  --------------  -------------------
/opt/airflow/dags/firstdag.py                           1           0  0.09s           2025-08-08T01:24:20
================================================================================
[2025-08-08T01:25:07.655+0000] {manager.py:878} INFO - 
================================================================================
DAG File Processing Stats

File Path                      PID    Runtime      # DAGs    # Errors  Last Runtime    Last Run
-----------------------------  -----  ---------  --------  ----------  --------------  -------------------
/opt/airflow/dags/firstdag.py                           1           0  0.09s           2025-08-08T01:24:50
================================================================================
[2025-08-08T01:25:37.800+0000] {manager.py:878} INFO - 
================================================================================
DAG File Processing Stats

File Path                      PID    Runtime      # DAGs    # Errors  Last Runtime    Last Run
-----------------------------  -----  ---------  --------  ----------  --------------  -------------------
/opt/airflow/dags/firstdag.py                           1           0  0.09s           2025-08-08T01:25:20
================================================================================
[2025-08-08T01:26:07.974+0000] {manager.py:878} INFO - 
================================================================================
DAG File Processing Stats

File Path                      PID    Runtime      # DAGs    # Errors  Last Runtime    Last Run
-----------------------------  -----  ---------  --------  ----------  --------------  -------------------
/opt/airflow/dags/firstdag.py                           1           0  0.09s           2025-08-08T01:25:50
================================================================================
[2025-08-08T01:26:38.138+0000] {manager.py:878} INFO - 
================================================================================
DAG File Processing Stats

File Path                      PID    Runtime      # DAGs    # Errors  Last Runtime    Last Run
-----------------------------  -----  ---------  --------  ----------  --------------  -------------------
/opt/airflow/dags/firstdag.py                           1           0  0.09s           2025-08-08T01:26:21
================================================================================
[2025-08-08T01:27:08.310+0000] {manager.py:878} INFO - 
================================================================================
DAG File Processing Stats

File Path                      PID    Runtime      # DAGs    # Errors  Last Runtime    Last Run
-----------------------------  -----  ---------  --------  ----------  --------------  -------------------
/opt/airflow/dags/firstdag.py                           1           0  0.08s           2025-08-08T01:26:51
================================================================================
[2025-08-08T01:27:38.444+0000] {manager.py:878} INFO - 
================================================================================
DAG File Processing Stats

File Path                      PID    Runtime      # DAGs    # Errors  Last Runtime    Last Run
-----------------------------  -----  ---------  --------  ----------  --------------  -------------------
/opt/airflow/dags/firstdag.py                           1           0  0.09s           2025-08-08T01:27:21
================================================================================
[2025-08-08T01:28:08.635+0000] {manager.py:878} INFO - 
================================================================================
DAG File Processing Stats

File Path                      PID    Runtime      # DAGs    # Errors  Last Runtime    Last Run
-----------------------------  -----  ---------  --------  ----------  --------------  -------------------
/opt/airflow/dags/firstdag.py                           1           0  0.15s           2025-08-08T01:27:49
================================================================================
[2025-08-08T01:28:38.842+0000] {manager.py:878} INFO - 
================================================================================
DAG File Processing Stats

File Path                      PID    Runtime      # DAGs    # Errors  Last Runtime    Last Run
-----------------------------  -----  ---------  --------  ----------  --------------  -------------------
/opt/airflow/dags/firstdag.py                           1           0  0.09s           2025-08-08T01:28:19
================================================================================
[2025-08-08T01:29:08.998+0000] {manager.py:878} INFO - 
================================================================================
DAG File Processing Stats

File Path                      PID    Runtime      # DAGs    # Errors  Last Runtime    Last Run
-----------------------------  -----  ---------  --------  ----------  --------------  -------------------
/opt/airflow/dags/firstdag.py                           1           0  0.15s           2025-08-08T01:28:50
================================================================================
[2025-08-08T01:29:14.020+0000] {manager.py:1128} WARNING - Skipping processing of missing file: /opt/airflow/dags/firstdag.py
[2025-08-08T01:29:36.103+0000] {manager.py:737} INFO - Searching for files in /opt/airflow/dags
[2025-08-08T01:29:36.111+0000] {manager.py:740} INFO - There are 0 files in /opt/airflow/dags
[2025-08-08T01:30:54.094+0000] {manager.py:452} INFO - Exiting gracefully upon receiving signal 15
[2025-08-08T01:30:59.680+0000] {manager.py:470} INFO - Processing files using up to 2 processes at a time 
[2025-08-08T01:30:59.681+0000] {manager.py:471} INFO - Process each file at most once every 30 seconds
[2025-08-08T01:30:59.681+0000] {manager.py:472} INFO - Checking for new files in /opt/airflow/dags every 300 seconds
[2025-08-08T01:30:59.682+0000] {manager.py:737} INFO - Searching for files in /opt/airflow/dags
[2025-08-08T01:30:59.690+0000] {manager.py:740} INFO - There are 1 files in /opt/airflow/dags
[2025-08-08T01:30:59.746+0000] {manager.py:878} INFO - 
================================================================================
DAG File Processing Stats

File Path                         PID  Runtime      # DAGs    # Errors  Last Runtime    Last Run
------------------------------  -----  ---------  --------  ----------  --------------  ----------
/opt/airflow/dags/first_dag.py    180  0.03s             0           0
================================================================================
[2025-08-08T01:31:29.887+0000] {manager.py:878} INFO - 
================================================================================
DAG File Processing Stats

File Path                         PID  Runtime      # DAGs    # Errors  Last Runtime    Last Run
------------------------------  -----  ---------  --------  ----------  --------------  -------------------
/opt/airflow/dags/first_dag.py    188  0.00s             1           0  0.15s           2025-08-08T01:30:59
================================================================================
[2025-08-08T01:32:00.031+0000] {manager.py:878} INFO - 
================================================================================
DAG File Processing Stats

File Path                         PID  Runtime      # DAGs    # Errors  Last Runtime    Last Run
------------------------------  -----  ---------  --------  ----------  --------------  -------------------
/opt/airflow/dags/first_dag.py    193  0.00s             1           0  0.09s           2025-08-08T01:31:29
================================================================================
[2025-08-08T01:32:30.230+0000] {manager.py:878} INFO - 
================================================================================
DAG File Processing Stats

File Path                         PID  Runtime      # DAGs    # Errors  Last Runtime    Last Run
------------------------------  -----  ---------  --------  ----------  --------------  -------------------
/opt/airflow/dags/first_dag.py    198  0.00s             1           0  0.09s           2025-08-08T01:32:00
================================================================================
[2025-08-08T01:33:00.368+0000] {manager.py:878} INFO - 
================================================================================
DAG File Processing Stats

File Path                         PID  Runtime      # DAGs    # Errors  Last Runtime    Last Run
------------------------------  -----  ---------  --------  ----------  --------------  -------------------
/opt/airflow/dags/first_dag.py    203  0.00s             1           0  0.09s           2025-08-08T01:32:30
================================================================================
[2025-08-08T01:33:08.733+0000] {manager.py:452} INFO - Exiting gracefully upon receiving signal 15
[2025-08-08T01:36:33.564+0000] {manager.py:470} INFO - Processing files using up to 2 processes at a time 
[2025-08-08T01:36:33.566+0000] {manager.py:471} INFO - Process each file at most once every 30 seconds
[2025-08-08T01:36:33.567+0000] {manager.py:472} INFO - Checking for new files in /opt/airflow/dags every 300 seconds
[2025-08-08T01:36:33.568+0000] {manager.py:737} INFO - Searching for files in /opt/airflow/dags
[2025-08-08T01:36:33.603+0000] {manager.py:740} INFO - There are 1 files in /opt/airflow/dags
[2025-08-08T01:36:33.789+0000] {manager.py:878} INFO - 
================================================================================
DAG File Processing Stats

File Path                         PID  Runtime      # DAGs    # Errors  Last Runtime    Last Run
------------------------------  -----  ---------  --------  ----------  --------------  ----------
/opt/airflow/dags/first_dag.py    179  0.09s             0           0
================================================================================
[2025-08-08T01:37:03.951+0000] {manager.py:878} INFO - 
================================================================================
DAG File Processing Stats

File Path                       PID    Runtime      # DAGs    # Errors  Last Runtime    Last Run
------------------------------  -----  ---------  --------  ----------  --------------  -------------------
/opt/airflow/dags/first_dag.py                           1           0  0.31s           2025-08-08T01:36:34
================================================================================
[2025-08-08T01:37:34.326+0000] {manager.py:878} INFO - 
================================================================================
DAG File Processing Stats

File Path                       PID    Runtime      # DAGs    # Errors  Last Runtime    Last Run
------------------------------  -----  ---------  --------  ----------  --------------  -------------------
/opt/airflow/dags/first_dag.py                           1           0  0.22s           2025-08-08T01:37:04
================================================================================
[2025-08-08T01:38:04.651+0000] {manager.py:878} INFO - 
================================================================================
DAG File Processing Stats

File Path                         PID  Runtime      # DAGs    # Errors  Last Runtime    Last Run
------------------------------  -----  ---------  --------  ----------  --------------  -------------------
/opt/airflow/dags/first_dag.py    197  0.00s             1           0  0.10s           2025-08-08T01:37:34
================================================================================
[2025-08-08T01:38:34.871+0000] {manager.py:878} INFO - 
================================================================================
DAG File Processing Stats

File Path                         PID  Runtime      # DAGs    # Errors  Last Runtime    Last Run
------------------------------  -----  ---------  --------  ----------  --------------  -------------------
/opt/airflow/dags/first_dag.py    202  0.00s             1           0  0.09s           2025-08-08T01:38:04
================================================================================
[2025-08-08T01:39:05.023+0000] {manager.py:878} INFO - 
================================================================================
DAG File Processing Stats

File Path                         PID  Runtime      # DAGs    # Errors  Last Runtime    Last Run
------------------------------  -----  ---------  --------  ----------  --------------  -------------------
/opt/airflow/dags/first_dag.py    210  0.00s             1           0  0.11s           2025-08-08T01:38:34
================================================================================
[2025-08-08T01:39:35.241+0000] {manager.py:878} INFO - 
================================================================================
DAG File Processing Stats

File Path                         PID  Runtime      # DAGs    # Errors  Last Runtime    Last Run
------------------------------  -----  ---------  --------  ----------  --------------  -------------------
/opt/airflow/dags/first_dag.py    215  0.00s             1           0  0.09s           2025-08-08T01:39:05
================================================================================
[2025-08-08T01:40:05.375+0000] {manager.py:878} INFO - 
================================================================================
DAG File Processing Stats

File Path                         PID  Runtime      # DAGs    # Errors  Last Runtime    Last Run
------------------------------  -----  ---------  --------  ----------  --------------  -------------------
/opt/airflow/dags/first_dag.py    220  0.00s             1           0  0.09s           2025-08-08T01:39:35
================================================================================
[2025-08-08T01:40:13.655+0000] {manager.py:452} INFO - Exiting gracefully upon receiving signal 15
[2025-08-08T01:42:31.892+0000] {manager.py:470} INFO - Processing files using up to 2 processes at a time 
[2025-08-08T01:42:31.894+0000] {manager.py:471} INFO - Process each file at most once every 30 seconds
[2025-08-08T01:42:31.897+0000] {manager.py:472} INFO - Checking for new files in /opt/airflow/dags every 300 seconds
[2025-08-08T01:42:31.904+0000] {manager.py:737} INFO - Searching for files in /opt/airflow/dags
[2025-08-08T01:42:31.936+0000] {manager.py:740} INFO - There are 1 files in /opt/airflow/dags
[2025-08-08T01:42:32.208+0000] {manager.py:878} INFO - 
================================================================================
DAG File Processing Stats

File Path                         PID  Runtime      # DAGs    # Errors  Last Runtime    Last Run
------------------------------  -----  ---------  --------  ----------  --------------  ----------
/opt/airflow/dags/first_dag.py    180  0.06s             0           0
================================================================================
[2025-08-08T01:43:02.371+0000] {manager.py:878} INFO - 
================================================================================
DAG File Processing Stats

File Path                       PID    Runtime      # DAGs    # Errors  Last Runtime    Last Run
------------------------------  -----  ---------  --------  ----------  --------------  -------------------
/opt/airflow/dags/first_dag.py                           1           0  0.25s           2025-08-08T01:42:32
================================================================================
[2025-08-08T01:43:32.675+0000] {manager.py:878} INFO - 
================================================================================
DAG File Processing Stats

File Path                       PID    Runtime      # DAGs    # Errors  Last Runtime    Last Run
------------------------------  -----  ---------  --------  ----------  --------------  -------------------
/opt/airflow/dags/first_dag.py                           1           0  0.19s           2025-08-08T01:43:02
================================================================================
[2025-08-08T01:44:02.973+0000] {manager.py:878} INFO - 
================================================================================
DAG File Processing Stats

File Path                         PID  Runtime      # DAGs    # Errors  Last Runtime    Last Run
------------------------------  -----  ---------  --------  ----------  --------------  -------------------
/opt/airflow/dags/first_dag.py    204  0.00s             1           0  0.09s           2025-08-08T01:43:32
================================================================================
[2025-08-08T01:44:33.226+0000] {manager.py:878} INFO - 
================================================================================
DAG File Processing Stats

File Path                         PID  Runtime      # DAGs    # Errors  Last Runtime    Last Run
------------------------------  -----  ---------  --------  ----------  --------------  -------------------
/opt/airflow/dags/first_dag.py    209  0.00s             1           0  0.09s           2025-08-08T01:44:03
================================================================================
[2025-08-08T01:45:03.373+0000] {manager.py:878} INFO - 
================================================================================
DAG File Processing Stats

File Path                         PID  Runtime      # DAGs    # Errors  Last Runtime    Last Run
------------------------------  -----  ---------  --------  ----------  --------------  -------------------
/opt/airflow/dags/first_dag.py    214  0.00s             1           0  0.09s           2025-08-08T01:44:33
================================================================================
[2025-08-08T01:45:33.571+0000] {manager.py:878} INFO - 
================================================================================
DAG File Processing Stats

File Path                         PID  Runtime      # DAGs    # Errors  Last Runtime    Last Run
------------------------------  -----  ---------  --------  ----------  --------------  -------------------
/opt/airflow/dags/first_dag.py    219  0.00s             1           0  0.09s           2025-08-08T01:45:03
================================================================================
[2025-08-08T01:46:03.799+0000] {manager.py:878} INFO - 
================================================================================
DAG File Processing Stats

File Path                         PID  Runtime      # DAGs    # Errors  Last Runtime    Last Run
------------------------------  -----  ---------  --------  ----------  --------------  -------------------
/opt/airflow/dags/first_dag.py    224  0.00s             1           0  0.08s           2025-08-08T01:45:33
================================================================================
[2025-08-08T01:46:33.997+0000] {manager.py:878} INFO - 
================================================================================
DAG File Processing Stats

File Path                         PID  Runtime      # DAGs    # Errors  Last Runtime    Last Run
------------------------------  -----  ---------  --------  ----------  --------------  -------------------
/opt/airflow/dags/first_dag.py    229  0.00s             1           0  0.09s           2025-08-08T01:46:03
================================================================================
[2025-08-08T01:47:04.193+0000] {manager.py:878} INFO - 
================================================================================
DAG File Processing Stats

File Path                         PID  Runtime      # DAGs    # Errors  Last Runtime    Last Run
------------------------------  -----  ---------  --------  ----------  --------------  -------------------
/opt/airflow/dags/first_dag.py    234  0.00s             1           0  0.15s           2025-08-08T01:46:34
================================================================================
[2025-08-08T01:47:32.392+0000] {manager.py:737} INFO - Searching for files in /opt/airflow/dags
[2025-08-08T01:47:32.412+0000] {manager.py:740} INFO - There are 2 files in /opt/airflow/dags
[2025-08-08T01:47:34.457+0000] {manager.py:878} INFO - 
================================================================================
DAG File Processing Stats

File Path                         PID  Runtime      # DAGs    # Errors  Last Runtime    Last Run
------------------------------  -----  ---------  --------  ----------  --------------  -------------------
/opt/airflow/dags/first_dag.py    244  0.00s             1           0  0.09s           2025-08-08T01:47:04
/opt/airflow/dags/desafio.py                             0           1  0.06s           2025-08-08T01:47:32
================================================================================
[2025-08-08T01:48:04.689+0000] {manager.py:878} INFO - 
================================================================================
DAG File Processing Stats

File Path                         PID  Runtime      # DAGs    # Errors  Last Runtime    Last Run
------------------------------  -----  ---------  --------  ----------  --------------  -------------------
/opt/airflow/dags/first_dag.py    254  0.00s             1           0  0.15s           2025-08-08T01:47:34
/opt/airflow/dags/desafio.py                             0           1  0.05s           2025-08-08T01:48:02
================================================================================
[2025-08-08T01:48:34.937+0000] {manager.py:878} INFO - 
================================================================================
DAG File Processing Stats

File Path                         PID  Runtime      # DAGs    # Errors  Last Runtime    Last Run
------------------------------  -----  ---------  --------  ----------  --------------  -------------------
/opt/airflow/dags/first_dag.py    264  0.00s             1           0  0.09s           2025-08-08T01:48:04
/opt/airflow/dags/desafio.py                             0           1  0.05s           2025-08-08T01:48:32
================================================================================
[2025-08-08T01:49:05.219+0000] {manager.py:878} INFO - 
================================================================================
DAG File Processing Stats

File Path                         PID  Runtime      # DAGs    # Errors  Last Runtime    Last Run
------------------------------  -----  ---------  --------  ----------  --------------  -------------------
/opt/airflow/dags/first_dag.py    274  0.00s             1           0  0.09s           2025-08-08T01:48:35
/opt/airflow/dags/desafio.py                             0           1  0.05s           2025-08-08T01:48:42
================================================================================
[2025-08-08T01:49:35.454+0000] {manager.py:878} INFO - 
================================================================================
DAG File Processing Stats

File Path                         PID  Runtime      # DAGs    # Errors  Last Runtime    Last Run
------------------------------  -----  ---------  --------  ----------  --------------  -------------------
/opt/airflow/dags/first_dag.py    284  0.00s             1           0  0.09s           2025-08-08T01:49:05
/opt/airflow/dags/desafio.py                             0           1  0.05s           2025-08-08T01:49:12
================================================================================
[2025-08-08T01:50:05.622+0000] {manager.py:878} INFO - 
================================================================================
DAG File Processing Stats

File Path                         PID  Runtime      # DAGs    # Errors  Last Runtime    Last Run
------------------------------  -----  ---------  --------  ----------  --------------  -------------------
/opt/airflow/dags/first_dag.py    294  0.00s             1           0  0.09s           2025-08-08T01:49:35
/opt/airflow/dags/desafio.py                             0           1  0.05s           2025-08-08T01:49:42
================================================================================
[2025-08-08T01:50:35.811+0000] {manager.py:878} INFO - 
================================================================================
DAG File Processing Stats

File Path                         PID  Runtime      # DAGs    # Errors  Last Runtime    Last Run
------------------------------  -----  ---------  --------  ----------  --------------  -------------------
/opt/airflow/dags/first_dag.py    304  0.00s             1           0  0.10s           2025-08-08T01:50:05
/opt/airflow/dags/desafio.py                             0           1  0.05s           2025-08-08T01:50:12
================================================================================
[2025-08-08T01:50:47.444+0000] {manager.py:452} INFO - Exiting gracefully upon receiving signal 15
[2025-08-08T01:50:53.171+0000] {manager.py:470} INFO - Processing files using up to 2 processes at a time 
[2025-08-08T01:50:53.172+0000] {manager.py:471} INFO - Process each file at most once every 30 seconds
[2025-08-08T01:50:53.173+0000] {manager.py:472} INFO - Checking for new files in /opt/airflow/dags every 300 seconds
[2025-08-08T01:50:53.173+0000] {manager.py:737} INFO - Searching for files in /opt/airflow/dags
[2025-08-08T01:50:53.189+0000] {manager.py:740} INFO - There are 2 files in /opt/airflow/dags
[2025-08-08T01:50:53.282+0000] {manager.py:878} INFO - 
================================================================================
DAG File Processing Stats

File Path                         PID  Runtime      # DAGs    # Errors  Last Runtime    Last Run
------------------------------  -----  ---------  --------  ----------  --------------  ----------
/opt/airflow/dags/desafio.py      180  0.04s             0           0
/opt/airflow/dags/first_dag.py    183  0.02s             0           0
================================================================================
[2025-08-08T01:51:23.447+0000] {manager.py:878} INFO - 
================================================================================
DAG File Processing Stats

File Path                         PID  Runtime      # DAGs    # Errors  Last Runtime    Last Run
------------------------------  -----  ---------  --------  ----------  --------------  -------------------
/opt/airflow/dags/first_dag.py    193  0.00s             1           0  0.09s           2025-08-08T01:50:53
/opt/airflow/dags/desafio.py      190  0.01s             0           1  0.06s           2025-08-08T01:50:53
================================================================================
[2025-08-08T01:51:53.691+0000] {manager.py:878} INFO - 
================================================================================
DAG File Processing Stats

File Path                         PID  Runtime      # DAGs    # Errors  Last Runtime    Last Run
------------------------------  -----  ---------  --------  ----------  --------------  -------------------
/opt/airflow/dags/desafio.py                             1           0  0.16s           2025-08-08T01:51:30
/opt/airflow/dags/first_dag.py    209  0.00s             1           0  0.08s           2025-08-08T01:51:23
================================================================================
[2025-08-08T01:52:23.982+0000] {manager.py:878} INFO - 
================================================================================
DAG File Processing Stats

File Path                         PID  Runtime      # DAGs    # Errors  Last Runtime    Last Run
------------------------------  -----  ---------  --------  ----------  --------------  -------------------
/opt/airflow/dags/first_dag.py    221  0.00s             1           0  0.13s           2025-08-08T01:51:53
/opt/airflow/dags/desafio.py                             1           0  0.09s           2025-08-08T01:52:00
================================================================================
[2025-08-08T01:52:54.225+0000] {manager.py:878} INFO - 
================================================================================
DAG File Processing Stats

File Path                         PID  Runtime      # DAGs    # Errors  Last Runtime    Last Run
------------------------------  -----  ---------  --------  ----------  --------------  -------------------
/opt/airflow/dags/desafio.py                             1           0  0.09s           2025-08-08T01:52:31
/opt/airflow/dags/first_dag.py    231  0.00s             1           0  0.08s           2025-08-08T01:52:24
================================================================================
[2025-08-08T01:53:24.453+0000] {manager.py:878} INFO - 
================================================================================
DAG File Processing Stats

File Path                         PID  Runtime      # DAGs    # Errors  Last Runtime    Last Run
------------------------------  -----  ---------  --------  ----------  --------------  -------------------
/opt/airflow/dags/first_dag.py    241  0.00s             1           0  0.09s           2025-08-08T01:52:54
/opt/airflow/dags/desafio.py                             1           0  0.08s           2025-08-08T01:53:01
================================================================================
[2025-08-08T01:53:54.697+0000] {manager.py:878} INFO - 
================================================================================
DAG File Processing Stats

File Path                         PID  Runtime      # DAGs    # Errors  Last Runtime    Last Run
------------------------------  -----  ---------  --------  ----------  --------------  -------------------
/opt/airflow/dags/first_dag.py    251  0.00s             1           0  0.09s           2025-08-08T01:53:24
/opt/airflow/dags/desafio.py                             1           0  0.09s           2025-08-08T01:53:31
================================================================================
[2025-08-08T01:54:24.949+0000] {manager.py:878} INFO - 
================================================================================
DAG File Processing Stats

File Path                         PID  Runtime      # DAGs    # Errors  Last Runtime    Last Run
------------------------------  -----  ---------  --------  ----------  --------------  -------------------
/opt/airflow/dags/desafio.py                             1           0  0.10s           2025-08-08T01:54:01
/opt/airflow/dags/first_dag.py    261  0.00s             1           0  0.09s           2025-08-08T01:53:54
================================================================================
[2025-08-08T01:54:55.177+0000] {manager.py:878} INFO - 
================================================================================
DAG File Processing Stats

File Path                         PID  Runtime      # DAGs    # Errors  Last Runtime    Last Run
------------------------------  -----  ---------  --------  ----------  --------------  -------------------
/opt/airflow/dags/desafio.py                             1           0  0.10s           2025-08-08T01:54:32
/opt/airflow/dags/first_dag.py    273  0.00s             1           0  0.08s           2025-08-08T01:54:25
================================================================================
[2025-08-08T01:55:25.409+0000] {manager.py:878} INFO - 
================================================================================
DAG File Processing Stats

File Path                         PID  Runtime      # DAGs    # Errors  Last Runtime    Last Run
------------------------------  -----  ---------  --------  ----------  --------------  -------------------
/opt/airflow/dags/desafio.py                             1           0  0.09s           2025-08-08T01:55:02
/opt/airflow/dags/first_dag.py    283  0.00s             1           0  0.09s           2025-08-08T01:54:55
================================================================================
[2025-08-08T01:55:53.639+0000] {manager.py:737} INFO - Searching for files in /opt/airflow/dags
[2025-08-08T01:55:53.660+0000] {manager.py:740} INFO - There are 2 files in /opt/airflow/dags
[2025-08-08T01:55:55.688+0000] {manager.py:878} INFO - 
================================================================================
DAG File Processing Stats

File Path                         PID  Runtime      # DAGs    # Errors  Last Runtime    Last Run
------------------------------  -----  ---------  --------  ----------  --------------  -------------------
/opt/airflow/dags/desafio.py                             1           0  0.09s           2025-08-08T01:55:32
/opt/airflow/dags/first_dag.py    293  0.00s             1           0  0.09s           2025-08-08T01:55:25
================================================================================
[2025-08-08T01:56:25.930+0000] {manager.py:878} INFO - 
================================================================================
DAG File Processing Stats

File Path                         PID  Runtime      # DAGs    # Errors  Last Runtime    Last Run
------------------------------  -----  ---------  --------  ----------  --------------  -------------------
/opt/airflow/dags/desafio.py                             1           0  0.10s           2025-08-08T01:56:02
/opt/airflow/dags/first_dag.py    303  0.00s             1           0  0.09s           2025-08-08T01:55:55
================================================================================
[2025-08-08T01:56:56.168+0000] {manager.py:878} INFO - 
================================================================================
DAG File Processing Stats

File Path                         PID  Runtime      # DAGs    # Errors  Last Runtime    Last Run
------------------------------  -----  ---------  --------  ----------  --------------  -------------------
/opt/airflow/dags/desafio.py                             1           0  0.10s           2025-08-08T01:56:33
/opt/airflow/dags/first_dag.py    313  0.00s             1           0  0.09s           2025-08-08T01:56:26
================================================================================
[2025-08-08T01:57:26.399+0000] {manager.py:878} INFO - 
================================================================================
DAG File Processing Stats

File Path                         PID  Runtime      # DAGs    # Errors  Last Runtime    Last Run
------------------------------  -----  ---------  --------  ----------  --------------  -------------------
/opt/airflow/dags/desafio.py                             1           0  0.12s           2025-08-08T01:57:03
/opt/airflow/dags/first_dag.py    323  0.00s             1           0  0.09s           2025-08-08T01:56:56
================================================================================
[2025-08-08T01:57:56.657+0000] {manager.py:878} INFO - 
================================================================================
DAG File Processing Stats

File Path                         PID  Runtime      # DAGs    # Errors  Last Runtime    Last Run
------------------------------  -----  ---------  --------  ----------  --------------  -------------------
/opt/airflow/dags/desafio.py                             1           0  0.09s           2025-08-08T01:57:33
/opt/airflow/dags/first_dag.py    333  0.00s             1           0  0.09s           2025-08-08T01:57:26
================================================================================
[2025-08-08T01:58:26.905+0000] {manager.py:878} INFO - 
================================================================================
DAG File Processing Stats

File Path                         PID  Runtime      # DAGs    # Errors  Last Runtime    Last Run
------------------------------  -----  ---------  --------  ----------  --------------  -------------------
/opt/airflow/dags/desafio.py                             1           0  0.09s           2025-08-08T01:58:03
/opt/airflow/dags/first_dag.py    343  0.00s             1           0  0.09s           2025-08-08T01:57:56
================================================================================
[2025-08-08T01:58:57.147+0000] {manager.py:878} INFO - 
================================================================================
DAG File Processing Stats

File Path                         PID  Runtime      # DAGs    # Errors  Last Runtime    Last Run
------------------------------  -----  ---------  --------  ----------  --------------  -------------------
/opt/airflow/dags/first_dag.py    353  0.00s             1           0  0.09s           2025-08-08T01:58:26
/opt/airflow/dags/desafio.py                             1           0  0.09s           2025-08-08T01:58:34
================================================================================
[2025-08-08T01:59:27.384+0000] {manager.py:878} INFO - 
================================================================================
DAG File Processing Stats

File Path                         PID  Runtime      # DAGs    # Errors  Last Runtime    Last Run
------------------------------  -----  ---------  --------  ----------  --------------  -------------------
/opt/airflow/dags/desafio.py                             1           0  0.10s           2025-08-08T01:59:04
/opt/airflow/dags/first_dag.py    363  0.00s             1           0  0.09s           2025-08-08T01:58:57
================================================================================
[2025-08-08T01:59:49.743+0000] {manager.py:452} INFO - Exiting gracefully upon receiving signal 15
[2025-08-08T01:59:55.506+0000] {manager.py:470} INFO - Processing files using up to 2 processes at a time 
[2025-08-08T01:59:55.507+0000] {manager.py:471} INFO - Process each file at most once every 30 seconds
[2025-08-08T01:59:55.507+0000] {manager.py:472} INFO - Checking for new files in /opt/airflow/dags every 300 seconds
[2025-08-08T01:59:55.508+0000] {manager.py:737} INFO - Searching for files in /opt/airflow/dags
[2025-08-08T01:59:55.528+0000] {manager.py:740} INFO - There are 2 files in /opt/airflow/dags
[2025-08-08T01:59:55.596+0000] {manager.py:878} INFO - 
================================================================================
DAG File Processing Stats

File Path                         PID  Runtime      # DAGs    # Errors  Last Runtime    Last Run
------------------------------  -----  ---------  --------  ----------  --------------  ----------
/opt/airflow/dags/desafio.py      183  0.02s             0           0
/opt/airflow/dags/first_dag.py    180  0.04s             0           0
================================================================================
[2025-08-08T02:00:25.756+0000] {manager.py:878} INFO - 
================================================================================
DAG File Processing Stats

File Path                         PID  Runtime      # DAGs    # Errors  Last Runtime    Last Run
------------------------------  -----  ---------  --------  ----------  --------------  -------------------
/opt/airflow/dags/first_dag.py    196  0.01s             1           0  0.10s           2025-08-08T01:59:55
/opt/airflow/dags/desafio.py      199  0.00s             1           0  0.09s           2025-08-08T01:59:55
================================================================================
[2025-08-08T02:00:56.005+0000] {manager.py:878} INFO - 
================================================================================
DAG File Processing Stats

File Path                         PID  Runtime      # DAGs    # Errors  Last Runtime    Last Run
------------------------------  -----  ---------  --------  ----------  --------------  -------------------
/opt/airflow/dags/first_dag.py                           1           0  0.17s           2025-08-08T02:00:36
/opt/airflow/dags/desafio.py      211  0.00s             1           0  0.10s           2025-08-08T02:00:25
================================================================================
[2025-08-08T02:01:26.288+0000] {manager.py:878} INFO - 
================================================================================
DAG File Processing Stats

File Path                         PID  Runtime      # DAGs    # Errors  Last Runtime    Last Run
------------------------------  -----  ---------  --------  ----------  --------------  -------------------
/opt/airflow/dags/first_dag.py                           1           0  0.16s           2025-08-08T02:01:07
/opt/airflow/dags/desafio.py      230  0.00s             1           0  0.14s           2025-08-08T02:00:56
================================================================================
[2025-08-08T02:01:56.509+0000] {manager.py:878} INFO - 
================================================================================
DAG File Processing Stats

File Path                         PID  Runtime      # DAGs    # Errors  Last Runtime    Last Run
------------------------------  -----  ---------  --------  ----------  --------------  -------------------
/opt/airflow/dags/desafio.py      240  0.00s             1           0  0.09s           2025-08-08T02:01:26
/opt/airflow/dags/first_dag.py                           1           0  0.08s           2025-08-08T02:01:37
================================================================================
[2025-08-08T02:02:26.751+0000] {manager.py:878} INFO - 
================================================================================
DAG File Processing Stats

File Path                         PID  Runtime      # DAGs    # Errors  Last Runtime    Last Run
------------------------------  -----  ---------  --------  ----------  --------------  -------------------
/opt/airflow/dags/first_dag.py                           1           0  0.08s           2025-08-08T02:02:07
/opt/airflow/dags/desafio.py      250  0.00s             1           0  0.08s           2025-08-08T02:01:56
================================================================================
