[2025-08-08T02:40:02.331+0000] {local_task_job_runner.py:120} INFO - ::group::Pre task execution logs
[2025-08-08T02:40:02.351+0000] {taskinstance.py:2076} INFO - Dependencies all met for dep_context=non-requeueable deps ti=<TaskInstance: climate_data.data_extract scheduled__2025-07-14T00:00:00+00:00 [queued]>
[2025-08-08T02:40:02.357+0000] {taskinstance.py:2076} INFO - Dependencies all met for dep_context=requeueable deps ti=<TaskInstance: climate_data.data_extract scheduled__2025-07-14T00:00:00+00:00 [queued]>
[2025-08-08T02:40:02.358+0000] {taskinstance.py:2306} INFO - Starting attempt 1 of 1
[2025-08-08T02:40:02.367+0000] {taskinstance.py:2330} INFO - Executing <Task(PythonOperator): data_extract> on 2025-07-14 00:00:00+00:00
[2025-08-08T02:40:02.370+0000] {standard_task_runner.py:63} INFO - Started process 2116 to run task
[2025-08-08T02:40:02.375+0000] {standard_task_runner.py:90} INFO - Running: ['***', 'tasks', 'run', 'climate_data', 'data_extract', 'scheduled__2025-07-14T00:00:00+00:00', '--job-id', '641', '--raw', '--subdir', 'DAGS_FOLDER/climate_data.py', '--cfg-path', '/tmp/tmpo__0z97f']
[2025-08-08T02:40:02.377+0000] {standard_task_runner.py:91} INFO - Job 641: Subtask data_extract
[2025-08-08T02:40:02.390+0000] {logging_mixin.py:188} WARNING - /home/***/.local/lib/python3.9/site-packages/***/settings.py:195 DeprecationWarning: The sql_alchemy_conn option in [core] has been moved to the sql_alchemy_conn option in [database] - the old setting has been used, but please update your config.
[2025-08-08T02:40:02.424+0000] {task_command.py:426} INFO - Running <TaskInstance: climate_data.data_extract scheduled__2025-07-14T00:00:00+00:00 [running]> on host 1a6f5acf67f4
[2025-08-08T02:40:02.482+0000] {taskinstance.py:2648} INFO - Exporting env vars: AIRFLOW_CTX_DAG_OWNER='***' AIRFLOW_CTX_DAG_ID='climate_data' AIRFLOW_CTX_TASK_ID='data_extract' AIRFLOW_CTX_EXECUTION_DATE='2025-07-14T00:00:00+00:00' AIRFLOW_CTX_TRY_NUMBER='1' AIRFLOW_CTX_DAG_RUN_ID='scheduled__2025-07-14T00:00:00+00:00'
[2025-08-08T02:40:02.484+0000] {taskinstance.py:430} INFO - ::endgroup::
[2025-08-08T02:40:03.153+0000] {taskinstance.py:441} INFO - ::group::Post task execution logs
[2025-08-08T02:40:03.153+0000] {taskinstance.py:2905} ERROR - Task failed with exception
Traceback (most recent call last):
  File "/home/airflow/.local/lib/python3.9/site-packages/airflow/models/taskinstance.py", line 465, in _execute_task
    result = _execute_callable(context=context, **execute_callable_kwargs)
  File "/home/airflow/.local/lib/python3.9/site-packages/airflow/models/taskinstance.py", line 432, in _execute_callable
    return execute_callable(context=context, **execute_callable_kwargs)
  File "/home/airflow/.local/lib/python3.9/site-packages/airflow/models/baseoperator.py", line 400, in wrapper
    return func(self, *args, **kwargs)
  File "/home/airflow/.local/lib/python3.9/site-packages/airflow/operators/python.py", line 235, in execute
    return_value = self.execute_callable()
  File "/home/airflow/.local/lib/python3.9/site-packages/airflow/operators/python.py", line 252, in execute_callable
    return self.python_callable(*self.op_args, **self.op_kwargs)
  File "/opt/airflow/dags/climate_data.py", line 27, in data_extract
    data = pd.read_csv(URL)
  File "/home/airflow/.local/lib/python3.9/site-packages/pandas/io/parsers/readers.py", line 948, in read_csv
    return _read(filepath_or_buffer, kwds)
  File "/home/airflow/.local/lib/python3.9/site-packages/pandas/io/parsers/readers.py", line 611, in _read
    parser = TextFileReader(filepath_or_buffer, **kwds)
  File "/home/airflow/.local/lib/python3.9/site-packages/pandas/io/parsers/readers.py", line 1448, in __init__
    self._engine = self._make_engine(f, self.engine)
  File "/home/airflow/.local/lib/python3.9/site-packages/pandas/io/parsers/readers.py", line 1705, in _make_engine
    self.handles = get_handle(
  File "/home/airflow/.local/lib/python3.9/site-packages/pandas/io/common.py", line 718, in get_handle
    ioargs = _get_filepath_or_buffer(
  File "/home/airflow/.local/lib/python3.9/site-packages/pandas/io/common.py", line 372, in _get_filepath_or_buffer
    with urlopen(req_info) as req:
  File "/home/airflow/.local/lib/python3.9/site-packages/pandas/io/common.py", line 274, in urlopen
    return urllib.request.urlopen(*args, **kwargs)
  File "/usr/local/lib/python3.9/urllib/request.py", line 214, in urlopen
    return opener.open(url, data, timeout)
  File "/usr/local/lib/python3.9/urllib/request.py", line 523, in open
    response = meth(req, response)
  File "/usr/local/lib/python3.9/urllib/request.py", line 632, in http_response
    response = self.parent.error(
  File "/usr/local/lib/python3.9/urllib/request.py", line 561, in error
    return self._call_chain(*args)
  File "/usr/local/lib/python3.9/urllib/request.py", line 494, in _call_chain
    result = func(*args)
  File "/usr/local/lib/python3.9/urllib/request.py", line 641, in http_error_default
    raise HTTPError(req.full_url, code, msg, hdrs, fp)
urllib.error.HTTPError: HTTP Error 429: 
[2025-08-08T02:40:03.164+0000] {taskinstance.py:1206} INFO - Marking task as FAILED. dag_id=climate_data, task_id=data_extract, run_id=scheduled__2025-07-14T00:00:00+00:00, execution_date=20250714T000000, start_date=20250808T024002, end_date=20250808T024003
[2025-08-08T02:40:03.174+0000] {standard_task_runner.py:110} ERROR - Failed to execute job 641 for task data_extract (HTTP Error 429: ; 2116)
[2025-08-08T02:40:03.188+0000] {local_task_job_runner.py:240} INFO - Task exited with return code 1
[2025-08-08T02:40:03.199+0000] {taskinstance.py:3498} INFO - 0 downstream tasks scheduled from follow-on schedule check
[2025-08-08T02:40:03.201+0000] {local_task_job_runner.py:222} INFO - ::endgroup::
[2025-08-08T02:43:00.525+0000] {local_task_job_runner.py:120} INFO - ::group::Pre task execution logs
[2025-08-08T02:43:00.544+0000] {taskinstance.py:2076} INFO - Dependencies all met for dep_context=non-requeueable deps ti=<TaskInstance: climate_data.data_extract scheduled__2025-07-14T00:00:00+00:00 [queued]>
[2025-08-08T02:43:00.549+0000] {taskinstance.py:2076} INFO - Dependencies all met for dep_context=requeueable deps ti=<TaskInstance: climate_data.data_extract scheduled__2025-07-14T00:00:00+00:00 [queued]>
[2025-08-08T02:43:00.550+0000] {taskinstance.py:2306} INFO - Starting attempt 1 of 1
[2025-08-08T02:43:00.558+0000] {taskinstance.py:2330} INFO - Executing <Task(PythonOperator): data_extract> on 2025-07-14 00:00:00+00:00
[2025-08-08T02:43:00.562+0000] {standard_task_runner.py:63} INFO - Started process 3297 to run task
[2025-08-08T02:43:00.564+0000] {standard_task_runner.py:90} INFO - Running: ['***', 'tasks', 'run', 'climate_data', 'data_extract', 'scheduled__2025-07-14T00:00:00+00:00', '--job-id', '953', '--raw', '--subdir', 'DAGS_FOLDER/climate_data.py', '--cfg-path', '/tmp/tmpv1g63wkc']
[2025-08-08T02:43:00.566+0000] {standard_task_runner.py:91} INFO - Job 953: Subtask data_extract
[2025-08-08T02:43:00.575+0000] {logging_mixin.py:188} WARNING - /home/***/.local/lib/python3.9/site-packages/***/settings.py:195 DeprecationWarning: The sql_alchemy_conn option in [core] has been moved to the sql_alchemy_conn option in [database] - the old setting has been used, but please update your config.
[2025-08-08T02:43:00.608+0000] {task_command.py:426} INFO - Running <TaskInstance: climate_data.data_extract scheduled__2025-07-14T00:00:00+00:00 [running]> on host 1a6f5acf67f4
[2025-08-08T02:43:00.659+0000] {taskinstance.py:2648} INFO - Exporting env vars: AIRFLOW_CTX_DAG_OWNER='***' AIRFLOW_CTX_DAG_ID='climate_data' AIRFLOW_CTX_TASK_ID='data_extract' AIRFLOW_CTX_EXECUTION_DATE='2025-07-14T00:00:00+00:00' AIRFLOW_CTX_TRY_NUMBER='1' AIRFLOW_CTX_DAG_RUN_ID='scheduled__2025-07-14T00:00:00+00:00'
[2025-08-08T02:43:00.660+0000] {taskinstance.py:430} INFO - ::endgroup::
[2025-08-08T02:43:01.272+0000] {taskinstance.py:441} INFO - ::group::Post task execution logs
[2025-08-08T02:43:01.273+0000] {taskinstance.py:2905} ERROR - Task failed with exception
Traceback (most recent call last):
  File "/home/airflow/.local/lib/python3.9/site-packages/airflow/models/taskinstance.py", line 465, in _execute_task
    result = _execute_callable(context=context, **execute_callable_kwargs)
  File "/home/airflow/.local/lib/python3.9/site-packages/airflow/models/taskinstance.py", line 432, in _execute_callable
    return execute_callable(context=context, **execute_callable_kwargs)
  File "/home/airflow/.local/lib/python3.9/site-packages/airflow/models/baseoperator.py", line 400, in wrapper
    return func(self, *args, **kwargs)
  File "/home/airflow/.local/lib/python3.9/site-packages/airflow/operators/python.py", line 235, in execute
    return_value = self.execute_callable()
  File "/home/airflow/.local/lib/python3.9/site-packages/airflow/operators/python.py", line 252, in execute_callable
    return self.python_callable(*self.op_args, **self.op_kwargs)
  File "/opt/airflow/dags/climate_data.py", line 21, in data_extract
    data = pd.read_csv(url)
  File "/home/airflow/.local/lib/python3.9/site-packages/pandas/io/parsers/readers.py", line 948, in read_csv
    return _read(filepath_or_buffer, kwds)
  File "/home/airflow/.local/lib/python3.9/site-packages/pandas/io/parsers/readers.py", line 611, in _read
    parser = TextFileReader(filepath_or_buffer, **kwds)
  File "/home/airflow/.local/lib/python3.9/site-packages/pandas/io/parsers/readers.py", line 1448, in __init__
    self._engine = self._make_engine(f, self.engine)
  File "/home/airflow/.local/lib/python3.9/site-packages/pandas/io/parsers/readers.py", line 1705, in _make_engine
    self.handles = get_handle(
  File "/home/airflow/.local/lib/python3.9/site-packages/pandas/io/common.py", line 718, in get_handle
    ioargs = _get_filepath_or_buffer(
  File "/home/airflow/.local/lib/python3.9/site-packages/pandas/io/common.py", line 372, in _get_filepath_or_buffer
    with urlopen(req_info) as req:
  File "/home/airflow/.local/lib/python3.9/site-packages/pandas/io/common.py", line 274, in urlopen
    return urllib.request.urlopen(*args, **kwargs)
  File "/usr/local/lib/python3.9/urllib/request.py", line 214, in urlopen
    return opener.open(url, data, timeout)
  File "/usr/local/lib/python3.9/urllib/request.py", line 523, in open
    response = meth(req, response)
  File "/usr/local/lib/python3.9/urllib/request.py", line 632, in http_response
    response = self.parent.error(
  File "/usr/local/lib/python3.9/urllib/request.py", line 561, in error
    return self._call_chain(*args)
  File "/usr/local/lib/python3.9/urllib/request.py", line 494, in _call_chain
    result = func(*args)
  File "/usr/local/lib/python3.9/urllib/request.py", line 641, in http_error_default
    raise HTTPError(req.full_url, code, msg, hdrs, fp)
urllib.error.HTTPError: HTTP Error 429: 
[2025-08-08T02:43:01.281+0000] {taskinstance.py:1206} INFO - Marking task as FAILED. dag_id=climate_data, task_id=data_extract, run_id=scheduled__2025-07-14T00:00:00+00:00, execution_date=20250714T000000, start_date=20250808T024300, end_date=20250808T024301
[2025-08-08T02:43:01.288+0000] {standard_task_runner.py:110} ERROR - Failed to execute job 953 for task data_extract (HTTP Error 429: ; 3297)
[2025-08-08T02:43:01.298+0000] {local_task_job_runner.py:240} INFO - Task exited with return code 1
[2025-08-08T02:43:01.308+0000] {taskinstance.py:3498} INFO - 0 downstream tasks scheduled from follow-on schedule check
[2025-08-08T02:43:01.310+0000] {local_task_job_runner.py:222} INFO - ::endgroup::
[2025-08-08T02:48:29.496+0000] {local_task_job_runner.py:120} INFO - ::group::Pre task execution logs
[2025-08-08T02:48:29.517+0000] {taskinstance.py:2076} INFO - Dependencies all met for dep_context=non-requeueable deps ti=<TaskInstance: climate_data.data_extract scheduled__2025-07-14T00:00:00+00:00 [queued]>
[2025-08-08T02:48:29.523+0000] {taskinstance.py:2076} INFO - Dependencies all met for dep_context=requeueable deps ti=<TaskInstance: climate_data.data_extract scheduled__2025-07-14T00:00:00+00:00 [queued]>
[2025-08-08T02:48:29.524+0000] {taskinstance.py:2306} INFO - Starting attempt 1 of 1
[2025-08-08T02:48:29.533+0000] {taskinstance.py:2330} INFO - Executing <Task(PythonOperator): data_extract> on 2025-07-14 00:00:00+00:00
[2025-08-08T02:48:29.536+0000] {standard_task_runner.py:63} INFO - Started process 3514 to run task
[2025-08-08T02:48:29.539+0000] {standard_task_runner.py:90} INFO - Running: ['***', 'tasks', 'run', 'climate_data', 'data_extract', 'scheduled__2025-07-14T00:00:00+00:00', '--job-id', '967', '--raw', '--subdir', 'DAGS_FOLDER/climate_data.py', '--cfg-path', '/tmp/tmpumnreh07']
[2025-08-08T02:48:29.541+0000] {standard_task_runner.py:91} INFO - Job 967: Subtask data_extract
[2025-08-08T02:48:29.554+0000] {logging_mixin.py:188} WARNING - /home/***/.local/lib/python3.9/site-packages/***/settings.py:195 DeprecationWarning: The sql_alchemy_conn option in [core] has been moved to the sql_alchemy_conn option in [database] - the old setting has been used, but please update your config.
[2025-08-08T02:48:29.602+0000] {task_command.py:426} INFO - Running <TaskInstance: climate_data.data_extract scheduled__2025-07-14T00:00:00+00:00 [running]> on host 1a6f5acf67f4
[2025-08-08T02:48:29.658+0000] {taskinstance.py:2648} INFO - Exporting env vars: AIRFLOW_CTX_DAG_OWNER='***' AIRFLOW_CTX_DAG_ID='climate_data' AIRFLOW_CTX_TASK_ID='data_extract' AIRFLOW_CTX_EXECUTION_DATE='2025-07-14T00:00:00+00:00' AIRFLOW_CTX_TRY_NUMBER='1' AIRFLOW_CTX_DAG_RUN_ID='scheduled__2025-07-14T00:00:00+00:00'
[2025-08-08T02:48:29.659+0000] {taskinstance.py:430} INFO - ::endgroup::
[2025-08-08T02:48:30.314+0000] {taskinstance.py:441} INFO - ::group::Post task execution logs
[2025-08-08T02:48:30.315+0000] {taskinstance.py:2905} ERROR - Task failed with exception
Traceback (most recent call last):
  File "/home/airflow/.local/lib/python3.9/site-packages/airflow/models/taskinstance.py", line 465, in _execute_task
    result = _execute_callable(context=context, **execute_callable_kwargs)
  File "/home/airflow/.local/lib/python3.9/site-packages/airflow/models/taskinstance.py", line 432, in _execute_callable
    return execute_callable(context=context, **execute_callable_kwargs)
  File "/home/airflow/.local/lib/python3.9/site-packages/airflow/models/baseoperator.py", line 400, in wrapper
    return func(self, *args, **kwargs)
  File "/home/airflow/.local/lib/python3.9/site-packages/airflow/operators/python.py", line 235, in execute
    return_value = self.execute_callable()
  File "/home/airflow/.local/lib/python3.9/site-packages/airflow/operators/python.py", line 252, in execute_callable
    return self.python_callable(*self.op_args, **self.op_kwargs)
  File "/opt/airflow/dags/climate_data.py", line 21, in data_extract
    data = pd.read_csv(url)
  File "/home/airflow/.local/lib/python3.9/site-packages/pandas/io/parsers/readers.py", line 948, in read_csv
    return _read(filepath_or_buffer, kwds)
  File "/home/airflow/.local/lib/python3.9/site-packages/pandas/io/parsers/readers.py", line 611, in _read
    parser = TextFileReader(filepath_or_buffer, **kwds)
  File "/home/airflow/.local/lib/python3.9/site-packages/pandas/io/parsers/readers.py", line 1448, in __init__
    self._engine = self._make_engine(f, self.engine)
  File "/home/airflow/.local/lib/python3.9/site-packages/pandas/io/parsers/readers.py", line 1705, in _make_engine
    self.handles = get_handle(
  File "/home/airflow/.local/lib/python3.9/site-packages/pandas/io/common.py", line 718, in get_handle
    ioargs = _get_filepath_or_buffer(
  File "/home/airflow/.local/lib/python3.9/site-packages/pandas/io/common.py", line 372, in _get_filepath_or_buffer
    with urlopen(req_info) as req:
  File "/home/airflow/.local/lib/python3.9/site-packages/pandas/io/common.py", line 274, in urlopen
    return urllib.request.urlopen(*args, **kwargs)
  File "/usr/local/lib/python3.9/urllib/request.py", line 214, in urlopen
    return opener.open(url, data, timeout)
  File "/usr/local/lib/python3.9/urllib/request.py", line 523, in open
    response = meth(req, response)
  File "/usr/local/lib/python3.9/urllib/request.py", line 632, in http_response
    response = self.parent.error(
  File "/usr/local/lib/python3.9/urllib/request.py", line 561, in error
    return self._call_chain(*args)
  File "/usr/local/lib/python3.9/urllib/request.py", line 494, in _call_chain
    result = func(*args)
  File "/usr/local/lib/python3.9/urllib/request.py", line 641, in http_error_default
    raise HTTPError(req.full_url, code, msg, hdrs, fp)
urllib.error.HTTPError: HTTP Error 429: 
[2025-08-08T02:48:30.326+0000] {taskinstance.py:1206} INFO - Marking task as FAILED. dag_id=climate_data, task_id=data_extract, run_id=scheduled__2025-07-14T00:00:00+00:00, execution_date=20250714T000000, start_date=20250808T024829, end_date=20250808T024830
[2025-08-08T02:48:30.345+0000] {standard_task_runner.py:110} ERROR - Failed to execute job 967 for task data_extract (HTTP Error 429: ; 3514)
[2025-08-08T02:48:30.353+0000] {local_task_job_runner.py:240} INFO - Task exited with return code 1
[2025-08-08T02:48:30.360+0000] {local_task_job_runner.py:222} INFO - ::endgroup::
[2025-08-08T02:54:55.048+0000] {local_task_job_runner.py:120} INFO - ::group::Pre task execution logs
[2025-08-08T02:54:55.070+0000] {taskinstance.py:2076} INFO - Dependencies all met for dep_context=non-requeueable deps ti=<TaskInstance: climate_data.data_extract scheduled__2025-07-14T00:00:00+00:00 [queued]>
[2025-08-08T02:54:55.075+0000] {taskinstance.py:2076} INFO - Dependencies all met for dep_context=requeueable deps ti=<TaskInstance: climate_data.data_extract scheduled__2025-07-14T00:00:00+00:00 [queued]>
[2025-08-08T02:54:55.076+0000] {taskinstance.py:2306} INFO - Starting attempt 1 of 1
[2025-08-08T02:54:55.086+0000] {taskinstance.py:2330} INFO - Executing <Task(PythonOperator): data_extract> on 2025-07-14 00:00:00+00:00
[2025-08-08T02:54:55.091+0000] {standard_task_runner.py:63} INFO - Started process 3763 to run task
[2025-08-08T02:54:55.093+0000] {standard_task_runner.py:90} INFO - Running: ['***', 'tasks', 'run', 'climate_data', 'data_extract', 'scheduled__2025-07-14T00:00:00+00:00', '--job-id', '977', '--raw', '--subdir', 'DAGS_FOLDER/climate_data.py', '--cfg-path', '/tmp/tmp9ao6onpn']
[2025-08-08T02:54:55.095+0000] {standard_task_runner.py:91} INFO - Job 977: Subtask data_extract
[2025-08-08T02:54:55.109+0000] {logging_mixin.py:188} WARNING - /home/***/.local/lib/python3.9/site-packages/***/settings.py:195 DeprecationWarning: The sql_alchemy_conn option in [core] has been moved to the sql_alchemy_conn option in [database] - the old setting has been used, but please update your config.
[2025-08-08T02:54:55.146+0000] {task_command.py:426} INFO - Running <TaskInstance: climate_data.data_extract scheduled__2025-07-14T00:00:00+00:00 [running]> on host 1a6f5acf67f4
[2025-08-08T02:54:55.213+0000] {taskinstance.py:2648} INFO - Exporting env vars: AIRFLOW_CTX_DAG_OWNER='***' AIRFLOW_CTX_DAG_ID='climate_data' AIRFLOW_CTX_TASK_ID='data_extract' AIRFLOW_CTX_EXECUTION_DATE='2025-07-14T00:00:00+00:00' AIRFLOW_CTX_TRY_NUMBER='1' AIRFLOW_CTX_DAG_RUN_ID='scheduled__2025-07-14T00:00:00+00:00'
[2025-08-08T02:54:55.214+0000] {taskinstance.py:430} INFO - ::endgroup::
[2025-08-08T02:54:55.222+0000] {taskinstance.py:441} INFO - ::group::Post task execution logs
[2025-08-08T02:54:55.222+0000] {taskinstance.py:2905} ERROR - Task failed with exception
Traceback (most recent call last):
  File "/home/airflow/.local/lib/python3.9/site-packages/airflow/models/taskinstance.py", line 465, in _execute_task
    result = _execute_callable(context=context, **execute_callable_kwargs)
  File "/home/airflow/.local/lib/python3.9/site-packages/airflow/models/taskinstance.py", line 432, in _execute_callable
    return execute_callable(context=context, **execute_callable_kwargs)
  File "/home/airflow/.local/lib/python3.9/site-packages/airflow/models/baseoperator.py", line 400, in wrapper
    return func(self, *args, **kwargs)
  File "/home/airflow/.local/lib/python3.9/site-packages/airflow/operators/python.py", line 235, in execute
    return_value = self.execute_callable()
  File "/home/airflow/.local/lib/python3.9/site-packages/airflow/operators/python.py", line 252, in execute_callable
    return self.python_callable(*self.op_args, **self.op_kwargs)
  File "/opt/airflow/dags/climate_data.py", line 28, in data_extract
    response = requests.get(url, params=params)
NameError: name 'requests' is not defined
[2025-08-08T02:54:55.230+0000] {taskinstance.py:1206} INFO - Marking task as FAILED. dag_id=climate_data, task_id=data_extract, run_id=scheduled__2025-07-14T00:00:00+00:00, execution_date=20250714T000000, start_date=20250808T025455, end_date=20250808T025455
[2025-08-08T02:54:55.239+0000] {standard_task_runner.py:110} ERROR - Failed to execute job 977 for task data_extract (name 'requests' is not defined; 3763)
[2025-08-08T02:54:55.266+0000] {local_task_job_runner.py:240} INFO - Task exited with return code 1
[2025-08-08T02:54:55.277+0000] {taskinstance.py:3498} INFO - 0 downstream tasks scheduled from follow-on schedule check
[2025-08-08T02:54:55.279+0000] {local_task_job_runner.py:222} INFO - ::endgroup::
[2025-08-08T02:57:09.268+0000] {local_task_job_runner.py:120} INFO - ::group::Pre task execution logs
[2025-08-08T02:57:09.288+0000] {taskinstance.py:2076} INFO - Dependencies all met for dep_context=non-requeueable deps ti=<TaskInstance: climate_data.data_extract scheduled__2025-07-14T00:00:00+00:00 [queued]>
[2025-08-08T02:57:09.293+0000] {taskinstance.py:2076} INFO - Dependencies all met for dep_context=requeueable deps ti=<TaskInstance: climate_data.data_extract scheduled__2025-07-14T00:00:00+00:00 [queued]>
[2025-08-08T02:57:09.293+0000] {taskinstance.py:2306} INFO - Starting attempt 1 of 1
[2025-08-08T02:57:09.301+0000] {taskinstance.py:2330} INFO - Executing <Task(PythonOperator): data_extract> on 2025-07-14 00:00:00+00:00
[2025-08-08T02:57:09.305+0000] {standard_task_runner.py:63} INFO - Started process 3893 to run task
[2025-08-08T02:57:09.308+0000] {standard_task_runner.py:90} INFO - Running: ['***', 'tasks', 'run', 'climate_data', 'data_extract', 'scheduled__2025-07-14T00:00:00+00:00', '--job-id', '988', '--raw', '--subdir', 'DAGS_FOLDER/climate_data.py', '--cfg-path', '/tmp/tmprwe_8dex']
[2025-08-08T02:57:09.310+0000] {standard_task_runner.py:91} INFO - Job 988: Subtask data_extract
[2025-08-08T02:57:09.321+0000] {logging_mixin.py:188} WARNING - /home/***/.local/lib/python3.9/site-packages/***/settings.py:195 DeprecationWarning: The sql_alchemy_conn option in [core] has been moved to the sql_alchemy_conn option in [database] - the old setting has been used, but please update your config.
[2025-08-08T02:57:09.358+0000] {task_command.py:426} INFO - Running <TaskInstance: climate_data.data_extract scheduled__2025-07-14T00:00:00+00:00 [running]> on host 1a6f5acf67f4
[2025-08-08T02:57:09.417+0000] {taskinstance.py:2648} INFO - Exporting env vars: AIRFLOW_CTX_DAG_OWNER='***' AIRFLOW_CTX_DAG_ID='climate_data' AIRFLOW_CTX_TASK_ID='data_extract' AIRFLOW_CTX_EXECUTION_DATE='2025-07-14T00:00:00+00:00' AIRFLOW_CTX_TRY_NUMBER='1' AIRFLOW_CTX_DAG_RUN_ID='scheduled__2025-07-14T00:00:00+00:00'
[2025-08-08T02:57:09.418+0000] {taskinstance.py:430} INFO - ::endgroup::
[2025-08-08T02:57:10.267+0000] {python.py:237} INFO - Done. Returned value was: None
[2025-08-08T02:57:10.268+0000] {taskinstance.py:441} INFO - ::group::Post task execution logs
[2025-08-08T02:57:10.274+0000] {taskinstance.py:1206} INFO - Marking task as SUCCESS. dag_id=climate_data, task_id=data_extract, run_id=scheduled__2025-07-14T00:00:00+00:00, execution_date=20250714T000000, start_date=20250808T025709, end_date=20250808T025710
[2025-08-08T02:57:10.323+0000] {local_task_job_runner.py:240} INFO - Task exited with return code 0
[2025-08-08T02:57:10.334+0000] {taskinstance.py:3498} INFO - 0 downstream tasks scheduled from follow-on schedule check
[2025-08-08T02:57:10.335+0000] {local_task_job_runner.py:222} INFO - ::endgroup::
[2025-08-08T03:07:11.357+0000] {local_task_job_runner.py:120} INFO - ::group::Pre task execution logs
[2025-08-08T03:07:11.378+0000] {taskinstance.py:2076} INFO - Dependencies all met for dep_context=non-requeueable deps ti=<TaskInstance: climate_data.data_extract scheduled__2025-07-14T00:00:00+00:00 [queued]>
[2025-08-08T03:07:11.385+0000] {taskinstance.py:2076} INFO - Dependencies all met for dep_context=requeueable deps ti=<TaskInstance: climate_data.data_extract scheduled__2025-07-14T00:00:00+00:00 [queued]>
[2025-08-08T03:07:11.385+0000] {taskinstance.py:2306} INFO - Starting attempt 1 of 1
[2025-08-08T03:07:11.394+0000] {taskinstance.py:2330} INFO - Executing <Task(PythonOperator): data_extract> on 2025-07-14 00:00:00+00:00
[2025-08-08T03:07:11.399+0000] {standard_task_runner.py:63} INFO - Started process 4242 to run task
[2025-08-08T03:07:11.402+0000] {standard_task_runner.py:90} INFO - Running: ['***', 'tasks', 'run', 'climate_data', 'data_extract', 'scheduled__2025-07-14T00:00:00+00:00', '--job-id', '1000', '--raw', '--subdir', 'DAGS_FOLDER/climate_data.py', '--cfg-path', '/tmp/tmpthjaql5k']
[2025-08-08T03:07:11.404+0000] {standard_task_runner.py:91} INFO - Job 1000: Subtask data_extract
[2025-08-08T03:07:11.417+0000] {logging_mixin.py:188} WARNING - /home/***/.local/lib/python3.9/site-packages/***/settings.py:195 DeprecationWarning: The sql_alchemy_conn option in [core] has been moved to the sql_alchemy_conn option in [database] - the old setting has been used, but please update your config.
[2025-08-08T03:07:11.460+0000] {task_command.py:426} INFO - Running <TaskInstance: climate_data.data_extract scheduled__2025-07-14T00:00:00+00:00 [running]> on host 1a6f5acf67f4
[2025-08-08T03:07:11.529+0000] {taskinstance.py:2648} INFO - Exporting env vars: AIRFLOW_CTX_DAG_OWNER='***' AIRFLOW_CTX_DAG_ID='climate_data' AIRFLOW_CTX_TASK_ID='data_extract' AIRFLOW_CTX_EXECUTION_DATE='2025-07-14T00:00:00+00:00' AIRFLOW_CTX_TRY_NUMBER='1' AIRFLOW_CTX_DAG_RUN_ID='scheduled__2025-07-14T00:00:00+00:00'
[2025-08-08T03:07:11.531+0000] {taskinstance.py:430} INFO - ::endgroup::
[2025-08-08T03:07:11.550+0000] {taskinstance.py:441} INFO - ::group::Post task execution logs
[2025-08-08T03:07:11.551+0000] {taskinstance.py:2905} ERROR - Task failed with exception
Traceback (most recent call last):
  File "/home/airflow/.local/lib/python3.9/site-packages/airflow/models/taskinstance.py", line 465, in _execute_task
    result = _execute_callable(context=context, **execute_callable_kwargs)
  File "/home/airflow/.local/lib/python3.9/site-packages/airflow/models/taskinstance.py", line 432, in _execute_callable
    return execute_callable(context=context, **execute_callable_kwargs)
  File "/home/airflow/.local/lib/python3.9/site-packages/airflow/models/baseoperator.py", line 400, in wrapper
    return func(self, *args, **kwargs)
  File "/home/airflow/.local/lib/python3.9/site-packages/airflow/operators/python.py", line 235, in execute
    return_value = self.execute_callable()
  File "/home/airflow/.local/lib/python3.9/site-packages/airflow/operators/python.py", line 252, in execute_callable
    return self.python_callable(*self.op_args, **self.op_kwargs)
  File "/opt/airflow/dags/climate_data.py", line 18, in data_extract
    if end_date >= today:
NameError: name 'today' is not defined
[2025-08-08T03:07:11.561+0000] {taskinstance.py:1206} INFO - Marking task as FAILED. dag_id=climate_data, task_id=data_extract, run_id=scheduled__2025-07-14T00:00:00+00:00, execution_date=20250714T000000, start_date=20250808T030711, end_date=20250808T030711
[2025-08-08T03:07:11.573+0000] {standard_task_runner.py:110} ERROR - Failed to execute job 1000 for task data_extract (name 'today' is not defined; 4242)
[2025-08-08T03:07:11.615+0000] {local_task_job_runner.py:240} INFO - Task exited with return code 1
[2025-08-08T03:07:11.628+0000] {taskinstance.py:3498} INFO - 0 downstream tasks scheduled from follow-on schedule check
[2025-08-08T03:07:11.630+0000] {local_task_job_runner.py:222} INFO - ::endgroup::
[2025-08-08T03:09:39.239+0000] {local_task_job_runner.py:120} INFO - ::group::Pre task execution logs
[2025-08-08T03:09:39.258+0000] {taskinstance.py:2076} INFO - Dependencies all met for dep_context=non-requeueable deps ti=<TaskInstance: climate_data.data_extract scheduled__2025-07-14T00:00:00+00:00 [queued]>
[2025-08-08T03:09:39.263+0000] {taskinstance.py:2076} INFO - Dependencies all met for dep_context=requeueable deps ti=<TaskInstance: climate_data.data_extract scheduled__2025-07-14T00:00:00+00:00 [queued]>
[2025-08-08T03:09:39.263+0000] {taskinstance.py:2306} INFO - Starting attempt 1 of 1
[2025-08-08T03:09:39.272+0000] {taskinstance.py:2330} INFO - Executing <Task(PythonOperator): data_extract> on 2025-07-14 00:00:00+00:00
[2025-08-08T03:09:39.276+0000] {standard_task_runner.py:63} INFO - Started process 4362 to run task
[2025-08-08T03:09:39.280+0000] {standard_task_runner.py:90} INFO - Running: ['***', 'tasks', 'run', 'climate_data', 'data_extract', 'scheduled__2025-07-14T00:00:00+00:00', '--job-id', '1015', '--raw', '--subdir', 'DAGS_FOLDER/climate_data.py', '--cfg-path', '/tmp/tmp3k6afivw']
[2025-08-08T03:09:39.281+0000] {standard_task_runner.py:91} INFO - Job 1015: Subtask data_extract
[2025-08-08T03:09:39.292+0000] {logging_mixin.py:188} WARNING - /home/***/.local/lib/python3.9/site-packages/***/settings.py:195 DeprecationWarning: The sql_alchemy_conn option in [core] has been moved to the sql_alchemy_conn option in [database] - the old setting has been used, but please update your config.
[2025-08-08T03:09:39.331+0000] {task_command.py:426} INFO - Running <TaskInstance: climate_data.data_extract scheduled__2025-07-14T00:00:00+00:00 [running]> on host 1a6f5acf67f4
[2025-08-08T03:09:39.387+0000] {taskinstance.py:2648} INFO - Exporting env vars: AIRFLOW_CTX_DAG_OWNER='***' AIRFLOW_CTX_DAG_ID='climate_data' AIRFLOW_CTX_TASK_ID='data_extract' AIRFLOW_CTX_EXECUTION_DATE='2025-07-14T00:00:00+00:00' AIRFLOW_CTX_TRY_NUMBER='1' AIRFLOW_CTX_DAG_RUN_ID='scheduled__2025-07-14T00:00:00+00:00'
[2025-08-08T03:09:39.389+0000] {taskinstance.py:430} INFO - ::endgroup::
[2025-08-08T03:09:40.092+0000] {python.py:237} INFO - Done. Returned value was: None
[2025-08-08T03:09:40.092+0000] {taskinstance.py:441} INFO - ::group::Post task execution logs
[2025-08-08T03:09:40.099+0000] {taskinstance.py:1206} INFO - Marking task as SUCCESS. dag_id=climate_data, task_id=data_extract, run_id=scheduled__2025-07-14T00:00:00+00:00, execution_date=20250714T000000, start_date=20250808T030939, end_date=20250808T030940
[2025-08-08T03:09:40.133+0000] {local_task_job_runner.py:240} INFO - Task exited with return code 0
[2025-08-08T03:09:40.140+0000] {local_task_job_runner.py:222} INFO - ::endgroup::
