[2025-08-08T02:26:41.221+0000] {local_task_job_runner.py:120} INFO - ::group::Pre task execution logs
[2025-08-08T02:26:41.245+0000] {taskinstance.py:2076} INFO - Dependencies all met for dep_context=non-requeueable deps ti=<TaskInstance: climate_data.create_folder scheduled__2024-01-08T00:00:00+00:00 [queued]>
[2025-08-08T02:26:41.252+0000] {taskinstance.py:2076} INFO - Dependencies all met for dep_context=requeueable deps ti=<TaskInstance: climate_data.create_folder scheduled__2024-01-08T00:00:00+00:00 [queued]>
[2025-08-08T02:26:41.252+0000] {taskinstance.py:2306} INFO - Starting attempt 1 of 1
[2025-08-08T02:26:41.263+0000] {taskinstance.py:2330} INFO - Executing <Task(BashOperator): create_folder> on 2024-01-08 00:00:00+00:00
[2025-08-08T02:26:41.267+0000] {standard_task_runner.py:63} INFO - Started process 508 to run task
[2025-08-08T02:26:41.271+0000] {standard_task_runner.py:90} INFO - Running: ['***', 'tasks', 'run', 'climate_data', 'create_folder', 'scheduled__2024-01-08T00:00:00+00:00', '--job-id', '101', '--raw', '--subdir', 'DAGS_FOLDER/climate_data.py', '--cfg-path', '/tmp/tmph8a5e68d']
[2025-08-08T02:26:41.273+0000] {standard_task_runner.py:91} INFO - Job 101: Subtask create_folder
[2025-08-08T02:26:41.285+0000] {logging_mixin.py:188} WARNING - /home/***/.local/lib/python3.9/site-packages/***/settings.py:195 DeprecationWarning: The sql_alchemy_conn option in [core] has been moved to the sql_alchemy_conn option in [database] - the old setting has been used, but please update your config.
[2025-08-08T02:26:41.327+0000] {task_command.py:426} INFO - Running <TaskInstance: climate_data.create_folder scheduled__2024-01-08T00:00:00+00:00 [running]> on host 3ceab82043f1
[2025-08-08T02:26:41.398+0000] {taskinstance.py:2648} INFO - Exporting env vars: AIRFLOW_CTX_DAG_OWNER='***' AIRFLOW_CTX_DAG_ID='climate_data' AIRFLOW_CTX_TASK_ID='create_folder' AIRFLOW_CTX_EXECUTION_DATE='2024-01-08T00:00:00+00:00' AIRFLOW_CTX_TRY_NUMBER='1' AIRFLOW_CTX_DAG_RUN_ID='scheduled__2024-01-08T00:00:00+00:00'
[2025-08-08T02:26:41.400+0000] {taskinstance.py:430} INFO - ::endgroup::
[2025-08-08T02:26:41.407+0000] {subprocess.py:63} INFO - Tmp dir root location: /tmp
[2025-08-08T02:26:41.408+0000] {subprocess.py:75} INFO - Running command: ['/usr/bin/bash', '-c', 'mkdir -p /home/***/host_documents/week2024-01-15"']
[2025-08-08T02:26:41.416+0000] {subprocess.py:86} INFO - Output:
[2025-08-08T02:26:41.417+0000] {subprocess.py:93} INFO - /usr/bin/bash: -c: line 1: unexpected EOF while looking for matching `"'
[2025-08-08T02:26:41.417+0000] {subprocess.py:97} INFO - Command exited with return code 2
[2025-08-08T02:26:41.418+0000] {taskinstance.py:441} INFO - ::group::Post task execution logs
[2025-08-08T02:26:41.425+0000] {taskinstance.py:2905} ERROR - Task failed with exception
Traceback (most recent call last):
  File "/home/airflow/.local/lib/python3.9/site-packages/airflow/models/taskinstance.py", line 465, in _execute_task
    result = _execute_callable(context=context, **execute_callable_kwargs)
  File "/home/airflow/.local/lib/python3.9/site-packages/airflow/models/taskinstance.py", line 432, in _execute_callable
    return execute_callable(context=context, **execute_callable_kwargs)
  File "/home/airflow/.local/lib/python3.9/site-packages/airflow/models/baseoperator.py", line 400, in wrapper
    return func(self, *args, **kwargs)
  File "/home/airflow/.local/lib/python3.9/site-packages/airflow/operators/bash.py", line 243, in execute
    raise AirflowException(
airflow.exceptions.AirflowException: Bash command failed. The command returned a non-zero exit code 2.
[2025-08-08T02:26:41.428+0000] {taskinstance.py:1206} INFO - Marking task as FAILED. dag_id=climate_data, task_id=create_folder, run_id=scheduled__2024-01-08T00:00:00+00:00, execution_date=20240108T000000, start_date=20250808T022641, end_date=20250808T022641
[2025-08-08T02:26:41.436+0000] {standard_task_runner.py:110} ERROR - Failed to execute job 101 for task create_folder (Bash command failed. The command returned a non-zero exit code 2.; 508)
[2025-08-08T02:26:41.443+0000] {local_task_job_runner.py:240} INFO - Task exited with return code 1
[2025-08-08T02:26:41.459+0000] {taskinstance.py:3498} INFO - 0 downstream tasks scheduled from follow-on schedule check
[2025-08-08T02:26:41.463+0000] {local_task_job_runner.py:222} INFO - ::endgroup::
[2025-08-08T02:35:01.865+0000] {local_task_job_runner.py:120} INFO - ::group::Pre task execution logs
[2025-08-08T02:35:01.885+0000] {taskinstance.py:2076} INFO - Dependencies all met for dep_context=non-requeueable deps ti=<TaskInstance: climate_data.create_folder scheduled__2024-01-08T00:00:00+00:00 [queued]>
[2025-08-08T02:35:01.891+0000] {taskinstance.py:2076} INFO - Dependencies all met for dep_context=requeueable deps ti=<TaskInstance: climate_data.create_folder scheduled__2024-01-08T00:00:00+00:00 [queued]>
[2025-08-08T02:35:01.892+0000] {taskinstance.py:2306} INFO - Starting attempt 1 of 1
[2025-08-08T02:35:01.906+0000] {taskinstance.py:2330} INFO - Executing <Task(BashOperator): create_folder> on 2024-01-08 00:00:00+00:00
[2025-08-08T02:35:01.910+0000] {standard_task_runner.py:63} INFO - Started process 559 to run task
[2025-08-08T02:35:01.913+0000] {standard_task_runner.py:90} INFO - Running: ['***', 'tasks', 'run', 'climate_data', 'create_folder', 'scheduled__2024-01-08T00:00:00+00:00', '--job-id', '257', '--raw', '--subdir', 'DAGS_FOLDER/climate_data.py', '--cfg-path', '/tmp/tmpnn_aadcn']
[2025-08-08T02:35:01.917+0000] {standard_task_runner.py:91} INFO - Job 257: Subtask create_folder
[2025-08-08T02:35:01.928+0000] {logging_mixin.py:188} WARNING - /home/***/.local/lib/python3.9/site-packages/***/settings.py:195 DeprecationWarning: The sql_alchemy_conn option in [core] has been moved to the sql_alchemy_conn option in [database] - the old setting has been used, but please update your config.
[2025-08-08T02:35:01.976+0000] {task_command.py:426} INFO - Running <TaskInstance: climate_data.create_folder scheduled__2024-01-08T00:00:00+00:00 [running]> on host 1a6f5acf67f4
[2025-08-08T02:35:02.045+0000] {taskinstance.py:2648} INFO - Exporting env vars: AIRFLOW_CTX_DAG_OWNER='***' AIRFLOW_CTX_DAG_ID='climate_data' AIRFLOW_CTX_TASK_ID='create_folder' AIRFLOW_CTX_EXECUTION_DATE='2024-01-08T00:00:00+00:00' AIRFLOW_CTX_TRY_NUMBER='1' AIRFLOW_CTX_DAG_RUN_ID='scheduled__2024-01-08T00:00:00+00:00'
[2025-08-08T02:35:02.046+0000] {taskinstance.py:430} INFO - ::endgroup::
[2025-08-08T02:35:02.054+0000] {subprocess.py:63} INFO - Tmp dir root location: /tmp
[2025-08-08T02:35:02.055+0000] {subprocess.py:75} INFO - Running command: ['/usr/bin/bash', '-c', 'mkdir -p /home/***/host_documents/week2024-01-15"']
[2025-08-08T02:35:02.062+0000] {subprocess.py:86} INFO - Output:
[2025-08-08T02:35:02.063+0000] {subprocess.py:93} INFO - /usr/bin/bash: -c: line 1: unexpected EOF while looking for matching `"'
[2025-08-08T02:35:02.064+0000] {subprocess.py:97} INFO - Command exited with return code 2
[2025-08-08T02:35:02.064+0000] {taskinstance.py:441} INFO - ::group::Post task execution logs
[2025-08-08T02:35:02.073+0000] {taskinstance.py:2905} ERROR - Task failed with exception
Traceback (most recent call last):
  File "/home/airflow/.local/lib/python3.9/site-packages/airflow/models/taskinstance.py", line 465, in _execute_task
    result = _execute_callable(context=context, **execute_callable_kwargs)
  File "/home/airflow/.local/lib/python3.9/site-packages/airflow/models/taskinstance.py", line 432, in _execute_callable
    return execute_callable(context=context, **execute_callable_kwargs)
  File "/home/airflow/.local/lib/python3.9/site-packages/airflow/models/baseoperator.py", line 400, in wrapper
    return func(self, *args, **kwargs)
  File "/home/airflow/.local/lib/python3.9/site-packages/airflow/operators/bash.py", line 243, in execute
    raise AirflowException(
airflow.exceptions.AirflowException: Bash command failed. The command returned a non-zero exit code 2.
[2025-08-08T02:35:02.076+0000] {taskinstance.py:1206} INFO - Marking task as FAILED. dag_id=climate_data, task_id=create_folder, run_id=scheduled__2024-01-08T00:00:00+00:00, execution_date=20240108T000000, start_date=20250808T023501, end_date=20250808T023502
[2025-08-08T02:35:02.085+0000] {standard_task_runner.py:110} ERROR - Failed to execute job 257 for task create_folder (Bash command failed. The command returned a non-zero exit code 2.; 559)
[2025-08-08T02:35:02.125+0000] {local_task_job_runner.py:240} INFO - Task exited with return code 1
[2025-08-08T02:35:02.140+0000] {taskinstance.py:3498} INFO - 0 downstream tasks scheduled from follow-on schedule check
[2025-08-08T02:35:02.142+0000] {local_task_job_runner.py:222} INFO - ::endgroup::
[2025-08-08T02:39:35.346+0000] {local_task_job_runner.py:120} INFO - ::group::Pre task execution logs
[2025-08-08T02:39:35.368+0000] {taskinstance.py:2076} INFO - Dependencies all met for dep_context=non-requeueable deps ti=<TaskInstance: climate_data.create_folder scheduled__2024-01-08T00:00:00+00:00 [queued]>
[2025-08-08T02:39:35.379+0000] {taskinstance.py:2076} INFO - Dependencies all met for dep_context=requeueable deps ti=<TaskInstance: climate_data.create_folder scheduled__2024-01-08T00:00:00+00:00 [queued]>
[2025-08-08T02:39:35.379+0000] {taskinstance.py:2306} INFO - Starting attempt 1 of 1
[2025-08-08T02:39:35.432+0000] {taskinstance.py:2330} INFO - Executing <Task(BashOperator): create_folder> on 2024-01-08 00:00:00+00:00
[2025-08-08T02:39:35.437+0000] {standard_task_runner.py:63} INFO - Started process 1524 to run task
[2025-08-08T02:39:35.441+0000] {standard_task_runner.py:90} INFO - Running: ['***', 'tasks', 'run', 'climate_data', 'create_folder', 'scheduled__2024-01-08T00:00:00+00:00', '--job-id', '477', '--raw', '--subdir', 'DAGS_FOLDER/climate_data.py', '--cfg-path', '/tmp/tmp4khi13v8']
[2025-08-08T02:39:35.443+0000] {standard_task_runner.py:91} INFO - Job 477: Subtask create_folder
[2025-08-08T02:39:35.458+0000] {logging_mixin.py:188} WARNING - /home/***/.local/lib/python3.9/site-packages/***/settings.py:195 DeprecationWarning: The sql_alchemy_conn option in [core] has been moved to the sql_alchemy_conn option in [database] - the old setting has been used, but please update your config.
[2025-08-08T02:39:35.508+0000] {task_command.py:426} INFO - Running <TaskInstance: climate_data.create_folder scheduled__2024-01-08T00:00:00+00:00 [running]> on host 1a6f5acf67f4
[2025-08-08T02:39:35.581+0000] {taskinstance.py:2648} INFO - Exporting env vars: AIRFLOW_CTX_DAG_OWNER='***' AIRFLOW_CTX_DAG_ID='climate_data' AIRFLOW_CTX_TASK_ID='create_folder' AIRFLOW_CTX_EXECUTION_DATE='2024-01-08T00:00:00+00:00' AIRFLOW_CTX_TRY_NUMBER='1' AIRFLOW_CTX_DAG_RUN_ID='scheduled__2024-01-08T00:00:00+00:00'
[2025-08-08T02:39:35.582+0000] {taskinstance.py:430} INFO - ::endgroup::
[2025-08-08T02:39:35.591+0000] {subprocess.py:63} INFO - Tmp dir root location: /tmp
[2025-08-08T02:39:35.593+0000] {subprocess.py:75} INFO - Running command: ['/usr/bin/bash', '-c', 'mkdir -p /home/***/host_documents/week2024-01-15']
[2025-08-08T02:39:35.604+0000] {subprocess.py:86} INFO - Output:
[2025-08-08T02:39:35.609+0000] {subprocess.py:97} INFO - Command exited with return code 0
[2025-08-08T02:39:35.610+0000] {taskinstance.py:441} INFO - ::group::Post task execution logs
[2025-08-08T02:39:35.639+0000] {taskinstance.py:1206} INFO - Marking task as SUCCESS. dag_id=climate_data, task_id=create_folder, run_id=scheduled__2024-01-08T00:00:00+00:00, execution_date=20240108T000000, start_date=20250808T023935, end_date=20250808T023935
[2025-08-08T02:39:35.735+0000] {local_task_job_runner.py:240} INFO - Task exited with return code 0
[2025-08-08T02:39:35.755+0000] {taskinstance.py:3498} INFO - 1 downstream tasks scheduled from follow-on schedule check
[2025-08-08T02:39:35.758+0000] {local_task_job_runner.py:222} INFO - ::endgroup::
[2025-08-08T02:42:34.426+0000] {local_task_job_runner.py:120} INFO - ::group::Pre task execution logs
[2025-08-08T02:42:34.448+0000] {taskinstance.py:2076} INFO - Dependencies all met for dep_context=non-requeueable deps ti=<TaskInstance: climate_data.create_folder scheduled__2024-01-08T00:00:00+00:00 [queued]>
[2025-08-08T02:42:34.459+0000] {taskinstance.py:2076} INFO - Dependencies all met for dep_context=requeueable deps ti=<TaskInstance: climate_data.create_folder scheduled__2024-01-08T00:00:00+00:00 [queued]>
[2025-08-08T02:42:34.459+0000] {taskinstance.py:2306} INFO - Starting attempt 1 of 1
[2025-08-08T02:42:34.539+0000] {taskinstance.py:2330} INFO - Executing <Task(BashOperator): create_folder> on 2024-01-08 00:00:00+00:00
[2025-08-08T02:42:34.544+0000] {standard_task_runner.py:63} INFO - Started process 2704 to run task
[2025-08-08T02:42:34.547+0000] {standard_task_runner.py:90} INFO - Running: ['***', 'tasks', 'run', 'climate_data', 'create_folder', 'scheduled__2024-01-08T00:00:00+00:00', '--job-id', '785', '--raw', '--subdir', 'DAGS_FOLDER/climate_data.py', '--cfg-path', '/tmp/tmppmvqe_26']
[2025-08-08T02:42:34.549+0000] {standard_task_runner.py:91} INFO - Job 785: Subtask create_folder
[2025-08-08T02:42:34.570+0000] {logging_mixin.py:188} WARNING - /home/***/.local/lib/python3.9/site-packages/***/settings.py:195 DeprecationWarning: The sql_alchemy_conn option in [core] has been moved to the sql_alchemy_conn option in [database] - the old setting has been used, but please update your config.
[2025-08-08T02:42:34.621+0000] {task_command.py:426} INFO - Running <TaskInstance: climate_data.create_folder scheduled__2024-01-08T00:00:00+00:00 [running]> on host 1a6f5acf67f4
[2025-08-08T02:42:34.698+0000] {taskinstance.py:2648} INFO - Exporting env vars: AIRFLOW_CTX_DAG_OWNER='***' AIRFLOW_CTX_DAG_ID='climate_data' AIRFLOW_CTX_TASK_ID='create_folder' AIRFLOW_CTX_EXECUTION_DATE='2024-01-08T00:00:00+00:00' AIRFLOW_CTX_TRY_NUMBER='1' AIRFLOW_CTX_DAG_RUN_ID='scheduled__2024-01-08T00:00:00+00:00'
[2025-08-08T02:42:34.699+0000] {taskinstance.py:430} INFO - ::endgroup::
[2025-08-08T02:42:34.712+0000] {subprocess.py:63} INFO - Tmp dir root location: /tmp
[2025-08-08T02:42:34.715+0000] {subprocess.py:75} INFO - Running command: ['/usr/bin/bash', '-c', 'mkdir -p "/home/***/host_documents/week2024-01-15"']
[2025-08-08T02:42:34.734+0000] {subprocess.py:86} INFO - Output:
[2025-08-08T02:42:34.739+0000] {subprocess.py:97} INFO - Command exited with return code 0
[2025-08-08T02:42:34.740+0000] {taskinstance.py:441} INFO - ::group::Post task execution logs
[2025-08-08T02:42:34.770+0000] {taskinstance.py:1206} INFO - Marking task as SUCCESS. dag_id=climate_data, task_id=create_folder, run_id=scheduled__2024-01-08T00:00:00+00:00, execution_date=20240108T000000, start_date=20250808T024234, end_date=20250808T024234
[2025-08-08T02:42:34.880+0000] {local_task_job_runner.py:240} INFO - Task exited with return code 0
[2025-08-08T02:42:34.906+0000] {taskinstance.py:3498} INFO - 1 downstream tasks scheduled from follow-on schedule check
[2025-08-08T02:42:34.909+0000] {local_task_job_runner.py:222} INFO - ::endgroup::
