[2025-08-08T02:26:40.940+0000] {local_task_job_runner.py:120} INFO - ::group::Pre task execution logs
[2025-08-08T02:26:40.961+0000] {taskinstance.py:2076} INFO - Dependencies all met for dep_context=non-requeueable deps ti=<TaskInstance: climate_data.create_folder scheduled__2023-12-11T00:00:00+00:00 [queued]>
[2025-08-08T02:26:40.968+0000] {taskinstance.py:2076} INFO - Dependencies all met for dep_context=requeueable deps ti=<TaskInstance: climate_data.create_folder scheduled__2023-12-11T00:00:00+00:00 [queued]>
[2025-08-08T02:26:40.969+0000] {taskinstance.py:2306} INFO - Starting attempt 1 of 1
[2025-08-08T02:26:40.981+0000] {taskinstance.py:2330} INFO - Executing <Task(BashOperator): create_folder> on 2023-12-11 00:00:00+00:00
[2025-08-08T02:26:40.985+0000] {standard_task_runner.py:63} INFO - Started process 494 to run task
[2025-08-08T02:26:40.988+0000] {standard_task_runner.py:90} INFO - Running: ['***', 'tasks', 'run', 'climate_data', 'create_folder', 'scheduled__2023-12-11T00:00:00+00:00', '--job-id', '97', '--raw', '--subdir', 'DAGS_FOLDER/climate_data.py', '--cfg-path', '/tmp/tmpmwz95vc3']
[2025-08-08T02:26:40.989+0000] {standard_task_runner.py:91} INFO - Job 97: Subtask create_folder
[2025-08-08T02:26:41.002+0000] {logging_mixin.py:188} WARNING - /home/***/.local/lib/python3.9/site-packages/***/settings.py:195 DeprecationWarning: The sql_alchemy_conn option in [core] has been moved to the sql_alchemy_conn option in [database] - the old setting has been used, but please update your config.
[2025-08-08T02:26:41.044+0000] {task_command.py:426} INFO - Running <TaskInstance: climate_data.create_folder scheduled__2023-12-11T00:00:00+00:00 [running]> on host 3ceab82043f1
[2025-08-08T02:26:41.111+0000] {taskinstance.py:2648} INFO - Exporting env vars: AIRFLOW_CTX_DAG_OWNER='***' AIRFLOW_CTX_DAG_ID='climate_data' AIRFLOW_CTX_TASK_ID='create_folder' AIRFLOW_CTX_EXECUTION_DATE='2023-12-11T00:00:00+00:00' AIRFLOW_CTX_TRY_NUMBER='1' AIRFLOW_CTX_DAG_RUN_ID='scheduled__2023-12-11T00:00:00+00:00'
[2025-08-08T02:26:41.112+0000] {taskinstance.py:430} INFO - ::endgroup::
[2025-08-08T02:26:41.120+0000] {subprocess.py:63} INFO - Tmp dir root location: /tmp
[2025-08-08T02:26:41.121+0000] {subprocess.py:75} INFO - Running command: ['/usr/bin/bash', '-c', 'mkdir -p /home/***/host_documents/week2023-12-18"']
[2025-08-08T02:26:41.130+0000] {subprocess.py:86} INFO - Output:
[2025-08-08T02:26:41.131+0000] {subprocess.py:93} INFO - /usr/bin/bash: -c: line 1: unexpected EOF while looking for matching `"'
[2025-08-08T02:26:41.132+0000] {subprocess.py:97} INFO - Command exited with return code 2
[2025-08-08T02:26:41.132+0000] {taskinstance.py:441} INFO - ::group::Post task execution logs
[2025-08-08T02:26:41.142+0000] {taskinstance.py:2905} ERROR - Task failed with exception
Traceback (most recent call last):
  File "/home/airflow/.local/lib/python3.9/site-packages/airflow/models/taskinstance.py", line 465, in _execute_task
    result = _execute_callable(context=context, **execute_callable_kwargs)
  File "/home/airflow/.local/lib/python3.9/site-packages/airflow/models/taskinstance.py", line 432, in _execute_callable
    return execute_callable(context=context, **execute_callable_kwargs)
  File "/home/airflow/.local/lib/python3.9/site-packages/airflow/models/baseoperator.py", line 400, in wrapper
    return func(self, *args, **kwargs)
  File "/home/airflow/.local/lib/python3.9/site-packages/airflow/operators/bash.py", line 243, in execute
    raise AirflowException(
airflow.exceptions.AirflowException: Bash command failed. The command returned a non-zero exit code 2.
[2025-08-08T02:26:41.145+0000] {taskinstance.py:1206} INFO - Marking task as FAILED. dag_id=climate_data, task_id=create_folder, run_id=scheduled__2023-12-11T00:00:00+00:00, execution_date=20231211T000000, start_date=20250808T022640, end_date=20250808T022641
[2025-08-08T02:26:41.170+0000] {standard_task_runner.py:110} ERROR - Failed to execute job 97 for task create_folder (Bash command failed. The command returned a non-zero exit code 2.; 494)
[2025-08-08T02:26:41.201+0000] {local_task_job_runner.py:240} INFO - Task exited with return code 1
[2025-08-08T02:26:41.209+0000] {local_task_job_runner.py:222} INFO - ::endgroup::
[2025-08-08T02:35:01.523+0000] {local_task_job_runner.py:120} INFO - ::group::Pre task execution logs
[2025-08-08T02:35:01.553+0000] {taskinstance.py:2076} INFO - Dependencies all met for dep_context=non-requeueable deps ti=<TaskInstance: climate_data.create_folder scheduled__2023-12-11T00:00:00+00:00 [queued]>
[2025-08-08T02:35:01.563+0000] {taskinstance.py:2076} INFO - Dependencies all met for dep_context=requeueable deps ti=<TaskInstance: climate_data.create_folder scheduled__2023-12-11T00:00:00+00:00 [queued]>
[2025-08-08T02:35:01.563+0000] {taskinstance.py:2306} INFO - Starting attempt 1 of 1
[2025-08-08T02:35:01.585+0000] {taskinstance.py:2330} INFO - Executing <Task(BashOperator): create_folder> on 2023-12-11 00:00:00+00:00
[2025-08-08T02:35:01.590+0000] {standard_task_runner.py:63} INFO - Started process 544 to run task
[2025-08-08T02:35:01.593+0000] {standard_task_runner.py:90} INFO - Running: ['***', 'tasks', 'run', 'climate_data', 'create_folder', 'scheduled__2023-12-11T00:00:00+00:00', '--job-id', '253', '--raw', '--subdir', 'DAGS_FOLDER/climate_data.py', '--cfg-path', '/tmp/tmpkts82iop']
[2025-08-08T02:35:01.595+0000] {standard_task_runner.py:91} INFO - Job 253: Subtask create_folder
[2025-08-08T02:35:01.610+0000] {logging_mixin.py:188} WARNING - /home/***/.local/lib/python3.9/site-packages/***/settings.py:195 DeprecationWarning: The sql_alchemy_conn option in [core] has been moved to the sql_alchemy_conn option in [database] - the old setting has been used, but please update your config.
[2025-08-08T02:35:01.656+0000] {task_command.py:426} INFO - Running <TaskInstance: climate_data.create_folder scheduled__2023-12-11T00:00:00+00:00 [running]> on host 1a6f5acf67f4
[2025-08-08T02:35:01.736+0000] {taskinstance.py:2648} INFO - Exporting env vars: AIRFLOW_CTX_DAG_OWNER='***' AIRFLOW_CTX_DAG_ID='climate_data' AIRFLOW_CTX_TASK_ID='create_folder' AIRFLOW_CTX_EXECUTION_DATE='2023-12-11T00:00:00+00:00' AIRFLOW_CTX_TRY_NUMBER='1' AIRFLOW_CTX_DAG_RUN_ID='scheduled__2023-12-11T00:00:00+00:00'
[2025-08-08T02:35:01.737+0000] {taskinstance.py:430} INFO - ::endgroup::
[2025-08-08T02:35:01.745+0000] {subprocess.py:63} INFO - Tmp dir root location: /tmp
[2025-08-08T02:35:01.746+0000] {subprocess.py:75} INFO - Running command: ['/usr/bin/bash', '-c', 'mkdir -p /home/***/host_documents/week2023-12-18"']
[2025-08-08T02:35:01.756+0000] {subprocess.py:86} INFO - Output:
[2025-08-08T02:35:01.757+0000] {subprocess.py:93} INFO - /usr/bin/bash: -c: line 1: unexpected EOF while looking for matching `"'
[2025-08-08T02:35:01.757+0000] {subprocess.py:97} INFO - Command exited with return code 2
[2025-08-08T02:35:01.758+0000] {taskinstance.py:441} INFO - ::group::Post task execution logs
[2025-08-08T02:35:01.768+0000] {taskinstance.py:2905} ERROR - Task failed with exception
Traceback (most recent call last):
  File "/home/airflow/.local/lib/python3.9/site-packages/airflow/models/taskinstance.py", line 465, in _execute_task
    result = _execute_callable(context=context, **execute_callable_kwargs)
  File "/home/airflow/.local/lib/python3.9/site-packages/airflow/models/taskinstance.py", line 432, in _execute_callable
    return execute_callable(context=context, **execute_callable_kwargs)
  File "/home/airflow/.local/lib/python3.9/site-packages/airflow/models/baseoperator.py", line 400, in wrapper
    return func(self, *args, **kwargs)
  File "/home/airflow/.local/lib/python3.9/site-packages/airflow/operators/bash.py", line 243, in execute
    raise AirflowException(
airflow.exceptions.AirflowException: Bash command failed. The command returned a non-zero exit code 2.
[2025-08-08T02:35:01.771+0000] {taskinstance.py:1206} INFO - Marking task as FAILED. dag_id=climate_data, task_id=create_folder, run_id=scheduled__2023-12-11T00:00:00+00:00, execution_date=20231211T000000, start_date=20250808T023501, end_date=20250808T023501
[2025-08-08T02:35:01.799+0000] {standard_task_runner.py:110} ERROR - Failed to execute job 253 for task create_folder (Bash command failed. The command returned a non-zero exit code 2.; 544)
[2025-08-08T02:35:01.806+0000] {local_task_job_runner.py:240} INFO - Task exited with return code 1
[2025-08-08T02:35:01.823+0000] {taskinstance.py:3498} INFO - 0 downstream tasks scheduled from follow-on schedule check
[2025-08-08T02:35:01.827+0000] {local_task_job_runner.py:222} INFO - ::endgroup::
[2025-08-08T02:39:35.020+0000] {local_task_job_runner.py:120} INFO - ::group::Pre task execution logs
[2025-08-08T02:39:35.043+0000] {taskinstance.py:2076} INFO - Dependencies all met for dep_context=non-requeueable deps ti=<TaskInstance: climate_data.create_folder scheduled__2023-12-11T00:00:00+00:00 [queued]>
[2025-08-08T02:39:35.051+0000] {taskinstance.py:2076} INFO - Dependencies all met for dep_context=requeueable deps ti=<TaskInstance: climate_data.create_folder scheduled__2023-12-11T00:00:00+00:00 [queued]>
[2025-08-08T02:39:35.051+0000] {taskinstance.py:2306} INFO - Starting attempt 1 of 1
[2025-08-08T02:39:35.101+0000] {taskinstance.py:2330} INFO - Executing <Task(BashOperator): create_folder> on 2023-12-11 00:00:00+00:00
[2025-08-08T02:39:35.106+0000] {standard_task_runner.py:63} INFO - Started process 1504 to run task
[2025-08-08T02:39:35.109+0000] {standard_task_runner.py:90} INFO - Running: ['***', 'tasks', 'run', 'climate_data', 'create_folder', 'scheduled__2023-12-11T00:00:00+00:00', '--job-id', '473', '--raw', '--subdir', 'DAGS_FOLDER/climate_data.py', '--cfg-path', '/tmp/tmpa1d9x7u4']
[2025-08-08T02:39:35.111+0000] {standard_task_runner.py:91} INFO - Job 473: Subtask create_folder
[2025-08-08T02:39:35.122+0000] {logging_mixin.py:188} WARNING - /home/***/.local/lib/python3.9/site-packages/***/settings.py:195 DeprecationWarning: The sql_alchemy_conn option in [core] has been moved to the sql_alchemy_conn option in [database] - the old setting has been used, but please update your config.
[2025-08-08T02:39:35.165+0000] {task_command.py:426} INFO - Running <TaskInstance: climate_data.create_folder scheduled__2023-12-11T00:00:00+00:00 [running]> on host 1a6f5acf67f4
[2025-08-08T02:39:35.228+0000] {taskinstance.py:2648} INFO - Exporting env vars: AIRFLOW_CTX_DAG_OWNER='***' AIRFLOW_CTX_DAG_ID='climate_data' AIRFLOW_CTX_TASK_ID='create_folder' AIRFLOW_CTX_EXECUTION_DATE='2023-12-11T00:00:00+00:00' AIRFLOW_CTX_TRY_NUMBER='1' AIRFLOW_CTX_DAG_RUN_ID='scheduled__2023-12-11T00:00:00+00:00'
[2025-08-08T02:39:35.229+0000] {taskinstance.py:430} INFO - ::endgroup::
[2025-08-08T02:39:35.236+0000] {subprocess.py:63} INFO - Tmp dir root location: /tmp
[2025-08-08T02:39:35.237+0000] {subprocess.py:75} INFO - Running command: ['/usr/bin/bash', '-c', 'mkdir -p /home/***/host_documents/week2023-12-18']
[2025-08-08T02:39:35.245+0000] {subprocess.py:86} INFO - Output:
[2025-08-08T02:39:35.250+0000] {subprocess.py:97} INFO - Command exited with return code 0
[2025-08-08T02:39:35.250+0000] {taskinstance.py:441} INFO - ::group::Post task execution logs
[2025-08-08T02:39:35.269+0000] {taskinstance.py:1206} INFO - Marking task as SUCCESS. dag_id=climate_data, task_id=create_folder, run_id=scheduled__2023-12-11T00:00:00+00:00, execution_date=20231211T000000, start_date=20250808T023935, end_date=20250808T023935
[2025-08-08T02:39:35.321+0000] {local_task_job_runner.py:240} INFO - Task exited with return code 0
[2025-08-08T02:39:35.346+0000] {taskinstance.py:3498} INFO - 1 downstream tasks scheduled from follow-on schedule check
[2025-08-08T02:39:35.349+0000] {local_task_job_runner.py:222} INFO - ::endgroup::
[2025-08-08T02:42:34.099+0000] {local_task_job_runner.py:120} INFO - ::group::Pre task execution logs
[2025-08-08T02:42:34.122+0000] {taskinstance.py:2076} INFO - Dependencies all met for dep_context=non-requeueable deps ti=<TaskInstance: climate_data.create_folder scheduled__2023-12-11T00:00:00+00:00 [queued]>
[2025-08-08T02:42:34.130+0000] {taskinstance.py:2076} INFO - Dependencies all met for dep_context=requeueable deps ti=<TaskInstance: climate_data.create_folder scheduled__2023-12-11T00:00:00+00:00 [queued]>
[2025-08-08T02:42:34.131+0000] {taskinstance.py:2306} INFO - Starting attempt 1 of 1
[2025-08-08T02:42:34.197+0000] {taskinstance.py:2330} INFO - Executing <Task(BashOperator): create_folder> on 2023-12-11 00:00:00+00:00
[2025-08-08T02:42:34.201+0000] {standard_task_runner.py:63} INFO - Started process 2684 to run task
[2025-08-08T02:42:34.204+0000] {standard_task_runner.py:90} INFO - Running: ['***', 'tasks', 'run', 'climate_data', 'create_folder', 'scheduled__2023-12-11T00:00:00+00:00', '--job-id', '781', '--raw', '--subdir', 'DAGS_FOLDER/climate_data.py', '--cfg-path', '/tmp/tmp1uw8pfcf']
[2025-08-08T02:42:34.206+0000] {standard_task_runner.py:91} INFO - Job 781: Subtask create_folder
[2025-08-08T02:42:34.217+0000] {logging_mixin.py:188} WARNING - /home/***/.local/lib/python3.9/site-packages/***/settings.py:195 DeprecationWarning: The sql_alchemy_conn option in [core] has been moved to the sql_alchemy_conn option in [database] - the old setting has been used, but please update your config.
[2025-08-08T02:42:34.262+0000] {task_command.py:426} INFO - Running <TaskInstance: climate_data.create_folder scheduled__2023-12-11T00:00:00+00:00 [running]> on host 1a6f5acf67f4
[2025-08-08T02:42:34.329+0000] {taskinstance.py:2648} INFO - Exporting env vars: AIRFLOW_CTX_DAG_OWNER='***' AIRFLOW_CTX_DAG_ID='climate_data' AIRFLOW_CTX_TASK_ID='create_folder' AIRFLOW_CTX_EXECUTION_DATE='2023-12-11T00:00:00+00:00' AIRFLOW_CTX_TRY_NUMBER='1' AIRFLOW_CTX_DAG_RUN_ID='scheduled__2023-12-11T00:00:00+00:00'
[2025-08-08T02:42:34.330+0000] {taskinstance.py:430} INFO - ::endgroup::
[2025-08-08T02:42:34.339+0000] {subprocess.py:63} INFO - Tmp dir root location: /tmp
[2025-08-08T02:42:34.340+0000] {subprocess.py:75} INFO - Running command: ['/usr/bin/bash', '-c', 'mkdir -p "/home/***/host_documents/week2023-12-18"']
[2025-08-08T02:42:34.350+0000] {subprocess.py:86} INFO - Output:
[2025-08-08T02:42:34.355+0000] {subprocess.py:97} INFO - Command exited with return code 0
[2025-08-08T02:42:34.356+0000] {taskinstance.py:441} INFO - ::group::Post task execution logs
[2025-08-08T02:42:34.375+0000] {taskinstance.py:1206} INFO - Marking task as SUCCESS. dag_id=climate_data, task_id=create_folder, run_id=scheduled__2023-12-11T00:00:00+00:00, execution_date=20231211T000000, start_date=20250808T024234, end_date=20250808T024234
[2025-08-08T02:42:34.457+0000] {local_task_job_runner.py:240} INFO - Task exited with return code 0
[2025-08-08T02:42:34.467+0000] {local_task_job_runner.py:222} INFO - ::endgroup::
