[2025-08-08T02:40:02.339+0000] {local_task_job_runner.py:120} INFO - ::group::Pre task execution logs
[2025-08-08T02:40:02.359+0000] {taskinstance.py:2076} INFO - Dependencies all met for dep_context=non-requeueable deps ti=<TaskInstance: climate_data.data_extract scheduled__2025-07-28T00:00:00+00:00 [queued]>
[2025-08-08T02:40:02.365+0000] {taskinstance.py:2076} INFO - Dependencies all met for dep_context=requeueable deps ti=<TaskInstance: climate_data.data_extract scheduled__2025-07-28T00:00:00+00:00 [queued]>
[2025-08-08T02:40:02.366+0000] {taskinstance.py:2306} INFO - Starting attempt 1 of 1
[2025-08-08T02:40:02.378+0000] {taskinstance.py:2330} INFO - Executing <Task(PythonOperator): data_extract> on 2025-07-28 00:00:00+00:00
[2025-08-08T02:40:02.382+0000] {standard_task_runner.py:63} INFO - Started process 2121 to run task
[2025-08-08T02:40:02.384+0000] {standard_task_runner.py:90} INFO - Running: ['***', 'tasks', 'run', 'climate_data', 'data_extract', 'scheduled__2025-07-28T00:00:00+00:00', '--job-id', '647', '--raw', '--subdir', 'DAGS_FOLDER/climate_data.py', '--cfg-path', '/tmp/tmpjmxc832z']
[2025-08-08T02:40:02.387+0000] {standard_task_runner.py:91} INFO - Job 647: Subtask data_extract
[2025-08-08T02:40:02.398+0000] {logging_mixin.py:188} WARNING - /home/***/.local/lib/python3.9/site-packages/***/settings.py:195 DeprecationWarning: The sql_alchemy_conn option in [core] has been moved to the sql_alchemy_conn option in [database] - the old setting has been used, but please update your config.
[2025-08-08T02:40:02.436+0000] {task_command.py:426} INFO - Running <TaskInstance: climate_data.data_extract scheduled__2025-07-28T00:00:00+00:00 [running]> on host 1a6f5acf67f4
[2025-08-08T02:40:02.501+0000] {taskinstance.py:2648} INFO - Exporting env vars: AIRFLOW_CTX_DAG_OWNER='***' AIRFLOW_CTX_DAG_ID='climate_data' AIRFLOW_CTX_TASK_ID='data_extract' AIRFLOW_CTX_EXECUTION_DATE='2025-07-28T00:00:00+00:00' AIRFLOW_CTX_TRY_NUMBER='1' AIRFLOW_CTX_DAG_RUN_ID='scheduled__2025-07-28T00:00:00+00:00'
[2025-08-08T02:40:02.502+0000] {taskinstance.py:430} INFO - ::endgroup::
[2025-08-08T02:40:03.152+0000] {taskinstance.py:441} INFO - ::group::Post task execution logs
[2025-08-08T02:40:03.153+0000] {taskinstance.py:2905} ERROR - Task failed with exception
Traceback (most recent call last):
  File "/home/airflow/.local/lib/python3.9/site-packages/airflow/models/taskinstance.py", line 465, in _execute_task
    result = _execute_callable(context=context, **execute_callable_kwargs)
  File "/home/airflow/.local/lib/python3.9/site-packages/airflow/models/taskinstance.py", line 432, in _execute_callable
    return execute_callable(context=context, **execute_callable_kwargs)
  File "/home/airflow/.local/lib/python3.9/site-packages/airflow/models/baseoperator.py", line 400, in wrapper
    return func(self, *args, **kwargs)
  File "/home/airflow/.local/lib/python3.9/site-packages/airflow/operators/python.py", line 235, in execute
    return_value = self.execute_callable()
  File "/home/airflow/.local/lib/python3.9/site-packages/airflow/operators/python.py", line 252, in execute_callable
    return self.python_callable(*self.op_args, **self.op_kwargs)
  File "/opt/airflow/dags/climate_data.py", line 27, in data_extract
    data = pd.read_csv(URL)
  File "/home/airflow/.local/lib/python3.9/site-packages/pandas/io/parsers/readers.py", line 948, in read_csv
    return _read(filepath_or_buffer, kwds)
  File "/home/airflow/.local/lib/python3.9/site-packages/pandas/io/parsers/readers.py", line 611, in _read
    parser = TextFileReader(filepath_or_buffer, **kwds)
  File "/home/airflow/.local/lib/python3.9/site-packages/pandas/io/parsers/readers.py", line 1448, in __init__
    self._engine = self._make_engine(f, self.engine)
  File "/home/airflow/.local/lib/python3.9/site-packages/pandas/io/parsers/readers.py", line 1705, in _make_engine
    self.handles = get_handle(
  File "/home/airflow/.local/lib/python3.9/site-packages/pandas/io/common.py", line 718, in get_handle
    ioargs = _get_filepath_or_buffer(
  File "/home/airflow/.local/lib/python3.9/site-packages/pandas/io/common.py", line 372, in _get_filepath_or_buffer
    with urlopen(req_info) as req:
  File "/home/airflow/.local/lib/python3.9/site-packages/pandas/io/common.py", line 274, in urlopen
    return urllib.request.urlopen(*args, **kwargs)
  File "/usr/local/lib/python3.9/urllib/request.py", line 214, in urlopen
    return opener.open(url, data, timeout)
  File "/usr/local/lib/python3.9/urllib/request.py", line 523, in open
    response = meth(req, response)
  File "/usr/local/lib/python3.9/urllib/request.py", line 632, in http_response
    response = self.parent.error(
  File "/usr/local/lib/python3.9/urllib/request.py", line 561, in error
    return self._call_chain(*args)
  File "/usr/local/lib/python3.9/urllib/request.py", line 494, in _call_chain
    result = func(*args)
  File "/usr/local/lib/python3.9/urllib/request.py", line 641, in http_error_default
    raise HTTPError(req.full_url, code, msg, hdrs, fp)
urllib.error.HTTPError: HTTP Error 429: 
[2025-08-08T02:40:03.164+0000] {taskinstance.py:1206} INFO - Marking task as FAILED. dag_id=climate_data, task_id=data_extract, run_id=scheduled__2025-07-28T00:00:00+00:00, execution_date=20250728T000000, start_date=20250808T024002, end_date=20250808T024003
[2025-08-08T02:40:03.175+0000] {standard_task_runner.py:110} ERROR - Failed to execute job 647 for task data_extract (HTTP Error 429: ; 2121)
[2025-08-08T02:40:03.198+0000] {local_task_job_runner.py:240} INFO - Task exited with return code 1
[2025-08-08T02:40:03.209+0000] {taskinstance.py:3498} INFO - 0 downstream tasks scheduled from follow-on schedule check
[2025-08-08T02:40:03.211+0000] {local_task_job_runner.py:222} INFO - ::endgroup::
[2025-08-08T02:43:01.710+0000] {local_task_job_runner.py:120} INFO - ::group::Pre task execution logs
[2025-08-08T02:43:01.729+0000] {taskinstance.py:2076} INFO - Dependencies all met for dep_context=non-requeueable deps ti=<TaskInstance: climate_data.data_extract scheduled__2025-07-28T00:00:00+00:00 [queued]>
[2025-08-08T02:43:01.735+0000] {taskinstance.py:2076} INFO - Dependencies all met for dep_context=requeueable deps ti=<TaskInstance: climate_data.data_extract scheduled__2025-07-28T00:00:00+00:00 [queued]>
[2025-08-08T02:43:01.736+0000] {taskinstance.py:2306} INFO - Starting attempt 1 of 1
[2025-08-08T02:43:01.744+0000] {taskinstance.py:2330} INFO - Executing <Task(PythonOperator): data_extract> on 2025-07-28 00:00:00+00:00
[2025-08-08T02:43:01.748+0000] {standard_task_runner.py:63} INFO - Started process 3301 to run task
[2025-08-08T02:43:01.750+0000] {standard_task_runner.py:90} INFO - Running: ['***', 'tasks', 'run', 'climate_data', 'data_extract', 'scheduled__2025-07-28T00:00:00+00:00', '--job-id', '955', '--raw', '--subdir', 'DAGS_FOLDER/climate_data.py', '--cfg-path', '/tmp/tmp386j8d_1']
[2025-08-08T02:43:01.751+0000] {standard_task_runner.py:91} INFO - Job 955: Subtask data_extract
[2025-08-08T02:43:01.762+0000] {logging_mixin.py:188} WARNING - /home/***/.local/lib/python3.9/site-packages/***/settings.py:195 DeprecationWarning: The sql_alchemy_conn option in [core] has been moved to the sql_alchemy_conn option in [database] - the old setting has been used, but please update your config.
[2025-08-08T02:43:01.801+0000] {task_command.py:426} INFO - Running <TaskInstance: climate_data.data_extract scheduled__2025-07-28T00:00:00+00:00 [running]> on host 1a6f5acf67f4
[2025-08-08T02:43:01.857+0000] {taskinstance.py:2648} INFO - Exporting env vars: AIRFLOW_CTX_DAG_OWNER='***' AIRFLOW_CTX_DAG_ID='climate_data' AIRFLOW_CTX_TASK_ID='data_extract' AIRFLOW_CTX_EXECUTION_DATE='2025-07-28T00:00:00+00:00' AIRFLOW_CTX_TRY_NUMBER='1' AIRFLOW_CTX_DAG_RUN_ID='scheduled__2025-07-28T00:00:00+00:00'
[2025-08-08T02:43:01.858+0000] {taskinstance.py:430} INFO - ::endgroup::
[2025-08-08T02:43:02.524+0000] {taskinstance.py:441} INFO - ::group::Post task execution logs
[2025-08-08T02:43:02.525+0000] {taskinstance.py:2905} ERROR - Task failed with exception
Traceback (most recent call last):
  File "/home/airflow/.local/lib/python3.9/site-packages/airflow/models/taskinstance.py", line 465, in _execute_task
    result = _execute_callable(context=context, **execute_callable_kwargs)
  File "/home/airflow/.local/lib/python3.9/site-packages/airflow/models/taskinstance.py", line 432, in _execute_callable
    return execute_callable(context=context, **execute_callable_kwargs)
  File "/home/airflow/.local/lib/python3.9/site-packages/airflow/models/baseoperator.py", line 400, in wrapper
    return func(self, *args, **kwargs)
  File "/home/airflow/.local/lib/python3.9/site-packages/airflow/operators/python.py", line 235, in execute
    return_value = self.execute_callable()
  File "/home/airflow/.local/lib/python3.9/site-packages/airflow/operators/python.py", line 252, in execute_callable
    return self.python_callable(*self.op_args, **self.op_kwargs)
  File "/opt/airflow/dags/climate_data.py", line 21, in data_extract
    data = pd.read_csv(url)
  File "/home/airflow/.local/lib/python3.9/site-packages/pandas/io/parsers/readers.py", line 948, in read_csv
    return _read(filepath_or_buffer, kwds)
  File "/home/airflow/.local/lib/python3.9/site-packages/pandas/io/parsers/readers.py", line 611, in _read
    parser = TextFileReader(filepath_or_buffer, **kwds)
  File "/home/airflow/.local/lib/python3.9/site-packages/pandas/io/parsers/readers.py", line 1448, in __init__
    self._engine = self._make_engine(f, self.engine)
  File "/home/airflow/.local/lib/python3.9/site-packages/pandas/io/parsers/readers.py", line 1705, in _make_engine
    self.handles = get_handle(
  File "/home/airflow/.local/lib/python3.9/site-packages/pandas/io/common.py", line 718, in get_handle
    ioargs = _get_filepath_or_buffer(
  File "/home/airflow/.local/lib/python3.9/site-packages/pandas/io/common.py", line 372, in _get_filepath_or_buffer
    with urlopen(req_info) as req:
  File "/home/airflow/.local/lib/python3.9/site-packages/pandas/io/common.py", line 274, in urlopen
    return urllib.request.urlopen(*args, **kwargs)
  File "/usr/local/lib/python3.9/urllib/request.py", line 214, in urlopen
    return opener.open(url, data, timeout)
  File "/usr/local/lib/python3.9/urllib/request.py", line 523, in open
    response = meth(req, response)
  File "/usr/local/lib/python3.9/urllib/request.py", line 632, in http_response
    response = self.parent.error(
  File "/usr/local/lib/python3.9/urllib/request.py", line 561, in error
    return self._call_chain(*args)
  File "/usr/local/lib/python3.9/urllib/request.py", line 494, in _call_chain
    result = func(*args)
  File "/usr/local/lib/python3.9/urllib/request.py", line 641, in http_error_default
    raise HTTPError(req.full_url, code, msg, hdrs, fp)
urllib.error.HTTPError: HTTP Error 429: 
[2025-08-08T02:43:02.534+0000] {taskinstance.py:1206} INFO - Marking task as FAILED. dag_id=climate_data, task_id=data_extract, run_id=scheduled__2025-07-28T00:00:00+00:00, execution_date=20250728T000000, start_date=20250808T024301, end_date=20250808T024302
[2025-08-08T02:43:02.546+0000] {standard_task_runner.py:110} ERROR - Failed to execute job 955 for task data_extract (HTTP Error 429: ; 3301)
[2025-08-08T02:43:02.564+0000] {local_task_job_runner.py:240} INFO - Task exited with return code 1
[2025-08-08T02:43:02.575+0000] {taskinstance.py:3498} INFO - 0 downstream tasks scheduled from follow-on schedule check
[2025-08-08T02:43:02.577+0000] {local_task_job_runner.py:222} INFO - ::endgroup::
[2025-08-08T02:48:29.542+0000] {local_task_job_runner.py:120} INFO - ::group::Pre task execution logs
[2025-08-08T02:48:29.562+0000] {taskinstance.py:2076} INFO - Dependencies all met for dep_context=non-requeueable deps ti=<TaskInstance: climate_data.data_extract scheduled__2025-07-28T00:00:00+00:00 [queued]>
[2025-08-08T02:48:29.569+0000] {taskinstance.py:2076} INFO - Dependencies all met for dep_context=requeueable deps ti=<TaskInstance: climate_data.data_extract scheduled__2025-07-28T00:00:00+00:00 [queued]>
[2025-08-08T02:48:29.571+0000] {taskinstance.py:2306} INFO - Starting attempt 1 of 1
[2025-08-08T02:48:29.582+0000] {taskinstance.py:2330} INFO - Executing <Task(PythonOperator): data_extract> on 2025-07-28 00:00:00+00:00
[2025-08-08T02:48:29.586+0000] {standard_task_runner.py:63} INFO - Started process 3515 to run task
[2025-08-08T02:48:29.589+0000] {standard_task_runner.py:90} INFO - Running: ['***', 'tasks', 'run', 'climate_data', 'data_extract', 'scheduled__2025-07-28T00:00:00+00:00', '--job-id', '969', '--raw', '--subdir', 'DAGS_FOLDER/climate_data.py', '--cfg-path', '/tmp/tmpmwbyn1f3']
[2025-08-08T02:48:29.591+0000] {standard_task_runner.py:91} INFO - Job 969: Subtask data_extract
[2025-08-08T02:48:29.603+0000] {logging_mixin.py:188} WARNING - /home/***/.local/lib/python3.9/site-packages/***/settings.py:195 DeprecationWarning: The sql_alchemy_conn option in [core] has been moved to the sql_alchemy_conn option in [database] - the old setting has been used, but please update your config.
[2025-08-08T02:48:29.644+0000] {task_command.py:426} INFO - Running <TaskInstance: climate_data.data_extract scheduled__2025-07-28T00:00:00+00:00 [running]> on host 1a6f5acf67f4
[2025-08-08T02:48:29.701+0000] {taskinstance.py:2648} INFO - Exporting env vars: AIRFLOW_CTX_DAG_OWNER='***' AIRFLOW_CTX_DAG_ID='climate_data' AIRFLOW_CTX_TASK_ID='data_extract' AIRFLOW_CTX_EXECUTION_DATE='2025-07-28T00:00:00+00:00' AIRFLOW_CTX_TRY_NUMBER='1' AIRFLOW_CTX_DAG_RUN_ID='scheduled__2025-07-28T00:00:00+00:00'
[2025-08-08T02:48:29.702+0000] {taskinstance.py:430} INFO - ::endgroup::
[2025-08-08T02:48:30.326+0000] {taskinstance.py:441} INFO - ::group::Post task execution logs
[2025-08-08T02:48:30.327+0000] {taskinstance.py:2905} ERROR - Task failed with exception
Traceback (most recent call last):
  File "/home/airflow/.local/lib/python3.9/site-packages/airflow/models/taskinstance.py", line 465, in _execute_task
    result = _execute_callable(context=context, **execute_callable_kwargs)
  File "/home/airflow/.local/lib/python3.9/site-packages/airflow/models/taskinstance.py", line 432, in _execute_callable
    return execute_callable(context=context, **execute_callable_kwargs)
  File "/home/airflow/.local/lib/python3.9/site-packages/airflow/models/baseoperator.py", line 400, in wrapper
    return func(self, *args, **kwargs)
  File "/home/airflow/.local/lib/python3.9/site-packages/airflow/operators/python.py", line 235, in execute
    return_value = self.execute_callable()
  File "/home/airflow/.local/lib/python3.9/site-packages/airflow/operators/python.py", line 252, in execute_callable
    return self.python_callable(*self.op_args, **self.op_kwargs)
  File "/opt/airflow/dags/climate_data.py", line 21, in data_extract
    data = pd.read_csv(url)
  File "/home/airflow/.local/lib/python3.9/site-packages/pandas/io/parsers/readers.py", line 948, in read_csv
    return _read(filepath_or_buffer, kwds)
  File "/home/airflow/.local/lib/python3.9/site-packages/pandas/io/parsers/readers.py", line 611, in _read
    parser = TextFileReader(filepath_or_buffer, **kwds)
  File "/home/airflow/.local/lib/python3.9/site-packages/pandas/io/parsers/readers.py", line 1448, in __init__
    self._engine = self._make_engine(f, self.engine)
  File "/home/airflow/.local/lib/python3.9/site-packages/pandas/io/parsers/readers.py", line 1705, in _make_engine
    self.handles = get_handle(
  File "/home/airflow/.local/lib/python3.9/site-packages/pandas/io/common.py", line 718, in get_handle
    ioargs = _get_filepath_or_buffer(
  File "/home/airflow/.local/lib/python3.9/site-packages/pandas/io/common.py", line 372, in _get_filepath_or_buffer
    with urlopen(req_info) as req:
  File "/home/airflow/.local/lib/python3.9/site-packages/pandas/io/common.py", line 274, in urlopen
    return urllib.request.urlopen(*args, **kwargs)
  File "/usr/local/lib/python3.9/urllib/request.py", line 214, in urlopen
    return opener.open(url, data, timeout)
  File "/usr/local/lib/python3.9/urllib/request.py", line 523, in open
    response = meth(req, response)
  File "/usr/local/lib/python3.9/urllib/request.py", line 632, in http_response
    response = self.parent.error(
  File "/usr/local/lib/python3.9/urllib/request.py", line 561, in error
    return self._call_chain(*args)
  File "/usr/local/lib/python3.9/urllib/request.py", line 494, in _call_chain
    result = func(*args)
  File "/usr/local/lib/python3.9/urllib/request.py", line 641, in http_error_default
    raise HTTPError(req.full_url, code, msg, hdrs, fp)
urllib.error.HTTPError: HTTP Error 429: 
[2025-08-08T02:48:30.344+0000] {taskinstance.py:1206} INFO - Marking task as FAILED. dag_id=climate_data, task_id=data_extract, run_id=scheduled__2025-07-28T00:00:00+00:00, execution_date=20250728T000000, start_date=20250808T024829, end_date=20250808T024830
[2025-08-08T02:48:30.353+0000] {standard_task_runner.py:110} ERROR - Failed to execute job 969 for task data_extract (HTTP Error 429: ; 3515)
[2025-08-08T02:48:30.365+0000] {local_task_job_runner.py:240} INFO - Task exited with return code 1
[2025-08-08T02:48:30.376+0000] {taskinstance.py:3498} INFO - 0 downstream tasks scheduled from follow-on schedule check
[2025-08-08T02:48:30.378+0000] {local_task_job_runner.py:222} INFO - ::endgroup::
[2025-08-08T02:54:55.048+0000] {local_task_job_runner.py:120} INFO - ::group::Pre task execution logs
[2025-08-08T02:54:55.070+0000] {taskinstance.py:2076} INFO - Dependencies all met for dep_context=non-requeueable deps ti=<TaskInstance: climate_data.data_extract scheduled__2025-07-28T00:00:00+00:00 [queued]>
[2025-08-08T02:54:55.075+0000] {taskinstance.py:2076} INFO - Dependencies all met for dep_context=requeueable deps ti=<TaskInstance: climate_data.data_extract scheduled__2025-07-28T00:00:00+00:00 [queued]>
[2025-08-08T02:54:55.076+0000] {taskinstance.py:2306} INFO - Starting attempt 1 of 1
[2025-08-08T02:54:55.086+0000] {taskinstance.py:2330} INFO - Executing <Task(PythonOperator): data_extract> on 2025-07-28 00:00:00+00:00
[2025-08-08T02:54:55.092+0000] {standard_task_runner.py:63} INFO - Started process 3765 to run task
[2025-08-08T02:54:55.094+0000] {standard_task_runner.py:90} INFO - Running: ['***', 'tasks', 'run', 'climate_data', 'data_extract', 'scheduled__2025-07-28T00:00:00+00:00', '--job-id', '980', '--raw', '--subdir', 'DAGS_FOLDER/climate_data.py', '--cfg-path', '/tmp/tmp56_h2o5s']
[2025-08-08T02:54:55.096+0000] {standard_task_runner.py:91} INFO - Job 980: Subtask data_extract
[2025-08-08T02:54:55.107+0000] {logging_mixin.py:188} WARNING - /home/***/.local/lib/python3.9/site-packages/***/settings.py:195 DeprecationWarning: The sql_alchemy_conn option in [core] has been moved to the sql_alchemy_conn option in [database] - the old setting has been used, but please update your config.
[2025-08-08T02:54:55.146+0000] {task_command.py:426} INFO - Running <TaskInstance: climate_data.data_extract scheduled__2025-07-28T00:00:00+00:00 [running]> on host 1a6f5acf67f4
[2025-08-08T02:54:55.213+0000] {taskinstance.py:2648} INFO - Exporting env vars: AIRFLOW_CTX_DAG_OWNER='***' AIRFLOW_CTX_DAG_ID='climate_data' AIRFLOW_CTX_TASK_ID='data_extract' AIRFLOW_CTX_EXECUTION_DATE='2025-07-28T00:00:00+00:00' AIRFLOW_CTX_TRY_NUMBER='1' AIRFLOW_CTX_DAG_RUN_ID='scheduled__2025-07-28T00:00:00+00:00'
[2025-08-08T02:54:55.214+0000] {taskinstance.py:430} INFO - ::endgroup::
[2025-08-08T02:54:55.223+0000] {taskinstance.py:441} INFO - ::group::Post task execution logs
[2025-08-08T02:54:55.224+0000] {taskinstance.py:2905} ERROR - Task failed with exception
Traceback (most recent call last):
  File "/home/airflow/.local/lib/python3.9/site-packages/airflow/models/taskinstance.py", line 465, in _execute_task
    result = _execute_callable(context=context, **execute_callable_kwargs)
  File "/home/airflow/.local/lib/python3.9/site-packages/airflow/models/taskinstance.py", line 432, in _execute_callable
    return execute_callable(context=context, **execute_callable_kwargs)
  File "/home/airflow/.local/lib/python3.9/site-packages/airflow/models/baseoperator.py", line 400, in wrapper
    return func(self, *args, **kwargs)
  File "/home/airflow/.local/lib/python3.9/site-packages/airflow/operators/python.py", line 235, in execute
    return_value = self.execute_callable()
  File "/home/airflow/.local/lib/python3.9/site-packages/airflow/operators/python.py", line 252, in execute_callable
    return self.python_callable(*self.op_args, **self.op_kwargs)
  File "/opt/airflow/dags/climate_data.py", line 28, in data_extract
    response = requests.get(url, params=params)
NameError: name 'requests' is not defined
[2025-08-08T02:54:55.231+0000] {taskinstance.py:1206} INFO - Marking task as FAILED. dag_id=climate_data, task_id=data_extract, run_id=scheduled__2025-07-28T00:00:00+00:00, execution_date=20250728T000000, start_date=20250808T025455, end_date=20250808T025455
[2025-08-08T02:54:55.239+0000] {standard_task_runner.py:110} ERROR - Failed to execute job 980 for task data_extract (name 'requests' is not defined; 3765)
[2025-08-08T02:54:55.267+0000] {local_task_job_runner.py:240} INFO - Task exited with return code 1
[2025-08-08T02:54:55.278+0000] {taskinstance.py:3498} INFO - 0 downstream tasks scheduled from follow-on schedule check
[2025-08-08T02:54:55.280+0000] {local_task_job_runner.py:222} INFO - ::endgroup::
[2025-08-08T02:57:09.268+0000] {local_task_job_runner.py:120} INFO - ::group::Pre task execution logs
[2025-08-08T02:57:09.287+0000] {taskinstance.py:2076} INFO - Dependencies all met for dep_context=non-requeueable deps ti=<TaskInstance: climate_data.data_extract scheduled__2025-07-28T00:00:00+00:00 [queued]>
[2025-08-08T02:57:09.292+0000] {taskinstance.py:2076} INFO - Dependencies all met for dep_context=requeueable deps ti=<TaskInstance: climate_data.data_extract scheduled__2025-07-28T00:00:00+00:00 [queued]>
[2025-08-08T02:57:09.293+0000] {taskinstance.py:2306} INFO - Starting attempt 1 of 1
[2025-08-08T02:57:09.301+0000] {taskinstance.py:2330} INFO - Executing <Task(PythonOperator): data_extract> on 2025-07-28 00:00:00+00:00
[2025-08-08T02:57:09.305+0000] {standard_task_runner.py:63} INFO - Started process 3890 to run task
[2025-08-08T02:57:09.308+0000] {standard_task_runner.py:90} INFO - Running: ['***', 'tasks', 'run', 'climate_data', 'data_extract', 'scheduled__2025-07-28T00:00:00+00:00', '--job-id', '990', '--raw', '--subdir', 'DAGS_FOLDER/climate_data.py', '--cfg-path', '/tmp/tmp72sgwtnc']
[2025-08-08T02:57:09.310+0000] {standard_task_runner.py:91} INFO - Job 990: Subtask data_extract
[2025-08-08T02:57:09.321+0000] {logging_mixin.py:188} WARNING - /home/***/.local/lib/python3.9/site-packages/***/settings.py:195 DeprecationWarning: The sql_alchemy_conn option in [core] has been moved to the sql_alchemy_conn option in [database] - the old setting has been used, but please update your config.
[2025-08-08T02:57:09.359+0000] {task_command.py:426} INFO - Running <TaskInstance: climate_data.data_extract scheduled__2025-07-28T00:00:00+00:00 [running]> on host 1a6f5acf67f4
[2025-08-08T02:57:09.418+0000] {taskinstance.py:2648} INFO - Exporting env vars: AIRFLOW_CTX_DAG_OWNER='***' AIRFLOW_CTX_DAG_ID='climate_data' AIRFLOW_CTX_TASK_ID='data_extract' AIRFLOW_CTX_EXECUTION_DATE='2025-07-28T00:00:00+00:00' AIRFLOW_CTX_TRY_NUMBER='1' AIRFLOW_CTX_DAG_RUN_ID='scheduled__2025-07-28T00:00:00+00:00'
[2025-08-08T02:57:09.419+0000] {taskinstance.py:430} INFO - ::endgroup::
[2025-08-08T02:57:10.233+0000] {taskinstance.py:441} INFO - ::group::Post task execution logs
[2025-08-08T02:57:10.234+0000] {taskinstance.py:2905} ERROR - Task failed with exception
Traceback (most recent call last):
  File "/home/airflow/.local/lib/python3.9/site-packages/airflow/models/taskinstance.py", line 465, in _execute_task
    result = _execute_callable(context=context, **execute_callable_kwargs)
  File "/home/airflow/.local/lib/python3.9/site-packages/airflow/models/taskinstance.py", line 432, in _execute_callable
    return execute_callable(context=context, **execute_callable_kwargs)
  File "/home/airflow/.local/lib/python3.9/site-packages/airflow/models/baseoperator.py", line 400, in wrapper
    return func(self, *args, **kwargs)
  File "/home/airflow/.local/lib/python3.9/site-packages/airflow/operators/python.py", line 235, in execute
    return_value = self.execute_callable()
  File "/home/airflow/.local/lib/python3.9/site-packages/airflow/operators/python.py", line 252, in execute_callable
    return self.python_callable(*self.op_args, **self.op_kwargs)
  File "/opt/airflow/dags/climate_data.py", line 30, in data_extract
    response.raise_for_status()
  File "/home/airflow/.local/lib/python3.9/site-packages/requests/models.py", line 1021, in raise_for_status
    raise HTTPError(http_error_msg, response=self)
requests.exceptions.HTTPError: 400 Client Error: Bad Request for url: https://archive-api.open-meteo.com/v1/archive?latitude=42.3601&longitude=-71.0589&start_date=2025-08-04&end_date=2025-08-11&daily=temperature_2m_min%2Ctemperature_2m_mean%2Ctemperature_2m_max%2Cweathercode&timezone=America%2FNew_York
[2025-08-08T02:57:10.247+0000] {taskinstance.py:1206} INFO - Marking task as FAILED. dag_id=climate_data, task_id=data_extract, run_id=scheduled__2025-07-28T00:00:00+00:00, execution_date=20250728T000000, start_date=20250808T025709, end_date=20250808T025710
[2025-08-08T02:57:10.257+0000] {standard_task_runner.py:110} ERROR - Failed to execute job 990 for task data_extract (400 Client Error: Bad Request for url: https://archive-api.open-meteo.com/v1/archive?latitude=42.3601&longitude=-71.0589&start_date=2025-08-04&end_date=2025-08-11&daily=temperature_2m_min%2Ctemperature_2m_mean%2Ctemperature_2m_max%2Cweathercode&timezone=America%2FNew_York; 3890)
[2025-08-08T02:57:10.283+0000] {local_task_job_runner.py:240} INFO - Task exited with return code 1
[2025-08-08T02:57:10.294+0000] {taskinstance.py:3498} INFO - 0 downstream tasks scheduled from follow-on schedule check
[2025-08-08T02:57:10.296+0000] {local_task_job_runner.py:222} INFO - ::endgroup::
[2025-08-08T03:07:11.365+0000] {local_task_job_runner.py:120} INFO - ::group::Pre task execution logs
[2025-08-08T03:07:11.388+0000] {taskinstance.py:2076} INFO - Dependencies all met for dep_context=non-requeueable deps ti=<TaskInstance: climate_data.data_extract scheduled__2025-07-28T00:00:00+00:00 [queued]>
[2025-08-08T03:07:11.394+0000] {taskinstance.py:2076} INFO - Dependencies all met for dep_context=requeueable deps ti=<TaskInstance: climate_data.data_extract scheduled__2025-07-28T00:00:00+00:00 [queued]>
[2025-08-08T03:07:11.394+0000] {taskinstance.py:2306} INFO - Starting attempt 1 of 1
[2025-08-08T03:07:11.405+0000] {taskinstance.py:2330} INFO - Executing <Task(PythonOperator): data_extract> on 2025-07-28 00:00:00+00:00
[2025-08-08T03:07:11.409+0000] {standard_task_runner.py:63} INFO - Started process 4244 to run task
[2025-08-08T03:07:11.412+0000] {standard_task_runner.py:90} INFO - Running: ['***', 'tasks', 'run', 'climate_data', 'data_extract', 'scheduled__2025-07-28T00:00:00+00:00', '--job-id', '1005', '--raw', '--subdir', 'DAGS_FOLDER/climate_data.py', '--cfg-path', '/tmp/tmpknrmzxjg']
[2025-08-08T03:07:11.417+0000] {standard_task_runner.py:91} INFO - Job 1005: Subtask data_extract
[2025-08-08T03:07:11.430+0000] {logging_mixin.py:188} WARNING - /home/***/.local/lib/python3.9/site-packages/***/settings.py:195 DeprecationWarning: The sql_alchemy_conn option in [core] has been moved to the sql_alchemy_conn option in [database] - the old setting has been used, but please update your config.
[2025-08-08T03:07:11.471+0000] {task_command.py:426} INFO - Running <TaskInstance: climate_data.data_extract scheduled__2025-07-28T00:00:00+00:00 [running]> on host 1a6f5acf67f4
[2025-08-08T03:07:11.552+0000] {taskinstance.py:2648} INFO - Exporting env vars: AIRFLOW_CTX_DAG_OWNER='***' AIRFLOW_CTX_DAG_ID='climate_data' AIRFLOW_CTX_TASK_ID='data_extract' AIRFLOW_CTX_EXECUTION_DATE='2025-07-28T00:00:00+00:00' AIRFLOW_CTX_TRY_NUMBER='1' AIRFLOW_CTX_DAG_RUN_ID='scheduled__2025-07-28T00:00:00+00:00'
[2025-08-08T03:07:11.553+0000] {taskinstance.py:430} INFO - ::endgroup::
[2025-08-08T03:07:11.569+0000] {taskinstance.py:441} INFO - ::group::Post task execution logs
[2025-08-08T03:07:11.570+0000] {taskinstance.py:2905} ERROR - Task failed with exception
Traceback (most recent call last):
  File "/home/airflow/.local/lib/python3.9/site-packages/airflow/models/taskinstance.py", line 465, in _execute_task
    result = _execute_callable(context=context, **execute_callable_kwargs)
  File "/home/airflow/.local/lib/python3.9/site-packages/airflow/models/taskinstance.py", line 432, in _execute_callable
    return execute_callable(context=context, **execute_callable_kwargs)
  File "/home/airflow/.local/lib/python3.9/site-packages/airflow/models/baseoperator.py", line 400, in wrapper
    return func(self, *args, **kwargs)
  File "/home/airflow/.local/lib/python3.9/site-packages/airflow/operators/python.py", line 235, in execute
    return_value = self.execute_callable()
  File "/home/airflow/.local/lib/python3.9/site-packages/airflow/operators/python.py", line 252, in execute_callable
    return self.python_callable(*self.op_args, **self.op_kwargs)
  File "/opt/airflow/dags/climate_data.py", line 18, in data_extract
    if end_date >= today:
NameError: name 'today' is not defined
[2025-08-08T03:07:11.583+0000] {taskinstance.py:1206} INFO - Marking task as FAILED. dag_id=climate_data, task_id=data_extract, run_id=scheduled__2025-07-28T00:00:00+00:00, execution_date=20250728T000000, start_date=20250808T030711, end_date=20250808T030711
[2025-08-08T03:07:11.595+0000] {standard_task_runner.py:110} ERROR - Failed to execute job 1005 for task data_extract (name 'today' is not defined; 4244)
[2025-08-08T03:07:11.624+0000] {local_task_job_runner.py:240} INFO - Task exited with return code 1
[2025-08-08T03:07:11.637+0000] {taskinstance.py:3498} INFO - 0 downstream tasks scheduled from follow-on schedule check
[2025-08-08T03:07:11.639+0000] {local_task_job_runner.py:222} INFO - ::endgroup::
[2025-08-08T03:09:39.238+0000] {local_task_job_runner.py:120} INFO - ::group::Pre task execution logs
[2025-08-08T03:09:39.257+0000] {taskinstance.py:2076} INFO - Dependencies all met for dep_context=non-requeueable deps ti=<TaskInstance: climate_data.data_extract scheduled__2025-07-28T00:00:00+00:00 [queued]>
[2025-08-08T03:09:39.263+0000] {taskinstance.py:2076} INFO - Dependencies all met for dep_context=requeueable deps ti=<TaskInstance: climate_data.data_extract scheduled__2025-07-28T00:00:00+00:00 [queued]>
[2025-08-08T03:09:39.263+0000] {taskinstance.py:2306} INFO - Starting attempt 1 of 1
[2025-08-08T03:09:39.272+0000] {taskinstance.py:2330} INFO - Executing <Task(PythonOperator): data_extract> on 2025-07-28 00:00:00+00:00
[2025-08-08T03:09:39.276+0000] {standard_task_runner.py:63} INFO - Started process 4367 to run task
[2025-08-08T03:09:39.280+0000] {standard_task_runner.py:90} INFO - Running: ['***', 'tasks', 'run', 'climate_data', 'data_extract', 'scheduled__2025-07-28T00:00:00+00:00', '--job-id', '1012', '--raw', '--subdir', 'DAGS_FOLDER/climate_data.py', '--cfg-path', '/tmp/tmpcl9irta5']
[2025-08-08T03:09:39.281+0000] {standard_task_runner.py:91} INFO - Job 1012: Subtask data_extract
[2025-08-08T03:09:39.292+0000] {logging_mixin.py:188} WARNING - /home/***/.local/lib/python3.9/site-packages/***/settings.py:195 DeprecationWarning: The sql_alchemy_conn option in [core] has been moved to the sql_alchemy_conn option in [database] - the old setting has been used, but please update your config.
[2025-08-08T03:09:39.329+0000] {task_command.py:426} INFO - Running <TaskInstance: climate_data.data_extract scheduled__2025-07-28T00:00:00+00:00 [running]> on host 1a6f5acf67f4
[2025-08-08T03:09:39.388+0000] {taskinstance.py:2648} INFO - Exporting env vars: AIRFLOW_CTX_DAG_OWNER='***' AIRFLOW_CTX_DAG_ID='climate_data' AIRFLOW_CTX_TASK_ID='data_extract' AIRFLOW_CTX_EXECUTION_DATE='2025-07-28T00:00:00+00:00' AIRFLOW_CTX_TRY_NUMBER='1' AIRFLOW_CTX_DAG_RUN_ID='scheduled__2025-07-28T00:00:00+00:00'
[2025-08-08T03:09:39.389+0000] {taskinstance.py:430} INFO - ::endgroup::
[2025-08-08T03:09:40.091+0000] {python.py:237} INFO - Done. Returned value was: None
[2025-08-08T03:09:40.092+0000] {taskinstance.py:441} INFO - ::group::Post task execution logs
[2025-08-08T03:09:40.099+0000] {taskinstance.py:1206} INFO - Marking task as SUCCESS. dag_id=climate_data, task_id=data_extract, run_id=scheduled__2025-07-28T00:00:00+00:00, execution_date=20250728T000000, start_date=20250808T030939, end_date=20250808T030940
[2025-08-08T03:09:40.134+0000] {local_task_job_runner.py:240} INFO - Task exited with return code 0
[2025-08-08T03:09:40.141+0000] {local_task_job_runner.py:222} INFO - ::endgroup::
