[2025-08-08T02:27:02.221+0000] {local_task_job_runner.py:120} INFO - ::group::Pre task execution logs
[2025-08-08T02:27:02.239+0000] {taskinstance.py:2076} INFO - Dependencies all met for dep_context=non-requeueable deps ti=<TaskInstance: climate_data.create_folder scheduled__2025-04-28T00:00:00+00:00 [queued]>
[2025-08-08T02:27:02.246+0000] {taskinstance.py:2076} INFO - Dependencies all met for dep_context=requeueable deps ti=<TaskInstance: climate_data.create_folder scheduled__2025-04-28T00:00:00+00:00 [queued]>
[2025-08-08T02:27:02.246+0000] {taskinstance.py:2306} INFO - Starting attempt 1 of 1
[2025-08-08T02:27:02.254+0000] {taskinstance.py:2330} INFO - Executing <Task(BashOperator): create_folder> on 2025-04-28 00:00:00+00:00
[2025-08-08T02:27:02.258+0000] {standard_task_runner.py:63} INFO - Started process 790 to run task
[2025-08-08T02:27:02.260+0000] {standard_task_runner.py:90} INFO - Running: ['***', 'tasks', 'run', 'climate_data', 'create_folder', 'scheduled__2025-04-28T00:00:00+00:00', '--job-id', '169', '--raw', '--subdir', 'DAGS_FOLDER/climate_data.py', '--cfg-path', '/tmp/tmpeblgx_v9']
[2025-08-08T02:27:02.262+0000] {standard_task_runner.py:91} INFO - Job 169: Subtask create_folder
[2025-08-08T02:27:02.273+0000] {logging_mixin.py:188} WARNING - /home/***/.local/lib/python3.9/site-packages/***/settings.py:195 DeprecationWarning: The sql_alchemy_conn option in [core] has been moved to the sql_alchemy_conn option in [database] - the old setting has been used, but please update your config.
[2025-08-08T02:27:02.305+0000] {task_command.py:426} INFO - Running <TaskInstance: climate_data.create_folder scheduled__2025-04-28T00:00:00+00:00 [running]> on host 3ceab82043f1
[2025-08-08T02:27:02.362+0000] {taskinstance.py:2648} INFO - Exporting env vars: AIRFLOW_CTX_DAG_OWNER='***' AIRFLOW_CTX_DAG_ID='climate_data' AIRFLOW_CTX_TASK_ID='create_folder' AIRFLOW_CTX_EXECUTION_DATE='2025-04-28T00:00:00+00:00' AIRFLOW_CTX_TRY_NUMBER='1' AIRFLOW_CTX_DAG_RUN_ID='scheduled__2025-04-28T00:00:00+00:00'
[2025-08-08T02:27:02.363+0000] {taskinstance.py:430} INFO - ::endgroup::
[2025-08-08T02:27:02.371+0000] {subprocess.py:63} INFO - Tmp dir root location: /tmp
[2025-08-08T02:27:02.371+0000] {subprocess.py:75} INFO - Running command: ['/usr/bin/bash', '-c', 'mkdir -p /home/***/host_documents/week2025-05-05"']
[2025-08-08T02:27:02.378+0000] {subprocess.py:86} INFO - Output:
[2025-08-08T02:27:02.380+0000] {subprocess.py:93} INFO - /usr/bin/bash: -c: line 1: unexpected EOF while looking for matching `"'
[2025-08-08T02:27:02.381+0000] {subprocess.py:97} INFO - Command exited with return code 2
[2025-08-08T02:27:02.381+0000] {taskinstance.py:441} INFO - ::group::Post task execution logs
[2025-08-08T02:27:02.390+0000] {taskinstance.py:2905} ERROR - Task failed with exception
Traceback (most recent call last):
  File "/home/airflow/.local/lib/python3.9/site-packages/airflow/models/taskinstance.py", line 465, in _execute_task
    result = _execute_callable(context=context, **execute_callable_kwargs)
  File "/home/airflow/.local/lib/python3.9/site-packages/airflow/models/taskinstance.py", line 432, in _execute_callable
    return execute_callable(context=context, **execute_callable_kwargs)
  File "/home/airflow/.local/lib/python3.9/site-packages/airflow/models/baseoperator.py", line 400, in wrapper
    return func(self, *args, **kwargs)
  File "/home/airflow/.local/lib/python3.9/site-packages/airflow/operators/bash.py", line 243, in execute
    raise AirflowException(
airflow.exceptions.AirflowException: Bash command failed. The command returned a non-zero exit code 2.
[2025-08-08T02:27:02.392+0000] {taskinstance.py:1206} INFO - Marking task as FAILED. dag_id=climate_data, task_id=create_folder, run_id=scheduled__2025-04-28T00:00:00+00:00, execution_date=20250428T000000, start_date=20250808T022702, end_date=20250808T022702
[2025-08-08T02:27:02.400+0000] {standard_task_runner.py:110} ERROR - Failed to execute job 169 for task create_folder (Bash command failed. The command returned a non-zero exit code 2.; 790)
[2025-08-08T02:27:02.433+0000] {local_task_job_runner.py:240} INFO - Task exited with return code 1
[2025-08-08T02:27:02.448+0000] {taskinstance.py:3498} INFO - 0 downstream tasks scheduled from follow-on schedule check
[2025-08-08T02:27:02.451+0000] {local_task_job_runner.py:222} INFO - ::endgroup::
[2025-08-08T02:35:23.173+0000] {local_task_job_runner.py:120} INFO - ::group::Pre task execution logs
[2025-08-08T02:35:23.193+0000] {taskinstance.py:2076} INFO - Dependencies all met for dep_context=non-requeueable deps ti=<TaskInstance: climate_data.create_folder scheduled__2025-04-28T00:00:00+00:00 [queued]>
[2025-08-08T02:35:23.200+0000] {taskinstance.py:2076} INFO - Dependencies all met for dep_context=requeueable deps ti=<TaskInstance: climate_data.create_folder scheduled__2025-04-28T00:00:00+00:00 [queued]>
[2025-08-08T02:35:23.200+0000] {taskinstance.py:2306} INFO - Starting attempt 1 of 1
[2025-08-08T02:35:23.208+0000] {taskinstance.py:2330} INFO - Executing <Task(BashOperator): create_folder> on 2025-04-28 00:00:00+00:00
[2025-08-08T02:35:23.212+0000] {standard_task_runner.py:63} INFO - Started process 827 to run task
[2025-08-08T02:35:23.215+0000] {standard_task_runner.py:90} INFO - Running: ['***', 'tasks', 'run', 'climate_data', 'create_folder', 'scheduled__2025-04-28T00:00:00+00:00', '--job-id', '325', '--raw', '--subdir', 'DAGS_FOLDER/climate_data.py', '--cfg-path', '/tmp/tmp295e62nr']
[2025-08-08T02:35:23.217+0000] {standard_task_runner.py:91} INFO - Job 325: Subtask create_folder
[2025-08-08T02:35:23.228+0000] {logging_mixin.py:188} WARNING - /home/***/.local/lib/python3.9/site-packages/***/settings.py:195 DeprecationWarning: The sql_alchemy_conn option in [core] has been moved to the sql_alchemy_conn option in [database] - the old setting has been used, but please update your config.
[2025-08-08T02:35:23.269+0000] {task_command.py:426} INFO - Running <TaskInstance: climate_data.create_folder scheduled__2025-04-28T00:00:00+00:00 [running]> on host 1a6f5acf67f4
[2025-08-08T02:35:23.325+0000] {taskinstance.py:2648} INFO - Exporting env vars: AIRFLOW_CTX_DAG_OWNER='***' AIRFLOW_CTX_DAG_ID='climate_data' AIRFLOW_CTX_TASK_ID='create_folder' AIRFLOW_CTX_EXECUTION_DATE='2025-04-28T00:00:00+00:00' AIRFLOW_CTX_TRY_NUMBER='1' AIRFLOW_CTX_DAG_RUN_ID='scheduled__2025-04-28T00:00:00+00:00'
[2025-08-08T02:35:23.326+0000] {taskinstance.py:430} INFO - ::endgroup::
[2025-08-08T02:35:23.336+0000] {subprocess.py:63} INFO - Tmp dir root location: /tmp
[2025-08-08T02:35:23.337+0000] {subprocess.py:75} INFO - Running command: ['/usr/bin/bash', '-c', 'mkdir -p /home/***/host_documents/week2025-05-05"']
[2025-08-08T02:35:23.344+0000] {subprocess.py:86} INFO - Output:
[2025-08-08T02:35:23.345+0000] {subprocess.py:93} INFO - /usr/bin/bash: -c: line 1: unexpected EOF while looking for matching `"'
[2025-08-08T02:35:23.346+0000] {subprocess.py:97} INFO - Command exited with return code 2
[2025-08-08T02:35:23.346+0000] {taskinstance.py:441} INFO - ::group::Post task execution logs
[2025-08-08T02:35:23.353+0000] {taskinstance.py:2905} ERROR - Task failed with exception
Traceback (most recent call last):
  File "/home/airflow/.local/lib/python3.9/site-packages/airflow/models/taskinstance.py", line 465, in _execute_task
    result = _execute_callable(context=context, **execute_callable_kwargs)
  File "/home/airflow/.local/lib/python3.9/site-packages/airflow/models/taskinstance.py", line 432, in _execute_callable
    return execute_callable(context=context, **execute_callable_kwargs)
  File "/home/airflow/.local/lib/python3.9/site-packages/airflow/models/baseoperator.py", line 400, in wrapper
    return func(self, *args, **kwargs)
  File "/home/airflow/.local/lib/python3.9/site-packages/airflow/operators/bash.py", line 243, in execute
    raise AirflowException(
airflow.exceptions.AirflowException: Bash command failed. The command returned a non-zero exit code 2.
[2025-08-08T02:35:23.356+0000] {taskinstance.py:1206} INFO - Marking task as FAILED. dag_id=climate_data, task_id=create_folder, run_id=scheduled__2025-04-28T00:00:00+00:00, execution_date=20250428T000000, start_date=20250808T023523, end_date=20250808T023523
[2025-08-08T02:35:23.363+0000] {standard_task_runner.py:110} ERROR - Failed to execute job 325 for task create_folder (Bash command failed. The command returned a non-zero exit code 2.; 827)
[2025-08-08T02:35:23.386+0000] {local_task_job_runner.py:240} INFO - Task exited with return code 1
[2025-08-08T02:35:23.400+0000] {taskinstance.py:3498} INFO - 0 downstream tasks scheduled from follow-on schedule check
[2025-08-08T02:35:23.403+0000] {local_task_job_runner.py:222} INFO - ::endgroup::
[2025-08-08T02:39:56.529+0000] {local_task_job_runner.py:120} INFO - ::group::Pre task execution logs
[2025-08-08T02:39:56.554+0000] {taskinstance.py:2076} INFO - Dependencies all met for dep_context=non-requeueable deps ti=<TaskInstance: climate_data.create_folder scheduled__2025-04-28T00:00:00+00:00 [queued]>
[2025-08-08T02:39:56.565+0000] {taskinstance.py:2076} INFO - Dependencies all met for dep_context=requeueable deps ti=<TaskInstance: climate_data.create_folder scheduled__2025-04-28T00:00:00+00:00 [queued]>
[2025-08-08T02:39:56.565+0000] {taskinstance.py:2306} INFO - Starting attempt 1 of 1
[2025-08-08T02:39:56.580+0000] {taskinstance.py:2330} INFO - Executing <Task(BashOperator): create_folder> on 2025-04-28 00:00:00+00:00
[2025-08-08T02:39:56.588+0000] {standard_task_runner.py:63} INFO - Started process 2005 to run task
[2025-08-08T02:39:56.592+0000] {standard_task_runner.py:90} INFO - Running: ['***', 'tasks', 'run', 'climate_data', 'create_folder', 'scheduled__2025-04-28T00:00:00+00:00', '--job-id', '612', '--raw', '--subdir', 'DAGS_FOLDER/climate_data.py', '--cfg-path', '/tmp/tmpn3h7t6ji']
[2025-08-08T02:39:56.594+0000] {standard_task_runner.py:91} INFO - Job 612: Subtask create_folder
[2025-08-08T02:39:56.610+0000] {logging_mixin.py:188} WARNING - /home/***/.local/lib/python3.9/site-packages/***/settings.py:195 DeprecationWarning: The sql_alchemy_conn option in [core] has been moved to the sql_alchemy_conn option in [database] - the old setting has been used, but please update your config.
[2025-08-08T02:39:56.658+0000] {task_command.py:426} INFO - Running <TaskInstance: climate_data.create_folder scheduled__2025-04-28T00:00:00+00:00 [running]> on host 1a6f5acf67f4
[2025-08-08T02:39:56.731+0000] {taskinstance.py:2648} INFO - Exporting env vars: AIRFLOW_CTX_DAG_OWNER='***' AIRFLOW_CTX_DAG_ID='climate_data' AIRFLOW_CTX_TASK_ID='create_folder' AIRFLOW_CTX_EXECUTION_DATE='2025-04-28T00:00:00+00:00' AIRFLOW_CTX_TRY_NUMBER='1' AIRFLOW_CTX_DAG_RUN_ID='scheduled__2025-04-28T00:00:00+00:00'
[2025-08-08T02:39:56.732+0000] {taskinstance.py:430} INFO - ::endgroup::
[2025-08-08T02:39:56.741+0000] {subprocess.py:63} INFO - Tmp dir root location: /tmp
[2025-08-08T02:39:56.742+0000] {subprocess.py:75} INFO - Running command: ['/usr/bin/bash', '-c', 'mkdir -p /home/***/host_documents/week2025-05-05']
[2025-08-08T02:39:56.753+0000] {subprocess.py:86} INFO - Output:
[2025-08-08T02:39:56.758+0000] {subprocess.py:97} INFO - Command exited with return code 0
[2025-08-08T02:39:56.759+0000] {taskinstance.py:441} INFO - ::group::Post task execution logs
[2025-08-08T02:39:56.785+0000] {taskinstance.py:1206} INFO - Marking task as SUCCESS. dag_id=climate_data, task_id=create_folder, run_id=scheduled__2025-04-28T00:00:00+00:00, execution_date=20250428T000000, start_date=20250808T023956, end_date=20250808T023956
[2025-08-08T02:39:56.845+0000] {local_task_job_runner.py:240} INFO - Task exited with return code 0
[2025-08-08T02:39:56.868+0000] {taskinstance.py:3498} INFO - 1 downstream tasks scheduled from follow-on schedule check
[2025-08-08T02:39:56.872+0000] {local_task_job_runner.py:222} INFO - ::endgroup::
[2025-08-08T02:42:55.799+0000] {local_task_job_runner.py:120} INFO - ::group::Pre task execution logs
[2025-08-08T02:42:55.821+0000] {taskinstance.py:2076} INFO - Dependencies all met for dep_context=non-requeueable deps ti=<TaskInstance: climate_data.create_folder scheduled__2025-04-28T00:00:00+00:00 [queued]>
[2025-08-08T02:42:55.830+0000] {taskinstance.py:2076} INFO - Dependencies all met for dep_context=requeueable deps ti=<TaskInstance: climate_data.create_folder scheduled__2025-04-28T00:00:00+00:00 [queued]>
[2025-08-08T02:42:55.831+0000] {taskinstance.py:2306} INFO - Starting attempt 1 of 1
[2025-08-08T02:42:55.847+0000] {taskinstance.py:2330} INFO - Executing <Task(BashOperator): create_folder> on 2025-04-28 00:00:00+00:00
[2025-08-08T02:42:55.857+0000] {standard_task_runner.py:63} INFO - Started process 3183 to run task
[2025-08-08T02:42:55.860+0000] {standard_task_runner.py:90} INFO - Running: ['***', 'tasks', 'run', 'climate_data', 'create_folder', 'scheduled__2025-04-28T00:00:00+00:00', '--job-id', '922', '--raw', '--subdir', 'DAGS_FOLDER/climate_data.py', '--cfg-path', '/tmp/tmphf70cha3']
[2025-08-08T02:42:55.862+0000] {standard_task_runner.py:91} INFO - Job 922: Subtask create_folder
[2025-08-08T02:42:55.878+0000] {logging_mixin.py:188} WARNING - /home/***/.local/lib/python3.9/site-packages/***/settings.py:195 DeprecationWarning: The sql_alchemy_conn option in [core] has been moved to the sql_alchemy_conn option in [database] - the old setting has been used, but please update your config.
[2025-08-08T02:42:55.929+0000] {task_command.py:426} INFO - Running <TaskInstance: climate_data.create_folder scheduled__2025-04-28T00:00:00+00:00 [running]> on host 1a6f5acf67f4
[2025-08-08T02:42:56.002+0000] {taskinstance.py:2648} INFO - Exporting env vars: AIRFLOW_CTX_DAG_OWNER='***' AIRFLOW_CTX_DAG_ID='climate_data' AIRFLOW_CTX_TASK_ID='create_folder' AIRFLOW_CTX_EXECUTION_DATE='2025-04-28T00:00:00+00:00' AIRFLOW_CTX_TRY_NUMBER='1' AIRFLOW_CTX_DAG_RUN_ID='scheduled__2025-04-28T00:00:00+00:00'
[2025-08-08T02:42:56.005+0000] {taskinstance.py:430} INFO - ::endgroup::
[2025-08-08T02:42:56.013+0000] {subprocess.py:63} INFO - Tmp dir root location: /tmp
[2025-08-08T02:42:56.014+0000] {subprocess.py:75} INFO - Running command: ['/usr/bin/bash', '-c', 'mkdir -p "/home/***/host_documents/week2025-05-05"']
[2025-08-08T02:42:56.024+0000] {subprocess.py:86} INFO - Output:
[2025-08-08T02:42:56.027+0000] {subprocess.py:97} INFO - Command exited with return code 0
[2025-08-08T02:42:56.033+0000] {taskinstance.py:441} INFO - ::group::Post task execution logs
[2025-08-08T02:42:56.052+0000] {taskinstance.py:1206} INFO - Marking task as SUCCESS. dag_id=climate_data, task_id=create_folder, run_id=scheduled__2025-04-28T00:00:00+00:00, execution_date=20250428T000000, start_date=20250808T024255, end_date=20250808T024256
[2025-08-08T02:42:56.113+0000] {local_task_job_runner.py:240} INFO - Task exited with return code 0
[2025-08-08T02:42:56.124+0000] {local_task_job_runner.py:222} INFO - ::endgroup::
