[2025-08-08T02:26:23.382+0000] {local_task_job_runner.py:120} INFO - ::group::Pre task execution logs
[2025-08-08T02:26:23.407+0000] {taskinstance.py:2076} INFO - Dependencies all met for dep_context=non-requeueable deps ti=<TaskInstance: climate_data.create_folder scheduled__2022-12-12T00:00:00+00:00 [queued]>
[2025-08-08T02:26:23.416+0000] {taskinstance.py:2076} INFO - Dependencies all met for dep_context=requeueable deps ti=<TaskInstance: climate_data.create_folder scheduled__2022-12-12T00:00:00+00:00 [queued]>
[2025-08-08T02:26:23.417+0000] {taskinstance.py:2306} INFO - Starting attempt 1 of 1
[2025-08-08T02:26:23.477+0000] {taskinstance.py:2330} INFO - Executing <Task(BashOperator): create_folder> on 2022-12-12 00:00:00+00:00
[2025-08-08T02:26:23.481+0000] {standard_task_runner.py:63} INFO - Started process 286 to run task
[2025-08-08T02:26:23.484+0000] {standard_task_runner.py:90} INFO - Running: ['***', 'tasks', 'run', 'climate_data', 'create_folder', 'scheduled__2022-12-12T00:00:00+00:00', '--job-id', '45', '--raw', '--subdir', 'DAGS_FOLDER/climate_data.py', '--cfg-path', '/tmp/tmpkjodaebz']
[2025-08-08T02:26:23.485+0000] {standard_task_runner.py:91} INFO - Job 45: Subtask create_folder
[2025-08-08T02:26:23.498+0000] {logging_mixin.py:188} WARNING - /home/***/.local/lib/python3.9/site-packages/***/settings.py:195 DeprecationWarning: The sql_alchemy_conn option in [core] has been moved to the sql_alchemy_conn option in [database] - the old setting has been used, but please update your config.
[2025-08-08T02:26:23.546+0000] {task_command.py:426} INFO - Running <TaskInstance: climate_data.create_folder scheduled__2022-12-12T00:00:00+00:00 [running]> on host 3ceab82043f1
[2025-08-08T02:26:23.616+0000] {taskinstance.py:2648} INFO - Exporting env vars: AIRFLOW_CTX_DAG_OWNER='***' AIRFLOW_CTX_DAG_ID='climate_data' AIRFLOW_CTX_TASK_ID='create_folder' AIRFLOW_CTX_EXECUTION_DATE='2022-12-12T00:00:00+00:00' AIRFLOW_CTX_TRY_NUMBER='1' AIRFLOW_CTX_DAG_RUN_ID='scheduled__2022-12-12T00:00:00+00:00'
[2025-08-08T02:26:23.618+0000] {taskinstance.py:430} INFO - ::endgroup::
[2025-08-08T02:26:23.628+0000] {subprocess.py:63} INFO - Tmp dir root location: /tmp
[2025-08-08T02:26:23.629+0000] {subprocess.py:75} INFO - Running command: ['/usr/bin/bash', '-c', 'mkdir -p /home/***/host_documents/week2022-12-19"']
[2025-08-08T02:26:23.639+0000] {subprocess.py:86} INFO - Output:
[2025-08-08T02:26:23.640+0000] {subprocess.py:93} INFO - /usr/bin/bash: -c: line 1: unexpected EOF while looking for matching `"'
[2025-08-08T02:26:23.641+0000] {subprocess.py:97} INFO - Command exited with return code 2
[2025-08-08T02:26:23.642+0000] {taskinstance.py:441} INFO - ::group::Post task execution logs
[2025-08-08T02:26:23.651+0000] {taskinstance.py:2905} ERROR - Task failed with exception
Traceback (most recent call last):
  File "/home/airflow/.local/lib/python3.9/site-packages/airflow/models/taskinstance.py", line 465, in _execute_task
    result = _execute_callable(context=context, **execute_callable_kwargs)
  File "/home/airflow/.local/lib/python3.9/site-packages/airflow/models/taskinstance.py", line 432, in _execute_callable
    return execute_callable(context=context, **execute_callable_kwargs)
  File "/home/airflow/.local/lib/python3.9/site-packages/airflow/models/baseoperator.py", line 400, in wrapper
    return func(self, *args, **kwargs)
  File "/home/airflow/.local/lib/python3.9/site-packages/airflow/operators/bash.py", line 243, in execute
    raise AirflowException(
airflow.exceptions.AirflowException: Bash command failed. The command returned a non-zero exit code 2.
[2025-08-08T02:26:23.653+0000] {taskinstance.py:1206} INFO - Marking task as FAILED. dag_id=climate_data, task_id=create_folder, run_id=scheduled__2022-12-12T00:00:00+00:00, execution_date=20221212T000000, start_date=20250808T022623, end_date=20250808T022623
[2025-08-08T02:26:23.663+0000] {standard_task_runner.py:110} ERROR - Failed to execute job 45 for task create_folder (Bash command failed. The command returned a non-zero exit code 2.; 286)
[2025-08-08T02:26:23.696+0000] {local_task_job_runner.py:240} INFO - Task exited with return code 1
[2025-08-08T02:26:23.712+0000] {taskinstance.py:3498} INFO - 0 downstream tasks scheduled from follow-on schedule check
[2025-08-08T02:26:23.715+0000] {local_task_job_runner.py:222} INFO - ::endgroup::
[2025-08-08T02:34:41.919+0000] {local_task_job_runner.py:120} INFO - ::group::Pre task execution logs
[2025-08-08T02:34:41.943+0000] {taskinstance.py:2076} INFO - Dependencies all met for dep_context=non-requeueable deps ti=<TaskInstance: climate_data.create_folder scheduled__2022-12-12T00:00:00+00:00 [queued]>
[2025-08-08T02:34:41.953+0000] {taskinstance.py:2076} INFO - Dependencies all met for dep_context=requeueable deps ti=<TaskInstance: climate_data.create_folder scheduled__2022-12-12T00:00:00+00:00 [queued]>
[2025-08-08T02:34:41.953+0000] {taskinstance.py:2306} INFO - Starting attempt 1 of 1
[2025-08-08T02:34:41.992+0000] {taskinstance.py:2330} INFO - Executing <Task(BashOperator): create_folder> on 2022-12-12 00:00:00+00:00
[2025-08-08T02:34:41.996+0000] {standard_task_runner.py:63} INFO - Started process 317 to run task
[2025-08-08T02:34:41.999+0000] {standard_task_runner.py:90} INFO - Running: ['***', 'tasks', 'run', 'climate_data', 'create_folder', 'scheduled__2022-12-12T00:00:00+00:00', '--job-id', '200', '--raw', '--subdir', 'DAGS_FOLDER/climate_data.py', '--cfg-path', '/tmp/tmp8on9ydcr']
[2025-08-08T02:34:42.001+0000] {standard_task_runner.py:91} INFO - Job 200: Subtask create_folder
[2025-08-08T02:34:42.016+0000] {logging_mixin.py:188} WARNING - /home/***/.local/lib/python3.9/site-packages/***/settings.py:195 DeprecationWarning: The sql_alchemy_conn option in [core] has been moved to the sql_alchemy_conn option in [database] - the old setting has been used, but please update your config.
[2025-08-08T02:34:42.058+0000] {task_command.py:426} INFO - Running <TaskInstance: climate_data.create_folder scheduled__2022-12-12T00:00:00+00:00 [running]> on host 1a6f5acf67f4
[2025-08-08T02:34:42.119+0000] {taskinstance.py:2648} INFO - Exporting env vars: AIRFLOW_CTX_DAG_OWNER='***' AIRFLOW_CTX_DAG_ID='climate_data' AIRFLOW_CTX_TASK_ID='create_folder' AIRFLOW_CTX_EXECUTION_DATE='2022-12-12T00:00:00+00:00' AIRFLOW_CTX_TRY_NUMBER='1' AIRFLOW_CTX_DAG_RUN_ID='scheduled__2022-12-12T00:00:00+00:00'
[2025-08-08T02:34:42.121+0000] {taskinstance.py:430} INFO - ::endgroup::
[2025-08-08T02:34:42.128+0000] {subprocess.py:63} INFO - Tmp dir root location: /tmp
[2025-08-08T02:34:42.129+0000] {subprocess.py:75} INFO - Running command: ['/usr/bin/bash', '-c', 'mkdir -p /home/***/host_documents/week2022-12-19"']
[2025-08-08T02:34:42.136+0000] {subprocess.py:86} INFO - Output:
[2025-08-08T02:34:42.137+0000] {subprocess.py:93} INFO - /usr/bin/bash: -c: line 1: unexpected EOF while looking for matching `"'
[2025-08-08T02:34:42.138+0000] {subprocess.py:97} INFO - Command exited with return code 2
[2025-08-08T02:34:42.139+0000] {taskinstance.py:441} INFO - ::group::Post task execution logs
[2025-08-08T02:34:42.147+0000] {taskinstance.py:2905} ERROR - Task failed with exception
Traceback (most recent call last):
  File "/home/airflow/.local/lib/python3.9/site-packages/airflow/models/taskinstance.py", line 465, in _execute_task
    result = _execute_callable(context=context, **execute_callable_kwargs)
  File "/home/airflow/.local/lib/python3.9/site-packages/airflow/models/taskinstance.py", line 432, in _execute_callable
    return execute_callable(context=context, **execute_callable_kwargs)
  File "/home/airflow/.local/lib/python3.9/site-packages/airflow/models/baseoperator.py", line 400, in wrapper
    return func(self, *args, **kwargs)
  File "/home/airflow/.local/lib/python3.9/site-packages/airflow/operators/bash.py", line 243, in execute
    raise AirflowException(
airflow.exceptions.AirflowException: Bash command failed. The command returned a non-zero exit code 2.
[2025-08-08T02:34:42.150+0000] {taskinstance.py:1206} INFO - Marking task as FAILED. dag_id=climate_data, task_id=create_folder, run_id=scheduled__2022-12-12T00:00:00+00:00, execution_date=20221212T000000, start_date=20250808T023441, end_date=20250808T023442
[2025-08-08T02:34:42.173+0000] {standard_task_runner.py:110} ERROR - Failed to execute job 200 for task create_folder (Bash command failed. The command returned a non-zero exit code 2.; 317)
[2025-08-08T02:34:42.212+0000] {local_task_job_runner.py:240} INFO - Task exited with return code 1
[2025-08-08T02:34:42.229+0000] {taskinstance.py:3498} INFO - 0 downstream tasks scheduled from follow-on schedule check
[2025-08-08T02:34:42.233+0000] {local_task_job_runner.py:222} INFO - ::endgroup::
[2025-08-08T02:39:18.682+0000] {local_task_job_runner.py:120} INFO - ::group::Pre task execution logs
[2025-08-08T02:39:18.703+0000] {taskinstance.py:2076} INFO - Dependencies all met for dep_context=non-requeueable deps ti=<TaskInstance: climate_data.create_folder scheduled__2022-12-12T00:00:00+00:00 [queued]>
[2025-08-08T02:39:18.711+0000] {taskinstance.py:2076} INFO - Dependencies all met for dep_context=requeueable deps ti=<TaskInstance: climate_data.create_folder scheduled__2022-12-12T00:00:00+00:00 [queued]>
[2025-08-08T02:39:18.711+0000] {taskinstance.py:2306} INFO - Starting attempt 1 of 1
[2025-08-08T02:39:18.726+0000] {taskinstance.py:2330} INFO - Executing <Task(BashOperator): create_folder> on 2022-12-12 00:00:00+00:00
[2025-08-08T02:39:18.730+0000] {standard_task_runner.py:63} INFO - Started process 1144 to run task
[2025-08-08T02:39:18.733+0000] {standard_task_runner.py:90} INFO - Running: ['***', 'tasks', 'run', 'climate_data', 'create_folder', 'scheduled__2022-12-12T00:00:00+00:00', '--job-id', '372', '--raw', '--subdir', 'DAGS_FOLDER/climate_data.py', '--cfg-path', '/tmp/tmp3de4431z']
[2025-08-08T02:39:18.734+0000] {standard_task_runner.py:91} INFO - Job 372: Subtask create_folder
[2025-08-08T02:39:18.748+0000] {logging_mixin.py:188} WARNING - /home/***/.local/lib/python3.9/site-packages/***/settings.py:195 DeprecationWarning: The sql_alchemy_conn option in [core] has been moved to the sql_alchemy_conn option in [database] - the old setting has been used, but please update your config.
[2025-08-08T02:39:18.790+0000] {task_command.py:426} INFO - Running <TaskInstance: climate_data.create_folder scheduled__2022-12-12T00:00:00+00:00 [running]> on host 1a6f5acf67f4
[2025-08-08T02:39:18.858+0000] {taskinstance.py:2648} INFO - Exporting env vars: AIRFLOW_CTX_DAG_OWNER='***' AIRFLOW_CTX_DAG_ID='climate_data' AIRFLOW_CTX_TASK_ID='create_folder' AIRFLOW_CTX_EXECUTION_DATE='2022-12-12T00:00:00+00:00' AIRFLOW_CTX_TRY_NUMBER='1' AIRFLOW_CTX_DAG_RUN_ID='scheduled__2022-12-12T00:00:00+00:00'
[2025-08-08T02:39:18.859+0000] {taskinstance.py:430} INFO - ::endgroup::
[2025-08-08T02:39:18.867+0000] {subprocess.py:63} INFO - Tmp dir root location: /tmp
[2025-08-08T02:39:18.868+0000] {subprocess.py:75} INFO - Running command: ['/usr/bin/bash', '-c', 'mkdir -p /home/***/host_documents/week2022-12-19']
[2025-08-08T02:39:18.877+0000] {subprocess.py:86} INFO - Output:
[2025-08-08T02:39:18.881+0000] {subprocess.py:97} INFO - Command exited with return code 0
[2025-08-08T02:39:18.882+0000] {taskinstance.py:441} INFO - ::group::Post task execution logs
[2025-08-08T02:39:18.903+0000] {taskinstance.py:1206} INFO - Marking task as SUCCESS. dag_id=climate_data, task_id=create_folder, run_id=scheduled__2022-12-12T00:00:00+00:00, execution_date=20221212T000000, start_date=20250808T023918, end_date=20250808T023918
[2025-08-08T02:39:18.945+0000] {local_task_job_runner.py:240} INFO - Task exited with return code 0
[2025-08-08T02:39:18.953+0000] {local_task_job_runner.py:222} INFO - ::endgroup::
[2025-08-08T02:42:16.547+0000] {local_task_job_runner.py:120} INFO - ::group::Pre task execution logs
[2025-08-08T02:42:16.569+0000] {taskinstance.py:2076} INFO - Dependencies all met for dep_context=non-requeueable deps ti=<TaskInstance: climate_data.create_folder scheduled__2022-12-12T00:00:00+00:00 [queued]>
[2025-08-08T02:42:16.576+0000] {taskinstance.py:2076} INFO - Dependencies all met for dep_context=requeueable deps ti=<TaskInstance: climate_data.create_folder scheduled__2022-12-12T00:00:00+00:00 [queued]>
[2025-08-08T02:42:16.578+0000] {taskinstance.py:2306} INFO - Starting attempt 1 of 1
[2025-08-08T02:42:16.589+0000] {taskinstance.py:2330} INFO - Executing <Task(BashOperator): create_folder> on 2022-12-12 00:00:00+00:00
[2025-08-08T02:42:16.593+0000] {standard_task_runner.py:63} INFO - Started process 2317 to run task
[2025-08-08T02:42:16.595+0000] {standard_task_runner.py:90} INFO - Running: ['***', 'tasks', 'run', 'climate_data', 'create_folder', 'scheduled__2022-12-12T00:00:00+00:00', '--job-id', '680', '--raw', '--subdir', 'DAGS_FOLDER/climate_data.py', '--cfg-path', '/tmp/tmpmtl7bjbc']
[2025-08-08T02:42:16.597+0000] {standard_task_runner.py:91} INFO - Job 680: Subtask create_folder
[2025-08-08T02:42:16.610+0000] {logging_mixin.py:188} WARNING - /home/***/.local/lib/python3.9/site-packages/***/settings.py:195 DeprecationWarning: The sql_alchemy_conn option in [core] has been moved to the sql_alchemy_conn option in [database] - the old setting has been used, but please update your config.
[2025-08-08T02:42:16.653+0000] {task_command.py:426} INFO - Running <TaskInstance: climate_data.create_folder scheduled__2022-12-12T00:00:00+00:00 [running]> on host 1a6f5acf67f4
[2025-08-08T02:42:16.718+0000] {taskinstance.py:2648} INFO - Exporting env vars: AIRFLOW_CTX_DAG_OWNER='***' AIRFLOW_CTX_DAG_ID='climate_data' AIRFLOW_CTX_TASK_ID='create_folder' AIRFLOW_CTX_EXECUTION_DATE='2022-12-12T00:00:00+00:00' AIRFLOW_CTX_TRY_NUMBER='1' AIRFLOW_CTX_DAG_RUN_ID='scheduled__2022-12-12T00:00:00+00:00'
[2025-08-08T02:42:16.719+0000] {taskinstance.py:430} INFO - ::endgroup::
[2025-08-08T02:42:16.726+0000] {subprocess.py:63} INFO - Tmp dir root location: /tmp
[2025-08-08T02:42:16.727+0000] {subprocess.py:75} INFO - Running command: ['/usr/bin/bash', '-c', 'mkdir -p "/home/***/host_documents/week2022-12-19"']
[2025-08-08T02:42:16.736+0000] {subprocess.py:86} INFO - Output:
[2025-08-08T02:42:16.741+0000] {subprocess.py:97} INFO - Command exited with return code 0
[2025-08-08T02:42:16.743+0000] {taskinstance.py:441} INFO - ::group::Post task execution logs
[2025-08-08T02:42:16.762+0000] {taskinstance.py:1206} INFO - Marking task as SUCCESS. dag_id=climate_data, task_id=create_folder, run_id=scheduled__2022-12-12T00:00:00+00:00, execution_date=20221212T000000, start_date=20250808T024216, end_date=20250808T024216
[2025-08-08T02:42:16.808+0000] {local_task_job_runner.py:240} INFO - Task exited with return code 0
[2025-08-08T02:42:16.816+0000] {local_task_job_runner.py:222} INFO - ::endgroup::
