[2025-08-08T02:26:51.399+0000] {local_task_job_runner.py:120} INFO - ::group::Pre task execution logs
[2025-08-08T02:26:51.420+0000] {taskinstance.py:2076} INFO - Dependencies all met for dep_context=non-requeueable deps ti=<TaskInstance: climate_data.create_folder scheduled__2024-08-19T00:00:00+00:00 [queued]>
[2025-08-08T02:26:51.430+0000] {taskinstance.py:2076} INFO - Dependencies all met for dep_context=requeueable deps ti=<TaskInstance: climate_data.create_folder scheduled__2024-08-19T00:00:00+00:00 [queued]>
[2025-08-08T02:26:51.431+0000] {taskinstance.py:2306} INFO - Starting attempt 1 of 1
[2025-08-08T02:26:51.453+0000] {taskinstance.py:2330} INFO - Executing <Task(BashOperator): create_folder> on 2024-08-19 00:00:00+00:00
[2025-08-08T02:26:51.457+0000] {standard_task_runner.py:63} INFO - Started process 652 to run task
[2025-08-08T02:26:51.460+0000] {standard_task_runner.py:90} INFO - Running: ['***', 'tasks', 'run', 'climate_data', 'create_folder', 'scheduled__2024-08-19T00:00:00+00:00', '--job-id', '133', '--raw', '--subdir', 'DAGS_FOLDER/climate_data.py', '--cfg-path', '/tmp/tmppiv1teib']
[2025-08-08T02:26:51.462+0000] {standard_task_runner.py:91} INFO - Job 133: Subtask create_folder
[2025-08-08T02:26:51.474+0000] {logging_mixin.py:188} WARNING - /home/***/.local/lib/python3.9/site-packages/***/settings.py:195 DeprecationWarning: The sql_alchemy_conn option in [core] has been moved to the sql_alchemy_conn option in [database] - the old setting has been used, but please update your config.
[2025-08-08T02:26:51.515+0000] {task_command.py:426} INFO - Running <TaskInstance: climate_data.create_folder scheduled__2024-08-19T00:00:00+00:00 [running]> on host 3ceab82043f1
[2025-08-08T02:26:51.579+0000] {taskinstance.py:2648} INFO - Exporting env vars: AIRFLOW_CTX_DAG_OWNER='***' AIRFLOW_CTX_DAG_ID='climate_data' AIRFLOW_CTX_TASK_ID='create_folder' AIRFLOW_CTX_EXECUTION_DATE='2024-08-19T00:00:00+00:00' AIRFLOW_CTX_TRY_NUMBER='1' AIRFLOW_CTX_DAG_RUN_ID='scheduled__2024-08-19T00:00:00+00:00'
[2025-08-08T02:26:51.580+0000] {taskinstance.py:430} INFO - ::endgroup::
[2025-08-08T02:26:51.588+0000] {subprocess.py:63} INFO - Tmp dir root location: /tmp
[2025-08-08T02:26:51.589+0000] {subprocess.py:75} INFO - Running command: ['/usr/bin/bash', '-c', 'mkdir -p /home/***/host_documents/week2024-08-26"']
[2025-08-08T02:26:51.597+0000] {subprocess.py:86} INFO - Output:
[2025-08-08T02:26:51.598+0000] {subprocess.py:93} INFO - /usr/bin/bash: -c: line 1: unexpected EOF while looking for matching `"'
[2025-08-08T02:26:51.599+0000] {subprocess.py:97} INFO - Command exited with return code 2
[2025-08-08T02:26:51.599+0000] {taskinstance.py:441} INFO - ::group::Post task execution logs
[2025-08-08T02:26:51.606+0000] {taskinstance.py:2905} ERROR - Task failed with exception
Traceback (most recent call last):
  File "/home/airflow/.local/lib/python3.9/site-packages/airflow/models/taskinstance.py", line 465, in _execute_task
    result = _execute_callable(context=context, **execute_callable_kwargs)
  File "/home/airflow/.local/lib/python3.9/site-packages/airflow/models/taskinstance.py", line 432, in _execute_callable
    return execute_callable(context=context, **execute_callable_kwargs)
  File "/home/airflow/.local/lib/python3.9/site-packages/airflow/models/baseoperator.py", line 400, in wrapper
    return func(self, *args, **kwargs)
  File "/home/airflow/.local/lib/python3.9/site-packages/airflow/operators/bash.py", line 243, in execute
    raise AirflowException(
airflow.exceptions.AirflowException: Bash command failed. The command returned a non-zero exit code 2.
[2025-08-08T02:26:51.609+0000] {taskinstance.py:1206} INFO - Marking task as FAILED. dag_id=climate_data, task_id=create_folder, run_id=scheduled__2024-08-19T00:00:00+00:00, execution_date=20240819T000000, start_date=20250808T022651, end_date=20250808T022651
[2025-08-08T02:26:51.618+0000] {standard_task_runner.py:110} ERROR - Failed to execute job 133 for task create_folder (Bash command failed. The command returned a non-zero exit code 2.; 652)
[2025-08-08T02:26:51.633+0000] {local_task_job_runner.py:240} INFO - Task exited with return code 1
[2025-08-08T02:26:51.647+0000] {taskinstance.py:3498} INFO - 0 downstream tasks scheduled from follow-on schedule check
[2025-08-08T02:26:51.650+0000] {local_task_job_runner.py:222} INFO - ::endgroup::
[2025-08-08T02:35:12.130+0000] {local_task_job_runner.py:120} INFO - ::group::Pre task execution logs
[2025-08-08T02:35:12.152+0000] {taskinstance.py:2076} INFO - Dependencies all met for dep_context=non-requeueable deps ti=<TaskInstance: climate_data.create_folder scheduled__2024-08-19T00:00:00+00:00 [queued]>
[2025-08-08T02:35:12.159+0000] {taskinstance.py:2076} INFO - Dependencies all met for dep_context=requeueable deps ti=<TaskInstance: climate_data.create_folder scheduled__2024-08-19T00:00:00+00:00 [queued]>
[2025-08-08T02:35:12.160+0000] {taskinstance.py:2306} INFO - Starting attempt 1 of 1
[2025-08-08T02:35:12.182+0000] {taskinstance.py:2330} INFO - Executing <Task(BashOperator): create_folder> on 2024-08-19 00:00:00+00:00
[2025-08-08T02:35:12.186+0000] {standard_task_runner.py:63} INFO - Started process 687 to run task
[2025-08-08T02:35:12.190+0000] {standard_task_runner.py:90} INFO - Running: ['***', 'tasks', 'run', 'climate_data', 'create_folder', 'scheduled__2024-08-19T00:00:00+00:00', '--job-id', '289', '--raw', '--subdir', 'DAGS_FOLDER/climate_data.py', '--cfg-path', '/tmp/tmpwsr1f62i']
[2025-08-08T02:35:12.192+0000] {standard_task_runner.py:91} INFO - Job 289: Subtask create_folder
[2025-08-08T02:35:12.205+0000] {logging_mixin.py:188} WARNING - /home/***/.local/lib/python3.9/site-packages/***/settings.py:195 DeprecationWarning: The sql_alchemy_conn option in [core] has been moved to the sql_alchemy_conn option in [database] - the old setting has been used, but please update your config.
[2025-08-08T02:35:12.254+0000] {task_command.py:426} INFO - Running <TaskInstance: climate_data.create_folder scheduled__2024-08-19T00:00:00+00:00 [running]> on host 1a6f5acf67f4
[2025-08-08T02:35:12.327+0000] {taskinstance.py:2648} INFO - Exporting env vars: AIRFLOW_CTX_DAG_OWNER='***' AIRFLOW_CTX_DAG_ID='climate_data' AIRFLOW_CTX_TASK_ID='create_folder' AIRFLOW_CTX_EXECUTION_DATE='2024-08-19T00:00:00+00:00' AIRFLOW_CTX_TRY_NUMBER='1' AIRFLOW_CTX_DAG_RUN_ID='scheduled__2024-08-19T00:00:00+00:00'
[2025-08-08T02:35:12.328+0000] {taskinstance.py:430} INFO - ::endgroup::
[2025-08-08T02:35:12.336+0000] {subprocess.py:63} INFO - Tmp dir root location: /tmp
[2025-08-08T02:35:12.336+0000] {subprocess.py:75} INFO - Running command: ['/usr/bin/bash', '-c', 'mkdir -p /home/***/host_documents/week2024-08-26"']
[2025-08-08T02:35:12.345+0000] {subprocess.py:86} INFO - Output:
[2025-08-08T02:35:12.346+0000] {subprocess.py:93} INFO - /usr/bin/bash: -c: line 1: unexpected EOF while looking for matching `"'
[2025-08-08T02:35:12.346+0000] {subprocess.py:97} INFO - Command exited with return code 2
[2025-08-08T02:35:12.347+0000] {taskinstance.py:441} INFO - ::group::Post task execution logs
[2025-08-08T02:35:12.355+0000] {taskinstance.py:2905} ERROR - Task failed with exception
Traceback (most recent call last):
  File "/home/airflow/.local/lib/python3.9/site-packages/airflow/models/taskinstance.py", line 465, in _execute_task
    result = _execute_callable(context=context, **execute_callable_kwargs)
  File "/home/airflow/.local/lib/python3.9/site-packages/airflow/models/taskinstance.py", line 432, in _execute_callable
    return execute_callable(context=context, **execute_callable_kwargs)
  File "/home/airflow/.local/lib/python3.9/site-packages/airflow/models/baseoperator.py", line 400, in wrapper
    return func(self, *args, **kwargs)
  File "/home/airflow/.local/lib/python3.9/site-packages/airflow/operators/bash.py", line 243, in execute
    raise AirflowException(
airflow.exceptions.AirflowException: Bash command failed. The command returned a non-zero exit code 2.
[2025-08-08T02:35:12.358+0000] {taskinstance.py:1206} INFO - Marking task as FAILED. dag_id=climate_data, task_id=create_folder, run_id=scheduled__2024-08-19T00:00:00+00:00, execution_date=20240819T000000, start_date=20250808T023512, end_date=20250808T023512
[2025-08-08T02:35:12.368+0000] {standard_task_runner.py:110} ERROR - Failed to execute job 289 for task create_folder (Bash command failed. The command returned a non-zero exit code 2.; 687)
[2025-08-08T02:35:12.403+0000] {local_task_job_runner.py:240} INFO - Task exited with return code 1
[2025-08-08T02:35:12.418+0000] {taskinstance.py:3498} INFO - 0 downstream tasks scheduled from follow-on schedule check
[2025-08-08T02:35:12.422+0000] {local_task_job_runner.py:222} INFO - ::endgroup::
[2025-08-08T02:39:45.985+0000] {local_task_job_runner.py:120} INFO - ::group::Pre task execution logs
[2025-08-08T02:39:46.007+0000] {taskinstance.py:2076} INFO - Dependencies all met for dep_context=non-requeueable deps ti=<TaskInstance: climate_data.create_folder scheduled__2024-08-19T00:00:00+00:00 [queued]>
[2025-08-08T02:39:46.014+0000] {taskinstance.py:2076} INFO - Dependencies all met for dep_context=requeueable deps ti=<TaskInstance: climate_data.create_folder scheduled__2024-08-19T00:00:00+00:00 [queued]>
[2025-08-08T02:39:46.015+0000] {taskinstance.py:2306} INFO - Starting attempt 1 of 1
[2025-08-08T02:39:46.028+0000] {taskinstance.py:2330} INFO - Executing <Task(BashOperator): create_folder> on 2024-08-19 00:00:00+00:00
[2025-08-08T02:39:46.033+0000] {standard_task_runner.py:63} INFO - Started process 1755 to run task
[2025-08-08T02:39:46.037+0000] {standard_task_runner.py:90} INFO - Running: ['***', 'tasks', 'run', 'climate_data', 'create_folder', 'scheduled__2024-08-19T00:00:00+00:00', '--job-id', '542', '--raw', '--subdir', 'DAGS_FOLDER/climate_data.py', '--cfg-path', '/tmp/tmp5kr9xh3k']
[2025-08-08T02:39:46.039+0000] {standard_task_runner.py:91} INFO - Job 542: Subtask create_folder
[2025-08-08T02:39:46.053+0000] {logging_mixin.py:188} WARNING - /home/***/.local/lib/python3.9/site-packages/***/settings.py:195 DeprecationWarning: The sql_alchemy_conn option in [core] has been moved to the sql_alchemy_conn option in [database] - the old setting has been used, but please update your config.
[2025-08-08T02:39:46.104+0000] {task_command.py:426} INFO - Running <TaskInstance: climate_data.create_folder scheduled__2024-08-19T00:00:00+00:00 [running]> on host 1a6f5acf67f4
[2025-08-08T02:39:46.173+0000] {taskinstance.py:2648} INFO - Exporting env vars: AIRFLOW_CTX_DAG_OWNER='***' AIRFLOW_CTX_DAG_ID='climate_data' AIRFLOW_CTX_TASK_ID='create_folder' AIRFLOW_CTX_EXECUTION_DATE='2024-08-19T00:00:00+00:00' AIRFLOW_CTX_TRY_NUMBER='1' AIRFLOW_CTX_DAG_RUN_ID='scheduled__2024-08-19T00:00:00+00:00'
[2025-08-08T02:39:46.174+0000] {taskinstance.py:430} INFO - ::endgroup::
[2025-08-08T02:39:46.184+0000] {subprocess.py:63} INFO - Tmp dir root location: /tmp
[2025-08-08T02:39:46.185+0000] {subprocess.py:75} INFO - Running command: ['/usr/bin/bash', '-c', 'mkdir -p /home/***/host_documents/week2024-08-26']
[2025-08-08T02:39:46.194+0000] {subprocess.py:86} INFO - Output:
[2025-08-08T02:39:46.199+0000] {subprocess.py:97} INFO - Command exited with return code 0
[2025-08-08T02:39:46.200+0000] {taskinstance.py:441} INFO - ::group::Post task execution logs
[2025-08-08T02:39:46.223+0000] {taskinstance.py:1206} INFO - Marking task as SUCCESS. dag_id=climate_data, task_id=create_folder, run_id=scheduled__2024-08-19T00:00:00+00:00, execution_date=20240819T000000, start_date=20250808T023946, end_date=20250808T023946
[2025-08-08T02:39:46.289+0000] {local_task_job_runner.py:240} INFO - Task exited with return code 0
[2025-08-08T02:39:46.309+0000] {taskinstance.py:3498} INFO - 1 downstream tasks scheduled from follow-on schedule check
[2025-08-08T02:39:46.312+0000] {local_task_job_runner.py:222} INFO - ::endgroup::
[2025-08-08T02:42:44.738+0000] {local_task_job_runner.py:120} INFO - ::group::Pre task execution logs
[2025-08-08T02:42:44.766+0000] {taskinstance.py:2076} INFO - Dependencies all met for dep_context=non-requeueable deps ti=<TaskInstance: climate_data.create_folder scheduled__2024-08-19T00:00:00+00:00 [queued]>
[2025-08-08T02:42:44.778+0000] {taskinstance.py:2076} INFO - Dependencies all met for dep_context=requeueable deps ti=<TaskInstance: climate_data.create_folder scheduled__2024-08-19T00:00:00+00:00 [queued]>
[2025-08-08T02:42:44.778+0000] {taskinstance.py:2306} INFO - Starting attempt 1 of 1
[2025-08-08T02:42:44.880+0000] {taskinstance.py:2330} INFO - Executing <Task(BashOperator): create_folder> on 2024-08-19 00:00:00+00:00
[2025-08-08T02:42:44.886+0000] {standard_task_runner.py:63} INFO - Started process 2927 to run task
[2025-08-08T02:42:44.889+0000] {standard_task_runner.py:90} INFO - Running: ['***', 'tasks', 'run', 'climate_data', 'create_folder', 'scheduled__2024-08-19T00:00:00+00:00', '--job-id', '848', '--raw', '--subdir', 'DAGS_FOLDER/climate_data.py', '--cfg-path', '/tmp/tmpnvgudzyy']
[2025-08-08T02:42:44.891+0000] {standard_task_runner.py:91} INFO - Job 848: Subtask create_folder
[2025-08-08T02:42:44.909+0000] {logging_mixin.py:188} WARNING - /home/***/.local/lib/python3.9/site-packages/***/settings.py:195 DeprecationWarning: The sql_alchemy_conn option in [core] has been moved to the sql_alchemy_conn option in [database] - the old setting has been used, but please update your config.
[2025-08-08T02:42:44.966+0000] {task_command.py:426} INFO - Running <TaskInstance: climate_data.create_folder scheduled__2024-08-19T00:00:00+00:00 [running]> on host 1a6f5acf67f4
[2025-08-08T02:42:45.048+0000] {taskinstance.py:2648} INFO - Exporting env vars: AIRFLOW_CTX_DAG_OWNER='***' AIRFLOW_CTX_DAG_ID='climate_data' AIRFLOW_CTX_TASK_ID='create_folder' AIRFLOW_CTX_EXECUTION_DATE='2024-08-19T00:00:00+00:00' AIRFLOW_CTX_TRY_NUMBER='1' AIRFLOW_CTX_DAG_RUN_ID='scheduled__2024-08-19T00:00:00+00:00'
[2025-08-08T02:42:45.050+0000] {taskinstance.py:430} INFO - ::endgroup::
[2025-08-08T02:42:45.061+0000] {subprocess.py:63} INFO - Tmp dir root location: /tmp
[2025-08-08T02:42:45.062+0000] {subprocess.py:75} INFO - Running command: ['/usr/bin/bash', '-c', 'mkdir -p "/home/***/host_documents/week2024-08-26"']
[2025-08-08T02:42:45.073+0000] {subprocess.py:86} INFO - Output:
[2025-08-08T02:42:45.079+0000] {subprocess.py:97} INFO - Command exited with return code 0
[2025-08-08T02:42:45.080+0000] {taskinstance.py:441} INFO - ::group::Post task execution logs
[2025-08-08T02:42:45.105+0000] {taskinstance.py:1206} INFO - Marking task as SUCCESS. dag_id=climate_data, task_id=create_folder, run_id=scheduled__2024-08-19T00:00:00+00:00, execution_date=20240819T000000, start_date=20250808T024244, end_date=20250808T024245
[2025-08-08T02:42:45.183+0000] {local_task_job_runner.py:240} INFO - Task exited with return code 0
[2025-08-08T02:42:45.200+0000] {taskinstance.py:3498} INFO - 1 downstream tasks scheduled from follow-on schedule check
[2025-08-08T02:42:45.202+0000] {local_task_job_runner.py:222} INFO - ::endgroup::
