[2025-08-08T02:26:44.426+0000] {local_task_job_runner.py:120} INFO - ::group::Pre task execution logs
[2025-08-08T02:26:44.444+0000] {taskinstance.py:2076} INFO - Dependencies all met for dep_context=non-requeueable deps ti=<TaskInstance: climate_data.create_folder scheduled__2024-04-08T00:00:00+00:00 [queued]>
[2025-08-08T02:26:44.450+0000] {taskinstance.py:2076} INFO - Dependencies all met for dep_context=requeueable deps ti=<TaskInstance: climate_data.create_folder scheduled__2024-04-08T00:00:00+00:00 [queued]>
[2025-08-08T02:26:44.451+0000] {taskinstance.py:2306} INFO - Starting attempt 1 of 1
[2025-08-08T02:26:44.459+0000] {taskinstance.py:2330} INFO - Executing <Task(BashOperator): create_folder> on 2024-04-08 00:00:00+00:00
[2025-08-08T02:26:44.463+0000] {standard_task_runner.py:63} INFO - Started process 572 to run task
[2025-08-08T02:26:44.466+0000] {standard_task_runner.py:90} INFO - Running: ['***', 'tasks', 'run', 'climate_data', 'create_folder', 'scheduled__2024-04-08T00:00:00+00:00', '--job-id', '114', '--raw', '--subdir', 'DAGS_FOLDER/climate_data.py', '--cfg-path', '/tmp/tmp7xp3p0di']
[2025-08-08T02:26:44.468+0000] {standard_task_runner.py:91} INFO - Job 114: Subtask create_folder
[2025-08-08T02:26:44.478+0000] {logging_mixin.py:188} WARNING - /home/***/.local/lib/python3.9/site-packages/***/settings.py:195 DeprecationWarning: The sql_alchemy_conn option in [core] has been moved to the sql_alchemy_conn option in [database] - the old setting has been used, but please update your config.
[2025-08-08T02:26:44.511+0000] {task_command.py:426} INFO - Running <TaskInstance: climate_data.create_folder scheduled__2024-04-08T00:00:00+00:00 [running]> on host 3ceab82043f1
[2025-08-08T02:26:44.565+0000] {taskinstance.py:2648} INFO - Exporting env vars: AIRFLOW_CTX_DAG_OWNER='***' AIRFLOW_CTX_DAG_ID='climate_data' AIRFLOW_CTX_TASK_ID='create_folder' AIRFLOW_CTX_EXECUTION_DATE='2024-04-08T00:00:00+00:00' AIRFLOW_CTX_TRY_NUMBER='1' AIRFLOW_CTX_DAG_RUN_ID='scheduled__2024-04-08T00:00:00+00:00'
[2025-08-08T02:26:44.566+0000] {taskinstance.py:430} INFO - ::endgroup::
[2025-08-08T02:26:44.575+0000] {subprocess.py:63} INFO - Tmp dir root location: /tmp
[2025-08-08T02:26:44.576+0000] {subprocess.py:75} INFO - Running command: ['/usr/bin/bash', '-c', 'mkdir -p /home/***/host_documents/week2024-04-15"']
[2025-08-08T02:26:44.583+0000] {subprocess.py:86} INFO - Output:
[2025-08-08T02:26:44.584+0000] {subprocess.py:93} INFO - /usr/bin/bash: -c: line 1: unexpected EOF while looking for matching `"'
[2025-08-08T02:26:44.585+0000] {subprocess.py:97} INFO - Command exited with return code 2
[2025-08-08T02:26:44.586+0000] {taskinstance.py:441} INFO - ::group::Post task execution logs
[2025-08-08T02:26:44.593+0000] {taskinstance.py:2905} ERROR - Task failed with exception
Traceback (most recent call last):
  File "/home/airflow/.local/lib/python3.9/site-packages/airflow/models/taskinstance.py", line 465, in _execute_task
    result = _execute_callable(context=context, **execute_callable_kwargs)
  File "/home/airflow/.local/lib/python3.9/site-packages/airflow/models/taskinstance.py", line 432, in _execute_callable
    return execute_callable(context=context, **execute_callable_kwargs)
  File "/home/airflow/.local/lib/python3.9/site-packages/airflow/models/baseoperator.py", line 400, in wrapper
    return func(self, *args, **kwargs)
  File "/home/airflow/.local/lib/python3.9/site-packages/airflow/operators/bash.py", line 243, in execute
    raise AirflowException(
airflow.exceptions.AirflowException: Bash command failed. The command returned a non-zero exit code 2.
[2025-08-08T02:26:44.595+0000] {taskinstance.py:1206} INFO - Marking task as FAILED. dag_id=climate_data, task_id=create_folder, run_id=scheduled__2024-04-08T00:00:00+00:00, execution_date=20240408T000000, start_date=20250808T022644, end_date=20250808T022644
[2025-08-08T02:26:44.603+0000] {standard_task_runner.py:110} ERROR - Failed to execute job 114 for task create_folder (Bash command failed. The command returned a non-zero exit code 2.; 572)
[2025-08-08T02:26:44.638+0000] {local_task_job_runner.py:240} INFO - Task exited with return code 1
[2025-08-08T02:26:44.655+0000] {taskinstance.py:3498} INFO - 0 downstream tasks scheduled from follow-on schedule check
[2025-08-08T02:26:44.658+0000] {local_task_job_runner.py:222} INFO - ::endgroup::
[2025-08-08T02:35:04.973+0000] {local_task_job_runner.py:120} INFO - ::group::Pre task execution logs
[2025-08-08T02:35:04.993+0000] {taskinstance.py:2076} INFO - Dependencies all met for dep_context=non-requeueable deps ti=<TaskInstance: climate_data.create_folder scheduled__2024-04-08T00:00:00+00:00 [queued]>
[2025-08-08T02:35:05.000+0000] {taskinstance.py:2076} INFO - Dependencies all met for dep_context=requeueable deps ti=<TaskInstance: climate_data.create_folder scheduled__2024-04-08T00:00:00+00:00 [queued]>
[2025-08-08T02:35:05.001+0000] {taskinstance.py:2306} INFO - Starting attempt 1 of 1
[2025-08-08T02:35:05.009+0000] {taskinstance.py:2330} INFO - Executing <Task(BashOperator): create_folder> on 2024-04-08 00:00:00+00:00
[2025-08-08T02:35:05.014+0000] {standard_task_runner.py:63} INFO - Started process 607 to run task
[2025-08-08T02:35:05.016+0000] {standard_task_runner.py:90} INFO - Running: ['***', 'tasks', 'run', 'climate_data', 'create_folder', 'scheduled__2024-04-08T00:00:00+00:00', '--job-id', '270', '--raw', '--subdir', 'DAGS_FOLDER/climate_data.py', '--cfg-path', '/tmp/tmpwif3xti5']
[2025-08-08T02:35:05.018+0000] {standard_task_runner.py:91} INFO - Job 270: Subtask create_folder
[2025-08-08T02:35:05.028+0000] {logging_mixin.py:188} WARNING - /home/***/.local/lib/python3.9/site-packages/***/settings.py:195 DeprecationWarning: The sql_alchemy_conn option in [core] has been moved to the sql_alchemy_conn option in [database] - the old setting has been used, but please update your config.
[2025-08-08T02:35:05.064+0000] {task_command.py:426} INFO - Running <TaskInstance: climate_data.create_folder scheduled__2024-04-08T00:00:00+00:00 [running]> on host 1a6f5acf67f4
[2025-08-08T02:35:05.121+0000] {taskinstance.py:2648} INFO - Exporting env vars: AIRFLOW_CTX_DAG_OWNER='***' AIRFLOW_CTX_DAG_ID='climate_data' AIRFLOW_CTX_TASK_ID='create_folder' AIRFLOW_CTX_EXECUTION_DATE='2024-04-08T00:00:00+00:00' AIRFLOW_CTX_TRY_NUMBER='1' AIRFLOW_CTX_DAG_RUN_ID='scheduled__2024-04-08T00:00:00+00:00'
[2025-08-08T02:35:05.124+0000] {taskinstance.py:430} INFO - ::endgroup::
[2025-08-08T02:35:05.131+0000] {subprocess.py:63} INFO - Tmp dir root location: /tmp
[2025-08-08T02:35:05.132+0000] {subprocess.py:75} INFO - Running command: ['/usr/bin/bash', '-c', 'mkdir -p /home/***/host_documents/week2024-04-15"']
[2025-08-08T02:35:05.141+0000] {subprocess.py:86} INFO - Output:
[2025-08-08T02:35:05.143+0000] {subprocess.py:93} INFO - /usr/bin/bash: -c: line 1: unexpected EOF while looking for matching `"'
[2025-08-08T02:35:05.143+0000] {subprocess.py:97} INFO - Command exited with return code 2
[2025-08-08T02:35:05.143+0000] {taskinstance.py:441} INFO - ::group::Post task execution logs
[2025-08-08T02:35:05.151+0000] {taskinstance.py:2905} ERROR - Task failed with exception
Traceback (most recent call last):
  File "/home/airflow/.local/lib/python3.9/site-packages/airflow/models/taskinstance.py", line 465, in _execute_task
    result = _execute_callable(context=context, **execute_callable_kwargs)
  File "/home/airflow/.local/lib/python3.9/site-packages/airflow/models/taskinstance.py", line 432, in _execute_callable
    return execute_callable(context=context, **execute_callable_kwargs)
  File "/home/airflow/.local/lib/python3.9/site-packages/airflow/models/baseoperator.py", line 400, in wrapper
    return func(self, *args, **kwargs)
  File "/home/airflow/.local/lib/python3.9/site-packages/airflow/operators/bash.py", line 243, in execute
    raise AirflowException(
airflow.exceptions.AirflowException: Bash command failed. The command returned a non-zero exit code 2.
[2025-08-08T02:35:05.153+0000] {taskinstance.py:1206} INFO - Marking task as FAILED. dag_id=climate_data, task_id=create_folder, run_id=scheduled__2024-04-08T00:00:00+00:00, execution_date=20240408T000000, start_date=20250808T023504, end_date=20250808T023505
[2025-08-08T02:35:05.160+0000] {standard_task_runner.py:110} ERROR - Failed to execute job 270 for task create_folder (Bash command failed. The command returned a non-zero exit code 2.; 607)
[2025-08-08T02:35:05.188+0000] {local_task_job_runner.py:240} INFO - Task exited with return code 1
[2025-08-08T02:35:05.203+0000] {taskinstance.py:3498} INFO - 0 downstream tasks scheduled from follow-on schedule check
[2025-08-08T02:35:05.206+0000] {local_task_job_runner.py:222} INFO - ::endgroup::
[2025-08-08T02:39:41.728+0000] {local_task_job_runner.py:120} INFO - ::group::Pre task execution logs
[2025-08-08T02:39:41.756+0000] {taskinstance.py:2076} INFO - Dependencies all met for dep_context=non-requeueable deps ti=<TaskInstance: climate_data.create_folder scheduled__2024-04-08T00:00:00+00:00 [queued]>
[2025-08-08T02:39:41.767+0000] {taskinstance.py:2076} INFO - Dependencies all met for dep_context=requeueable deps ti=<TaskInstance: climate_data.create_folder scheduled__2024-04-08T00:00:00+00:00 [queued]>
[2025-08-08T02:39:41.768+0000] {taskinstance.py:2306} INFO - Starting attempt 1 of 1
[2025-08-08T02:39:41.803+0000] {taskinstance.py:2330} INFO - Executing <Task(BashOperator): create_folder> on 2024-04-08 00:00:00+00:00
[2025-08-08T02:39:41.808+0000] {standard_task_runner.py:63} INFO - Started process 1631 to run task
[2025-08-08T02:39:41.812+0000] {standard_task_runner.py:90} INFO - Running: ['***', 'tasks', 'run', 'climate_data', 'create_folder', 'scheduled__2024-04-08T00:00:00+00:00', '--job-id', '508', '--raw', '--subdir', 'DAGS_FOLDER/climate_data.py', '--cfg-path', '/tmp/tmp3uc8dhk8']
[2025-08-08T02:39:41.814+0000] {standard_task_runner.py:91} INFO - Job 508: Subtask create_folder
[2025-08-08T02:39:41.831+0000] {logging_mixin.py:188} WARNING - /home/***/.local/lib/python3.9/site-packages/***/settings.py:195 DeprecationWarning: The sql_alchemy_conn option in [core] has been moved to the sql_alchemy_conn option in [database] - the old setting has been used, but please update your config.
[2025-08-08T02:39:41.880+0000] {task_command.py:426} INFO - Running <TaskInstance: climate_data.create_folder scheduled__2024-04-08T00:00:00+00:00 [running]> on host 1a6f5acf67f4
[2025-08-08T02:39:41.950+0000] {taskinstance.py:2648} INFO - Exporting env vars: AIRFLOW_CTX_DAG_OWNER='***' AIRFLOW_CTX_DAG_ID='climate_data' AIRFLOW_CTX_TASK_ID='create_folder' AIRFLOW_CTX_EXECUTION_DATE='2024-04-08T00:00:00+00:00' AIRFLOW_CTX_TRY_NUMBER='1' AIRFLOW_CTX_DAG_RUN_ID='scheduled__2024-04-08T00:00:00+00:00'
[2025-08-08T02:39:41.951+0000] {taskinstance.py:430} INFO - ::endgroup::
[2025-08-08T02:39:41.960+0000] {subprocess.py:63} INFO - Tmp dir root location: /tmp
[2025-08-08T02:39:41.960+0000] {subprocess.py:75} INFO - Running command: ['/usr/bin/bash', '-c', 'mkdir -p /home/***/host_documents/week2024-04-15']
[2025-08-08T02:39:41.970+0000] {subprocess.py:86} INFO - Output:
[2025-08-08T02:39:41.976+0000] {subprocess.py:97} INFO - Command exited with return code 0
[2025-08-08T02:39:41.977+0000] {taskinstance.py:441} INFO - ::group::Post task execution logs
[2025-08-08T02:39:41.997+0000] {taskinstance.py:1206} INFO - Marking task as SUCCESS. dag_id=climate_data, task_id=create_folder, run_id=scheduled__2024-04-08T00:00:00+00:00, execution_date=20240408T000000, start_date=20250808T023941, end_date=20250808T023941
[2025-08-08T02:39:42.065+0000] {local_task_job_runner.py:240} INFO - Task exited with return code 0
[2025-08-08T02:39:42.076+0000] {local_task_job_runner.py:222} INFO - ::endgroup::
[2025-08-08T02:42:38.961+0000] {local_task_job_runner.py:120} INFO - ::group::Pre task execution logs
[2025-08-08T02:42:38.985+0000] {taskinstance.py:2076} INFO - Dependencies all met for dep_context=non-requeueable deps ti=<TaskInstance: climate_data.create_folder scheduled__2024-04-08T00:00:00+00:00 [queued]>
[2025-08-08T02:42:38.992+0000] {taskinstance.py:2076} INFO - Dependencies all met for dep_context=requeueable deps ti=<TaskInstance: climate_data.create_folder scheduled__2024-04-08T00:00:00+00:00 [queued]>
[2025-08-08T02:42:38.993+0000] {taskinstance.py:2306} INFO - Starting attempt 1 of 1
[2025-08-08T02:42:39.004+0000] {taskinstance.py:2330} INFO - Executing <Task(BashOperator): create_folder> on 2024-04-08 00:00:00+00:00
[2025-08-08T02:42:39.011+0000] {standard_task_runner.py:63} INFO - Started process 2797 to run task
[2025-08-08T02:42:39.014+0000] {standard_task_runner.py:90} INFO - Running: ['***', 'tasks', 'run', 'climate_data', 'create_folder', 'scheduled__2024-04-08T00:00:00+00:00', '--job-id', '813', '--raw', '--subdir', 'DAGS_FOLDER/climate_data.py', '--cfg-path', '/tmp/tmpqc8u0uz2']
[2025-08-08T02:42:39.016+0000] {standard_task_runner.py:91} INFO - Job 813: Subtask create_folder
[2025-08-08T02:42:39.031+0000] {logging_mixin.py:188} WARNING - /home/***/.local/lib/python3.9/site-packages/***/settings.py:195 DeprecationWarning: The sql_alchemy_conn option in [core] has been moved to the sql_alchemy_conn option in [database] - the old setting has been used, but please update your config.
[2025-08-08T02:42:39.082+0000] {task_command.py:426} INFO - Running <TaskInstance: climate_data.create_folder scheduled__2024-04-08T00:00:00+00:00 [running]> on host 1a6f5acf67f4
[2025-08-08T02:42:39.153+0000] {taskinstance.py:2648} INFO - Exporting env vars: AIRFLOW_CTX_DAG_OWNER='***' AIRFLOW_CTX_DAG_ID='climate_data' AIRFLOW_CTX_TASK_ID='create_folder' AIRFLOW_CTX_EXECUTION_DATE='2024-04-08T00:00:00+00:00' AIRFLOW_CTX_TRY_NUMBER='1' AIRFLOW_CTX_DAG_RUN_ID='scheduled__2024-04-08T00:00:00+00:00'
[2025-08-08T02:42:39.154+0000] {taskinstance.py:430} INFO - ::endgroup::
[2025-08-08T02:42:39.163+0000] {subprocess.py:63} INFO - Tmp dir root location: /tmp
[2025-08-08T02:42:39.164+0000] {subprocess.py:75} INFO - Running command: ['/usr/bin/bash', '-c', 'mkdir -p "/home/***/host_documents/week2024-04-15"']
[2025-08-08T02:42:39.173+0000] {subprocess.py:86} INFO - Output:
[2025-08-08T02:42:39.178+0000] {subprocess.py:97} INFO - Command exited with return code 0
[2025-08-08T02:42:39.179+0000] {taskinstance.py:441} INFO - ::group::Post task execution logs
[2025-08-08T02:42:39.202+0000] {taskinstance.py:1206} INFO - Marking task as SUCCESS. dag_id=climate_data, task_id=create_folder, run_id=scheduled__2024-04-08T00:00:00+00:00, execution_date=20240408T000000, start_date=20250808T024238, end_date=20250808T024239
[2025-08-08T02:42:39.271+0000] {local_task_job_runner.py:240} INFO - Task exited with return code 0
[2025-08-08T02:42:39.293+0000] {taskinstance.py:3498} INFO - 1 downstream tasks scheduled from follow-on schedule check
[2025-08-08T02:42:39.295+0000] {local_task_job_runner.py:222} INFO - ::endgroup::
