[2025-08-08T02:26:31.377+0000] {local_task_job_runner.py:120} INFO - ::group::Pre task execution logs
[2025-08-08T02:26:31.398+0000] {taskinstance.py:2076} INFO - Dependencies all met for dep_context=non-requeueable deps ti=<TaskInstance: climate_data.create_folder scheduled__2023-05-22T00:00:00+00:00 [queued]>
[2025-08-08T02:26:31.405+0000] {taskinstance.py:2076} INFO - Dependencies all met for dep_context=requeueable deps ti=<TaskInstance: climate_data.create_folder scheduled__2023-05-22T00:00:00+00:00 [queued]>
[2025-08-08T02:26:31.406+0000] {taskinstance.py:2306} INFO - Starting attempt 1 of 1
[2025-08-08T02:26:31.419+0000] {taskinstance.py:2330} INFO - Executing <Task(BashOperator): create_folder> on 2023-05-22 00:00:00+00:00
[2025-08-08T02:26:31.423+0000] {standard_task_runner.py:63} INFO - Started process 376 to run task
[2025-08-08T02:26:31.426+0000] {standard_task_runner.py:90} INFO - Running: ['***', 'tasks', 'run', 'climate_data', 'create_folder', 'scheduled__2023-05-22T00:00:00+00:00', '--job-id', '68', '--raw', '--subdir', 'DAGS_FOLDER/climate_data.py', '--cfg-path', '/tmp/tmpicrpmttz']
[2025-08-08T02:26:31.428+0000] {standard_task_runner.py:91} INFO - Job 68: Subtask create_folder
[2025-08-08T02:26:31.439+0000] {logging_mixin.py:188} WARNING - /home/***/.local/lib/python3.9/site-packages/***/settings.py:195 DeprecationWarning: The sql_alchemy_conn option in [core] has been moved to the sql_alchemy_conn option in [database] - the old setting has been used, but please update your config.
[2025-08-08T02:26:31.482+0000] {task_command.py:426} INFO - Running <TaskInstance: climate_data.create_folder scheduled__2023-05-22T00:00:00+00:00 [running]> on host 3ceab82043f1
[2025-08-08T02:26:31.547+0000] {taskinstance.py:2648} INFO - Exporting env vars: AIRFLOW_CTX_DAG_OWNER='***' AIRFLOW_CTX_DAG_ID='climate_data' AIRFLOW_CTX_TASK_ID='create_folder' AIRFLOW_CTX_EXECUTION_DATE='2023-05-22T00:00:00+00:00' AIRFLOW_CTX_TRY_NUMBER='1' AIRFLOW_CTX_DAG_RUN_ID='scheduled__2023-05-22T00:00:00+00:00'
[2025-08-08T02:26:31.548+0000] {taskinstance.py:430} INFO - ::endgroup::
[2025-08-08T02:26:31.555+0000] {subprocess.py:63} INFO - Tmp dir root location: /tmp
[2025-08-08T02:26:31.556+0000] {subprocess.py:75} INFO - Running command: ['/usr/bin/bash', '-c', 'mkdir -p /home/***/host_documents/week2023-05-29"']
[2025-08-08T02:26:31.564+0000] {subprocess.py:86} INFO - Output:
[2025-08-08T02:26:31.565+0000] {subprocess.py:93} INFO - /usr/bin/bash: -c: line 1: unexpected EOF while looking for matching `"'
[2025-08-08T02:26:31.565+0000] {subprocess.py:97} INFO - Command exited with return code 2
[2025-08-08T02:26:31.566+0000] {taskinstance.py:441} INFO - ::group::Post task execution logs
[2025-08-08T02:26:31.574+0000] {taskinstance.py:2905} ERROR - Task failed with exception
Traceback (most recent call last):
  File "/home/airflow/.local/lib/python3.9/site-packages/airflow/models/taskinstance.py", line 465, in _execute_task
    result = _execute_callable(context=context, **execute_callable_kwargs)
  File "/home/airflow/.local/lib/python3.9/site-packages/airflow/models/taskinstance.py", line 432, in _execute_callable
    return execute_callable(context=context, **execute_callable_kwargs)
  File "/home/airflow/.local/lib/python3.9/site-packages/airflow/models/baseoperator.py", line 400, in wrapper
    return func(self, *args, **kwargs)
  File "/home/airflow/.local/lib/python3.9/site-packages/airflow/operators/bash.py", line 243, in execute
    raise AirflowException(
airflow.exceptions.AirflowException: Bash command failed. The command returned a non-zero exit code 2.
[2025-08-08T02:26:31.577+0000] {taskinstance.py:1206} INFO - Marking task as FAILED. dag_id=climate_data, task_id=create_folder, run_id=scheduled__2023-05-22T00:00:00+00:00, execution_date=20230522T000000, start_date=20250808T022631, end_date=20250808T022631
[2025-08-08T02:26:31.587+0000] {standard_task_runner.py:110} ERROR - Failed to execute job 68 for task create_folder (Bash command failed. The command returned a non-zero exit code 2.; 376)
[2025-08-08T02:26:31.599+0000] {local_task_job_runner.py:240} INFO - Task exited with return code 1
[2025-08-08T02:26:31.614+0000] {taskinstance.py:3498} INFO - 0 downstream tasks scheduled from follow-on schedule check
[2025-08-08T02:26:31.617+0000] {local_task_job_runner.py:222} INFO - ::endgroup::
[2025-08-08T02:34:48.484+0000] {local_task_job_runner.py:120} INFO - ::group::Pre task execution logs
[2025-08-08T02:34:48.506+0000] {taskinstance.py:2076} INFO - Dependencies all met for dep_context=non-requeueable deps ti=<TaskInstance: climate_data.create_folder scheduled__2023-05-22T00:00:00+00:00 [queued]>
[2025-08-08T02:34:48.513+0000] {taskinstance.py:2076} INFO - Dependencies all met for dep_context=requeueable deps ti=<TaskInstance: climate_data.create_folder scheduled__2023-05-22T00:00:00+00:00 [queued]>
[2025-08-08T02:34:48.514+0000] {taskinstance.py:2306} INFO - Starting attempt 1 of 1
[2025-08-08T02:34:48.523+0000] {taskinstance.py:2330} INFO - Executing <Task(BashOperator): create_folder> on 2023-05-22 00:00:00+00:00
[2025-08-08T02:34:48.527+0000] {standard_task_runner.py:63} INFO - Started process 405 to run task
[2025-08-08T02:34:48.529+0000] {standard_task_runner.py:90} INFO - Running: ['***', 'tasks', 'run', 'climate_data', 'create_folder', 'scheduled__2023-05-22T00:00:00+00:00', '--job-id', '223', '--raw', '--subdir', 'DAGS_FOLDER/climate_data.py', '--cfg-path', '/tmp/tmpjq9yegey']
[2025-08-08T02:34:48.531+0000] {standard_task_runner.py:91} INFO - Job 223: Subtask create_folder
[2025-08-08T02:34:48.545+0000] {logging_mixin.py:188} WARNING - /home/***/.local/lib/python3.9/site-packages/***/settings.py:195 DeprecationWarning: The sql_alchemy_conn option in [core] has been moved to the sql_alchemy_conn option in [database] - the old setting has been used, but please update your config.
[2025-08-08T02:34:48.587+0000] {task_command.py:426} INFO - Running <TaskInstance: climate_data.create_folder scheduled__2023-05-22T00:00:00+00:00 [running]> on host 1a6f5acf67f4
[2025-08-08T02:34:48.647+0000] {taskinstance.py:2648} INFO - Exporting env vars: AIRFLOW_CTX_DAG_OWNER='***' AIRFLOW_CTX_DAG_ID='climate_data' AIRFLOW_CTX_TASK_ID='create_folder' AIRFLOW_CTX_EXECUTION_DATE='2023-05-22T00:00:00+00:00' AIRFLOW_CTX_TRY_NUMBER='1' AIRFLOW_CTX_DAG_RUN_ID='scheduled__2023-05-22T00:00:00+00:00'
[2025-08-08T02:34:48.648+0000] {taskinstance.py:430} INFO - ::endgroup::
[2025-08-08T02:34:48.656+0000] {subprocess.py:63} INFO - Tmp dir root location: /tmp
[2025-08-08T02:34:48.657+0000] {subprocess.py:75} INFO - Running command: ['/usr/bin/bash', '-c', 'mkdir -p /home/***/host_documents/week2023-05-29"']
[2025-08-08T02:34:48.665+0000] {subprocess.py:86} INFO - Output:
[2025-08-08T02:34:48.667+0000] {subprocess.py:93} INFO - /usr/bin/bash: -c: line 1: unexpected EOF while looking for matching `"'
[2025-08-08T02:34:48.668+0000] {subprocess.py:97} INFO - Command exited with return code 2
[2025-08-08T02:34:48.669+0000] {taskinstance.py:441} INFO - ::group::Post task execution logs
[2025-08-08T02:34:48.676+0000] {taskinstance.py:2905} ERROR - Task failed with exception
Traceback (most recent call last):
  File "/home/airflow/.local/lib/python3.9/site-packages/airflow/models/taskinstance.py", line 465, in _execute_task
    result = _execute_callable(context=context, **execute_callable_kwargs)
  File "/home/airflow/.local/lib/python3.9/site-packages/airflow/models/taskinstance.py", line 432, in _execute_callable
    return execute_callable(context=context, **execute_callable_kwargs)
  File "/home/airflow/.local/lib/python3.9/site-packages/airflow/models/baseoperator.py", line 400, in wrapper
    return func(self, *args, **kwargs)
  File "/home/airflow/.local/lib/python3.9/site-packages/airflow/operators/bash.py", line 243, in execute
    raise AirflowException(
airflow.exceptions.AirflowException: Bash command failed. The command returned a non-zero exit code 2.
[2025-08-08T02:34:48.681+0000] {taskinstance.py:1206} INFO - Marking task as FAILED. dag_id=climate_data, task_id=create_folder, run_id=scheduled__2023-05-22T00:00:00+00:00, execution_date=20230522T000000, start_date=20250808T023448, end_date=20250808T023448
[2025-08-08T02:34:48.707+0000] {standard_task_runner.py:110} ERROR - Failed to execute job 223 for task create_folder (Bash command failed. The command returned a non-zero exit code 2.; 405)
[2025-08-08T02:34:48.742+0000] {local_task_job_runner.py:240} INFO - Task exited with return code 1
[2025-08-08T02:34:48.758+0000] {taskinstance.py:3498} INFO - 0 downstream tasks scheduled from follow-on schedule check
[2025-08-08T02:34:48.761+0000] {local_task_job_runner.py:222} INFO - ::endgroup::
[2025-08-08T02:39:24.166+0000] {local_task_job_runner.py:120} INFO - ::group::Pre task execution logs
[2025-08-08T02:39:24.189+0000] {taskinstance.py:2076} INFO - Dependencies all met for dep_context=non-requeueable deps ti=<TaskInstance: climate_data.create_folder scheduled__2023-05-22T00:00:00+00:00 [queued]>
[2025-08-08T02:39:24.199+0000] {taskinstance.py:2076} INFO - Dependencies all met for dep_context=requeueable deps ti=<TaskInstance: climate_data.create_folder scheduled__2023-05-22T00:00:00+00:00 [queued]>
[2025-08-08T02:39:24.200+0000] {taskinstance.py:2306} INFO - Starting attempt 1 of 1
[2025-08-08T02:39:24.227+0000] {taskinstance.py:2330} INFO - Executing <Task(BashOperator): create_folder> on 2023-05-22 00:00:00+00:00
[2025-08-08T02:39:24.231+0000] {standard_task_runner.py:63} INFO - Started process 1283 to run task
[2025-08-08T02:39:24.233+0000] {standard_task_runner.py:90} INFO - Running: ['***', 'tasks', 'run', 'climate_data', 'create_folder', 'scheduled__2023-05-22T00:00:00+00:00', '--job-id', '411', '--raw', '--subdir', 'DAGS_FOLDER/climate_data.py', '--cfg-path', '/tmp/tmpt0ds19jx']
[2025-08-08T02:39:24.235+0000] {standard_task_runner.py:91} INFO - Job 411: Subtask create_folder
[2025-08-08T02:39:24.250+0000] {logging_mixin.py:188} WARNING - /home/***/.local/lib/python3.9/site-packages/***/settings.py:195 DeprecationWarning: The sql_alchemy_conn option in [core] has been moved to the sql_alchemy_conn option in [database] - the old setting has been used, but please update your config.
[2025-08-08T02:39:24.297+0000] {task_command.py:426} INFO - Running <TaskInstance: climate_data.create_folder scheduled__2023-05-22T00:00:00+00:00 [running]> on host 1a6f5acf67f4
[2025-08-08T02:39:24.372+0000] {taskinstance.py:2648} INFO - Exporting env vars: AIRFLOW_CTX_DAG_OWNER='***' AIRFLOW_CTX_DAG_ID='climate_data' AIRFLOW_CTX_TASK_ID='create_folder' AIRFLOW_CTX_EXECUTION_DATE='2023-05-22T00:00:00+00:00' AIRFLOW_CTX_TRY_NUMBER='1' AIRFLOW_CTX_DAG_RUN_ID='scheduled__2023-05-22T00:00:00+00:00'
[2025-08-08T02:39:24.373+0000] {taskinstance.py:430} INFO - ::endgroup::
[2025-08-08T02:39:24.383+0000] {subprocess.py:63} INFO - Tmp dir root location: /tmp
[2025-08-08T02:39:24.384+0000] {subprocess.py:75} INFO - Running command: ['/usr/bin/bash', '-c', 'mkdir -p /home/***/host_documents/week2023-05-29']
[2025-08-08T02:39:24.395+0000] {subprocess.py:86} INFO - Output:
[2025-08-08T02:39:24.399+0000] {subprocess.py:97} INFO - Command exited with return code 0
[2025-08-08T02:39:24.401+0000] {taskinstance.py:441} INFO - ::group::Post task execution logs
[2025-08-08T02:39:24.427+0000] {taskinstance.py:1206} INFO - Marking task as SUCCESS. dag_id=climate_data, task_id=create_folder, run_id=scheduled__2023-05-22T00:00:00+00:00, execution_date=20230522T000000, start_date=20250808T023924, end_date=20250808T023924
[2025-08-08T02:39:24.527+0000] {local_task_job_runner.py:240} INFO - Task exited with return code 0
[2025-08-08T02:39:24.550+0000] {taskinstance.py:3498} INFO - 1 downstream tasks scheduled from follow-on schedule check
[2025-08-08T02:39:24.552+0000] {local_task_job_runner.py:222} INFO - ::endgroup::
[2025-08-08T02:42:22.005+0000] {local_task_job_runner.py:120} INFO - ::group::Pre task execution logs
[2025-08-08T02:42:22.033+0000] {taskinstance.py:2076} INFO - Dependencies all met for dep_context=non-requeueable deps ti=<TaskInstance: climate_data.create_folder scheduled__2023-05-22T00:00:00+00:00 [queued]>
[2025-08-08T02:42:22.044+0000] {taskinstance.py:2076} INFO - Dependencies all met for dep_context=requeueable deps ti=<TaskInstance: climate_data.create_folder scheduled__2023-05-22T00:00:00+00:00 [queued]>
[2025-08-08T02:42:22.047+0000] {taskinstance.py:2306} INFO - Starting attempt 1 of 1
[2025-08-08T02:42:22.092+0000] {taskinstance.py:2330} INFO - Executing <Task(BashOperator): create_folder> on 2023-05-22 00:00:00+00:00
[2025-08-08T02:42:22.097+0000] {standard_task_runner.py:63} INFO - Started process 2457 to run task
[2025-08-08T02:42:22.100+0000] {standard_task_runner.py:90} INFO - Running: ['***', 'tasks', 'run', 'climate_data', 'create_folder', 'scheduled__2023-05-22T00:00:00+00:00', '--job-id', '719', '--raw', '--subdir', 'DAGS_FOLDER/climate_data.py', '--cfg-path', '/tmp/tmpe1sivth2']
[2025-08-08T02:42:22.103+0000] {standard_task_runner.py:91} INFO - Job 719: Subtask create_folder
[2025-08-08T02:42:22.120+0000] {logging_mixin.py:188} WARNING - /home/***/.local/lib/python3.9/site-packages/***/settings.py:195 DeprecationWarning: The sql_alchemy_conn option in [core] has been moved to the sql_alchemy_conn option in [database] - the old setting has been used, but please update your config.
[2025-08-08T02:42:22.169+0000] {task_command.py:426} INFO - Running <TaskInstance: climate_data.create_folder scheduled__2023-05-22T00:00:00+00:00 [running]> on host 1a6f5acf67f4
[2025-08-08T02:42:22.237+0000] {taskinstance.py:2648} INFO - Exporting env vars: AIRFLOW_CTX_DAG_OWNER='***' AIRFLOW_CTX_DAG_ID='climate_data' AIRFLOW_CTX_TASK_ID='create_folder' AIRFLOW_CTX_EXECUTION_DATE='2023-05-22T00:00:00+00:00' AIRFLOW_CTX_TRY_NUMBER='1' AIRFLOW_CTX_DAG_RUN_ID='scheduled__2023-05-22T00:00:00+00:00'
[2025-08-08T02:42:22.239+0000] {taskinstance.py:430} INFO - ::endgroup::
[2025-08-08T02:42:22.249+0000] {subprocess.py:63} INFO - Tmp dir root location: /tmp
[2025-08-08T02:42:22.251+0000] {subprocess.py:75} INFO - Running command: ['/usr/bin/bash', '-c', 'mkdir -p "/home/***/host_documents/week2023-05-29"']
[2025-08-08T02:42:22.261+0000] {subprocess.py:86} INFO - Output:
[2025-08-08T02:42:22.265+0000] {subprocess.py:97} INFO - Command exited with return code 0
[2025-08-08T02:42:22.266+0000] {taskinstance.py:441} INFO - ::group::Post task execution logs
[2025-08-08T02:42:22.290+0000] {taskinstance.py:1206} INFO - Marking task as SUCCESS. dag_id=climate_data, task_id=create_folder, run_id=scheduled__2023-05-22T00:00:00+00:00, execution_date=20230522T000000, start_date=20250808T024222, end_date=20250808T024222
[2025-08-08T02:42:22.393+0000] {local_task_job_runner.py:240} INFO - Task exited with return code 0
[2025-08-08T02:42:22.417+0000] {taskinstance.py:3498} INFO - 1 downstream tasks scheduled from follow-on schedule check
[2025-08-08T02:42:22.420+0000] {local_task_job_runner.py:222} INFO - ::endgroup::
