{"timestamp":"2025-08-24T04:52:28.736708","level":"info","event":"DAG bundles loaded: dags-folder","logger":"airflow.dag_processing.bundles.manager.DagBundlesManager"}
{"timestamp":"2025-08-24T04:52:28.737075","level":"info","event":"Filling up the DagBag from /opt/airflow/dags/reddit_dag_s3a_consult_simple.py","logger":"airflow.models.dagbag.DagBag"}
{"timestamp":"2025-08-24T04:52:28.776565","level":"warning","event":"/home/airflow/.local/lib/python3.12/site-packages/airflow/models/connection.py:471: DeprecationWarning: Using Connection.get_connection_from_secrets from `airflow.models` is deprecated.Please use `from airflow.sdk import Connection` instead\n  warnings.warn(\n","logger":"py.warnings"}
{"timestamp":"2025-08-24T04:52:28.783104","level":"info","event":"Connection Retrieved 'spark_default'","logger":"airflow.hooks.base"}
{"timestamp":"2025-08-24T04:52:28.784031","level":"info","event":"Spark-Submit cmd: spark-submit --master spark://spark-master:7077 --conf spark.hadoop.fs.s3a.impl=org.apache.hadoop.fs.s3a.S3AFileSystem --conf spark.hadoop.fs.s3a.endpoint=http://minio:9000 --conf spark.hadoop.fs.s3a.access.key=eDFFCzvdNdoeLlJkZhXI --conf spark.hadoop.fs.s3a.secret.key=****** --conf spark.hadoop.fs.s3a.path.style.access=true --conf spark.hadoop.fs.s3a.connection.ssl.enabled=false --driver-class-path /opt/airflow/conf/jars/hadoop-aws-3.3.4.jar,/opt/airflow/conf/jars/aws-java-sdk-bundle-1.12.262.jar --jars /opt/airflow/conf/jars/hadoop-aws-3.3.4.jar,/opt/airflow/conf/jars/aws-java-sdk-bundle-1.12.262.jar --name s3a --deploy-mode client /opt/airflow/dags/scripts/python/read_s3a.py","logger":"airflow.task.hooks.airflow.providers.apache.spark.hooks.spark_submit.SparkSubmitHook"}
{"timestamp":"2025-08-24T04:52:29.761041","level":"info","event":"25/08/24 04:52:29 WARN NativeCodeLoader: Unable to load native-hadoop library for your platform... using builtin-java classes where applicable","logger":"airflow.task.hooks.airflow.providers.apache.spark.hooks.spark_submit.SparkSubmitHook"}
{"timestamp":"2025-08-24T04:52:30.891702","level":"info","event":"25/08/24 04:52:30 INFO SparkContext: Running Spark version 3.5.4","logger":"airflow.task.hooks.airflow.providers.apache.spark.hooks.spark_submit.SparkSubmitHook"}
{"timestamp":"2025-08-24T04:52:30.891938","level":"info","event":"25/08/24 04:52:30 INFO SparkContext: OS info Linux, 6.6.87.2-microsoft-standard-WSL2, amd64","logger":"airflow.task.hooks.airflow.providers.apache.spark.hooks.spark_submit.SparkSubmitHook"}
{"timestamp":"2025-08-24T04:52:30.892220","level":"info","event":"25/08/24 04:52:30 INFO SparkContext: Java version 17.0.16","logger":"airflow.task.hooks.airflow.providers.apache.spark.hooks.spark_submit.SparkSubmitHook"}
{"timestamp":"2025-08-24T04:52:30.908812","level":"info","event":"25/08/24 04:52:30 INFO ResourceUtils: ==============================================================","logger":"airflow.task.hooks.airflow.providers.apache.spark.hooks.spark_submit.SparkSubmitHook"}
{"timestamp":"2025-08-24T04:52:30.909147","level":"info","event":"25/08/24 04:52:30 INFO ResourceUtils: No custom resources configured for spark.driver.","logger":"airflow.task.hooks.airflow.providers.apache.spark.hooks.spark_submit.SparkSubmitHook"}
{"timestamp":"2025-08-24T04:52:30.909367","level":"info","event":"25/08/24 04:52:30 INFO ResourceUtils: ==============================================================","logger":"airflow.task.hooks.airflow.providers.apache.spark.hooks.spark_submit.SparkSubmitHook"}
{"timestamp":"2025-08-24T04:52:30.909552","level":"info","event":"25/08/24 04:52:30 INFO SparkContext: Submitted application: s3a","logger":"airflow.task.hooks.airflow.providers.apache.spark.hooks.spark_submit.SparkSubmitHook"}
{"timestamp":"2025-08-24T04:52:30.922622","level":"info","event":"25/08/24 04:52:30 INFO ResourceProfile: Default ResourceProfile created, executor resources: Map(memory -> name: memory, amount: 1024, script: , vendor: , offHeap -> name: offHeap, amount: 0, script: , vendor: ), task resources: Map(cpus -> name: cpus, amount: 1.0)","logger":"airflow.task.hooks.airflow.providers.apache.spark.hooks.spark_submit.SparkSubmitHook"}
{"timestamp":"2025-08-24T04:52:30.927675","level":"info","event":"25/08/24 04:52:30 INFO ResourceProfile: Limiting resource is cpu","logger":"airflow.task.hooks.airflow.providers.apache.spark.hooks.spark_submit.SparkSubmitHook"}
{"timestamp":"2025-08-24T04:52:30.928143","level":"info","event":"25/08/24 04:52:30 INFO ResourceProfileManager: Added ResourceProfile id: 0","logger":"airflow.task.hooks.airflow.providers.apache.spark.hooks.spark_submit.SparkSubmitHook"}
{"timestamp":"2025-08-24T04:52:30.958948","level":"info","event":"25/08/24 04:52:30 INFO SecurityManager: Changing view acls to: airflow","logger":"airflow.task.hooks.airflow.providers.apache.spark.hooks.spark_submit.SparkSubmitHook"}
{"timestamp":"2025-08-24T04:52:30.959224","level":"info","event":"25/08/24 04:52:30 INFO SecurityManager: Changing modify acls to: airflow","logger":"airflow.task.hooks.airflow.providers.apache.spark.hooks.spark_submit.SparkSubmitHook"}
{"timestamp":"2025-08-24T04:52:30.959503","level":"info","event":"25/08/24 04:52:30 INFO SecurityManager: Changing view acls groups to:","logger":"airflow.task.hooks.airflow.providers.apache.spark.hooks.spark_submit.SparkSubmitHook"}
{"timestamp":"2025-08-24T04:52:30.959739","level":"info","event":"25/08/24 04:52:30 INFO SecurityManager: Changing modify acls groups to:","logger":"airflow.task.hooks.airflow.providers.apache.spark.hooks.spark_submit.SparkSubmitHook"}
{"timestamp":"2025-08-24T04:52:30.959947","level":"info","event":"25/08/24 04:52:30 INFO SecurityManager: SecurityManager: authentication disabled; ui acls disabled; users with view permissions: airflow; groups with view permissions: EMPTY; users with modify permissions: airflow; groups with modify permissions: EMPTY","logger":"airflow.task.hooks.airflow.providers.apache.spark.hooks.spark_submit.SparkSubmitHook"}
{"timestamp":"2025-08-24T04:52:31.092059","level":"info","event":"25/08/24 04:52:31 INFO Utils: Successfully started service 'sparkDriver' on port 33641.","logger":"airflow.task.hooks.airflow.providers.apache.spark.hooks.spark_submit.SparkSubmitHook"}
{"timestamp":"2025-08-24T04:52:31.108043","level":"info","event":"25/08/24 04:52:31 INFO SparkEnv: Registering MapOutputTracker","logger":"airflow.task.hooks.airflow.providers.apache.spark.hooks.spark_submit.SparkSubmitHook"}
{"timestamp":"2025-08-24T04:52:31.129043","level":"info","event":"25/08/24 04:52:31 INFO SparkEnv: Registering BlockManagerMaster","logger":"airflow.task.hooks.airflow.providers.apache.spark.hooks.spark_submit.SparkSubmitHook"}
{"timestamp":"2025-08-24T04:52:31.141055","level":"info","event":"25/08/24 04:52:31 INFO BlockManagerMasterEndpoint: Using org.apache.spark.storage.DefaultTopologyMapper for getting topology information","logger":"airflow.task.hooks.airflow.providers.apache.spark.hooks.spark_submit.SparkSubmitHook"}
{"timestamp":"2025-08-24T04:52:31.141345","level":"info","event":"25/08/24 04:52:31 INFO BlockManagerMasterEndpoint: BlockManagerMasterEndpoint up","logger":"airflow.task.hooks.airflow.providers.apache.spark.hooks.spark_submit.SparkSubmitHook"}
{"timestamp":"2025-08-24T04:52:31.146241","level":"info","event":"25/08/24 04:52:31 INFO SparkEnv: Registering BlockManagerMasterHeartbeat","logger":"airflow.task.hooks.airflow.providers.apache.spark.hooks.spark_submit.SparkSubmitHook"}
{"timestamp":"2025-08-24T04:52:31.158915","level":"info","event":"25/08/24 04:52:31 INFO DiskBlockManager: Created local directory at /tmp/blockmgr-3d8cf4d8-2595-4562-81db-43acd99105b2","logger":"airflow.task.hooks.airflow.providers.apache.spark.hooks.spark_submit.SparkSubmitHook"}
{"timestamp":"2025-08-24T04:52:31.167825","level":"info","event":"25/08/24 04:52:31 INFO MemoryStore: MemoryStore started with capacity 434.4 MiB","logger":"airflow.task.hooks.airflow.providers.apache.spark.hooks.spark_submit.SparkSubmitHook"}
{"timestamp":"2025-08-24T04:52:31.176791","level":"info","event":"25/08/24 04:52:31 INFO SparkEnv: Registering OutputCommitCoordinator","logger":"airflow.task.hooks.airflow.providers.apache.spark.hooks.spark_submit.SparkSubmitHook"}
{"timestamp":"2025-08-24T04:52:31.245525","level":"info","event":"25/08/24 04:52:31 INFO JettyUtils: Start Jetty 0.0.0.0:4040 for SparkUI","logger":"airflow.task.hooks.airflow.providers.apache.spark.hooks.spark_submit.SparkSubmitHook"}
{"timestamp":"2025-08-24T04:52:31.289987","level":"info","event":"25/08/24 04:52:31 INFO Utils: Successfully started service 'SparkUI' on port 4040.","logger":"airflow.task.hooks.airflow.providers.apache.spark.hooks.spark_submit.SparkSubmitHook"}
{"timestamp":"2025-08-24T04:52:31.311508","level":"info","event":"25/08/24 04:52:31 INFO SparkContext: Added JAR file:///opt/airflow/conf/jars/hadoop-aws-3.3.4.jar at spark://a485218d480e:33641/jars/hadoop-aws-3.3.4.jar with timestamp 1756011150886","logger":"airflow.task.hooks.airflow.providers.apache.spark.hooks.spark_submit.SparkSubmitHook"}
{"timestamp":"2025-08-24T04:52:31.311647","level":"info","event":"25/08/24 04:52:31 INFO SparkContext: Added JAR file:///opt/airflow/conf/jars/aws-java-sdk-bundle-1.12.262.jar at spark://a485218d480e:33641/jars/aws-java-sdk-bundle-1.12.262.jar with timestamp 1756011150886","logger":"airflow.task.hooks.airflow.providers.apache.spark.hooks.spark_submit.SparkSubmitHook"}
{"timestamp":"2025-08-24T04:52:31.353736","level":"info","event":"25/08/24 04:52:31 INFO StandaloneAppClient$ClientEndpoint: Connecting to master spark://spark-master:7077...","logger":"airflow.task.hooks.airflow.providers.apache.spark.hooks.spark_submit.SparkSubmitHook"}
{"timestamp":"2025-08-24T04:52:31.379274","level":"info","event":"25/08/24 04:52:31 INFO TransportClientFactory: Successfully created connection to spark-master/172.18.0.9:7077 after 14 ms (0 ms spent in bootstraps)","logger":"airflow.task.hooks.airflow.providers.apache.spark.hooks.spark_submit.SparkSubmitHook"}
{"timestamp":"2025-08-24T04:52:31.428542","level":"info","event":"25/08/24 04:52:31 INFO StandaloneSchedulerBackend: Connected to Spark cluster with app ID app-20250824045231-0002","logger":"airflow.task.hooks.airflow.providers.apache.spark.hooks.spark_submit.SparkSubmitHook"}
{"timestamp":"2025-08-24T04:52:31.433633","level":"info","event":"25/08/24 04:52:31 INFO Utils: Successfully started service 'org.apache.spark.network.netty.NettyBlockTransferService' on port 38969.","logger":"airflow.task.hooks.airflow.providers.apache.spark.hooks.spark_submit.SparkSubmitHook"}
{"timestamp":"2025-08-24T04:52:31.433738","level":"info","event":"25/08/24 04:52:31 INFO NettyBlockTransferService: Server created on a485218d480e:38969","logger":"airflow.task.hooks.airflow.providers.apache.spark.hooks.spark_submit.SparkSubmitHook"}
{"timestamp":"2025-08-24T04:52:31.434687","level":"info","event":"25/08/24 04:52:31 INFO BlockManager: Using org.apache.spark.storage.RandomBlockReplicationPolicy for block replication policy","logger":"airflow.task.hooks.airflow.providers.apache.spark.hooks.spark_submit.SparkSubmitHook"}
{"timestamp":"2025-08-24T04:52:31.438470","level":"info","event":"25/08/24 04:52:31 INFO BlockManagerMaster: Registering BlockManager BlockManagerId(driver, a485218d480e, 38969, None)","logger":"airflow.task.hooks.airflow.providers.apache.spark.hooks.spark_submit.SparkSubmitHook"}
{"timestamp":"2025-08-24T04:52:31.440322","level":"info","event":"25/08/24 04:52:31 INFO BlockManagerMasterEndpoint: Registering block manager a485218d480e:38969 with 434.4 MiB RAM, BlockManagerId(driver, a485218d480e, 38969, None)","logger":"airflow.task.hooks.airflow.providers.apache.spark.hooks.spark_submit.SparkSubmitHook"}
{"timestamp":"2025-08-24T04:52:31.441468","level":"info","event":"25/08/24 04:52:31 INFO BlockManagerMaster: Registered BlockManager BlockManagerId(driver, a485218d480e, 38969, None)","logger":"airflow.task.hooks.airflow.providers.apache.spark.hooks.spark_submit.SparkSubmitHook"}
{"timestamp":"2025-08-24T04:52:31.442134","level":"info","event":"25/08/24 04:52:31 INFO BlockManager: Initialized BlockManager: BlockManagerId(driver, a485218d480e, 38969, None)","logger":"airflow.task.hooks.airflow.providers.apache.spark.hooks.spark_submit.SparkSubmitHook"}
{"timestamp":"2025-08-24T04:52:31.560024","level":"info","event":"25/08/24 04:52:31 INFO StandaloneSchedulerBackend: SchedulerBackend is ready for scheduling beginning after reached minRegisteredResourcesRatio: 0.0","logger":"airflow.task.hooks.airflow.providers.apache.spark.hooks.spark_submit.SparkSubmitHook"}
{"timestamp":"2025-08-24T04:52:31.674330","level":"info","event":"25/08/24 04:52:31 INFO SharedState: Setting hive.metastore.warehouse.dir ('null') to the value of spark.sql.warehouse.dir.","logger":"airflow.task.hooks.airflow.providers.apache.spark.hooks.spark_submit.SparkSubmitHook"}
{"timestamp":"2025-08-24T04:52:31.675578","level":"info","event":"25/08/24 04:52:31 INFO SharedState: Warehouse path is 'file:/opt/airflow/spark-warehouse'.","logger":"airflow.task.hooks.airflow.providers.apache.spark.hooks.spark_submit.SparkSubmitHook"}
{"timestamp":"2025-08-24T04:52:32.140209","level":"info","event":"25/08/24 04:52:32 WARN MetricsConfig: Cannot locate configuration: tried hadoop-metrics2-s3a-file-system.properties,hadoop-metrics2.properties","logger":"airflow.task.hooks.airflow.providers.apache.spark.hooks.spark_submit.SparkSubmitHook"}
{"timestamp":"2025-08-24T04:52:32.147831","level":"info","event":"25/08/24 04:52:32 INFO MetricsSystemImpl: Scheduled Metric snapshot period at 10 second(s).","logger":"airflow.task.hooks.airflow.providers.apache.spark.hooks.spark_submit.SparkSubmitHook"}
{"timestamp":"2025-08-24T04:52:32.147945","level":"info","event":"25/08/24 04:52:32 INFO MetricsSystemImpl: s3a-file-system metrics system started","logger":"airflow.task.hooks.airflow.providers.apache.spark.hooks.spark_submit.SparkSubmitHook"}
{"timestamp":"2025-08-24T04:52:32.796121","level":"info","event":"25/08/24 04:52:32 INFO InMemoryFileIndex: It took 60 ms to list leaf files for 1 paths.","logger":"airflow.task.hooks.airflow.providers.apache.spark.hooks.spark_submit.SparkSubmitHook"}
{"timestamp":"2025-08-24T04:52:32.936531","level":"info","event":"25/08/24 04:52:32 INFO InMemoryFileIndex: It took 103 ms to list leaf files for 6 paths.","logger":"airflow.task.hooks.airflow.providers.apache.spark.hooks.spark_submit.SparkSubmitHook"}
{"timestamp":"2025-08-24T04:52:34.061076","level":"info","event":"25/08/24 04:52:34 INFO FileSourceStrategy: Pushed Filters:","logger":"airflow.task.hooks.airflow.providers.apache.spark.hooks.spark_submit.SparkSubmitHook"}
{"timestamp":"2025-08-24T04:52:34.062666","level":"info","event":"25/08/24 04:52:34 INFO FileSourceStrategy: Post-Scan Filters: (length(trim(value#0, None)) > 0)","logger":"airflow.task.hooks.airflow.providers.apache.spark.hooks.spark_submit.SparkSubmitHook"}
{"timestamp":"2025-08-24T04:52:34.374356","level":"info","event":"25/08/24 04:52:34 INFO CodeGenerator: Code generated in 106.013333 ms","logger":"airflow.task.hooks.airflow.providers.apache.spark.hooks.spark_submit.SparkSubmitHook"}
{"timestamp":"2025-08-24T04:52:34.401926","level":"info","event":"25/08/24 04:52:34 INFO MemoryStore: Block broadcast_0 stored as values in memory (estimated size 202.0 KiB, free 434.2 MiB)","logger":"airflow.task.hooks.airflow.providers.apache.spark.hooks.spark_submit.SparkSubmitHook"}
{"timestamp":"2025-08-24T04:52:34.429065","level":"info","event":"25/08/24 04:52:34 INFO MemoryStore: Block broadcast_0_piece0 stored as bytes in memory (estimated size 35.2 KiB, free 434.2 MiB)","logger":"airflow.task.hooks.airflow.providers.apache.spark.hooks.spark_submit.SparkSubmitHook"}
{"timestamp":"2025-08-24T04:52:34.430881","level":"info","event":"25/08/24 04:52:34 INFO BlockManagerInfo: Added broadcast_0_piece0 in memory on a485218d480e:38969 (size: 35.2 KiB, free: 434.4 MiB)","logger":"airflow.task.hooks.airflow.providers.apache.spark.hooks.spark_submit.SparkSubmitHook"}
{"timestamp":"2025-08-24T04:52:34.433327","level":"info","event":"25/08/24 04:52:34 INFO SparkContext: Created broadcast 0 from csv at NativeMethodAccessorImpl.java:0","logger":"airflow.task.hooks.airflow.providers.apache.spark.hooks.spark_submit.SparkSubmitHook"}
{"timestamp":"2025-08-24T04:52:34.439769","level":"info","event":"25/08/24 04:52:34 INFO FileSourceScanExec: Planning scan with bin packing, max size: 13582687 bytes, open cost is considered as scanning 4194304 bytes.","logger":"airflow.task.hooks.airflow.providers.apache.spark.hooks.spark_submit.SparkSubmitHook"}
{"timestamp":"2025-08-24T04:52:34.495214","level":"info","event":"25/08/24 04:52:34 INFO SparkContext: Starting job: csv at NativeMethodAccessorImpl.java:0","logger":"airflow.task.hooks.airflow.providers.apache.spark.hooks.spark_submit.SparkSubmitHook"}
{"timestamp":"2025-08-24T04:52:34.503926","level":"info","event":"25/08/24 04:52:34 INFO DAGScheduler: Got job 0 (csv at NativeMethodAccessorImpl.java:0) with 1 output partitions","logger":"airflow.task.hooks.airflow.providers.apache.spark.hooks.spark_submit.SparkSubmitHook"}
{"timestamp":"2025-08-24T04:52:34.504077","level":"info","event":"25/08/24 04:52:34 INFO DAGScheduler: Final stage: ResultStage 0 (csv at NativeMethodAccessorImpl.java:0)","logger":"airflow.task.hooks.airflow.providers.apache.spark.hooks.spark_submit.SparkSubmitHook"}
{"timestamp":"2025-08-24T04:52:34.504351","level":"info","event":"25/08/24 04:52:34 INFO DAGScheduler: Parents of final stage: List()","logger":"airflow.task.hooks.airflow.providers.apache.spark.hooks.spark_submit.SparkSubmitHook"}
{"timestamp":"2025-08-24T04:52:34.504841","level":"info","event":"25/08/24 04:52:34 INFO DAGScheduler: Missing parents: List()","logger":"airflow.task.hooks.airflow.providers.apache.spark.hooks.spark_submit.SparkSubmitHook"}
{"timestamp":"2025-08-24T04:52:34.506462","level":"info","event":"25/08/24 04:52:34 INFO DAGScheduler: Submitting ResultStage 0 (MapPartitionsRDD[3] at csv at NativeMethodAccessorImpl.java:0), which has no missing parents","logger":"airflow.task.hooks.airflow.providers.apache.spark.hooks.spark_submit.SparkSubmitHook"}
{"timestamp":"2025-08-24T04:52:34.544853","level":"info","event":"25/08/24 04:52:34 INFO MemoryStore: Block broadcast_1 stored as values in memory (estimated size 13.5 KiB, free 434.2 MiB)","logger":"airflow.task.hooks.airflow.providers.apache.spark.hooks.spark_submit.SparkSubmitHook"}
{"timestamp":"2025-08-24T04:52:34.546301","level":"info","event":"25/08/24 04:52:34 INFO MemoryStore: Block broadcast_1_piece0 stored as bytes in memory (estimated size 6.4 KiB, free 434.1 MiB)","logger":"airflow.task.hooks.airflow.providers.apache.spark.hooks.spark_submit.SparkSubmitHook"}
{"timestamp":"2025-08-24T04:52:34.546661","level":"info","event":"25/08/24 04:52:34 INFO BlockManagerInfo: Added broadcast_1_piece0 in memory on a485218d480e:38969 (size: 6.4 KiB, free: 434.4 MiB)","logger":"airflow.task.hooks.airflow.providers.apache.spark.hooks.spark_submit.SparkSubmitHook"}
{"timestamp":"2025-08-24T04:52:34.547095","level":"info","event":"25/08/24 04:52:34 INFO SparkContext: Created broadcast 1 from broadcast at DAGScheduler.scala:1585","logger":"airflow.task.hooks.airflow.providers.apache.spark.hooks.spark_submit.SparkSubmitHook"}
{"timestamp":"2025-08-24T04:52:34.557377","level":"info","event":"25/08/24 04:52:34 INFO DAGScheduler: Submitting 1 missing tasks from ResultStage 0 (MapPartitionsRDD[3] at csv at NativeMethodAccessorImpl.java:0) (first 15 tasks are for partitions Vector(0))","logger":"airflow.task.hooks.airflow.providers.apache.spark.hooks.spark_submit.SparkSubmitHook"}
{"timestamp":"2025-08-24T04:52:34.557999","level":"info","event":"25/08/24 04:52:34 INFO TaskSchedulerImpl: Adding task set 0.0 with 1 tasks resource profile 0","logger":"airflow.task.hooks.airflow.providers.apache.spark.hooks.spark_submit.SparkSubmitHook"}
{"timestamp":"2025-08-24T04:52:49.564361","level":"info","event":"25/08/24 04:52:49 WARN TaskSchedulerImpl: Initial job has not accepted any resources; check your cluster UI to ensure that workers are registered and have sufficient resources","logger":"airflow.task.hooks.airflow.providers.apache.spark.hooks.spark_submit.SparkSubmitHook"}
{"timestamp":"2025-08-24T04:53:04.564824","level":"info","event":"25/08/24 04:53:04 WARN TaskSchedulerImpl: Initial job has not accepted any resources; check your cluster UI to ensure that workers are registered and have sufficient resources","logger":"airflow.task.hooks.airflow.providers.apache.spark.hooks.spark_submit.SparkSubmitHook"}
{"timestamp":"2025-08-24T04:53:11.770089","level":"info","event":"25/08/24 04:53:11 INFO StandaloneAppClient$ClientEndpoint: Executor added: app-20250824045231-0002/0 on worker-20250824041902-172.18.0.12-42235 (172.18.0.12:42235) with 24 core(s)","logger":"airflow.task.hooks.airflow.providers.apache.spark.hooks.spark_submit.SparkSubmitHook"}
{"timestamp":"2025-08-24T04:53:11.770873","level":"info","event":"25/08/24 04:53:11 INFO StandaloneSchedulerBackend: Granted executor ID app-20250824045231-0002/0 on hostPort 172.18.0.12:42235 with 24 core(s), 1024.0 MiB RAM","logger":"airflow.task.hooks.airflow.providers.apache.spark.hooks.spark_submit.SparkSubmitHook"}
{"timestamp":"2025-08-24T04:53:11.797019","level":"info","event":"25/08/24 04:53:11 INFO StandaloneAppClient$ClientEndpoint: Executor updated: app-20250824045231-0002/0 is now RUNNING","logger":"airflow.task.hooks.airflow.providers.apache.spark.hooks.spark_submit.SparkSubmitHook"}
{"timestamp":"2025-08-24T04:53:13.156727","level":"info","event":"25/08/24 04:53:13 INFO StandaloneSchedulerBackend$StandaloneDriverEndpoint: Registered executor NettyRpcEndpointRef(spark-client://Executor) (172.18.0.12:55024) with ID 0,  ResourceProfileId 0","logger":"airflow.task.hooks.airflow.providers.apache.spark.hooks.spark_submit.SparkSubmitHook"}
{"timestamp":"2025-08-24T04:53:13.193533","level":"info","event":"25/08/24 04:53:13 INFO BlockManagerMasterEndpoint: Registering block manager 172.18.0.12:39307 with 434.4 MiB RAM, BlockManagerId(0, 172.18.0.12, 39307, None)","logger":"airflow.task.hooks.airflow.providers.apache.spark.hooks.spark_submit.SparkSubmitHook"}
{"timestamp":"2025-08-24T04:53:13.801212","level":"info","event":"25/08/24 04:53:13 INFO TaskSetManager: Starting task 0.0 in stage 0.0 (TID 0) (172.18.0.12, executor 0, partition 0, PROCESS_LOCAL, 10137 bytes)","logger":"airflow.task.hooks.airflow.providers.apache.spark.hooks.spark_submit.SparkSubmitHook"}
{"timestamp":"2025-08-24T04:53:13.950488","level":"info","event":"25/08/24 04:53:13 INFO BlockManagerInfo: Added broadcast_1_piece0 in memory on 172.18.0.12:39307 (size: 6.4 KiB, free: 434.4 MiB)","logger":"airflow.task.hooks.airflow.providers.apache.spark.hooks.spark_submit.SparkSubmitHook"}
{"timestamp":"2025-08-24T04:53:14.424967","level":"info","event":"25/08/24 04:53:14 INFO BlockManagerInfo: Added broadcast_0_piece0 in memory on 172.18.0.12:39307 (size: 35.2 KiB, free: 434.4 MiB)","logger":"airflow.task.hooks.airflow.providers.apache.spark.hooks.spark_submit.SparkSubmitHook"}
{"timestamp":"2025-08-24T04:53:15.039198","level":"info","event":"25/08/24 04:53:15 INFO TaskSetManager: Finished task 0.0 in stage 0.0 (TID 0) in 1244 ms on 172.18.0.12 (executor 0) (1/1)","logger":"airflow.task.hooks.airflow.providers.apache.spark.hooks.spark_submit.SparkSubmitHook"}
{"timestamp":"2025-08-24T04:53:15.039982","level":"info","event":"25/08/24 04:53:15 INFO TaskSchedulerImpl: Removed TaskSet 0.0, whose tasks have all completed, from pool","logger":"airflow.task.hooks.airflow.providers.apache.spark.hooks.spark_submit.SparkSubmitHook"}
{"timestamp":"2025-08-24T04:53:15.042755","level":"info","event":"25/08/24 04:53:15 INFO DAGScheduler: ResultStage 0 (csv at NativeMethodAccessorImpl.java:0) finished in 40.530 s","logger":"airflow.task.hooks.airflow.providers.apache.spark.hooks.spark_submit.SparkSubmitHook"}
{"timestamp":"2025-08-24T04:53:15.043945","level":"info","event":"25/08/24 04:53:15 INFO DAGScheduler: Job 0 is finished. Cancelling potential speculative or zombie tasks for this job","logger":"airflow.task.hooks.airflow.providers.apache.spark.hooks.spark_submit.SparkSubmitHook"}
{"timestamp":"2025-08-24T04:53:15.044208","level":"info","event":"25/08/24 04:53:15 INFO TaskSchedulerImpl: Killing all running tasks in stage 0: Stage finished","logger":"airflow.task.hooks.airflow.providers.apache.spark.hooks.spark_submit.SparkSubmitHook"}
{"timestamp":"2025-08-24T04:53:15.045440","level":"info","event":"25/08/24 04:53:15 INFO DAGScheduler: Job 0 finished: csv at NativeMethodAccessorImpl.java:0, took 40.551382 s","logger":"airflow.task.hooks.airflow.providers.apache.spark.hooks.spark_submit.SparkSubmitHook"}
{"timestamp":"2025-08-24T04:53:15.060313","level":"info","event":"25/08/24 04:53:15 INFO CodeGenerator: Code generated in 7.881472 ms","logger":"airflow.task.hooks.airflow.providers.apache.spark.hooks.spark_submit.SparkSubmitHook"}
{"timestamp":"2025-08-24T04:53:15.086656","level":"info","event":"25/08/24 04:53:15 INFO FileSourceStrategy: Pushed Filters:","logger":"airflow.task.hooks.airflow.providers.apache.spark.hooks.spark_submit.SparkSubmitHook"}
{"timestamp":"2025-08-24T04:53:15.086773","level":"info","event":"25/08/24 04:53:15 INFO FileSourceStrategy: Post-Scan Filters:","logger":"airflow.task.hooks.airflow.providers.apache.spark.hooks.spark_submit.SparkSubmitHook"}
{"timestamp":"2025-08-24T04:53:15.091119","level":"info","event":"25/08/24 04:53:15 INFO MemoryStore: Block broadcast_2 stored as values in memory (estimated size 202.0 KiB, free 434.0 MiB)","logger":"airflow.task.hooks.airflow.providers.apache.spark.hooks.spark_submit.SparkSubmitHook"}
{"timestamp":"2025-08-24T04:53:15.097388","level":"info","event":"25/08/24 04:53:15 INFO MemoryStore: Block broadcast_2_piece0 stored as bytes in memory (estimated size 35.2 KiB, free 433.9 MiB)","logger":"airflow.task.hooks.airflow.providers.apache.spark.hooks.spark_submit.SparkSubmitHook"}
{"timestamp":"2025-08-24T04:53:15.098127","level":"info","event":"25/08/24 04:53:15 INFO BlockManagerInfo: Added broadcast_2_piece0 in memory on a485218d480e:38969 (size: 35.2 KiB, free: 434.3 MiB)","logger":"airflow.task.hooks.airflow.providers.apache.spark.hooks.spark_submit.SparkSubmitHook"}
{"timestamp":"2025-08-24T04:53:15.098776","level":"info","event":"25/08/24 04:53:15 INFO SparkContext: Created broadcast 2 from csv at NativeMethodAccessorImpl.java:0","logger":"airflow.task.hooks.airflow.providers.apache.spark.hooks.spark_submit.SparkSubmitHook"}
{"timestamp":"2025-08-24T04:53:15.099721","level":"info","event":"25/08/24 04:53:15 INFO FileSourceScanExec: Planning scan with bin packing, max size: 4194304 bytes, open cost is considered as scanning 4194304 bytes.","logger":"airflow.task.hooks.airflow.providers.apache.spark.hooks.spark_submit.SparkSubmitHook"}
{"timestamp":"2025-08-24T04:53:15.177655","level":"info","event":"25/08/24 04:53:15 INFO FileSourceStrategy: Pushed Filters:","logger":"airflow.task.hooks.airflow.providers.apache.spark.hooks.spark_submit.SparkSubmitHook"}
{"timestamp":"2025-08-24T04:53:15.177771","level":"info","event":"25/08/24 04:53:15 INFO FileSourceStrategy: Post-Scan Filters:","logger":"airflow.task.hooks.airflow.providers.apache.spark.hooks.spark_submit.SparkSubmitHook"}
{"timestamp":"2025-08-24T04:53:15.241227","level":"info","event":"25/08/24 04:53:15 INFO CodeGenerator: Code generated in 23.981373 ms","logger":"airflow.task.hooks.airflow.providers.apache.spark.hooks.spark_submit.SparkSubmitHook"}
{"timestamp":"2025-08-24T04:53:15.243727","level":"info","event":"25/08/24 04:53:15 INFO MemoryStore: Block broadcast_3 stored as values in memory (estimated size 201.9 KiB, free 433.7 MiB)","logger":"airflow.task.hooks.airflow.providers.apache.spark.hooks.spark_submit.SparkSubmitHook"}
{"timestamp":"2025-08-24T04:53:15.250417","level":"info","event":"25/08/24 04:53:15 INFO MemoryStore: Block broadcast_3_piece0 stored as bytes in memory (estimated size 35.1 KiB, free 433.7 MiB)","logger":"airflow.task.hooks.airflow.providers.apache.spark.hooks.spark_submit.SparkSubmitHook"}
{"timestamp":"2025-08-24T04:53:15.250771","level":"info","event":"25/08/24 04:53:15 INFO BlockManagerInfo: Added broadcast_3_piece0 in memory on a485218d480e:38969 (size: 35.1 KiB, free: 434.3 MiB)","logger":"airflow.task.hooks.airflow.providers.apache.spark.hooks.spark_submit.SparkSubmitHook"}
{"timestamp":"2025-08-24T04:53:15.251400","level":"info","event":"25/08/24 04:53:15 INFO SparkContext: Created broadcast 3 from showString at NativeMethodAccessorImpl.java:0","logger":"airflow.task.hooks.airflow.providers.apache.spark.hooks.spark_submit.SparkSubmitHook"}
{"timestamp":"2025-08-24T04:53:15.253958","level":"info","event":"25/08/24 04:53:15 INFO FileSourceScanExec: Planning scan with bin packing, max size: 4194304 bytes, open cost is considered as scanning 4194304 bytes.","logger":"airflow.task.hooks.airflow.providers.apache.spark.hooks.spark_submit.SparkSubmitHook"}
{"timestamp":"2025-08-24T04:53:15.263835","level":"info","event":"25/08/24 04:53:15 INFO SparkContext: Starting job: showString at NativeMethodAccessorImpl.java:0","logger":"airflow.task.hooks.airflow.providers.apache.spark.hooks.spark_submit.SparkSubmitHook"}
{"timestamp":"2025-08-24T04:53:15.265057","level":"info","event":"25/08/24 04:53:15 INFO DAGScheduler: Got job 1 (showString at NativeMethodAccessorImpl.java:0) with 1 output partitions","logger":"airflow.task.hooks.airflow.providers.apache.spark.hooks.spark_submit.SparkSubmitHook"}
{"timestamp":"2025-08-24T04:53:15.265162","level":"info","event":"25/08/24 04:53:15 INFO DAGScheduler: Final stage: ResultStage 1 (showString at NativeMethodAccessorImpl.java:0)","logger":"airflow.task.hooks.airflow.providers.apache.spark.hooks.spark_submit.SparkSubmitHook"}
{"timestamp":"2025-08-24T04:53:15.265268","level":"info","event":"25/08/24 04:53:15 INFO DAGScheduler: Parents of final stage: List()","logger":"airflow.task.hooks.airflow.providers.apache.spark.hooks.spark_submit.SparkSubmitHook"}
{"timestamp":"2025-08-24T04:53:15.265301","level":"info","event":"25/08/24 04:53:15 INFO DAGScheduler: Missing parents: List()","logger":"airflow.task.hooks.airflow.providers.apache.spark.hooks.spark_submit.SparkSubmitHook"}
{"timestamp":"2025-08-24T04:53:15.265422","level":"info","event":"25/08/24 04:53:15 INFO DAGScheduler: Submitting ResultStage 1 (MapPartitionsRDD[13] at showString at NativeMethodAccessorImpl.java:0), which has no missing parents","logger":"airflow.task.hooks.airflow.providers.apache.spark.hooks.spark_submit.SparkSubmitHook"}
{"timestamp":"2025-08-24T04:53:15.268675","level":"info","event":"25/08/24 04:53:15 INFO MemoryStore: Block broadcast_4 stored as values in memory (estimated size 23.6 KiB, free 433.7 MiB)","logger":"airflow.task.hooks.airflow.providers.apache.spark.hooks.spark_submit.SparkSubmitHook"}
{"timestamp":"2025-08-24T04:53:15.269811","level":"info","event":"25/08/24 04:53:15 INFO MemoryStore: Block broadcast_4_piece0 stored as bytes in memory (estimated size 9.1 KiB, free 433.7 MiB)","logger":"airflow.task.hooks.airflow.providers.apache.spark.hooks.spark_submit.SparkSubmitHook"}
{"timestamp":"2025-08-24T04:53:15.270468","level":"info","event":"25/08/24 04:53:15 INFO BlockManagerInfo: Added broadcast_4_piece0 in memory on a485218d480e:38969 (size: 9.1 KiB, free: 434.3 MiB)","logger":"airflow.task.hooks.airflow.providers.apache.spark.hooks.spark_submit.SparkSubmitHook"}
{"timestamp":"2025-08-24T04:53:15.270847","level":"info","event":"25/08/24 04:53:15 INFO SparkContext: Created broadcast 4 from broadcast at DAGScheduler.scala:1585","logger":"airflow.task.hooks.airflow.providers.apache.spark.hooks.spark_submit.SparkSubmitHook"}
{"timestamp":"2025-08-24T04:53:15.271580","level":"info","event":"25/08/24 04:53:15 INFO DAGScheduler: Submitting 1 missing tasks from ResultStage 1 (MapPartitionsRDD[13] at showString at NativeMethodAccessorImpl.java:0) (first 15 tasks are for partitions Vector(0))","logger":"airflow.task.hooks.airflow.providers.apache.spark.hooks.spark_submit.SparkSubmitHook"}
{"timestamp":"2025-08-24T04:53:15.271658","level":"info","event":"25/08/24 04:53:15 INFO TaskSchedulerImpl: Adding task set 1.0 with 1 tasks resource profile 0","logger":"airflow.task.hooks.airflow.providers.apache.spark.hooks.spark_submit.SparkSubmitHook"}
{"timestamp":"2025-08-24T04:53:15.272561","level":"info","event":"25/08/24 04:53:15 INFO TaskSetManager: Starting task 0.0 in stage 1.0 (TID 1) (172.18.0.12, executor 0, partition 0, PROCESS_LOCAL, 9909 bytes)","logger":"airflow.task.hooks.airflow.providers.apache.spark.hooks.spark_submit.SparkSubmitHook"}
{"timestamp":"2025-08-24T04:53:15.290063","level":"info","event":"25/08/24 04:53:15 INFO BlockManagerInfo: Added broadcast_4_piece0 in memory on 172.18.0.12:39307 (size: 9.1 KiB, free: 434.4 MiB)","logger":"airflow.task.hooks.airflow.providers.apache.spark.hooks.spark_submit.SparkSubmitHook"}
{"timestamp":"2025-08-24T04:53:15.374305","level":"info","event":"25/08/24 04:53:15 INFO BlockManagerInfo: Added broadcast_3_piece0 in memory on 172.18.0.12:39307 (size: 35.1 KiB, free: 434.3 MiB)","logger":"airflow.task.hooks.airflow.providers.apache.spark.hooks.spark_submit.SparkSubmitHook"}
{"timestamp":"2025-08-24T04:53:15.630819","level":"info","event":"25/08/24 04:53:15 INFO TaskSetManager: Finished task 0.0 in stage 1.0 (TID 1) in 358 ms on 172.18.0.12 (executor 0) (1/1)","logger":"airflow.task.hooks.airflow.providers.apache.spark.hooks.spark_submit.SparkSubmitHook"}
{"timestamp":"2025-08-24T04:53:15.630966","level":"info","event":"25/08/24 04:53:15 INFO TaskSchedulerImpl: Removed TaskSet 1.0, whose tasks have all completed, from pool","logger":"airflow.task.hooks.airflow.providers.apache.spark.hooks.spark_submit.SparkSubmitHook"}
{"timestamp":"2025-08-24T04:53:15.631872","level":"info","event":"25/08/24 04:53:15 INFO DAGScheduler: ResultStage 1 (showString at NativeMethodAccessorImpl.java:0) finished in 0.365 s","logger":"airflow.task.hooks.airflow.providers.apache.spark.hooks.spark_submit.SparkSubmitHook"}
{"timestamp":"2025-08-24T04:53:15.631990","level":"info","event":"25/08/24 04:53:15 INFO DAGScheduler: Job 1 is finished. Cancelling potential speculative or zombie tasks for this job","logger":"airflow.task.hooks.airflow.providers.apache.spark.hooks.spark_submit.SparkSubmitHook"}
{"timestamp":"2025-08-24T04:53:15.632024","level":"info","event":"25/08/24 04:53:15 INFO TaskSchedulerImpl: Killing all running tasks in stage 1: Stage finished","logger":"airflow.task.hooks.airflow.providers.apache.spark.hooks.spark_submit.SparkSubmitHook"}
{"timestamp":"2025-08-24T04:53:15.633230","level":"info","event":"25/08/24 04:53:15 INFO DAGScheduler: Job 1 finished: showString at NativeMethodAccessorImpl.java:0, took 0.368917 s","logger":"airflow.task.hooks.airflow.providers.apache.spark.hooks.spark_submit.SparkSubmitHook"}
{"timestamp":"2025-08-24T04:53:15.663732","level":"info","event":"25/08/24 04:53:15 INFO CodeGenerator: Code generated in 21.745602 ms","logger":"airflow.task.hooks.airflow.providers.apache.spark.hooks.spark_submit.SparkSubmitHook"}
{"timestamp":"2025-08-24T04:53:15.673844","level":"info","event":"+--------------------+--------------------+--------------------+--------------------+--------------------+------------------+------+-------+--------------+--------------------+-------+--------------------+--------+--------------------+-----------+------------+------------+------------+--------------------+","logger":"airflow.task.hooks.airflow.providers.apache.spark.hooks.spark_submit.SparkSubmitHook"}
{"timestamp":"2025-08-24T04:53:15.674102","level":"info","event":"|                  id|                 url|               media|               score|               title|            author|edited|is_self|       over_18|             preview|spoiler|            selftext|stickied|           permalink|  subreddit| created_utc|num_comments|upvote_ratio|     link_flair_text|","logger":"airflow.task.hooks.airflow.providers.apache.spark.hooks.spark_submit.SparkSubmitHook"}
{"timestamp":"2025-08-24T04:53:15.674196","level":"info","event":"+--------------------+--------------------+--------------------+--------------------+--------------------+------------------+------+-------+--------------+--------------------+-------+--------------------+--------+--------------------+-----------+------------+------------+------------+--------------------+","logger":"airflow.task.hooks.airflow.providers.apache.spark.hooks.spark_submit.SparkSubmitHook"}
{"timestamp":"2025-08-24T04:53:15.674227","level":"info","event":"|             1my9da0|https://www.reddi...|                NULL|                   1|Performance On Lo...|     NoN-Stop-Dank| False|   True|         False|                NULL|  False|\"I saw on a Moxsy...|    NULL|                NULL|       NULL|        NULL|        NULL|        NULL|                NULL|","logger":"airflow.task.hooks.airflow.providers.apache.spark.hooks.spark_submit.SparkSubmitHook"}
{"timestamp":"2025-08-24T04:53:15.674254","level":"info","event":"|I have a 2070 Sup...| but DICE probabl...|               False|/r/Borderlands4/c...|        Borderlands4|      1755974370.0|     1|    1.0|❔ [ Question ]|                NULL|   NULL|                NULL|    NULL|                NULL|       NULL|        NULL|        NULL|        NULL|                NULL|","logger":"airflow.task.hooks.airflow.providers.apache.spark.hooks.spark_submit.SparkSubmitHook"}
{"timestamp":"2025-08-24T04:53:15.674281","level":"info","event":"|             1my99bb|https://i.redd.it...|                NULL|                   1|Just warming up f...|SoggyBlueberry9440| False|  False|         False|{'images': [{'id'...|  False|37-8, decent scor...|   False|/r/Battlefield/co...|Battlefield|1755974112.0|           1|        0.99|       Battlefield 6|","logger":"airflow.task.hooks.airflow.providers.apache.spark.hooks.spark_submit.SparkSubmitHook"}
{"timestamp":"2025-08-24T04:53:15.674303","level":"info","event":"|             1my8yul|https://v.redd.it...|{'reddit_video': ...|                   0|[BF6] Sniping is ...|         exquicity| False|  False|         False|{'images': [{'id'...|  False|Who else excited ...|   False|/r/Battlefield/co...|Battlefield|1755973420.0|           1|         0.5|🪖Only In Battlef...|","logger":"airflow.task.hooks.airflow.providers.apache.spark.hooks.spark_submit.SparkSubmitHook"}
{"timestamp":"2025-08-24T04:53:15.674328","level":"info","event":"|             1my8xdn|https://www.reddi...|                NULL|                   2|My buddy and I ar...|      paper_plains| False|   True|         False|                NULL|  False|As the title stat...|   False|/r/Battlefield/co...|Battlefield|1755973327.0|           2|         1.0|    Battlefield 2042|","logger":"airflow.task.hooks.airflow.providers.apache.spark.hooks.spark_submit.SparkSubmitHook"}
{"timestamp":"2025-08-24T04:53:15.674348","level":"info","event":"|             1my8n0i|https://i.redd.it...|                NULL|                   3|On a serious note...|  Temporary-Ad8735| False|  False|         False|{'images': [{'id'...|  False|                NULL|   False|/r/Battlefield/co...|Battlefield|1755972652.0|          61|        0.59|       Battlefield 6|","logger":"airflow.task.hooks.airflow.providers.apache.spark.hooks.spark_submit.SparkSubmitHook"}
{"timestamp":"2025-08-24T04:53:15.674370","level":"info","event":"|             1my8kp6|https://www.reddi...|                NULL|                   1|Console players, ...|        Playwithuh| False|   True|         False|                NULL|  False|I have been playi...|    NULL|                NULL|       NULL|        NULL|        NULL|        NULL|                NULL|","logger":"airflow.task.hooks.airflow.providers.apache.spark.hooks.spark_submit.SparkSubmitHook"}
{"timestamp":"2025-08-24T04:53:15.674390","level":"info","event":"|I have been absol...| got rolled a ton...| operations I had...|                NULL|                NULL|              NULL|  NULL|   NULL|          NULL|                NULL|   NULL|                NULL|    NULL|                NULL|       NULL|        NULL|        NULL|        NULL|                NULL|","logger":"airflow.task.hooks.airflow.providers.apache.spark.hooks.spark_submit.SparkSubmitHook"}
{"timestamp":"2025-08-24T04:53:15.674410","level":"info","event":"|     After some time| I got the hang o...|       playing recon|      flanking enemy| setting up strat...|              NULL|  NULL|   NULL|          NULL|                NULL|   NULL|                NULL|    NULL|                NULL|       NULL|        NULL|        NULL|        NULL|                NULL|","logger":"airflow.task.hooks.airflow.providers.apache.spark.hooks.spark_submit.SparkSubmitHook"}
{"timestamp":"2025-08-24T04:53:15.674429","level":"info","event":"|         Safe to say| I'll continue pl...| glad it came to ...| most have that m...| other than strai...|              NULL|  NULL|   NULL|          NULL|                NULL|   NULL|                NULL|    NULL|                NULL|       NULL|        NULL|        NULL|        NULL|                NULL|","logger":"airflow.task.hooks.airflow.providers.apache.spark.hooks.spark_submit.SparkSubmitHook"}
{"timestamp":"2025-08-24T04:53:15.674449","level":"info","event":"+--------------------+--------------------+--------------------+--------------------+--------------------+------------------+------+-------+--------------+--------------------+-------+--------------------+--------+--------------------+-----------+------------+------------+------------+--------------------+","logger":"airflow.task.hooks.airflow.providers.apache.spark.hooks.spark_submit.SparkSubmitHook"}
{"timestamp":"2025-08-24T04:53:15.674468","level":"info","event":"only showing top 10 rows","logger":"airflow.task.hooks.airflow.providers.apache.spark.hooks.spark_submit.SparkSubmitHook"}
{"timestamp":"2025-08-24T04:53:15.674490","level":"info","event":"","logger":"airflow.task.hooks.airflow.providers.apache.spark.hooks.spark_submit.SparkSubmitHook"}
{"timestamp":"2025-08-24T04:53:15.674521","level":"info","event":"25/08/24 04:53:15 INFO SparkContext: SparkContext is stopping with exitCode 0.","logger":"airflow.task.hooks.airflow.providers.apache.spark.hooks.spark_submit.SparkSubmitHook"}
{"timestamp":"2025-08-24T04:53:15.684654","level":"info","event":"25/08/24 04:53:15 INFO SparkUI: Stopped Spark web UI at http://a485218d480e:4040","logger":"airflow.task.hooks.airflow.providers.apache.spark.hooks.spark_submit.SparkSubmitHook"}
{"timestamp":"2025-08-24T04:53:15.686946","level":"info","event":"25/08/24 04:53:15 INFO StandaloneSchedulerBackend: Shutting down all executors","logger":"airflow.task.hooks.airflow.providers.apache.spark.hooks.spark_submit.SparkSubmitHook"}
{"timestamp":"2025-08-24T04:53:15.687339","level":"info","event":"25/08/24 04:53:15 INFO StandaloneSchedulerBackend$StandaloneDriverEndpoint: Asking each executor to shut down","logger":"airflow.task.hooks.airflow.providers.apache.spark.hooks.spark_submit.SparkSubmitHook"}
{"timestamp":"2025-08-24T04:53:15.697696","level":"info","event":"25/08/24 04:53:15 INFO MapOutputTrackerMasterEndpoint: MapOutputTrackerMasterEndpoint stopped!","logger":"airflow.task.hooks.airflow.providers.apache.spark.hooks.spark_submit.SparkSubmitHook"}
{"timestamp":"2025-08-24T04:53:15.710923","level":"info","event":"25/08/24 04:53:15 INFO MemoryStore: MemoryStore cleared","logger":"airflow.task.hooks.airflow.providers.apache.spark.hooks.spark_submit.SparkSubmitHook"}
{"timestamp":"2025-08-24T04:53:15.712425","level":"info","event":"25/08/24 04:53:15 INFO BlockManager: BlockManager stopped","logger":"airflow.task.hooks.airflow.providers.apache.spark.hooks.spark_submit.SparkSubmitHook"}
{"timestamp":"2025-08-24T04:53:15.717995","level":"info","event":"25/08/24 04:53:15 INFO BlockManagerMaster: BlockManagerMaster stopped","logger":"airflow.task.hooks.airflow.providers.apache.spark.hooks.spark_submit.SparkSubmitHook"}
{"timestamp":"2025-08-24T04:53:15.719551","level":"info","event":"25/08/24 04:53:15 INFO OutputCommitCoordinator$OutputCommitCoordinatorEndpoint: OutputCommitCoordinator stopped!","logger":"airflow.task.hooks.airflow.providers.apache.spark.hooks.spark_submit.SparkSubmitHook"}
{"timestamp":"2025-08-24T04:53:15.728254","level":"info","event":"25/08/24 04:53:15 INFO SparkContext: Successfully stopped SparkContext","logger":"airflow.task.hooks.airflow.providers.apache.spark.hooks.spark_submit.SparkSubmitHook"}
{"timestamp":"2025-08-24T04:53:16.162630","level":"info","event":"25/08/24 04:53:16 INFO ShutdownHookManager: Shutdown hook called","logger":"airflow.task.hooks.airflow.providers.apache.spark.hooks.spark_submit.SparkSubmitHook"}
{"timestamp":"2025-08-24T04:53:16.162894","level":"info","event":"25/08/24 04:53:16 INFO ShutdownHookManager: Deleting directory /tmp/spark-87045c5f-14f4-4e6b-8da7-4bc666d9590e","logger":"airflow.task.hooks.airflow.providers.apache.spark.hooks.spark_submit.SparkSubmitHook"}
{"timestamp":"2025-08-24T04:53:16.166326","level":"info","event":"25/08/24 04:53:16 INFO ShutdownHookManager: Deleting directory /tmp/spark-87045c5f-14f4-4e6b-8da7-4bc666d9590e/pyspark-a88f1238-4018-46d5-b5ea-b59cd97fc5a2","logger":"airflow.task.hooks.airflow.providers.apache.spark.hooks.spark_submit.SparkSubmitHook"}
{"timestamp":"2025-08-24T04:53:16.168931","level":"info","event":"25/08/24 04:53:16 INFO ShutdownHookManager: Deleting directory /tmp/spark-ee1c23a8-f301-4803-b22d-2369674353e6","logger":"airflow.task.hooks.airflow.providers.apache.spark.hooks.spark_submit.SparkSubmitHook"}
{"timestamp":"2025-08-24T04:53:16.173204","level":"info","event":"25/08/24 04:53:16 INFO MetricsSystemImpl: Stopping s3a-file-system metrics system...","logger":"airflow.task.hooks.airflow.providers.apache.spark.hooks.spark_submit.SparkSubmitHook"}
{"timestamp":"2025-08-24T04:53:16.173287","level":"info","event":"25/08/24 04:53:16 INFO MetricsSystemImpl: s3a-file-system metrics system stopped.","logger":"airflow.task.hooks.airflow.providers.apache.spark.hooks.spark_submit.SparkSubmitHook"}
{"timestamp":"2025-08-24T04:53:16.173322","level":"info","event":"25/08/24 04:53:16 INFO MetricsSystemImpl: s3a-file-system metrics system shutdown complete.","logger":"airflow.task.hooks.airflow.providers.apache.spark.hooks.spark_submit.SparkSubmitHook"}
