[2025-08-08T01:28:13.926+0000] {local_task_job_runner.py:120} INFO - ::group::Pre task execution logs
[2025-08-08T01:28:13.946+0000] {taskinstance.py:2076} INFO - Dependencies all met for dep_context=non-requeueable deps ti=<TaskInstance: first_dag.create_folder manual__2025-08-08T01:28:11.316326+00:00 [queued]>
[2025-08-08T01:28:13.952+0000] {taskinstance.py:2076} INFO - Dependencies all met for dep_context=requeueable deps ti=<TaskInstance: first_dag.create_folder manual__2025-08-08T01:28:11.316326+00:00 [queued]>
[2025-08-08T01:28:13.952+0000] {taskinstance.py:2306} INFO - Starting attempt 1 of 1
[2025-08-08T01:28:13.961+0000] {taskinstance.py:2330} INFO - Executing <Task(BashOperator): create_folder> on 2025-08-08 01:28:11.316326+00:00
[2025-08-08T01:28:13.964+0000] {standard_task_runner.py:63} INFO - Started process 274 to run task
[2025-08-08T01:28:13.966+0000] {standard_task_runner.py:90} INFO - Running: ['***', 'tasks', 'run', 'first_dag', 'create_folder', 'manual__2025-08-08T01:28:11.316326+00:00', '--job-id', '7', '--raw', '--subdir', 'DAGS_FOLDER/firstdag.py', '--cfg-path', '/tmp/tmppfem5fuz']
[2025-08-08T01:28:13.968+0000] {standard_task_runner.py:91} INFO - Job 7: Subtask create_folder
[2025-08-08T01:28:13.980+0000] {logging_mixin.py:188} WARNING - /home/***/.local/lib/python3.9/site-packages/***/settings.py:195 DeprecationWarning: The sql_alchemy_conn option in [core] has been moved to the sql_alchemy_conn option in [database] - the old setting has been used, but please update your config.
[2025-08-08T01:28:14.010+0000] {task_command.py:426} INFO - Running <TaskInstance: first_dag.create_folder manual__2025-08-08T01:28:11.316326+00:00 [running]> on host 63b03a5bd235
[2025-08-08T01:28:14.066+0000] {taskinstance.py:2648} INFO - Exporting env vars: AIRFLOW_CTX_DAG_OWNER='***' AIRFLOW_CTX_DAG_ID='first_dag' AIRFLOW_CTX_TASK_ID='create_folder' AIRFLOW_CTX_EXECUTION_DATE='2025-08-08T01:28:11.316326+00:00' AIRFLOW_CTX_TRY_NUMBER='1' AIRFLOW_CTX_DAG_RUN_ID='manual__2025-08-08T01:28:11.316326+00:00'
[2025-08-08T01:28:14.067+0000] {taskinstance.py:430} INFO - ::endgroup::
[2025-08-08T01:28:14.077+0000] {subprocess.py:63} INFO - Tmp dir root location: /tmp
[2025-08-08T01:28:14.078+0000] {subprocess.py:75} INFO - Running command: ['/usr/bin/bash', '-c', 'mkdir -p "C:\\Users\\JOAO PC\\Documents\\lab\\***\\pasta"']
[2025-08-08T01:28:14.083+0000] {subprocess.py:86} INFO - Output:
[2025-08-08T01:28:14.086+0000] {subprocess.py:97} INFO - Command exited with return code 0
[2025-08-08T01:28:14.086+0000] {taskinstance.py:441} INFO - ::group::Post task execution logs
[2025-08-08T01:28:14.103+0000] {taskinstance.py:1206} INFO - Marking task as SUCCESS. dag_id=first_dag, task_id=create_folder, run_id=manual__2025-08-08T01:28:11.316326+00:00, execution_date=20250808T012811, start_date=20250808T012813, end_date=20250808T012814
[2025-08-08T01:28:14.138+0000] {local_task_job_runner.py:240} INFO - Task exited with return code 0
[2025-08-08T01:28:14.149+0000] {taskinstance.py:3498} INFO - 0 downstream tasks scheduled from follow-on schedule check
[2025-08-08T01:28:14.150+0000] {local_task_job_runner.py:222} INFO - ::endgroup::
