{"timestamp":"2025-08-24T03:18:23.162893","level":"info","event":"DAG bundles loaded: dags-folder","logger":"airflow.dag_processing.bundles.manager.DagBundlesManager"}
{"timestamp":"2025-08-24T03:18:23.163267","level":"info","event":"Filling up the DagBag from /opt/airflow/dags/reddit_dag_hdfs_consult_simple.py","logger":"airflow.models.dagbag.DagBag"}
{"timestamp":"2025-08-24T03:18:23.195179","level":"warning","event":"/home/airflow/.local/lib/python3.12/site-packages/airflow/models/connection.py:471: DeprecationWarning: Using Connection.get_connection_from_secrets from `airflow.models` is deprecated.Please use `from airflow.sdk import Connection` instead\n  warnings.warn(\n","logger":"py.warnings"}
{"timestamp":"2025-08-24T03:18:23.201067","level":"info","event":"Connection Retrieved 'spark_default'","logger":"airflow.hooks.base"}
{"timestamp":"2025-08-24T03:18:23.201455","level":"info","event":"Spark-Submit cmd: spark-submit --master spark://spark-master:7077 --name arrow-spark --verbose --deploy-mode client /opt/airflow/dags/scripts/python/read_hdfs.py","logger":"airflow.task.hooks.airflow.providers.apache.spark.hooks.spark_submit.SparkSubmitHook"}
{"timestamp":"2025-08-24T03:18:24.531786","level":"info","event":"Using properties file: null","logger":"airflow.task.hooks.airflow.providers.apache.spark.hooks.spark_submit.SparkSubmitHook"}
{"timestamp":"2025-08-24T03:18:24.610469","level":"info","event":"Parsed arguments:","logger":"airflow.task.hooks.airflow.providers.apache.spark.hooks.spark_submit.SparkSubmitHook"}
{"timestamp":"2025-08-24T03:18:24.610584","level":"info","event":"master                  spark://spark-master:7077","logger":"airflow.task.hooks.airflow.providers.apache.spark.hooks.spark_submit.SparkSubmitHook"}
{"timestamp":"2025-08-24T03:18:24.610620","level":"info","event":"remote                  null","logger":"airflow.task.hooks.airflow.providers.apache.spark.hooks.spark_submit.SparkSubmitHook"}
{"timestamp":"2025-08-24T03:18:24.610648","level":"info","event":"deployMode              client","logger":"airflow.task.hooks.airflow.providers.apache.spark.hooks.spark_submit.SparkSubmitHook"}
{"timestamp":"2025-08-24T03:18:24.610672","level":"info","event":"executorMemory          null","logger":"airflow.task.hooks.airflow.providers.apache.spark.hooks.spark_submit.SparkSubmitHook"}
{"timestamp":"2025-08-24T03:18:24.610694","level":"info","event":"executorCores           null","logger":"airflow.task.hooks.airflow.providers.apache.spark.hooks.spark_submit.SparkSubmitHook"}
{"timestamp":"2025-08-24T03:18:24.610715","level":"info","event":"totalExecutorCores      null","logger":"airflow.task.hooks.airflow.providers.apache.spark.hooks.spark_submit.SparkSubmitHook"}
{"timestamp":"2025-08-24T03:18:24.610736","level":"info","event":"propertiesFile          null","logger":"airflow.task.hooks.airflow.providers.apache.spark.hooks.spark_submit.SparkSubmitHook"}
{"timestamp":"2025-08-24T03:18:24.610756","level":"info","event":"driverMemory            null","logger":"airflow.task.hooks.airflow.providers.apache.spark.hooks.spark_submit.SparkSubmitHook"}
{"timestamp":"2025-08-24T03:18:24.610775","level":"info","event":"driverCores             null","logger":"airflow.task.hooks.airflow.providers.apache.spark.hooks.spark_submit.SparkSubmitHook"}
{"timestamp":"2025-08-24T03:18:24.610795","level":"info","event":"driverExtraClassPath    null","logger":"airflow.task.hooks.airflow.providers.apache.spark.hooks.spark_submit.SparkSubmitHook"}
{"timestamp":"2025-08-24T03:18:24.610814","level":"info","event":"driverExtraLibraryPath  null","logger":"airflow.task.hooks.airflow.providers.apache.spark.hooks.spark_submit.SparkSubmitHook"}
{"timestamp":"2025-08-24T03:18:24.610834","level":"info","event":"driverExtraJavaOptions  null","logger":"airflow.task.hooks.airflow.providers.apache.spark.hooks.spark_submit.SparkSubmitHook"}
{"timestamp":"2025-08-24T03:18:24.610852","level":"info","event":"supervise               false","logger":"airflow.task.hooks.airflow.providers.apache.spark.hooks.spark_submit.SparkSubmitHook"}
{"timestamp":"2025-08-24T03:18:24.610871","level":"info","event":"queue                   null","logger":"airflow.task.hooks.airflow.providers.apache.spark.hooks.spark_submit.SparkSubmitHook"}
{"timestamp":"2025-08-24T03:18:24.610890","level":"info","event":"numExecutors            null","logger":"airflow.task.hooks.airflow.providers.apache.spark.hooks.spark_submit.SparkSubmitHook"}
{"timestamp":"2025-08-24T03:18:24.610908","level":"info","event":"files                   null","logger":"airflow.task.hooks.airflow.providers.apache.spark.hooks.spark_submit.SparkSubmitHook"}
{"timestamp":"2025-08-24T03:18:24.610926","level":"info","event":"pyFiles                 null","logger":"airflow.task.hooks.airflow.providers.apache.spark.hooks.spark_submit.SparkSubmitHook"}
{"timestamp":"2025-08-24T03:18:24.610946","level":"info","event":"archives                null","logger":"airflow.task.hooks.airflow.providers.apache.spark.hooks.spark_submit.SparkSubmitHook"}
{"timestamp":"2025-08-24T03:18:24.610979","level":"info","event":"mainClass               null","logger":"airflow.task.hooks.airflow.providers.apache.spark.hooks.spark_submit.SparkSubmitHook"}
{"timestamp":"2025-08-24T03:18:24.611004","level":"info","event":"primaryResource         file:/opt/airflow/dags/scripts/python/read_hdfs.py","logger":"airflow.task.hooks.airflow.providers.apache.spark.hooks.spark_submit.SparkSubmitHook"}
{"timestamp":"2025-08-24T03:18:24.611025","level":"info","event":"name                    arrow-spark","logger":"airflow.task.hooks.airflow.providers.apache.spark.hooks.spark_submit.SparkSubmitHook"}
{"timestamp":"2025-08-24T03:18:24.611045","level":"info","event":"childArgs               []","logger":"airflow.task.hooks.airflow.providers.apache.spark.hooks.spark_submit.SparkSubmitHook"}
{"timestamp":"2025-08-24T03:18:24.611064","level":"info","event":"jars                    null","logger":"airflow.task.hooks.airflow.providers.apache.spark.hooks.spark_submit.SparkSubmitHook"}
{"timestamp":"2025-08-24T03:18:24.611083","level":"info","event":"packages                null","logger":"airflow.task.hooks.airflow.providers.apache.spark.hooks.spark_submit.SparkSubmitHook"}
{"timestamp":"2025-08-24T03:18:24.611101","level":"info","event":"packagesExclusions      null","logger":"airflow.task.hooks.airflow.providers.apache.spark.hooks.spark_submit.SparkSubmitHook"}
{"timestamp":"2025-08-24T03:18:24.611150","level":"info","event":"repositories            null","logger":"airflow.task.hooks.airflow.providers.apache.spark.hooks.spark_submit.SparkSubmitHook"}
{"timestamp":"2025-08-24T03:18:24.611179","level":"info","event":"verbose                 true","logger":"airflow.task.hooks.airflow.providers.apache.spark.hooks.spark_submit.SparkSubmitHook"}
{"timestamp":"2025-08-24T03:18:24.611202","level":"info","event":"","logger":"airflow.task.hooks.airflow.providers.apache.spark.hooks.spark_submit.SparkSubmitHook"}
{"timestamp":"2025-08-24T03:18:24.611225","level":"info","event":"Spark properties used, including those specified through","logger":"airflow.task.hooks.airflow.providers.apache.spark.hooks.spark_submit.SparkSubmitHook"}
{"timestamp":"2025-08-24T03:18:24.611245","level":"info","event":"--conf and those from the properties file null:","logger":"airflow.task.hooks.airflow.providers.apache.spark.hooks.spark_submit.SparkSubmitHook"}
{"timestamp":"2025-08-24T03:18:24.611266","level":"info","event":"","logger":"airflow.task.hooks.airflow.providers.apache.spark.hooks.spark_submit.SparkSubmitHook"}
{"timestamp":"2025-08-24T03:18:24.611286","level":"info","event":"","logger":"airflow.task.hooks.airflow.providers.apache.spark.hooks.spark_submit.SparkSubmitHook"}
{"timestamp":"2025-08-24T03:18:24.611306","level":"info","event":"","logger":"airflow.task.hooks.airflow.providers.apache.spark.hooks.spark_submit.SparkSubmitHook"}
{"timestamp":"2025-08-24T03:18:24.814312","level":"info","event":"Main class:","logger":"airflow.task.hooks.airflow.providers.apache.spark.hooks.spark_submit.SparkSubmitHook"}
{"timestamp":"2025-08-24T03:18:24.814424","level":"info","event":"org.apache.spark.deploy.PythonRunner","logger":"airflow.task.hooks.airflow.providers.apache.spark.hooks.spark_submit.SparkSubmitHook"}
{"timestamp":"2025-08-24T03:18:24.814467","level":"info","event":"Arguments:","logger":"airflow.task.hooks.airflow.providers.apache.spark.hooks.spark_submit.SparkSubmitHook"}
{"timestamp":"2025-08-24T03:18:24.814494","level":"info","event":"file:/opt/airflow/dags/scripts/python/read_hdfs.py","logger":"airflow.task.hooks.airflow.providers.apache.spark.hooks.spark_submit.SparkSubmitHook"}
{"timestamp":"2025-08-24T03:18:24.814519","level":"info","event":"null","logger":"airflow.task.hooks.airflow.providers.apache.spark.hooks.spark_submit.SparkSubmitHook"}
{"timestamp":"2025-08-24T03:18:24.816596","level":"info","event":"Spark config:","logger":"airflow.task.hooks.airflow.providers.apache.spark.hooks.spark_submit.SparkSubmitHook"}
{"timestamp":"2025-08-24T03:18:24.816671","level":"info","event":"(spark.app.name,arrow-spark)","logger":"airflow.task.hooks.airflow.providers.apache.spark.hooks.spark_submit.SparkSubmitHook"}
{"timestamp":"2025-08-24T03:18:24.816705","level":"info","event":"(spark.app.submitTime,1756005504801)","logger":"airflow.task.hooks.airflow.providers.apache.spark.hooks.spark_submit.SparkSubmitHook"}
{"timestamp":"2025-08-24T03:18:24.816729","level":"info","event":"(spark.master,spark://spark-master:7077)","logger":"airflow.task.hooks.airflow.providers.apache.spark.hooks.spark_submit.SparkSubmitHook"}
{"timestamp":"2025-08-24T03:18:24.816751","level":"info","event":"(spark.submit.deployMode,client)","logger":"airflow.task.hooks.airflow.providers.apache.spark.hooks.spark_submit.SparkSubmitHook"}
{"timestamp":"2025-08-24T03:18:24.816772","level":"info","event":"(spark.submit.pyFiles,)","logger":"airflow.task.hooks.airflow.providers.apache.spark.hooks.spark_submit.SparkSubmitHook"}
{"timestamp":"2025-08-24T03:18:24.816801","level":"info","event":"Classpath elements:","logger":"airflow.task.hooks.airflow.providers.apache.spark.hooks.spark_submit.SparkSubmitHook"}
{"timestamp":"2025-08-24T03:18:24.816825","level":"info","event":"","logger":"airflow.task.hooks.airflow.providers.apache.spark.hooks.spark_submit.SparkSubmitHook"}
{"timestamp":"2025-08-24T03:18:24.816987","level":"info","event":"","logger":"airflow.task.hooks.airflow.providers.apache.spark.hooks.spark_submit.SparkSubmitHook"}
{"timestamp":"2025-08-24T03:18:24.817047","level":"info","event":"","logger":"airflow.task.hooks.airflow.providers.apache.spark.hooks.spark_submit.SparkSubmitHook"}
{"timestamp":"2025-08-24T03:18:25.753951","level":"info","event":"25/08/24 03:18:25 INFO SparkContext: Running Spark version 3.5.4","logger":"airflow.task.hooks.airflow.providers.apache.spark.hooks.spark_submit.SparkSubmitHook"}
{"timestamp":"2025-08-24T03:18:25.755007","level":"info","event":"25/08/24 03:18:25 INFO SparkContext: OS info Linux, 6.6.87.2-microsoft-standard-WSL2, amd64","logger":"airflow.task.hooks.airflow.providers.apache.spark.hooks.spark_submit.SparkSubmitHook"}
{"timestamp":"2025-08-24T03:18:25.755302","level":"info","event":"25/08/24 03:18:25 INFO SparkContext: Java version 17.0.16","logger":"airflow.task.hooks.airflow.providers.apache.spark.hooks.spark_submit.SparkSubmitHook"}
{"timestamp":"2025-08-24T03:18:25.804582","level":"info","event":"25/08/24 03:18:25 WARN NativeCodeLoader: Unable to load native-hadoop library for your platform... using builtin-java classes where applicable","logger":"airflow.task.hooks.airflow.providers.apache.spark.hooks.spark_submit.SparkSubmitHook"}
{"timestamp":"2025-08-24T03:18:25.877795","level":"info","event":"25/08/24 03:18:25 INFO ResourceUtils: ==============================================================","logger":"airflow.task.hooks.airflow.providers.apache.spark.hooks.spark_submit.SparkSubmitHook"}
{"timestamp":"2025-08-24T03:18:25.878067","level":"info","event":"25/08/24 03:18:25 INFO ResourceUtils: No custom resources configured for spark.driver.","logger":"airflow.task.hooks.airflow.providers.apache.spark.hooks.spark_submit.SparkSubmitHook"}
{"timestamp":"2025-08-24T03:18:25.878217","level":"info","event":"25/08/24 03:18:25 INFO ResourceUtils: ==============================================================","logger":"airflow.task.hooks.airflow.providers.apache.spark.hooks.spark_submit.SparkSubmitHook"}
{"timestamp":"2025-08-24T03:18:25.878531","level":"info","event":"25/08/24 03:18:25 INFO SparkContext: Submitted application: ReadHDFSReddit","logger":"airflow.task.hooks.airflow.providers.apache.spark.hooks.spark_submit.SparkSubmitHook"}
{"timestamp":"2025-08-24T03:18:25.894874","level":"info","event":"25/08/24 03:18:25 INFO ResourceProfile: Default ResourceProfile created, executor resources: Map(memory -> name: memory, amount: 1024, script: , vendor: , offHeap -> name: offHeap, amount: 0, script: , vendor: ), task resources: Map(cpus -> name: cpus, amount: 1.0)","logger":"airflow.task.hooks.airflow.providers.apache.spark.hooks.spark_submit.SparkSubmitHook"}
{"timestamp":"2025-08-24T03:18:25.900762","level":"info","event":"25/08/24 03:18:25 INFO ResourceProfile: Limiting resource is cpu","logger":"airflow.task.hooks.airflow.providers.apache.spark.hooks.spark_submit.SparkSubmitHook"}
{"timestamp":"2025-08-24T03:18:25.901141","level":"info","event":"25/08/24 03:18:25 INFO ResourceProfileManager: Added ResourceProfile id: 0","logger":"airflow.task.hooks.airflow.providers.apache.spark.hooks.spark_submit.SparkSubmitHook"}
{"timestamp":"2025-08-24T03:18:25.946468","level":"info","event":"25/08/24 03:18:25 INFO SecurityManager: Changing view acls to: airflow","logger":"airflow.task.hooks.airflow.providers.apache.spark.hooks.spark_submit.SparkSubmitHook"}
{"timestamp":"2025-08-24T03:18:25.946811","level":"info","event":"25/08/24 03:18:25 INFO SecurityManager: Changing modify acls to: airflow","logger":"airflow.task.hooks.airflow.providers.apache.spark.hooks.spark_submit.SparkSubmitHook"}
{"timestamp":"2025-08-24T03:18:25.947144","level":"info","event":"25/08/24 03:18:25 INFO SecurityManager: Changing view acls groups to:","logger":"airflow.task.hooks.airflow.providers.apache.spark.hooks.spark_submit.SparkSubmitHook"}
{"timestamp":"2025-08-24T03:18:25.947380","level":"info","event":"25/08/24 03:18:25 INFO SecurityManager: Changing modify acls groups to:","logger":"airflow.task.hooks.airflow.providers.apache.spark.hooks.spark_submit.SparkSubmitHook"}
{"timestamp":"2025-08-24T03:18:25.947938","level":"info","event":"25/08/24 03:18:25 INFO SecurityManager: SecurityManager: authentication disabled; ui acls disabled; users with view permissions: airflow; groups with view permissions: EMPTY; users with modify permissions: airflow; groups with modify permissions: EMPTY","logger":"airflow.task.hooks.airflow.providers.apache.spark.hooks.spark_submit.SparkSubmitHook"}
{"timestamp":"2025-08-24T03:18:26.115839","level":"info","event":"25/08/24 03:18:26 INFO Utils: Successfully started service 'sparkDriver' on port 44939.","logger":"airflow.task.hooks.airflow.providers.apache.spark.hooks.spark_submit.SparkSubmitHook"}
{"timestamp":"2025-08-24T03:18:26.139572","level":"info","event":"25/08/24 03:18:26 INFO SparkEnv: Registering MapOutputTracker","logger":"airflow.task.hooks.airflow.providers.apache.spark.hooks.spark_submit.SparkSubmitHook"}
{"timestamp":"2025-08-24T03:18:26.164905","level":"info","event":"25/08/24 03:18:26 INFO SparkEnv: Registering BlockManagerMaster","logger":"airflow.task.hooks.airflow.providers.apache.spark.hooks.spark_submit.SparkSubmitHook"}
{"timestamp":"2025-08-24T03:18:26.179239","level":"info","event":"25/08/24 03:18:26 INFO BlockManagerMasterEndpoint: Using org.apache.spark.storage.DefaultTopologyMapper for getting topology information","logger":"airflow.task.hooks.airflow.providers.apache.spark.hooks.spark_submit.SparkSubmitHook"}
{"timestamp":"2025-08-24T03:18:26.179714","level":"info","event":"25/08/24 03:18:26 INFO BlockManagerMasterEndpoint: BlockManagerMasterEndpoint up","logger":"airflow.task.hooks.airflow.providers.apache.spark.hooks.spark_submit.SparkSubmitHook"}
{"timestamp":"2025-08-24T03:18:26.183012","level":"info","event":"25/08/24 03:18:26 INFO SparkEnv: Registering BlockManagerMasterHeartbeat","logger":"airflow.task.hooks.airflow.providers.apache.spark.hooks.spark_submit.SparkSubmitHook"}
{"timestamp":"2025-08-24T03:18:26.199983","level":"info","event":"25/08/24 03:18:26 INFO DiskBlockManager: Created local directory at /tmp/blockmgr-302c4829-cc71-4597-9417-0bad44d176a5","logger":"airflow.task.hooks.airflow.providers.apache.spark.hooks.spark_submit.SparkSubmitHook"}
{"timestamp":"2025-08-24T03:18:26.209171","level":"info","event":"25/08/24 03:18:26 INFO MemoryStore: MemoryStore started with capacity 434.4 MiB","logger":"airflow.task.hooks.airflow.providers.apache.spark.hooks.spark_submit.SparkSubmitHook"}
{"timestamp":"2025-08-24T03:18:26.219860","level":"info","event":"25/08/24 03:18:26 INFO SparkEnv: Registering OutputCommitCoordinator","logger":"airflow.task.hooks.airflow.providers.apache.spark.hooks.spark_submit.SparkSubmitHook"}
{"timestamp":"2025-08-24T03:18:26.325443","level":"info","event":"25/08/24 03:18:26 INFO JettyUtils: Start Jetty 0.0.0.0:4040 for SparkUI","logger":"airflow.task.hooks.airflow.providers.apache.spark.hooks.spark_submit.SparkSubmitHook"}
{"timestamp":"2025-08-24T03:18:26.372012","level":"info","event":"25/08/24 03:18:26 INFO Utils: Successfully started service 'SparkUI' on port 4040.","logger":"airflow.task.hooks.airflow.providers.apache.spark.hooks.spark_submit.SparkSubmitHook"}
{"timestamp":"2025-08-24T03:18:26.457873","level":"info","event":"25/08/24 03:18:26 INFO StandaloneAppClient$ClientEndpoint: Connecting to master spark://spark-master:7077...","logger":"airflow.task.hooks.airflow.providers.apache.spark.hooks.spark_submit.SparkSubmitHook"}
{"timestamp":"2025-08-24T03:18:26.488696","level":"info","event":"25/08/24 03:18:26 INFO TransportClientFactory: Successfully created connection to spark-master/172.18.0.8:7077 after 16 ms (0 ms spent in bootstraps)","logger":"airflow.task.hooks.airflow.providers.apache.spark.hooks.spark_submit.SparkSubmitHook"}
{"timestamp":"2025-08-24T03:18:26.579388","level":"info","event":"25/08/24 03:18:26 INFO StandaloneSchedulerBackend: Connected to Spark cluster with app ID app-20250824031826-0000","logger":"airflow.task.hooks.airflow.providers.apache.spark.hooks.spark_submit.SparkSubmitHook"}
{"timestamp":"2025-08-24T03:18:26.585558","level":"info","event":"25/08/24 03:18:26 INFO Utils: Successfully started service 'org.apache.spark.network.netty.NettyBlockTransferService' on port 34379.","logger":"airflow.task.hooks.airflow.providers.apache.spark.hooks.spark_submit.SparkSubmitHook"}
{"timestamp":"2025-08-24T03:18:26.585669","level":"info","event":"25/08/24 03:18:26 INFO NettyBlockTransferService: Server created on 66ff3891c557:34379","logger":"airflow.task.hooks.airflow.providers.apache.spark.hooks.spark_submit.SparkSubmitHook"}
{"timestamp":"2025-08-24T03:18:26.586996","level":"info","event":"25/08/24 03:18:26 INFO BlockManager: Using org.apache.spark.storage.RandomBlockReplicationPolicy for block replication policy","logger":"airflow.task.hooks.airflow.providers.apache.spark.hooks.spark_submit.SparkSubmitHook"}
{"timestamp":"2025-08-24T03:18:26.591805","level":"info","event":"25/08/24 03:18:26 INFO BlockManagerMaster: Registering BlockManager BlockManagerId(driver, 66ff3891c557, 34379, None)","logger":"airflow.task.hooks.airflow.providers.apache.spark.hooks.spark_submit.SparkSubmitHook"}
{"timestamp":"2025-08-24T03:18:26.594043","level":"info","event":"25/08/24 03:18:26 INFO StandaloneAppClient$ClientEndpoint: Executor added: app-20250824031826-0000/0 on worker-20250824031219-172.18.0.11-33805 (172.18.0.11:33805) with 24 core(s)","logger":"airflow.task.hooks.airflow.providers.apache.spark.hooks.spark_submit.SparkSubmitHook"}
{"timestamp":"2025-08-24T03:18:26.594361","level":"info","event":"25/08/24 03:18:26 INFO BlockManagerMasterEndpoint: Registering block manager 66ff3891c557:34379 with 434.4 MiB RAM, BlockManagerId(driver, 66ff3891c557, 34379, None)","logger":"airflow.task.hooks.airflow.providers.apache.spark.hooks.spark_submit.SparkSubmitHook"}
{"timestamp":"2025-08-24T03:18:26.595539","level":"info","event":"25/08/24 03:18:26 INFO StandaloneSchedulerBackend: Granted executor ID app-20250824031826-0000/0 on hostPort 172.18.0.11:33805 with 24 core(s), 1024.0 MiB RAM","logger":"airflow.task.hooks.airflow.providers.apache.spark.hooks.spark_submit.SparkSubmitHook"}
{"timestamp":"2025-08-24T03:18:26.597268","level":"info","event":"25/08/24 03:18:26 INFO BlockManagerMaster: Registered BlockManager BlockManagerId(driver, 66ff3891c557, 34379, None)","logger":"airflow.task.hooks.airflow.providers.apache.spark.hooks.spark_submit.SparkSubmitHook"}
{"timestamp":"2025-08-24T03:18:26.598479","level":"info","event":"25/08/24 03:18:26 INFO BlockManager: Initialized BlockManager: BlockManagerId(driver, 66ff3891c557, 34379, None)","logger":"airflow.task.hooks.airflow.providers.apache.spark.hooks.spark_submit.SparkSubmitHook"}
{"timestamp":"2025-08-24T03:18:26.692426","level":"info","event":"25/08/24 03:18:26 INFO StandaloneAppClient$ClientEndpoint: Executor updated: app-20250824031826-0000/0 is now RUNNING","logger":"airflow.task.hooks.airflow.providers.apache.spark.hooks.spark_submit.SparkSubmitHook"}
{"timestamp":"2025-08-24T03:18:26.740846","level":"info","event":"25/08/24 03:18:26 INFO StandaloneSchedulerBackend: SchedulerBackend is ready for scheduling beginning after reached minRegisteredResourcesRatio: 0.0","logger":"airflow.task.hooks.airflow.providers.apache.spark.hooks.spark_submit.SparkSubmitHook"}
{"timestamp":"2025-08-24T03:18:26.949545","level":"info","event":"25/08/24 03:18:26 INFO SharedState: Setting hive.metastore.warehouse.dir ('null') to the value of spark.sql.warehouse.dir.","logger":"airflow.task.hooks.airflow.providers.apache.spark.hooks.spark_submit.SparkSubmitHook"}
{"timestamp":"2025-08-24T03:18:26.957090","level":"info","event":"25/08/24 03:18:26 INFO SharedState: Warehouse path is 'file:/opt/airflow/spark-warehouse'.","logger":"airflow.task.hooks.airflow.providers.apache.spark.hooks.spark_submit.SparkSubmitHook"}
{"timestamp":"2025-08-24T03:18:28.122725","level":"info","event":"25/08/24 03:18:28 INFO InMemoryFileIndex: It took 71 ms to list leaf files for 1 paths.","logger":"airflow.task.hooks.airflow.providers.apache.spark.hooks.spark_submit.SparkSubmitHook"}
{"timestamp":"2025-08-24T03:18:28.190662","level":"info","event":"25/08/24 03:18:28 INFO InMemoryFileIndex: It took 21 ms to list leaf files for 6 paths.","logger":"airflow.task.hooks.airflow.providers.apache.spark.hooks.spark_submit.SparkSubmitHook"}
{"timestamp":"2025-08-24T03:18:28.298619","level":"info","event":"25/08/24 03:18:28 INFO StandaloneSchedulerBackend$StandaloneDriverEndpoint: Registered executor NettyRpcEndpointRef(spark-client://Executor) (172.18.0.11:46100) with ID 0,  ResourceProfileId 0","logger":"airflow.task.hooks.airflow.providers.apache.spark.hooks.spark_submit.SparkSubmitHook"}
{"timestamp":"2025-08-24T03:18:28.362734","level":"info","event":"25/08/24 03:18:28 INFO BlockManagerMasterEndpoint: Registering block manager 172.18.0.11:41267 with 434.4 MiB RAM, BlockManagerId(0, 172.18.0.11, 41267, None)","logger":"airflow.task.hooks.airflow.providers.apache.spark.hooks.spark_submit.SparkSubmitHook"}
{"timestamp":"2025-08-24T03:18:29.588292","level":"info","event":"25/08/24 03:18:29 INFO FileSourceStrategy: Pushed Filters:","logger":"airflow.task.hooks.airflow.providers.apache.spark.hooks.spark_submit.SparkSubmitHook"}
{"timestamp":"2025-08-24T03:18:29.589648","level":"info","event":"25/08/24 03:18:29 INFO FileSourceStrategy: Post-Scan Filters: (length(trim(value#0, None)) > 0)","logger":"airflow.task.hooks.airflow.providers.apache.spark.hooks.spark_submit.SparkSubmitHook"}
{"timestamp":"2025-08-24T03:18:29.905908","level":"info","event":"25/08/24 03:18:29 INFO CodeGenerator: Code generated in 133.529434 ms","logger":"airflow.task.hooks.airflow.providers.apache.spark.hooks.spark_submit.SparkSubmitHook"}
{"timestamp":"2025-08-24T03:18:29.937188","level":"info","event":"25/08/24 03:18:29 INFO MemoryStore: Block broadcast_0 stored as values in memory (estimated size 199.4 KiB, free 434.2 MiB)","logger":"airflow.task.hooks.airflow.providers.apache.spark.hooks.spark_submit.SparkSubmitHook"}
{"timestamp":"2025-08-24T03:18:29.968371","level":"info","event":"25/08/24 03:18:29 INFO MemoryStore: Block broadcast_0_piece0 stored as bytes in memory (estimated size 34.2 KiB, free 434.2 MiB)","logger":"airflow.task.hooks.airflow.providers.apache.spark.hooks.spark_submit.SparkSubmitHook"}
{"timestamp":"2025-08-24T03:18:29.970194","level":"info","event":"25/08/24 03:18:29 INFO BlockManagerInfo: Added broadcast_0_piece0 in memory on 66ff3891c557:34379 (size: 34.2 KiB, free: 434.4 MiB)","logger":"airflow.task.hooks.airflow.providers.apache.spark.hooks.spark_submit.SparkSubmitHook"}
{"timestamp":"2025-08-24T03:18:29.972849","level":"info","event":"25/08/24 03:18:29 INFO SparkContext: Created broadcast 0 from csv at NativeMethodAccessorImpl.java:0","logger":"airflow.task.hooks.airflow.providers.apache.spark.hooks.spark_submit.SparkSubmitHook"}
{"timestamp":"2025-08-24T03:18:29.980345","level":"info","event":"25/08/24 03:18:29 INFO FileSourceScanExec: Planning scan with bin packing, max size: 4194304 bytes, open cost is considered as scanning 4194304 bytes.","logger":"airflow.task.hooks.airflow.providers.apache.spark.hooks.spark_submit.SparkSubmitHook"}
{"timestamp":"2025-08-24T03:18:30.049191","level":"info","event":"25/08/24 03:18:30 INFO SparkContext: Starting job: csv at NativeMethodAccessorImpl.java:0","logger":"airflow.task.hooks.airflow.providers.apache.spark.hooks.spark_submit.SparkSubmitHook"}
{"timestamp":"2025-08-24T03:18:30.059530","level":"info","event":"25/08/24 03:18:30 INFO DAGScheduler: Got job 0 (csv at NativeMethodAccessorImpl.java:0) with 1 output partitions","logger":"airflow.task.hooks.airflow.providers.apache.spark.hooks.spark_submit.SparkSubmitHook"}
{"timestamp":"2025-08-24T03:18:30.059745","level":"info","event":"25/08/24 03:18:30 INFO DAGScheduler: Final stage: ResultStage 0 (csv at NativeMethodAccessorImpl.java:0)","logger":"airflow.task.hooks.airflow.providers.apache.spark.hooks.spark_submit.SparkSubmitHook"}
{"timestamp":"2025-08-24T03:18:30.059994","level":"info","event":"25/08/24 03:18:30 INFO DAGScheduler: Parents of final stage: List()","logger":"airflow.task.hooks.airflow.providers.apache.spark.hooks.spark_submit.SparkSubmitHook"}
{"timestamp":"2025-08-24T03:18:30.060898","level":"info","event":"25/08/24 03:18:30 INFO DAGScheduler: Missing parents: List()","logger":"airflow.task.hooks.airflow.providers.apache.spark.hooks.spark_submit.SparkSubmitHook"}
{"timestamp":"2025-08-24T03:18:30.063757","level":"info","event":"25/08/24 03:18:30 INFO DAGScheduler: Submitting ResultStage 0 (MapPartitionsRDD[3] at csv at NativeMethodAccessorImpl.java:0), which has no missing parents","logger":"airflow.task.hooks.airflow.providers.apache.spark.hooks.spark_submit.SparkSubmitHook"}
{"timestamp":"2025-08-24T03:18:30.110745","level":"info","event":"25/08/24 03:18:30 INFO MemoryStore: Block broadcast_1 stored as values in memory (estimated size 13.5 KiB, free 434.2 MiB)","logger":"airflow.task.hooks.airflow.providers.apache.spark.hooks.spark_submit.SparkSubmitHook"}
{"timestamp":"2025-08-24T03:18:30.112225","level":"info","event":"25/08/24 03:18:30 INFO MemoryStore: Block broadcast_1_piece0 stored as bytes in memory (estimated size 6.4 KiB, free 434.2 MiB)","logger":"airflow.task.hooks.airflow.providers.apache.spark.hooks.spark_submit.SparkSubmitHook"}
{"timestamp":"2025-08-24T03:18:30.113323","level":"info","event":"25/08/24 03:18:30 INFO BlockManagerInfo: Added broadcast_1_piece0 in memory on 66ff3891c557:34379 (size: 6.4 KiB, free: 434.4 MiB)","logger":"airflow.task.hooks.airflow.providers.apache.spark.hooks.spark_submit.SparkSubmitHook"}
{"timestamp":"2025-08-24T03:18:30.114112","level":"info","event":"25/08/24 03:18:30 INFO SparkContext: Created broadcast 1 from broadcast at DAGScheduler.scala:1585","logger":"airflow.task.hooks.airflow.providers.apache.spark.hooks.spark_submit.SparkSubmitHook"}
{"timestamp":"2025-08-24T03:18:30.125265","level":"info","event":"25/08/24 03:18:30 INFO DAGScheduler: Submitting 1 missing tasks from ResultStage 0 (MapPartitionsRDD[3] at csv at NativeMethodAccessorImpl.java:0) (first 15 tasks are for partitions Vector(0))","logger":"airflow.task.hooks.airflow.providers.apache.spark.hooks.spark_submit.SparkSubmitHook"}
{"timestamp":"2025-08-24T03:18:30.125893","level":"info","event":"25/08/24 03:18:30 INFO TaskSchedulerImpl: Adding task set 0.0 with 1 tasks resource profile 0","logger":"airflow.task.hooks.airflow.providers.apache.spark.hooks.spark_submit.SparkSubmitHook"}
{"timestamp":"2025-08-24T03:18:30.145017","level":"info","event":"25/08/24 03:18:30 INFO TaskSetManager: Starting task 0.0 in stage 0.0 (TID 0) (172.18.0.11, executor 0, partition 0, ANY, 9638 bytes)","logger":"airflow.task.hooks.airflow.providers.apache.spark.hooks.spark_submit.SparkSubmitHook"}
{"timestamp":"2025-08-24T03:18:30.333011","level":"info","event":"25/08/24 03:18:30 INFO BlockManagerInfo: Added broadcast_1_piece0 in memory on 172.18.0.11:41267 (size: 6.4 KiB, free: 434.4 MiB)","logger":"airflow.task.hooks.airflow.providers.apache.spark.hooks.spark_submit.SparkSubmitHook"}
{"timestamp":"2025-08-24T03:18:30.957777","level":"info","event":"25/08/24 03:18:30 INFO BlockManagerInfo: Added broadcast_0_piece0 in memory on 172.18.0.11:41267 (size: 34.2 KiB, free: 434.4 MiB)","logger":"airflow.task.hooks.airflow.providers.apache.spark.hooks.spark_submit.SparkSubmitHook"}
{"timestamp":"2025-08-24T03:18:31.537577","level":"info","event":"25/08/24 03:18:31 INFO TaskSetManager: Finished task 0.0 in stage 0.0 (TID 0) in 1399 ms on 172.18.0.11 (executor 0) (1/1)","logger":"airflow.task.hooks.airflow.providers.apache.spark.hooks.spark_submit.SparkSubmitHook"}
{"timestamp":"2025-08-24T03:18:31.538554","level":"info","event":"25/08/24 03:18:31 INFO TaskSchedulerImpl: Removed TaskSet 0.0, whose tasks have all completed, from pool","logger":"airflow.task.hooks.airflow.providers.apache.spark.hooks.spark_submit.SparkSubmitHook"}
{"timestamp":"2025-08-24T03:18:31.541761","level":"info","event":"25/08/24 03:18:31 INFO DAGScheduler: ResultStage 0 (csv at NativeMethodAccessorImpl.java:0) finished in 1.469 s","logger":"airflow.task.hooks.airflow.providers.apache.spark.hooks.spark_submit.SparkSubmitHook"}
{"timestamp":"2025-08-24T03:18:31.543107","level":"info","event":"25/08/24 03:18:31 INFO DAGScheduler: Job 0 is finished. Cancelling potential speculative or zombie tasks for this job","logger":"airflow.task.hooks.airflow.providers.apache.spark.hooks.spark_submit.SparkSubmitHook"}
{"timestamp":"2025-08-24T03:18:31.543534","level":"info","event":"25/08/24 03:18:31 INFO TaskSchedulerImpl: Killing all running tasks in stage 0: Stage finished","logger":"airflow.task.hooks.airflow.providers.apache.spark.hooks.spark_submit.SparkSubmitHook"}
{"timestamp":"2025-08-24T03:18:31.545006","level":"info","event":"25/08/24 03:18:31 INFO DAGScheduler: Job 0 finished: csv at NativeMethodAccessorImpl.java:0, took 1.495555 s","logger":"airflow.task.hooks.airflow.providers.apache.spark.hooks.spark_submit.SparkSubmitHook"}
{"timestamp":"2025-08-24T03:18:31.558422","level":"info","event":"25/08/24 03:18:31 INFO CodeGenerator: Code generated in 7.146742 ms","logger":"airflow.task.hooks.airflow.providers.apache.spark.hooks.spark_submit.SparkSubmitHook"}
{"timestamp":"2025-08-24T03:18:31.586990","level":"info","event":"25/08/24 03:18:31 INFO FileSourceStrategy: Pushed Filters:","logger":"airflow.task.hooks.airflow.providers.apache.spark.hooks.spark_submit.SparkSubmitHook"}
{"timestamp":"2025-08-24T03:18:31.587135","level":"info","event":"25/08/24 03:18:31 INFO FileSourceStrategy: Post-Scan Filters:","logger":"airflow.task.hooks.airflow.providers.apache.spark.hooks.spark_submit.SparkSubmitHook"}
{"timestamp":"2025-08-24T03:18:31.591157","level":"info","event":"25/08/24 03:18:31 INFO MemoryStore: Block broadcast_2 stored as values in memory (estimated size 199.4 KiB, free 434.0 MiB)","logger":"airflow.task.hooks.airflow.providers.apache.spark.hooks.spark_submit.SparkSubmitHook"}
{"timestamp":"2025-08-24T03:18:31.598124","level":"info","event":"25/08/24 03:18:31 INFO MemoryStore: Block broadcast_2_piece0 stored as bytes in memory (estimated size 34.2 KiB, free 433.9 MiB)","logger":"airflow.task.hooks.airflow.providers.apache.spark.hooks.spark_submit.SparkSubmitHook"}
{"timestamp":"2025-08-24T03:18:31.598817","level":"info","event":"25/08/24 03:18:31 INFO BlockManagerInfo: Added broadcast_2_piece0 in memory on 66ff3891c557:34379 (size: 34.2 KiB, free: 434.3 MiB)","logger":"airflow.task.hooks.airflow.providers.apache.spark.hooks.spark_submit.SparkSubmitHook"}
{"timestamp":"2025-08-24T03:18:31.599487","level":"info","event":"25/08/24 03:18:31 INFO SparkContext: Created broadcast 2 from csv at NativeMethodAccessorImpl.java:0","logger":"airflow.task.hooks.airflow.providers.apache.spark.hooks.spark_submit.SparkSubmitHook"}
{"timestamp":"2025-08-24T03:18:31.600673","level":"info","event":"25/08/24 03:18:31 INFO FileSourceScanExec: Planning scan with bin packing, max size: 4194304 bytes, open cost is considered as scanning 4194304 bytes.","logger":"airflow.task.hooks.airflow.providers.apache.spark.hooks.spark_submit.SparkSubmitHook"}
{"timestamp":"2025-08-24T03:18:31.680210","level":"info","event":"25/08/24 03:18:31 INFO FileSourceStrategy: Pushed Filters:","logger":"airflow.task.hooks.airflow.providers.apache.spark.hooks.spark_submit.SparkSubmitHook"}
{"timestamp":"2025-08-24T03:18:31.680431","level":"info","event":"25/08/24 03:18:31 INFO FileSourceStrategy: Post-Scan Filters:","logger":"airflow.task.hooks.airflow.providers.apache.spark.hooks.spark_submit.SparkSubmitHook"}
{"timestamp":"2025-08-24T03:18:31.743004","level":"info","event":"25/08/24 03:18:31 INFO CodeGenerator: Code generated in 26.579366 ms","logger":"airflow.task.hooks.airflow.providers.apache.spark.hooks.spark_submit.SparkSubmitHook"}
{"timestamp":"2025-08-24T03:18:31.745915","level":"info","event":"25/08/24 03:18:31 INFO MemoryStore: Block broadcast_3 stored as values in memory (estimated size 199.4 KiB, free 433.7 MiB)","logger":"airflow.task.hooks.airflow.providers.apache.spark.hooks.spark_submit.SparkSubmitHook"}
{"timestamp":"2025-08-24T03:18:31.752294","level":"info","event":"25/08/24 03:18:31 INFO MemoryStore: Block broadcast_3_piece0 stored as bytes in memory (estimated size 34.2 KiB, free 433.7 MiB)","logger":"airflow.task.hooks.airflow.providers.apache.spark.hooks.spark_submit.SparkSubmitHook"}
{"timestamp":"2025-08-24T03:18:31.753266","level":"info","event":"25/08/24 03:18:31 INFO BlockManagerInfo: Added broadcast_3_piece0 in memory on 66ff3891c557:34379 (size: 34.2 KiB, free: 434.3 MiB)","logger":"airflow.task.hooks.airflow.providers.apache.spark.hooks.spark_submit.SparkSubmitHook"}
{"timestamp":"2025-08-24T03:18:31.753907","level":"info","event":"25/08/24 03:18:31 INFO SparkContext: Created broadcast 3 from showString at NativeMethodAccessorImpl.java:0","logger":"airflow.task.hooks.airflow.providers.apache.spark.hooks.spark_submit.SparkSubmitHook"}
{"timestamp":"2025-08-24T03:18:31.762443","level":"info","event":"25/08/24 03:18:31 INFO FileSourceScanExec: Planning scan with bin packing, max size: 4194304 bytes, open cost is considered as scanning 4194304 bytes.","logger":"airflow.task.hooks.airflow.providers.apache.spark.hooks.spark_submit.SparkSubmitHook"}
{"timestamp":"2025-08-24T03:18:31.773547","level":"info","event":"25/08/24 03:18:31 INFO SparkContext: Starting job: showString at NativeMethodAccessorImpl.java:0","logger":"airflow.task.hooks.airflow.providers.apache.spark.hooks.spark_submit.SparkSubmitHook"}
{"timestamp":"2025-08-24T03:18:31.774433","level":"info","event":"25/08/24 03:18:31 INFO DAGScheduler: Got job 1 (showString at NativeMethodAccessorImpl.java:0) with 1 output partitions","logger":"airflow.task.hooks.airflow.providers.apache.spark.hooks.spark_submit.SparkSubmitHook"}
{"timestamp":"2025-08-24T03:18:31.774524","level":"info","event":"25/08/24 03:18:31 INFO DAGScheduler: Final stage: ResultStage 1 (showString at NativeMethodAccessorImpl.java:0)","logger":"airflow.task.hooks.airflow.providers.apache.spark.hooks.spark_submit.SparkSubmitHook"}
{"timestamp":"2025-08-24T03:18:31.774559","level":"info","event":"25/08/24 03:18:31 INFO DAGScheduler: Parents of final stage: List()","logger":"airflow.task.hooks.airflow.providers.apache.spark.hooks.spark_submit.SparkSubmitHook"}
{"timestamp":"2025-08-24T03:18:31.774697","level":"info","event":"25/08/24 03:18:31 INFO DAGScheduler: Missing parents: List()","logger":"airflow.task.hooks.airflow.providers.apache.spark.hooks.spark_submit.SparkSubmitHook"}
{"timestamp":"2025-08-24T03:18:31.775087","level":"info","event":"25/08/24 03:18:31 INFO DAGScheduler: Submitting ResultStage 1 (MapPartitionsRDD[13] at showString at NativeMethodAccessorImpl.java:0), which has no missing parents","logger":"airflow.task.hooks.airflow.providers.apache.spark.hooks.spark_submit.SparkSubmitHook"}
{"timestamp":"2025-08-24T03:18:31.778814","level":"info","event":"25/08/24 03:18:31 INFO MemoryStore: Block broadcast_4 stored as values in memory (estimated size 23.6 KiB, free 433.7 MiB)","logger":"airflow.task.hooks.airflow.providers.apache.spark.hooks.spark_submit.SparkSubmitHook"}
{"timestamp":"2025-08-24T03:18:31.780003","level":"info","event":"25/08/24 03:18:31 INFO MemoryStore: Block broadcast_4_piece0 stored as bytes in memory (estimated size 9.1 KiB, free 433.7 MiB)","logger":"airflow.task.hooks.airflow.providers.apache.spark.hooks.spark_submit.SparkSubmitHook"}
{"timestamp":"2025-08-24T03:18:31.780727","level":"info","event":"25/08/24 03:18:31 INFO BlockManagerInfo: Added broadcast_4_piece0 in memory on 66ff3891c557:34379 (size: 9.1 KiB, free: 434.3 MiB)","logger":"airflow.task.hooks.airflow.providers.apache.spark.hooks.spark_submit.SparkSubmitHook"}
{"timestamp":"2025-08-24T03:18:31.781400","level":"info","event":"25/08/24 03:18:31 INFO SparkContext: Created broadcast 4 from broadcast at DAGScheduler.scala:1585","logger":"airflow.task.hooks.airflow.providers.apache.spark.hooks.spark_submit.SparkSubmitHook"}
{"timestamp":"2025-08-24T03:18:31.782493","level":"info","event":"25/08/24 03:18:31 INFO DAGScheduler: Submitting 1 missing tasks from ResultStage 1 (MapPartitionsRDD[13] at showString at NativeMethodAccessorImpl.java:0) (first 15 tasks are for partitions Vector(0))","logger":"airflow.task.hooks.airflow.providers.apache.spark.hooks.spark_submit.SparkSubmitHook"}
{"timestamp":"2025-08-24T03:18:31.782570","level":"info","event":"25/08/24 03:18:31 INFO TaskSchedulerImpl: Adding task set 1.0 with 1 tasks resource profile 0","logger":"airflow.task.hooks.airflow.providers.apache.spark.hooks.spark_submit.SparkSubmitHook"}
{"timestamp":"2025-08-24T03:18:31.783772","level":"info","event":"25/08/24 03:18:31 INFO TaskSetManager: Starting task 0.0 in stage 1.0 (TID 1) (172.18.0.11, executor 0, partition 0, ANY, 9638 bytes)","logger":"airflow.task.hooks.airflow.providers.apache.spark.hooks.spark_submit.SparkSubmitHook"}
{"timestamp":"2025-08-24T03:18:31.801098","level":"info","event":"25/08/24 03:18:31 INFO BlockManagerInfo: Added broadcast_4_piece0 in memory on 172.18.0.11:41267 (size: 9.1 KiB, free: 434.4 MiB)","logger":"airflow.task.hooks.airflow.providers.apache.spark.hooks.spark_submit.SparkSubmitHook"}
{"timestamp":"2025-08-24T03:18:31.883862","level":"info","event":"25/08/24 03:18:31 INFO BlockManagerInfo: Added broadcast_3_piece0 in memory on 172.18.0.11:41267 (size: 34.2 KiB, free: 434.3 MiB)","logger":"airflow.task.hooks.airflow.providers.apache.spark.hooks.spark_submit.SparkSubmitHook"}
{"timestamp":"2025-08-24T03:18:32.192961","level":"info","event":"25/08/24 03:18:32 INFO TaskSetManager: Finished task 0.0 in stage 1.0 (TID 1) in 409 ms on 172.18.0.11 (executor 0) (1/1)","logger":"airflow.task.hooks.airflow.providers.apache.spark.hooks.spark_submit.SparkSubmitHook"}
{"timestamp":"2025-08-24T03:18:32.193064","level":"info","event":"25/08/24 03:18:32 INFO TaskSchedulerImpl: Removed TaskSet 1.0, whose tasks have all completed, from pool","logger":"airflow.task.hooks.airflow.providers.apache.spark.hooks.spark_submit.SparkSubmitHook"}
{"timestamp":"2025-08-24T03:18:32.194075","level":"info","event":"25/08/24 03:18:32 INFO DAGScheduler: ResultStage 1 (showString at NativeMethodAccessorImpl.java:0) finished in 0.417 s","logger":"airflow.task.hooks.airflow.providers.apache.spark.hooks.spark_submit.SparkSubmitHook"}
{"timestamp":"2025-08-24T03:18:32.194274","level":"info","event":"25/08/24 03:18:32 INFO DAGScheduler: Job 1 is finished. Cancelling potential speculative or zombie tasks for this job","logger":"airflow.task.hooks.airflow.providers.apache.spark.hooks.spark_submit.SparkSubmitHook"}
{"timestamp":"2025-08-24T03:18:32.194338","level":"info","event":"25/08/24 03:18:32 INFO TaskSchedulerImpl: Killing all running tasks in stage 1: Stage finished","logger":"airflow.task.hooks.airflow.providers.apache.spark.hooks.spark_submit.SparkSubmitHook"}
{"timestamp":"2025-08-24T03:18:32.194630","level":"info","event":"25/08/24 03:18:32 INFO DAGScheduler: Job 1 finished: showString at NativeMethodAccessorImpl.java:0, took 0.420908 s","logger":"airflow.task.hooks.airflow.providers.apache.spark.hooks.spark_submit.SparkSubmitHook"}
{"timestamp":"2025-08-24T03:18:32.223238","level":"info","event":"25/08/24 03:18:32 INFO CodeGenerator: Code generated in 20.279435 ms","logger":"airflow.task.hooks.airflow.providers.apache.spark.hooks.spark_submit.SparkSubmitHook"}
{"timestamp":"2025-08-24T03:18:32.232898","level":"info","event":"+--------------------+--------------------+--------------------+--------------------+--------------------+------------------+------+-------+--------------+--------------------+-------+--------------------+--------+--------------------+-----------+------------+------------+------------+--------------------+","logger":"airflow.task.hooks.airflow.providers.apache.spark.hooks.spark_submit.SparkSubmitHook"}
{"timestamp":"2025-08-24T03:18:32.233001","level":"info","event":"|                  id|                 url|               media|               score|               title|            author|edited|is_self|       over_18|             preview|spoiler|            selftext|stickied|           permalink|  subreddit| created_utc|num_comments|upvote_ratio|     link_flair_text|","logger":"airflow.task.hooks.airflow.providers.apache.spark.hooks.spark_submit.SparkSubmitHook"}
{"timestamp":"2025-08-24T03:18:32.233038","level":"info","event":"+--------------------+--------------------+--------------------+--------------------+--------------------+------------------+------+-------+--------------+--------------------+-------+--------------------+--------+--------------------+-----------+------------+------------+------------+--------------------+","logger":"airflow.task.hooks.airflow.providers.apache.spark.hooks.spark_submit.SparkSubmitHook"}
{"timestamp":"2025-08-24T03:18:32.233064","level":"info","event":"|             1my9da0|https://www.reddi...|                NULL|                   1|Performance On Lo...|     NoN-Stop-Dank| False|   True|         False|                NULL|  False|\"I saw on a Moxsy...|    NULL|                NULL|       NULL|        NULL|        NULL|        NULL|                NULL|","logger":"airflow.task.hooks.airflow.providers.apache.spark.hooks.spark_submit.SparkSubmitHook"}
{"timestamp":"2025-08-24T03:18:32.233089","level":"info","event":"|I have a 2070 Sup...| but DICE probabl...|               False|/r/Borderlands4/c...|        Borderlands4|      1755974370.0|     1|    1.0|❔ [ Question ]|                NULL|   NULL|                NULL|    NULL|                NULL|       NULL|        NULL|        NULL|        NULL|                NULL|","logger":"airflow.task.hooks.airflow.providers.apache.spark.hooks.spark_submit.SparkSubmitHook"}
{"timestamp":"2025-08-24T03:18:32.233118","level":"info","event":"|             1my99bb|https://i.redd.it...|                NULL|                   1|Just warming up f...|SoggyBlueberry9440| False|  False|         False|{'images': [{'id'...|  False|37-8, decent scor...|   False|/r/Battlefield/co...|Battlefield|1755974112.0|           1|        0.99|       Battlefield 6|","logger":"airflow.task.hooks.airflow.providers.apache.spark.hooks.spark_submit.SparkSubmitHook"}
{"timestamp":"2025-08-24T03:18:32.233149","level":"info","event":"|             1my8yul|https://v.redd.it...|{'reddit_video': ...|                   0|[BF6] Sniping is ...|         exquicity| False|  False|         False|{'images': [{'id'...|  False|Who else excited ...|   False|/r/Battlefield/co...|Battlefield|1755973420.0|           1|         0.5|🪖Only In Battlef...|","logger":"airflow.task.hooks.airflow.providers.apache.spark.hooks.spark_submit.SparkSubmitHook"}
{"timestamp":"2025-08-24T03:18:32.233173","level":"info","event":"|             1my8xdn|https://www.reddi...|                NULL|                   2|My buddy and I ar...|      paper_plains| False|   True|         False|                NULL|  False|As the title stat...|   False|/r/Battlefield/co...|Battlefield|1755973327.0|           2|         1.0|    Battlefield 2042|","logger":"airflow.task.hooks.airflow.providers.apache.spark.hooks.spark_submit.SparkSubmitHook"}
{"timestamp":"2025-08-24T03:18:32.233194","level":"info","event":"|             1my8n0i|https://i.redd.it...|                NULL|                   3|On a serious note...|  Temporary-Ad8735| False|  False|         False|{'images': [{'id'...|  False|                NULL|   False|/r/Battlefield/co...|Battlefield|1755972652.0|          61|        0.59|       Battlefield 6|","logger":"airflow.task.hooks.airflow.providers.apache.spark.hooks.spark_submit.SparkSubmitHook"}
{"timestamp":"2025-08-24T03:18:32.233214","level":"info","event":"|             1my8kp6|https://www.reddi...|                NULL|                   1|Console players, ...|        Playwithuh| False|   True|         False|                NULL|  False|I have been playi...|    NULL|                NULL|       NULL|        NULL|        NULL|        NULL|                NULL|","logger":"airflow.task.hooks.airflow.providers.apache.spark.hooks.spark_submit.SparkSubmitHook"}
{"timestamp":"2025-08-24T03:18:32.233233","level":"info","event":"|I have been absol...| got rolled a ton...| operations I had...|                NULL|                NULL|              NULL|  NULL|   NULL|          NULL|                NULL|   NULL|                NULL|    NULL|                NULL|       NULL|        NULL|        NULL|        NULL|                NULL|","logger":"airflow.task.hooks.airflow.providers.apache.spark.hooks.spark_submit.SparkSubmitHook"}
{"timestamp":"2025-08-24T03:18:32.233252","level":"info","event":"|     After some time| I got the hang o...|       playing recon|      flanking enemy| setting up strat...|              NULL|  NULL|   NULL|          NULL|                NULL|   NULL|                NULL|    NULL|                NULL|       NULL|        NULL|        NULL|        NULL|                NULL|","logger":"airflow.task.hooks.airflow.providers.apache.spark.hooks.spark_submit.SparkSubmitHook"}
{"timestamp":"2025-08-24T03:18:32.233271","level":"info","event":"|         Safe to say| I'll continue pl...| glad it came to ...| most have that m...| other than strai...|              NULL|  NULL|   NULL|          NULL|                NULL|   NULL|                NULL|    NULL|                NULL|       NULL|        NULL|        NULL|        NULL|                NULL|","logger":"airflow.task.hooks.airflow.providers.apache.spark.hooks.spark_submit.SparkSubmitHook"}
{"timestamp":"2025-08-24T03:18:32.233290","level":"info","event":"+--------------------+--------------------+--------------------+--------------------+--------------------+------------------+------+-------+--------------+--------------------+-------+--------------------+--------+--------------------+-----------+------------+------------+------------+--------------------+","logger":"airflow.task.hooks.airflow.providers.apache.spark.hooks.spark_submit.SparkSubmitHook"}
{"timestamp":"2025-08-24T03:18:32.233308","level":"info","event":"only showing top 10 rows","logger":"airflow.task.hooks.airflow.providers.apache.spark.hooks.spark_submit.SparkSubmitHook"}
{"timestamp":"2025-08-24T03:18:32.233330","level":"info","event":"","logger":"airflow.task.hooks.airflow.providers.apache.spark.hooks.spark_submit.SparkSubmitHook"}
{"timestamp":"2025-08-24T03:18:32.233358","level":"info","event":"25/08/24 03:18:32 INFO SparkContext: SparkContext is stopping with exitCode 0.","logger":"airflow.task.hooks.airflow.providers.apache.spark.hooks.spark_submit.SparkSubmitHook"}
{"timestamp":"2025-08-24T03:18:32.241262","level":"info","event":"25/08/24 03:18:32 INFO SparkUI: Stopped Spark web UI at http://66ff3891c557:4040","logger":"airflow.task.hooks.airflow.providers.apache.spark.hooks.spark_submit.SparkSubmitHook"}
{"timestamp":"2025-08-24T03:18:32.243307","level":"info","event":"25/08/24 03:18:32 INFO StandaloneSchedulerBackend: Shutting down all executors","logger":"airflow.task.hooks.airflow.providers.apache.spark.hooks.spark_submit.SparkSubmitHook"}
{"timestamp":"2025-08-24T03:18:32.243795","level":"info","event":"25/08/24 03:18:32 INFO StandaloneSchedulerBackend$StandaloneDriverEndpoint: Asking each executor to shut down","logger":"airflow.task.hooks.airflow.providers.apache.spark.hooks.spark_submit.SparkSubmitHook"}
{"timestamp":"2025-08-24T03:18:32.253627","level":"info","event":"25/08/24 03:18:32 INFO MapOutputTrackerMasterEndpoint: MapOutputTrackerMasterEndpoint stopped!","logger":"airflow.task.hooks.airflow.providers.apache.spark.hooks.spark_submit.SparkSubmitHook"}
{"timestamp":"2025-08-24T03:18:32.264611","level":"info","event":"25/08/24 03:18:32 INFO MemoryStore: MemoryStore cleared","logger":"airflow.task.hooks.airflow.providers.apache.spark.hooks.spark_submit.SparkSubmitHook"}
{"timestamp":"2025-08-24T03:18:32.264899","level":"info","event":"25/08/24 03:18:32 INFO BlockManager: BlockManager stopped","logger":"airflow.task.hooks.airflow.providers.apache.spark.hooks.spark_submit.SparkSubmitHook"}
{"timestamp":"2025-08-24T03:18:32.268882","level":"info","event":"25/08/24 03:18:32 INFO BlockManagerMaster: BlockManagerMaster stopped","logger":"airflow.task.hooks.airflow.providers.apache.spark.hooks.spark_submit.SparkSubmitHook"}
{"timestamp":"2025-08-24T03:18:32.270513","level":"info","event":"25/08/24 03:18:32 INFO OutputCommitCoordinator$OutputCommitCoordinatorEndpoint: OutputCommitCoordinator stopped!","logger":"airflow.task.hooks.airflow.providers.apache.spark.hooks.spark_submit.SparkSubmitHook"}
{"timestamp":"2025-08-24T03:18:32.278455","level":"info","event":"25/08/24 03:18:32 INFO SparkContext: Successfully stopped SparkContext","logger":"airflow.task.hooks.airflow.providers.apache.spark.hooks.spark_submit.SparkSubmitHook"}
{"timestamp":"2025-08-24T03:18:32.790397","level":"info","event":"25/08/24 03:18:32 INFO ShutdownHookManager: Shutdown hook called","logger":"airflow.task.hooks.airflow.providers.apache.spark.hooks.spark_submit.SparkSubmitHook"}
{"timestamp":"2025-08-24T03:18:32.790726","level":"info","event":"25/08/24 03:18:32 INFO ShutdownHookManager: Deleting directory /tmp/spark-ab87596a-2fba-4b12-8ebc-672bea786253/pyspark-7a2832a7-dcd7-47a9-9ac5-86289146d39f","logger":"airflow.task.hooks.airflow.providers.apache.spark.hooks.spark_submit.SparkSubmitHook"}
{"timestamp":"2025-08-24T03:18:32.793618","level":"info","event":"25/08/24 03:18:32 INFO ShutdownHookManager: Deleting directory /tmp/spark-ab87596a-2fba-4b12-8ebc-672bea786253","logger":"airflow.task.hooks.airflow.providers.apache.spark.hooks.spark_submit.SparkSubmitHook"}
{"timestamp":"2025-08-24T03:18:32.797088","level":"info","event":"25/08/24 03:18:32 INFO ShutdownHookManager: Deleting directory /tmp/spark-14d2283a-7011-47f2-8624-83df931c4571","logger":"airflow.task.hooks.airflow.providers.apache.spark.hooks.spark_submit.SparkSubmitHook"}
