[2025-08-08T02:27:01.679+0000] {local_task_job_runner.py:120} INFO - ::group::Pre task execution logs
[2025-08-08T02:27:01.703+0000] {taskinstance.py:2076} INFO - Dependencies all met for dep_context=non-requeueable deps ti=<TaskInstance: climate_data.create_folder scheduled__2025-03-17T00:00:00+00:00 [queued]>
[2025-08-08T02:27:01.712+0000] {taskinstance.py:2076} INFO - Dependencies all met for dep_context=requeueable deps ti=<TaskInstance: climate_data.create_folder scheduled__2025-03-17T00:00:00+00:00 [queued]>
[2025-08-08T02:27:01.713+0000] {taskinstance.py:2306} INFO - Starting attempt 1 of 1
[2025-08-08T02:27:01.728+0000] {taskinstance.py:2330} INFO - Executing <Task(BashOperator): create_folder> on 2025-03-17 00:00:00+00:00
[2025-08-08T02:27:01.732+0000] {standard_task_runner.py:63} INFO - Started process 772 to run task
[2025-08-08T02:27:01.735+0000] {standard_task_runner.py:90} INFO - Running: ['***', 'tasks', 'run', 'climate_data', 'create_folder', 'scheduled__2025-03-17T00:00:00+00:00', '--job-id', '163', '--raw', '--subdir', 'DAGS_FOLDER/climate_data.py', '--cfg-path', '/tmp/tmpef69njgc']
[2025-08-08T02:27:01.737+0000] {standard_task_runner.py:91} INFO - Job 163: Subtask create_folder
[2025-08-08T02:27:01.752+0000] {logging_mixin.py:188} WARNING - /home/***/.local/lib/python3.9/site-packages/***/settings.py:195 DeprecationWarning: The sql_alchemy_conn option in [core] has been moved to the sql_alchemy_conn option in [database] - the old setting has been used, but please update your config.
[2025-08-08T02:27:01.802+0000] {task_command.py:426} INFO - Running <TaskInstance: climate_data.create_folder scheduled__2025-03-17T00:00:00+00:00 [running]> on host 3ceab82043f1
[2025-08-08T02:27:01.870+0000] {taskinstance.py:2648} INFO - Exporting env vars: AIRFLOW_CTX_DAG_OWNER='***' AIRFLOW_CTX_DAG_ID='climate_data' AIRFLOW_CTX_TASK_ID='create_folder' AIRFLOW_CTX_EXECUTION_DATE='2025-03-17T00:00:00+00:00' AIRFLOW_CTX_TRY_NUMBER='1' AIRFLOW_CTX_DAG_RUN_ID='scheduled__2025-03-17T00:00:00+00:00'
[2025-08-08T02:27:01.871+0000] {taskinstance.py:430} INFO - ::endgroup::
[2025-08-08T02:27:01.879+0000] {subprocess.py:63} INFO - Tmp dir root location: /tmp
[2025-08-08T02:27:01.880+0000] {subprocess.py:75} INFO - Running command: ['/usr/bin/bash', '-c', 'mkdir -p /home/***/host_documents/week2025-03-24"']
[2025-08-08T02:27:01.888+0000] {subprocess.py:86} INFO - Output:
[2025-08-08T02:27:01.889+0000] {subprocess.py:93} INFO - /usr/bin/bash: -c: line 1: unexpected EOF while looking for matching `"'
[2025-08-08T02:27:01.889+0000] {subprocess.py:97} INFO - Command exited with return code 2
[2025-08-08T02:27:01.890+0000] {taskinstance.py:441} INFO - ::group::Post task execution logs
[2025-08-08T02:27:01.899+0000] {taskinstance.py:2905} ERROR - Task failed with exception
Traceback (most recent call last):
  File "/home/airflow/.local/lib/python3.9/site-packages/airflow/models/taskinstance.py", line 465, in _execute_task
    result = _execute_callable(context=context, **execute_callable_kwargs)
  File "/home/airflow/.local/lib/python3.9/site-packages/airflow/models/taskinstance.py", line 432, in _execute_callable
    return execute_callable(context=context, **execute_callable_kwargs)
  File "/home/airflow/.local/lib/python3.9/site-packages/airflow/models/baseoperator.py", line 400, in wrapper
    return func(self, *args, **kwargs)
  File "/home/airflow/.local/lib/python3.9/site-packages/airflow/operators/bash.py", line 243, in execute
    raise AirflowException(
airflow.exceptions.AirflowException: Bash command failed. The command returned a non-zero exit code 2.
[2025-08-08T02:27:01.903+0000] {taskinstance.py:1206} INFO - Marking task as FAILED. dag_id=climate_data, task_id=create_folder, run_id=scheduled__2025-03-17T00:00:00+00:00, execution_date=20250317T000000, start_date=20250808T022701, end_date=20250808T022701
[2025-08-08T02:27:01.916+0000] {standard_task_runner.py:110} ERROR - Failed to execute job 163 for task create_folder (Bash command failed. The command returned a non-zero exit code 2.; 772)
[2025-08-08T02:27:01.948+0000] {local_task_job_runner.py:240} INFO - Task exited with return code 1
[2025-08-08T02:27:01.958+0000] {local_task_job_runner.py:222} INFO - ::endgroup::
[2025-08-08T02:35:22.663+0000] {local_task_job_runner.py:120} INFO - ::group::Pre task execution logs
[2025-08-08T02:35:22.686+0000] {taskinstance.py:2076} INFO - Dependencies all met for dep_context=non-requeueable deps ti=<TaskInstance: climate_data.create_folder scheduled__2025-03-17T00:00:00+00:00 [queued]>
[2025-08-08T02:35:22.695+0000] {taskinstance.py:2076} INFO - Dependencies all met for dep_context=requeueable deps ti=<TaskInstance: climate_data.create_folder scheduled__2025-03-17T00:00:00+00:00 [queued]>
[2025-08-08T02:35:22.696+0000] {taskinstance.py:2306} INFO - Starting attempt 1 of 1
[2025-08-08T02:35:22.736+0000] {taskinstance.py:2330} INFO - Executing <Task(BashOperator): create_folder> on 2025-03-17 00:00:00+00:00
[2025-08-08T02:35:22.740+0000] {standard_task_runner.py:63} INFO - Started process 809 to run task
[2025-08-08T02:35:22.743+0000] {standard_task_runner.py:90} INFO - Running: ['***', 'tasks', 'run', 'climate_data', 'create_folder', 'scheduled__2025-03-17T00:00:00+00:00', '--job-id', '319', '--raw', '--subdir', 'DAGS_FOLDER/climate_data.py', '--cfg-path', '/tmp/tmpn4mzd7wi']
[2025-08-08T02:35:22.746+0000] {standard_task_runner.py:91} INFO - Job 319: Subtask create_folder
[2025-08-08T02:35:22.759+0000] {logging_mixin.py:188} WARNING - /home/***/.local/lib/python3.9/site-packages/***/settings.py:195 DeprecationWarning: The sql_alchemy_conn option in [core] has been moved to the sql_alchemy_conn option in [database] - the old setting has been used, but please update your config.
[2025-08-08T02:35:22.802+0000] {task_command.py:426} INFO - Running <TaskInstance: climate_data.create_folder scheduled__2025-03-17T00:00:00+00:00 [running]> on host 1a6f5acf67f4
[2025-08-08T02:35:22.874+0000] {taskinstance.py:2648} INFO - Exporting env vars: AIRFLOW_CTX_DAG_OWNER='***' AIRFLOW_CTX_DAG_ID='climate_data' AIRFLOW_CTX_TASK_ID='create_folder' AIRFLOW_CTX_EXECUTION_DATE='2025-03-17T00:00:00+00:00' AIRFLOW_CTX_TRY_NUMBER='1' AIRFLOW_CTX_DAG_RUN_ID='scheduled__2025-03-17T00:00:00+00:00'
[2025-08-08T02:35:22.876+0000] {taskinstance.py:430} INFO - ::endgroup::
[2025-08-08T02:35:22.883+0000] {subprocess.py:63} INFO - Tmp dir root location: /tmp
[2025-08-08T02:35:22.884+0000] {subprocess.py:75} INFO - Running command: ['/usr/bin/bash', '-c', 'mkdir -p /home/***/host_documents/week2025-03-24"']
[2025-08-08T02:35:22.894+0000] {subprocess.py:86} INFO - Output:
[2025-08-08T02:35:22.895+0000] {subprocess.py:93} INFO - /usr/bin/bash: -c: line 1: unexpected EOF while looking for matching `"'
[2025-08-08T02:35:22.896+0000] {subprocess.py:97} INFO - Command exited with return code 2
[2025-08-08T02:35:22.896+0000] {taskinstance.py:441} INFO - ::group::Post task execution logs
[2025-08-08T02:35:22.905+0000] {taskinstance.py:2905} ERROR - Task failed with exception
Traceback (most recent call last):
  File "/home/airflow/.local/lib/python3.9/site-packages/airflow/models/taskinstance.py", line 465, in _execute_task
    result = _execute_callable(context=context, **execute_callable_kwargs)
  File "/home/airflow/.local/lib/python3.9/site-packages/airflow/models/taskinstance.py", line 432, in _execute_callable
    return execute_callable(context=context, **execute_callable_kwargs)
  File "/home/airflow/.local/lib/python3.9/site-packages/airflow/models/baseoperator.py", line 400, in wrapper
    return func(self, *args, **kwargs)
  File "/home/airflow/.local/lib/python3.9/site-packages/airflow/operators/bash.py", line 243, in execute
    raise AirflowException(
airflow.exceptions.AirflowException: Bash command failed. The command returned a non-zero exit code 2.
[2025-08-08T02:35:22.908+0000] {taskinstance.py:1206} INFO - Marking task as FAILED. dag_id=climate_data, task_id=create_folder, run_id=scheduled__2025-03-17T00:00:00+00:00, execution_date=20250317T000000, start_date=20250808T023522, end_date=20250808T023522
[2025-08-08T02:35:22.947+0000] {standard_task_runner.py:110} ERROR - Failed to execute job 319 for task create_folder (Bash command failed. The command returned a non-zero exit code 2.; 809)
[2025-08-08T02:35:22.956+0000] {local_task_job_runner.py:240} INFO - Task exited with return code 1
[2025-08-08T02:35:22.972+0000] {taskinstance.py:3498} INFO - 0 downstream tasks scheduled from follow-on schedule check
[2025-08-08T02:35:22.976+0000] {local_task_job_runner.py:222} INFO - ::endgroup::
[2025-08-08T02:39:55.938+0000] {local_task_job_runner.py:120} INFO - ::group::Pre task execution logs
[2025-08-08T02:39:55.960+0000] {taskinstance.py:2076} INFO - Dependencies all met for dep_context=non-requeueable deps ti=<TaskInstance: climate_data.create_folder scheduled__2025-03-17T00:00:00+00:00 [queued]>
[2025-08-08T02:39:55.967+0000] {taskinstance.py:2076} INFO - Dependencies all met for dep_context=requeueable deps ti=<TaskInstance: climate_data.create_folder scheduled__2025-03-17T00:00:00+00:00 [queued]>
[2025-08-08T02:39:55.968+0000] {taskinstance.py:2306} INFO - Starting attempt 1 of 1
[2025-08-08T02:39:56.037+0000] {taskinstance.py:2330} INFO - Executing <Task(BashOperator): create_folder> on 2025-03-17 00:00:00+00:00
[2025-08-08T02:39:56.041+0000] {standard_task_runner.py:63} INFO - Started process 1969 to run task
[2025-08-08T02:39:56.045+0000] {standard_task_runner.py:90} INFO - Running: ['***', 'tasks', 'run', 'climate_data', 'create_folder', 'scheduled__2025-03-17T00:00:00+00:00', '--job-id', '604', '--raw', '--subdir', 'DAGS_FOLDER/climate_data.py', '--cfg-path', '/tmp/tmpaz21srff']
[2025-08-08T02:39:56.047+0000] {standard_task_runner.py:91} INFO - Job 604: Subtask create_folder
[2025-08-08T02:39:56.064+0000] {logging_mixin.py:188} WARNING - /home/***/.local/lib/python3.9/site-packages/***/settings.py:195 DeprecationWarning: The sql_alchemy_conn option in [core] has been moved to the sql_alchemy_conn option in [database] - the old setting has been used, but please update your config.
[2025-08-08T02:39:56.109+0000] {task_command.py:426} INFO - Running <TaskInstance: climate_data.create_folder scheduled__2025-03-17T00:00:00+00:00 [running]> on host 1a6f5acf67f4
[2025-08-08T02:39:56.181+0000] {taskinstance.py:2648} INFO - Exporting env vars: AIRFLOW_CTX_DAG_OWNER='***' AIRFLOW_CTX_DAG_ID='climate_data' AIRFLOW_CTX_TASK_ID='create_folder' AIRFLOW_CTX_EXECUTION_DATE='2025-03-17T00:00:00+00:00' AIRFLOW_CTX_TRY_NUMBER='1' AIRFLOW_CTX_DAG_RUN_ID='scheduled__2025-03-17T00:00:00+00:00'
[2025-08-08T02:39:56.182+0000] {taskinstance.py:430} INFO - ::endgroup::
[2025-08-08T02:39:56.191+0000] {subprocess.py:63} INFO - Tmp dir root location: /tmp
[2025-08-08T02:39:56.192+0000] {subprocess.py:75} INFO - Running command: ['/usr/bin/bash', '-c', 'mkdir -p /home/***/host_documents/week2025-03-24']
[2025-08-08T02:39:56.204+0000] {subprocess.py:86} INFO - Output:
[2025-08-08T02:39:56.209+0000] {subprocess.py:97} INFO - Command exited with return code 0
[2025-08-08T02:39:56.210+0000] {taskinstance.py:441} INFO - ::group::Post task execution logs
[2025-08-08T02:39:56.233+0000] {taskinstance.py:1206} INFO - Marking task as SUCCESS. dag_id=climate_data, task_id=create_folder, run_id=scheduled__2025-03-17T00:00:00+00:00, execution_date=20250317T000000, start_date=20250808T023955, end_date=20250808T023956
[2025-08-08T02:39:56.297+0000] {local_task_job_runner.py:240} INFO - Task exited with return code 0
[2025-08-08T02:39:56.316+0000] {taskinstance.py:3498} INFO - 1 downstream tasks scheduled from follow-on schedule check
[2025-08-08T02:39:56.318+0000] {local_task_job_runner.py:222} INFO - ::endgroup::
[2025-08-08T02:42:55.075+0000] {local_task_job_runner.py:120} INFO - ::group::Pre task execution logs
[2025-08-08T02:42:55.098+0000] {taskinstance.py:2076} INFO - Dependencies all met for dep_context=non-requeueable deps ti=<TaskInstance: climate_data.create_folder scheduled__2025-03-17T00:00:00+00:00 [queued]>
[2025-08-08T02:42:55.107+0000] {taskinstance.py:2076} INFO - Dependencies all met for dep_context=requeueable deps ti=<TaskInstance: climate_data.create_folder scheduled__2025-03-17T00:00:00+00:00 [queued]>
[2025-08-08T02:42:55.107+0000] {taskinstance.py:2306} INFO - Starting attempt 1 of 1
[2025-08-08T02:42:55.141+0000] {taskinstance.py:2330} INFO - Executing <Task(BashOperator): create_folder> on 2025-03-17 00:00:00+00:00
[2025-08-08T02:42:55.145+0000] {standard_task_runner.py:63} INFO - Started process 3138 to run task
[2025-08-08T02:42:55.148+0000] {standard_task_runner.py:90} INFO - Running: ['***', 'tasks', 'run', 'climate_data', 'create_folder', 'scheduled__2025-03-17T00:00:00+00:00', '--job-id', '910', '--raw', '--subdir', 'DAGS_FOLDER/climate_data.py', '--cfg-path', '/tmp/tmpz6gzyxvm']
[2025-08-08T02:42:55.150+0000] {standard_task_runner.py:91} INFO - Job 910: Subtask create_folder
[2025-08-08T02:42:55.166+0000] {logging_mixin.py:188} WARNING - /home/***/.local/lib/python3.9/site-packages/***/settings.py:195 DeprecationWarning: The sql_alchemy_conn option in [core] has been moved to the sql_alchemy_conn option in [database] - the old setting has been used, but please update your config.
[2025-08-08T02:42:55.215+0000] {task_command.py:426} INFO - Running <TaskInstance: climate_data.create_folder scheduled__2025-03-17T00:00:00+00:00 [running]> on host 1a6f5acf67f4
[2025-08-08T02:42:55.286+0000] {taskinstance.py:2648} INFO - Exporting env vars: AIRFLOW_CTX_DAG_OWNER='***' AIRFLOW_CTX_DAG_ID='climate_data' AIRFLOW_CTX_TASK_ID='create_folder' AIRFLOW_CTX_EXECUTION_DATE='2025-03-17T00:00:00+00:00' AIRFLOW_CTX_TRY_NUMBER='1' AIRFLOW_CTX_DAG_RUN_ID='scheduled__2025-03-17T00:00:00+00:00'
[2025-08-08T02:42:55.287+0000] {taskinstance.py:430} INFO - ::endgroup::
[2025-08-08T02:42:55.297+0000] {subprocess.py:63} INFO - Tmp dir root location: /tmp
[2025-08-08T02:42:55.298+0000] {subprocess.py:75} INFO - Running command: ['/usr/bin/bash', '-c', 'mkdir -p "/home/***/host_documents/week2025-03-24"']
[2025-08-08T02:42:55.308+0000] {subprocess.py:86} INFO - Output:
[2025-08-08T02:42:55.315+0000] {subprocess.py:97} INFO - Command exited with return code 0
[2025-08-08T02:42:55.315+0000] {taskinstance.py:441} INFO - ::group::Post task execution logs
[2025-08-08T02:42:55.339+0000] {taskinstance.py:1206} INFO - Marking task as SUCCESS. dag_id=climate_data, task_id=create_folder, run_id=scheduled__2025-03-17T00:00:00+00:00, execution_date=20250317T000000, start_date=20250808T024255, end_date=20250808T024255
[2025-08-08T02:42:55.400+0000] {local_task_job_runner.py:240} INFO - Task exited with return code 0
[2025-08-08T02:42:55.419+0000] {taskinstance.py:3498} INFO - 1 downstream tasks scheduled from follow-on schedule check
[2025-08-08T02:42:55.424+0000] {local_task_job_runner.py:222} INFO - ::endgroup::
