[2025-08-08T02:26:23.030+0000] {local_task_job_runner.py:120} INFO - ::group::Pre task execution logs
[2025-08-08T02:26:23.051+0000] {taskinstance.py:2076} INFO - Dependencies all met for dep_context=non-requeueable deps ti=<TaskInstance: climate_data.create_folder scheduled__2022-11-07T00:00:00+00:00 [queued]>
[2025-08-08T02:26:23.059+0000] {taskinstance.py:2076} INFO - Dependencies all met for dep_context=requeueable deps ti=<TaskInstance: climate_data.create_folder scheduled__2022-11-07T00:00:00+00:00 [queued]>
[2025-08-08T02:26:23.060+0000] {taskinstance.py:2306} INFO - Starting attempt 1 of 1
[2025-08-08T02:26:23.071+0000] {taskinstance.py:2330} INFO - Executing <Task(BashOperator): create_folder> on 2022-11-07 00:00:00+00:00
[2025-08-08T02:26:23.075+0000] {standard_task_runner.py:63} INFO - Started process 270 to run task
[2025-08-08T02:26:23.078+0000] {standard_task_runner.py:90} INFO - Running: ['***', 'tasks', 'run', 'climate_data', 'create_folder', 'scheduled__2022-11-07T00:00:00+00:00', '--job-id', '40', '--raw', '--subdir', 'DAGS_FOLDER/climate_data.py', '--cfg-path', '/tmp/tmphrn2au_e']
[2025-08-08T02:26:23.080+0000] {standard_task_runner.py:91} INFO - Job 40: Subtask create_folder
[2025-08-08T02:26:23.095+0000] {logging_mixin.py:188} WARNING - /home/***/.local/lib/python3.9/site-packages/***/settings.py:195 DeprecationWarning: The sql_alchemy_conn option in [core] has been moved to the sql_alchemy_conn option in [database] - the old setting has been used, but please update your config.
[2025-08-08T02:26:23.152+0000] {task_command.py:426} INFO - Running <TaskInstance: climate_data.create_folder scheduled__2022-11-07T00:00:00+00:00 [running]> on host 3ceab82043f1
[2025-08-08T02:26:23.237+0000] {taskinstance.py:2648} INFO - Exporting env vars: AIRFLOW_CTX_DAG_OWNER='***' AIRFLOW_CTX_DAG_ID='climate_data' AIRFLOW_CTX_TASK_ID='create_folder' AIRFLOW_CTX_EXECUTION_DATE='2022-11-07T00:00:00+00:00' AIRFLOW_CTX_TRY_NUMBER='1' AIRFLOW_CTX_DAG_RUN_ID='scheduled__2022-11-07T00:00:00+00:00'
[2025-08-08T02:26:23.238+0000] {taskinstance.py:430} INFO - ::endgroup::
[2025-08-08T02:26:23.248+0000] {subprocess.py:63} INFO - Tmp dir root location: /tmp
[2025-08-08T02:26:23.249+0000] {subprocess.py:75} INFO - Running command: ['/usr/bin/bash', '-c', 'mkdir -p /home/***/host_documents/week2022-11-14"']
[2025-08-08T02:26:23.258+0000] {subprocess.py:86} INFO - Output:
[2025-08-08T02:26:23.259+0000] {subprocess.py:93} INFO - /usr/bin/bash: -c: line 1: unexpected EOF while looking for matching `"'
[2025-08-08T02:26:23.260+0000] {subprocess.py:97} INFO - Command exited with return code 2
[2025-08-08T02:26:23.261+0000] {taskinstance.py:441} INFO - ::group::Post task execution logs
[2025-08-08T02:26:23.271+0000] {taskinstance.py:2905} ERROR - Task failed with exception
Traceback (most recent call last):
  File "/home/airflow/.local/lib/python3.9/site-packages/airflow/models/taskinstance.py", line 465, in _execute_task
    result = _execute_callable(context=context, **execute_callable_kwargs)
  File "/home/airflow/.local/lib/python3.9/site-packages/airflow/models/taskinstance.py", line 432, in _execute_callable
    return execute_callable(context=context, **execute_callable_kwargs)
  File "/home/airflow/.local/lib/python3.9/site-packages/airflow/models/baseoperator.py", line 400, in wrapper
    return func(self, *args, **kwargs)
  File "/home/airflow/.local/lib/python3.9/site-packages/airflow/operators/bash.py", line 243, in execute
    raise AirflowException(
airflow.exceptions.AirflowException: Bash command failed. The command returned a non-zero exit code 2.
[2025-08-08T02:26:23.276+0000] {taskinstance.py:1206} INFO - Marking task as FAILED. dag_id=climate_data, task_id=create_folder, run_id=scheduled__2022-11-07T00:00:00+00:00, execution_date=20221107T000000, start_date=20250808T022623, end_date=20250808T022623
[2025-08-08T02:26:23.290+0000] {standard_task_runner.py:110} ERROR - Failed to execute job 40 for task create_folder (Bash command failed. The command returned a non-zero exit code 2.; 270)
[2025-08-08T02:26:23.331+0000] {local_task_job_runner.py:240} INFO - Task exited with return code 1
[2025-08-08T02:26:23.341+0000] {local_task_job_runner.py:222} INFO - ::endgroup::
[2025-08-08T02:34:38.396+0000] {local_task_job_runner.py:120} INFO - ::group::Pre task execution logs
[2025-08-08T02:34:38.414+0000] {taskinstance.py:2076} INFO - Dependencies all met for dep_context=non-requeueable deps ti=<TaskInstance: climate_data.create_folder scheduled__2022-11-07T00:00:00+00:00 [queued]>
[2025-08-08T02:34:38.420+0000] {taskinstance.py:2076} INFO - Dependencies all met for dep_context=requeueable deps ti=<TaskInstance: climate_data.create_folder scheduled__2022-11-07T00:00:00+00:00 [queued]>
[2025-08-08T02:34:38.420+0000] {taskinstance.py:2306} INFO - Starting attempt 1 of 1
[2025-08-08T02:34:38.428+0000] {taskinstance.py:2330} INFO - Executing <Task(BashOperator): create_folder> on 2022-11-07 00:00:00+00:00
[2025-08-08T02:34:38.432+0000] {standard_task_runner.py:63} INFO - Started process 289 to run task
[2025-08-08T02:34:38.434+0000] {standard_task_runner.py:90} INFO - Running: ['***', 'tasks', 'run', 'climate_data', 'create_folder', 'scheduled__2022-11-07T00:00:00+00:00', '--job-id', '195', '--raw', '--subdir', 'DAGS_FOLDER/climate_data.py', '--cfg-path', '/tmp/tmpcj4_o10m']
[2025-08-08T02:34:38.436+0000] {standard_task_runner.py:91} INFO - Job 195: Subtask create_folder
[2025-08-08T02:34:38.446+0000] {logging_mixin.py:188} WARNING - /home/***/.local/lib/python3.9/site-packages/***/settings.py:195 DeprecationWarning: The sql_alchemy_conn option in [core] has been moved to the sql_alchemy_conn option in [database] - the old setting has been used, but please update your config.
[2025-08-08T02:34:38.481+0000] {task_command.py:426} INFO - Running <TaskInstance: climate_data.create_folder scheduled__2022-11-07T00:00:00+00:00 [running]> on host 1a6f5acf67f4
[2025-08-08T02:34:38.534+0000] {taskinstance.py:2648} INFO - Exporting env vars: AIRFLOW_CTX_DAG_OWNER='***' AIRFLOW_CTX_DAG_ID='climate_data' AIRFLOW_CTX_TASK_ID='create_folder' AIRFLOW_CTX_EXECUTION_DATE='2022-11-07T00:00:00+00:00' AIRFLOW_CTX_TRY_NUMBER='1' AIRFLOW_CTX_DAG_RUN_ID='scheduled__2022-11-07T00:00:00+00:00'
[2025-08-08T02:34:38.535+0000] {taskinstance.py:430} INFO - ::endgroup::
[2025-08-08T02:34:38.542+0000] {subprocess.py:63} INFO - Tmp dir root location: /tmp
[2025-08-08T02:34:38.543+0000] {subprocess.py:75} INFO - Running command: ['/usr/bin/bash', '-c', 'mkdir -p /home/***/host_documents/week2022-11-14"']
[2025-08-08T02:34:38.550+0000] {subprocess.py:86} INFO - Output:
[2025-08-08T02:34:38.551+0000] {subprocess.py:93} INFO - /usr/bin/bash: -c: line 1: unexpected EOF while looking for matching `"'
[2025-08-08T02:34:38.551+0000] {subprocess.py:97} INFO - Command exited with return code 2
[2025-08-08T02:34:38.552+0000] {taskinstance.py:441} INFO - ::group::Post task execution logs
[2025-08-08T02:34:38.559+0000] {taskinstance.py:2905} ERROR - Task failed with exception
Traceback (most recent call last):
  File "/home/airflow/.local/lib/python3.9/site-packages/airflow/models/taskinstance.py", line 465, in _execute_task
    result = _execute_callable(context=context, **execute_callable_kwargs)
  File "/home/airflow/.local/lib/python3.9/site-packages/airflow/models/taskinstance.py", line 432, in _execute_callable
    return execute_callable(context=context, **execute_callable_kwargs)
  File "/home/airflow/.local/lib/python3.9/site-packages/airflow/models/baseoperator.py", line 400, in wrapper
    return func(self, *args, **kwargs)
  File "/home/airflow/.local/lib/python3.9/site-packages/airflow/operators/bash.py", line 243, in execute
    raise AirflowException(
airflow.exceptions.AirflowException: Bash command failed. The command returned a non-zero exit code 2.
[2025-08-08T02:34:38.561+0000] {taskinstance.py:1206} INFO - Marking task as FAILED. dag_id=climate_data, task_id=create_folder, run_id=scheduled__2022-11-07T00:00:00+00:00, execution_date=20221107T000000, start_date=20250808T023438, end_date=20250808T023438
[2025-08-08T02:34:38.568+0000] {standard_task_runner.py:110} ERROR - Failed to execute job 195 for task create_folder (Bash command failed. The command returned a non-zero exit code 2.; 289)
[2025-08-08T02:34:38.606+0000] {local_task_job_runner.py:240} INFO - Task exited with return code 1
[2025-08-08T02:34:38.620+0000] {taskinstance.py:3498} INFO - 0 downstream tasks scheduled from follow-on schedule check
[2025-08-08T02:34:38.623+0000] {local_task_job_runner.py:222} INFO - ::endgroup::
[2025-08-08T02:39:14.033+0000] {local_task_job_runner.py:120} INFO - ::group::Pre task execution logs
[2025-08-08T02:39:14.064+0000] {taskinstance.py:2076} INFO - Dependencies all met for dep_context=non-requeueable deps ti=<TaskInstance: climate_data.create_folder scheduled__2022-11-07T00:00:00+00:00 [queued]>
[2025-08-08T02:39:14.075+0000] {taskinstance.py:2076} INFO - Dependencies all met for dep_context=requeueable deps ti=<TaskInstance: climate_data.create_folder scheduled__2022-11-07T00:00:00+00:00 [queued]>
[2025-08-08T02:39:14.076+0000] {taskinstance.py:2306} INFO - Starting attempt 1 of 1
[2025-08-08T02:39:14.090+0000] {taskinstance.py:2330} INFO - Executing <Task(BashOperator): create_folder> on 2022-11-07 00:00:00+00:00
[2025-08-08T02:39:14.097+0000] {standard_task_runner.py:63} INFO - Started process 1085 to run task
[2025-08-08T02:39:14.101+0000] {standard_task_runner.py:90} INFO - Running: ['***', 'tasks', 'run', 'climate_data', 'create_folder', 'scheduled__2022-11-07T00:00:00+00:00', '--job-id', '353', '--raw', '--subdir', 'DAGS_FOLDER/climate_data.py', '--cfg-path', '/tmp/tmpfh5vj3ml']
[2025-08-08T02:39:14.104+0000] {standard_task_runner.py:91} INFO - Job 353: Subtask create_folder
[2025-08-08T02:39:14.125+0000] {logging_mixin.py:188} WARNING - /home/***/.local/lib/python3.9/site-packages/***/settings.py:195 DeprecationWarning: The sql_alchemy_conn option in [core] has been moved to the sql_alchemy_conn option in [database] - the old setting has been used, but please update your config.
[2025-08-08T02:39:14.178+0000] {task_command.py:426} INFO - Running <TaskInstance: climate_data.create_folder scheduled__2022-11-07T00:00:00+00:00 [running]> on host 1a6f5acf67f4
[2025-08-08T02:39:14.262+0000] {taskinstance.py:2648} INFO - Exporting env vars: AIRFLOW_CTX_DAG_OWNER='***' AIRFLOW_CTX_DAG_ID='climate_data' AIRFLOW_CTX_TASK_ID='create_folder' AIRFLOW_CTX_EXECUTION_DATE='2022-11-07T00:00:00+00:00' AIRFLOW_CTX_TRY_NUMBER='1' AIRFLOW_CTX_DAG_RUN_ID='scheduled__2022-11-07T00:00:00+00:00'
[2025-08-08T02:39:14.263+0000] {taskinstance.py:430} INFO - ::endgroup::
[2025-08-08T02:39:14.275+0000] {subprocess.py:63} INFO - Tmp dir root location: /tmp
[2025-08-08T02:39:14.276+0000] {subprocess.py:75} INFO - Running command: ['/usr/bin/bash', '-c', 'mkdir -p /home/***/host_documents/week2022-11-14']
[2025-08-08T02:39:14.286+0000] {subprocess.py:86} INFO - Output:
[2025-08-08T02:39:14.290+0000] {subprocess.py:97} INFO - Command exited with return code 0
[2025-08-08T02:39:14.291+0000] {taskinstance.py:441} INFO - ::group::Post task execution logs
[2025-08-08T02:39:14.315+0000] {taskinstance.py:1206} INFO - Marking task as SUCCESS. dag_id=climate_data, task_id=create_folder, run_id=scheduled__2022-11-07T00:00:00+00:00, execution_date=20221107T000000, start_date=20250808T023914, end_date=20250808T023914
[2025-08-08T02:39:14.354+0000] {local_task_job_runner.py:240} INFO - Task exited with return code 0
[2025-08-08T02:39:14.364+0000] {local_task_job_runner.py:222} INFO - ::endgroup::
[2025-08-08T02:42:12.640+0000] {local_task_job_runner.py:120} INFO - ::group::Pre task execution logs
[2025-08-08T02:42:12.668+0000] {taskinstance.py:2076} INFO - Dependencies all met for dep_context=non-requeueable deps ti=<TaskInstance: climate_data.create_folder scheduled__2022-11-07T00:00:00+00:00 [queued]>
[2025-08-08T02:42:12.680+0000] {taskinstance.py:2076} INFO - Dependencies all met for dep_context=requeueable deps ti=<TaskInstance: climate_data.create_folder scheduled__2022-11-07T00:00:00+00:00 [queued]>
[2025-08-08T02:42:12.680+0000] {taskinstance.py:2306} INFO - Starting attempt 1 of 1
[2025-08-08T02:42:12.758+0000] {taskinstance.py:2330} INFO - Executing <Task(BashOperator): create_folder> on 2022-11-07 00:00:00+00:00
[2025-08-08T02:42:12.763+0000] {standard_task_runner.py:63} INFO - Started process 2263 to run task
[2025-08-08T02:42:12.767+0000] {standard_task_runner.py:90} INFO - Running: ['***', 'tasks', 'run', 'climate_data', 'create_folder', 'scheduled__2022-11-07T00:00:00+00:00', '--job-id', '664', '--raw', '--subdir', 'DAGS_FOLDER/climate_data.py', '--cfg-path', '/tmp/tmpe3zunvz5']
[2025-08-08T02:42:12.769+0000] {standard_task_runner.py:91} INFO - Job 664: Subtask create_folder
[2025-08-08T02:42:12.785+0000] {logging_mixin.py:188} WARNING - /home/***/.local/lib/python3.9/site-packages/***/settings.py:195 DeprecationWarning: The sql_alchemy_conn option in [core] has been moved to the sql_alchemy_conn option in [database] - the old setting has been used, but please update your config.
[2025-08-08T02:42:12.838+0000] {task_command.py:426} INFO - Running <TaskInstance: climate_data.create_folder scheduled__2022-11-07T00:00:00+00:00 [running]> on host 1a6f5acf67f4
[2025-08-08T02:42:12.908+0000] {taskinstance.py:2648} INFO - Exporting env vars: AIRFLOW_CTX_DAG_OWNER='***' AIRFLOW_CTX_DAG_ID='climate_data' AIRFLOW_CTX_TASK_ID='create_folder' AIRFLOW_CTX_EXECUTION_DATE='2022-11-07T00:00:00+00:00' AIRFLOW_CTX_TRY_NUMBER='1' AIRFLOW_CTX_DAG_RUN_ID='scheduled__2022-11-07T00:00:00+00:00'
[2025-08-08T02:42:12.909+0000] {taskinstance.py:430} INFO - ::endgroup::
[2025-08-08T02:42:12.921+0000] {subprocess.py:63} INFO - Tmp dir root location: /tmp
[2025-08-08T02:42:12.923+0000] {subprocess.py:75} INFO - Running command: ['/usr/bin/bash', '-c', 'mkdir -p "/home/***/host_documents/week2022-11-14"']
[2025-08-08T02:42:12.935+0000] {subprocess.py:86} INFO - Output:
[2025-08-08T02:42:12.940+0000] {subprocess.py:97} INFO - Command exited with return code 0
[2025-08-08T02:42:12.941+0000] {taskinstance.py:441} INFO - ::group::Post task execution logs
[2025-08-08T02:42:12.964+0000] {taskinstance.py:1206} INFO - Marking task as SUCCESS. dag_id=climate_data, task_id=create_folder, run_id=scheduled__2022-11-07T00:00:00+00:00, execution_date=20221107T000000, start_date=20250808T024212, end_date=20250808T024212
[2025-08-08T02:42:13.021+0000] {local_task_job_runner.py:240} INFO - Task exited with return code 0
[2025-08-08T02:42:13.040+0000] {taskinstance.py:3498} INFO - 1 downstream tasks scheduled from follow-on schedule check
[2025-08-08T02:42:13.042+0000] {local_task_job_runner.py:222} INFO - ::endgroup::
