[2025-08-08T02:26:35.684+0000] {local_task_job_runner.py:120} INFO - ::group::Pre task execution logs
[2025-08-08T02:26:35.707+0000] {taskinstance.py:2076} INFO - Dependencies all met for dep_context=non-requeueable deps ti=<TaskInstance: climate_data.create_folder scheduled__2023-08-21T00:00:00+00:00 [queued]>
[2025-08-08T02:26:35.718+0000] {taskinstance.py:2076} INFO - Dependencies all met for dep_context=requeueable deps ti=<TaskInstance: climate_data.create_folder scheduled__2023-08-21T00:00:00+00:00 [queued]>
[2025-08-08T02:26:35.719+0000] {taskinstance.py:2306} INFO - Starting attempt 1 of 1
[2025-08-08T02:26:35.729+0000] {taskinstance.py:2330} INFO - Executing <Task(BashOperator): create_folder> on 2023-08-21 00:00:00+00:00
[2025-08-08T02:26:35.734+0000] {standard_task_runner.py:63} INFO - Started process 426 to run task
[2025-08-08T02:26:35.737+0000] {standard_task_runner.py:90} INFO - Running: ['***', 'tasks', 'run', 'climate_data', 'create_folder', 'scheduled__2023-08-21T00:00:00+00:00', '--job-id', '81', '--raw', '--subdir', 'DAGS_FOLDER/climate_data.py', '--cfg-path', '/tmp/tmpj0r8s1m9']
[2025-08-08T02:26:35.739+0000] {standard_task_runner.py:91} INFO - Job 81: Subtask create_folder
[2025-08-08T02:26:35.753+0000] {logging_mixin.py:188} WARNING - /home/***/.local/lib/python3.9/site-packages/***/settings.py:195 DeprecationWarning: The sql_alchemy_conn option in [core] has been moved to the sql_alchemy_conn option in [database] - the old setting has been used, but please update your config.
[2025-08-08T02:26:35.795+0000] {task_command.py:426} INFO - Running <TaskInstance: climate_data.create_folder scheduled__2023-08-21T00:00:00+00:00 [running]> on host 3ceab82043f1
[2025-08-08T02:26:35.869+0000] {taskinstance.py:2648} INFO - Exporting env vars: AIRFLOW_CTX_DAG_OWNER='***' AIRFLOW_CTX_DAG_ID='climate_data' AIRFLOW_CTX_TASK_ID='create_folder' AIRFLOW_CTX_EXECUTION_DATE='2023-08-21T00:00:00+00:00' AIRFLOW_CTX_TRY_NUMBER='1' AIRFLOW_CTX_DAG_RUN_ID='scheduled__2023-08-21T00:00:00+00:00'
[2025-08-08T02:26:35.870+0000] {taskinstance.py:430} INFO - ::endgroup::
[2025-08-08T02:26:35.878+0000] {subprocess.py:63} INFO - Tmp dir root location: /tmp
[2025-08-08T02:26:35.879+0000] {subprocess.py:75} INFO - Running command: ['/usr/bin/bash', '-c', 'mkdir -p /home/***/host_documents/week2023-08-28"']
[2025-08-08T02:26:35.887+0000] {subprocess.py:86} INFO - Output:
[2025-08-08T02:26:35.888+0000] {subprocess.py:93} INFO - /usr/bin/bash: -c: line 1: unexpected EOF while looking for matching `"'
[2025-08-08T02:26:35.888+0000] {subprocess.py:97} INFO - Command exited with return code 2
[2025-08-08T02:26:35.889+0000] {taskinstance.py:441} INFO - ::group::Post task execution logs
[2025-08-08T02:26:35.896+0000] {taskinstance.py:2905} ERROR - Task failed with exception
Traceback (most recent call last):
  File "/home/airflow/.local/lib/python3.9/site-packages/airflow/models/taskinstance.py", line 465, in _execute_task
    result = _execute_callable(context=context, **execute_callable_kwargs)
  File "/home/airflow/.local/lib/python3.9/site-packages/airflow/models/taskinstance.py", line 432, in _execute_callable
    return execute_callable(context=context, **execute_callable_kwargs)
  File "/home/airflow/.local/lib/python3.9/site-packages/airflow/models/baseoperator.py", line 400, in wrapper
    return func(self, *args, **kwargs)
  File "/home/airflow/.local/lib/python3.9/site-packages/airflow/operators/bash.py", line 243, in execute
    raise AirflowException(
airflow.exceptions.AirflowException: Bash command failed. The command returned a non-zero exit code 2.
[2025-08-08T02:26:35.899+0000] {taskinstance.py:1206} INFO - Marking task as FAILED. dag_id=climate_data, task_id=create_folder, run_id=scheduled__2023-08-21T00:00:00+00:00, execution_date=20230821T000000, start_date=20250808T022635, end_date=20250808T022635
[2025-08-08T02:26:35.912+0000] {standard_task_runner.py:110} ERROR - Failed to execute job 81 for task create_folder (Bash command failed. The command returned a non-zero exit code 2.; 426)
[2025-08-08T02:26:35.949+0000] {local_task_job_runner.py:240} INFO - Task exited with return code 1
[2025-08-08T02:26:35.963+0000] {taskinstance.py:3498} INFO - 0 downstream tasks scheduled from follow-on schedule check
[2025-08-08T02:26:35.967+0000] {local_task_job_runner.py:222} INFO - ::endgroup::
[2025-08-08T02:34:52.672+0000] {local_task_job_runner.py:120} INFO - ::group::Pre task execution logs
[2025-08-08T02:34:52.697+0000] {taskinstance.py:2076} INFO - Dependencies all met for dep_context=non-requeueable deps ti=<TaskInstance: climate_data.create_folder scheduled__2023-08-21T00:00:00+00:00 [queued]>
[2025-08-08T02:34:52.707+0000] {taskinstance.py:2076} INFO - Dependencies all met for dep_context=requeueable deps ti=<TaskInstance: climate_data.create_folder scheduled__2023-08-21T00:00:00+00:00 [queued]>
[2025-08-08T02:34:52.707+0000] {taskinstance.py:2306} INFO - Starting attempt 1 of 1
[2025-08-08T02:34:52.723+0000] {taskinstance.py:2330} INFO - Executing <Task(BashOperator): create_folder> on 2023-08-21 00:00:00+00:00
[2025-08-08T02:34:52.727+0000] {standard_task_runner.py:63} INFO - Started process 459 to run task
[2025-08-08T02:34:52.729+0000] {standard_task_runner.py:90} INFO - Running: ['***', 'tasks', 'run', 'climate_data', 'create_folder', 'scheduled__2023-08-21T00:00:00+00:00', '--job-id', '236', '--raw', '--subdir', 'DAGS_FOLDER/climate_data.py', '--cfg-path', '/tmp/tmp1lhgm6rx']
[2025-08-08T02:34:52.731+0000] {standard_task_runner.py:91} INFO - Job 236: Subtask create_folder
[2025-08-08T02:34:52.742+0000] {logging_mixin.py:188} WARNING - /home/***/.local/lib/python3.9/site-packages/***/settings.py:195 DeprecationWarning: The sql_alchemy_conn option in [core] has been moved to the sql_alchemy_conn option in [database] - the old setting has been used, but please update your config.
[2025-08-08T02:34:52.781+0000] {task_command.py:426} INFO - Running <TaskInstance: climate_data.create_folder scheduled__2023-08-21T00:00:00+00:00 [running]> on host 1a6f5acf67f4
[2025-08-08T02:34:52.844+0000] {taskinstance.py:2648} INFO - Exporting env vars: AIRFLOW_CTX_DAG_OWNER='***' AIRFLOW_CTX_DAG_ID='climate_data' AIRFLOW_CTX_TASK_ID='create_folder' AIRFLOW_CTX_EXECUTION_DATE='2023-08-21T00:00:00+00:00' AIRFLOW_CTX_TRY_NUMBER='1' AIRFLOW_CTX_DAG_RUN_ID='scheduled__2023-08-21T00:00:00+00:00'
[2025-08-08T02:34:52.845+0000] {taskinstance.py:430} INFO - ::endgroup::
[2025-08-08T02:34:52.852+0000] {subprocess.py:63} INFO - Tmp dir root location: /tmp
[2025-08-08T02:34:52.853+0000] {subprocess.py:75} INFO - Running command: ['/usr/bin/bash', '-c', 'mkdir -p /home/***/host_documents/week2023-08-28"']
[2025-08-08T02:34:52.860+0000] {subprocess.py:86} INFO - Output:
[2025-08-08T02:34:52.861+0000] {subprocess.py:93} INFO - /usr/bin/bash: -c: line 1: unexpected EOF while looking for matching `"'
[2025-08-08T02:34:52.861+0000] {subprocess.py:97} INFO - Command exited with return code 2
[2025-08-08T02:34:52.862+0000] {taskinstance.py:441} INFO - ::group::Post task execution logs
[2025-08-08T02:34:52.869+0000] {taskinstance.py:2905} ERROR - Task failed with exception
Traceback (most recent call last):
  File "/home/airflow/.local/lib/python3.9/site-packages/airflow/models/taskinstance.py", line 465, in _execute_task
    result = _execute_callable(context=context, **execute_callable_kwargs)
  File "/home/airflow/.local/lib/python3.9/site-packages/airflow/models/taskinstance.py", line 432, in _execute_callable
    return execute_callable(context=context, **execute_callable_kwargs)
  File "/home/airflow/.local/lib/python3.9/site-packages/airflow/models/baseoperator.py", line 400, in wrapper
    return func(self, *args, **kwargs)
  File "/home/airflow/.local/lib/python3.9/site-packages/airflow/operators/bash.py", line 243, in execute
    raise AirflowException(
airflow.exceptions.AirflowException: Bash command failed. The command returned a non-zero exit code 2.
[2025-08-08T02:34:52.871+0000] {taskinstance.py:1206} INFO - Marking task as FAILED. dag_id=climate_data, task_id=create_folder, run_id=scheduled__2023-08-21T00:00:00+00:00, execution_date=20230821T000000, start_date=20250808T023452, end_date=20250808T023452
[2025-08-08T02:34:52.879+0000] {standard_task_runner.py:110} ERROR - Failed to execute job 236 for task create_folder (Bash command failed. The command returned a non-zero exit code 2.; 459)
[2025-08-08T02:34:52.901+0000] {local_task_job_runner.py:240} INFO - Task exited with return code 1
[2025-08-08T02:34:52.915+0000] {taskinstance.py:3498} INFO - 0 downstream tasks scheduled from follow-on schedule check
[2025-08-08T02:34:52.918+0000] {local_task_job_runner.py:222} INFO - ::endgroup::
[2025-08-08T02:39:29.353+0000] {local_task_job_runner.py:120} INFO - ::group::Pre task execution logs
[2025-08-08T02:39:29.375+0000] {taskinstance.py:2076} INFO - Dependencies all met for dep_context=non-requeueable deps ti=<TaskInstance: climate_data.create_folder scheduled__2023-08-21T00:00:00+00:00 [queued]>
[2025-08-08T02:39:29.384+0000] {taskinstance.py:2076} INFO - Dependencies all met for dep_context=requeueable deps ti=<TaskInstance: climate_data.create_folder scheduled__2023-08-21T00:00:00+00:00 [queued]>
[2025-08-08T02:39:29.384+0000] {taskinstance.py:2306} INFO - Starting attempt 1 of 1
[2025-08-08T02:39:29.446+0000] {taskinstance.py:2330} INFO - Executing <Task(BashOperator): create_folder> on 2023-08-21 00:00:00+00:00
[2025-08-08T02:39:29.450+0000] {standard_task_runner.py:63} INFO - Started process 1389 to run task
[2025-08-08T02:39:29.453+0000] {standard_task_runner.py:90} INFO - Running: ['***', 'tasks', 'run', 'climate_data', 'create_folder', 'scheduled__2023-08-21T00:00:00+00:00', '--job-id', '440', '--raw', '--subdir', 'DAGS_FOLDER/climate_data.py', '--cfg-path', '/tmp/tmpw_9qjxrc']
[2025-08-08T02:39:29.455+0000] {standard_task_runner.py:91} INFO - Job 440: Subtask create_folder
[2025-08-08T02:39:29.469+0000] {logging_mixin.py:188} WARNING - /home/***/.local/lib/python3.9/site-packages/***/settings.py:195 DeprecationWarning: The sql_alchemy_conn option in [core] has been moved to the sql_alchemy_conn option in [database] - the old setting has been used, but please update your config.
[2025-08-08T02:39:29.515+0000] {task_command.py:426} INFO - Running <TaskInstance: climate_data.create_folder scheduled__2023-08-21T00:00:00+00:00 [running]> on host 1a6f5acf67f4
[2025-08-08T02:39:29.581+0000] {taskinstance.py:2648} INFO - Exporting env vars: AIRFLOW_CTX_DAG_OWNER='***' AIRFLOW_CTX_DAG_ID='climate_data' AIRFLOW_CTX_TASK_ID='create_folder' AIRFLOW_CTX_EXECUTION_DATE='2023-08-21T00:00:00+00:00' AIRFLOW_CTX_TRY_NUMBER='1' AIRFLOW_CTX_DAG_RUN_ID='scheduled__2023-08-21T00:00:00+00:00'
[2025-08-08T02:39:29.582+0000] {taskinstance.py:430} INFO - ::endgroup::
[2025-08-08T02:39:29.592+0000] {subprocess.py:63} INFO - Tmp dir root location: /tmp
[2025-08-08T02:39:29.592+0000] {subprocess.py:75} INFO - Running command: ['/usr/bin/bash', '-c', 'mkdir -p /home/***/host_documents/week2023-08-28']
[2025-08-08T02:39:29.600+0000] {subprocess.py:86} INFO - Output:
[2025-08-08T02:39:29.605+0000] {subprocess.py:97} INFO - Command exited with return code 0
[2025-08-08T02:39:29.607+0000] {taskinstance.py:441} INFO - ::group::Post task execution logs
[2025-08-08T02:39:29.632+0000] {taskinstance.py:1206} INFO - Marking task as SUCCESS. dag_id=climate_data, task_id=create_folder, run_id=scheduled__2023-08-21T00:00:00+00:00, execution_date=20230821T000000, start_date=20250808T023929, end_date=20250808T023929
[2025-08-08T02:39:29.710+0000] {local_task_job_runner.py:240} INFO - Task exited with return code 0
[2025-08-08T02:39:29.734+0000] {taskinstance.py:3498} INFO - 1 downstream tasks scheduled from follow-on schedule check
[2025-08-08T02:39:29.737+0000] {local_task_job_runner.py:222} INFO - ::endgroup::
[2025-08-08T02:42:28.000+0000] {local_task_job_runner.py:120} INFO - ::group::Pre task execution logs
[2025-08-08T02:42:28.021+0000] {taskinstance.py:2076} INFO - Dependencies all met for dep_context=non-requeueable deps ti=<TaskInstance: climate_data.create_folder scheduled__2023-08-21T00:00:00+00:00 [queued]>
[2025-08-08T02:42:28.029+0000] {taskinstance.py:2076} INFO - Dependencies all met for dep_context=requeueable deps ti=<TaskInstance: climate_data.create_folder scheduled__2023-08-21T00:00:00+00:00 [queued]>
[2025-08-08T02:42:28.029+0000] {taskinstance.py:2306} INFO - Starting attempt 1 of 1
[2025-08-08T02:42:28.093+0000] {taskinstance.py:2330} INFO - Executing <Task(BashOperator): create_folder> on 2023-08-21 00:00:00+00:00
[2025-08-08T02:42:28.098+0000] {standard_task_runner.py:63} INFO - Started process 2559 to run task
[2025-08-08T02:42:28.100+0000] {standard_task_runner.py:90} INFO - Running: ['***', 'tasks', 'run', 'climate_data', 'create_folder', 'scheduled__2023-08-21T00:00:00+00:00', '--job-id', '748', '--raw', '--subdir', 'DAGS_FOLDER/climate_data.py', '--cfg-path', '/tmp/tmpjq12zvha']
[2025-08-08T02:42:28.102+0000] {standard_task_runner.py:91} INFO - Job 748: Subtask create_folder
[2025-08-08T02:42:28.114+0000] {logging_mixin.py:188} WARNING - /home/***/.local/lib/python3.9/site-packages/***/settings.py:195 DeprecationWarning: The sql_alchemy_conn option in [core] has been moved to the sql_alchemy_conn option in [database] - the old setting has been used, but please update your config.
[2025-08-08T02:42:28.160+0000] {task_command.py:426} INFO - Running <TaskInstance: climate_data.create_folder scheduled__2023-08-21T00:00:00+00:00 [running]> on host 1a6f5acf67f4
[2025-08-08T02:42:28.228+0000] {taskinstance.py:2648} INFO - Exporting env vars: AIRFLOW_CTX_DAG_OWNER='***' AIRFLOW_CTX_DAG_ID='climate_data' AIRFLOW_CTX_TASK_ID='create_folder' AIRFLOW_CTX_EXECUTION_DATE='2023-08-21T00:00:00+00:00' AIRFLOW_CTX_TRY_NUMBER='1' AIRFLOW_CTX_DAG_RUN_ID='scheduled__2023-08-21T00:00:00+00:00'
[2025-08-08T02:42:28.232+0000] {taskinstance.py:430} INFO - ::endgroup::
[2025-08-08T02:42:28.241+0000] {subprocess.py:63} INFO - Tmp dir root location: /tmp
[2025-08-08T02:42:28.241+0000] {subprocess.py:75} INFO - Running command: ['/usr/bin/bash', '-c', 'mkdir -p "/home/***/host_documents/week2023-08-28"']
[2025-08-08T02:42:28.249+0000] {subprocess.py:86} INFO - Output:
[2025-08-08T02:42:28.254+0000] {subprocess.py:97} INFO - Command exited with return code 0
[2025-08-08T02:42:28.255+0000] {taskinstance.py:441} INFO - ::group::Post task execution logs
[2025-08-08T02:42:28.278+0000] {taskinstance.py:1206} INFO - Marking task as SUCCESS. dag_id=climate_data, task_id=create_folder, run_id=scheduled__2023-08-21T00:00:00+00:00, execution_date=20230821T000000, start_date=20250808T024228, end_date=20250808T024228
[2025-08-08T02:42:28.353+0000] {local_task_job_runner.py:240} INFO - Task exited with return code 0
[2025-08-08T02:42:28.372+0000] {taskinstance.py:3498} INFO - 1 downstream tasks scheduled from follow-on schedule check
[2025-08-08T02:42:28.375+0000] {local_task_job_runner.py:222} INFO - ::endgroup::
