[2025-08-08T02:26:58.615+0000] {local_task_job_runner.py:120} INFO - ::group::Pre task execution logs
[2025-08-08T02:26:58.639+0000] {taskinstance.py:2076} INFO - Dependencies all met for dep_context=non-requeueable deps ti=<TaskInstance: climate_data.create_folder scheduled__2024-12-30T00:00:00+00:00 [queued]>
[2025-08-08T02:26:58.648+0000] {taskinstance.py:2076} INFO - Dependencies all met for dep_context=requeueable deps ti=<TaskInstance: climate_data.create_folder scheduled__2024-12-30T00:00:00+00:00 [queued]>
[2025-08-08T02:26:58.649+0000] {taskinstance.py:2306} INFO - Starting attempt 1 of 1
[2025-08-08T02:26:58.712+0000] {taskinstance.py:2330} INFO - Executing <Task(BashOperator): create_folder> on 2024-12-30 00:00:00+00:00
[2025-08-08T02:26:58.716+0000] {standard_task_runner.py:63} INFO - Started process 730 to run task
[2025-08-08T02:26:58.719+0000] {standard_task_runner.py:90} INFO - Running: ['***', 'tasks', 'run', 'climate_data', 'create_folder', 'scheduled__2024-12-30T00:00:00+00:00', '--job-id', '152', '--raw', '--subdir', 'DAGS_FOLDER/climate_data.py', '--cfg-path', '/tmp/tmp9c9jxttw']
[2025-08-08T02:26:58.722+0000] {standard_task_runner.py:91} INFO - Job 152: Subtask create_folder
[2025-08-08T02:26:58.737+0000] {logging_mixin.py:188} WARNING - /home/***/.local/lib/python3.9/site-packages/***/settings.py:195 DeprecationWarning: The sql_alchemy_conn option in [core] has been moved to the sql_alchemy_conn option in [database] - the old setting has been used, but please update your config.
[2025-08-08T02:26:58.785+0000] {task_command.py:426} INFO - Running <TaskInstance: climate_data.create_folder scheduled__2024-12-30T00:00:00+00:00 [running]> on host 3ceab82043f1
[2025-08-08T02:26:58.855+0000] {taskinstance.py:2648} INFO - Exporting env vars: AIRFLOW_CTX_DAG_OWNER='***' AIRFLOW_CTX_DAG_ID='climate_data' AIRFLOW_CTX_TASK_ID='create_folder' AIRFLOW_CTX_EXECUTION_DATE='2024-12-30T00:00:00+00:00' AIRFLOW_CTX_TRY_NUMBER='1' AIRFLOW_CTX_DAG_RUN_ID='scheduled__2024-12-30T00:00:00+00:00'
[2025-08-08T02:26:58.856+0000] {taskinstance.py:430} INFO - ::endgroup::
[2025-08-08T02:26:58.868+0000] {subprocess.py:63} INFO - Tmp dir root location: /tmp
[2025-08-08T02:26:58.869+0000] {subprocess.py:75} INFO - Running command: ['/usr/bin/bash', '-c', 'mkdir -p /home/***/host_documents/week2025-01-06"']
[2025-08-08T02:26:58.879+0000] {subprocess.py:86} INFO - Output:
[2025-08-08T02:26:58.880+0000] {subprocess.py:93} INFO - /usr/bin/bash: -c: line 1: unexpected EOF while looking for matching `"'
[2025-08-08T02:26:58.881+0000] {subprocess.py:97} INFO - Command exited with return code 2
[2025-08-08T02:26:58.882+0000] {taskinstance.py:441} INFO - ::group::Post task execution logs
[2025-08-08T02:26:58.890+0000] {taskinstance.py:2905} ERROR - Task failed with exception
Traceback (most recent call last):
  File "/home/airflow/.local/lib/python3.9/site-packages/airflow/models/taskinstance.py", line 465, in _execute_task
    result = _execute_callable(context=context, **execute_callable_kwargs)
  File "/home/airflow/.local/lib/python3.9/site-packages/airflow/models/taskinstance.py", line 432, in _execute_callable
    return execute_callable(context=context, **execute_callable_kwargs)
  File "/home/airflow/.local/lib/python3.9/site-packages/airflow/models/baseoperator.py", line 400, in wrapper
    return func(self, *args, **kwargs)
  File "/home/airflow/.local/lib/python3.9/site-packages/airflow/operators/bash.py", line 243, in execute
    raise AirflowException(
airflow.exceptions.AirflowException: Bash command failed. The command returned a non-zero exit code 2.
[2025-08-08T02:26:58.893+0000] {taskinstance.py:1206} INFO - Marking task as FAILED. dag_id=climate_data, task_id=create_folder, run_id=scheduled__2024-12-30T00:00:00+00:00, execution_date=20241230T000000, start_date=20250808T022658, end_date=20250808T022658
[2025-08-08T02:26:58.921+0000] {standard_task_runner.py:110} ERROR - Failed to execute job 152 for task create_folder (Bash command failed. The command returned a non-zero exit code 2.; 730)
[2025-08-08T02:26:58.935+0000] {local_task_job_runner.py:240} INFO - Task exited with return code 1
[2025-08-08T02:26:58.952+0000] {taskinstance.py:3498} INFO - 0 downstream tasks scheduled from follow-on schedule check
[2025-08-08T02:26:58.955+0000] {local_task_job_runner.py:222} INFO - ::endgroup::
[2025-08-08T02:35:18.659+0000] {local_task_job_runner.py:120} INFO - ::group::Pre task execution logs
[2025-08-08T02:35:18.683+0000] {taskinstance.py:2076} INFO - Dependencies all met for dep_context=non-requeueable deps ti=<TaskInstance: climate_data.create_folder scheduled__2024-12-30T00:00:00+00:00 [queued]>
[2025-08-08T02:35:18.692+0000] {taskinstance.py:2076} INFO - Dependencies all met for dep_context=requeueable deps ti=<TaskInstance: climate_data.create_folder scheduled__2024-12-30T00:00:00+00:00 [queued]>
[2025-08-08T02:35:18.693+0000] {taskinstance.py:2306} INFO - Starting attempt 1 of 1
[2025-08-08T02:35:18.729+0000] {taskinstance.py:2330} INFO - Executing <Task(BashOperator): create_folder> on 2024-12-30 00:00:00+00:00
[2025-08-08T02:35:18.734+0000] {standard_task_runner.py:63} INFO - Started process 765 to run task
[2025-08-08T02:35:18.737+0000] {standard_task_runner.py:90} INFO - Running: ['***', 'tasks', 'run', 'climate_data', 'create_folder', 'scheduled__2024-12-30T00:00:00+00:00', '--job-id', '308', '--raw', '--subdir', 'DAGS_FOLDER/climate_data.py', '--cfg-path', '/tmp/tmpke37z8_8']
[2025-08-08T02:35:18.740+0000] {standard_task_runner.py:91} INFO - Job 308: Subtask create_folder
[2025-08-08T02:35:18.754+0000] {logging_mixin.py:188} WARNING - /home/***/.local/lib/python3.9/site-packages/***/settings.py:195 DeprecationWarning: The sql_alchemy_conn option in [core] has been moved to the sql_alchemy_conn option in [database] - the old setting has been used, but please update your config.
[2025-08-08T02:35:18.801+0000] {task_command.py:426} INFO - Running <TaskInstance: climate_data.create_folder scheduled__2024-12-30T00:00:00+00:00 [running]> on host 1a6f5acf67f4
[2025-08-08T02:35:18.876+0000] {taskinstance.py:2648} INFO - Exporting env vars: AIRFLOW_CTX_DAG_OWNER='***' AIRFLOW_CTX_DAG_ID='climate_data' AIRFLOW_CTX_TASK_ID='create_folder' AIRFLOW_CTX_EXECUTION_DATE='2024-12-30T00:00:00+00:00' AIRFLOW_CTX_TRY_NUMBER='1' AIRFLOW_CTX_DAG_RUN_ID='scheduled__2024-12-30T00:00:00+00:00'
[2025-08-08T02:35:18.878+0000] {taskinstance.py:430} INFO - ::endgroup::
[2025-08-08T02:35:18.887+0000] {subprocess.py:63} INFO - Tmp dir root location: /tmp
[2025-08-08T02:35:18.888+0000] {subprocess.py:75} INFO - Running command: ['/usr/bin/bash', '-c', 'mkdir -p /home/***/host_documents/week2025-01-06"']
[2025-08-08T02:35:18.897+0000] {subprocess.py:86} INFO - Output:
[2025-08-08T02:35:18.899+0000] {subprocess.py:93} INFO - /usr/bin/bash: -c: line 1: unexpected EOF while looking for matching `"'
[2025-08-08T02:35:18.900+0000] {subprocess.py:97} INFO - Command exited with return code 2
[2025-08-08T02:35:18.902+0000] {taskinstance.py:441} INFO - ::group::Post task execution logs
[2025-08-08T02:35:18.911+0000] {taskinstance.py:2905} ERROR - Task failed with exception
Traceback (most recent call last):
  File "/home/airflow/.local/lib/python3.9/site-packages/airflow/models/taskinstance.py", line 465, in _execute_task
    result = _execute_callable(context=context, **execute_callable_kwargs)
  File "/home/airflow/.local/lib/python3.9/site-packages/airflow/models/taskinstance.py", line 432, in _execute_callable
    return execute_callable(context=context, **execute_callable_kwargs)
  File "/home/airflow/.local/lib/python3.9/site-packages/airflow/models/baseoperator.py", line 400, in wrapper
    return func(self, *args, **kwargs)
  File "/home/airflow/.local/lib/python3.9/site-packages/airflow/operators/bash.py", line 243, in execute
    raise AirflowException(
airflow.exceptions.AirflowException: Bash command failed. The command returned a non-zero exit code 2.
[2025-08-08T02:35:18.914+0000] {taskinstance.py:1206} INFO - Marking task as FAILED. dag_id=climate_data, task_id=create_folder, run_id=scheduled__2024-12-30T00:00:00+00:00, execution_date=20241230T000000, start_date=20250808T023518, end_date=20250808T023518
[2025-08-08T02:35:18.955+0000] {standard_task_runner.py:110} ERROR - Failed to execute job 308 for task create_folder (Bash command failed. The command returned a non-zero exit code 2.; 765)
[2025-08-08T02:35:18.992+0000] {local_task_job_runner.py:240} INFO - Task exited with return code 1
[2025-08-08T02:35:19.002+0000] {local_task_job_runner.py:222} INFO - ::endgroup::
[2025-08-08T02:39:51.321+0000] {local_task_job_runner.py:120} INFO - ::group::Pre task execution logs
[2025-08-08T02:39:51.349+0000] {taskinstance.py:2076} INFO - Dependencies all met for dep_context=non-requeueable deps ti=<TaskInstance: climate_data.create_folder scheduled__2024-12-30T00:00:00+00:00 [queued]>
[2025-08-08T02:39:51.362+0000] {taskinstance.py:2076} INFO - Dependencies all met for dep_context=requeueable deps ti=<TaskInstance: climate_data.create_folder scheduled__2024-12-30T00:00:00+00:00 [queued]>
[2025-08-08T02:39:51.363+0000] {taskinstance.py:2306} INFO - Starting attempt 1 of 1
[2025-08-08T02:39:51.377+0000] {taskinstance.py:2330} INFO - Executing <Task(BashOperator): create_folder> on 2024-12-30 00:00:00+00:00
[2025-08-08T02:39:51.382+0000] {standard_task_runner.py:63} INFO - Started process 1885 to run task
[2025-08-08T02:39:51.386+0000] {standard_task_runner.py:90} INFO - Running: ['***', 'tasks', 'run', 'climate_data', 'create_folder', 'scheduled__2024-12-30T00:00:00+00:00', '--job-id', '578', '--raw', '--subdir', 'DAGS_FOLDER/climate_data.py', '--cfg-path', '/tmp/tmpml29fik6']
[2025-08-08T02:39:51.388+0000] {standard_task_runner.py:91} INFO - Job 578: Subtask create_folder
[2025-08-08T02:39:51.402+0000] {logging_mixin.py:188} WARNING - /home/***/.local/lib/python3.9/site-packages/***/settings.py:195 DeprecationWarning: The sql_alchemy_conn option in [core] has been moved to the sql_alchemy_conn option in [database] - the old setting has been used, but please update your config.
[2025-08-08T02:39:51.449+0000] {task_command.py:426} INFO - Running <TaskInstance: climate_data.create_folder scheduled__2024-12-30T00:00:00+00:00 [running]> on host 1a6f5acf67f4
[2025-08-08T02:39:51.528+0000] {taskinstance.py:2648} INFO - Exporting env vars: AIRFLOW_CTX_DAG_OWNER='***' AIRFLOW_CTX_DAG_ID='climate_data' AIRFLOW_CTX_TASK_ID='create_folder' AIRFLOW_CTX_EXECUTION_DATE='2024-12-30T00:00:00+00:00' AIRFLOW_CTX_TRY_NUMBER='1' AIRFLOW_CTX_DAG_RUN_ID='scheduled__2024-12-30T00:00:00+00:00'
[2025-08-08T02:39:51.532+0000] {taskinstance.py:430} INFO - ::endgroup::
[2025-08-08T02:39:51.546+0000] {subprocess.py:63} INFO - Tmp dir root location: /tmp
[2025-08-08T02:39:51.547+0000] {subprocess.py:75} INFO - Running command: ['/usr/bin/bash', '-c', 'mkdir -p /home/***/host_documents/week2025-01-06']
[2025-08-08T02:39:51.558+0000] {subprocess.py:86} INFO - Output:
[2025-08-08T02:39:51.564+0000] {subprocess.py:97} INFO - Command exited with return code 0
[2025-08-08T02:39:51.565+0000] {taskinstance.py:441} INFO - ::group::Post task execution logs
[2025-08-08T02:39:51.588+0000] {taskinstance.py:1206} INFO - Marking task as SUCCESS. dag_id=climate_data, task_id=create_folder, run_id=scheduled__2024-12-30T00:00:00+00:00, execution_date=20241230T000000, start_date=20250808T023951, end_date=20250808T023951
[2025-08-08T02:39:51.638+0000] {local_task_job_runner.py:240} INFO - Task exited with return code 0
[2025-08-08T02:39:51.664+0000] {taskinstance.py:3498} INFO - 1 downstream tasks scheduled from follow-on schedule check
[2025-08-08T02:39:51.666+0000] {local_task_job_runner.py:222} INFO - ::endgroup::
[2025-08-08T02:42:51.190+0000] {local_task_job_runner.py:120} INFO - ::group::Pre task execution logs
[2025-08-08T02:42:51.214+0000] {taskinstance.py:2076} INFO - Dependencies all met for dep_context=non-requeueable deps ti=<TaskInstance: climate_data.create_folder scheduled__2024-12-30T00:00:00+00:00 [queued]>
[2025-08-08T02:42:51.223+0000] {taskinstance.py:2076} INFO - Dependencies all met for dep_context=requeueable deps ti=<TaskInstance: climate_data.create_folder scheduled__2024-12-30T00:00:00+00:00 [queued]>
[2025-08-08T02:42:51.224+0000] {taskinstance.py:2306} INFO - Starting attempt 1 of 1
[2025-08-08T02:42:51.239+0000] {taskinstance.py:2330} INFO - Executing <Task(BashOperator): create_folder> on 2024-12-30 00:00:00+00:00
[2025-08-08T02:42:51.245+0000] {standard_task_runner.py:63} INFO - Started process 3060 to run task
[2025-08-08T02:42:51.248+0000] {standard_task_runner.py:90} INFO - Running: ['***', 'tasks', 'run', 'climate_data', 'create_folder', 'scheduled__2024-12-30T00:00:00+00:00', '--job-id', '886', '--raw', '--subdir', 'DAGS_FOLDER/climate_data.py', '--cfg-path', '/tmp/tmpo69filxd']
[2025-08-08T02:42:51.252+0000] {standard_task_runner.py:91} INFO - Job 886: Subtask create_folder
[2025-08-08T02:42:51.270+0000] {logging_mixin.py:188} WARNING - /home/***/.local/lib/python3.9/site-packages/***/settings.py:195 DeprecationWarning: The sql_alchemy_conn option in [core] has been moved to the sql_alchemy_conn option in [database] - the old setting has been used, but please update your config.
[2025-08-08T02:42:51.325+0000] {task_command.py:426} INFO - Running <TaskInstance: climate_data.create_folder scheduled__2024-12-30T00:00:00+00:00 [running]> on host 1a6f5acf67f4
[2025-08-08T02:42:51.403+0000] {taskinstance.py:2648} INFO - Exporting env vars: AIRFLOW_CTX_DAG_OWNER='***' AIRFLOW_CTX_DAG_ID='climate_data' AIRFLOW_CTX_TASK_ID='create_folder' AIRFLOW_CTX_EXECUTION_DATE='2024-12-30T00:00:00+00:00' AIRFLOW_CTX_TRY_NUMBER='1' AIRFLOW_CTX_DAG_RUN_ID='scheduled__2024-12-30T00:00:00+00:00'
[2025-08-08T02:42:51.404+0000] {taskinstance.py:430} INFO - ::endgroup::
[2025-08-08T02:42:51.412+0000] {subprocess.py:63} INFO - Tmp dir root location: /tmp
[2025-08-08T02:42:51.413+0000] {subprocess.py:75} INFO - Running command: ['/usr/bin/bash', '-c', 'mkdir -p "/home/***/host_documents/week2025-01-06"']
[2025-08-08T02:42:51.422+0000] {subprocess.py:86} INFO - Output:
[2025-08-08T02:42:51.427+0000] {subprocess.py:97} INFO - Command exited with return code 0
[2025-08-08T02:42:51.428+0000] {taskinstance.py:441} INFO - ::group::Post task execution logs
[2025-08-08T02:42:51.452+0000] {taskinstance.py:1206} INFO - Marking task as SUCCESS. dag_id=climate_data, task_id=create_folder, run_id=scheduled__2024-12-30T00:00:00+00:00, execution_date=20241230T000000, start_date=20250808T024251, end_date=20250808T024251
[2025-08-08T02:42:51.542+0000] {local_task_job_runner.py:240} INFO - Task exited with return code 0
[2025-08-08T02:42:51.553+0000] {local_task_job_runner.py:222} INFO - ::endgroup::
