[2025-08-08T02:27:01.853+0000] {local_task_job_runner.py:120} INFO - ::group::Pre task execution logs
[2025-08-08T02:27:01.873+0000] {taskinstance.py:2076} INFO - Dependencies all met for dep_context=non-requeueable deps ti=<TaskInstance: climate_data.create_folder scheduled__2025-03-31T00:00:00+00:00 [queued]>
[2025-08-08T02:27:01.880+0000] {taskinstance.py:2076} INFO - Dependencies all met for dep_context=requeueable deps ti=<TaskInstance: climate_data.create_folder scheduled__2025-03-31T00:00:00+00:00 [queued]>
[2025-08-08T02:27:01.880+0000] {taskinstance.py:2306} INFO - Starting attempt 1 of 1
[2025-08-08T02:27:01.898+0000] {taskinstance.py:2330} INFO - Executing <Task(BashOperator): create_folder> on 2025-03-31 00:00:00+00:00
[2025-08-08T02:27:01.903+0000] {standard_task_runner.py:63} INFO - Started process 780 to run task
[2025-08-08T02:27:01.906+0000] {standard_task_runner.py:90} INFO - Running: ['***', 'tasks', 'run', 'climate_data', 'create_folder', 'scheduled__2025-03-31T00:00:00+00:00', '--job-id', '165', '--raw', '--subdir', 'DAGS_FOLDER/climate_data.py', '--cfg-path', '/tmp/tmpcmqg2n7u']
[2025-08-08T02:27:01.908+0000] {standard_task_runner.py:91} INFO - Job 165: Subtask create_folder
[2025-08-08T02:27:01.920+0000] {logging_mixin.py:188} WARNING - /home/***/.local/lib/python3.9/site-packages/***/settings.py:195 DeprecationWarning: The sql_alchemy_conn option in [core] has been moved to the sql_alchemy_conn option in [database] - the old setting has been used, but please update your config.
[2025-08-08T02:27:01.963+0000] {task_command.py:426} INFO - Running <TaskInstance: climate_data.create_folder scheduled__2025-03-31T00:00:00+00:00 [running]> on host 3ceab82043f1
[2025-08-08T02:27:02.028+0000] {taskinstance.py:2648} INFO - Exporting env vars: AIRFLOW_CTX_DAG_OWNER='***' AIRFLOW_CTX_DAG_ID='climate_data' AIRFLOW_CTX_TASK_ID='create_folder' AIRFLOW_CTX_EXECUTION_DATE='2025-03-31T00:00:00+00:00' AIRFLOW_CTX_TRY_NUMBER='1' AIRFLOW_CTX_DAG_RUN_ID='scheduled__2025-03-31T00:00:00+00:00'
[2025-08-08T02:27:02.029+0000] {taskinstance.py:430} INFO - ::endgroup::
[2025-08-08T02:27:02.037+0000] {subprocess.py:63} INFO - Tmp dir root location: /tmp
[2025-08-08T02:27:02.038+0000] {subprocess.py:75} INFO - Running command: ['/usr/bin/bash', '-c', 'mkdir -p /home/***/host_documents/week2025-04-07"']
[2025-08-08T02:27:02.046+0000] {subprocess.py:86} INFO - Output:
[2025-08-08T02:27:02.047+0000] {subprocess.py:93} INFO - /usr/bin/bash: -c: line 1: unexpected EOF while looking for matching `"'
[2025-08-08T02:27:02.048+0000] {subprocess.py:97} INFO - Command exited with return code 2
[2025-08-08T02:27:02.048+0000] {taskinstance.py:441} INFO - ::group::Post task execution logs
[2025-08-08T02:27:02.055+0000] {taskinstance.py:2905} ERROR - Task failed with exception
Traceback (most recent call last):
  File "/home/airflow/.local/lib/python3.9/site-packages/airflow/models/taskinstance.py", line 465, in _execute_task
    result = _execute_callable(context=context, **execute_callable_kwargs)
  File "/home/airflow/.local/lib/python3.9/site-packages/airflow/models/taskinstance.py", line 432, in _execute_callable
    return execute_callable(context=context, **execute_callable_kwargs)
  File "/home/airflow/.local/lib/python3.9/site-packages/airflow/models/baseoperator.py", line 400, in wrapper
    return func(self, *args, **kwargs)
  File "/home/airflow/.local/lib/python3.9/site-packages/airflow/operators/bash.py", line 243, in execute
    raise AirflowException(
airflow.exceptions.AirflowException: Bash command failed. The command returned a non-zero exit code 2.
[2025-08-08T02:27:02.058+0000] {taskinstance.py:1206} INFO - Marking task as FAILED. dag_id=climate_data, task_id=create_folder, run_id=scheduled__2025-03-31T00:00:00+00:00, execution_date=20250331T000000, start_date=20250808T022701, end_date=20250808T022702
[2025-08-08T02:27:02.069+0000] {standard_task_runner.py:110} ERROR - Failed to execute job 165 for task create_folder (Bash command failed. The command returned a non-zero exit code 2.; 780)
[2025-08-08T02:27:02.078+0000] {local_task_job_runner.py:240} INFO - Task exited with return code 1
[2025-08-08T02:27:02.095+0000] {taskinstance.py:3498} INFO - 0 downstream tasks scheduled from follow-on schedule check
[2025-08-08T02:27:02.097+0000] {local_task_job_runner.py:222} INFO - ::endgroup::
[2025-08-08T02:35:22.810+0000] {local_task_job_runner.py:120} INFO - ::group::Pre task execution logs
[2025-08-08T02:35:22.830+0000] {taskinstance.py:2076} INFO - Dependencies all met for dep_context=non-requeueable deps ti=<TaskInstance: climate_data.create_folder scheduled__2025-03-31T00:00:00+00:00 [queued]>
[2025-08-08T02:35:22.838+0000] {taskinstance.py:2076} INFO - Dependencies all met for dep_context=requeueable deps ti=<TaskInstance: climate_data.create_folder scheduled__2025-03-31T00:00:00+00:00 [queued]>
[2025-08-08T02:35:22.839+0000] {taskinstance.py:2306} INFO - Starting attempt 1 of 1
[2025-08-08T02:35:22.850+0000] {taskinstance.py:2330} INFO - Executing <Task(BashOperator): create_folder> on 2025-03-31 00:00:00+00:00
[2025-08-08T02:35:22.854+0000] {standard_task_runner.py:63} INFO - Started process 815 to run task
[2025-08-08T02:35:22.856+0000] {standard_task_runner.py:90} INFO - Running: ['***', 'tasks', 'run', 'climate_data', 'create_folder', 'scheduled__2025-03-31T00:00:00+00:00', '--job-id', '321', '--raw', '--subdir', 'DAGS_FOLDER/climate_data.py', '--cfg-path', '/tmp/tmptgan_hio']
[2025-08-08T02:35:22.858+0000] {standard_task_runner.py:91} INFO - Job 321: Subtask create_folder
[2025-08-08T02:35:22.872+0000] {logging_mixin.py:188} WARNING - /home/***/.local/lib/python3.9/site-packages/***/settings.py:195 DeprecationWarning: The sql_alchemy_conn option in [core] has been moved to the sql_alchemy_conn option in [database] - the old setting has been used, but please update your config.
[2025-08-08T02:35:22.915+0000] {task_command.py:426} INFO - Running <TaskInstance: climate_data.create_folder scheduled__2025-03-31T00:00:00+00:00 [running]> on host 1a6f5acf67f4
[2025-08-08T02:35:22.981+0000] {taskinstance.py:2648} INFO - Exporting env vars: AIRFLOW_CTX_DAG_OWNER='***' AIRFLOW_CTX_DAG_ID='climate_data' AIRFLOW_CTX_TASK_ID='create_folder' AIRFLOW_CTX_EXECUTION_DATE='2025-03-31T00:00:00+00:00' AIRFLOW_CTX_TRY_NUMBER='1' AIRFLOW_CTX_DAG_RUN_ID='scheduled__2025-03-31T00:00:00+00:00'
[2025-08-08T02:35:22.982+0000] {taskinstance.py:430} INFO - ::endgroup::
[2025-08-08T02:35:22.991+0000] {subprocess.py:63} INFO - Tmp dir root location: /tmp
[2025-08-08T02:35:22.992+0000] {subprocess.py:75} INFO - Running command: ['/usr/bin/bash', '-c', 'mkdir -p /home/***/host_documents/week2025-04-07"']
[2025-08-08T02:35:23.003+0000] {subprocess.py:86} INFO - Output:
[2025-08-08T02:35:23.004+0000] {subprocess.py:93} INFO - /usr/bin/bash: -c: line 1: unexpected EOF while looking for matching `"'
[2025-08-08T02:35:23.005+0000] {subprocess.py:97} INFO - Command exited with return code 2
[2025-08-08T02:35:23.006+0000] {taskinstance.py:441} INFO - ::group::Post task execution logs
[2025-08-08T02:35:23.013+0000] {taskinstance.py:2905} ERROR - Task failed with exception
Traceback (most recent call last):
  File "/home/airflow/.local/lib/python3.9/site-packages/airflow/models/taskinstance.py", line 465, in _execute_task
    result = _execute_callable(context=context, **execute_callable_kwargs)
  File "/home/airflow/.local/lib/python3.9/site-packages/airflow/models/taskinstance.py", line 432, in _execute_callable
    return execute_callable(context=context, **execute_callable_kwargs)
  File "/home/airflow/.local/lib/python3.9/site-packages/airflow/models/baseoperator.py", line 400, in wrapper
    return func(self, *args, **kwargs)
  File "/home/airflow/.local/lib/python3.9/site-packages/airflow/operators/bash.py", line 243, in execute
    raise AirflowException(
airflow.exceptions.AirflowException: Bash command failed. The command returned a non-zero exit code 2.
[2025-08-08T02:35:23.016+0000] {taskinstance.py:1206} INFO - Marking task as FAILED. dag_id=climate_data, task_id=create_folder, run_id=scheduled__2025-03-31T00:00:00+00:00, execution_date=20250331T000000, start_date=20250808T023522, end_date=20250808T023523
[2025-08-08T02:35:23.038+0000] {standard_task_runner.py:110} ERROR - Failed to execute job 321 for task create_folder (Bash command failed. The command returned a non-zero exit code 2.; 815)
[2025-08-08T02:35:23.069+0000] {local_task_job_runner.py:240} INFO - Task exited with return code 1
[2025-08-08T02:35:23.085+0000] {taskinstance.py:3498} INFO - 0 downstream tasks scheduled from follow-on schedule check
[2025-08-08T02:35:23.088+0000] {local_task_job_runner.py:222} INFO - ::endgroup::
[2025-08-08T02:39:56.115+0000] {local_task_job_runner.py:120} INFO - ::group::Pre task execution logs
[2025-08-08T02:39:56.137+0000] {taskinstance.py:2076} INFO - Dependencies all met for dep_context=non-requeueable deps ti=<TaskInstance: climate_data.create_folder scheduled__2025-03-31T00:00:00+00:00 [queued]>
[2025-08-08T02:39:56.145+0000] {taskinstance.py:2076} INFO - Dependencies all met for dep_context=requeueable deps ti=<TaskInstance: climate_data.create_folder scheduled__2025-03-31T00:00:00+00:00 [queued]>
[2025-08-08T02:39:56.145+0000] {taskinstance.py:2306} INFO - Starting attempt 1 of 1
[2025-08-08T02:39:56.157+0000] {taskinstance.py:2330} INFO - Executing <Task(BashOperator): create_folder> on 2025-03-31 00:00:00+00:00
[2025-08-08T02:39:56.161+0000] {standard_task_runner.py:63} INFO - Started process 1978 to run task
[2025-08-08T02:39:56.164+0000] {standard_task_runner.py:90} INFO - Running: ['***', 'tasks', 'run', 'climate_data', 'create_folder', 'scheduled__2025-03-31T00:00:00+00:00', '--job-id', '606', '--raw', '--subdir', 'DAGS_FOLDER/climate_data.py', '--cfg-path', '/tmp/tmpxx54wn0s']
[2025-08-08T02:39:56.166+0000] {standard_task_runner.py:91} INFO - Job 606: Subtask create_folder
[2025-08-08T02:39:56.180+0000] {logging_mixin.py:188} WARNING - /home/***/.local/lib/python3.9/site-packages/***/settings.py:195 DeprecationWarning: The sql_alchemy_conn option in [core] has been moved to the sql_alchemy_conn option in [database] - the old setting has been used, but please update your config.
[2025-08-08T02:39:56.228+0000] {task_command.py:426} INFO - Running <TaskInstance: climate_data.create_folder scheduled__2025-03-31T00:00:00+00:00 [running]> on host 1a6f5acf67f4
[2025-08-08T02:39:56.302+0000] {taskinstance.py:2648} INFO - Exporting env vars: AIRFLOW_CTX_DAG_OWNER='***' AIRFLOW_CTX_DAG_ID='climate_data' AIRFLOW_CTX_TASK_ID='create_folder' AIRFLOW_CTX_EXECUTION_DATE='2025-03-31T00:00:00+00:00' AIRFLOW_CTX_TRY_NUMBER='1' AIRFLOW_CTX_DAG_RUN_ID='scheduled__2025-03-31T00:00:00+00:00'
[2025-08-08T02:39:56.303+0000] {taskinstance.py:430} INFO - ::endgroup::
[2025-08-08T02:39:56.312+0000] {subprocess.py:63} INFO - Tmp dir root location: /tmp
[2025-08-08T02:39:56.313+0000] {subprocess.py:75} INFO - Running command: ['/usr/bin/bash', '-c', 'mkdir -p /home/***/host_documents/week2025-04-07']
[2025-08-08T02:39:56.324+0000] {subprocess.py:86} INFO - Output:
[2025-08-08T02:39:56.331+0000] {subprocess.py:97} INFO - Command exited with return code 0
[2025-08-08T02:39:56.332+0000] {taskinstance.py:441} INFO - ::group::Post task execution logs
[2025-08-08T02:39:56.356+0000] {taskinstance.py:1206} INFO - Marking task as SUCCESS. dag_id=climate_data, task_id=create_folder, run_id=scheduled__2025-03-31T00:00:00+00:00, execution_date=20250331T000000, start_date=20250808T023956, end_date=20250808T023956
[2025-08-08T02:39:56.417+0000] {local_task_job_runner.py:240} INFO - Task exited with return code 0
[2025-08-08T02:39:56.437+0000] {taskinstance.py:3498} INFO - 1 downstream tasks scheduled from follow-on schedule check
[2025-08-08T02:39:56.439+0000] {local_task_job_runner.py:222} INFO - ::endgroup::
[2025-08-08T02:42:55.275+0000] {local_task_job_runner.py:120} INFO - ::group::Pre task execution logs
[2025-08-08T02:42:55.298+0000] {taskinstance.py:2076} INFO - Dependencies all met for dep_context=non-requeueable deps ti=<TaskInstance: climate_data.create_folder scheduled__2025-03-31T00:00:00+00:00 [queued]>
[2025-08-08T02:42:55.309+0000] {taskinstance.py:2076} INFO - Dependencies all met for dep_context=requeueable deps ti=<TaskInstance: climate_data.create_folder scheduled__2025-03-31T00:00:00+00:00 [queued]>
[2025-08-08T02:42:55.309+0000] {taskinstance.py:2306} INFO - Starting attempt 1 of 1
[2025-08-08T02:42:55.380+0000] {taskinstance.py:2330} INFO - Executing <Task(BashOperator): create_folder> on 2025-03-31 00:00:00+00:00
[2025-08-08T02:42:55.384+0000] {standard_task_runner.py:63} INFO - Started process 3151 to run task
[2025-08-08T02:42:55.386+0000] {standard_task_runner.py:90} INFO - Running: ['***', 'tasks', 'run', 'climate_data', 'create_folder', 'scheduled__2025-03-31T00:00:00+00:00', '--job-id', '912', '--raw', '--subdir', 'DAGS_FOLDER/climate_data.py', '--cfg-path', '/tmp/tmpxx61oqjt']
[2025-08-08T02:42:55.388+0000] {standard_task_runner.py:91} INFO - Job 912: Subtask create_folder
[2025-08-08T02:42:55.404+0000] {logging_mixin.py:188} WARNING - /home/***/.local/lib/python3.9/site-packages/***/settings.py:195 DeprecationWarning: The sql_alchemy_conn option in [core] has been moved to the sql_alchemy_conn option in [database] - the old setting has been used, but please update your config.
[2025-08-08T02:42:55.453+0000] {task_command.py:426} INFO - Running <TaskInstance: climate_data.create_folder scheduled__2025-03-31T00:00:00+00:00 [running]> on host 1a6f5acf67f4
[2025-08-08T02:42:55.531+0000] {taskinstance.py:2648} INFO - Exporting env vars: AIRFLOW_CTX_DAG_OWNER='***' AIRFLOW_CTX_DAG_ID='climate_data' AIRFLOW_CTX_TASK_ID='create_folder' AIRFLOW_CTX_EXECUTION_DATE='2025-03-31T00:00:00+00:00' AIRFLOW_CTX_TRY_NUMBER='1' AIRFLOW_CTX_DAG_RUN_ID='scheduled__2025-03-31T00:00:00+00:00'
[2025-08-08T02:42:55.533+0000] {taskinstance.py:430} INFO - ::endgroup::
[2025-08-08T02:42:55.544+0000] {subprocess.py:63} INFO - Tmp dir root location: /tmp
[2025-08-08T02:42:55.545+0000] {subprocess.py:75} INFO - Running command: ['/usr/bin/bash', '-c', 'mkdir -p "/home/***/host_documents/week2025-04-07"']
[2025-08-08T02:42:55.557+0000] {subprocess.py:86} INFO - Output:
[2025-08-08T02:42:55.561+0000] {subprocess.py:97} INFO - Command exited with return code 0
[2025-08-08T02:42:55.562+0000] {taskinstance.py:441} INFO - ::group::Post task execution logs
[2025-08-08T02:42:55.593+0000] {taskinstance.py:1206} INFO - Marking task as SUCCESS. dag_id=climate_data, task_id=create_folder, run_id=scheduled__2025-03-31T00:00:00+00:00, execution_date=20250331T000000, start_date=20250808T024255, end_date=20250808T024255
[2025-08-08T02:42:55.679+0000] {local_task_job_runner.py:240} INFO - Task exited with return code 0
[2025-08-08T02:42:55.697+0000] {taskinstance.py:3498} INFO - 1 downstream tasks scheduled from follow-on schedule check
[2025-08-08T02:42:55.700+0000] {local_task_job_runner.py:222} INFO - ::endgroup::
