[2025-08-08T02:26:27.444+0000] {local_task_job_runner.py:120} INFO - ::group::Pre task execution logs
[2025-08-08T02:26:27.467+0000] {taskinstance.py:2076} INFO - Dependencies all met for dep_context=non-requeueable deps ti=<TaskInstance: climate_data.create_folder scheduled__2023-03-06T00:00:00+00:00 [queued]>
[2025-08-08T02:26:27.474+0000] {taskinstance.py:2076} INFO - Dependencies all met for dep_context=requeueable deps ti=<TaskInstance: climate_data.create_folder scheduled__2023-03-06T00:00:00+00:00 [queued]>
[2025-08-08T02:26:27.475+0000] {taskinstance.py:2306} INFO - Starting attempt 1 of 1
[2025-08-08T02:26:27.485+0000] {taskinstance.py:2330} INFO - Executing <Task(BashOperator): create_folder> on 2023-03-06 00:00:00+00:00
[2025-08-08T02:26:27.489+0000] {standard_task_runner.py:63} INFO - Started process 332 to run task
[2025-08-08T02:26:27.492+0000] {standard_task_runner.py:90} INFO - Running: ['***', 'tasks', 'run', 'climate_data', 'create_folder', 'scheduled__2023-03-06T00:00:00+00:00', '--job-id', '57', '--raw', '--subdir', 'DAGS_FOLDER/climate_data.py', '--cfg-path', '/tmp/tmprq3sy1qd']
[2025-08-08T02:26:27.495+0000] {standard_task_runner.py:91} INFO - Job 57: Subtask create_folder
[2025-08-08T02:26:27.509+0000] {logging_mixin.py:188} WARNING - /home/***/.local/lib/python3.9/site-packages/***/settings.py:195 DeprecationWarning: The sql_alchemy_conn option in [core] has been moved to the sql_alchemy_conn option in [database] - the old setting has been used, but please update your config.
[2025-08-08T02:26:27.551+0000] {task_command.py:426} INFO - Running <TaskInstance: climate_data.create_folder scheduled__2023-03-06T00:00:00+00:00 [running]> on host 3ceab82043f1
[2025-08-08T02:26:27.617+0000] {taskinstance.py:2648} INFO - Exporting env vars: AIRFLOW_CTX_DAG_OWNER='***' AIRFLOW_CTX_DAG_ID='climate_data' AIRFLOW_CTX_TASK_ID='create_folder' AIRFLOW_CTX_EXECUTION_DATE='2023-03-06T00:00:00+00:00' AIRFLOW_CTX_TRY_NUMBER='1' AIRFLOW_CTX_DAG_RUN_ID='scheduled__2023-03-06T00:00:00+00:00'
[2025-08-08T02:26:27.618+0000] {taskinstance.py:430} INFO - ::endgroup::
[2025-08-08T02:26:27.627+0000] {subprocess.py:63} INFO - Tmp dir root location: /tmp
[2025-08-08T02:26:27.628+0000] {subprocess.py:75} INFO - Running command: ['/usr/bin/bash', '-c', 'mkdir -p /home/***/host_documents/week2023-03-13"']
[2025-08-08T02:26:27.636+0000] {subprocess.py:86} INFO - Output:
[2025-08-08T02:26:27.637+0000] {subprocess.py:93} INFO - /usr/bin/bash: -c: line 1: unexpected EOF while looking for matching `"'
[2025-08-08T02:26:27.637+0000] {subprocess.py:97} INFO - Command exited with return code 2
[2025-08-08T02:26:27.638+0000] {taskinstance.py:441} INFO - ::group::Post task execution logs
[2025-08-08T02:26:27.646+0000] {taskinstance.py:2905} ERROR - Task failed with exception
Traceback (most recent call last):
  File "/home/airflow/.local/lib/python3.9/site-packages/airflow/models/taskinstance.py", line 465, in _execute_task
    result = _execute_callable(context=context, **execute_callable_kwargs)
  File "/home/airflow/.local/lib/python3.9/site-packages/airflow/models/taskinstance.py", line 432, in _execute_callable
    return execute_callable(context=context, **execute_callable_kwargs)
  File "/home/airflow/.local/lib/python3.9/site-packages/airflow/models/baseoperator.py", line 400, in wrapper
    return func(self, *args, **kwargs)
  File "/home/airflow/.local/lib/python3.9/site-packages/airflow/operators/bash.py", line 243, in execute
    raise AirflowException(
airflow.exceptions.AirflowException: Bash command failed. The command returned a non-zero exit code 2.
[2025-08-08T02:26:27.649+0000] {taskinstance.py:1206} INFO - Marking task as FAILED. dag_id=climate_data, task_id=create_folder, run_id=scheduled__2023-03-06T00:00:00+00:00, execution_date=20230306T000000, start_date=20250808T022627, end_date=20250808T022627
[2025-08-08T02:26:27.657+0000] {standard_task_runner.py:110} ERROR - Failed to execute job 57 for task create_folder (Bash command failed. The command returned a non-zero exit code 2.; 332)
[2025-08-08T02:26:27.666+0000] {local_task_job_runner.py:240} INFO - Task exited with return code 1
[2025-08-08T02:26:27.684+0000] {taskinstance.py:3498} INFO - 0 downstream tasks scheduled from follow-on schedule check
[2025-08-08T02:26:27.687+0000] {local_task_job_runner.py:222} INFO - ::endgroup::
[2025-08-08T02:34:45.500+0000] {local_task_job_runner.py:120} INFO - ::group::Pre task execution logs
[2025-08-08T02:34:45.522+0000] {taskinstance.py:2076} INFO - Dependencies all met for dep_context=non-requeueable deps ti=<TaskInstance: climate_data.create_folder scheduled__2023-03-06T00:00:00+00:00 [queued]>
[2025-08-08T02:34:45.529+0000] {taskinstance.py:2076} INFO - Dependencies all met for dep_context=requeueable deps ti=<TaskInstance: climate_data.create_folder scheduled__2023-03-06T00:00:00+00:00 [queued]>
[2025-08-08T02:34:45.530+0000] {taskinstance.py:2306} INFO - Starting attempt 1 of 1
[2025-08-08T02:34:45.592+0000] {taskinstance.py:2330} INFO - Executing <Task(BashOperator): create_folder> on 2023-03-06 00:00:00+00:00
[2025-08-08T02:34:45.597+0000] {standard_task_runner.py:63} INFO - Started process 365 to run task
[2025-08-08T02:34:45.601+0000] {standard_task_runner.py:90} INFO - Running: ['***', 'tasks', 'run', 'climate_data', 'create_folder', 'scheduled__2023-03-06T00:00:00+00:00', '--job-id', '212', '--raw', '--subdir', 'DAGS_FOLDER/climate_data.py', '--cfg-path', '/tmp/tmpz_dcxk7g']
[2025-08-08T02:34:45.603+0000] {standard_task_runner.py:91} INFO - Job 212: Subtask create_folder
[2025-08-08T02:34:45.614+0000] {logging_mixin.py:188} WARNING - /home/***/.local/lib/python3.9/site-packages/***/settings.py:195 DeprecationWarning: The sql_alchemy_conn option in [core] has been moved to the sql_alchemy_conn option in [database] - the old setting has been used, but please update your config.
[2025-08-08T02:34:45.656+0000] {task_command.py:426} INFO - Running <TaskInstance: climate_data.create_folder scheduled__2023-03-06T00:00:00+00:00 [running]> on host 1a6f5acf67f4
[2025-08-08T02:34:45.715+0000] {taskinstance.py:2648} INFO - Exporting env vars: AIRFLOW_CTX_DAG_OWNER='***' AIRFLOW_CTX_DAG_ID='climate_data' AIRFLOW_CTX_TASK_ID='create_folder' AIRFLOW_CTX_EXECUTION_DATE='2023-03-06T00:00:00+00:00' AIRFLOW_CTX_TRY_NUMBER='1' AIRFLOW_CTX_DAG_RUN_ID='scheduled__2023-03-06T00:00:00+00:00'
[2025-08-08T02:34:45.716+0000] {taskinstance.py:430} INFO - ::endgroup::
[2025-08-08T02:34:45.724+0000] {subprocess.py:63} INFO - Tmp dir root location: /tmp
[2025-08-08T02:34:45.725+0000] {subprocess.py:75} INFO - Running command: ['/usr/bin/bash', '-c', 'mkdir -p /home/***/host_documents/week2023-03-13"']
[2025-08-08T02:34:45.732+0000] {subprocess.py:86} INFO - Output:
[2025-08-08T02:34:45.734+0000] {subprocess.py:93} INFO - /usr/bin/bash: -c: line 1: unexpected EOF while looking for matching `"'
[2025-08-08T02:34:45.734+0000] {subprocess.py:97} INFO - Command exited with return code 2
[2025-08-08T02:34:45.735+0000] {taskinstance.py:441} INFO - ::group::Post task execution logs
[2025-08-08T02:34:45.742+0000] {taskinstance.py:2905} ERROR - Task failed with exception
Traceback (most recent call last):
  File "/home/airflow/.local/lib/python3.9/site-packages/airflow/models/taskinstance.py", line 465, in _execute_task
    result = _execute_callable(context=context, **execute_callable_kwargs)
  File "/home/airflow/.local/lib/python3.9/site-packages/airflow/models/taskinstance.py", line 432, in _execute_callable
    return execute_callable(context=context, **execute_callable_kwargs)
  File "/home/airflow/.local/lib/python3.9/site-packages/airflow/models/baseoperator.py", line 400, in wrapper
    return func(self, *args, **kwargs)
  File "/home/airflow/.local/lib/python3.9/site-packages/airflow/operators/bash.py", line 243, in execute
    raise AirflowException(
airflow.exceptions.AirflowException: Bash command failed. The command returned a non-zero exit code 2.
[2025-08-08T02:34:45.744+0000] {taskinstance.py:1206} INFO - Marking task as FAILED. dag_id=climate_data, task_id=create_folder, run_id=scheduled__2023-03-06T00:00:00+00:00, execution_date=20230306T000000, start_date=20250808T023445, end_date=20250808T023445
[2025-08-08T02:34:45.753+0000] {standard_task_runner.py:110} ERROR - Failed to execute job 212 for task create_folder (Bash command failed. The command returned a non-zero exit code 2.; 365)
[2025-08-08T02:34:45.773+0000] {local_task_job_runner.py:240} INFO - Task exited with return code 1
[2025-08-08T02:34:45.789+0000] {taskinstance.py:3498} INFO - 0 downstream tasks scheduled from follow-on schedule check
[2025-08-08T02:34:45.792+0000] {local_task_job_runner.py:222} INFO - ::endgroup::
[2025-08-08T02:39:19.643+0000] {local_task_job_runner.py:120} INFO - ::group::Pre task execution logs
[2025-08-08T02:39:19.674+0000] {taskinstance.py:2076} INFO - Dependencies all met for dep_context=non-requeueable deps ti=<TaskInstance: climate_data.create_folder scheduled__2023-03-06T00:00:00+00:00 [queued]>
[2025-08-08T02:39:19.686+0000] {taskinstance.py:2076} INFO - Dependencies all met for dep_context=requeueable deps ti=<TaskInstance: climate_data.create_folder scheduled__2023-03-06T00:00:00+00:00 [queued]>
[2025-08-08T02:39:19.686+0000] {taskinstance.py:2306} INFO - Starting attempt 1 of 1
[2025-08-08T02:39:19.756+0000] {taskinstance.py:2330} INFO - Executing <Task(BashOperator): create_folder> on 2023-03-06 00:00:00+00:00
[2025-08-08T02:39:19.761+0000] {standard_task_runner.py:63} INFO - Started process 1208 to run task
[2025-08-08T02:39:19.764+0000] {standard_task_runner.py:90} INFO - Running: ['***', 'tasks', 'run', 'climate_data', 'create_folder', 'scheduled__2023-03-06T00:00:00+00:00', '--job-id', '389', '--raw', '--subdir', 'DAGS_FOLDER/climate_data.py', '--cfg-path', '/tmp/tmpnb8ku1w9']
[2025-08-08T02:39:19.766+0000] {standard_task_runner.py:91} INFO - Job 389: Subtask create_folder
[2025-08-08T02:39:19.783+0000] {logging_mixin.py:188} WARNING - /home/***/.local/lib/python3.9/site-packages/***/settings.py:195 DeprecationWarning: The sql_alchemy_conn option in [core] has been moved to the sql_alchemy_conn option in [database] - the old setting has been used, but please update your config.
[2025-08-08T02:39:19.836+0000] {task_command.py:426} INFO - Running <TaskInstance: climate_data.create_folder scheduled__2023-03-06T00:00:00+00:00 [running]> on host 1a6f5acf67f4
[2025-08-08T02:39:19.906+0000] {taskinstance.py:2648} INFO - Exporting env vars: AIRFLOW_CTX_DAG_OWNER='***' AIRFLOW_CTX_DAG_ID='climate_data' AIRFLOW_CTX_TASK_ID='create_folder' AIRFLOW_CTX_EXECUTION_DATE='2023-03-06T00:00:00+00:00' AIRFLOW_CTX_TRY_NUMBER='1' AIRFLOW_CTX_DAG_RUN_ID='scheduled__2023-03-06T00:00:00+00:00'
[2025-08-08T02:39:19.908+0000] {taskinstance.py:430} INFO - ::endgroup::
[2025-08-08T02:39:19.919+0000] {subprocess.py:63} INFO - Tmp dir root location: /tmp
[2025-08-08T02:39:19.920+0000] {subprocess.py:75} INFO - Running command: ['/usr/bin/bash', '-c', 'mkdir -p /home/***/host_documents/week2023-03-13']
[2025-08-08T02:39:19.932+0000] {subprocess.py:86} INFO - Output:
[2025-08-08T02:39:19.936+0000] {subprocess.py:97} INFO - Command exited with return code 0
[2025-08-08T02:39:19.937+0000] {taskinstance.py:441} INFO - ::group::Post task execution logs
[2025-08-08T02:39:19.961+0000] {taskinstance.py:1206} INFO - Marking task as SUCCESS. dag_id=climate_data, task_id=create_folder, run_id=scheduled__2023-03-06T00:00:00+00:00, execution_date=20230306T000000, start_date=20250808T023919, end_date=20250808T023919
[2025-08-08T02:39:20.057+0000] {local_task_job_runner.py:240} INFO - Task exited with return code 0
[2025-08-08T02:39:20.078+0000] {taskinstance.py:3498} INFO - 1 downstream tasks scheduled from follow-on schedule check
[2025-08-08T02:39:20.080+0000] {local_task_job_runner.py:222} INFO - ::endgroup::
[2025-08-08T02:42:17.588+0000] {local_task_job_runner.py:120} INFO - ::group::Pre task execution logs
[2025-08-08T02:42:17.616+0000] {taskinstance.py:2076} INFO - Dependencies all met for dep_context=non-requeueable deps ti=<TaskInstance: climate_data.create_folder scheduled__2023-03-06T00:00:00+00:00 [queued]>
[2025-08-08T02:42:17.626+0000] {taskinstance.py:2076} INFO - Dependencies all met for dep_context=requeueable deps ti=<TaskInstance: climate_data.create_folder scheduled__2023-03-06T00:00:00+00:00 [queued]>
[2025-08-08T02:42:17.627+0000] {taskinstance.py:2306} INFO - Starting attempt 1 of 1
[2025-08-08T02:42:17.710+0000] {taskinstance.py:2330} INFO - Executing <Task(BashOperator): create_folder> on 2023-03-06 00:00:00+00:00
[2025-08-08T02:42:17.714+0000] {standard_task_runner.py:63} INFO - Started process 2383 to run task
[2025-08-08T02:42:17.717+0000] {standard_task_runner.py:90} INFO - Running: ['***', 'tasks', 'run', 'climate_data', 'create_folder', 'scheduled__2023-03-06T00:00:00+00:00', '--job-id', '697', '--raw', '--subdir', 'DAGS_FOLDER/climate_data.py', '--cfg-path', '/tmp/tmp0kp0p9xo']
[2025-08-08T02:42:17.720+0000] {standard_task_runner.py:91} INFO - Job 697: Subtask create_folder
[2025-08-08T02:42:17.735+0000] {logging_mixin.py:188} WARNING - /home/***/.local/lib/python3.9/site-packages/***/settings.py:195 DeprecationWarning: The sql_alchemy_conn option in [core] has been moved to the sql_alchemy_conn option in [database] - the old setting has been used, but please update your config.
[2025-08-08T02:42:17.788+0000] {task_command.py:426} INFO - Running <TaskInstance: climate_data.create_folder scheduled__2023-03-06T00:00:00+00:00 [running]> on host 1a6f5acf67f4
[2025-08-08T02:42:17.854+0000] {taskinstance.py:2648} INFO - Exporting env vars: AIRFLOW_CTX_DAG_OWNER='***' AIRFLOW_CTX_DAG_ID='climate_data' AIRFLOW_CTX_TASK_ID='create_folder' AIRFLOW_CTX_EXECUTION_DATE='2023-03-06T00:00:00+00:00' AIRFLOW_CTX_TRY_NUMBER='1' AIRFLOW_CTX_DAG_RUN_ID='scheduled__2023-03-06T00:00:00+00:00'
[2025-08-08T02:42:17.855+0000] {taskinstance.py:430} INFO - ::endgroup::
[2025-08-08T02:42:17.865+0000] {subprocess.py:63} INFO - Tmp dir root location: /tmp
[2025-08-08T02:42:17.866+0000] {subprocess.py:75} INFO - Running command: ['/usr/bin/bash', '-c', 'mkdir -p "/home/***/host_documents/week2023-03-13"']
[2025-08-08T02:42:17.876+0000] {subprocess.py:86} INFO - Output:
[2025-08-08T02:42:17.880+0000] {subprocess.py:97} INFO - Command exited with return code 0
[2025-08-08T02:42:17.881+0000] {taskinstance.py:441} INFO - ::group::Post task execution logs
[2025-08-08T02:42:17.902+0000] {taskinstance.py:1206} INFO - Marking task as SUCCESS. dag_id=climate_data, task_id=create_folder, run_id=scheduled__2023-03-06T00:00:00+00:00, execution_date=20230306T000000, start_date=20250808T024217, end_date=20250808T024217
[2025-08-08T02:42:17.970+0000] {local_task_job_runner.py:240} INFO - Task exited with return code 0
[2025-08-08T02:42:17.987+0000] {taskinstance.py:3498} INFO - 1 downstream tasks scheduled from follow-on schedule check
[2025-08-08T02:42:17.989+0000] {local_task_job_runner.py:222} INFO - ::endgroup::
