[2025-08-08T02:26:38.400+0000] {local_task_job_runner.py:120} INFO - ::group::Pre task execution logs
[2025-08-08T02:26:38.424+0000] {taskinstance.py:2076} INFO - Dependencies all met for dep_context=non-requeueable deps ti=<TaskInstance: climate_data.create_folder scheduled__2023-10-02T00:00:00+00:00 [queued]>
[2025-08-08T02:26:38.431+0000] {taskinstance.py:2076} INFO - Dependencies all met for dep_context=requeueable deps ti=<TaskInstance: climate_data.create_folder scheduled__2023-10-02T00:00:00+00:00 [queued]>
[2025-08-08T02:26:38.432+0000] {taskinstance.py:2306} INFO - Starting attempt 1 of 1
[2025-08-08T02:26:38.491+0000] {taskinstance.py:2330} INFO - Executing <Task(BashOperator): create_folder> on 2023-10-02 00:00:00+00:00
[2025-08-08T02:26:38.496+0000] {standard_task_runner.py:63} INFO - Started process 454 to run task
[2025-08-08T02:26:38.499+0000] {standard_task_runner.py:90} INFO - Running: ['***', 'tasks', 'run', 'climate_data', 'create_folder', 'scheduled__2023-10-02T00:00:00+00:00', '--job-id', '87', '--raw', '--subdir', 'DAGS_FOLDER/climate_data.py', '--cfg-path', '/tmp/tmpz_wkw7ja']
[2025-08-08T02:26:38.501+0000] {standard_task_runner.py:91} INFO - Job 87: Subtask create_folder
[2025-08-08T02:26:38.514+0000] {logging_mixin.py:188} WARNING - /home/***/.local/lib/python3.9/site-packages/***/settings.py:195 DeprecationWarning: The sql_alchemy_conn option in [core] has been moved to the sql_alchemy_conn option in [database] - the old setting has been used, but please update your config.
[2025-08-08T02:26:38.559+0000] {task_command.py:426} INFO - Running <TaskInstance: climate_data.create_folder scheduled__2023-10-02T00:00:00+00:00 [running]> on host 3ceab82043f1
[2025-08-08T02:26:38.626+0000] {taskinstance.py:2648} INFO - Exporting env vars: AIRFLOW_CTX_DAG_OWNER='***' AIRFLOW_CTX_DAG_ID='climate_data' AIRFLOW_CTX_TASK_ID='create_folder' AIRFLOW_CTX_EXECUTION_DATE='2023-10-02T00:00:00+00:00' AIRFLOW_CTX_TRY_NUMBER='1' AIRFLOW_CTX_DAG_RUN_ID='scheduled__2023-10-02T00:00:00+00:00'
[2025-08-08T02:26:38.627+0000] {taskinstance.py:430} INFO - ::endgroup::
[2025-08-08T02:26:38.635+0000] {subprocess.py:63} INFO - Tmp dir root location: /tmp
[2025-08-08T02:26:38.636+0000] {subprocess.py:75} INFO - Running command: ['/usr/bin/bash', '-c', 'mkdir -p /home/***/host_documents/week2023-10-09"']
[2025-08-08T02:26:38.645+0000] {subprocess.py:86} INFO - Output:
[2025-08-08T02:26:38.646+0000] {subprocess.py:93} INFO - /usr/bin/bash: -c: line 1: unexpected EOF while looking for matching `"'
[2025-08-08T02:26:38.647+0000] {subprocess.py:97} INFO - Command exited with return code 2
[2025-08-08T02:26:38.648+0000] {taskinstance.py:441} INFO - ::group::Post task execution logs
[2025-08-08T02:26:38.659+0000] {taskinstance.py:2905} ERROR - Task failed with exception
Traceback (most recent call last):
  File "/home/airflow/.local/lib/python3.9/site-packages/airflow/models/taskinstance.py", line 465, in _execute_task
    result = _execute_callable(context=context, **execute_callable_kwargs)
  File "/home/airflow/.local/lib/python3.9/site-packages/airflow/models/taskinstance.py", line 432, in _execute_callable
    return execute_callable(context=context, **execute_callable_kwargs)
  File "/home/airflow/.local/lib/python3.9/site-packages/airflow/models/baseoperator.py", line 400, in wrapper
    return func(self, *args, **kwargs)
  File "/home/airflow/.local/lib/python3.9/site-packages/airflow/operators/bash.py", line 243, in execute
    raise AirflowException(
airflow.exceptions.AirflowException: Bash command failed. The command returned a non-zero exit code 2.
[2025-08-08T02:26:38.663+0000] {taskinstance.py:1206} INFO - Marking task as FAILED. dag_id=climate_data, task_id=create_folder, run_id=scheduled__2023-10-02T00:00:00+00:00, execution_date=20231002T000000, start_date=20250808T022638, end_date=20250808T022638
[2025-08-08T02:26:38.706+0000] {standard_task_runner.py:110} ERROR - Failed to execute job 87 for task create_folder (Bash command failed. The command returned a non-zero exit code 2.; 454)
[2025-08-08T02:26:38.714+0000] {local_task_job_runner.py:240} INFO - Task exited with return code 1
[2025-08-08T02:26:38.728+0000] {taskinstance.py:3498} INFO - 0 downstream tasks scheduled from follow-on schedule check
[2025-08-08T02:26:38.733+0000] {local_task_job_runner.py:222} INFO - ::endgroup::
[2025-08-08T02:34:57.568+0000] {local_task_job_runner.py:120} INFO - ::group::Pre task execution logs
[2025-08-08T02:34:57.591+0000] {taskinstance.py:2076} INFO - Dependencies all met for dep_context=non-requeueable deps ti=<TaskInstance: climate_data.create_folder scheduled__2023-10-02T00:00:00+00:00 [queued]>
[2025-08-08T02:34:57.599+0000] {taskinstance.py:2076} INFO - Dependencies all met for dep_context=requeueable deps ti=<TaskInstance: climate_data.create_folder scheduled__2023-10-02T00:00:00+00:00 [queued]>
[2025-08-08T02:34:57.600+0000] {taskinstance.py:2306} INFO - Starting attempt 1 of 1
[2025-08-08T02:34:57.610+0000] {taskinstance.py:2330} INFO - Executing <Task(BashOperator): create_folder> on 2023-10-02 00:00:00+00:00
[2025-08-08T02:34:57.614+0000] {standard_task_runner.py:63} INFO - Started process 500 to run task
[2025-08-08T02:34:57.617+0000] {standard_task_runner.py:90} INFO - Running: ['***', 'tasks', 'run', 'climate_data', 'create_folder', 'scheduled__2023-10-02T00:00:00+00:00', '--job-id', '242', '--raw', '--subdir', 'DAGS_FOLDER/climate_data.py', '--cfg-path', '/tmp/tmphs9u8du1']
[2025-08-08T02:34:57.619+0000] {standard_task_runner.py:91} INFO - Job 242: Subtask create_folder
[2025-08-08T02:34:57.632+0000] {logging_mixin.py:188} WARNING - /home/***/.local/lib/python3.9/site-packages/***/settings.py:195 DeprecationWarning: The sql_alchemy_conn option in [core] has been moved to the sql_alchemy_conn option in [database] - the old setting has been used, but please update your config.
[2025-08-08T02:34:57.678+0000] {task_command.py:426} INFO - Running <TaskInstance: climate_data.create_folder scheduled__2023-10-02T00:00:00+00:00 [running]> on host 1a6f5acf67f4
[2025-08-08T02:34:57.746+0000] {taskinstance.py:2648} INFO - Exporting env vars: AIRFLOW_CTX_DAG_OWNER='***' AIRFLOW_CTX_DAG_ID='climate_data' AIRFLOW_CTX_TASK_ID='create_folder' AIRFLOW_CTX_EXECUTION_DATE='2023-10-02T00:00:00+00:00' AIRFLOW_CTX_TRY_NUMBER='1' AIRFLOW_CTX_DAG_RUN_ID='scheduled__2023-10-02T00:00:00+00:00'
[2025-08-08T02:34:57.747+0000] {taskinstance.py:430} INFO - ::endgroup::
[2025-08-08T02:34:57.756+0000] {subprocess.py:63} INFO - Tmp dir root location: /tmp
[2025-08-08T02:34:57.757+0000] {subprocess.py:75} INFO - Running command: ['/usr/bin/bash', '-c', 'mkdir -p /home/***/host_documents/week2023-10-09"']
[2025-08-08T02:34:57.768+0000] {subprocess.py:86} INFO - Output:
[2025-08-08T02:34:57.769+0000] {subprocess.py:93} INFO - /usr/bin/bash: -c: line 1: unexpected EOF while looking for matching `"'
[2025-08-08T02:34:57.769+0000] {subprocess.py:97} INFO - Command exited with return code 2
[2025-08-08T02:34:57.771+0000] {taskinstance.py:441} INFO - ::group::Post task execution logs
[2025-08-08T02:34:57.781+0000] {taskinstance.py:2905} ERROR - Task failed with exception
Traceback (most recent call last):
  File "/home/airflow/.local/lib/python3.9/site-packages/airflow/models/taskinstance.py", line 465, in _execute_task
    result = _execute_callable(context=context, **execute_callable_kwargs)
  File "/home/airflow/.local/lib/python3.9/site-packages/airflow/models/taskinstance.py", line 432, in _execute_callable
    return execute_callable(context=context, **execute_callable_kwargs)
  File "/home/airflow/.local/lib/python3.9/site-packages/airflow/models/baseoperator.py", line 400, in wrapper
    return func(self, *args, **kwargs)
  File "/home/airflow/.local/lib/python3.9/site-packages/airflow/operators/bash.py", line 243, in execute
    raise AirflowException(
airflow.exceptions.AirflowException: Bash command failed. The command returned a non-zero exit code 2.
[2025-08-08T02:34:57.784+0000] {taskinstance.py:1206} INFO - Marking task as FAILED. dag_id=climate_data, task_id=create_folder, run_id=scheduled__2023-10-02T00:00:00+00:00, execution_date=20231002T000000, start_date=20250808T023457, end_date=20250808T023457
[2025-08-08T02:34:57.803+0000] {standard_task_runner.py:110} ERROR - Failed to execute job 242 for task create_folder (Bash command failed. The command returned a non-zero exit code 2.; 500)
[2025-08-08T02:34:57.829+0000] {local_task_job_runner.py:240} INFO - Task exited with return code 1
[2025-08-08T02:34:57.850+0000] {taskinstance.py:3498} INFO - 0 downstream tasks scheduled from follow-on schedule check
[2025-08-08T02:34:57.854+0000] {local_task_job_runner.py:222} INFO - ::endgroup::
[2025-08-08T02:39:29.939+0000] {local_task_job_runner.py:120} INFO - ::group::Pre task execution logs
[2025-08-08T02:39:29.963+0000] {taskinstance.py:2076} INFO - Dependencies all met for dep_context=non-requeueable deps ti=<TaskInstance: climate_data.create_folder scheduled__2023-10-02T00:00:00+00:00 [queued]>
[2025-08-08T02:39:29.973+0000] {taskinstance.py:2076} INFO - Dependencies all met for dep_context=requeueable deps ti=<TaskInstance: climate_data.create_folder scheduled__2023-10-02T00:00:00+00:00 [queued]>
[2025-08-08T02:39:29.974+0000] {taskinstance.py:2306} INFO - Starting attempt 1 of 1
[2025-08-08T02:39:29.986+0000] {taskinstance.py:2330} INFO - Executing <Task(BashOperator): create_folder> on 2023-10-02 00:00:00+00:00
[2025-08-08T02:39:29.992+0000] {standard_task_runner.py:63} INFO - Started process 1426 to run task
[2025-08-08T02:39:29.996+0000] {standard_task_runner.py:90} INFO - Running: ['***', 'tasks', 'run', 'climate_data', 'create_folder', 'scheduled__2023-10-02T00:00:00+00:00', '--job-id', '449', '--raw', '--subdir', 'DAGS_FOLDER/climate_data.py', '--cfg-path', '/tmp/tmpgkf5rmv_']
[2025-08-08T02:39:29.998+0000] {standard_task_runner.py:91} INFO - Job 449: Subtask create_folder
[2025-08-08T02:39:30.015+0000] {logging_mixin.py:188} WARNING - /home/***/.local/lib/python3.9/site-packages/***/settings.py:195 DeprecationWarning: The sql_alchemy_conn option in [core] has been moved to the sql_alchemy_conn option in [database] - the old setting has been used, but please update your config.
[2025-08-08T02:39:30.063+0000] {task_command.py:426} INFO - Running <TaskInstance: climate_data.create_folder scheduled__2023-10-02T00:00:00+00:00 [running]> on host 1a6f5acf67f4
[2025-08-08T02:39:30.157+0000] {taskinstance.py:2648} INFO - Exporting env vars: AIRFLOW_CTX_DAG_OWNER='***' AIRFLOW_CTX_DAG_ID='climate_data' AIRFLOW_CTX_TASK_ID='create_folder' AIRFLOW_CTX_EXECUTION_DATE='2023-10-02T00:00:00+00:00' AIRFLOW_CTX_TRY_NUMBER='1' AIRFLOW_CTX_DAG_RUN_ID='scheduled__2023-10-02T00:00:00+00:00'
[2025-08-08T02:39:30.158+0000] {taskinstance.py:430} INFO - ::endgroup::
[2025-08-08T02:39:30.171+0000] {subprocess.py:63} INFO - Tmp dir root location: /tmp
[2025-08-08T02:39:30.173+0000] {subprocess.py:75} INFO - Running command: ['/usr/bin/bash', '-c', 'mkdir -p /home/***/host_documents/week2023-10-09']
[2025-08-08T02:39:30.184+0000] {subprocess.py:86} INFO - Output:
[2025-08-08T02:39:30.190+0000] {subprocess.py:97} INFO - Command exited with return code 0
[2025-08-08T02:39:30.192+0000] {taskinstance.py:441} INFO - ::group::Post task execution logs
[2025-08-08T02:39:30.214+0000] {taskinstance.py:1206} INFO - Marking task as SUCCESS. dag_id=climate_data, task_id=create_folder, run_id=scheduled__2023-10-02T00:00:00+00:00, execution_date=20231002T000000, start_date=20250808T023929, end_date=20250808T023930
[2025-08-08T02:39:30.290+0000] {local_task_job_runner.py:240} INFO - Task exited with return code 0
[2025-08-08T02:39:30.310+0000] {taskinstance.py:3498} INFO - 1 downstream tasks scheduled from follow-on schedule check
[2025-08-08T02:39:30.312+0000] {local_task_job_runner.py:222} INFO - ::endgroup::
[2025-08-08T02:42:28.579+0000] {local_task_job_runner.py:120} INFO - ::group::Pre task execution logs
[2025-08-08T02:42:28.602+0000] {taskinstance.py:2076} INFO - Dependencies all met for dep_context=non-requeueable deps ti=<TaskInstance: climate_data.create_folder scheduled__2023-10-02T00:00:00+00:00 [queued]>
[2025-08-08T02:42:28.611+0000] {taskinstance.py:2076} INFO - Dependencies all met for dep_context=requeueable deps ti=<TaskInstance: climate_data.create_folder scheduled__2023-10-02T00:00:00+00:00 [queued]>
[2025-08-08T02:42:28.614+0000] {taskinstance.py:2306} INFO - Starting attempt 1 of 1
[2025-08-08T02:42:28.626+0000] {taskinstance.py:2330} INFO - Executing <Task(BashOperator): create_folder> on 2023-10-02 00:00:00+00:00
[2025-08-08T02:42:28.633+0000] {standard_task_runner.py:63} INFO - Started process 2593 to run task
[2025-08-08T02:42:28.637+0000] {standard_task_runner.py:90} INFO - Running: ['***', 'tasks', 'run', 'climate_data', 'create_folder', 'scheduled__2023-10-02T00:00:00+00:00', '--job-id', '756', '--raw', '--subdir', 'DAGS_FOLDER/climate_data.py', '--cfg-path', '/tmp/tmpcybek3tg']
[2025-08-08T02:42:28.642+0000] {standard_task_runner.py:91} INFO - Job 756: Subtask create_folder
[2025-08-08T02:42:28.659+0000] {logging_mixin.py:188} WARNING - /home/***/.local/lib/python3.9/site-packages/***/settings.py:195 DeprecationWarning: The sql_alchemy_conn option in [core] has been moved to the sql_alchemy_conn option in [database] - the old setting has been used, but please update your config.
[2025-08-08T02:42:28.713+0000] {task_command.py:426} INFO - Running <TaskInstance: climate_data.create_folder scheduled__2023-10-02T00:00:00+00:00 [running]> on host 1a6f5acf67f4
[2025-08-08T02:42:28.795+0000] {taskinstance.py:2648} INFO - Exporting env vars: AIRFLOW_CTX_DAG_OWNER='***' AIRFLOW_CTX_DAG_ID='climate_data' AIRFLOW_CTX_TASK_ID='create_folder' AIRFLOW_CTX_EXECUTION_DATE='2023-10-02T00:00:00+00:00' AIRFLOW_CTX_TRY_NUMBER='1' AIRFLOW_CTX_DAG_RUN_ID='scheduled__2023-10-02T00:00:00+00:00'
[2025-08-08T02:42:28.796+0000] {taskinstance.py:430} INFO - ::endgroup::
[2025-08-08T02:42:28.805+0000] {subprocess.py:63} INFO - Tmp dir root location: /tmp
[2025-08-08T02:42:28.806+0000] {subprocess.py:75} INFO - Running command: ['/usr/bin/bash', '-c', 'mkdir -p "/home/***/host_documents/week2023-10-09"']
[2025-08-08T02:42:28.816+0000] {subprocess.py:86} INFO - Output:
[2025-08-08T02:42:28.822+0000] {subprocess.py:97} INFO - Command exited with return code 0
[2025-08-08T02:42:28.827+0000] {taskinstance.py:441} INFO - ::group::Post task execution logs
[2025-08-08T02:42:28.853+0000] {taskinstance.py:1206} INFO - Marking task as SUCCESS. dag_id=climate_data, task_id=create_folder, run_id=scheduled__2023-10-02T00:00:00+00:00, execution_date=20231002T000000, start_date=20250808T024228, end_date=20250808T024228
[2025-08-08T02:42:28.931+0000] {local_task_job_runner.py:240} INFO - Task exited with return code 0
[2025-08-08T02:42:28.960+0000] {taskinstance.py:3498} INFO - 1 downstream tasks scheduled from follow-on schedule check
[2025-08-08T02:42:28.962+0000] {local_task_job_runner.py:222} INFO - ::endgroup::
