[2025-08-08T02:26:44.033+0000] {local_task_job_runner.py:120} INFO - ::group::Pre task execution logs
[2025-08-08T02:26:44.060+0000] {taskinstance.py:2076} INFO - Dependencies all met for dep_context=non-requeueable deps ti=<TaskInstance: climate_data.create_folder scheduled__2024-03-11T00:00:00+00:00 [queued]>
[2025-08-08T02:26:44.068+0000] {taskinstance.py:2076} INFO - Dependencies all met for dep_context=requeueable deps ti=<TaskInstance: climate_data.create_folder scheduled__2024-03-11T00:00:00+00:00 [queued]>
[2025-08-08T02:26:44.069+0000] {taskinstance.py:2306} INFO - Starting attempt 1 of 1
[2025-08-08T02:26:44.081+0000] {taskinstance.py:2330} INFO - Executing <Task(BashOperator): create_folder> on 2024-03-11 00:00:00+00:00
[2025-08-08T02:26:44.086+0000] {standard_task_runner.py:63} INFO - Started process 560 to run task
[2025-08-08T02:26:44.089+0000] {standard_task_runner.py:90} INFO - Running: ['***', 'tasks', 'run', 'climate_data', 'create_folder', 'scheduled__2024-03-11T00:00:00+00:00', '--job-id', '110', '--raw', '--subdir', 'DAGS_FOLDER/climate_data.py', '--cfg-path', '/tmp/tmpovift_uh']
[2025-08-08T02:26:44.090+0000] {standard_task_runner.py:91} INFO - Job 110: Subtask create_folder
[2025-08-08T02:26:44.107+0000] {logging_mixin.py:188} WARNING - /home/***/.local/lib/python3.9/site-packages/***/settings.py:195 DeprecationWarning: The sql_alchemy_conn option in [core] has been moved to the sql_alchemy_conn option in [database] - the old setting has been used, but please update your config.
[2025-08-08T02:26:44.148+0000] {task_command.py:426} INFO - Running <TaskInstance: climate_data.create_folder scheduled__2024-03-11T00:00:00+00:00 [running]> on host 3ceab82043f1
[2025-08-08T02:26:44.232+0000] {taskinstance.py:2648} INFO - Exporting env vars: AIRFLOW_CTX_DAG_OWNER='***' AIRFLOW_CTX_DAG_ID='climate_data' AIRFLOW_CTX_TASK_ID='create_folder' AIRFLOW_CTX_EXECUTION_DATE='2024-03-11T00:00:00+00:00' AIRFLOW_CTX_TRY_NUMBER='1' AIRFLOW_CTX_DAG_RUN_ID='scheduled__2024-03-11T00:00:00+00:00'
[2025-08-08T02:26:44.234+0000] {taskinstance.py:430} INFO - ::endgroup::
[2025-08-08T02:26:44.244+0000] {subprocess.py:63} INFO - Tmp dir root location: /tmp
[2025-08-08T02:26:44.246+0000] {subprocess.py:75} INFO - Running command: ['/usr/bin/bash', '-c', 'mkdir -p /home/***/host_documents/week2024-03-18"']
[2025-08-08T02:26:44.256+0000] {subprocess.py:86} INFO - Output:
[2025-08-08T02:26:44.257+0000] {subprocess.py:93} INFO - /usr/bin/bash: -c: line 1: unexpected EOF while looking for matching `"'
[2025-08-08T02:26:44.258+0000] {subprocess.py:97} INFO - Command exited with return code 2
[2025-08-08T02:26:44.258+0000] {taskinstance.py:441} INFO - ::group::Post task execution logs
[2025-08-08T02:26:44.267+0000] {taskinstance.py:2905} ERROR - Task failed with exception
Traceback (most recent call last):
  File "/home/airflow/.local/lib/python3.9/site-packages/airflow/models/taskinstance.py", line 465, in _execute_task
    result = _execute_callable(context=context, **execute_callable_kwargs)
  File "/home/airflow/.local/lib/python3.9/site-packages/airflow/models/taskinstance.py", line 432, in _execute_callable
    return execute_callable(context=context, **execute_callable_kwargs)
  File "/home/airflow/.local/lib/python3.9/site-packages/airflow/models/baseoperator.py", line 400, in wrapper
    return func(self, *args, **kwargs)
  File "/home/airflow/.local/lib/python3.9/site-packages/airflow/operators/bash.py", line 243, in execute
    raise AirflowException(
airflow.exceptions.AirflowException: Bash command failed. The command returned a non-zero exit code 2.
[2025-08-08T02:26:44.269+0000] {taskinstance.py:1206} INFO - Marking task as FAILED. dag_id=climate_data, task_id=create_folder, run_id=scheduled__2024-03-11T00:00:00+00:00, execution_date=20240311T000000, start_date=20250808T022644, end_date=20250808T022644
[2025-08-08T02:26:44.282+0000] {standard_task_runner.py:110} ERROR - Failed to execute job 110 for task create_folder (Bash command failed. The command returned a non-zero exit code 2.; 560)
[2025-08-08T02:26:44.301+0000] {local_task_job_runner.py:240} INFO - Task exited with return code 1
[2025-08-08T02:26:44.318+0000] {taskinstance.py:3498} INFO - 0 downstream tasks scheduled from follow-on schedule check
[2025-08-08T02:26:44.323+0000] {local_task_job_runner.py:222} INFO - ::endgroup::
[2025-08-08T02:35:04.636+0000] {local_task_job_runner.py:120} INFO - ::group::Pre task execution logs
[2025-08-08T02:35:04.660+0000] {taskinstance.py:2076} INFO - Dependencies all met for dep_context=non-requeueable deps ti=<TaskInstance: climate_data.create_folder scheduled__2024-03-11T00:00:00+00:00 [queued]>
[2025-08-08T02:35:04.670+0000] {taskinstance.py:2076} INFO - Dependencies all met for dep_context=requeueable deps ti=<TaskInstance: climate_data.create_folder scheduled__2024-03-11T00:00:00+00:00 [queued]>
[2025-08-08T02:35:04.670+0000] {taskinstance.py:2306} INFO - Starting attempt 1 of 1
[2025-08-08T02:35:04.679+0000] {taskinstance.py:2330} INFO - Executing <Task(BashOperator): create_folder> on 2024-03-11 00:00:00+00:00
[2025-08-08T02:35:04.683+0000] {standard_task_runner.py:63} INFO - Started process 595 to run task
[2025-08-08T02:35:04.686+0000] {standard_task_runner.py:90} INFO - Running: ['***', 'tasks', 'run', 'climate_data', 'create_folder', 'scheduled__2024-03-11T00:00:00+00:00', '--job-id', '266', '--raw', '--subdir', 'DAGS_FOLDER/climate_data.py', '--cfg-path', '/tmp/tmpoxip255c']
[2025-08-08T02:35:04.688+0000] {standard_task_runner.py:91} INFO - Job 266: Subtask create_folder
[2025-08-08T02:35:04.700+0000] {logging_mixin.py:188} WARNING - /home/***/.local/lib/python3.9/site-packages/***/settings.py:195 DeprecationWarning: The sql_alchemy_conn option in [core] has been moved to the sql_alchemy_conn option in [database] - the old setting has been used, but please update your config.
[2025-08-08T02:35:04.748+0000] {task_command.py:426} INFO - Running <TaskInstance: climate_data.create_folder scheduled__2024-03-11T00:00:00+00:00 [running]> on host 1a6f5acf67f4
[2025-08-08T02:35:04.817+0000] {taskinstance.py:2648} INFO - Exporting env vars: AIRFLOW_CTX_DAG_OWNER='***' AIRFLOW_CTX_DAG_ID='climate_data' AIRFLOW_CTX_TASK_ID='create_folder' AIRFLOW_CTX_EXECUTION_DATE='2024-03-11T00:00:00+00:00' AIRFLOW_CTX_TRY_NUMBER='1' AIRFLOW_CTX_DAG_RUN_ID='scheduled__2024-03-11T00:00:00+00:00'
[2025-08-08T02:35:04.818+0000] {taskinstance.py:430} INFO - ::endgroup::
[2025-08-08T02:35:04.827+0000] {subprocess.py:63} INFO - Tmp dir root location: /tmp
[2025-08-08T02:35:04.828+0000] {subprocess.py:75} INFO - Running command: ['/usr/bin/bash', '-c', 'mkdir -p /home/***/host_documents/week2024-03-18"']
[2025-08-08T02:35:04.836+0000] {subprocess.py:86} INFO - Output:
[2025-08-08T02:35:04.838+0000] {subprocess.py:93} INFO - /usr/bin/bash: -c: line 1: unexpected EOF while looking for matching `"'
[2025-08-08T02:35:04.838+0000] {subprocess.py:97} INFO - Command exited with return code 2
[2025-08-08T02:35:04.839+0000] {taskinstance.py:441} INFO - ::group::Post task execution logs
[2025-08-08T02:35:04.847+0000] {taskinstance.py:2905} ERROR - Task failed with exception
Traceback (most recent call last):
  File "/home/airflow/.local/lib/python3.9/site-packages/airflow/models/taskinstance.py", line 465, in _execute_task
    result = _execute_callable(context=context, **execute_callable_kwargs)
  File "/home/airflow/.local/lib/python3.9/site-packages/airflow/models/taskinstance.py", line 432, in _execute_callable
    return execute_callable(context=context, **execute_callable_kwargs)
  File "/home/airflow/.local/lib/python3.9/site-packages/airflow/models/baseoperator.py", line 400, in wrapper
    return func(self, *args, **kwargs)
  File "/home/airflow/.local/lib/python3.9/site-packages/airflow/operators/bash.py", line 243, in execute
    raise AirflowException(
airflow.exceptions.AirflowException: Bash command failed. The command returned a non-zero exit code 2.
[2025-08-08T02:35:04.850+0000] {taskinstance.py:1206} INFO - Marking task as FAILED. dag_id=climate_data, task_id=create_folder, run_id=scheduled__2024-03-11T00:00:00+00:00, execution_date=20240311T000000, start_date=20250808T023504, end_date=20250808T023504
[2025-08-08T02:35:04.859+0000] {standard_task_runner.py:110} ERROR - Failed to execute job 266 for task create_folder (Bash command failed. The command returned a non-zero exit code 2.; 595)
[2025-08-08T02:35:04.900+0000] {local_task_job_runner.py:240} INFO - Task exited with return code 1
[2025-08-08T02:35:04.915+0000] {taskinstance.py:3498} INFO - 0 downstream tasks scheduled from follow-on schedule check
[2025-08-08T02:35:04.918+0000] {local_task_job_runner.py:222} INFO - ::endgroup::
[2025-08-08T02:39:37.115+0000] {local_task_job_runner.py:120} INFO - ::group::Pre task execution logs
[2025-08-08T02:39:37.134+0000] {taskinstance.py:2076} INFO - Dependencies all met for dep_context=non-requeueable deps ti=<TaskInstance: climate_data.create_folder scheduled__2024-03-11T00:00:00+00:00 [queued]>
[2025-08-08T02:39:37.140+0000] {taskinstance.py:2076} INFO - Dependencies all met for dep_context=requeueable deps ti=<TaskInstance: climate_data.create_folder scheduled__2024-03-11T00:00:00+00:00 [queued]>
[2025-08-08T02:39:37.141+0000] {taskinstance.py:2306} INFO - Starting attempt 1 of 1
[2025-08-08T02:39:37.149+0000] {taskinstance.py:2330} INFO - Executing <Task(BashOperator): create_folder> on 2024-03-11 00:00:00+00:00
[2025-08-08T02:39:37.152+0000] {standard_task_runner.py:63} INFO - Started process 1599 to run task
[2025-08-08T02:39:37.155+0000] {standard_task_runner.py:90} INFO - Running: ['***', 'tasks', 'run', 'climate_data', 'create_folder', 'scheduled__2024-03-11T00:00:00+00:00', '--job-id', '501', '--raw', '--subdir', 'DAGS_FOLDER/climate_data.py', '--cfg-path', '/tmp/tmpx57_1tq1']
[2025-08-08T02:39:37.156+0000] {standard_task_runner.py:91} INFO - Job 501: Subtask create_folder
[2025-08-08T02:39:37.167+0000] {logging_mixin.py:188} WARNING - /home/***/.local/lib/python3.9/site-packages/***/settings.py:195 DeprecationWarning: The sql_alchemy_conn option in [core] has been moved to the sql_alchemy_conn option in [database] - the old setting has been used, but please update your config.
[2025-08-08T02:39:37.203+0000] {task_command.py:426} INFO - Running <TaskInstance: climate_data.create_folder scheduled__2024-03-11T00:00:00+00:00 [running]> on host 1a6f5acf67f4
[2025-08-08T02:39:37.259+0000] {taskinstance.py:2648} INFO - Exporting env vars: AIRFLOW_CTX_DAG_OWNER='***' AIRFLOW_CTX_DAG_ID='climate_data' AIRFLOW_CTX_TASK_ID='create_folder' AIRFLOW_CTX_EXECUTION_DATE='2024-03-11T00:00:00+00:00' AIRFLOW_CTX_TRY_NUMBER='1' AIRFLOW_CTX_DAG_RUN_ID='scheduled__2024-03-11T00:00:00+00:00'
[2025-08-08T02:39:37.261+0000] {taskinstance.py:430} INFO - ::endgroup::
[2025-08-08T02:39:37.268+0000] {subprocess.py:63} INFO - Tmp dir root location: /tmp
[2025-08-08T02:39:37.269+0000] {subprocess.py:75} INFO - Running command: ['/usr/bin/bash', '-c', 'mkdir -p /home/***/host_documents/week2024-03-18']
[2025-08-08T02:39:37.280+0000] {subprocess.py:86} INFO - Output:
[2025-08-08T02:39:37.283+0000] {subprocess.py:97} INFO - Command exited with return code 0
[2025-08-08T02:39:37.284+0000] {taskinstance.py:441} INFO - ::group::Post task execution logs
[2025-08-08T02:39:37.300+0000] {taskinstance.py:1206} INFO - Marking task as SUCCESS. dag_id=climate_data, task_id=create_folder, run_id=scheduled__2024-03-11T00:00:00+00:00, execution_date=20240311T000000, start_date=20250808T023937, end_date=20250808T023937
[2025-08-08T02:39:37.327+0000] {local_task_job_runner.py:240} INFO - Task exited with return code 0
[2025-08-08T02:39:37.341+0000] {taskinstance.py:3498} INFO - 1 downstream tasks scheduled from follow-on schedule check
[2025-08-08T02:39:37.342+0000] {local_task_job_runner.py:222} INFO - ::endgroup::
[2025-08-08T02:42:38.678+0000] {local_task_job_runner.py:120} INFO - ::group::Pre task execution logs
[2025-08-08T02:42:38.701+0000] {taskinstance.py:2076} INFO - Dependencies all met for dep_context=non-requeueable deps ti=<TaskInstance: climate_data.create_folder scheduled__2024-03-11T00:00:00+00:00 [queued]>
[2025-08-08T02:42:38.709+0000] {taskinstance.py:2076} INFO - Dependencies all met for dep_context=requeueable deps ti=<TaskInstance: climate_data.create_folder scheduled__2024-03-11T00:00:00+00:00 [queued]>
[2025-08-08T02:42:38.709+0000] {taskinstance.py:2306} INFO - Starting attempt 1 of 1
[2025-08-08T02:42:38.720+0000] {taskinstance.py:2330} INFO - Executing <Task(BashOperator): create_folder> on 2024-03-11 00:00:00+00:00
[2025-08-08T02:42:38.724+0000] {standard_task_runner.py:63} INFO - Started process 2782 to run task
[2025-08-08T02:42:38.726+0000] {standard_task_runner.py:90} INFO - Running: ['***', 'tasks', 'run', 'climate_data', 'create_folder', 'scheduled__2024-03-11T00:00:00+00:00', '--job-id', '809', '--raw', '--subdir', 'DAGS_FOLDER/climate_data.py', '--cfg-path', '/tmp/tmprpm0gq7h']
[2025-08-08T02:42:38.729+0000] {standard_task_runner.py:91} INFO - Job 809: Subtask create_folder
[2025-08-08T02:42:38.743+0000] {logging_mixin.py:188} WARNING - /home/***/.local/lib/python3.9/site-packages/***/settings.py:195 DeprecationWarning: The sql_alchemy_conn option in [core] has been moved to the sql_alchemy_conn option in [database] - the old setting has been used, but please update your config.
[2025-08-08T02:42:38.791+0000] {task_command.py:426} INFO - Running <TaskInstance: climate_data.create_folder scheduled__2024-03-11T00:00:00+00:00 [running]> on host 1a6f5acf67f4
[2025-08-08T02:42:38.867+0000] {taskinstance.py:2648} INFO - Exporting env vars: AIRFLOW_CTX_DAG_OWNER='***' AIRFLOW_CTX_DAG_ID='climate_data' AIRFLOW_CTX_TASK_ID='create_folder' AIRFLOW_CTX_EXECUTION_DATE='2024-03-11T00:00:00+00:00' AIRFLOW_CTX_TRY_NUMBER='1' AIRFLOW_CTX_DAG_RUN_ID='scheduled__2024-03-11T00:00:00+00:00'
[2025-08-08T02:42:38.869+0000] {taskinstance.py:430} INFO - ::endgroup::
[2025-08-08T02:42:38.877+0000] {subprocess.py:63} INFO - Tmp dir root location: /tmp
[2025-08-08T02:42:38.878+0000] {subprocess.py:75} INFO - Running command: ['/usr/bin/bash', '-c', 'mkdir -p "/home/***/host_documents/week2024-03-18"']
[2025-08-08T02:42:38.887+0000] {subprocess.py:86} INFO - Output:
[2025-08-08T02:42:38.894+0000] {subprocess.py:97} INFO - Command exited with return code 0
[2025-08-08T02:42:38.895+0000] {taskinstance.py:441} INFO - ::group::Post task execution logs
[2025-08-08T02:42:38.917+0000] {taskinstance.py:1206} INFO - Marking task as SUCCESS. dag_id=climate_data, task_id=create_folder, run_id=scheduled__2024-03-11T00:00:00+00:00, execution_date=20240311T000000, start_date=20250808T024238, end_date=20250808T024238
[2025-08-08T02:42:38.939+0000] {local_task_job_runner.py:240} INFO - Task exited with return code 0
[2025-08-08T02:42:38.948+0000] {local_task_job_runner.py:222} INFO - ::endgroup::
