[2025-08-08T02:27:06.244+0000] {local_task_job_runner.py:120} INFO - ::group::Pre task execution logs
[2025-08-08T02:27:06.263+0000] {taskinstance.py:2076} INFO - Dependencies all met for dep_context=non-requeueable deps ti=<TaskInstance: climate_data.create_folder scheduled__2025-07-14T00:00:00+00:00 [queued]>
[2025-08-08T02:27:06.274+0000] {taskinstance.py:2076} INFO - Dependencies all met for dep_context=requeueable deps ti=<TaskInstance: climate_data.create_folder scheduled__2025-07-14T00:00:00+00:00 [queued]>
[2025-08-08T02:27:06.274+0000] {taskinstance.py:2306} INFO - Starting attempt 1 of 1
[2025-08-08T02:27:06.285+0000] {taskinstance.py:2330} INFO - Executing <Task(BashOperator): create_folder> on 2025-07-14 00:00:00+00:00
[2025-08-08T02:27:06.289+0000] {standard_task_runner.py:63} INFO - Started process 834 to run task
[2025-08-08T02:27:06.292+0000] {standard_task_runner.py:90} INFO - Running: ['***', 'tasks', 'run', 'climate_data', 'create_folder', 'scheduled__2025-07-14T00:00:00+00:00', '--job-id', '180', '--raw', '--subdir', 'DAGS_FOLDER/climate_data.py', '--cfg-path', '/tmp/tmpyl3jhd1l']
[2025-08-08T02:27:06.293+0000] {standard_task_runner.py:91} INFO - Job 180: Subtask create_folder
[2025-08-08T02:27:06.306+0000] {logging_mixin.py:188} WARNING - /home/***/.local/lib/python3.9/site-packages/***/settings.py:195 DeprecationWarning: The sql_alchemy_conn option in [core] has been moved to the sql_alchemy_conn option in [database] - the old setting has been used, but please update your config.
[2025-08-08T02:27:06.338+0000] {task_command.py:426} INFO - Running <TaskInstance: climate_data.create_folder scheduled__2025-07-14T00:00:00+00:00 [running]> on host 3ceab82043f1
[2025-08-08T02:27:06.397+0000] {taskinstance.py:2648} INFO - Exporting env vars: AIRFLOW_CTX_DAG_OWNER='***' AIRFLOW_CTX_DAG_ID='climate_data' AIRFLOW_CTX_TASK_ID='create_folder' AIRFLOW_CTX_EXECUTION_DATE='2025-07-14T00:00:00+00:00' AIRFLOW_CTX_TRY_NUMBER='1' AIRFLOW_CTX_DAG_RUN_ID='scheduled__2025-07-14T00:00:00+00:00'
[2025-08-08T02:27:06.398+0000] {taskinstance.py:430} INFO - ::endgroup::
[2025-08-08T02:27:06.405+0000] {subprocess.py:63} INFO - Tmp dir root location: /tmp
[2025-08-08T02:27:06.406+0000] {subprocess.py:75} INFO - Running command: ['/usr/bin/bash', '-c', 'mkdir -p /home/***/host_documents/week2025-07-21"']
[2025-08-08T02:27:06.413+0000] {subprocess.py:86} INFO - Output:
[2025-08-08T02:27:06.414+0000] {subprocess.py:93} INFO - /usr/bin/bash: -c: line 1: unexpected EOF while looking for matching `"'
[2025-08-08T02:27:06.415+0000] {subprocess.py:97} INFO - Command exited with return code 2
[2025-08-08T02:27:06.415+0000] {taskinstance.py:441} INFO - ::group::Post task execution logs
[2025-08-08T02:27:06.422+0000] {taskinstance.py:2905} ERROR - Task failed with exception
Traceback (most recent call last):
  File "/home/airflow/.local/lib/python3.9/site-packages/airflow/models/taskinstance.py", line 465, in _execute_task
    result = _execute_callable(context=context, **execute_callable_kwargs)
  File "/home/airflow/.local/lib/python3.9/site-packages/airflow/models/taskinstance.py", line 432, in _execute_callable
    return execute_callable(context=context, **execute_callable_kwargs)
  File "/home/airflow/.local/lib/python3.9/site-packages/airflow/models/baseoperator.py", line 400, in wrapper
    return func(self, *args, **kwargs)
  File "/home/airflow/.local/lib/python3.9/site-packages/airflow/operators/bash.py", line 243, in execute
    raise AirflowException(
airflow.exceptions.AirflowException: Bash command failed. The command returned a non-zero exit code 2.
[2025-08-08T02:27:06.424+0000] {taskinstance.py:1206} INFO - Marking task as FAILED. dag_id=climate_data, task_id=create_folder, run_id=scheduled__2025-07-14T00:00:00+00:00, execution_date=20250714T000000, start_date=20250808T022706, end_date=20250808T022706
[2025-08-08T02:27:06.432+0000] {standard_task_runner.py:110} ERROR - Failed to execute job 180 for task create_folder (Bash command failed. The command returned a non-zero exit code 2.; 834)
[2025-08-08T02:27:06.464+0000] {local_task_job_runner.py:240} INFO - Task exited with return code 1
[2025-08-08T02:27:06.478+0000] {taskinstance.py:3498} INFO - 0 downstream tasks scheduled from follow-on schedule check
[2025-08-08T02:27:06.481+0000] {local_task_job_runner.py:222} INFO - ::endgroup::
[2025-08-08T02:35:27.505+0000] {local_task_job_runner.py:120} INFO - ::group::Pre task execution logs
[2025-08-08T02:35:27.524+0000] {taskinstance.py:2076} INFO - Dependencies all met for dep_context=non-requeueable deps ti=<TaskInstance: climate_data.create_folder scheduled__2025-07-14T00:00:00+00:00 [queued]>
[2025-08-08T02:35:27.531+0000] {taskinstance.py:2076} INFO - Dependencies all met for dep_context=requeueable deps ti=<TaskInstance: climate_data.create_folder scheduled__2025-07-14T00:00:00+00:00 [queued]>
[2025-08-08T02:35:27.531+0000] {taskinstance.py:2306} INFO - Starting attempt 1 of 1
[2025-08-08T02:35:27.540+0000] {taskinstance.py:2330} INFO - Executing <Task(BashOperator): create_folder> on 2025-07-14 00:00:00+00:00
[2025-08-08T02:35:27.543+0000] {standard_task_runner.py:63} INFO - Started process 883 to run task
[2025-08-08T02:35:27.546+0000] {standard_task_runner.py:90} INFO - Running: ['***', 'tasks', 'run', 'climate_data', 'create_folder', 'scheduled__2025-07-14T00:00:00+00:00', '--job-id', '336', '--raw', '--subdir', 'DAGS_FOLDER/climate_data.py', '--cfg-path', '/tmp/tmpzvyyns25']
[2025-08-08T02:35:27.548+0000] {standard_task_runner.py:91} INFO - Job 336: Subtask create_folder
[2025-08-08T02:35:27.564+0000] {logging_mixin.py:188} WARNING - /home/***/.local/lib/python3.9/site-packages/***/settings.py:195 DeprecationWarning: The sql_alchemy_conn option in [core] has been moved to the sql_alchemy_conn option in [database] - the old setting has been used, but please update your config.
[2025-08-08T02:35:27.609+0000] {task_command.py:426} INFO - Running <TaskInstance: climate_data.create_folder scheduled__2025-07-14T00:00:00+00:00 [running]> on host 1a6f5acf67f4
[2025-08-08T02:35:27.665+0000] {taskinstance.py:2648} INFO - Exporting env vars: AIRFLOW_CTX_DAG_OWNER='***' AIRFLOW_CTX_DAG_ID='climate_data' AIRFLOW_CTX_TASK_ID='create_folder' AIRFLOW_CTX_EXECUTION_DATE='2025-07-14T00:00:00+00:00' AIRFLOW_CTX_TRY_NUMBER='1' AIRFLOW_CTX_DAG_RUN_ID='scheduled__2025-07-14T00:00:00+00:00'
[2025-08-08T02:35:27.666+0000] {taskinstance.py:430} INFO - ::endgroup::
[2025-08-08T02:35:27.673+0000] {subprocess.py:63} INFO - Tmp dir root location: /tmp
[2025-08-08T02:35:27.674+0000] {subprocess.py:75} INFO - Running command: ['/usr/bin/bash', '-c', 'mkdir -p /home/***/host_documents/week2025-07-21"']
[2025-08-08T02:35:27.681+0000] {subprocess.py:86} INFO - Output:
[2025-08-08T02:35:27.682+0000] {subprocess.py:93} INFO - /usr/bin/bash: -c: line 1: unexpected EOF while looking for matching `"'
[2025-08-08T02:35:27.682+0000] {subprocess.py:97} INFO - Command exited with return code 2
[2025-08-08T02:35:27.683+0000] {taskinstance.py:441} INFO - ::group::Post task execution logs
[2025-08-08T02:35:27.691+0000] {taskinstance.py:2905} ERROR - Task failed with exception
Traceback (most recent call last):
  File "/home/airflow/.local/lib/python3.9/site-packages/airflow/models/taskinstance.py", line 465, in _execute_task
    result = _execute_callable(context=context, **execute_callable_kwargs)
  File "/home/airflow/.local/lib/python3.9/site-packages/airflow/models/taskinstance.py", line 432, in _execute_callable
    return execute_callable(context=context, **execute_callable_kwargs)
  File "/home/airflow/.local/lib/python3.9/site-packages/airflow/models/baseoperator.py", line 400, in wrapper
    return func(self, *args, **kwargs)
  File "/home/airflow/.local/lib/python3.9/site-packages/airflow/operators/bash.py", line 243, in execute
    raise AirflowException(
airflow.exceptions.AirflowException: Bash command failed. The command returned a non-zero exit code 2.
[2025-08-08T02:35:27.694+0000] {taskinstance.py:1206} INFO - Marking task as FAILED. dag_id=climate_data, task_id=create_folder, run_id=scheduled__2025-07-14T00:00:00+00:00, execution_date=20250714T000000, start_date=20250808T023527, end_date=20250808T023527
[2025-08-08T02:35:27.702+0000] {standard_task_runner.py:110} ERROR - Failed to execute job 336 for task create_folder (Bash command failed. The command returned a non-zero exit code 2.; 883)
[2025-08-08T02:35:27.718+0000] {local_task_job_runner.py:240} INFO - Task exited with return code 1
[2025-08-08T02:35:27.733+0000] {taskinstance.py:3498} INFO - 0 downstream tasks scheduled from follow-on schedule check
[2025-08-08T02:35:27.736+0000] {local_task_job_runner.py:222} INFO - ::endgroup::
[2025-08-08T02:40:01.074+0000] {local_task_job_runner.py:120} INFO - ::group::Pre task execution logs
[2025-08-08T02:40:01.093+0000] {taskinstance.py:2076} INFO - Dependencies all met for dep_context=non-requeueable deps ti=<TaskInstance: climate_data.create_folder scheduled__2025-07-14T00:00:00+00:00 [queued]>
[2025-08-08T02:40:01.100+0000] {taskinstance.py:2076} INFO - Dependencies all met for dep_context=requeueable deps ti=<TaskInstance: climate_data.create_folder scheduled__2025-07-14T00:00:00+00:00 [queued]>
[2025-08-08T02:40:01.101+0000] {taskinstance.py:2306} INFO - Starting attempt 1 of 1
[2025-08-08T02:40:01.109+0000] {taskinstance.py:2330} INFO - Executing <Task(BashOperator): create_folder> on 2025-07-14 00:00:00+00:00
[2025-08-08T02:40:01.113+0000] {standard_task_runner.py:63} INFO - Started process 2090 to run task
[2025-08-08T02:40:01.116+0000] {standard_task_runner.py:90} INFO - Running: ['***', 'tasks', 'run', 'climate_data', 'create_folder', 'scheduled__2025-07-14T00:00:00+00:00', '--job-id', '637', '--raw', '--subdir', 'DAGS_FOLDER/climate_data.py', '--cfg-path', '/tmp/tmpenq9sdtb']
[2025-08-08T02:40:01.117+0000] {standard_task_runner.py:91} INFO - Job 637: Subtask create_folder
[2025-08-08T02:40:01.130+0000] {logging_mixin.py:188} WARNING - /home/***/.local/lib/python3.9/site-packages/***/settings.py:195 DeprecationWarning: The sql_alchemy_conn option in [core] has been moved to the sql_alchemy_conn option in [database] - the old setting has been used, but please update your config.
[2025-08-08T02:40:01.166+0000] {task_command.py:426} INFO - Running <TaskInstance: climate_data.create_folder scheduled__2025-07-14T00:00:00+00:00 [running]> on host 1a6f5acf67f4
[2025-08-08T02:40:01.221+0000] {taskinstance.py:2648} INFO - Exporting env vars: AIRFLOW_CTX_DAG_OWNER='***' AIRFLOW_CTX_DAG_ID='climate_data' AIRFLOW_CTX_TASK_ID='create_folder' AIRFLOW_CTX_EXECUTION_DATE='2025-07-14T00:00:00+00:00' AIRFLOW_CTX_TRY_NUMBER='1' AIRFLOW_CTX_DAG_RUN_ID='scheduled__2025-07-14T00:00:00+00:00'
[2025-08-08T02:40:01.222+0000] {taskinstance.py:430} INFO - ::endgroup::
[2025-08-08T02:40:01.229+0000] {subprocess.py:63} INFO - Tmp dir root location: /tmp
[2025-08-08T02:40:01.230+0000] {subprocess.py:75} INFO - Running command: ['/usr/bin/bash', '-c', 'mkdir -p /home/***/host_documents/week2025-07-21']
[2025-08-08T02:40:01.238+0000] {subprocess.py:86} INFO - Output:
[2025-08-08T02:40:01.241+0000] {subprocess.py:97} INFO - Command exited with return code 0
[2025-08-08T02:40:01.242+0000] {taskinstance.py:441} INFO - ::group::Post task execution logs
[2025-08-08T02:40:01.258+0000] {taskinstance.py:1206} INFO - Marking task as SUCCESS. dag_id=climate_data, task_id=create_folder, run_id=scheduled__2025-07-14T00:00:00+00:00, execution_date=20250714T000000, start_date=20250808T024001, end_date=20250808T024001
[2025-08-08T02:40:01.288+0000] {local_task_job_runner.py:240} INFO - Task exited with return code 0
[2025-08-08T02:40:01.302+0000] {taskinstance.py:3498} INFO - 1 downstream tasks scheduled from follow-on schedule check
[2025-08-08T02:40:01.303+0000] {local_task_job_runner.py:222} INFO - ::endgroup::
[2025-08-08T02:42:59.895+0000] {local_task_job_runner.py:120} INFO - ::group::Pre task execution logs
[2025-08-08T02:42:59.917+0000] {taskinstance.py:2076} INFO - Dependencies all met for dep_context=non-requeueable deps ti=<TaskInstance: climate_data.create_folder scheduled__2025-07-14T00:00:00+00:00 [queued]>
[2025-08-08T02:42:59.924+0000] {taskinstance.py:2076} INFO - Dependencies all met for dep_context=requeueable deps ti=<TaskInstance: climate_data.create_folder scheduled__2025-07-14T00:00:00+00:00 [queued]>
[2025-08-08T02:42:59.925+0000] {taskinstance.py:2306} INFO - Starting attempt 1 of 1
[2025-08-08T02:42:59.943+0000] {taskinstance.py:2330} INFO - Executing <Task(BashOperator): create_folder> on 2025-07-14 00:00:00+00:00
[2025-08-08T02:42:59.947+0000] {standard_task_runner.py:63} INFO - Started process 3272 to run task
[2025-08-08T02:42:59.950+0000] {standard_task_runner.py:90} INFO - Running: ['***', 'tasks', 'run', 'climate_data', 'create_folder', 'scheduled__2025-07-14T00:00:00+00:00', '--job-id', '944', '--raw', '--subdir', 'DAGS_FOLDER/climate_data.py', '--cfg-path', '/tmp/tmpyfq837jx']
[2025-08-08T02:42:59.953+0000] {standard_task_runner.py:91} INFO - Job 944: Subtask create_folder
[2025-08-08T02:42:59.966+0000] {logging_mixin.py:188} WARNING - /home/***/.local/lib/python3.9/site-packages/***/settings.py:195 DeprecationWarning: The sql_alchemy_conn option in [core] has been moved to the sql_alchemy_conn option in [database] - the old setting has been used, but please update your config.
[2025-08-08T02:43:00.007+0000] {task_command.py:426} INFO - Running <TaskInstance: climate_data.create_folder scheduled__2025-07-14T00:00:00+00:00 [running]> on host 1a6f5acf67f4
[2025-08-08T02:43:00.076+0000] {taskinstance.py:2648} INFO - Exporting env vars: AIRFLOW_CTX_DAG_OWNER='***' AIRFLOW_CTX_DAG_ID='climate_data' AIRFLOW_CTX_TASK_ID='create_folder' AIRFLOW_CTX_EXECUTION_DATE='2025-07-14T00:00:00+00:00' AIRFLOW_CTX_TRY_NUMBER='1' AIRFLOW_CTX_DAG_RUN_ID='scheduled__2025-07-14T00:00:00+00:00'
[2025-08-08T02:43:00.077+0000] {taskinstance.py:430} INFO - ::endgroup::
[2025-08-08T02:43:00.084+0000] {subprocess.py:63} INFO - Tmp dir root location: /tmp
[2025-08-08T02:43:00.085+0000] {subprocess.py:75} INFO - Running command: ['/usr/bin/bash', '-c', 'mkdir -p "/home/***/host_documents/week2025-07-21"']
[2025-08-08T02:43:00.095+0000] {subprocess.py:86} INFO - Output:
[2025-08-08T02:43:00.098+0000] {subprocess.py:97} INFO - Command exited with return code 0
[2025-08-08T02:43:00.099+0000] {taskinstance.py:441} INFO - ::group::Post task execution logs
[2025-08-08T02:43:00.119+0000] {taskinstance.py:1206} INFO - Marking task as SUCCESS. dag_id=climate_data, task_id=create_folder, run_id=scheduled__2025-07-14T00:00:00+00:00, execution_date=20250714T000000, start_date=20250808T024259, end_date=20250808T024300
[2025-08-08T02:43:00.162+0000] {local_task_job_runner.py:240} INFO - Task exited with return code 0
[2025-08-08T02:43:00.170+0000] {local_task_job_runner.py:222} INFO - ::endgroup::
[2025-08-08T02:48:28.896+0000] {local_task_job_runner.py:120} INFO - ::group::Pre task execution logs
[2025-08-08T02:48:28.918+0000] {taskinstance.py:2076} INFO - Dependencies all met for dep_context=non-requeueable deps ti=<TaskInstance: climate_data.create_folder scheduled__2025-07-14T00:00:00+00:00 [queued]>
[2025-08-08T02:48:28.925+0000] {taskinstance.py:2076} INFO - Dependencies all met for dep_context=requeueable deps ti=<TaskInstance: climate_data.create_folder scheduled__2025-07-14T00:00:00+00:00 [queued]>
[2025-08-08T02:48:28.925+0000] {taskinstance.py:2306} INFO - Starting attempt 1 of 1
[2025-08-08T02:48:28.934+0000] {taskinstance.py:2330} INFO - Executing <Task(BashOperator): create_folder> on 2025-07-14 00:00:00+00:00
[2025-08-08T02:48:28.937+0000] {standard_task_runner.py:63} INFO - Started process 3489 to run task
[2025-08-08T02:48:28.940+0000] {standard_task_runner.py:90} INFO - Running: ['***', 'tasks', 'run', 'climate_data', 'create_folder', 'scheduled__2025-07-14T00:00:00+00:00', '--job-id', '961', '--raw', '--subdir', 'DAGS_FOLDER/climate_data.py', '--cfg-path', '/tmp/tmpp4fydydh']
[2025-08-08T02:48:28.942+0000] {standard_task_runner.py:91} INFO - Job 961: Subtask create_folder
[2025-08-08T02:48:28.954+0000] {logging_mixin.py:188} WARNING - /home/***/.local/lib/python3.9/site-packages/***/settings.py:195 DeprecationWarning: The sql_alchemy_conn option in [core] has been moved to the sql_alchemy_conn option in [database] - the old setting has been used, but please update your config.
[2025-08-08T02:48:28.989+0000] {task_command.py:426} INFO - Running <TaskInstance: climate_data.create_folder scheduled__2025-07-14T00:00:00+00:00 [running]> on host 1a6f5acf67f4
[2025-08-08T02:48:29.042+0000] {taskinstance.py:2648} INFO - Exporting env vars: AIRFLOW_CTX_DAG_OWNER='***' AIRFLOW_CTX_DAG_ID='climate_data' AIRFLOW_CTX_TASK_ID='create_folder' AIRFLOW_CTX_EXECUTION_DATE='2025-07-14T00:00:00+00:00' AIRFLOW_CTX_TRY_NUMBER='1' AIRFLOW_CTX_DAG_RUN_ID='scheduled__2025-07-14T00:00:00+00:00'
[2025-08-08T02:48:29.043+0000] {taskinstance.py:430} INFO - ::endgroup::
[2025-08-08T02:48:29.050+0000] {subprocess.py:63} INFO - Tmp dir root location: /tmp
[2025-08-08T02:48:29.051+0000] {subprocess.py:75} INFO - Running command: ['/usr/bin/bash', '-c', 'mkdir -p "/home/***/host_documents/week2025-07-21"']
[2025-08-08T02:48:29.058+0000] {subprocess.py:86} INFO - Output:
[2025-08-08T02:48:29.061+0000] {subprocess.py:97} INFO - Command exited with return code 0
[2025-08-08T02:48:29.062+0000] {taskinstance.py:441} INFO - ::group::Post task execution logs
[2025-08-08T02:48:29.077+0000] {taskinstance.py:1206} INFO - Marking task as SUCCESS. dag_id=climate_data, task_id=create_folder, run_id=scheduled__2025-07-14T00:00:00+00:00, execution_date=20250714T000000, start_date=20250808T024828, end_date=20250808T024829
[2025-08-08T02:48:29.112+0000] {local_task_job_runner.py:240} INFO - Task exited with return code 0
[2025-08-08T02:48:29.124+0000] {taskinstance.py:3498} INFO - 1 downstream tasks scheduled from follow-on schedule check
[2025-08-08T02:48:29.126+0000] {local_task_job_runner.py:222} INFO - ::endgroup::
[2025-08-08T02:54:54.007+0000] {local_task_job_runner.py:120} INFO - ::group::Pre task execution logs
[2025-08-08T02:54:54.029+0000] {taskinstance.py:2076} INFO - Dependencies all met for dep_context=non-requeueable deps ti=<TaskInstance: climate_data.create_folder scheduled__2025-07-14T00:00:00+00:00 [queued]>
[2025-08-08T02:54:54.037+0000] {taskinstance.py:2076} INFO - Dependencies all met for dep_context=requeueable deps ti=<TaskInstance: climate_data.create_folder scheduled__2025-07-14T00:00:00+00:00 [queued]>
[2025-08-08T02:54:54.038+0000] {taskinstance.py:2306} INFO - Starting attempt 1 of 1
[2025-08-08T02:54:54.047+0000] {taskinstance.py:2330} INFO - Executing <Task(BashOperator): create_folder> on 2025-07-14 00:00:00+00:00
[2025-08-08T02:54:54.052+0000] {standard_task_runner.py:63} INFO - Started process 3739 to run task
[2025-08-08T02:54:54.055+0000] {standard_task_runner.py:90} INFO - Running: ['***', 'tasks', 'run', 'climate_data', 'create_folder', 'scheduled__2025-07-14T00:00:00+00:00', '--job-id', '973', '--raw', '--subdir', 'DAGS_FOLDER/climate_data.py', '--cfg-path', '/tmp/tmpeme87kk5']
[2025-08-08T02:54:54.058+0000] {standard_task_runner.py:91} INFO - Job 973: Subtask create_folder
[2025-08-08T02:54:54.071+0000] {logging_mixin.py:188} WARNING - /home/***/.local/lib/python3.9/site-packages/***/settings.py:195 DeprecationWarning: The sql_alchemy_conn option in [core] has been moved to the sql_alchemy_conn option in [database] - the old setting has been used, but please update your config.
[2025-08-08T02:54:54.114+0000] {task_command.py:426} INFO - Running <TaskInstance: climate_data.create_folder scheduled__2025-07-14T00:00:00+00:00 [running]> on host 1a6f5acf67f4
[2025-08-08T02:54:54.170+0000] {taskinstance.py:2648} INFO - Exporting env vars: AIRFLOW_CTX_DAG_OWNER='***' AIRFLOW_CTX_DAG_ID='climate_data' AIRFLOW_CTX_TASK_ID='create_folder' AIRFLOW_CTX_EXECUTION_DATE='2025-07-14T00:00:00+00:00' AIRFLOW_CTX_TRY_NUMBER='1' AIRFLOW_CTX_DAG_RUN_ID='scheduled__2025-07-14T00:00:00+00:00'
[2025-08-08T02:54:54.171+0000] {taskinstance.py:430} INFO - ::endgroup::
[2025-08-08T02:54:54.179+0000] {subprocess.py:63} INFO - Tmp dir root location: /tmp
[2025-08-08T02:54:54.180+0000] {subprocess.py:75} INFO - Running command: ['/usr/bin/bash', '-c', 'mkdir -p "/home/***/host_documents/week2025-07-21"']
[2025-08-08T02:54:54.187+0000] {subprocess.py:86} INFO - Output:
[2025-08-08T02:54:54.191+0000] {subprocess.py:97} INFO - Command exited with return code 0
[2025-08-08T02:54:54.191+0000] {taskinstance.py:441} INFO - ::group::Post task execution logs
[2025-08-08T02:54:54.207+0000] {taskinstance.py:1206} INFO - Marking task as SUCCESS. dag_id=climate_data, task_id=create_folder, run_id=scheduled__2025-07-14T00:00:00+00:00, execution_date=20250714T000000, start_date=20250808T025454, end_date=20250808T025454
[2025-08-08T02:54:54.227+0000] {local_task_job_runner.py:240} INFO - Task exited with return code 0
[2025-08-08T02:54:54.240+0000] {taskinstance.py:3498} INFO - 1 downstream tasks scheduled from follow-on schedule check
[2025-08-08T02:54:54.242+0000] {local_task_job_runner.py:222} INFO - ::endgroup::
[2025-08-08T02:57:08.065+0000] {local_task_job_runner.py:120} INFO - ::group::Pre task execution logs
[2025-08-08T02:57:08.086+0000] {taskinstance.py:2076} INFO - Dependencies all met for dep_context=non-requeueable deps ti=<TaskInstance: climate_data.create_folder scheduled__2025-07-14T00:00:00+00:00 [queued]>
[2025-08-08T02:57:08.093+0000] {taskinstance.py:2076} INFO - Dependencies all met for dep_context=requeueable deps ti=<TaskInstance: climate_data.create_folder scheduled__2025-07-14T00:00:00+00:00 [queued]>
[2025-08-08T02:57:08.094+0000] {taskinstance.py:2306} INFO - Starting attempt 1 of 1
[2025-08-08T02:57:08.103+0000] {taskinstance.py:2330} INFO - Executing <Task(BashOperator): create_folder> on 2025-07-14 00:00:00+00:00
[2025-08-08T02:57:08.106+0000] {standard_task_runner.py:63} INFO - Started process 3868 to run task
[2025-08-08T02:57:08.109+0000] {standard_task_runner.py:90} INFO - Running: ['***', 'tasks', 'run', 'climate_data', 'create_folder', 'scheduled__2025-07-14T00:00:00+00:00', '--job-id', '985', '--raw', '--subdir', 'DAGS_FOLDER/climate_data.py', '--cfg-path', '/tmp/tmpemzwwv1u']
[2025-08-08T02:57:08.111+0000] {standard_task_runner.py:91} INFO - Job 985: Subtask create_folder
[2025-08-08T02:57:08.123+0000] {logging_mixin.py:188} WARNING - /home/***/.local/lib/python3.9/site-packages/***/settings.py:195 DeprecationWarning: The sql_alchemy_conn option in [core] has been moved to the sql_alchemy_conn option in [database] - the old setting has been used, but please update your config.
[2025-08-08T02:57:08.161+0000] {task_command.py:426} INFO - Running <TaskInstance: climate_data.create_folder scheduled__2025-07-14T00:00:00+00:00 [running]> on host 1a6f5acf67f4
[2025-08-08T02:57:08.220+0000] {taskinstance.py:2648} INFO - Exporting env vars: AIRFLOW_CTX_DAG_OWNER='***' AIRFLOW_CTX_DAG_ID='climate_data' AIRFLOW_CTX_TASK_ID='create_folder' AIRFLOW_CTX_EXECUTION_DATE='2025-07-14T00:00:00+00:00' AIRFLOW_CTX_TRY_NUMBER='1' AIRFLOW_CTX_DAG_RUN_ID='scheduled__2025-07-14T00:00:00+00:00'
[2025-08-08T02:57:08.221+0000] {taskinstance.py:430} INFO - ::endgroup::
[2025-08-08T02:57:08.228+0000] {subprocess.py:63} INFO - Tmp dir root location: /tmp
[2025-08-08T02:57:08.229+0000] {subprocess.py:75} INFO - Running command: ['/usr/bin/bash', '-c', 'mkdir -p "/home/***/host_documents/week2025-07-21"']
[2025-08-08T02:57:08.235+0000] {subprocess.py:86} INFO - Output:
[2025-08-08T02:57:08.239+0000] {subprocess.py:97} INFO - Command exited with return code 0
[2025-08-08T02:57:08.239+0000] {taskinstance.py:441} INFO - ::group::Post task execution logs
[2025-08-08T02:57:08.254+0000] {taskinstance.py:1206} INFO - Marking task as SUCCESS. dag_id=climate_data, task_id=create_folder, run_id=scheduled__2025-07-14T00:00:00+00:00, execution_date=20250714T000000, start_date=20250808T025708, end_date=20250808T025708
[2025-08-08T02:57:08.281+0000] {local_task_job_runner.py:240} INFO - Task exited with return code 0
[2025-08-08T02:57:08.295+0000] {taskinstance.py:3498} INFO - 1 downstream tasks scheduled from follow-on schedule check
[2025-08-08T02:57:08.296+0000] {local_task_job_runner.py:222} INFO - ::endgroup::
[2025-08-08T03:07:10.119+0000] {local_task_job_runner.py:120} INFO - ::group::Pre task execution logs
[2025-08-08T03:07:10.140+0000] {taskinstance.py:2076} INFO - Dependencies all met for dep_context=non-requeueable deps ti=<TaskInstance: climate_data.create_folder scheduled__2025-07-14T00:00:00+00:00 [queued]>
[2025-08-08T03:07:10.147+0000] {taskinstance.py:2076} INFO - Dependencies all met for dep_context=requeueable deps ti=<TaskInstance: climate_data.create_folder scheduled__2025-07-14T00:00:00+00:00 [queued]>
[2025-08-08T03:07:10.148+0000] {taskinstance.py:2306} INFO - Starting attempt 1 of 1
[2025-08-08T03:07:10.158+0000] {taskinstance.py:2330} INFO - Executing <Task(BashOperator): create_folder> on 2025-07-14 00:00:00+00:00
[2025-08-08T03:07:10.162+0000] {standard_task_runner.py:63} INFO - Started process 4220 to run task
[2025-08-08T03:07:10.164+0000] {standard_task_runner.py:90} INFO - Running: ['***', 'tasks', 'run', 'climate_data', 'create_folder', 'scheduled__2025-07-14T00:00:00+00:00', '--job-id', '997', '--raw', '--subdir', 'DAGS_FOLDER/climate_data.py', '--cfg-path', '/tmp/tmp86azezwj']
[2025-08-08T03:07:10.166+0000] {standard_task_runner.py:91} INFO - Job 997: Subtask create_folder
[2025-08-08T03:07:10.179+0000] {logging_mixin.py:188} WARNING - /home/***/.local/lib/python3.9/site-packages/***/settings.py:195 DeprecationWarning: The sql_alchemy_conn option in [core] has been moved to the sql_alchemy_conn option in [database] - the old setting has been used, but please update your config.
[2025-08-08T03:07:10.217+0000] {task_command.py:426} INFO - Running <TaskInstance: climate_data.create_folder scheduled__2025-07-14T00:00:00+00:00 [running]> on host 1a6f5acf67f4
[2025-08-08T03:07:10.276+0000] {taskinstance.py:2648} INFO - Exporting env vars: AIRFLOW_CTX_DAG_OWNER='***' AIRFLOW_CTX_DAG_ID='climate_data' AIRFLOW_CTX_TASK_ID='create_folder' AIRFLOW_CTX_EXECUTION_DATE='2025-07-14T00:00:00+00:00' AIRFLOW_CTX_TRY_NUMBER='1' AIRFLOW_CTX_DAG_RUN_ID='scheduled__2025-07-14T00:00:00+00:00'
[2025-08-08T03:07:10.276+0000] {taskinstance.py:430} INFO - ::endgroup::
[2025-08-08T03:07:10.283+0000] {subprocess.py:63} INFO - Tmp dir root location: /tmp
[2025-08-08T03:07:10.284+0000] {subprocess.py:75} INFO - Running command: ['/usr/bin/bash', '-c', 'mkdir -p "/home/***/host_documents/week2025-07-21"']
[2025-08-08T03:07:10.291+0000] {subprocess.py:86} INFO - Output:
[2025-08-08T03:07:10.295+0000] {subprocess.py:97} INFO - Command exited with return code 0
[2025-08-08T03:07:10.295+0000] {taskinstance.py:441} INFO - ::group::Post task execution logs
[2025-08-08T03:07:10.312+0000] {taskinstance.py:1206} INFO - Marking task as SUCCESS. dag_id=climate_data, task_id=create_folder, run_id=scheduled__2025-07-14T00:00:00+00:00, execution_date=20250714T000000, start_date=20250808T030710, end_date=20250808T030710
[2025-08-08T03:07:10.340+0000] {local_task_job_runner.py:240} INFO - Task exited with return code 0
[2025-08-08T03:07:10.353+0000] {taskinstance.py:3498} INFO - 1 downstream tasks scheduled from follow-on schedule check
[2025-08-08T03:07:10.354+0000] {local_task_job_runner.py:222} INFO - ::endgroup::
[2025-08-08T03:09:38.058+0000] {local_task_job_runner.py:120} INFO - ::group::Pre task execution logs
[2025-08-08T03:09:38.078+0000] {taskinstance.py:2076} INFO - Dependencies all met for dep_context=non-requeueable deps ti=<TaskInstance: climate_data.create_folder scheduled__2025-07-14T00:00:00+00:00 [queued]>
[2025-08-08T03:09:38.084+0000] {taskinstance.py:2076} INFO - Dependencies all met for dep_context=requeueable deps ti=<TaskInstance: climate_data.create_folder scheduled__2025-07-14T00:00:00+00:00 [queued]>
[2025-08-08T03:09:38.085+0000] {taskinstance.py:2306} INFO - Starting attempt 1 of 1
[2025-08-08T03:09:38.094+0000] {taskinstance.py:2330} INFO - Executing <Task(BashOperator): create_folder> on 2025-07-14 00:00:00+00:00
[2025-08-08T03:09:38.097+0000] {standard_task_runner.py:63} INFO - Started process 4342 to run task
[2025-08-08T03:09:38.100+0000] {standard_task_runner.py:90} INFO - Running: ['***', 'tasks', 'run', 'climate_data', 'create_folder', 'scheduled__2025-07-14T00:00:00+00:00', '--job-id', '1009', '--raw', '--subdir', 'DAGS_FOLDER/climate_data.py', '--cfg-path', '/tmp/tmpn3cqdgaa']
[2025-08-08T03:09:38.103+0000] {standard_task_runner.py:91} INFO - Job 1009: Subtask create_folder
[2025-08-08T03:09:38.116+0000] {logging_mixin.py:188} WARNING - /home/***/.local/lib/python3.9/site-packages/***/settings.py:195 DeprecationWarning: The sql_alchemy_conn option in [core] has been moved to the sql_alchemy_conn option in [database] - the old setting has been used, but please update your config.
[2025-08-08T03:09:38.154+0000] {task_command.py:426} INFO - Running <TaskInstance: climate_data.create_folder scheduled__2025-07-14T00:00:00+00:00 [running]> on host 1a6f5acf67f4
[2025-08-08T03:09:38.211+0000] {taskinstance.py:2648} INFO - Exporting env vars: AIRFLOW_CTX_DAG_OWNER='***' AIRFLOW_CTX_DAG_ID='climate_data' AIRFLOW_CTX_TASK_ID='create_folder' AIRFLOW_CTX_EXECUTION_DATE='2025-07-14T00:00:00+00:00' AIRFLOW_CTX_TRY_NUMBER='1' AIRFLOW_CTX_DAG_RUN_ID='scheduled__2025-07-14T00:00:00+00:00'
[2025-08-08T03:09:38.212+0000] {taskinstance.py:430} INFO - ::endgroup::
[2025-08-08T03:09:38.220+0000] {subprocess.py:63} INFO - Tmp dir root location: /tmp
[2025-08-08T03:09:38.220+0000] {subprocess.py:75} INFO - Running command: ['/usr/bin/bash', '-c', 'mkdir -p "/home/***/host_documents/week2025-07-21"']
[2025-08-08T03:09:38.228+0000] {subprocess.py:86} INFO - Output:
[2025-08-08T03:09:38.231+0000] {subprocess.py:97} INFO - Command exited with return code 0
[2025-08-08T03:09:38.232+0000] {taskinstance.py:441} INFO - ::group::Post task execution logs
[2025-08-08T03:09:38.247+0000] {taskinstance.py:1206} INFO - Marking task as SUCCESS. dag_id=climate_data, task_id=create_folder, run_id=scheduled__2025-07-14T00:00:00+00:00, execution_date=20250714T000000, start_date=20250808T030938, end_date=20250808T030938
[2025-08-08T03:09:38.273+0000] {local_task_job_runner.py:240} INFO - Task exited with return code 0
[2025-08-08T03:09:38.285+0000] {taskinstance.py:3498} INFO - 1 downstream tasks scheduled from follow-on schedule check
[2025-08-08T03:09:38.286+0000] {local_task_job_runner.py:222} INFO - ::endgroup::
