[2025-08-08T02:26:47.770+0000] {local_task_job_runner.py:120} INFO - ::group::Pre task execution logs
[2025-08-08T02:26:47.790+0000] {taskinstance.py:2076} INFO - Dependencies all met for dep_context=non-requeueable deps ti=<TaskInstance: climate_data.create_folder scheduled__2024-06-10T00:00:00+00:00 [queued]>
[2025-08-08T02:26:47.798+0000] {taskinstance.py:2076} INFO - Dependencies all met for dep_context=requeueable deps ti=<TaskInstance: climate_data.create_folder scheduled__2024-06-10T00:00:00+00:00 [queued]>
[2025-08-08T02:26:47.799+0000] {taskinstance.py:2306} INFO - Starting attempt 1 of 1
[2025-08-08T02:26:47.811+0000] {taskinstance.py:2330} INFO - Executing <Task(BashOperator): create_folder> on 2024-06-10 00:00:00+00:00
[2025-08-08T02:26:47.815+0000] {standard_task_runner.py:63} INFO - Started process 612 to run task
[2025-08-08T02:26:47.817+0000] {standard_task_runner.py:90} INFO - Running: ['***', 'tasks', 'run', 'climate_data', 'create_folder', 'scheduled__2024-06-10T00:00:00+00:00', '--job-id', '123', '--raw', '--subdir', 'DAGS_FOLDER/climate_data.py', '--cfg-path', '/tmp/tmpk7dmhwya']
[2025-08-08T02:26:47.819+0000] {standard_task_runner.py:91} INFO - Job 123: Subtask create_folder
[2025-08-08T02:26:47.830+0000] {logging_mixin.py:188} WARNING - /home/***/.local/lib/python3.9/site-packages/***/settings.py:195 DeprecationWarning: The sql_alchemy_conn option in [core] has been moved to the sql_alchemy_conn option in [database] - the old setting has been used, but please update your config.
[2025-08-08T02:26:47.866+0000] {task_command.py:426} INFO - Running <TaskInstance: climate_data.create_folder scheduled__2024-06-10T00:00:00+00:00 [running]> on host 3ceab82043f1
[2025-08-08T02:26:47.924+0000] {taskinstance.py:2648} INFO - Exporting env vars: AIRFLOW_CTX_DAG_OWNER='***' AIRFLOW_CTX_DAG_ID='climate_data' AIRFLOW_CTX_TASK_ID='create_folder' AIRFLOW_CTX_EXECUTION_DATE='2024-06-10T00:00:00+00:00' AIRFLOW_CTX_TRY_NUMBER='1' AIRFLOW_CTX_DAG_RUN_ID='scheduled__2024-06-10T00:00:00+00:00'
[2025-08-08T02:26:47.925+0000] {taskinstance.py:430} INFO - ::endgroup::
[2025-08-08T02:26:47.937+0000] {subprocess.py:63} INFO - Tmp dir root location: /tmp
[2025-08-08T02:26:47.938+0000] {subprocess.py:75} INFO - Running command: ['/usr/bin/bash', '-c', 'mkdir -p /home/***/host_documents/week2024-06-17"']
[2025-08-08T02:26:47.945+0000] {subprocess.py:86} INFO - Output:
[2025-08-08T02:26:47.946+0000] {subprocess.py:93} INFO - /usr/bin/bash: -c: line 1: unexpected EOF while looking for matching `"'
[2025-08-08T02:26:47.947+0000] {subprocess.py:97} INFO - Command exited with return code 2
[2025-08-08T02:26:47.947+0000] {taskinstance.py:441} INFO - ::group::Post task execution logs
[2025-08-08T02:26:47.954+0000] {taskinstance.py:2905} ERROR - Task failed with exception
Traceback (most recent call last):
  File "/home/airflow/.local/lib/python3.9/site-packages/airflow/models/taskinstance.py", line 465, in _execute_task
    result = _execute_callable(context=context, **execute_callable_kwargs)
  File "/home/airflow/.local/lib/python3.9/site-packages/airflow/models/taskinstance.py", line 432, in _execute_callable
    return execute_callable(context=context, **execute_callable_kwargs)
  File "/home/airflow/.local/lib/python3.9/site-packages/airflow/models/baseoperator.py", line 400, in wrapper
    return func(self, *args, **kwargs)
  File "/home/airflow/.local/lib/python3.9/site-packages/airflow/operators/bash.py", line 243, in execute
    raise AirflowException(
airflow.exceptions.AirflowException: Bash command failed. The command returned a non-zero exit code 2.
[2025-08-08T02:26:47.957+0000] {taskinstance.py:1206} INFO - Marking task as FAILED. dag_id=climate_data, task_id=create_folder, run_id=scheduled__2024-06-10T00:00:00+00:00, execution_date=20240610T000000, start_date=20250808T022647, end_date=20250808T022647
[2025-08-08T02:26:47.964+0000] {standard_task_runner.py:110} ERROR - Failed to execute job 123 for task create_folder (Bash command failed. The command returned a non-zero exit code 2.; 612)
[2025-08-08T02:26:47.989+0000] {local_task_job_runner.py:240} INFO - Task exited with return code 1
[2025-08-08T02:26:48.004+0000] {taskinstance.py:3498} INFO - 0 downstream tasks scheduled from follow-on schedule check
[2025-08-08T02:26:48.007+0000] {local_task_job_runner.py:222} INFO - ::endgroup::
[2025-08-08T02:35:08.169+0000] {local_task_job_runner.py:120} INFO - ::group::Pre task execution logs
[2025-08-08T02:35:08.195+0000] {taskinstance.py:2076} INFO - Dependencies all met for dep_context=non-requeueable deps ti=<TaskInstance: climate_data.create_folder scheduled__2024-06-10T00:00:00+00:00 [queued]>
[2025-08-08T02:35:08.204+0000] {taskinstance.py:2076} INFO - Dependencies all met for dep_context=requeueable deps ti=<TaskInstance: climate_data.create_folder scheduled__2024-06-10T00:00:00+00:00 [queued]>
[2025-08-08T02:35:08.205+0000] {taskinstance.py:2306} INFO - Starting attempt 1 of 1
[2025-08-08T02:35:08.214+0000] {taskinstance.py:2330} INFO - Executing <Task(BashOperator): create_folder> on 2024-06-10 00:00:00+00:00
[2025-08-08T02:35:08.218+0000] {standard_task_runner.py:63} INFO - Started process 647 to run task
[2025-08-08T02:35:08.220+0000] {standard_task_runner.py:90} INFO - Running: ['***', 'tasks', 'run', 'climate_data', 'create_folder', 'scheduled__2024-06-10T00:00:00+00:00', '--job-id', '279', '--raw', '--subdir', 'DAGS_FOLDER/climate_data.py', '--cfg-path', '/tmp/tmpnfbgznas']
[2025-08-08T02:35:08.222+0000] {standard_task_runner.py:91} INFO - Job 279: Subtask create_folder
[2025-08-08T02:35:08.233+0000] {logging_mixin.py:188} WARNING - /home/***/.local/lib/python3.9/site-packages/***/settings.py:195 DeprecationWarning: The sql_alchemy_conn option in [core] has been moved to the sql_alchemy_conn option in [database] - the old setting has been used, but please update your config.
[2025-08-08T02:35:08.273+0000] {task_command.py:426} INFO - Running <TaskInstance: climate_data.create_folder scheduled__2024-06-10T00:00:00+00:00 [running]> on host 1a6f5acf67f4
[2025-08-08T02:35:08.335+0000] {taskinstance.py:2648} INFO - Exporting env vars: AIRFLOW_CTX_DAG_OWNER='***' AIRFLOW_CTX_DAG_ID='climate_data' AIRFLOW_CTX_TASK_ID='create_folder' AIRFLOW_CTX_EXECUTION_DATE='2024-06-10T00:00:00+00:00' AIRFLOW_CTX_TRY_NUMBER='1' AIRFLOW_CTX_DAG_RUN_ID='scheduled__2024-06-10T00:00:00+00:00'
[2025-08-08T02:35:08.336+0000] {taskinstance.py:430} INFO - ::endgroup::
[2025-08-08T02:35:08.343+0000] {subprocess.py:63} INFO - Tmp dir root location: /tmp
[2025-08-08T02:35:08.344+0000] {subprocess.py:75} INFO - Running command: ['/usr/bin/bash', '-c', 'mkdir -p /home/***/host_documents/week2024-06-17"']
[2025-08-08T02:35:08.351+0000] {subprocess.py:86} INFO - Output:
[2025-08-08T02:35:08.352+0000] {subprocess.py:93} INFO - /usr/bin/bash: -c: line 1: unexpected EOF while looking for matching `"'
[2025-08-08T02:35:08.353+0000] {subprocess.py:97} INFO - Command exited with return code 2
[2025-08-08T02:35:08.353+0000] {taskinstance.py:441} INFO - ::group::Post task execution logs
[2025-08-08T02:35:08.361+0000] {taskinstance.py:2905} ERROR - Task failed with exception
Traceback (most recent call last):
  File "/home/airflow/.local/lib/python3.9/site-packages/airflow/models/taskinstance.py", line 465, in _execute_task
    result = _execute_callable(context=context, **execute_callable_kwargs)
  File "/home/airflow/.local/lib/python3.9/site-packages/airflow/models/taskinstance.py", line 432, in _execute_callable
    return execute_callable(context=context, **execute_callable_kwargs)
  File "/home/airflow/.local/lib/python3.9/site-packages/airflow/models/baseoperator.py", line 400, in wrapper
    return func(self, *args, **kwargs)
  File "/home/airflow/.local/lib/python3.9/site-packages/airflow/operators/bash.py", line 243, in execute
    raise AirflowException(
airflow.exceptions.AirflowException: Bash command failed. The command returned a non-zero exit code 2.
[2025-08-08T02:35:08.365+0000] {taskinstance.py:1206} INFO - Marking task as FAILED. dag_id=climate_data, task_id=create_folder, run_id=scheduled__2024-06-10T00:00:00+00:00, execution_date=20240610T000000, start_date=20250808T023508, end_date=20250808T023508
[2025-08-08T02:35:08.373+0000] {standard_task_runner.py:110} ERROR - Failed to execute job 279 for task create_folder (Bash command failed. The command returned a non-zero exit code 2.; 647)
[2025-08-08T02:35:08.393+0000] {local_task_job_runner.py:240} INFO - Task exited with return code 1
[2025-08-08T02:35:08.409+0000] {taskinstance.py:3498} INFO - 0 downstream tasks scheduled from follow-on schedule check
[2025-08-08T02:35:08.412+0000] {local_task_job_runner.py:222} INFO - ::endgroup::
[2025-08-08T02:39:42.637+0000] {local_task_job_runner.py:120} INFO - ::group::Pre task execution logs
[2025-08-08T02:39:42.660+0000] {taskinstance.py:2076} INFO - Dependencies all met for dep_context=non-requeueable deps ti=<TaskInstance: climate_data.create_folder scheduled__2024-06-10T00:00:00+00:00 [queued]>
[2025-08-08T02:39:42.668+0000] {taskinstance.py:2076} INFO - Dependencies all met for dep_context=requeueable deps ti=<TaskInstance: climate_data.create_folder scheduled__2024-06-10T00:00:00+00:00 [queued]>
[2025-08-08T02:39:42.668+0000] {taskinstance.py:2306} INFO - Starting attempt 1 of 1
[2025-08-08T02:39:42.679+0000] {taskinstance.py:2330} INFO - Executing <Task(BashOperator): create_folder> on 2024-06-10 00:00:00+00:00
[2025-08-08T02:39:42.683+0000] {standard_task_runner.py:63} INFO - Started process 1681 to run task
[2025-08-08T02:39:42.687+0000] {standard_task_runner.py:90} INFO - Running: ['***', 'tasks', 'run', 'climate_data', 'create_folder', 'scheduled__2024-06-10T00:00:00+00:00', '--job-id', '521', '--raw', '--subdir', 'DAGS_FOLDER/climate_data.py', '--cfg-path', '/tmp/tmpm_ooybxj']
[2025-08-08T02:39:42.689+0000] {standard_task_runner.py:91} INFO - Job 521: Subtask create_folder
[2025-08-08T02:39:42.706+0000] {logging_mixin.py:188} WARNING - /home/***/.local/lib/python3.9/site-packages/***/settings.py:195 DeprecationWarning: The sql_alchemy_conn option in [core] has been moved to the sql_alchemy_conn option in [database] - the old setting has been used, but please update your config.
[2025-08-08T02:39:42.758+0000] {task_command.py:426} INFO - Running <TaskInstance: climate_data.create_folder scheduled__2024-06-10T00:00:00+00:00 [running]> on host 1a6f5acf67f4
[2025-08-08T02:39:42.838+0000] {taskinstance.py:2648} INFO - Exporting env vars: AIRFLOW_CTX_DAG_OWNER='***' AIRFLOW_CTX_DAG_ID='climate_data' AIRFLOW_CTX_TASK_ID='create_folder' AIRFLOW_CTX_EXECUTION_DATE='2024-06-10T00:00:00+00:00' AIRFLOW_CTX_TRY_NUMBER='1' AIRFLOW_CTX_DAG_RUN_ID='scheduled__2024-06-10T00:00:00+00:00'
[2025-08-08T02:39:42.840+0000] {taskinstance.py:430} INFO - ::endgroup::
[2025-08-08T02:39:42.850+0000] {subprocess.py:63} INFO - Tmp dir root location: /tmp
[2025-08-08T02:39:42.851+0000] {subprocess.py:75} INFO - Running command: ['/usr/bin/bash', '-c', 'mkdir -p /home/***/host_documents/week2024-06-17']
[2025-08-08T02:39:42.862+0000] {subprocess.py:86} INFO - Output:
[2025-08-08T02:39:42.868+0000] {subprocess.py:97} INFO - Command exited with return code 0
[2025-08-08T02:39:42.868+0000] {taskinstance.py:441} INFO - ::group::Post task execution logs
[2025-08-08T02:39:42.890+0000] {taskinstance.py:1206} INFO - Marking task as SUCCESS. dag_id=climate_data, task_id=create_folder, run_id=scheduled__2024-06-10T00:00:00+00:00, execution_date=20240610T000000, start_date=20250808T023942, end_date=20250808T023942
[2025-08-08T02:39:42.979+0000] {local_task_job_runner.py:240} INFO - Task exited with return code 0
[2025-08-08T02:39:42.990+0000] {local_task_job_runner.py:222} INFO - ::endgroup::
[2025-08-08T02:42:40.052+0000] {local_task_job_runner.py:120} INFO - ::group::Pre task execution logs
[2025-08-08T02:42:40.074+0000] {taskinstance.py:2076} INFO - Dependencies all met for dep_context=non-requeueable deps ti=<TaskInstance: climate_data.create_folder scheduled__2024-06-10T00:00:00+00:00 [queued]>
[2025-08-08T02:42:40.082+0000] {taskinstance.py:2076} INFO - Dependencies all met for dep_context=requeueable deps ti=<TaskInstance: climate_data.create_folder scheduled__2024-06-10T00:00:00+00:00 [queued]>
[2025-08-08T02:42:40.083+0000] {taskinstance.py:2306} INFO - Starting attempt 1 of 1
[2025-08-08T02:42:40.097+0000] {taskinstance.py:2330} INFO - Executing <Task(BashOperator): create_folder> on 2024-06-10 00:00:00+00:00
[2025-08-08T02:42:40.102+0000] {standard_task_runner.py:63} INFO - Started process 2858 to run task
[2025-08-08T02:42:40.105+0000] {standard_task_runner.py:90} INFO - Running: ['***', 'tasks', 'run', 'climate_data', 'create_folder', 'scheduled__2024-06-10T00:00:00+00:00', '--job-id', '830', '--raw', '--subdir', 'DAGS_FOLDER/climate_data.py', '--cfg-path', '/tmp/tmpcc98j6ef']
[2025-08-08T02:42:40.107+0000] {standard_task_runner.py:91} INFO - Job 830: Subtask create_folder
[2025-08-08T02:42:40.124+0000] {logging_mixin.py:188} WARNING - /home/***/.local/lib/python3.9/site-packages/***/settings.py:195 DeprecationWarning: The sql_alchemy_conn option in [core] has been moved to the sql_alchemy_conn option in [database] - the old setting has been used, but please update your config.
[2025-08-08T02:42:40.170+0000] {task_command.py:426} INFO - Running <TaskInstance: climate_data.create_folder scheduled__2024-06-10T00:00:00+00:00 [running]> on host 1a6f5acf67f4
[2025-08-08T02:42:40.242+0000] {taskinstance.py:2648} INFO - Exporting env vars: AIRFLOW_CTX_DAG_OWNER='***' AIRFLOW_CTX_DAG_ID='climate_data' AIRFLOW_CTX_TASK_ID='create_folder' AIRFLOW_CTX_EXECUTION_DATE='2024-06-10T00:00:00+00:00' AIRFLOW_CTX_TRY_NUMBER='1' AIRFLOW_CTX_DAG_RUN_ID='scheduled__2024-06-10T00:00:00+00:00'
[2025-08-08T02:42:40.244+0000] {taskinstance.py:430} INFO - ::endgroup::
[2025-08-08T02:42:40.255+0000] {subprocess.py:63} INFO - Tmp dir root location: /tmp
[2025-08-08T02:42:40.256+0000] {subprocess.py:75} INFO - Running command: ['/usr/bin/bash', '-c', 'mkdir -p "/home/***/host_documents/week2024-06-17"']
[2025-08-08T02:42:40.265+0000] {subprocess.py:86} INFO - Output:
[2025-08-08T02:42:40.270+0000] {subprocess.py:97} INFO - Command exited with return code 0
[2025-08-08T02:42:40.271+0000] {taskinstance.py:441} INFO - ::group::Post task execution logs
[2025-08-08T02:42:40.291+0000] {taskinstance.py:1206} INFO - Marking task as SUCCESS. dag_id=climate_data, task_id=create_folder, run_id=scheduled__2024-06-10T00:00:00+00:00, execution_date=20240610T000000, start_date=20250808T024240, end_date=20250808T024240
[2025-08-08T02:42:40.359+0000] {local_task_job_runner.py:240} INFO - Task exited with return code 0
[2025-08-08T02:42:40.367+0000] {local_task_job_runner.py:222} INFO - ::endgroup::
