[2025-08-08T02:26:58.494+0000] {local_task_job_runner.py:120} INFO - ::group::Pre task execution logs
[2025-08-08T02:26:58.513+0000] {taskinstance.py:2076} INFO - Dependencies all met for dep_context=non-requeueable deps ti=<TaskInstance: climate_data.create_folder scheduled__2024-12-16T00:00:00+00:00 [queued]>
[2025-08-08T02:26:58.520+0000] {taskinstance.py:2076} INFO - Dependencies all met for dep_context=requeueable deps ti=<TaskInstance: climate_data.create_folder scheduled__2024-12-16T00:00:00+00:00 [queued]>
[2025-08-08T02:26:58.521+0000] {taskinstance.py:2306} INFO - Starting attempt 1 of 1
[2025-08-08T02:26:58.532+0000] {taskinstance.py:2330} INFO - Executing <Task(BashOperator): create_folder> on 2024-12-16 00:00:00+00:00
[2025-08-08T02:26:58.536+0000] {standard_task_runner.py:63} INFO - Started process 723 to run task
[2025-08-08T02:26:58.538+0000] {standard_task_runner.py:90} INFO - Running: ['***', 'tasks', 'run', 'climate_data', 'create_folder', 'scheduled__2024-12-16T00:00:00+00:00', '--job-id', '150', '--raw', '--subdir', 'DAGS_FOLDER/climate_data.py', '--cfg-path', '/tmp/tmpee6etmf0']
[2025-08-08T02:26:58.540+0000] {standard_task_runner.py:91} INFO - Job 150: Subtask create_folder
[2025-08-08T02:26:58.552+0000] {logging_mixin.py:188} WARNING - /home/***/.local/lib/python3.9/site-packages/***/settings.py:195 DeprecationWarning: The sql_alchemy_conn option in [core] has been moved to the sql_alchemy_conn option in [database] - the old setting has been used, but please update your config.
[2025-08-08T02:26:58.595+0000] {task_command.py:426} INFO - Running <TaskInstance: climate_data.create_folder scheduled__2024-12-16T00:00:00+00:00 [running]> on host 3ceab82043f1
[2025-08-08T02:26:58.666+0000] {taskinstance.py:2648} INFO - Exporting env vars: AIRFLOW_CTX_DAG_OWNER='***' AIRFLOW_CTX_DAG_ID='climate_data' AIRFLOW_CTX_TASK_ID='create_folder' AIRFLOW_CTX_EXECUTION_DATE='2024-12-16T00:00:00+00:00' AIRFLOW_CTX_TRY_NUMBER='1' AIRFLOW_CTX_DAG_RUN_ID='scheduled__2024-12-16T00:00:00+00:00'
[2025-08-08T02:26:58.668+0000] {taskinstance.py:430} INFO - ::endgroup::
[2025-08-08T02:26:58.678+0000] {subprocess.py:63} INFO - Tmp dir root location: /tmp
[2025-08-08T02:26:58.679+0000] {subprocess.py:75} INFO - Running command: ['/usr/bin/bash', '-c', 'mkdir -p /home/***/host_documents/week2024-12-23"']
[2025-08-08T02:26:58.693+0000] {subprocess.py:86} INFO - Output:
[2025-08-08T02:26:58.694+0000] {subprocess.py:93} INFO - /usr/bin/bash: -c: line 1: unexpected EOF while looking for matching `"'
[2025-08-08T02:26:58.695+0000] {subprocess.py:97} INFO - Command exited with return code 2
[2025-08-08T02:26:58.696+0000] {taskinstance.py:441} INFO - ::group::Post task execution logs
[2025-08-08T02:26:58.703+0000] {taskinstance.py:2905} ERROR - Task failed with exception
Traceback (most recent call last):
  File "/home/airflow/.local/lib/python3.9/site-packages/airflow/models/taskinstance.py", line 465, in _execute_task
    result = _execute_callable(context=context, **execute_callable_kwargs)
  File "/home/airflow/.local/lib/python3.9/site-packages/airflow/models/taskinstance.py", line 432, in _execute_callable
    return execute_callable(context=context, **execute_callable_kwargs)
  File "/home/airflow/.local/lib/python3.9/site-packages/airflow/models/baseoperator.py", line 400, in wrapper
    return func(self, *args, **kwargs)
  File "/home/airflow/.local/lib/python3.9/site-packages/airflow/operators/bash.py", line 243, in execute
    raise AirflowException(
airflow.exceptions.AirflowException: Bash command failed. The command returned a non-zero exit code 2.
[2025-08-08T02:26:58.707+0000] {taskinstance.py:1206} INFO - Marking task as FAILED. dag_id=climate_data, task_id=create_folder, run_id=scheduled__2024-12-16T00:00:00+00:00, execution_date=20241216T000000, start_date=20250808T022658, end_date=20250808T022658
[2025-08-08T02:26:58.720+0000] {standard_task_runner.py:110} ERROR - Failed to execute job 150 for task create_folder (Bash command failed. The command returned a non-zero exit code 2.; 723)
[2025-08-08T02:26:58.751+0000] {local_task_job_runner.py:240} INFO - Task exited with return code 1
[2025-08-08T02:26:58.764+0000] {local_task_job_runner.py:222} INFO - ::endgroup::
[2025-08-08T02:35:18.536+0000] {local_task_job_runner.py:120} INFO - ::group::Pre task execution logs
[2025-08-08T02:35:18.554+0000] {taskinstance.py:2076} INFO - Dependencies all met for dep_context=non-requeueable deps ti=<TaskInstance: climate_data.create_folder scheduled__2024-12-16T00:00:00+00:00 [queued]>
[2025-08-08T02:35:18.561+0000] {taskinstance.py:2076} INFO - Dependencies all met for dep_context=requeueable deps ti=<TaskInstance: climate_data.create_folder scheduled__2024-12-16T00:00:00+00:00 [queued]>
[2025-08-08T02:35:18.565+0000] {taskinstance.py:2306} INFO - Starting attempt 1 of 1
[2025-08-08T02:35:18.576+0000] {taskinstance.py:2330} INFO - Executing <Task(BashOperator): create_folder> on 2024-12-16 00:00:00+00:00
[2025-08-08T02:35:18.581+0000] {standard_task_runner.py:63} INFO - Started process 758 to run task
[2025-08-08T02:35:18.583+0000] {standard_task_runner.py:90} INFO - Running: ['***', 'tasks', 'run', 'climate_data', 'create_folder', 'scheduled__2024-12-16T00:00:00+00:00', '--job-id', '306', '--raw', '--subdir', 'DAGS_FOLDER/climate_data.py', '--cfg-path', '/tmp/tmpowwughg1']
[2025-08-08T02:35:18.585+0000] {standard_task_runner.py:91} INFO - Job 306: Subtask create_folder
[2025-08-08T02:35:18.596+0000] {logging_mixin.py:188} WARNING - /home/***/.local/lib/python3.9/site-packages/***/settings.py:195 DeprecationWarning: The sql_alchemy_conn option in [core] has been moved to the sql_alchemy_conn option in [database] - the old setting has been used, but please update your config.
[2025-08-08T02:35:18.637+0000] {task_command.py:426} INFO - Running <TaskInstance: climate_data.create_folder scheduled__2024-12-16T00:00:00+00:00 [running]> on host 1a6f5acf67f4
[2025-08-08T02:35:18.711+0000] {taskinstance.py:2648} INFO - Exporting env vars: AIRFLOW_CTX_DAG_OWNER='***' AIRFLOW_CTX_DAG_ID='climate_data' AIRFLOW_CTX_TASK_ID='create_folder' AIRFLOW_CTX_EXECUTION_DATE='2024-12-16T00:00:00+00:00' AIRFLOW_CTX_TRY_NUMBER='1' AIRFLOW_CTX_DAG_RUN_ID='scheduled__2024-12-16T00:00:00+00:00'
[2025-08-08T02:35:18.712+0000] {taskinstance.py:430} INFO - ::endgroup::
[2025-08-08T02:35:18.721+0000] {subprocess.py:63} INFO - Tmp dir root location: /tmp
[2025-08-08T02:35:18.722+0000] {subprocess.py:75} INFO - Running command: ['/usr/bin/bash', '-c', 'mkdir -p /home/***/host_documents/week2024-12-23"']
[2025-08-08T02:35:18.731+0000] {subprocess.py:86} INFO - Output:
[2025-08-08T02:35:18.732+0000] {subprocess.py:93} INFO - /usr/bin/bash: -c: line 1: unexpected EOF while looking for matching `"'
[2025-08-08T02:35:18.733+0000] {subprocess.py:97} INFO - Command exited with return code 2
[2025-08-08T02:35:18.734+0000] {taskinstance.py:441} INFO - ::group::Post task execution logs
[2025-08-08T02:35:18.746+0000] {taskinstance.py:2905} ERROR - Task failed with exception
Traceback (most recent call last):
  File "/home/airflow/.local/lib/python3.9/site-packages/airflow/models/taskinstance.py", line 465, in _execute_task
    result = _execute_callable(context=context, **execute_callable_kwargs)
  File "/home/airflow/.local/lib/python3.9/site-packages/airflow/models/taskinstance.py", line 432, in _execute_callable
    return execute_callable(context=context, **execute_callable_kwargs)
  File "/home/airflow/.local/lib/python3.9/site-packages/airflow/models/baseoperator.py", line 400, in wrapper
    return func(self, *args, **kwargs)
  File "/home/airflow/.local/lib/python3.9/site-packages/airflow/operators/bash.py", line 243, in execute
    raise AirflowException(
airflow.exceptions.AirflowException: Bash command failed. The command returned a non-zero exit code 2.
[2025-08-08T02:35:18.749+0000] {taskinstance.py:1206} INFO - Marking task as FAILED. dag_id=climate_data, task_id=create_folder, run_id=scheduled__2024-12-16T00:00:00+00:00, execution_date=20241216T000000, start_date=20250808T023518, end_date=20250808T023518
[2025-08-08T02:35:18.762+0000] {standard_task_runner.py:110} ERROR - Failed to execute job 306 for task create_folder (Bash command failed. The command returned a non-zero exit code 2.; 758)
[2025-08-08T02:35:18.796+0000] {local_task_job_runner.py:240} INFO - Task exited with return code 1
[2025-08-08T02:35:18.807+0000] {local_task_job_runner.py:222} INFO - ::endgroup::
[2025-08-08T02:39:51.130+0000] {local_task_job_runner.py:120} INFO - ::group::Pre task execution logs
[2025-08-08T02:39:51.152+0000] {taskinstance.py:2076} INFO - Dependencies all met for dep_context=non-requeueable deps ti=<TaskInstance: climate_data.create_folder scheduled__2024-12-16T00:00:00+00:00 [queued]>
[2025-08-08T02:39:51.160+0000] {taskinstance.py:2076} INFO - Dependencies all met for dep_context=requeueable deps ti=<TaskInstance: climate_data.create_folder scheduled__2024-12-16T00:00:00+00:00 [queued]>
[2025-08-08T02:39:51.160+0000] {taskinstance.py:2306} INFO - Starting attempt 1 of 1
[2025-08-08T02:39:51.192+0000] {taskinstance.py:2330} INFO - Executing <Task(BashOperator): create_folder> on 2024-12-16 00:00:00+00:00
[2025-08-08T02:39:51.196+0000] {standard_task_runner.py:63} INFO - Started process 1873 to run task
[2025-08-08T02:39:51.198+0000] {standard_task_runner.py:90} INFO - Running: ['***', 'tasks', 'run', 'climate_data', 'create_folder', 'scheduled__2024-12-16T00:00:00+00:00', '--job-id', '575', '--raw', '--subdir', 'DAGS_FOLDER/climate_data.py', '--cfg-path', '/tmp/tmpaz1s0sd0']
[2025-08-08T02:39:51.200+0000] {standard_task_runner.py:91} INFO - Job 575: Subtask create_folder
[2025-08-08T02:39:51.217+0000] {logging_mixin.py:188} WARNING - /home/***/.local/lib/python3.9/site-packages/***/settings.py:195 DeprecationWarning: The sql_alchemy_conn option in [core] has been moved to the sql_alchemy_conn option in [database] - the old setting has been used, but please update your config.
[2025-08-08T02:39:51.264+0000] {task_command.py:426} INFO - Running <TaskInstance: climate_data.create_folder scheduled__2024-12-16T00:00:00+00:00 [running]> on host 1a6f5acf67f4
[2025-08-08T02:39:51.339+0000] {taskinstance.py:2648} INFO - Exporting env vars: AIRFLOW_CTX_DAG_OWNER='***' AIRFLOW_CTX_DAG_ID='climate_data' AIRFLOW_CTX_TASK_ID='create_folder' AIRFLOW_CTX_EXECUTION_DATE='2024-12-16T00:00:00+00:00' AIRFLOW_CTX_TRY_NUMBER='1' AIRFLOW_CTX_DAG_RUN_ID='scheduled__2024-12-16T00:00:00+00:00'
[2025-08-08T02:39:51.341+0000] {taskinstance.py:430} INFO - ::endgroup::
[2025-08-08T02:39:51.354+0000] {subprocess.py:63} INFO - Tmp dir root location: /tmp
[2025-08-08T02:39:51.355+0000] {subprocess.py:75} INFO - Running command: ['/usr/bin/bash', '-c', 'mkdir -p /home/***/host_documents/week2024-12-23']
[2025-08-08T02:39:51.365+0000] {subprocess.py:86} INFO - Output:
[2025-08-08T02:39:51.369+0000] {subprocess.py:97} INFO - Command exited with return code 0
[2025-08-08T02:39:51.370+0000] {taskinstance.py:441} INFO - ::group::Post task execution logs
[2025-08-08T02:39:51.398+0000] {taskinstance.py:1206} INFO - Marking task as SUCCESS. dag_id=climate_data, task_id=create_folder, run_id=scheduled__2024-12-16T00:00:00+00:00, execution_date=20241216T000000, start_date=20250808T023951, end_date=20250808T023951
[2025-08-08T02:39:51.492+0000] {local_task_job_runner.py:240} INFO - Task exited with return code 0
[2025-08-08T02:39:51.512+0000] {taskinstance.py:3498} INFO - 1 downstream tasks scheduled from follow-on schedule check
[2025-08-08T02:39:51.515+0000] {local_task_job_runner.py:222} INFO - ::endgroup::
[2025-08-08T02:42:50.917+0000] {local_task_job_runner.py:120} INFO - ::group::Pre task execution logs
[2025-08-08T02:42:50.941+0000] {taskinstance.py:2076} INFO - Dependencies all met for dep_context=non-requeueable deps ti=<TaskInstance: climate_data.create_folder scheduled__2024-12-16T00:00:00+00:00 [queued]>
[2025-08-08T02:42:50.951+0000] {taskinstance.py:2076} INFO - Dependencies all met for dep_context=requeueable deps ti=<TaskInstance: climate_data.create_folder scheduled__2024-12-16T00:00:00+00:00 [queued]>
[2025-08-08T02:42:50.952+0000] {taskinstance.py:2306} INFO - Starting attempt 1 of 1
[2025-08-08T02:42:50.965+0000] {taskinstance.py:2330} INFO - Executing <Task(BashOperator): create_folder> on 2024-12-16 00:00:00+00:00
[2025-08-08T02:42:50.969+0000] {standard_task_runner.py:63} INFO - Started process 3044 to run task
[2025-08-08T02:42:50.973+0000] {standard_task_runner.py:90} INFO - Running: ['***', 'tasks', 'run', 'climate_data', 'create_folder', 'scheduled__2024-12-16T00:00:00+00:00', '--job-id', '881', '--raw', '--subdir', 'DAGS_FOLDER/climate_data.py', '--cfg-path', '/tmp/tmp23sshn51']
[2025-08-08T02:42:50.976+0000] {standard_task_runner.py:91} INFO - Job 881: Subtask create_folder
[2025-08-08T02:42:50.991+0000] {logging_mixin.py:188} WARNING - /home/***/.local/lib/python3.9/site-packages/***/settings.py:195 DeprecationWarning: The sql_alchemy_conn option in [core] has been moved to the sql_alchemy_conn option in [database] - the old setting has been used, but please update your config.
[2025-08-08T02:42:51.037+0000] {task_command.py:426} INFO - Running <TaskInstance: climate_data.create_folder scheduled__2024-12-16T00:00:00+00:00 [running]> on host 1a6f5acf67f4
[2025-08-08T02:42:51.127+0000] {taskinstance.py:2648} INFO - Exporting env vars: AIRFLOW_CTX_DAG_OWNER='***' AIRFLOW_CTX_DAG_ID='climate_data' AIRFLOW_CTX_TASK_ID='create_folder' AIRFLOW_CTX_EXECUTION_DATE='2024-12-16T00:00:00+00:00' AIRFLOW_CTX_TRY_NUMBER='1' AIRFLOW_CTX_DAG_RUN_ID='scheduled__2024-12-16T00:00:00+00:00'
[2025-08-08T02:42:51.128+0000] {taskinstance.py:430} INFO - ::endgroup::
[2025-08-08T02:42:51.140+0000] {subprocess.py:63} INFO - Tmp dir root location: /tmp
[2025-08-08T02:42:51.142+0000] {subprocess.py:75} INFO - Running command: ['/usr/bin/bash', '-c', 'mkdir -p "/home/***/host_documents/week2024-12-23"']
[2025-08-08T02:42:51.153+0000] {subprocess.py:86} INFO - Output:
[2025-08-08T02:42:51.158+0000] {subprocess.py:97} INFO - Command exited with return code 0
[2025-08-08T02:42:51.159+0000] {taskinstance.py:441} INFO - ::group::Post task execution logs
[2025-08-08T02:42:51.181+0000] {taskinstance.py:1206} INFO - Marking task as SUCCESS. dag_id=climate_data, task_id=create_folder, run_id=scheduled__2024-12-16T00:00:00+00:00, execution_date=20241216T000000, start_date=20250808T024250, end_date=20250808T024251
[2025-08-08T02:42:51.225+0000] {local_task_job_runner.py:240} INFO - Task exited with return code 0
[2025-08-08T02:42:51.246+0000] {taskinstance.py:3498} INFO - 1 downstream tasks scheduled from follow-on schedule check
[2025-08-08T02:42:51.248+0000] {local_task_job_runner.py:222} INFO - ::endgroup::
