[2025-08-08T02:26:47.942+0000] {local_task_job_runner.py:120} INFO - ::group::Pre task execution logs
[2025-08-08T02:26:47.962+0000] {taskinstance.py:2076} INFO - Dependencies all met for dep_context=non-requeueable deps ti=<TaskInstance: climate_data.create_folder scheduled__2024-06-24T00:00:00+00:00 [queued]>
[2025-08-08T02:26:47.968+0000] {taskinstance.py:2076} INFO - Dependencies all met for dep_context=requeueable deps ti=<TaskInstance: climate_data.create_folder scheduled__2024-06-24T00:00:00+00:00 [queued]>
[2025-08-08T02:26:47.969+0000] {taskinstance.py:2306} INFO - Starting attempt 1 of 1
[2025-08-08T02:26:47.977+0000] {taskinstance.py:2330} INFO - Executing <Task(BashOperator): create_folder> on 2024-06-24 00:00:00+00:00
[2025-08-08T02:26:47.981+0000] {standard_task_runner.py:63} INFO - Started process 616 to run task
[2025-08-08T02:26:47.983+0000] {standard_task_runner.py:90} INFO - Running: ['***', 'tasks', 'run', 'climate_data', 'create_folder', 'scheduled__2024-06-24T00:00:00+00:00', '--job-id', '125', '--raw', '--subdir', 'DAGS_FOLDER/climate_data.py', '--cfg-path', '/tmp/tmp3l27ac6s']
[2025-08-08T02:26:47.985+0000] {standard_task_runner.py:91} INFO - Job 125: Subtask create_folder
[2025-08-08T02:26:47.996+0000] {logging_mixin.py:188} WARNING - /home/***/.local/lib/python3.9/site-packages/***/settings.py:195 DeprecationWarning: The sql_alchemy_conn option in [core] has been moved to the sql_alchemy_conn option in [database] - the old setting has been used, but please update your config.
[2025-08-08T02:26:48.029+0000] {task_command.py:426} INFO - Running <TaskInstance: climate_data.create_folder scheduled__2024-06-24T00:00:00+00:00 [running]> on host 3ceab82043f1
[2025-08-08T02:26:48.085+0000] {taskinstance.py:2648} INFO - Exporting env vars: AIRFLOW_CTX_DAG_OWNER='***' AIRFLOW_CTX_DAG_ID='climate_data' AIRFLOW_CTX_TASK_ID='create_folder' AIRFLOW_CTX_EXECUTION_DATE='2024-06-24T00:00:00+00:00' AIRFLOW_CTX_TRY_NUMBER='1' AIRFLOW_CTX_DAG_RUN_ID='scheduled__2024-06-24T00:00:00+00:00'
[2025-08-08T02:26:48.086+0000] {taskinstance.py:430} INFO - ::endgroup::
[2025-08-08T02:26:48.093+0000] {subprocess.py:63} INFO - Tmp dir root location: /tmp
[2025-08-08T02:26:48.094+0000] {subprocess.py:75} INFO - Running command: ['/usr/bin/bash', '-c', 'mkdir -p /home/***/host_documents/week2024-07-01"']
[2025-08-08T02:26:48.101+0000] {subprocess.py:86} INFO - Output:
[2025-08-08T02:26:48.102+0000] {subprocess.py:93} INFO - /usr/bin/bash: -c: line 1: unexpected EOF while looking for matching `"'
[2025-08-08T02:26:48.102+0000] {subprocess.py:97} INFO - Command exited with return code 2
[2025-08-08T02:26:48.103+0000] {taskinstance.py:441} INFO - ::group::Post task execution logs
[2025-08-08T02:26:48.109+0000] {taskinstance.py:2905} ERROR - Task failed with exception
Traceback (most recent call last):
  File "/home/airflow/.local/lib/python3.9/site-packages/airflow/models/taskinstance.py", line 465, in _execute_task
    result = _execute_callable(context=context, **execute_callable_kwargs)
  File "/home/airflow/.local/lib/python3.9/site-packages/airflow/models/taskinstance.py", line 432, in _execute_callable
    return execute_callable(context=context, **execute_callable_kwargs)
  File "/home/airflow/.local/lib/python3.9/site-packages/airflow/models/baseoperator.py", line 400, in wrapper
    return func(self, *args, **kwargs)
  File "/home/airflow/.local/lib/python3.9/site-packages/airflow/operators/bash.py", line 243, in execute
    raise AirflowException(
airflow.exceptions.AirflowException: Bash command failed. The command returned a non-zero exit code 2.
[2025-08-08T02:26:48.112+0000] {taskinstance.py:1206} INFO - Marking task as FAILED. dag_id=climate_data, task_id=create_folder, run_id=scheduled__2024-06-24T00:00:00+00:00, execution_date=20240624T000000, start_date=20250808T022647, end_date=20250808T022648
[2025-08-08T02:26:48.120+0000] {standard_task_runner.py:110} ERROR - Failed to execute job 125 for task create_folder (Bash command failed. The command returned a non-zero exit code 2.; 616)
[2025-08-08T02:26:48.155+0000] {local_task_job_runner.py:240} INFO - Task exited with return code 1
[2025-08-08T02:26:48.169+0000] {taskinstance.py:3498} INFO - 0 downstream tasks scheduled from follow-on schedule check
[2025-08-08T02:26:48.173+0000] {local_task_job_runner.py:222} INFO - ::endgroup::
[2025-08-08T02:35:08.341+0000] {local_task_job_runner.py:120} INFO - ::group::Pre task execution logs
[2025-08-08T02:35:08.359+0000] {taskinstance.py:2076} INFO - Dependencies all met for dep_context=non-requeueable deps ti=<TaskInstance: climate_data.create_folder scheduled__2024-06-24T00:00:00+00:00 [queued]>
[2025-08-08T02:35:08.367+0000] {taskinstance.py:2076} INFO - Dependencies all met for dep_context=requeueable deps ti=<TaskInstance: climate_data.create_folder scheduled__2024-06-24T00:00:00+00:00 [queued]>
[2025-08-08T02:35:08.367+0000] {taskinstance.py:2306} INFO - Starting attempt 1 of 1
[2025-08-08T02:35:08.376+0000] {taskinstance.py:2330} INFO - Executing <Task(BashOperator): create_folder> on 2024-06-24 00:00:00+00:00
[2025-08-08T02:35:08.380+0000] {standard_task_runner.py:63} INFO - Started process 651 to run task
[2025-08-08T02:35:08.382+0000] {standard_task_runner.py:90} INFO - Running: ['***', 'tasks', 'run', 'climate_data', 'create_folder', 'scheduled__2024-06-24T00:00:00+00:00', '--job-id', '281', '--raw', '--subdir', 'DAGS_FOLDER/climate_data.py', '--cfg-path', '/tmp/tmp4m0y4p77']
[2025-08-08T02:35:08.384+0000] {standard_task_runner.py:91} INFO - Job 281: Subtask create_folder
[2025-08-08T02:35:08.395+0000] {logging_mixin.py:188} WARNING - /home/***/.local/lib/python3.9/site-packages/***/settings.py:195 DeprecationWarning: The sql_alchemy_conn option in [core] has been moved to the sql_alchemy_conn option in [database] - the old setting has been used, but please update your config.
[2025-08-08T02:35:08.434+0000] {task_command.py:426} INFO - Running <TaskInstance: climate_data.create_folder scheduled__2024-06-24T00:00:00+00:00 [running]> on host 1a6f5acf67f4
[2025-08-08T02:35:08.491+0000] {taskinstance.py:2648} INFO - Exporting env vars: AIRFLOW_CTX_DAG_OWNER='***' AIRFLOW_CTX_DAG_ID='climate_data' AIRFLOW_CTX_TASK_ID='create_folder' AIRFLOW_CTX_EXECUTION_DATE='2024-06-24T00:00:00+00:00' AIRFLOW_CTX_TRY_NUMBER='1' AIRFLOW_CTX_DAG_RUN_ID='scheduled__2024-06-24T00:00:00+00:00'
[2025-08-08T02:35:08.491+0000] {taskinstance.py:430} INFO - ::endgroup::
[2025-08-08T02:35:08.499+0000] {subprocess.py:63} INFO - Tmp dir root location: /tmp
[2025-08-08T02:35:08.500+0000] {subprocess.py:75} INFO - Running command: ['/usr/bin/bash', '-c', 'mkdir -p /home/***/host_documents/week2024-07-01"']
[2025-08-08T02:35:08.506+0000] {subprocess.py:86} INFO - Output:
[2025-08-08T02:35:08.507+0000] {subprocess.py:93} INFO - /usr/bin/bash: -c: line 1: unexpected EOF while looking for matching `"'
[2025-08-08T02:35:08.508+0000] {subprocess.py:97} INFO - Command exited with return code 2
[2025-08-08T02:35:08.508+0000] {taskinstance.py:441} INFO - ::group::Post task execution logs
[2025-08-08T02:35:08.515+0000] {taskinstance.py:2905} ERROR - Task failed with exception
Traceback (most recent call last):
  File "/home/airflow/.local/lib/python3.9/site-packages/airflow/models/taskinstance.py", line 465, in _execute_task
    result = _execute_callable(context=context, **execute_callable_kwargs)
  File "/home/airflow/.local/lib/python3.9/site-packages/airflow/models/taskinstance.py", line 432, in _execute_callable
    return execute_callable(context=context, **execute_callable_kwargs)
  File "/home/airflow/.local/lib/python3.9/site-packages/airflow/models/baseoperator.py", line 400, in wrapper
    return func(self, *args, **kwargs)
  File "/home/airflow/.local/lib/python3.9/site-packages/airflow/operators/bash.py", line 243, in execute
    raise AirflowException(
airflow.exceptions.AirflowException: Bash command failed. The command returned a non-zero exit code 2.
[2025-08-08T02:35:08.518+0000] {taskinstance.py:1206} INFO - Marking task as FAILED. dag_id=climate_data, task_id=create_folder, run_id=scheduled__2024-06-24T00:00:00+00:00, execution_date=20240624T000000, start_date=20250808T023508, end_date=20250808T023508
[2025-08-08T02:35:08.525+0000] {standard_task_runner.py:110} ERROR - Failed to execute job 281 for task create_folder (Bash command failed. The command returned a non-zero exit code 2.; 651)
[2025-08-08T02:35:08.554+0000] {local_task_job_runner.py:240} INFO - Task exited with return code 1
[2025-08-08T02:35:08.568+0000] {taskinstance.py:3498} INFO - 0 downstream tasks scheduled from follow-on schedule check
[2025-08-08T02:35:08.571+0000] {local_task_job_runner.py:222} INFO - ::endgroup::
[2025-08-08T02:39:42.933+0000] {local_task_job_runner.py:120} INFO - ::group::Pre task execution logs
[2025-08-08T02:39:42.953+0000] {taskinstance.py:2076} INFO - Dependencies all met for dep_context=non-requeueable deps ti=<TaskInstance: climate_data.create_folder scheduled__2024-06-24T00:00:00+00:00 [queued]>
[2025-08-08T02:39:42.963+0000] {taskinstance.py:2076} INFO - Dependencies all met for dep_context=requeueable deps ti=<TaskInstance: climate_data.create_folder scheduled__2024-06-24T00:00:00+00:00 [queued]>
[2025-08-08T02:39:42.963+0000] {taskinstance.py:2306} INFO - Starting attempt 1 of 1
[2025-08-08T02:39:42.975+0000] {taskinstance.py:2330} INFO - Executing <Task(BashOperator): create_folder> on 2024-06-24 00:00:00+00:00
[2025-08-08T02:39:42.980+0000] {standard_task_runner.py:63} INFO - Started process 1697 to run task
[2025-08-08T02:39:42.983+0000] {standard_task_runner.py:90} INFO - Running: ['***', 'tasks', 'run', 'climate_data', 'create_folder', 'scheduled__2024-06-24T00:00:00+00:00', '--job-id', '525', '--raw', '--subdir', 'DAGS_FOLDER/climate_data.py', '--cfg-path', '/tmp/tmpgn36d10f']
[2025-08-08T02:39:42.984+0000] {standard_task_runner.py:91} INFO - Job 525: Subtask create_folder
[2025-08-08T02:39:43.000+0000] {logging_mixin.py:188} WARNING - /home/***/.local/lib/python3.9/site-packages/***/settings.py:195 DeprecationWarning: The sql_alchemy_conn option in [core] has been moved to the sql_alchemy_conn option in [database] - the old setting has been used, but please update your config.
[2025-08-08T02:39:43.046+0000] {task_command.py:426} INFO - Running <TaskInstance: climate_data.create_folder scheduled__2024-06-24T00:00:00+00:00 [running]> on host 1a6f5acf67f4
[2025-08-08T02:39:43.116+0000] {taskinstance.py:2648} INFO - Exporting env vars: AIRFLOW_CTX_DAG_OWNER='***' AIRFLOW_CTX_DAG_ID='climate_data' AIRFLOW_CTX_TASK_ID='create_folder' AIRFLOW_CTX_EXECUTION_DATE='2024-06-24T00:00:00+00:00' AIRFLOW_CTX_TRY_NUMBER='1' AIRFLOW_CTX_DAG_RUN_ID='scheduled__2024-06-24T00:00:00+00:00'
[2025-08-08T02:39:43.117+0000] {taskinstance.py:430} INFO - ::endgroup::
[2025-08-08T02:39:43.125+0000] {subprocess.py:63} INFO - Tmp dir root location: /tmp
[2025-08-08T02:39:43.126+0000] {subprocess.py:75} INFO - Running command: ['/usr/bin/bash', '-c', 'mkdir -p /home/***/host_documents/week2024-07-01']
[2025-08-08T02:39:43.133+0000] {subprocess.py:86} INFO - Output:
[2025-08-08T02:39:43.136+0000] {subprocess.py:97} INFO - Command exited with return code 0
[2025-08-08T02:39:43.137+0000] {taskinstance.py:441} INFO - ::group::Post task execution logs
[2025-08-08T02:39:43.154+0000] {taskinstance.py:1206} INFO - Marking task as SUCCESS. dag_id=climate_data, task_id=create_folder, run_id=scheduled__2024-06-24T00:00:00+00:00, execution_date=20240624T000000, start_date=20250808T023942, end_date=20250808T023943
[2025-08-08T02:39:43.195+0000] {local_task_job_runner.py:240} INFO - Task exited with return code 0
[2025-08-08T02:39:43.211+0000] {taskinstance.py:3498} INFO - 1 downstream tasks scheduled from follow-on schedule check
[2025-08-08T02:39:43.212+0000] {local_task_job_runner.py:222} INFO - ::endgroup::
[2025-08-08T02:42:44.102+0000] {local_task_job_runner.py:120} INFO - ::group::Pre task execution logs
[2025-08-08T02:42:44.123+0000] {taskinstance.py:2076} INFO - Dependencies all met for dep_context=non-requeueable deps ti=<TaskInstance: climate_data.create_folder scheduled__2024-06-24T00:00:00+00:00 [queued]>
[2025-08-08T02:42:44.129+0000] {taskinstance.py:2076} INFO - Dependencies all met for dep_context=requeueable deps ti=<TaskInstance: climate_data.create_folder scheduled__2024-06-24T00:00:00+00:00 [queued]>
[2025-08-08T02:42:44.130+0000] {taskinstance.py:2306} INFO - Starting attempt 1 of 1
[2025-08-08T02:42:44.154+0000] {taskinstance.py:2330} INFO - Executing <Task(BashOperator): create_folder> on 2024-06-24 00:00:00+00:00
[2025-08-08T02:42:44.158+0000] {standard_task_runner.py:63} INFO - Started process 2892 to run task
[2025-08-08T02:42:44.162+0000] {standard_task_runner.py:90} INFO - Running: ['***', 'tasks', 'run', 'climate_data', 'create_folder', 'scheduled__2024-06-24T00:00:00+00:00', '--job-id', '840', '--raw', '--subdir', 'DAGS_FOLDER/climate_data.py', '--cfg-path', '/tmp/tmpxjoxhcxl']
[2025-08-08T02:42:44.164+0000] {standard_task_runner.py:91} INFO - Job 840: Subtask create_folder
[2025-08-08T02:42:44.182+0000] {logging_mixin.py:188} WARNING - /home/***/.local/lib/python3.9/site-packages/***/settings.py:195 DeprecationWarning: The sql_alchemy_conn option in [core] has been moved to the sql_alchemy_conn option in [database] - the old setting has been used, but please update your config.
[2025-08-08T02:42:44.223+0000] {task_command.py:426} INFO - Running <TaskInstance: climate_data.create_folder scheduled__2024-06-24T00:00:00+00:00 [running]> on host 1a6f5acf67f4
[2025-08-08T02:42:44.291+0000] {taskinstance.py:2648} INFO - Exporting env vars: AIRFLOW_CTX_DAG_OWNER='***' AIRFLOW_CTX_DAG_ID='climate_data' AIRFLOW_CTX_TASK_ID='create_folder' AIRFLOW_CTX_EXECUTION_DATE='2024-06-24T00:00:00+00:00' AIRFLOW_CTX_TRY_NUMBER='1' AIRFLOW_CTX_DAG_RUN_ID='scheduled__2024-06-24T00:00:00+00:00'
[2025-08-08T02:42:44.293+0000] {taskinstance.py:430} INFO - ::endgroup::
[2025-08-08T02:42:44.302+0000] {subprocess.py:63} INFO - Tmp dir root location: /tmp
[2025-08-08T02:42:44.303+0000] {subprocess.py:75} INFO - Running command: ['/usr/bin/bash', '-c', 'mkdir -p "/home/***/host_documents/week2024-07-01"']
[2025-08-08T02:42:44.311+0000] {subprocess.py:86} INFO - Output:
[2025-08-08T02:42:44.315+0000] {subprocess.py:97} INFO - Command exited with return code 0
[2025-08-08T02:42:44.316+0000] {taskinstance.py:441} INFO - ::group::Post task execution logs
[2025-08-08T02:42:44.340+0000] {taskinstance.py:1206} INFO - Marking task as SUCCESS. dag_id=climate_data, task_id=create_folder, run_id=scheduled__2024-06-24T00:00:00+00:00, execution_date=20240624T000000, start_date=20250808T024244, end_date=20250808T024244
[2025-08-08T02:42:44.373+0000] {local_task_job_runner.py:240} INFO - Task exited with return code 0
[2025-08-08T02:42:44.381+0000] {local_task_job_runner.py:222} INFO - ::endgroup::
