[2025-08-08T02:26:27.086+0000] {local_task_job_runner.py:120} INFO - ::group::Pre task execution logs
[2025-08-08T02:26:27.109+0000] {taskinstance.py:2076} INFO - Dependencies all met for dep_context=non-requeueable deps ti=<TaskInstance: climate_data.create_folder scheduled__2023-01-30T00:00:00+00:00 [queued]>
[2025-08-08T02:26:27.117+0000] {taskinstance.py:2076} INFO - Dependencies all met for dep_context=requeueable deps ti=<TaskInstance: climate_data.create_folder scheduled__2023-01-30T00:00:00+00:00 [queued]>
[2025-08-08T02:26:27.117+0000] {taskinstance.py:2306} INFO - Starting attempt 1 of 1
[2025-08-08T02:26:27.164+0000] {taskinstance.py:2330} INFO - Executing <Task(BashOperator): create_folder> on 2023-01-30 00:00:00+00:00
[2025-08-08T02:26:27.168+0000] {standard_task_runner.py:63} INFO - Started process 316 to run task
[2025-08-08T02:26:27.171+0000] {standard_task_runner.py:90} INFO - Running: ['***', 'tasks', 'run', 'climate_data', 'create_folder', 'scheduled__2023-01-30T00:00:00+00:00', '--job-id', '52', '--raw', '--subdir', 'DAGS_FOLDER/climate_data.py', '--cfg-path', '/tmp/tmp9qcy99eu']
[2025-08-08T02:26:27.173+0000] {standard_task_runner.py:91} INFO - Job 52: Subtask create_folder
[2025-08-08T02:26:27.189+0000] {logging_mixin.py:188} WARNING - /home/***/.local/lib/python3.9/site-packages/***/settings.py:195 DeprecationWarning: The sql_alchemy_conn option in [core] has been moved to the sql_alchemy_conn option in [database] - the old setting has been used, but please update your config.
[2025-08-08T02:26:27.236+0000] {task_command.py:426} INFO - Running <TaskInstance: climate_data.create_folder scheduled__2023-01-30T00:00:00+00:00 [running]> on host 3ceab82043f1
[2025-08-08T02:26:27.313+0000] {taskinstance.py:2648} INFO - Exporting env vars: AIRFLOW_CTX_DAG_OWNER='***' AIRFLOW_CTX_DAG_ID='climate_data' AIRFLOW_CTX_TASK_ID='create_folder' AIRFLOW_CTX_EXECUTION_DATE='2023-01-30T00:00:00+00:00' AIRFLOW_CTX_TRY_NUMBER='1' AIRFLOW_CTX_DAG_RUN_ID='scheduled__2023-01-30T00:00:00+00:00'
[2025-08-08T02:26:27.314+0000] {taskinstance.py:430} INFO - ::endgroup::
[2025-08-08T02:26:27.326+0000] {subprocess.py:63} INFO - Tmp dir root location: /tmp
[2025-08-08T02:26:27.327+0000] {subprocess.py:75} INFO - Running command: ['/usr/bin/bash', '-c', 'mkdir -p /home/***/host_documents/week2023-02-06"']
[2025-08-08T02:26:27.337+0000] {subprocess.py:86} INFO - Output:
[2025-08-08T02:26:27.339+0000] {subprocess.py:93} INFO - /usr/bin/bash: -c: line 1: unexpected EOF while looking for matching `"'
[2025-08-08T02:26:27.339+0000] {subprocess.py:97} INFO - Command exited with return code 2
[2025-08-08T02:26:27.340+0000] {taskinstance.py:441} INFO - ::group::Post task execution logs
[2025-08-08T02:26:27.351+0000] {taskinstance.py:2905} ERROR - Task failed with exception
Traceback (most recent call last):
  File "/home/airflow/.local/lib/python3.9/site-packages/airflow/models/taskinstance.py", line 465, in _execute_task
    result = _execute_callable(context=context, **execute_callable_kwargs)
  File "/home/airflow/.local/lib/python3.9/site-packages/airflow/models/taskinstance.py", line 432, in _execute_callable
    return execute_callable(context=context, **execute_callable_kwargs)
  File "/home/airflow/.local/lib/python3.9/site-packages/airflow/models/baseoperator.py", line 400, in wrapper
    return func(self, *args, **kwargs)
  File "/home/airflow/.local/lib/python3.9/site-packages/airflow/operators/bash.py", line 243, in execute
    raise AirflowException(
airflow.exceptions.AirflowException: Bash command failed. The command returned a non-zero exit code 2.
[2025-08-08T02:26:27.354+0000] {taskinstance.py:1206} INFO - Marking task as FAILED. dag_id=climate_data, task_id=create_folder, run_id=scheduled__2023-01-30T00:00:00+00:00, execution_date=20230130T000000, start_date=20250808T022627, end_date=20250808T022627
[2025-08-08T02:26:27.378+0000] {standard_task_runner.py:110} ERROR - Failed to execute job 52 for task create_folder (Bash command failed. The command returned a non-zero exit code 2.; 316)
[2025-08-08T02:26:27.425+0000] {local_task_job_runner.py:240} INFO - Task exited with return code 1
[2025-08-08T02:26:27.436+0000] {local_task_job_runner.py:222} INFO - ::endgroup::
[2025-08-08T02:34:45.194+0000] {local_task_job_runner.py:120} INFO - ::group::Pre task execution logs
[2025-08-08T02:34:45.220+0000] {taskinstance.py:2076} INFO - Dependencies all met for dep_context=non-requeueable deps ti=<TaskInstance: climate_data.create_folder scheduled__2023-01-30T00:00:00+00:00 [queued]>
[2025-08-08T02:34:45.232+0000] {taskinstance.py:2076} INFO - Dependencies all met for dep_context=requeueable deps ti=<TaskInstance: climate_data.create_folder scheduled__2023-01-30T00:00:00+00:00 [queued]>
[2025-08-08T02:34:45.232+0000] {taskinstance.py:2306} INFO - Starting attempt 1 of 1
[2025-08-08T02:34:45.246+0000] {taskinstance.py:2330} INFO - Executing <Task(BashOperator): create_folder> on 2023-01-30 00:00:00+00:00
[2025-08-08T02:34:45.252+0000] {standard_task_runner.py:63} INFO - Started process 349 to run task
[2025-08-08T02:34:45.255+0000] {standard_task_runner.py:90} INFO - Running: ['***', 'tasks', 'run', 'climate_data', 'create_folder', 'scheduled__2023-01-30T00:00:00+00:00', '--job-id', '207', '--raw', '--subdir', 'DAGS_FOLDER/climate_data.py', '--cfg-path', '/tmp/tmp35etg24k']
[2025-08-08T02:34:45.257+0000] {standard_task_runner.py:91} INFO - Job 207: Subtask create_folder
[2025-08-08T02:34:45.268+0000] {logging_mixin.py:188} WARNING - /home/***/.local/lib/python3.9/site-packages/***/settings.py:195 DeprecationWarning: The sql_alchemy_conn option in [core] has been moved to the sql_alchemy_conn option in [database] - the old setting has been used, but please update your config.
[2025-08-08T02:34:45.309+0000] {task_command.py:426} INFO - Running <TaskInstance: climate_data.create_folder scheduled__2023-01-30T00:00:00+00:00 [running]> on host 1a6f5acf67f4
[2025-08-08T02:34:45.378+0000] {taskinstance.py:2648} INFO - Exporting env vars: AIRFLOW_CTX_DAG_OWNER='***' AIRFLOW_CTX_DAG_ID='climate_data' AIRFLOW_CTX_TASK_ID='create_folder' AIRFLOW_CTX_EXECUTION_DATE='2023-01-30T00:00:00+00:00' AIRFLOW_CTX_TRY_NUMBER='1' AIRFLOW_CTX_DAG_RUN_ID='scheduled__2023-01-30T00:00:00+00:00'
[2025-08-08T02:34:45.379+0000] {taskinstance.py:430} INFO - ::endgroup::
[2025-08-08T02:34:45.387+0000] {subprocess.py:63} INFO - Tmp dir root location: /tmp
[2025-08-08T02:34:45.388+0000] {subprocess.py:75} INFO - Running command: ['/usr/bin/bash', '-c', 'mkdir -p /home/***/host_documents/week2023-02-06"']
[2025-08-08T02:34:45.397+0000] {subprocess.py:86} INFO - Output:
[2025-08-08T02:34:45.398+0000] {subprocess.py:93} INFO - /usr/bin/bash: -c: line 1: unexpected EOF while looking for matching `"'
[2025-08-08T02:34:45.398+0000] {subprocess.py:97} INFO - Command exited with return code 2
[2025-08-08T02:34:45.399+0000] {taskinstance.py:441} INFO - ::group::Post task execution logs
[2025-08-08T02:34:45.411+0000] {taskinstance.py:2905} ERROR - Task failed with exception
Traceback (most recent call last):
  File "/home/airflow/.local/lib/python3.9/site-packages/airflow/models/taskinstance.py", line 465, in _execute_task
    result = _execute_callable(context=context, **execute_callable_kwargs)
  File "/home/airflow/.local/lib/python3.9/site-packages/airflow/models/taskinstance.py", line 432, in _execute_callable
    return execute_callable(context=context, **execute_callable_kwargs)
  File "/home/airflow/.local/lib/python3.9/site-packages/airflow/models/baseoperator.py", line 400, in wrapper
    return func(self, *args, **kwargs)
  File "/home/airflow/.local/lib/python3.9/site-packages/airflow/operators/bash.py", line 243, in execute
    raise AirflowException(
airflow.exceptions.AirflowException: Bash command failed. The command returned a non-zero exit code 2.
[2025-08-08T02:34:45.415+0000] {taskinstance.py:1206} INFO - Marking task as FAILED. dag_id=climate_data, task_id=create_folder, run_id=scheduled__2023-01-30T00:00:00+00:00, execution_date=20230130T000000, start_date=20250808T023445, end_date=20250808T023445
[2025-08-08T02:34:45.428+0000] {standard_task_runner.py:110} ERROR - Failed to execute job 207 for task create_folder (Bash command failed. The command returned a non-zero exit code 2.; 349)
[2025-08-08T02:34:45.468+0000] {local_task_job_runner.py:240} INFO - Task exited with return code 1
[2025-08-08T02:34:45.476+0000] {local_task_job_runner.py:222} INFO - ::endgroup::
[2025-08-08T02:39:19.083+0000] {local_task_job_runner.py:120} INFO - ::group::Pre task execution logs
[2025-08-08T02:39:19.105+0000] {taskinstance.py:2076} INFO - Dependencies all met for dep_context=non-requeueable deps ti=<TaskInstance: climate_data.create_folder scheduled__2023-01-30T00:00:00+00:00 [queued]>
[2025-08-08T02:39:19.114+0000] {taskinstance.py:2076} INFO - Dependencies all met for dep_context=requeueable deps ti=<TaskInstance: climate_data.create_folder scheduled__2023-01-30T00:00:00+00:00 [queued]>
[2025-08-08T02:39:19.114+0000] {taskinstance.py:2306} INFO - Starting attempt 1 of 1
[2025-08-08T02:39:19.126+0000] {taskinstance.py:2330} INFO - Executing <Task(BashOperator): create_folder> on 2023-01-30 00:00:00+00:00
[2025-08-08T02:39:19.131+0000] {standard_task_runner.py:63} INFO - Started process 1171 to run task
[2025-08-08T02:39:19.134+0000] {standard_task_runner.py:90} INFO - Running: ['***', 'tasks', 'run', 'climate_data', 'create_folder', 'scheduled__2023-01-30T00:00:00+00:00', '--job-id', '379', '--raw', '--subdir', 'DAGS_FOLDER/climate_data.py', '--cfg-path', '/tmp/tmphvgxtlbs']
[2025-08-08T02:39:19.138+0000] {standard_task_runner.py:91} INFO - Job 379: Subtask create_folder
[2025-08-08T02:39:19.157+0000] {logging_mixin.py:188} WARNING - /home/***/.local/lib/python3.9/site-packages/***/settings.py:195 DeprecationWarning: The sql_alchemy_conn option in [core] has been moved to the sql_alchemy_conn option in [database] - the old setting has been used, but please update your config.
[2025-08-08T02:39:19.208+0000] {task_command.py:426} INFO - Running <TaskInstance: climate_data.create_folder scheduled__2023-01-30T00:00:00+00:00 [running]> on host 1a6f5acf67f4
[2025-08-08T02:39:19.287+0000] {taskinstance.py:2648} INFO - Exporting env vars: AIRFLOW_CTX_DAG_OWNER='***' AIRFLOW_CTX_DAG_ID='climate_data' AIRFLOW_CTX_TASK_ID='create_folder' AIRFLOW_CTX_EXECUTION_DATE='2023-01-30T00:00:00+00:00' AIRFLOW_CTX_TRY_NUMBER='1' AIRFLOW_CTX_DAG_RUN_ID='scheduled__2023-01-30T00:00:00+00:00'
[2025-08-08T02:39:19.288+0000] {taskinstance.py:430} INFO - ::endgroup::
[2025-08-08T02:39:19.298+0000] {subprocess.py:63} INFO - Tmp dir root location: /tmp
[2025-08-08T02:39:19.299+0000] {subprocess.py:75} INFO - Running command: ['/usr/bin/bash', '-c', 'mkdir -p /home/***/host_documents/week2023-02-06']
[2025-08-08T02:39:19.308+0000] {subprocess.py:86} INFO - Output:
[2025-08-08T02:39:19.312+0000] {subprocess.py:97} INFO - Command exited with return code 0
[2025-08-08T02:39:19.313+0000] {taskinstance.py:441} INFO - ::group::Post task execution logs
[2025-08-08T02:39:19.335+0000] {taskinstance.py:1206} INFO - Marking task as SUCCESS. dag_id=climate_data, task_id=create_folder, run_id=scheduled__2023-01-30T00:00:00+00:00, execution_date=20230130T000000, start_date=20250808T023919, end_date=20250808T023919
[2025-08-08T02:39:19.387+0000] {local_task_job_runner.py:240} INFO - Task exited with return code 0
[2025-08-08T02:39:19.406+0000] {taskinstance.py:3498} INFO - 1 downstream tasks scheduled from follow-on schedule check
[2025-08-08T02:39:19.408+0000] {local_task_job_runner.py:222} INFO - ::endgroup::
[2025-08-08T02:42:16.995+0000] {local_task_job_runner.py:120} INFO - ::group::Pre task execution logs
[2025-08-08T02:42:17.022+0000] {taskinstance.py:2076} INFO - Dependencies all met for dep_context=non-requeueable deps ti=<TaskInstance: climate_data.create_folder scheduled__2023-01-30T00:00:00+00:00 [queued]>
[2025-08-08T02:42:17.030+0000] {taskinstance.py:2076} INFO - Dependencies all met for dep_context=requeueable deps ti=<TaskInstance: climate_data.create_folder scheduled__2023-01-30T00:00:00+00:00 [queued]>
[2025-08-08T02:42:17.030+0000] {taskinstance.py:2306} INFO - Starting attempt 1 of 1
[2025-08-08T02:42:17.052+0000] {taskinstance.py:2330} INFO - Executing <Task(BashOperator): create_folder> on 2023-01-30 00:00:00+00:00
[2025-08-08T02:42:17.058+0000] {standard_task_runner.py:63} INFO - Started process 2345 to run task
[2025-08-08T02:42:17.061+0000] {standard_task_runner.py:90} INFO - Running: ['***', 'tasks', 'run', 'climate_data', 'create_folder', 'scheduled__2023-01-30T00:00:00+00:00', '--job-id', '687', '--raw', '--subdir', 'DAGS_FOLDER/climate_data.py', '--cfg-path', '/tmp/tmpy460qa5_']
[2025-08-08T02:42:17.063+0000] {standard_task_runner.py:91} INFO - Job 687: Subtask create_folder
[2025-08-08T02:42:17.078+0000] {logging_mixin.py:188} WARNING - /home/***/.local/lib/python3.9/site-packages/***/settings.py:195 DeprecationWarning: The sql_alchemy_conn option in [core] has been moved to the sql_alchemy_conn option in [database] - the old setting has been used, but please update your config.
[2025-08-08T02:42:17.130+0000] {task_command.py:426} INFO - Running <TaskInstance: climate_data.create_folder scheduled__2023-01-30T00:00:00+00:00 [running]> on host 1a6f5acf67f4
[2025-08-08T02:42:17.204+0000] {taskinstance.py:2648} INFO - Exporting env vars: AIRFLOW_CTX_DAG_OWNER='***' AIRFLOW_CTX_DAG_ID='climate_data' AIRFLOW_CTX_TASK_ID='create_folder' AIRFLOW_CTX_EXECUTION_DATE='2023-01-30T00:00:00+00:00' AIRFLOW_CTX_TRY_NUMBER='1' AIRFLOW_CTX_DAG_RUN_ID='scheduled__2023-01-30T00:00:00+00:00'
[2025-08-08T02:42:17.206+0000] {taskinstance.py:430} INFO - ::endgroup::
[2025-08-08T02:42:17.215+0000] {subprocess.py:63} INFO - Tmp dir root location: /tmp
[2025-08-08T02:42:17.216+0000] {subprocess.py:75} INFO - Running command: ['/usr/bin/bash', '-c', 'mkdir -p "/home/***/host_documents/week2023-02-06"']
[2025-08-08T02:42:17.226+0000] {subprocess.py:86} INFO - Output:
[2025-08-08T02:42:17.230+0000] {subprocess.py:97} INFO - Command exited with return code 0
[2025-08-08T02:42:17.231+0000] {taskinstance.py:441} INFO - ::group::Post task execution logs
[2025-08-08T02:42:17.254+0000] {taskinstance.py:1206} INFO - Marking task as SUCCESS. dag_id=climate_data, task_id=create_folder, run_id=scheduled__2023-01-30T00:00:00+00:00, execution_date=20230130T000000, start_date=20250808T024217, end_date=20250808T024217
[2025-08-08T02:42:17.354+0000] {local_task_job_runner.py:240} INFO - Task exited with return code 0
[2025-08-08T02:42:17.377+0000] {taskinstance.py:3498} INFO - 1 downstream tasks scheduled from follow-on schedule check
[2025-08-08T02:42:17.379+0000] {local_task_job_runner.py:222} INFO - ::endgroup::
