[2025-08-08T02:26:51.492+0000] {local_task_job_runner.py:120} INFO - ::group::Pre task execution logs
[2025-08-08T02:26:51.513+0000] {taskinstance.py:2076} INFO - Dependencies all met for dep_context=non-requeueable deps ti=<TaskInstance: climate_data.create_folder scheduled__2024-08-26T00:00:00+00:00 [queued]>
[2025-08-08T02:26:51.520+0000] {taskinstance.py:2076} INFO - Dependencies all met for dep_context=requeueable deps ti=<TaskInstance: climate_data.create_folder scheduled__2024-08-26T00:00:00+00:00 [queued]>
[2025-08-08T02:26:51.521+0000] {taskinstance.py:2306} INFO - Starting attempt 1 of 1
[2025-08-08T02:26:51.534+0000] {taskinstance.py:2330} INFO - Executing <Task(BashOperator): create_folder> on 2024-08-26 00:00:00+00:00
[2025-08-08T02:26:51.538+0000] {standard_task_runner.py:63} INFO - Started process 656 to run task
[2025-08-08T02:26:51.541+0000] {standard_task_runner.py:90} INFO - Running: ['***', 'tasks', 'run', 'climate_data', 'create_folder', 'scheduled__2024-08-26T00:00:00+00:00', '--job-id', '134', '--raw', '--subdir', 'DAGS_FOLDER/climate_data.py', '--cfg-path', '/tmp/tmpckpnofoz']
[2025-08-08T02:26:51.543+0000] {standard_task_runner.py:91} INFO - Job 134: Subtask create_folder
[2025-08-08T02:26:51.555+0000] {logging_mixin.py:188} WARNING - /home/***/.local/lib/python3.9/site-packages/***/settings.py:195 DeprecationWarning: The sql_alchemy_conn option in [core] has been moved to the sql_alchemy_conn option in [database] - the old setting has been used, but please update your config.
[2025-08-08T02:26:51.591+0000] {task_command.py:426} INFO - Running <TaskInstance: climate_data.create_folder scheduled__2024-08-26T00:00:00+00:00 [running]> on host 3ceab82043f1
[2025-08-08T02:26:51.650+0000] {taskinstance.py:2648} INFO - Exporting env vars: AIRFLOW_CTX_DAG_OWNER='***' AIRFLOW_CTX_DAG_ID='climate_data' AIRFLOW_CTX_TASK_ID='create_folder' AIRFLOW_CTX_EXECUTION_DATE='2024-08-26T00:00:00+00:00' AIRFLOW_CTX_TRY_NUMBER='1' AIRFLOW_CTX_DAG_RUN_ID='scheduled__2024-08-26T00:00:00+00:00'
[2025-08-08T02:26:51.651+0000] {taskinstance.py:430} INFO - ::endgroup::
[2025-08-08T02:26:51.659+0000] {subprocess.py:63} INFO - Tmp dir root location: /tmp
[2025-08-08T02:26:51.659+0000] {subprocess.py:75} INFO - Running command: ['/usr/bin/bash', '-c', 'mkdir -p /home/***/host_documents/week2024-09-02"']
[2025-08-08T02:26:51.667+0000] {subprocess.py:86} INFO - Output:
[2025-08-08T02:26:51.668+0000] {subprocess.py:93} INFO - /usr/bin/bash: -c: line 1: unexpected EOF while looking for matching `"'
[2025-08-08T02:26:51.669+0000] {subprocess.py:97} INFO - Command exited with return code 2
[2025-08-08T02:26:51.670+0000] {taskinstance.py:441} INFO - ::group::Post task execution logs
[2025-08-08T02:26:51.677+0000] {taskinstance.py:2905} ERROR - Task failed with exception
Traceback (most recent call last):
  File "/home/airflow/.local/lib/python3.9/site-packages/airflow/models/taskinstance.py", line 465, in _execute_task
    result = _execute_callable(context=context, **execute_callable_kwargs)
  File "/home/airflow/.local/lib/python3.9/site-packages/airflow/models/taskinstance.py", line 432, in _execute_callable
    return execute_callable(context=context, **execute_callable_kwargs)
  File "/home/airflow/.local/lib/python3.9/site-packages/airflow/models/baseoperator.py", line 400, in wrapper
    return func(self, *args, **kwargs)
  File "/home/airflow/.local/lib/python3.9/site-packages/airflow/operators/bash.py", line 243, in execute
    raise AirflowException(
airflow.exceptions.AirflowException: Bash command failed. The command returned a non-zero exit code 2.
[2025-08-08T02:26:51.679+0000] {taskinstance.py:1206} INFO - Marking task as FAILED. dag_id=climate_data, task_id=create_folder, run_id=scheduled__2024-08-26T00:00:00+00:00, execution_date=20240826T000000, start_date=20250808T022651, end_date=20250808T022651
[2025-08-08T02:26:51.687+0000] {standard_task_runner.py:110} ERROR - Failed to execute job 134 for task create_folder (Bash command failed. The command returned a non-zero exit code 2.; 656)
[2025-08-08T02:26:51.713+0000] {local_task_job_runner.py:240} INFO - Task exited with return code 1
[2025-08-08T02:26:51.727+0000] {taskinstance.py:3498} INFO - 0 downstream tasks scheduled from follow-on schedule check
[2025-08-08T02:26:51.730+0000] {local_task_job_runner.py:222} INFO - ::endgroup::
[2025-08-08T02:35:12.226+0000] {local_task_job_runner.py:120} INFO - ::group::Pre task execution logs
[2025-08-08T02:35:12.249+0000] {taskinstance.py:2076} INFO - Dependencies all met for dep_context=non-requeueable deps ti=<TaskInstance: climate_data.create_folder scheduled__2024-08-26T00:00:00+00:00 [queued]>
[2025-08-08T02:35:12.259+0000] {taskinstance.py:2076} INFO - Dependencies all met for dep_context=requeueable deps ti=<TaskInstance: climate_data.create_folder scheduled__2024-08-26T00:00:00+00:00 [queued]>
[2025-08-08T02:35:12.260+0000] {taskinstance.py:2306} INFO - Starting attempt 1 of 1
[2025-08-08T02:35:12.277+0000] {taskinstance.py:2330} INFO - Executing <Task(BashOperator): create_folder> on 2024-08-26 00:00:00+00:00
[2025-08-08T02:35:12.282+0000] {standard_task_runner.py:63} INFO - Started process 691 to run task
[2025-08-08T02:35:12.284+0000] {standard_task_runner.py:90} INFO - Running: ['***', 'tasks', 'run', 'climate_data', 'create_folder', 'scheduled__2024-08-26T00:00:00+00:00', '--job-id', '290', '--raw', '--subdir', 'DAGS_FOLDER/climate_data.py', '--cfg-path', '/tmp/tmppqmlruk1']
[2025-08-08T02:35:12.286+0000] {standard_task_runner.py:91} INFO - Job 290: Subtask create_folder
[2025-08-08T02:35:12.298+0000] {logging_mixin.py:188} WARNING - /home/***/.local/lib/python3.9/site-packages/***/settings.py:195 DeprecationWarning: The sql_alchemy_conn option in [core] has been moved to the sql_alchemy_conn option in [database] - the old setting has been used, but please update your config.
[2025-08-08T02:35:12.339+0000] {task_command.py:426} INFO - Running <TaskInstance: climate_data.create_folder scheduled__2024-08-26T00:00:00+00:00 [running]> on host 1a6f5acf67f4
[2025-08-08T02:35:12.403+0000] {taskinstance.py:2648} INFO - Exporting env vars: AIRFLOW_CTX_DAG_OWNER='***' AIRFLOW_CTX_DAG_ID='climate_data' AIRFLOW_CTX_TASK_ID='create_folder' AIRFLOW_CTX_EXECUTION_DATE='2024-08-26T00:00:00+00:00' AIRFLOW_CTX_TRY_NUMBER='1' AIRFLOW_CTX_DAG_RUN_ID='scheduled__2024-08-26T00:00:00+00:00'
[2025-08-08T02:35:12.403+0000] {taskinstance.py:430} INFO - ::endgroup::
[2025-08-08T02:35:12.411+0000] {subprocess.py:63} INFO - Tmp dir root location: /tmp
[2025-08-08T02:35:12.412+0000] {subprocess.py:75} INFO - Running command: ['/usr/bin/bash', '-c', 'mkdir -p /home/***/host_documents/week2024-09-02"']
[2025-08-08T02:35:12.419+0000] {subprocess.py:86} INFO - Output:
[2025-08-08T02:35:12.420+0000] {subprocess.py:93} INFO - /usr/bin/bash: -c: line 1: unexpected EOF while looking for matching `"'
[2025-08-08T02:35:12.421+0000] {subprocess.py:97} INFO - Command exited with return code 2
[2025-08-08T02:35:12.422+0000] {taskinstance.py:441} INFO - ::group::Post task execution logs
[2025-08-08T02:35:12.431+0000] {taskinstance.py:2905} ERROR - Task failed with exception
Traceback (most recent call last):
  File "/home/airflow/.local/lib/python3.9/site-packages/airflow/models/taskinstance.py", line 465, in _execute_task
    result = _execute_callable(context=context, **execute_callable_kwargs)
  File "/home/airflow/.local/lib/python3.9/site-packages/airflow/models/taskinstance.py", line 432, in _execute_callable
    return execute_callable(context=context, **execute_callable_kwargs)
  File "/home/airflow/.local/lib/python3.9/site-packages/airflow/models/baseoperator.py", line 400, in wrapper
    return func(self, *args, **kwargs)
  File "/home/airflow/.local/lib/python3.9/site-packages/airflow/operators/bash.py", line 243, in execute
    raise AirflowException(
airflow.exceptions.AirflowException: Bash command failed. The command returned a non-zero exit code 2.
[2025-08-08T02:35:12.435+0000] {taskinstance.py:1206} INFO - Marking task as FAILED. dag_id=climate_data, task_id=create_folder, run_id=scheduled__2024-08-26T00:00:00+00:00, execution_date=20240826T000000, start_date=20250808T023512, end_date=20250808T023512
[2025-08-08T02:35:12.444+0000] {standard_task_runner.py:110} ERROR - Failed to execute job 290 for task create_folder (Bash command failed. The command returned a non-zero exit code 2.; 691)
[2025-08-08T02:35:12.458+0000] {local_task_job_runner.py:240} INFO - Task exited with return code 1
[2025-08-08T02:35:12.472+0000] {taskinstance.py:3498} INFO - 0 downstream tasks scheduled from follow-on schedule check
[2025-08-08T02:35:12.475+0000] {local_task_job_runner.py:222} INFO - ::endgroup::
[2025-08-08T02:39:46.069+0000] {local_task_job_runner.py:120} INFO - ::group::Pre task execution logs
[2025-08-08T02:39:46.101+0000] {taskinstance.py:2076} INFO - Dependencies all met for dep_context=non-requeueable deps ti=<TaskInstance: climate_data.create_folder scheduled__2024-08-26T00:00:00+00:00 [queued]>
[2025-08-08T02:39:46.108+0000] {taskinstance.py:2076} INFO - Dependencies all met for dep_context=requeueable deps ti=<TaskInstance: climate_data.create_folder scheduled__2024-08-26T00:00:00+00:00 [queued]>
[2025-08-08T02:39:46.109+0000] {taskinstance.py:2306} INFO - Starting attempt 1 of 1
[2025-08-08T02:39:46.146+0000] {taskinstance.py:2330} INFO - Executing <Task(BashOperator): create_folder> on 2024-08-26 00:00:00+00:00
[2025-08-08T02:39:46.151+0000] {standard_task_runner.py:63} INFO - Started process 1761 to run task
[2025-08-08T02:39:46.154+0000] {standard_task_runner.py:90} INFO - Running: ['***', 'tasks', 'run', 'climate_data', 'create_folder', 'scheduled__2024-08-26T00:00:00+00:00', '--job-id', '543', '--raw', '--subdir', 'DAGS_FOLDER/climate_data.py', '--cfg-path', '/tmp/tmp03qxiioz']
[2025-08-08T02:39:46.156+0000] {standard_task_runner.py:91} INFO - Job 543: Subtask create_folder
[2025-08-08T02:39:46.171+0000] {logging_mixin.py:188} WARNING - /home/***/.local/lib/python3.9/site-packages/***/settings.py:195 DeprecationWarning: The sql_alchemy_conn option in [core] has been moved to the sql_alchemy_conn option in [database] - the old setting has been used, but please update your config.
[2025-08-08T02:39:46.224+0000] {task_command.py:426} INFO - Running <TaskInstance: climate_data.create_folder scheduled__2024-08-26T00:00:00+00:00 [running]> on host 1a6f5acf67f4
[2025-08-08T02:39:46.300+0000] {taskinstance.py:2648} INFO - Exporting env vars: AIRFLOW_CTX_DAG_OWNER='***' AIRFLOW_CTX_DAG_ID='climate_data' AIRFLOW_CTX_TASK_ID='create_folder' AIRFLOW_CTX_EXECUTION_DATE='2024-08-26T00:00:00+00:00' AIRFLOW_CTX_TRY_NUMBER='1' AIRFLOW_CTX_DAG_RUN_ID='scheduled__2024-08-26T00:00:00+00:00'
[2025-08-08T02:39:46.302+0000] {taskinstance.py:430} INFO - ::endgroup::
[2025-08-08T02:39:46.310+0000] {subprocess.py:63} INFO - Tmp dir root location: /tmp
[2025-08-08T02:39:46.312+0000] {subprocess.py:75} INFO - Running command: ['/usr/bin/bash', '-c', 'mkdir -p /home/***/host_documents/week2024-09-02']
[2025-08-08T02:39:46.323+0000] {subprocess.py:86} INFO - Output:
[2025-08-08T02:39:46.328+0000] {subprocess.py:97} INFO - Command exited with return code 0
[2025-08-08T02:39:46.329+0000] {taskinstance.py:441} INFO - ::group::Post task execution logs
[2025-08-08T02:39:46.354+0000] {taskinstance.py:1206} INFO - Marking task as SUCCESS. dag_id=climate_data, task_id=create_folder, run_id=scheduled__2024-08-26T00:00:00+00:00, execution_date=20240826T000000, start_date=20250808T023946, end_date=20250808T023946
[2025-08-08T02:39:46.409+0000] {local_task_job_runner.py:240} INFO - Task exited with return code 0
[2025-08-08T02:39:46.427+0000] {taskinstance.py:3498} INFO - 1 downstream tasks scheduled from follow-on schedule check
[2025-08-08T02:39:46.430+0000] {local_task_job_runner.py:222} INFO - ::endgroup::
[2025-08-08T02:42:44.846+0000] {local_task_job_runner.py:120} INFO - ::group::Pre task execution logs
[2025-08-08T02:42:44.872+0000] {taskinstance.py:2076} INFO - Dependencies all met for dep_context=non-requeueable deps ti=<TaskInstance: climate_data.create_folder scheduled__2024-08-26T00:00:00+00:00 [queued]>
[2025-08-08T02:42:44.881+0000] {taskinstance.py:2076} INFO - Dependencies all met for dep_context=requeueable deps ti=<TaskInstance: climate_data.create_folder scheduled__2024-08-26T00:00:00+00:00 [queued]>
[2025-08-08T02:42:44.882+0000] {taskinstance.py:2306} INFO - Starting attempt 1 of 1
[2025-08-08T02:42:44.898+0000] {taskinstance.py:2330} INFO - Executing <Task(BashOperator): create_folder> on 2024-08-26 00:00:00+00:00
[2025-08-08T02:42:44.904+0000] {standard_task_runner.py:63} INFO - Started process 2931 to run task
[2025-08-08T02:42:44.908+0000] {standard_task_runner.py:90} INFO - Running: ['***', 'tasks', 'run', 'climate_data', 'create_folder', 'scheduled__2024-08-26T00:00:00+00:00', '--job-id', '850', '--raw', '--subdir', 'DAGS_FOLDER/climate_data.py', '--cfg-path', '/tmp/tmp2odf9p1i']
[2025-08-08T02:42:44.910+0000] {standard_task_runner.py:91} INFO - Job 850: Subtask create_folder
[2025-08-08T02:42:44.928+0000] {logging_mixin.py:188} WARNING - /home/***/.local/lib/python3.9/site-packages/***/settings.py:195 DeprecationWarning: The sql_alchemy_conn option in [core] has been moved to the sql_alchemy_conn option in [database] - the old setting has been used, but please update your config.
[2025-08-08T02:42:44.980+0000] {task_command.py:426} INFO - Running <TaskInstance: climate_data.create_folder scheduled__2024-08-26T00:00:00+00:00 [running]> on host 1a6f5acf67f4
[2025-08-08T02:42:45.058+0000] {taskinstance.py:2648} INFO - Exporting env vars: AIRFLOW_CTX_DAG_OWNER='***' AIRFLOW_CTX_DAG_ID='climate_data' AIRFLOW_CTX_TASK_ID='create_folder' AIRFLOW_CTX_EXECUTION_DATE='2024-08-26T00:00:00+00:00' AIRFLOW_CTX_TRY_NUMBER='1' AIRFLOW_CTX_DAG_RUN_ID='scheduled__2024-08-26T00:00:00+00:00'
[2025-08-08T02:42:45.062+0000] {taskinstance.py:430} INFO - ::endgroup::
[2025-08-08T02:42:45.073+0000] {subprocess.py:63} INFO - Tmp dir root location: /tmp
[2025-08-08T02:42:45.074+0000] {subprocess.py:75} INFO - Running command: ['/usr/bin/bash', '-c', 'mkdir -p "/home/***/host_documents/week2024-09-02"']
[2025-08-08T02:42:45.088+0000] {subprocess.py:86} INFO - Output:
[2025-08-08T02:42:45.092+0000] {subprocess.py:97} INFO - Command exited with return code 0
[2025-08-08T02:42:45.093+0000] {taskinstance.py:441} INFO - ::group::Post task execution logs
[2025-08-08T02:42:45.118+0000] {taskinstance.py:1206} INFO - Marking task as SUCCESS. dag_id=climate_data, task_id=create_folder, run_id=scheduled__2024-08-26T00:00:00+00:00, execution_date=20240826T000000, start_date=20250808T024244, end_date=20250808T024245
[2025-08-08T02:42:45.204+0000] {local_task_job_runner.py:240} INFO - Task exited with return code 0
[2025-08-08T02:42:45.227+0000] {taskinstance.py:3498} INFO - 1 downstream tasks scheduled from follow-on schedule check
[2025-08-08T02:42:45.232+0000] {local_task_job_runner.py:222} INFO - ::endgroup::
