[2025-08-08T02:39:51.321+0000] {local_task_job_runner.py:120} INFO - ::group::Pre task execution logs
[2025-08-08T02:39:51.352+0000] {taskinstance.py:2076} INFO - Dependencies all met for dep_context=non-requeueable deps ti=<TaskInstance: climate_data.data_extract scheduled__2024-11-04T00:00:00+00:00 [queued]>
[2025-08-08T02:39:51.361+0000] {taskinstance.py:2076} INFO - Dependencies all met for dep_context=requeueable deps ti=<TaskInstance: climate_data.data_extract scheduled__2024-11-04T00:00:00+00:00 [queued]>
[2025-08-08T02:39:51.363+0000] {taskinstance.py:2306} INFO - Starting attempt 1 of 1
[2025-08-08T02:39:51.378+0000] {taskinstance.py:2330} INFO - Executing <Task(PythonOperator): data_extract> on 2024-11-04 00:00:00+00:00
[2025-08-08T02:39:51.384+0000] {standard_task_runner.py:63} INFO - Started process 1886 to run task
[2025-08-08T02:39:51.387+0000] {standard_task_runner.py:90} INFO - Running: ['***', 'tasks', 'run', 'climate_data', 'data_extract', 'scheduled__2024-11-04T00:00:00+00:00', '--job-id', '577', '--raw', '--subdir', 'DAGS_FOLDER/climate_data.py', '--cfg-path', '/tmp/tmphvp0shfc']
[2025-08-08T02:39:51.389+0000] {standard_task_runner.py:91} INFO - Job 577: Subtask data_extract
[2025-08-08T02:39:51.404+0000] {logging_mixin.py:188} WARNING - /home/***/.local/lib/python3.9/site-packages/***/settings.py:195 DeprecationWarning: The sql_alchemy_conn option in [core] has been moved to the sql_alchemy_conn option in [database] - the old setting has been used, but please update your config.
[2025-08-08T02:39:51.448+0000] {task_command.py:426} INFO - Running <TaskInstance: climate_data.data_extract scheduled__2024-11-04T00:00:00+00:00 [running]> on host 1a6f5acf67f4
[2025-08-08T02:39:51.528+0000] {taskinstance.py:2648} INFO - Exporting env vars: AIRFLOW_CTX_DAG_OWNER='***' AIRFLOW_CTX_DAG_ID='climate_data' AIRFLOW_CTX_TASK_ID='data_extract' AIRFLOW_CTX_EXECUTION_DATE='2024-11-04T00:00:00+00:00' AIRFLOW_CTX_TRY_NUMBER='1' AIRFLOW_CTX_DAG_RUN_ID='scheduled__2024-11-04T00:00:00+00:00'
[2025-08-08T02:39:51.530+0000] {taskinstance.py:430} INFO - ::endgroup::
[2025-08-08T02:39:52.282+0000] {taskinstance.py:441} INFO - ::group::Post task execution logs
[2025-08-08T02:39:52.283+0000] {taskinstance.py:2905} ERROR - Task failed with exception
Traceback (most recent call last):
  File "/home/airflow/.local/lib/python3.9/site-packages/airflow/models/taskinstance.py", line 465, in _execute_task
    result = _execute_callable(context=context, **execute_callable_kwargs)
  File "/home/airflow/.local/lib/python3.9/site-packages/airflow/models/taskinstance.py", line 432, in _execute_callable
    return execute_callable(context=context, **execute_callable_kwargs)
  File "/home/airflow/.local/lib/python3.9/site-packages/airflow/models/baseoperator.py", line 400, in wrapper
    return func(self, *args, **kwargs)
  File "/home/airflow/.local/lib/python3.9/site-packages/airflow/operators/python.py", line 235, in execute
    return_value = self.execute_callable()
  File "/home/airflow/.local/lib/python3.9/site-packages/airflow/operators/python.py", line 252, in execute_callable
    return self.python_callable(*self.op_args, **self.op_kwargs)
  File "/opt/airflow/dags/climate_data.py", line 31, in data_extract
    data.to_csv(file_path + 'raw_data.csv')
  File "/home/airflow/.local/lib/python3.9/site-packages/pandas/core/generic.py", line 3902, in to_csv
    return DataFrameRenderer(formatter).to_csv(
  File "/home/airflow/.local/lib/python3.9/site-packages/pandas/io/formats/format.py", line 1152, in to_csv
    csv_formatter.save()
  File "/home/airflow/.local/lib/python3.9/site-packages/pandas/io/formats/csvs.py", line 247, in save
    with get_handle(
  File "/home/airflow/.local/lib/python3.9/site-packages/pandas/io/common.py", line 739, in get_handle
    check_parent_directory(str(handle))
  File "/home/airflow/.local/lib/python3.9/site-packages/pandas/io/common.py", line 604, in check_parent_directory
    raise OSError(rf"Cannot save file into a non-existent directory: '{parent}'")
OSError: Cannot save file into a non-existent directory: 'mkdir -p /home/***/host_documents/week2024-11-11'
[2025-08-08T02:39:52.295+0000] {taskinstance.py:1206} INFO - Marking task as FAILED. dag_id=climate_data, task_id=data_extract, run_id=scheduled__2024-11-04T00:00:00+00:00, execution_date=20241104T000000, start_date=20250808T023951, end_date=20250808T023952
[2025-08-08T02:39:52.306+0000] {standard_task_runner.py:110} ERROR - Failed to execute job 577 for task data_extract (Cannot save file into a non-existent directory: 'mkdir -p /home/***/host_documents/week2024-11-11'; 1886)
[2025-08-08T02:39:52.323+0000] {local_task_job_runner.py:240} INFO - Task exited with return code 1
[2025-08-08T02:39:52.331+0000] {local_task_job_runner.py:222} INFO - ::endgroup::
[2025-08-08T02:42:51.190+0000] {local_task_job_runner.py:120} INFO - ::group::Pre task execution logs
[2025-08-08T02:42:51.217+0000] {taskinstance.py:2076} INFO - Dependencies all met for dep_context=non-requeueable deps ti=<TaskInstance: climate_data.data_extract scheduled__2024-11-04T00:00:00+00:00 [queued]>
[2025-08-08T02:42:51.226+0000] {taskinstance.py:2076} INFO - Dependencies all met for dep_context=requeueable deps ti=<TaskInstance: climate_data.data_extract scheduled__2024-11-04T00:00:00+00:00 [queued]>
[2025-08-08T02:42:51.226+0000] {taskinstance.py:2306} INFO - Starting attempt 1 of 1
[2025-08-08T02:42:51.241+0000] {taskinstance.py:2330} INFO - Executing <Task(PythonOperator): data_extract> on 2024-11-04 00:00:00+00:00
[2025-08-08T02:42:51.247+0000] {standard_task_runner.py:63} INFO - Started process 3061 to run task
[2025-08-08T02:42:51.252+0000] {standard_task_runner.py:90} INFO - Running: ['***', 'tasks', 'run', 'climate_data', 'data_extract', 'scheduled__2024-11-04T00:00:00+00:00', '--job-id', '887', '--raw', '--subdir', 'DAGS_FOLDER/climate_data.py', '--cfg-path', '/tmp/tmp79w7ctap']
[2025-08-08T02:42:51.255+0000] {standard_task_runner.py:91} INFO - Job 887: Subtask data_extract
[2025-08-08T02:42:51.271+0000] {logging_mixin.py:188} WARNING - /home/***/.local/lib/python3.9/site-packages/***/settings.py:195 DeprecationWarning: The sql_alchemy_conn option in [core] has been moved to the sql_alchemy_conn option in [database] - the old setting has been used, but please update your config.
[2025-08-08T02:42:51.324+0000] {task_command.py:426} INFO - Running <TaskInstance: climate_data.data_extract scheduled__2024-11-04T00:00:00+00:00 [running]> on host 1a6f5acf67f4
[2025-08-08T02:42:51.403+0000] {taskinstance.py:2648} INFO - Exporting env vars: AIRFLOW_CTX_DAG_OWNER='***' AIRFLOW_CTX_DAG_ID='climate_data' AIRFLOW_CTX_TASK_ID='data_extract' AIRFLOW_CTX_EXECUTION_DATE='2024-11-04T00:00:00+00:00' AIRFLOW_CTX_TRY_NUMBER='1' AIRFLOW_CTX_DAG_RUN_ID='scheduled__2024-11-04T00:00:00+00:00'
[2025-08-08T02:42:51.404+0000] {taskinstance.py:430} INFO - ::endgroup::
[2025-08-08T02:42:52.053+0000] {taskinstance.py:441} INFO - ::group::Post task execution logs
[2025-08-08T02:42:52.054+0000] {taskinstance.py:2905} ERROR - Task failed with exception
Traceback (most recent call last):
  File "/home/airflow/.local/lib/python3.9/site-packages/airflow/models/taskinstance.py", line 465, in _execute_task
    result = _execute_callable(context=context, **execute_callable_kwargs)
  File "/home/airflow/.local/lib/python3.9/site-packages/airflow/models/taskinstance.py", line 432, in _execute_callable
    return execute_callable(context=context, **execute_callable_kwargs)
  File "/home/airflow/.local/lib/python3.9/site-packages/airflow/models/baseoperator.py", line 400, in wrapper
    return func(self, *args, **kwargs)
  File "/home/airflow/.local/lib/python3.9/site-packages/airflow/operators/python.py", line 235, in execute
    return_value = self.execute_callable()
  File "/home/airflow/.local/lib/python3.9/site-packages/airflow/operators/python.py", line 252, in execute_callable
    return self.python_callable(*self.op_args, **self.op_kwargs)
  File "/opt/airflow/dags/climate_data.py", line 21, in data_extract
    data = pd.read_csv(url)
  File "/home/airflow/.local/lib/python3.9/site-packages/pandas/io/parsers/readers.py", line 948, in read_csv
    return _read(filepath_or_buffer, kwds)
  File "/home/airflow/.local/lib/python3.9/site-packages/pandas/io/parsers/readers.py", line 611, in _read
    parser = TextFileReader(filepath_or_buffer, **kwds)
  File "/home/airflow/.local/lib/python3.9/site-packages/pandas/io/parsers/readers.py", line 1448, in __init__
    self._engine = self._make_engine(f, self.engine)
  File "/home/airflow/.local/lib/python3.9/site-packages/pandas/io/parsers/readers.py", line 1705, in _make_engine
    self.handles = get_handle(
  File "/home/airflow/.local/lib/python3.9/site-packages/pandas/io/common.py", line 718, in get_handle
    ioargs = _get_filepath_or_buffer(
  File "/home/airflow/.local/lib/python3.9/site-packages/pandas/io/common.py", line 372, in _get_filepath_or_buffer
    with urlopen(req_info) as req:
  File "/home/airflow/.local/lib/python3.9/site-packages/pandas/io/common.py", line 274, in urlopen
    return urllib.request.urlopen(*args, **kwargs)
  File "/usr/local/lib/python3.9/urllib/request.py", line 214, in urlopen
    return opener.open(url, data, timeout)
  File "/usr/local/lib/python3.9/urllib/request.py", line 523, in open
    response = meth(req, response)
  File "/usr/local/lib/python3.9/urllib/request.py", line 632, in http_response
    response = self.parent.error(
  File "/usr/local/lib/python3.9/urllib/request.py", line 561, in error
    return self._call_chain(*args)
  File "/usr/local/lib/python3.9/urllib/request.py", line 494, in _call_chain
    result = func(*args)
  File "/usr/local/lib/python3.9/urllib/request.py", line 641, in http_error_default
    raise HTTPError(req.full_url, code, msg, hdrs, fp)
urllib.error.HTTPError: HTTP Error 429: 
[2025-08-08T02:42:52.063+0000] {taskinstance.py:1206} INFO - Marking task as FAILED. dag_id=climate_data, task_id=data_extract, run_id=scheduled__2024-11-04T00:00:00+00:00, execution_date=20241104T000000, start_date=20250808T024251, end_date=20250808T024252
[2025-08-08T02:42:52.120+0000] {standard_task_runner.py:110} ERROR - Failed to execute job 887 for task data_extract (HTTP Error 429: ; 3061)
[2025-08-08T02:42:52.146+0000] {local_task_job_runner.py:240} INFO - Task exited with return code 1
[2025-08-08T02:42:52.160+0000] {taskinstance.py:3498} INFO - 0 downstream tasks scheduled from follow-on schedule check
[2025-08-08T02:42:52.161+0000] {local_task_job_runner.py:222} INFO - ::endgroup::
