[2025-08-08T02:26:58.781+0000] {local_task_job_runner.py:120} INFO - ::group::Pre task execution logs
[2025-08-08T02:26:58.803+0000] {taskinstance.py:2076} INFO - Dependencies all met for dep_context=non-requeueable deps ti=<TaskInstance: climate_data.create_folder scheduled__2025-01-13T00:00:00+00:00 [queued]>
[2025-08-08T02:26:58.809+0000] {taskinstance.py:2076} INFO - Dependencies all met for dep_context=requeueable deps ti=<TaskInstance: climate_data.create_folder scheduled__2025-01-13T00:00:00+00:00 [queued]>
[2025-08-08T02:26:58.810+0000] {taskinstance.py:2306} INFO - Starting attempt 1 of 1
[2025-08-08T02:26:58.821+0000] {taskinstance.py:2330} INFO - Executing <Task(BashOperator): create_folder> on 2025-01-13 00:00:00+00:00
[2025-08-08T02:26:58.826+0000] {standard_task_runner.py:63} INFO - Started process 735 to run task
[2025-08-08T02:26:58.829+0000] {standard_task_runner.py:90} INFO - Running: ['***', 'tasks', 'run', 'climate_data', 'create_folder', 'scheduled__2025-01-13T00:00:00+00:00', '--job-id', '154', '--raw', '--subdir', 'DAGS_FOLDER/climate_data.py', '--cfg-path', '/tmp/tmp7c9dhz_f']
[2025-08-08T02:26:58.831+0000] {standard_task_runner.py:91} INFO - Job 154: Subtask create_folder
[2025-08-08T02:26:58.844+0000] {logging_mixin.py:188} WARNING - /home/***/.local/lib/python3.9/site-packages/***/settings.py:195 DeprecationWarning: The sql_alchemy_conn option in [core] has been moved to the sql_alchemy_conn option in [database] - the old setting has been used, but please update your config.
[2025-08-08T02:26:58.886+0000] {task_command.py:426} INFO - Running <TaskInstance: climate_data.create_folder scheduled__2025-01-13T00:00:00+00:00 [running]> on host 3ceab82043f1
[2025-08-08T02:26:58.956+0000] {taskinstance.py:2648} INFO - Exporting env vars: AIRFLOW_CTX_DAG_OWNER='***' AIRFLOW_CTX_DAG_ID='climate_data' AIRFLOW_CTX_TASK_ID='create_folder' AIRFLOW_CTX_EXECUTION_DATE='2025-01-13T00:00:00+00:00' AIRFLOW_CTX_TRY_NUMBER='1' AIRFLOW_CTX_DAG_RUN_ID='scheduled__2025-01-13T00:00:00+00:00'
[2025-08-08T02:26:58.959+0000] {taskinstance.py:430} INFO - ::endgroup::
[2025-08-08T02:26:58.967+0000] {subprocess.py:63} INFO - Tmp dir root location: /tmp
[2025-08-08T02:26:58.967+0000] {subprocess.py:75} INFO - Running command: ['/usr/bin/bash', '-c', 'mkdir -p /home/***/host_documents/week2025-01-20"']
[2025-08-08T02:26:58.975+0000] {subprocess.py:86} INFO - Output:
[2025-08-08T02:26:58.976+0000] {subprocess.py:93} INFO - /usr/bin/bash: -c: line 1: unexpected EOF while looking for matching `"'
[2025-08-08T02:26:58.976+0000] {subprocess.py:97} INFO - Command exited with return code 2
[2025-08-08T02:26:58.977+0000] {taskinstance.py:441} INFO - ::group::Post task execution logs
[2025-08-08T02:26:58.985+0000] {taskinstance.py:2905} ERROR - Task failed with exception
Traceback (most recent call last):
  File "/home/airflow/.local/lib/python3.9/site-packages/airflow/models/taskinstance.py", line 465, in _execute_task
    result = _execute_callable(context=context, **execute_callable_kwargs)
  File "/home/airflow/.local/lib/python3.9/site-packages/airflow/models/taskinstance.py", line 432, in _execute_callable
    return execute_callable(context=context, **execute_callable_kwargs)
  File "/home/airflow/.local/lib/python3.9/site-packages/airflow/models/baseoperator.py", line 400, in wrapper
    return func(self, *args, **kwargs)
  File "/home/airflow/.local/lib/python3.9/site-packages/airflow/operators/bash.py", line 243, in execute
    raise AirflowException(
airflow.exceptions.AirflowException: Bash command failed. The command returned a non-zero exit code 2.
[2025-08-08T02:26:58.988+0000] {taskinstance.py:1206} INFO - Marking task as FAILED. dag_id=climate_data, task_id=create_folder, run_id=scheduled__2025-01-13T00:00:00+00:00, execution_date=20250113T000000, start_date=20250808T022658, end_date=20250808T022658
[2025-08-08T02:26:58.998+0000] {standard_task_runner.py:110} ERROR - Failed to execute job 154 for task create_folder (Bash command failed. The command returned a non-zero exit code 2.; 735)
[2025-08-08T02:26:59.042+0000] {local_task_job_runner.py:240} INFO - Task exited with return code 1
[2025-08-08T02:26:59.057+0000] {taskinstance.py:3498} INFO - 0 downstream tasks scheduled from follow-on schedule check
[2025-08-08T02:26:59.061+0000] {local_task_job_runner.py:222} INFO - ::endgroup::
[2025-08-08T02:35:18.827+0000] {local_task_job_runner.py:120} INFO - ::group::Pre task execution logs
[2025-08-08T02:35:18.851+0000] {taskinstance.py:2076} INFO - Dependencies all met for dep_context=non-requeueable deps ti=<TaskInstance: climate_data.create_folder scheduled__2025-01-13T00:00:00+00:00 [queued]>
[2025-08-08T02:35:18.858+0000] {taskinstance.py:2076} INFO - Dependencies all met for dep_context=requeueable deps ti=<TaskInstance: climate_data.create_folder scheduled__2025-01-13T00:00:00+00:00 [queued]>
[2025-08-08T02:35:18.859+0000] {taskinstance.py:2306} INFO - Starting attempt 1 of 1
[2025-08-08T02:35:18.871+0000] {taskinstance.py:2330} INFO - Executing <Task(BashOperator): create_folder> on 2025-01-13 00:00:00+00:00
[2025-08-08T02:35:18.875+0000] {standard_task_runner.py:63} INFO - Started process 771 to run task
[2025-08-08T02:35:18.878+0000] {standard_task_runner.py:90} INFO - Running: ['***', 'tasks', 'run', 'climate_data', 'create_folder', 'scheduled__2025-01-13T00:00:00+00:00', '--job-id', '310', '--raw', '--subdir', 'DAGS_FOLDER/climate_data.py', '--cfg-path', '/tmp/tmptxn80xgh']
[2025-08-08T02:35:18.882+0000] {standard_task_runner.py:91} INFO - Job 310: Subtask create_folder
[2025-08-08T02:35:18.898+0000] {logging_mixin.py:188} WARNING - /home/***/.local/lib/python3.9/site-packages/***/settings.py:195 DeprecationWarning: The sql_alchemy_conn option in [core] has been moved to the sql_alchemy_conn option in [database] - the old setting has been used, but please update your config.
[2025-08-08T02:35:18.941+0000] {task_command.py:426} INFO - Running <TaskInstance: climate_data.create_folder scheduled__2025-01-13T00:00:00+00:00 [running]> on host 1a6f5acf67f4
[2025-08-08T02:35:19.007+0000] {taskinstance.py:2648} INFO - Exporting env vars: AIRFLOW_CTX_DAG_OWNER='***' AIRFLOW_CTX_DAG_ID='climate_data' AIRFLOW_CTX_TASK_ID='create_folder' AIRFLOW_CTX_EXECUTION_DATE='2025-01-13T00:00:00+00:00' AIRFLOW_CTX_TRY_NUMBER='1' AIRFLOW_CTX_DAG_RUN_ID='scheduled__2025-01-13T00:00:00+00:00'
[2025-08-08T02:35:19.008+0000] {taskinstance.py:430} INFO - ::endgroup::
[2025-08-08T02:35:19.020+0000] {subprocess.py:63} INFO - Tmp dir root location: /tmp
[2025-08-08T02:35:19.021+0000] {subprocess.py:75} INFO - Running command: ['/usr/bin/bash', '-c', 'mkdir -p /home/***/host_documents/week2025-01-20"']
[2025-08-08T02:35:19.030+0000] {subprocess.py:86} INFO - Output:
[2025-08-08T02:35:19.031+0000] {subprocess.py:93} INFO - /usr/bin/bash: -c: line 1: unexpected EOF while looking for matching `"'
[2025-08-08T02:35:19.031+0000] {subprocess.py:97} INFO - Command exited with return code 2
[2025-08-08T02:35:19.032+0000] {taskinstance.py:441} INFO - ::group::Post task execution logs
[2025-08-08T02:35:19.039+0000] {taskinstance.py:2905} ERROR - Task failed with exception
Traceback (most recent call last):
  File "/home/airflow/.local/lib/python3.9/site-packages/airflow/models/taskinstance.py", line 465, in _execute_task
    result = _execute_callable(context=context, **execute_callable_kwargs)
  File "/home/airflow/.local/lib/python3.9/site-packages/airflow/models/taskinstance.py", line 432, in _execute_callable
    return execute_callable(context=context, **execute_callable_kwargs)
  File "/home/airflow/.local/lib/python3.9/site-packages/airflow/models/baseoperator.py", line 400, in wrapper
    return func(self, *args, **kwargs)
  File "/home/airflow/.local/lib/python3.9/site-packages/airflow/operators/bash.py", line 243, in execute
    raise AirflowException(
airflow.exceptions.AirflowException: Bash command failed. The command returned a non-zero exit code 2.
[2025-08-08T02:35:19.042+0000] {taskinstance.py:1206} INFO - Marking task as FAILED. dag_id=climate_data, task_id=create_folder, run_id=scheduled__2025-01-13T00:00:00+00:00, execution_date=20250113T000000, start_date=20250808T023518, end_date=20250808T023519
[2025-08-08T02:35:19.053+0000] {standard_task_runner.py:110} ERROR - Failed to execute job 310 for task create_folder (Bash command failed. The command returned a non-zero exit code 2.; 771)
[2025-08-08T02:35:19.092+0000] {local_task_job_runner.py:240} INFO - Task exited with return code 1
[2025-08-08T02:35:19.106+0000] {taskinstance.py:3498} INFO - 0 downstream tasks scheduled from follow-on schedule check
[2025-08-08T02:35:19.110+0000] {local_task_job_runner.py:222} INFO - ::endgroup::
[2025-08-08T02:39:51.579+0000] {local_task_job_runner.py:120} INFO - ::group::Pre task execution logs
[2025-08-08T02:39:51.606+0000] {taskinstance.py:2076} INFO - Dependencies all met for dep_context=non-requeueable deps ti=<TaskInstance: climate_data.create_folder scheduled__2025-01-13T00:00:00+00:00 [queued]>
[2025-08-08T02:39:51.615+0000] {taskinstance.py:2076} INFO - Dependencies all met for dep_context=requeueable deps ti=<TaskInstance: climate_data.create_folder scheduled__2025-01-13T00:00:00+00:00 [queued]>
[2025-08-08T02:39:51.615+0000] {taskinstance.py:2306} INFO - Starting attempt 1 of 1
[2025-08-08T02:39:51.626+0000] {taskinstance.py:2330} INFO - Executing <Task(BashOperator): create_folder> on 2025-01-13 00:00:00+00:00
[2025-08-08T02:39:51.632+0000] {standard_task_runner.py:63} INFO - Started process 1900 to run task
[2025-08-08T02:39:51.636+0000] {standard_task_runner.py:90} INFO - Running: ['***', 'tasks', 'run', 'climate_data', 'create_folder', 'scheduled__2025-01-13T00:00:00+00:00', '--job-id', '582', '--raw', '--subdir', 'DAGS_FOLDER/climate_data.py', '--cfg-path', '/tmp/tmpait317rr']
[2025-08-08T02:39:51.638+0000] {standard_task_runner.py:91} INFO - Job 582: Subtask create_folder
[2025-08-08T02:39:51.656+0000] {logging_mixin.py:188} WARNING - /home/***/.local/lib/python3.9/site-packages/***/settings.py:195 DeprecationWarning: The sql_alchemy_conn option in [core] has been moved to the sql_alchemy_conn option in [database] - the old setting has been used, but please update your config.
[2025-08-08T02:39:51.708+0000] {task_command.py:426} INFO - Running <TaskInstance: climate_data.create_folder scheduled__2025-01-13T00:00:00+00:00 [running]> on host 1a6f5acf67f4
[2025-08-08T02:39:51.804+0000] {taskinstance.py:2648} INFO - Exporting env vars: AIRFLOW_CTX_DAG_OWNER='***' AIRFLOW_CTX_DAG_ID='climate_data' AIRFLOW_CTX_TASK_ID='create_folder' AIRFLOW_CTX_EXECUTION_DATE='2025-01-13T00:00:00+00:00' AIRFLOW_CTX_TRY_NUMBER='1' AIRFLOW_CTX_DAG_RUN_ID='scheduled__2025-01-13T00:00:00+00:00'
[2025-08-08T02:39:51.806+0000] {taskinstance.py:430} INFO - ::endgroup::
[2025-08-08T02:39:51.817+0000] {subprocess.py:63} INFO - Tmp dir root location: /tmp
[2025-08-08T02:39:51.820+0000] {subprocess.py:75} INFO - Running command: ['/usr/bin/bash', '-c', 'mkdir -p /home/***/host_documents/week2025-01-20']
[2025-08-08T02:39:51.832+0000] {subprocess.py:86} INFO - Output:
[2025-08-08T02:39:51.838+0000] {subprocess.py:97} INFO - Command exited with return code 0
[2025-08-08T02:39:51.839+0000] {taskinstance.py:441} INFO - ::group::Post task execution logs
[2025-08-08T02:39:51.864+0000] {taskinstance.py:1206} INFO - Marking task as SUCCESS. dag_id=climate_data, task_id=create_folder, run_id=scheduled__2025-01-13T00:00:00+00:00, execution_date=20250113T000000, start_date=20250808T023951, end_date=20250808T023951
[2025-08-08T02:39:51.970+0000] {local_task_job_runner.py:240} INFO - Task exited with return code 0
[2025-08-08T02:39:51.978+0000] {local_task_job_runner.py:222} INFO - ::endgroup::
[2025-08-08T02:42:51.476+0000] {local_task_job_runner.py:120} INFO - ::group::Pre task execution logs
[2025-08-08T02:42:51.500+0000] {taskinstance.py:2076} INFO - Dependencies all met for dep_context=non-requeueable deps ti=<TaskInstance: climate_data.create_folder scheduled__2025-01-13T00:00:00+00:00 [queued]>
[2025-08-08T02:42:51.510+0000] {taskinstance.py:2076} INFO - Dependencies all met for dep_context=requeueable deps ti=<TaskInstance: climate_data.create_folder scheduled__2025-01-13T00:00:00+00:00 [queued]>
[2025-08-08T02:42:51.510+0000] {taskinstance.py:2306} INFO - Starting attempt 1 of 1
[2025-08-08T02:42:51.524+0000] {taskinstance.py:2330} INFO - Executing <Task(BashOperator): create_folder> on 2025-01-13 00:00:00+00:00
[2025-08-08T02:42:51.529+0000] {standard_task_runner.py:63} INFO - Started process 3078 to run task
[2025-08-08T02:42:51.533+0000] {standard_task_runner.py:90} INFO - Running: ['***', 'tasks', 'run', 'climate_data', 'create_folder', 'scheduled__2025-01-13T00:00:00+00:00', '--job-id', '892', '--raw', '--subdir', 'DAGS_FOLDER/climate_data.py', '--cfg-path', '/tmp/tmpjzyqetek']
[2025-08-08T02:42:51.536+0000] {standard_task_runner.py:91} INFO - Job 892: Subtask create_folder
[2025-08-08T02:42:51.553+0000] {logging_mixin.py:188} WARNING - /home/***/.local/lib/python3.9/site-packages/***/settings.py:195 DeprecationWarning: The sql_alchemy_conn option in [core] has been moved to the sql_alchemy_conn option in [database] - the old setting has been used, but please update your config.
[2025-08-08T02:42:51.596+0000] {task_command.py:426} INFO - Running <TaskInstance: climate_data.create_folder scheduled__2025-01-13T00:00:00+00:00 [running]> on host 1a6f5acf67f4
[2025-08-08T02:42:51.664+0000] {taskinstance.py:2648} INFO - Exporting env vars: AIRFLOW_CTX_DAG_OWNER='***' AIRFLOW_CTX_DAG_ID='climate_data' AIRFLOW_CTX_TASK_ID='create_folder' AIRFLOW_CTX_EXECUTION_DATE='2025-01-13T00:00:00+00:00' AIRFLOW_CTX_TRY_NUMBER='1' AIRFLOW_CTX_DAG_RUN_ID='scheduled__2025-01-13T00:00:00+00:00'
[2025-08-08T02:42:51.665+0000] {taskinstance.py:430} INFO - ::endgroup::
[2025-08-08T02:42:51.675+0000] {subprocess.py:63} INFO - Tmp dir root location: /tmp
[2025-08-08T02:42:51.676+0000] {subprocess.py:75} INFO - Running command: ['/usr/bin/bash', '-c', 'mkdir -p "/home/***/host_documents/week2025-01-20"']
[2025-08-08T02:42:51.685+0000] {subprocess.py:86} INFO - Output:
[2025-08-08T02:42:51.688+0000] {subprocess.py:97} INFO - Command exited with return code 0
[2025-08-08T02:42:51.689+0000] {taskinstance.py:441} INFO - ::group::Post task execution logs
[2025-08-08T02:42:51.710+0000] {taskinstance.py:1206} INFO - Marking task as SUCCESS. dag_id=climate_data, task_id=create_folder, run_id=scheduled__2025-01-13T00:00:00+00:00, execution_date=20250113T000000, start_date=20250808T024251, end_date=20250808T024251
[2025-08-08T02:42:51.786+0000] {local_task_job_runner.py:240} INFO - Task exited with return code 0
[2025-08-08T02:42:51.797+0000] {local_task_job_runner.py:222} INFO - ::endgroup::
