[2025-08-08T02:26:31.731+0000] {local_task_job_runner.py:120} INFO - ::group::Pre task execution logs
[2025-08-08T02:26:31.750+0000] {taskinstance.py:2076} INFO - Dependencies all met for dep_context=non-requeueable deps ti=<TaskInstance: climate_data.create_folder scheduled__2023-06-19T00:00:00+00:00 [queued]>
[2025-08-08T02:26:31.756+0000] {taskinstance.py:2076} INFO - Dependencies all met for dep_context=requeueable deps ti=<TaskInstance: climate_data.create_folder scheduled__2023-06-19T00:00:00+00:00 [queued]>
[2025-08-08T02:26:31.756+0000] {taskinstance.py:2306} INFO - Starting attempt 1 of 1
[2025-08-08T02:26:31.764+0000] {taskinstance.py:2330} INFO - Executing <Task(BashOperator): create_folder> on 2023-06-19 00:00:00+00:00
[2025-08-08T02:26:31.768+0000] {standard_task_runner.py:63} INFO - Started process 386 to run task
[2025-08-08T02:26:31.770+0000] {standard_task_runner.py:90} INFO - Running: ['***', 'tasks', 'run', 'climate_data', 'create_folder', 'scheduled__2023-06-19T00:00:00+00:00', '--job-id', '72', '--raw', '--subdir', 'DAGS_FOLDER/climate_data.py', '--cfg-path', '/tmp/tmp4zko_2ny']
[2025-08-08T02:26:31.772+0000] {standard_task_runner.py:91} INFO - Job 72: Subtask create_folder
[2025-08-08T02:26:31.784+0000] {logging_mixin.py:188} WARNING - /home/***/.local/lib/python3.9/site-packages/***/settings.py:195 DeprecationWarning: The sql_alchemy_conn option in [core] has been moved to the sql_alchemy_conn option in [database] - the old setting has been used, but please update your config.
[2025-08-08T02:26:31.814+0000] {task_command.py:426} INFO - Running <TaskInstance: climate_data.create_folder scheduled__2023-06-19T00:00:00+00:00 [running]> on host 3ceab82043f1
[2025-08-08T02:26:31.869+0000] {taskinstance.py:2648} INFO - Exporting env vars: AIRFLOW_CTX_DAG_OWNER='***' AIRFLOW_CTX_DAG_ID='climate_data' AIRFLOW_CTX_TASK_ID='create_folder' AIRFLOW_CTX_EXECUTION_DATE='2023-06-19T00:00:00+00:00' AIRFLOW_CTX_TRY_NUMBER='1' AIRFLOW_CTX_DAG_RUN_ID='scheduled__2023-06-19T00:00:00+00:00'
[2025-08-08T02:26:31.870+0000] {taskinstance.py:430} INFO - ::endgroup::
[2025-08-08T02:26:31.878+0000] {subprocess.py:63} INFO - Tmp dir root location: /tmp
[2025-08-08T02:26:31.879+0000] {subprocess.py:75} INFO - Running command: ['/usr/bin/bash', '-c', 'mkdir -p /home/***/host_documents/week2023-06-26"']
[2025-08-08T02:26:31.886+0000] {subprocess.py:86} INFO - Output:
[2025-08-08T02:26:31.887+0000] {subprocess.py:93} INFO - /usr/bin/bash: -c: line 1: unexpected EOF while looking for matching `"'
[2025-08-08T02:26:31.888+0000] {subprocess.py:97} INFO - Command exited with return code 2
[2025-08-08T02:26:31.888+0000] {taskinstance.py:441} INFO - ::group::Post task execution logs
[2025-08-08T02:26:31.896+0000] {taskinstance.py:2905} ERROR - Task failed with exception
Traceback (most recent call last):
  File "/home/airflow/.local/lib/python3.9/site-packages/airflow/models/taskinstance.py", line 465, in _execute_task
    result = _execute_callable(context=context, **execute_callable_kwargs)
  File "/home/airflow/.local/lib/python3.9/site-packages/airflow/models/taskinstance.py", line 432, in _execute_callable
    return execute_callable(context=context, **execute_callable_kwargs)
  File "/home/airflow/.local/lib/python3.9/site-packages/airflow/models/baseoperator.py", line 400, in wrapper
    return func(self, *args, **kwargs)
  File "/home/airflow/.local/lib/python3.9/site-packages/airflow/operators/bash.py", line 243, in execute
    raise AirflowException(
airflow.exceptions.AirflowException: Bash command failed. The command returned a non-zero exit code 2.
[2025-08-08T02:26:31.899+0000] {taskinstance.py:1206} INFO - Marking task as FAILED. dag_id=climate_data, task_id=create_folder, run_id=scheduled__2023-06-19T00:00:00+00:00, execution_date=20230619T000000, start_date=20250808T022631, end_date=20250808T022631
[2025-08-08T02:26:31.907+0000] {standard_task_runner.py:110} ERROR - Failed to execute job 72 for task create_folder (Bash command failed. The command returned a non-zero exit code 2.; 386)
[2025-08-08T02:26:31.943+0000] {local_task_job_runner.py:240} INFO - Task exited with return code 1
[2025-08-08T02:26:31.957+0000] {taskinstance.py:3498} INFO - 0 downstream tasks scheduled from follow-on schedule check
[2025-08-08T02:26:31.960+0000] {local_task_job_runner.py:222} INFO - ::endgroup::
[2025-08-08T02:34:48.848+0000] {local_task_job_runner.py:120} INFO - ::group::Pre task execution logs
[2025-08-08T02:34:48.867+0000] {taskinstance.py:2076} INFO - Dependencies all met for dep_context=non-requeueable deps ti=<TaskInstance: climate_data.create_folder scheduled__2023-06-19T00:00:00+00:00 [queued]>
[2025-08-08T02:34:48.873+0000] {taskinstance.py:2076} INFO - Dependencies all met for dep_context=requeueable deps ti=<TaskInstance: climate_data.create_folder scheduled__2023-06-19T00:00:00+00:00 [queued]>
[2025-08-08T02:34:48.874+0000] {taskinstance.py:2306} INFO - Starting attempt 1 of 1
[2025-08-08T02:34:48.883+0000] {taskinstance.py:2330} INFO - Executing <Task(BashOperator): create_folder> on 2023-06-19 00:00:00+00:00
[2025-08-08T02:34:48.886+0000] {standard_task_runner.py:63} INFO - Started process 419 to run task
[2025-08-08T02:34:48.889+0000] {standard_task_runner.py:90} INFO - Running: ['***', 'tasks', 'run', 'climate_data', 'create_folder', 'scheduled__2023-06-19T00:00:00+00:00', '--job-id', '227', '--raw', '--subdir', 'DAGS_FOLDER/climate_data.py', '--cfg-path', '/tmp/tmp3u3ff9x8']
[2025-08-08T02:34:48.890+0000] {standard_task_runner.py:91} INFO - Job 227: Subtask create_folder
[2025-08-08T02:34:48.902+0000] {logging_mixin.py:188} WARNING - /home/***/.local/lib/python3.9/site-packages/***/settings.py:195 DeprecationWarning: The sql_alchemy_conn option in [core] has been moved to the sql_alchemy_conn option in [database] - the old setting has been used, but please update your config.
[2025-08-08T02:34:48.937+0000] {task_command.py:426} INFO - Running <TaskInstance: climate_data.create_folder scheduled__2023-06-19T00:00:00+00:00 [running]> on host 1a6f5acf67f4
[2025-08-08T02:34:48.991+0000] {taskinstance.py:2648} INFO - Exporting env vars: AIRFLOW_CTX_DAG_OWNER='***' AIRFLOW_CTX_DAG_ID='climate_data' AIRFLOW_CTX_TASK_ID='create_folder' AIRFLOW_CTX_EXECUTION_DATE='2023-06-19T00:00:00+00:00' AIRFLOW_CTX_TRY_NUMBER='1' AIRFLOW_CTX_DAG_RUN_ID='scheduled__2023-06-19T00:00:00+00:00'
[2025-08-08T02:34:48.991+0000] {taskinstance.py:430} INFO - ::endgroup::
[2025-08-08T02:34:48.999+0000] {subprocess.py:63} INFO - Tmp dir root location: /tmp
[2025-08-08T02:34:49.000+0000] {subprocess.py:75} INFO - Running command: ['/usr/bin/bash', '-c', 'mkdir -p /home/***/host_documents/week2023-06-26"']
[2025-08-08T02:34:49.007+0000] {subprocess.py:86} INFO - Output:
[2025-08-08T02:34:49.008+0000] {subprocess.py:93} INFO - /usr/bin/bash: -c: line 1: unexpected EOF while looking for matching `"'
[2025-08-08T02:34:49.008+0000] {subprocess.py:97} INFO - Command exited with return code 2
[2025-08-08T02:34:49.008+0000] {taskinstance.py:441} INFO - ::group::Post task execution logs
[2025-08-08T02:34:49.016+0000] {taskinstance.py:2905} ERROR - Task failed with exception
Traceback (most recent call last):
  File "/home/airflow/.local/lib/python3.9/site-packages/airflow/models/taskinstance.py", line 465, in _execute_task
    result = _execute_callable(context=context, **execute_callable_kwargs)
  File "/home/airflow/.local/lib/python3.9/site-packages/airflow/models/taskinstance.py", line 432, in _execute_callable
    return execute_callable(context=context, **execute_callable_kwargs)
  File "/home/airflow/.local/lib/python3.9/site-packages/airflow/models/baseoperator.py", line 400, in wrapper
    return func(self, *args, **kwargs)
  File "/home/airflow/.local/lib/python3.9/site-packages/airflow/operators/bash.py", line 243, in execute
    raise AirflowException(
airflow.exceptions.AirflowException: Bash command failed. The command returned a non-zero exit code 2.
[2025-08-08T02:34:49.018+0000] {taskinstance.py:1206} INFO - Marking task as FAILED. dag_id=climate_data, task_id=create_folder, run_id=scheduled__2023-06-19T00:00:00+00:00, execution_date=20230619T000000, start_date=20250808T023448, end_date=20250808T023449
[2025-08-08T02:34:49.025+0000] {standard_task_runner.py:110} ERROR - Failed to execute job 227 for task create_folder (Bash command failed. The command returned a non-zero exit code 2.; 419)
[2025-08-08T02:34:49.061+0000] {local_task_job_runner.py:240} INFO - Task exited with return code 1
[2025-08-08T02:34:49.076+0000] {taskinstance.py:3498} INFO - 0 downstream tasks scheduled from follow-on schedule check
[2025-08-08T02:34:49.079+0000] {local_task_job_runner.py:222} INFO - ::endgroup::
[2025-08-08T02:39:24.607+0000] {local_task_job_runner.py:120} INFO - ::group::Pre task execution logs
[2025-08-08T02:39:24.632+0000] {taskinstance.py:2076} INFO - Dependencies all met for dep_context=non-requeueable deps ti=<TaskInstance: climate_data.create_folder scheduled__2023-06-19T00:00:00+00:00 [queued]>
[2025-08-08T02:39:24.644+0000] {taskinstance.py:2076} INFO - Dependencies all met for dep_context=requeueable deps ti=<TaskInstance: climate_data.create_folder scheduled__2023-06-19T00:00:00+00:00 [queued]>
[2025-08-08T02:39:24.645+0000] {taskinstance.py:2306} INFO - Starting attempt 1 of 1
[2025-08-08T02:39:24.659+0000] {taskinstance.py:2330} INFO - Executing <Task(BashOperator): create_folder> on 2023-06-19 00:00:00+00:00
[2025-08-08T02:39:24.665+0000] {standard_task_runner.py:63} INFO - Started process 1309 to run task
[2025-08-08T02:39:24.669+0000] {standard_task_runner.py:90} INFO - Running: ['***', 'tasks', 'run', 'climate_data', 'create_folder', 'scheduled__2023-06-19T00:00:00+00:00', '--job-id', '418', '--raw', '--subdir', 'DAGS_FOLDER/climate_data.py', '--cfg-path', '/tmp/tmp3h9_ynq_']
[2025-08-08T02:39:24.671+0000] {standard_task_runner.py:91} INFO - Job 418: Subtask create_folder
[2025-08-08T02:39:24.689+0000] {logging_mixin.py:188} WARNING - /home/***/.local/lib/python3.9/site-packages/***/settings.py:195 DeprecationWarning: The sql_alchemy_conn option in [core] has been moved to the sql_alchemy_conn option in [database] - the old setting has been used, but please update your config.
[2025-08-08T02:39:24.740+0000] {task_command.py:426} INFO - Running <TaskInstance: climate_data.create_folder scheduled__2023-06-19T00:00:00+00:00 [running]> on host 1a6f5acf67f4
[2025-08-08T02:39:24.824+0000] {taskinstance.py:2648} INFO - Exporting env vars: AIRFLOW_CTX_DAG_OWNER='***' AIRFLOW_CTX_DAG_ID='climate_data' AIRFLOW_CTX_TASK_ID='create_folder' AIRFLOW_CTX_EXECUTION_DATE='2023-06-19T00:00:00+00:00' AIRFLOW_CTX_TRY_NUMBER='1' AIRFLOW_CTX_DAG_RUN_ID='scheduled__2023-06-19T00:00:00+00:00'
[2025-08-08T02:39:24.825+0000] {taskinstance.py:430} INFO - ::endgroup::
[2025-08-08T02:39:24.837+0000] {subprocess.py:63} INFO - Tmp dir root location: /tmp
[2025-08-08T02:39:24.839+0000] {subprocess.py:75} INFO - Running command: ['/usr/bin/bash', '-c', 'mkdir -p /home/***/host_documents/week2023-06-26']
[2025-08-08T02:39:24.852+0000] {subprocess.py:86} INFO - Output:
[2025-08-08T02:39:24.858+0000] {subprocess.py:97} INFO - Command exited with return code 0
[2025-08-08T02:39:24.859+0000] {taskinstance.py:441} INFO - ::group::Post task execution logs
[2025-08-08T02:39:24.884+0000] {taskinstance.py:1206} INFO - Marking task as SUCCESS. dag_id=climate_data, task_id=create_folder, run_id=scheduled__2023-06-19T00:00:00+00:00, execution_date=20230619T000000, start_date=20250808T023924, end_date=20250808T023924
[2025-08-08T02:39:24.964+0000] {local_task_job_runner.py:240} INFO - Task exited with return code 0
[2025-08-08T02:39:24.986+0000] {taskinstance.py:3498} INFO - 1 downstream tasks scheduled from follow-on schedule check
[2025-08-08T02:39:24.988+0000] {local_task_job_runner.py:222} INFO - ::endgroup::
[2025-08-08T02:42:22.480+0000] {local_task_job_runner.py:120} INFO - ::group::Pre task execution logs
[2025-08-08T02:42:22.505+0000] {taskinstance.py:2076} INFO - Dependencies all met for dep_context=non-requeueable deps ti=<TaskInstance: climate_data.create_folder scheduled__2023-06-19T00:00:00+00:00 [queued]>
[2025-08-08T02:42:22.513+0000] {taskinstance.py:2076} INFO - Dependencies all met for dep_context=requeueable deps ti=<TaskInstance: climate_data.create_folder scheduled__2023-06-19T00:00:00+00:00 [queued]>
[2025-08-08T02:42:22.514+0000] {taskinstance.py:2306} INFO - Starting attempt 1 of 1
[2025-08-08T02:42:22.525+0000] {taskinstance.py:2330} INFO - Executing <Task(BashOperator): create_folder> on 2023-06-19 00:00:00+00:00
[2025-08-08T02:42:22.529+0000] {standard_task_runner.py:63} INFO - Started process 2482 to run task
[2025-08-08T02:42:22.531+0000] {standard_task_runner.py:90} INFO - Running: ['***', 'tasks', 'run', 'climate_data', 'create_folder', 'scheduled__2023-06-19T00:00:00+00:00', '--job-id', '726', '--raw', '--subdir', 'DAGS_FOLDER/climate_data.py', '--cfg-path', '/tmp/tmpwi4hq6zh']
[2025-08-08T02:42:22.536+0000] {standard_task_runner.py:91} INFO - Job 726: Subtask create_folder
[2025-08-08T02:42:22.553+0000] {logging_mixin.py:188} WARNING - /home/***/.local/lib/python3.9/site-packages/***/settings.py:195 DeprecationWarning: The sql_alchemy_conn option in [core] has been moved to the sql_alchemy_conn option in [database] - the old setting has been used, but please update your config.
[2025-08-08T02:42:22.604+0000] {task_command.py:426} INFO - Running <TaskInstance: climate_data.create_folder scheduled__2023-06-19T00:00:00+00:00 [running]> on host 1a6f5acf67f4
[2025-08-08T02:42:22.672+0000] {taskinstance.py:2648} INFO - Exporting env vars: AIRFLOW_CTX_DAG_OWNER='***' AIRFLOW_CTX_DAG_ID='climate_data' AIRFLOW_CTX_TASK_ID='create_folder' AIRFLOW_CTX_EXECUTION_DATE='2023-06-19T00:00:00+00:00' AIRFLOW_CTX_TRY_NUMBER='1' AIRFLOW_CTX_DAG_RUN_ID='scheduled__2023-06-19T00:00:00+00:00'
[2025-08-08T02:42:22.675+0000] {taskinstance.py:430} INFO - ::endgroup::
[2025-08-08T02:42:22.689+0000] {subprocess.py:63} INFO - Tmp dir root location: /tmp
[2025-08-08T02:42:22.691+0000] {subprocess.py:75} INFO - Running command: ['/usr/bin/bash', '-c', 'mkdir -p "/home/***/host_documents/week2023-06-26"']
[2025-08-08T02:42:22.702+0000] {subprocess.py:86} INFO - Output:
[2025-08-08T02:42:22.706+0000] {subprocess.py:97} INFO - Command exited with return code 0
[2025-08-08T02:42:22.707+0000] {taskinstance.py:441} INFO - ::group::Post task execution logs
[2025-08-08T02:42:22.733+0000] {taskinstance.py:1206} INFO - Marking task as SUCCESS. dag_id=climate_data, task_id=create_folder, run_id=scheduled__2023-06-19T00:00:00+00:00, execution_date=20230619T000000, start_date=20250808T024222, end_date=20250808T024222
[2025-08-08T02:42:22.825+0000] {local_task_job_runner.py:240} INFO - Task exited with return code 0
[2025-08-08T02:42:22.845+0000] {taskinstance.py:3498} INFO - 1 downstream tasks scheduled from follow-on schedule check
[2025-08-08T02:42:22.848+0000] {local_task_job_runner.py:222} INFO - ::endgroup::
