[2025-08-08T02:26:23.460+0000] {local_task_job_runner.py:120} INFO - ::group::Pre task execution logs
[2025-08-08T02:26:23.481+0000] {taskinstance.py:2076} INFO - Dependencies all met for dep_context=non-requeueable deps ti=<TaskInstance: climate_data.create_folder scheduled__2022-12-19T00:00:00+00:00 [queued]>
[2025-08-08T02:26:23.489+0000] {taskinstance.py:2076} INFO - Dependencies all met for dep_context=requeueable deps ti=<TaskInstance: climate_data.create_folder scheduled__2022-12-19T00:00:00+00:00 [queued]>
[2025-08-08T02:26:23.490+0000] {taskinstance.py:2306} INFO - Starting attempt 1 of 1
[2025-08-08T02:26:23.504+0000] {taskinstance.py:2330} INFO - Executing <Task(BashOperator): create_folder> on 2022-12-19 00:00:00+00:00
[2025-08-08T02:26:23.509+0000] {standard_task_runner.py:63} INFO - Started process 288 to run task
[2025-08-08T02:26:23.512+0000] {standard_task_runner.py:90} INFO - Running: ['***', 'tasks', 'run', 'climate_data', 'create_folder', 'scheduled__2022-12-19T00:00:00+00:00', '--job-id', '46', '--raw', '--subdir', 'DAGS_FOLDER/climate_data.py', '--cfg-path', '/tmp/tmpfwhtpvh3']
[2025-08-08T02:26:23.514+0000] {standard_task_runner.py:91} INFO - Job 46: Subtask create_folder
[2025-08-08T02:26:23.529+0000] {logging_mixin.py:188} WARNING - /home/***/.local/lib/python3.9/site-packages/***/settings.py:195 DeprecationWarning: The sql_alchemy_conn option in [core] has been moved to the sql_alchemy_conn option in [database] - the old setting has been used, but please update your config.
[2025-08-08T02:26:23.575+0000] {task_command.py:426} INFO - Running <TaskInstance: climate_data.create_folder scheduled__2022-12-19T00:00:00+00:00 [running]> on host 3ceab82043f1
[2025-08-08T02:26:23.642+0000] {taskinstance.py:2648} INFO - Exporting env vars: AIRFLOW_CTX_DAG_OWNER='***' AIRFLOW_CTX_DAG_ID='climate_data' AIRFLOW_CTX_TASK_ID='create_folder' AIRFLOW_CTX_EXECUTION_DATE='2022-12-19T00:00:00+00:00' AIRFLOW_CTX_TRY_NUMBER='1' AIRFLOW_CTX_DAG_RUN_ID='scheduled__2022-12-19T00:00:00+00:00'
[2025-08-08T02:26:23.644+0000] {taskinstance.py:430} INFO - ::endgroup::
[2025-08-08T02:26:23.651+0000] {subprocess.py:63} INFO - Tmp dir root location: /tmp
[2025-08-08T02:26:23.652+0000] {subprocess.py:75} INFO - Running command: ['/usr/bin/bash', '-c', 'mkdir -p /home/***/host_documents/week2022-12-26"']
[2025-08-08T02:26:23.660+0000] {subprocess.py:86} INFO - Output:
[2025-08-08T02:26:23.662+0000] {subprocess.py:93} INFO - /usr/bin/bash: -c: line 1: unexpected EOF while looking for matching `"'
[2025-08-08T02:26:23.663+0000] {subprocess.py:97} INFO - Command exited with return code 2
[2025-08-08T02:26:23.664+0000] {taskinstance.py:441} INFO - ::group::Post task execution logs
[2025-08-08T02:26:23.672+0000] {taskinstance.py:2905} ERROR - Task failed with exception
Traceback (most recent call last):
  File "/home/airflow/.local/lib/python3.9/site-packages/airflow/models/taskinstance.py", line 465, in _execute_task
    result = _execute_callable(context=context, **execute_callable_kwargs)
  File "/home/airflow/.local/lib/python3.9/site-packages/airflow/models/taskinstance.py", line 432, in _execute_callable
    return execute_callable(context=context, **execute_callable_kwargs)
  File "/home/airflow/.local/lib/python3.9/site-packages/airflow/models/baseoperator.py", line 400, in wrapper
    return func(self, *args, **kwargs)
  File "/home/airflow/.local/lib/python3.9/site-packages/airflow/operators/bash.py", line 243, in execute
    raise AirflowException(
airflow.exceptions.AirflowException: Bash command failed. The command returned a non-zero exit code 2.
[2025-08-08T02:26:23.675+0000] {taskinstance.py:1206} INFO - Marking task as FAILED. dag_id=climate_data, task_id=create_folder, run_id=scheduled__2022-12-19T00:00:00+00:00, execution_date=20221219T000000, start_date=20250808T022623, end_date=20250808T022623
[2025-08-08T02:26:23.683+0000] {standard_task_runner.py:110} ERROR - Failed to execute job 46 for task create_folder (Bash command failed. The command returned a non-zero exit code 2.; 288)
[2025-08-08T02:26:23.725+0000] {local_task_job_runner.py:240} INFO - Task exited with return code 1
[2025-08-08T02:26:23.740+0000] {taskinstance.py:3498} INFO - 0 downstream tasks scheduled from follow-on schedule check
[2025-08-08T02:26:23.743+0000] {local_task_job_runner.py:222} INFO - ::endgroup::
[2025-08-08T02:34:41.998+0000] {local_task_job_runner.py:120} INFO - ::group::Pre task execution logs
[2025-08-08T02:34:42.023+0000] {taskinstance.py:2076} INFO - Dependencies all met for dep_context=non-requeueable deps ti=<TaskInstance: climate_data.create_folder scheduled__2022-12-19T00:00:00+00:00 [queued]>
[2025-08-08T02:34:42.032+0000] {taskinstance.py:2076} INFO - Dependencies all met for dep_context=requeueable deps ti=<TaskInstance: climate_data.create_folder scheduled__2022-12-19T00:00:00+00:00 [queued]>
[2025-08-08T02:34:42.032+0000] {taskinstance.py:2306} INFO - Starting attempt 1 of 1
[2025-08-08T02:34:42.088+0000] {taskinstance.py:2330} INFO - Executing <Task(BashOperator): create_folder> on 2022-12-19 00:00:00+00:00
[2025-08-08T02:34:42.092+0000] {standard_task_runner.py:63} INFO - Started process 321 to run task
[2025-08-08T02:34:42.094+0000] {standard_task_runner.py:90} INFO - Running: ['***', 'tasks', 'run', 'climate_data', 'create_folder', 'scheduled__2022-12-19T00:00:00+00:00', '--job-id', '201', '--raw', '--subdir', 'DAGS_FOLDER/climate_data.py', '--cfg-path', '/tmp/tmpbj8maujh']
[2025-08-08T02:34:42.096+0000] {standard_task_runner.py:91} INFO - Job 201: Subtask create_folder
[2025-08-08T02:34:42.110+0000] {logging_mixin.py:188} WARNING - /home/***/.local/lib/python3.9/site-packages/***/settings.py:195 DeprecationWarning: The sql_alchemy_conn option in [core] has been moved to the sql_alchemy_conn option in [database] - the old setting has been used, but please update your config.
[2025-08-08T02:34:42.151+0000] {task_command.py:426} INFO - Running <TaskInstance: climate_data.create_folder scheduled__2022-12-19T00:00:00+00:00 [running]> on host 1a6f5acf67f4
[2025-08-08T02:34:42.213+0000] {taskinstance.py:2648} INFO - Exporting env vars: AIRFLOW_CTX_DAG_OWNER='***' AIRFLOW_CTX_DAG_ID='climate_data' AIRFLOW_CTX_TASK_ID='create_folder' AIRFLOW_CTX_EXECUTION_DATE='2022-12-19T00:00:00+00:00' AIRFLOW_CTX_TRY_NUMBER='1' AIRFLOW_CTX_DAG_RUN_ID='scheduled__2022-12-19T00:00:00+00:00'
[2025-08-08T02:34:42.214+0000] {taskinstance.py:430} INFO - ::endgroup::
[2025-08-08T02:34:42.221+0000] {subprocess.py:63} INFO - Tmp dir root location: /tmp
[2025-08-08T02:34:42.223+0000] {subprocess.py:75} INFO - Running command: ['/usr/bin/bash', '-c', 'mkdir -p /home/***/host_documents/week2022-12-26"']
[2025-08-08T02:34:42.230+0000] {subprocess.py:86} INFO - Output:
[2025-08-08T02:34:42.231+0000] {subprocess.py:93} INFO - /usr/bin/bash: -c: line 1: unexpected EOF while looking for matching `"'
[2025-08-08T02:34:42.232+0000] {subprocess.py:97} INFO - Command exited with return code 2
[2025-08-08T02:34:42.233+0000] {taskinstance.py:441} INFO - ::group::Post task execution logs
[2025-08-08T02:34:42.242+0000] {taskinstance.py:2905} ERROR - Task failed with exception
Traceback (most recent call last):
  File "/home/airflow/.local/lib/python3.9/site-packages/airflow/models/taskinstance.py", line 465, in _execute_task
    result = _execute_callable(context=context, **execute_callable_kwargs)
  File "/home/airflow/.local/lib/python3.9/site-packages/airflow/models/taskinstance.py", line 432, in _execute_callable
    return execute_callable(context=context, **execute_callable_kwargs)
  File "/home/airflow/.local/lib/python3.9/site-packages/airflow/models/baseoperator.py", line 400, in wrapper
    return func(self, *args, **kwargs)
  File "/home/airflow/.local/lib/python3.9/site-packages/airflow/operators/bash.py", line 243, in execute
    raise AirflowException(
airflow.exceptions.AirflowException: Bash command failed. The command returned a non-zero exit code 2.
[2025-08-08T02:34:42.245+0000] {taskinstance.py:1206} INFO - Marking task as FAILED. dag_id=climate_data, task_id=create_folder, run_id=scheduled__2022-12-19T00:00:00+00:00, execution_date=20221219T000000, start_date=20250808T023442, end_date=20250808T023442
[2025-08-08T02:34:42.254+0000] {standard_task_runner.py:110} ERROR - Failed to execute job 201 for task create_folder (Bash command failed. The command returned a non-zero exit code 2.; 321)
[2025-08-08T02:34:42.270+0000] {local_task_job_runner.py:240} INFO - Task exited with return code 1
[2025-08-08T02:34:42.287+0000] {taskinstance.py:3498} INFO - 0 downstream tasks scheduled from follow-on schedule check
[2025-08-08T02:34:42.290+0000] {local_task_job_runner.py:222} INFO - ::endgroup::
[2025-08-08T02:39:18.706+0000] {local_task_job_runner.py:120} INFO - ::group::Pre task execution logs
[2025-08-08T02:39:18.727+0000] {taskinstance.py:2076} INFO - Dependencies all met for dep_context=non-requeueable deps ti=<TaskInstance: climate_data.create_folder scheduled__2022-12-19T00:00:00+00:00 [queued]>
[2025-08-08T02:39:18.735+0000] {taskinstance.py:2076} INFO - Dependencies all met for dep_context=requeueable deps ti=<TaskInstance: climate_data.create_folder scheduled__2022-12-19T00:00:00+00:00 [queued]>
[2025-08-08T02:39:18.735+0000] {taskinstance.py:2306} INFO - Starting attempt 1 of 1
[2025-08-08T02:39:18.745+0000] {taskinstance.py:2330} INFO - Executing <Task(BashOperator): create_folder> on 2022-12-19 00:00:00+00:00
[2025-08-08T02:39:18.750+0000] {standard_task_runner.py:63} INFO - Started process 1146 to run task
[2025-08-08T02:39:18.752+0000] {standard_task_runner.py:90} INFO - Running: ['***', 'tasks', 'run', 'climate_data', 'create_folder', 'scheduled__2022-12-19T00:00:00+00:00', '--job-id', '373', '--raw', '--subdir', 'DAGS_FOLDER/climate_data.py', '--cfg-path', '/tmp/tmph0jnupkb']
[2025-08-08T02:39:18.754+0000] {standard_task_runner.py:91} INFO - Job 373: Subtask create_folder
[2025-08-08T02:39:18.769+0000] {logging_mixin.py:188} WARNING - /home/***/.local/lib/python3.9/site-packages/***/settings.py:195 DeprecationWarning: The sql_alchemy_conn option in [core] has been moved to the sql_alchemy_conn option in [database] - the old setting has been used, but please update your config.
[2025-08-08T02:39:18.809+0000] {task_command.py:426} INFO - Running <TaskInstance: climate_data.create_folder scheduled__2022-12-19T00:00:00+00:00 [running]> on host 1a6f5acf67f4
[2025-08-08T02:39:18.873+0000] {taskinstance.py:2648} INFO - Exporting env vars: AIRFLOW_CTX_DAG_OWNER='***' AIRFLOW_CTX_DAG_ID='climate_data' AIRFLOW_CTX_TASK_ID='create_folder' AIRFLOW_CTX_EXECUTION_DATE='2022-12-19T00:00:00+00:00' AIRFLOW_CTX_TRY_NUMBER='1' AIRFLOW_CTX_DAG_RUN_ID='scheduled__2022-12-19T00:00:00+00:00'
[2025-08-08T02:39:18.874+0000] {taskinstance.py:430} INFO - ::endgroup::
[2025-08-08T02:39:18.881+0000] {subprocess.py:63} INFO - Tmp dir root location: /tmp
[2025-08-08T02:39:18.882+0000] {subprocess.py:75} INFO - Running command: ['/usr/bin/bash', '-c', 'mkdir -p /home/***/host_documents/week2022-12-26']
[2025-08-08T02:39:18.890+0000] {subprocess.py:86} INFO - Output:
[2025-08-08T02:39:18.894+0000] {subprocess.py:97} INFO - Command exited with return code 0
[2025-08-08T02:39:18.895+0000] {taskinstance.py:441} INFO - ::group::Post task execution logs
[2025-08-08T02:39:18.916+0000] {taskinstance.py:1206} INFO - Marking task as SUCCESS. dag_id=climate_data, task_id=create_folder, run_id=scheduled__2022-12-19T00:00:00+00:00, execution_date=20221219T000000, start_date=20250808T023918, end_date=20250808T023918
[2025-08-08T02:39:18.967+0000] {local_task_job_runner.py:240} INFO - Task exited with return code 0
[2025-08-08T02:39:18.975+0000] {local_task_job_runner.py:222} INFO - ::endgroup::
[2025-08-08T02:42:16.583+0000] {local_task_job_runner.py:120} INFO - ::group::Pre task execution logs
[2025-08-08T02:42:16.602+0000] {taskinstance.py:2076} INFO - Dependencies all met for dep_context=non-requeueable deps ti=<TaskInstance: climate_data.create_folder scheduled__2022-12-19T00:00:00+00:00 [queued]>
[2025-08-08T02:42:16.611+0000] {taskinstance.py:2076} INFO - Dependencies all met for dep_context=requeueable deps ti=<TaskInstance: climate_data.create_folder scheduled__2022-12-19T00:00:00+00:00 [queued]>
[2025-08-08T02:42:16.611+0000] {taskinstance.py:2306} INFO - Starting attempt 1 of 1
[2025-08-08T02:42:16.656+0000] {taskinstance.py:2330} INFO - Executing <Task(BashOperator): create_folder> on 2022-12-19 00:00:00+00:00
[2025-08-08T02:42:16.660+0000] {standard_task_runner.py:63} INFO - Started process 2319 to run task
[2025-08-08T02:42:16.663+0000] {standard_task_runner.py:90} INFO - Running: ['***', 'tasks', 'run', 'climate_data', 'create_folder', 'scheduled__2022-12-19T00:00:00+00:00', '--job-id', '681', '--raw', '--subdir', 'DAGS_FOLDER/climate_data.py', '--cfg-path', '/tmp/tmpgzeqent8']
[2025-08-08T02:42:16.665+0000] {standard_task_runner.py:91} INFO - Job 681: Subtask create_folder
[2025-08-08T02:42:16.678+0000] {logging_mixin.py:188} WARNING - /home/***/.local/lib/python3.9/site-packages/***/settings.py:195 DeprecationWarning: The sql_alchemy_conn option in [core] has been moved to the sql_alchemy_conn option in [database] - the old setting has been used, but please update your config.
[2025-08-08T02:42:16.725+0000] {task_command.py:426} INFO - Running <TaskInstance: climate_data.create_folder scheduled__2022-12-19T00:00:00+00:00 [running]> on host 1a6f5acf67f4
[2025-08-08T02:42:16.792+0000] {taskinstance.py:2648} INFO - Exporting env vars: AIRFLOW_CTX_DAG_OWNER='***' AIRFLOW_CTX_DAG_ID='climate_data' AIRFLOW_CTX_TASK_ID='create_folder' AIRFLOW_CTX_EXECUTION_DATE='2022-12-19T00:00:00+00:00' AIRFLOW_CTX_TRY_NUMBER='1' AIRFLOW_CTX_DAG_RUN_ID='scheduled__2022-12-19T00:00:00+00:00'
[2025-08-08T02:42:16.793+0000] {taskinstance.py:430} INFO - ::endgroup::
[2025-08-08T02:42:16.800+0000] {subprocess.py:63} INFO - Tmp dir root location: /tmp
[2025-08-08T02:42:16.801+0000] {subprocess.py:75} INFO - Running command: ['/usr/bin/bash', '-c', 'mkdir -p "/home/***/host_documents/week2022-12-26"']
[2025-08-08T02:42:16.810+0000] {subprocess.py:86} INFO - Output:
[2025-08-08T02:42:16.814+0000] {subprocess.py:97} INFO - Command exited with return code 0
[2025-08-08T02:42:16.815+0000] {taskinstance.py:441} INFO - ::group::Post task execution logs
[2025-08-08T02:42:16.837+0000] {taskinstance.py:1206} INFO - Marking task as SUCCESS. dag_id=climate_data, task_id=create_folder, run_id=scheduled__2022-12-19T00:00:00+00:00, execution_date=20221219T000000, start_date=20250808T024216, end_date=20250808T024216
[2025-08-08T02:42:16.876+0000] {local_task_job_runner.py:240} INFO - Task exited with return code 0
[2025-08-08T02:42:16.883+0000] {local_task_job_runner.py:222} INFO - ::endgroup::
