{"timestamp":"2025-08-24T03:33:10.173088","level":"info","event":"DAG bundles loaded: dags-folder","logger":"airflow.dag_processing.bundles.manager.DagBundlesManager"}
{"timestamp":"2025-08-24T03:33:10.173551","level":"info","event":"Filling up the DagBag from /opt/airflow/dags/reddit_dag_hdfs_consult_simple.py","logger":"airflow.models.dagbag.DagBag"}
{"timestamp":"2025-08-24T03:33:10.202840","level":"warning","event":"/home/airflow/.local/lib/python3.12/site-packages/airflow/models/connection.py:471: DeprecationWarning: Using Connection.get_connection_from_secrets from `airflow.models` is deprecated.Please use `from airflow.sdk import Connection` instead\n  warnings.warn(\n","logger":"py.warnings"}
{"timestamp":"2025-08-24T03:33:10.208790","level":"info","event":"Connection Retrieved 'spark_default'","logger":"airflow.hooks.base"}
{"timestamp":"2025-08-24T03:33:10.209211","level":"info","event":"Spark-Submit cmd: spark-submit --master spark://spark-master:7077 --name arrow-spark --verbose --deploy-mode client /opt/airflow/dags/scripts/python/read_hdfs.py","logger":"airflow.task.hooks.airflow.providers.apache.spark.hooks.spark_submit.SparkSubmitHook"}
{"timestamp":"2025-08-24T03:33:10.930500","level":"info","event":"Using properties file: null","logger":"airflow.task.hooks.airflow.providers.apache.spark.hooks.spark_submit.SparkSubmitHook"}
{"timestamp":"2025-08-24T03:33:11.010177","level":"info","event":"Parsed arguments:","logger":"airflow.task.hooks.airflow.providers.apache.spark.hooks.spark_submit.SparkSubmitHook"}
{"timestamp":"2025-08-24T03:33:11.010282","level":"info","event":"master                  spark://spark-master:7077","logger":"airflow.task.hooks.airflow.providers.apache.spark.hooks.spark_submit.SparkSubmitHook"}
{"timestamp":"2025-08-24T03:33:11.010319","level":"info","event":"remote                  null","logger":"airflow.task.hooks.airflow.providers.apache.spark.hooks.spark_submit.SparkSubmitHook"}
{"timestamp":"2025-08-24T03:33:11.010349","level":"info","event":"deployMode              client","logger":"airflow.task.hooks.airflow.providers.apache.spark.hooks.spark_submit.SparkSubmitHook"}
{"timestamp":"2025-08-24T03:33:11.010376","level":"info","event":"executorMemory          null","logger":"airflow.task.hooks.airflow.providers.apache.spark.hooks.spark_submit.SparkSubmitHook"}
{"timestamp":"2025-08-24T03:33:11.010398","level":"info","event":"executorCores           null","logger":"airflow.task.hooks.airflow.providers.apache.spark.hooks.spark_submit.SparkSubmitHook"}
{"timestamp":"2025-08-24T03:33:11.010419","level":"info","event":"totalExecutorCores      null","logger":"airflow.task.hooks.airflow.providers.apache.spark.hooks.spark_submit.SparkSubmitHook"}
{"timestamp":"2025-08-24T03:33:11.010438","level":"info","event":"propertiesFile          null","logger":"airflow.task.hooks.airflow.providers.apache.spark.hooks.spark_submit.SparkSubmitHook"}
{"timestamp":"2025-08-24T03:33:11.010457","level":"info","event":"driverMemory            null","logger":"airflow.task.hooks.airflow.providers.apache.spark.hooks.spark_submit.SparkSubmitHook"}
{"timestamp":"2025-08-24T03:33:11.010477","level":"info","event":"driverCores             null","logger":"airflow.task.hooks.airflow.providers.apache.spark.hooks.spark_submit.SparkSubmitHook"}
{"timestamp":"2025-08-24T03:33:11.010496","level":"info","event":"driverExtraClassPath    null","logger":"airflow.task.hooks.airflow.providers.apache.spark.hooks.spark_submit.SparkSubmitHook"}
{"timestamp":"2025-08-24T03:33:11.010515","level":"info","event":"driverExtraLibraryPath  null","logger":"airflow.task.hooks.airflow.providers.apache.spark.hooks.spark_submit.SparkSubmitHook"}
{"timestamp":"2025-08-24T03:33:11.010533","level":"info","event":"driverExtraJavaOptions  null","logger":"airflow.task.hooks.airflow.providers.apache.spark.hooks.spark_submit.SparkSubmitHook"}
{"timestamp":"2025-08-24T03:33:11.010551","level":"info","event":"supervise               false","logger":"airflow.task.hooks.airflow.providers.apache.spark.hooks.spark_submit.SparkSubmitHook"}
{"timestamp":"2025-08-24T03:33:11.010570","level":"info","event":"queue                   null","logger":"airflow.task.hooks.airflow.providers.apache.spark.hooks.spark_submit.SparkSubmitHook"}
{"timestamp":"2025-08-24T03:33:11.010589","level":"info","event":"numExecutors            null","logger":"airflow.task.hooks.airflow.providers.apache.spark.hooks.spark_submit.SparkSubmitHook"}
{"timestamp":"2025-08-24T03:33:11.010608","level":"info","event":"files                   null","logger":"airflow.task.hooks.airflow.providers.apache.spark.hooks.spark_submit.SparkSubmitHook"}
{"timestamp":"2025-08-24T03:33:11.010627","level":"info","event":"pyFiles                 null","logger":"airflow.task.hooks.airflow.providers.apache.spark.hooks.spark_submit.SparkSubmitHook"}
{"timestamp":"2025-08-24T03:33:11.010646","level":"info","event":"archives                null","logger":"airflow.task.hooks.airflow.providers.apache.spark.hooks.spark_submit.SparkSubmitHook"}
{"timestamp":"2025-08-24T03:33:11.010677","level":"info","event":"mainClass               null","logger":"airflow.task.hooks.airflow.providers.apache.spark.hooks.spark_submit.SparkSubmitHook"}
{"timestamp":"2025-08-24T03:33:11.010702","level":"info","event":"primaryResource         file:/opt/airflow/dags/scripts/python/read_hdfs.py","logger":"airflow.task.hooks.airflow.providers.apache.spark.hooks.spark_submit.SparkSubmitHook"}
{"timestamp":"2025-08-24T03:33:11.010722","level":"info","event":"name                    arrow-spark","logger":"airflow.task.hooks.airflow.providers.apache.spark.hooks.spark_submit.SparkSubmitHook"}
{"timestamp":"2025-08-24T03:33:11.010742","level":"info","event":"childArgs               []","logger":"airflow.task.hooks.airflow.providers.apache.spark.hooks.spark_submit.SparkSubmitHook"}
{"timestamp":"2025-08-24T03:33:11.010761","level":"info","event":"jars                    null","logger":"airflow.task.hooks.airflow.providers.apache.spark.hooks.spark_submit.SparkSubmitHook"}
{"timestamp":"2025-08-24T03:33:11.010780","level":"info","event":"packages                null","logger":"airflow.task.hooks.airflow.providers.apache.spark.hooks.spark_submit.SparkSubmitHook"}
{"timestamp":"2025-08-24T03:33:11.010798","level":"info","event":"packagesExclusions      null","logger":"airflow.task.hooks.airflow.providers.apache.spark.hooks.spark_submit.SparkSubmitHook"}
{"timestamp":"2025-08-24T03:33:11.010817","level":"info","event":"repositories            null","logger":"airflow.task.hooks.airflow.providers.apache.spark.hooks.spark_submit.SparkSubmitHook"}
{"timestamp":"2025-08-24T03:33:11.010834","level":"info","event":"verbose                 true","logger":"airflow.task.hooks.airflow.providers.apache.spark.hooks.spark_submit.SparkSubmitHook"}
{"timestamp":"2025-08-24T03:33:11.010854","level":"info","event":"","logger":"airflow.task.hooks.airflow.providers.apache.spark.hooks.spark_submit.SparkSubmitHook"}
{"timestamp":"2025-08-24T03:33:11.010875","level":"info","event":"Spark properties used, including those specified through","logger":"airflow.task.hooks.airflow.providers.apache.spark.hooks.spark_submit.SparkSubmitHook"}
{"timestamp":"2025-08-24T03:33:11.010894","level":"info","event":"--conf and those from the properties file null:","logger":"airflow.task.hooks.airflow.providers.apache.spark.hooks.spark_submit.SparkSubmitHook"}
{"timestamp":"2025-08-24T03:33:11.010913","level":"info","event":"","logger":"airflow.task.hooks.airflow.providers.apache.spark.hooks.spark_submit.SparkSubmitHook"}
{"timestamp":"2025-08-24T03:33:11.010932","level":"info","event":"","logger":"airflow.task.hooks.airflow.providers.apache.spark.hooks.spark_submit.SparkSubmitHook"}
{"timestamp":"2025-08-24T03:33:11.010951","level":"info","event":"","logger":"airflow.task.hooks.airflow.providers.apache.spark.hooks.spark_submit.SparkSubmitHook"}
{"timestamp":"2025-08-24T03:33:11.169511","level":"info","event":"Main class:","logger":"airflow.task.hooks.airflow.providers.apache.spark.hooks.spark_submit.SparkSubmitHook"}
{"timestamp":"2025-08-24T03:33:11.169765","level":"info","event":"org.apache.spark.deploy.PythonRunner","logger":"airflow.task.hooks.airflow.providers.apache.spark.hooks.spark_submit.SparkSubmitHook"}
{"timestamp":"2025-08-24T03:33:11.169846","level":"info","event":"Arguments:","logger":"airflow.task.hooks.airflow.providers.apache.spark.hooks.spark_submit.SparkSubmitHook"}
{"timestamp":"2025-08-24T03:33:11.169878","level":"info","event":"file:/opt/airflow/dags/scripts/python/read_hdfs.py","logger":"airflow.task.hooks.airflow.providers.apache.spark.hooks.spark_submit.SparkSubmitHook"}
{"timestamp":"2025-08-24T03:33:11.169902","level":"info","event":"null","logger":"airflow.task.hooks.airflow.providers.apache.spark.hooks.spark_submit.SparkSubmitHook"}
{"timestamp":"2025-08-24T03:33:11.172190","level":"info","event":"Spark config:","logger":"airflow.task.hooks.airflow.providers.apache.spark.hooks.spark_submit.SparkSubmitHook"}
{"timestamp":"2025-08-24T03:33:11.172268","level":"info","event":"(spark.app.name,arrow-spark)","logger":"airflow.task.hooks.airflow.providers.apache.spark.hooks.spark_submit.SparkSubmitHook"}
{"timestamp":"2025-08-24T03:33:11.172302","level":"info","event":"(spark.app.submitTime,1756006391155)","logger":"airflow.task.hooks.airflow.providers.apache.spark.hooks.spark_submit.SparkSubmitHook"}
{"timestamp":"2025-08-24T03:33:11.172328","level":"info","event":"(spark.master,spark://spark-master:7077)","logger":"airflow.task.hooks.airflow.providers.apache.spark.hooks.spark_submit.SparkSubmitHook"}
{"timestamp":"2025-08-24T03:33:11.172350","level":"info","event":"(spark.submit.deployMode,client)","logger":"airflow.task.hooks.airflow.providers.apache.spark.hooks.spark_submit.SparkSubmitHook"}
{"timestamp":"2025-08-24T03:33:11.172372","level":"info","event":"(spark.submit.pyFiles,)","logger":"airflow.task.hooks.airflow.providers.apache.spark.hooks.spark_submit.SparkSubmitHook"}
{"timestamp":"2025-08-24T03:33:11.172401","level":"info","event":"Classpath elements:","logger":"airflow.task.hooks.airflow.providers.apache.spark.hooks.spark_submit.SparkSubmitHook"}
{"timestamp":"2025-08-24T03:33:11.172426","level":"info","event":"","logger":"airflow.task.hooks.airflow.providers.apache.spark.hooks.spark_submit.SparkSubmitHook"}
{"timestamp":"2025-08-24T03:33:11.172450","level":"info","event":"","logger":"airflow.task.hooks.airflow.providers.apache.spark.hooks.spark_submit.SparkSubmitHook"}
{"timestamp":"2025-08-24T03:33:11.172471","level":"info","event":"","logger":"airflow.task.hooks.airflow.providers.apache.spark.hooks.spark_submit.SparkSubmitHook"}
{"timestamp":"2025-08-24T03:33:11.995948","level":"info","event":"25/08/24 03:33:11 INFO SparkContext: Running Spark version 3.5.4","logger":"airflow.task.hooks.airflow.providers.apache.spark.hooks.spark_submit.SparkSubmitHook"}
{"timestamp":"2025-08-24T03:33:11.996984","level":"info","event":"25/08/24 03:33:11 INFO SparkContext: OS info Linux, 6.6.87.2-microsoft-standard-WSL2, amd64","logger":"airflow.task.hooks.airflow.providers.apache.spark.hooks.spark_submit.SparkSubmitHook"}
{"timestamp":"2025-08-24T03:33:11.997182","level":"info","event":"25/08/24 03:33:11 INFO SparkContext: Java version 17.0.16","logger":"airflow.task.hooks.airflow.providers.apache.spark.hooks.spark_submit.SparkSubmitHook"}
{"timestamp":"2025-08-24T03:33:12.027451","level":"info","event":"25/08/24 03:33:12 WARN NativeCodeLoader: Unable to load native-hadoop library for your platform... using builtin-java classes where applicable","logger":"airflow.task.hooks.airflow.providers.apache.spark.hooks.spark_submit.SparkSubmitHook"}
{"timestamp":"2025-08-24T03:33:12.073951","level":"info","event":"25/08/24 03:33:12 INFO ResourceUtils: ==============================================================","logger":"airflow.task.hooks.airflow.providers.apache.spark.hooks.spark_submit.SparkSubmitHook"}
{"timestamp":"2025-08-24T03:33:12.074098","level":"info","event":"25/08/24 03:33:12 INFO ResourceUtils: No custom resources configured for spark.driver.","logger":"airflow.task.hooks.airflow.providers.apache.spark.hooks.spark_submit.SparkSubmitHook"}
{"timestamp":"2025-08-24T03:33:12.074372","level":"info","event":"25/08/24 03:33:12 INFO ResourceUtils: ==============================================================","logger":"airflow.task.hooks.airflow.providers.apache.spark.hooks.spark_submit.SparkSubmitHook"}
{"timestamp":"2025-08-24T03:33:12.074557","level":"info","event":"25/08/24 03:33:12 INFO SparkContext: Submitted application: ReadHDFSReddit","logger":"airflow.task.hooks.airflow.providers.apache.spark.hooks.spark_submit.SparkSubmitHook"}
{"timestamp":"2025-08-24T03:33:12.085185","level":"info","event":"25/08/24 03:33:12 INFO ResourceProfile: Default ResourceProfile created, executor resources: Map(memory -> name: memory, amount: 1024, script: , vendor: , offHeap -> name: offHeap, amount: 0, script: , vendor: ), task resources: Map(cpus -> name: cpus, amount: 1.0)","logger":"airflow.task.hooks.airflow.providers.apache.spark.hooks.spark_submit.SparkSubmitHook"}
{"timestamp":"2025-08-24T03:33:12.089984","level":"info","event":"25/08/24 03:33:12 INFO ResourceProfile: Limiting resource is cpu","logger":"airflow.task.hooks.airflow.providers.apache.spark.hooks.spark_submit.SparkSubmitHook"}
{"timestamp":"2025-08-24T03:33:12.090343","level":"info","event":"25/08/24 03:33:12 INFO ResourceProfileManager: Added ResourceProfile id: 0","logger":"airflow.task.hooks.airflow.providers.apache.spark.hooks.spark_submit.SparkSubmitHook"}
{"timestamp":"2025-08-24T03:33:12.116160","level":"info","event":"25/08/24 03:33:12 INFO SecurityManager: Changing view acls to: airflow","logger":"airflow.task.hooks.airflow.providers.apache.spark.hooks.spark_submit.SparkSubmitHook"}
{"timestamp":"2025-08-24T03:33:12.116402","level":"info","event":"25/08/24 03:33:12 INFO SecurityManager: Changing modify acls to: airflow","logger":"airflow.task.hooks.airflow.providers.apache.spark.hooks.spark_submit.SparkSubmitHook"}
{"timestamp":"2025-08-24T03:33:12.116654","level":"info","event":"25/08/24 03:33:12 INFO SecurityManager: Changing view acls groups to:","logger":"airflow.task.hooks.airflow.providers.apache.spark.hooks.spark_submit.SparkSubmitHook"}
{"timestamp":"2025-08-24T03:33:12.117038","level":"info","event":"25/08/24 03:33:12 INFO SecurityManager: Changing modify acls groups to:","logger":"airflow.task.hooks.airflow.providers.apache.spark.hooks.spark_submit.SparkSubmitHook"}
{"timestamp":"2025-08-24T03:33:12.117389","level":"info","event":"25/08/24 03:33:12 INFO SecurityManager: SecurityManager: authentication disabled; ui acls disabled; users with view permissions: airflow; groups with view permissions: EMPTY; users with modify permissions: airflow; groups with modify permissions: EMPTY","logger":"airflow.task.hooks.airflow.providers.apache.spark.hooks.spark_submit.SparkSubmitHook"}
{"timestamp":"2025-08-24T03:33:12.245898","level":"info","event":"25/08/24 03:33:12 INFO Utils: Successfully started service 'sparkDriver' on port 36565.","logger":"airflow.task.hooks.airflow.providers.apache.spark.hooks.spark_submit.SparkSubmitHook"}
{"timestamp":"2025-08-24T03:33:12.263355","level":"info","event":"25/08/24 03:33:12 INFO SparkEnv: Registering MapOutputTracker","logger":"airflow.task.hooks.airflow.providers.apache.spark.hooks.spark_submit.SparkSubmitHook"}
{"timestamp":"2025-08-24T03:33:12.287730","level":"info","event":"25/08/24 03:33:12 INFO SparkEnv: Registering BlockManagerMaster","logger":"airflow.task.hooks.airflow.providers.apache.spark.hooks.spark_submit.SparkSubmitHook"}
{"timestamp":"2025-08-24T03:33:12.298213","level":"info","event":"25/08/24 03:33:12 INFO BlockManagerMasterEndpoint: Using org.apache.spark.storage.DefaultTopologyMapper for getting topology information","logger":"airflow.task.hooks.airflow.providers.apache.spark.hooks.spark_submit.SparkSubmitHook"}
{"timestamp":"2025-08-24T03:33:12.298532","level":"info","event":"25/08/24 03:33:12 INFO BlockManagerMasterEndpoint: BlockManagerMasterEndpoint up","logger":"airflow.task.hooks.airflow.providers.apache.spark.hooks.spark_submit.SparkSubmitHook"}
{"timestamp":"2025-08-24T03:33:12.301186","level":"info","event":"25/08/24 03:33:12 INFO SparkEnv: Registering BlockManagerMasterHeartbeat","logger":"airflow.task.hooks.airflow.providers.apache.spark.hooks.spark_submit.SparkSubmitHook"}
{"timestamp":"2025-08-24T03:33:12.313725","level":"info","event":"25/08/24 03:33:12 INFO DiskBlockManager: Created local directory at /tmp/blockmgr-8fea4d47-f606-4e25-a2b4-8f70a72e71ec","logger":"airflow.task.hooks.airflow.providers.apache.spark.hooks.spark_submit.SparkSubmitHook"}
{"timestamp":"2025-08-24T03:33:12.322308","level":"info","event":"25/08/24 03:33:12 INFO MemoryStore: MemoryStore started with capacity 434.4 MiB","logger":"airflow.task.hooks.airflow.providers.apache.spark.hooks.spark_submit.SparkSubmitHook"}
{"timestamp":"2025-08-24T03:33:12.331386","level":"info","event":"25/08/24 03:33:12 INFO SparkEnv: Registering OutputCommitCoordinator","logger":"airflow.task.hooks.airflow.providers.apache.spark.hooks.spark_submit.SparkSubmitHook"}
{"timestamp":"2025-08-24T03:33:12.408680","level":"info","event":"25/08/24 03:33:12 INFO JettyUtils: Start Jetty 0.0.0.0:4040 for SparkUI","logger":"airflow.task.hooks.airflow.providers.apache.spark.hooks.spark_submit.SparkSubmitHook"}
{"timestamp":"2025-08-24T03:33:12.445639","level":"info","event":"25/08/24 03:33:12 INFO Utils: Successfully started service 'SparkUI' on port 4040.","logger":"airflow.task.hooks.airflow.providers.apache.spark.hooks.spark_submit.SparkSubmitHook"}
{"timestamp":"2025-08-24T03:33:12.514570","level":"info","event":"25/08/24 03:33:12 INFO StandaloneAppClient$ClientEndpoint: Connecting to master spark://spark-master:7077...","logger":"airflow.task.hooks.airflow.providers.apache.spark.hooks.spark_submit.SparkSubmitHook"}
{"timestamp":"2025-08-24T03:33:12.540274","level":"info","event":"25/08/24 03:33:12 INFO TransportClientFactory: Successfully created connection to spark-master/172.18.0.9:7077 after 14 ms (0 ms spent in bootstraps)","logger":"airflow.task.hooks.airflow.providers.apache.spark.hooks.spark_submit.SparkSubmitHook"}
{"timestamp":"2025-08-24T03:33:12.588939","level":"info","event":"25/08/24 03:33:12 INFO StandaloneSchedulerBackend: Connected to Spark cluster with app ID app-20250824033312-0002","logger":"airflow.task.hooks.airflow.providers.apache.spark.hooks.spark_submit.SparkSubmitHook"}
{"timestamp":"2025-08-24T03:33:12.590593","level":"info","event":"25/08/24 03:33:12 INFO StandaloneAppClient$ClientEndpoint: Executor added: app-20250824033312-0002/0 on worker-20250824033116-172.18.0.12-38423 (172.18.0.12:38423) with 24 core(s)","logger":"airflow.task.hooks.airflow.providers.apache.spark.hooks.spark_submit.SparkSubmitHook"}
{"timestamp":"2025-08-24T03:33:12.592046","level":"info","event":"25/08/24 03:33:12 INFO StandaloneSchedulerBackend: Granted executor ID app-20250824033312-0002/0 on hostPort 172.18.0.12:38423 with 24 core(s), 1024.0 MiB RAM","logger":"airflow.task.hooks.airflow.providers.apache.spark.hooks.spark_submit.SparkSubmitHook"}
{"timestamp":"2025-08-24T03:33:12.594747","level":"info","event":"25/08/24 03:33:12 INFO Utils: Successfully started service 'org.apache.spark.network.netty.NettyBlockTransferService' on port 36073.","logger":"airflow.task.hooks.airflow.providers.apache.spark.hooks.spark_submit.SparkSubmitHook"}
{"timestamp":"2025-08-24T03:33:12.594819","level":"info","event":"25/08/24 03:33:12 INFO NettyBlockTransferService: Server created on dadd5717f5f8:36073","logger":"airflow.task.hooks.airflow.providers.apache.spark.hooks.spark_submit.SparkSubmitHook"}
{"timestamp":"2025-08-24T03:33:12.595977","level":"info","event":"25/08/24 03:33:12 INFO BlockManager: Using org.apache.spark.storage.RandomBlockReplicationPolicy for block replication policy","logger":"airflow.task.hooks.airflow.providers.apache.spark.hooks.spark_submit.SparkSubmitHook"}
{"timestamp":"2025-08-24T03:33:12.599642","level":"info","event":"25/08/24 03:33:12 INFO BlockManagerMaster: Registering BlockManager BlockManagerId(driver, dadd5717f5f8, 36073, None)","logger":"airflow.task.hooks.airflow.providers.apache.spark.hooks.spark_submit.SparkSubmitHook"}
{"timestamp":"2025-08-24T03:33:12.601741","level":"info","event":"25/08/24 03:33:12 INFO BlockManagerMasterEndpoint: Registering block manager dadd5717f5f8:36073 with 434.4 MiB RAM, BlockManagerId(driver, dadd5717f5f8, 36073, None)","logger":"airflow.task.hooks.airflow.providers.apache.spark.hooks.spark_submit.SparkSubmitHook"}
{"timestamp":"2025-08-24T03:33:12.603167","level":"info","event":"25/08/24 03:33:12 INFO BlockManagerMaster: Registered BlockManager BlockManagerId(driver, dadd5717f5f8, 36073, None)","logger":"airflow.task.hooks.airflow.providers.apache.spark.hooks.spark_submit.SparkSubmitHook"}
{"timestamp":"2025-08-24T03:33:12.604187","level":"info","event":"25/08/24 03:33:12 INFO BlockManager: Initialized BlockManager: BlockManagerId(driver, dadd5717f5f8, 36073, None)","logger":"airflow.task.hooks.airflow.providers.apache.spark.hooks.spark_submit.SparkSubmitHook"}
{"timestamp":"2025-08-24T03:33:12.616120","level":"info","event":"25/08/24 03:33:12 INFO StandaloneAppClient$ClientEndpoint: Executor updated: app-20250824033312-0002/0 is now RUNNING","logger":"airflow.task.hooks.airflow.providers.apache.spark.hooks.spark_submit.SparkSubmitHook"}
{"timestamp":"2025-08-24T03:33:12.716001","level":"info","event":"25/08/24 03:33:12 INFO StandaloneSchedulerBackend: SchedulerBackend is ready for scheduling beginning after reached minRegisteredResourcesRatio: 0.0","logger":"airflow.task.hooks.airflow.providers.apache.spark.hooks.spark_submit.SparkSubmitHook"}
{"timestamp":"2025-08-24T03:33:12.856226","level":"info","event":"25/08/24 03:33:12 INFO SharedState: Setting hive.metastore.warehouse.dir ('null') to the value of spark.sql.warehouse.dir.","logger":"airflow.task.hooks.airflow.providers.apache.spark.hooks.spark_submit.SparkSubmitHook"}
{"timestamp":"2025-08-24T03:33:12.862851","level":"info","event":"25/08/24 03:33:12 INFO SharedState: Warehouse path is 'file:/opt/airflow/spark-warehouse'.","logger":"airflow.task.hooks.airflow.providers.apache.spark.hooks.spark_submit.SparkSubmitHook"}
{"timestamp":"2025-08-24T03:33:13.585704","level":"info","event":"25/08/24 03:33:13 INFO InMemoryFileIndex: It took 63 ms to list leaf files for 1 paths.","logger":"airflow.task.hooks.airflow.providers.apache.spark.hooks.spark_submit.SparkSubmitHook"}
{"timestamp":"2025-08-24T03:33:13.633966","level":"info","event":"25/08/24 03:33:13 INFO InMemoryFileIndex: It took 14 ms to list leaf files for 6 paths.","logger":"airflow.task.hooks.airflow.providers.apache.spark.hooks.spark_submit.SparkSubmitHook"}
{"timestamp":"2025-08-24T03:33:13.942778","level":"info","event":"25/08/24 03:33:13 INFO StandaloneSchedulerBackend$StandaloneDriverEndpoint: Registered executor NettyRpcEndpointRef(spark-client://Executor) (172.18.0.12:54446) with ID 0,  ResourceProfileId 0","logger":"airflow.task.hooks.airflow.providers.apache.spark.hooks.spark_submit.SparkSubmitHook"}
{"timestamp":"2025-08-24T03:33:14.006440","level":"info","event":"25/08/24 03:33:14 INFO BlockManagerMasterEndpoint: Registering block manager 172.18.0.12:33873 with 434.4 MiB RAM, BlockManagerId(0, 172.18.0.12, 33873, None)","logger":"airflow.task.hooks.airflow.providers.apache.spark.hooks.spark_submit.SparkSubmitHook"}
{"timestamp":"2025-08-24T03:33:14.741544","level":"info","event":"25/08/24 03:33:14 INFO FileSourceStrategy: Pushed Filters:","logger":"airflow.task.hooks.airflow.providers.apache.spark.hooks.spark_submit.SparkSubmitHook"}
{"timestamp":"2025-08-24T03:33:14.742926","level":"info","event":"25/08/24 03:33:14 INFO FileSourceStrategy: Post-Scan Filters: (length(trim(value#0, None)) > 0)","logger":"airflow.task.hooks.airflow.providers.apache.spark.hooks.spark_submit.SparkSubmitHook"}
{"timestamp":"2025-08-24T03:33:15.018302","level":"info","event":"25/08/24 03:33:15 INFO CodeGenerator: Code generated in 104.403112 ms","logger":"airflow.task.hooks.airflow.providers.apache.spark.hooks.spark_submit.SparkSubmitHook"}
{"timestamp":"2025-08-24T03:33:15.043678","level":"info","event":"25/08/24 03:33:15 INFO MemoryStore: Block broadcast_0 stored as values in memory (estimated size 199.4 KiB, free 434.2 MiB)","logger":"airflow.task.hooks.airflow.providers.apache.spark.hooks.spark_submit.SparkSubmitHook"}
{"timestamp":"2025-08-24T03:33:15.072652","level":"info","event":"25/08/24 03:33:15 INFO MemoryStore: Block broadcast_0_piece0 stored as bytes in memory (estimated size 34.2 KiB, free 434.2 MiB)","logger":"airflow.task.hooks.airflow.providers.apache.spark.hooks.spark_submit.SparkSubmitHook"}
{"timestamp":"2025-08-24T03:33:15.074487","level":"info","event":"25/08/24 03:33:15 INFO BlockManagerInfo: Added broadcast_0_piece0 in memory on dadd5717f5f8:36073 (size: 34.2 KiB, free: 434.4 MiB)","logger":"airflow.task.hooks.airflow.providers.apache.spark.hooks.spark_submit.SparkSubmitHook"}
{"timestamp":"2025-08-24T03:33:15.076952","level":"info","event":"25/08/24 03:33:15 INFO SparkContext: Created broadcast 0 from csv at NativeMethodAccessorImpl.java:0","logger":"airflow.task.hooks.airflow.providers.apache.spark.hooks.spark_submit.SparkSubmitHook"}
{"timestamp":"2025-08-24T03:33:15.083881","level":"info","event":"25/08/24 03:33:15 INFO FileSourceScanExec: Planning scan with bin packing, max size: 4194304 bytes, open cost is considered as scanning 4194304 bytes.","logger":"airflow.task.hooks.airflow.providers.apache.spark.hooks.spark_submit.SparkSubmitHook"}
{"timestamp":"2025-08-24T03:33:15.143747","level":"info","event":"25/08/24 03:33:15 INFO SparkContext: Starting job: csv at NativeMethodAccessorImpl.java:0","logger":"airflow.task.hooks.airflow.providers.apache.spark.hooks.spark_submit.SparkSubmitHook"}
{"timestamp":"2025-08-24T03:33:15.152880","level":"info","event":"25/08/24 03:33:15 INFO DAGScheduler: Got job 0 (csv at NativeMethodAccessorImpl.java:0) with 1 output partitions","logger":"airflow.task.hooks.airflow.providers.apache.spark.hooks.spark_submit.SparkSubmitHook"}
{"timestamp":"2025-08-24T03:33:15.153081","level":"info","event":"25/08/24 03:33:15 INFO DAGScheduler: Final stage: ResultStage 0 (csv at NativeMethodAccessorImpl.java:0)","logger":"airflow.task.hooks.airflow.providers.apache.spark.hooks.spark_submit.SparkSubmitHook"}
{"timestamp":"2025-08-24T03:33:15.153291","level":"info","event":"25/08/24 03:33:15 INFO DAGScheduler: Parents of final stage: List()","logger":"airflow.task.hooks.airflow.providers.apache.spark.hooks.spark_submit.SparkSubmitHook"}
{"timestamp":"2025-08-24T03:33:15.153990","level":"info","event":"25/08/24 03:33:15 INFO DAGScheduler: Missing parents: List()","logger":"airflow.task.hooks.airflow.providers.apache.spark.hooks.spark_submit.SparkSubmitHook"}
{"timestamp":"2025-08-24T03:33:15.156216","level":"info","event":"25/08/24 03:33:15 INFO DAGScheduler: Submitting ResultStage 0 (MapPartitionsRDD[3] at csv at NativeMethodAccessorImpl.java:0), which has no missing parents","logger":"airflow.task.hooks.airflow.providers.apache.spark.hooks.spark_submit.SparkSubmitHook"}
{"timestamp":"2025-08-24T03:33:15.197528","level":"info","event":"25/08/24 03:33:15 INFO MemoryStore: Block broadcast_1 stored as values in memory (estimated size 13.5 KiB, free 434.2 MiB)","logger":"airflow.task.hooks.airflow.providers.apache.spark.hooks.spark_submit.SparkSubmitHook"}
{"timestamp":"2025-08-24T03:33:15.198946","level":"info","event":"25/08/24 03:33:15 INFO MemoryStore: Block broadcast_1_piece0 stored as bytes in memory (estimated size 6.4 KiB, free 434.2 MiB)","logger":"airflow.task.hooks.airflow.providers.apache.spark.hooks.spark_submit.SparkSubmitHook"}
{"timestamp":"2025-08-24T03:33:15.199440","level":"info","event":"25/08/24 03:33:15 INFO BlockManagerInfo: Added broadcast_1_piece0 in memory on dadd5717f5f8:36073 (size: 6.4 KiB, free: 434.4 MiB)","logger":"airflow.task.hooks.airflow.providers.apache.spark.hooks.spark_submit.SparkSubmitHook"}
{"timestamp":"2025-08-24T03:33:15.199825","level":"info","event":"25/08/24 03:33:15 INFO SparkContext: Created broadcast 1 from broadcast at DAGScheduler.scala:1585","logger":"airflow.task.hooks.airflow.providers.apache.spark.hooks.spark_submit.SparkSubmitHook"}
{"timestamp":"2025-08-24T03:33:15.210482","level":"info","event":"25/08/24 03:33:15 INFO DAGScheduler: Submitting 1 missing tasks from ResultStage 0 (MapPartitionsRDD[3] at csv at NativeMethodAccessorImpl.java:0) (first 15 tasks are for partitions Vector(0))","logger":"airflow.task.hooks.airflow.providers.apache.spark.hooks.spark_submit.SparkSubmitHook"}
{"timestamp":"2025-08-24T03:33:15.211063","level":"info","event":"25/08/24 03:33:15 INFO TaskSchedulerImpl: Adding task set 0.0 with 1 tasks resource profile 0","logger":"airflow.task.hooks.airflow.providers.apache.spark.hooks.spark_submit.SparkSubmitHook"}
{"timestamp":"2025-08-24T03:33:15.227268","level":"info","event":"25/08/24 03:33:15 INFO TaskSetManager: Starting task 0.0 in stage 0.0 (TID 0) (172.18.0.12, executor 0, partition 0, ANY, 9638 bytes)","logger":"airflow.task.hooks.airflow.providers.apache.spark.hooks.spark_submit.SparkSubmitHook"}
{"timestamp":"2025-08-24T03:33:15.366147","level":"info","event":"25/08/24 03:33:15 INFO BlockManagerInfo: Added broadcast_1_piece0 in memory on 172.18.0.12:33873 (size: 6.4 KiB, free: 434.4 MiB)","logger":"airflow.task.hooks.airflow.providers.apache.spark.hooks.spark_submit.SparkSubmitHook"}
{"timestamp":"2025-08-24T03:33:15.761994","level":"info","event":"25/08/24 03:33:15 INFO BlockManagerInfo: Added broadcast_0_piece0 in memory on 172.18.0.12:33873 (size: 34.2 KiB, free: 434.4 MiB)","logger":"airflow.task.hooks.airflow.providers.apache.spark.hooks.spark_submit.SparkSubmitHook"}
{"timestamp":"2025-08-24T03:33:16.182316","level":"info","event":"25/08/24 03:33:16 INFO TaskSetManager: Finished task 0.0 in stage 0.0 (TID 0) in 961 ms on 172.18.0.12 (executor 0) (1/1)","logger":"airflow.task.hooks.airflow.providers.apache.spark.hooks.spark_submit.SparkSubmitHook"}
{"timestamp":"2025-08-24T03:33:16.183951","level":"info","event":"25/08/24 03:33:16 INFO TaskSchedulerImpl: Removed TaskSet 0.0, whose tasks have all completed, from pool","logger":"airflow.task.hooks.airflow.providers.apache.spark.hooks.spark_submit.SparkSubmitHook"}
{"timestamp":"2025-08-24T03:33:16.188300","level":"info","event":"25/08/24 03:33:16 INFO DAGScheduler: ResultStage 0 (csv at NativeMethodAccessorImpl.java:0) finished in 1.023 s","logger":"airflow.task.hooks.airflow.providers.apache.spark.hooks.spark_submit.SparkSubmitHook"}
{"timestamp":"2025-08-24T03:33:16.189742","level":"info","event":"25/08/24 03:33:16 INFO DAGScheduler: Job 0 is finished. Cancelling potential speculative or zombie tasks for this job","logger":"airflow.task.hooks.airflow.providers.apache.spark.hooks.spark_submit.SparkSubmitHook"}
{"timestamp":"2025-08-24T03:33:16.189912","level":"info","event":"25/08/24 03:33:16 INFO TaskSchedulerImpl: Killing all running tasks in stage 0: Stage finished","logger":"airflow.task.hooks.airflow.providers.apache.spark.hooks.spark_submit.SparkSubmitHook"}
{"timestamp":"2025-08-24T03:33:16.191598","level":"info","event":"25/08/24 03:33:16 INFO DAGScheduler: Job 0 finished: csv at NativeMethodAccessorImpl.java:0, took 1.047302 s","logger":"airflow.task.hooks.airflow.providers.apache.spark.hooks.spark_submit.SparkSubmitHook"}
{"timestamp":"2025-08-24T03:33:16.206295","level":"info","event":"25/08/24 03:33:16 INFO CodeGenerator: Code generated in 8.040695 ms","logger":"airflow.task.hooks.airflow.providers.apache.spark.hooks.spark_submit.SparkSubmitHook"}
{"timestamp":"2025-08-24T03:33:16.233263","level":"info","event":"25/08/24 03:33:16 INFO FileSourceStrategy: Pushed Filters:","logger":"airflow.task.hooks.airflow.providers.apache.spark.hooks.spark_submit.SparkSubmitHook"}
{"timestamp":"2025-08-24T03:33:16.233445","level":"info","event":"25/08/24 03:33:16 INFO FileSourceStrategy: Post-Scan Filters:","logger":"airflow.task.hooks.airflow.providers.apache.spark.hooks.spark_submit.SparkSubmitHook"}
{"timestamp":"2025-08-24T03:33:16.237641","level":"info","event":"25/08/24 03:33:16 INFO MemoryStore: Block broadcast_2 stored as values in memory (estimated size 199.4 KiB, free 434.0 MiB)","logger":"airflow.task.hooks.airflow.providers.apache.spark.hooks.spark_submit.SparkSubmitHook"}
{"timestamp":"2025-08-24T03:33:16.245130","level":"info","event":"25/08/24 03:33:16 INFO MemoryStore: Block broadcast_2_piece0 stored as bytes in memory (estimated size 34.2 KiB, free 433.9 MiB)","logger":"airflow.task.hooks.airflow.providers.apache.spark.hooks.spark_submit.SparkSubmitHook"}
{"timestamp":"2025-08-24T03:33:16.245862","level":"info","event":"25/08/24 03:33:16 INFO BlockManagerInfo: Added broadcast_2_piece0 in memory on dadd5717f5f8:36073 (size: 34.2 KiB, free: 434.3 MiB)","logger":"airflow.task.hooks.airflow.providers.apache.spark.hooks.spark_submit.SparkSubmitHook"}
{"timestamp":"2025-08-24T03:33:16.246507","level":"info","event":"25/08/24 03:33:16 INFO SparkContext: Created broadcast 2 from csv at NativeMethodAccessorImpl.java:0","logger":"airflow.task.hooks.airflow.providers.apache.spark.hooks.spark_submit.SparkSubmitHook"}
{"timestamp":"2025-08-24T03:33:16.247709","level":"info","event":"25/08/24 03:33:16 INFO FileSourceScanExec: Planning scan with bin packing, max size: 4194304 bytes, open cost is considered as scanning 4194304 bytes.","logger":"airflow.task.hooks.airflow.providers.apache.spark.hooks.spark_submit.SparkSubmitHook"}
{"timestamp":"2025-08-24T03:33:16.333038","level":"info","event":"25/08/24 03:33:16 INFO FileSourceStrategy: Pushed Filters:","logger":"airflow.task.hooks.airflow.providers.apache.spark.hooks.spark_submit.SparkSubmitHook"}
{"timestamp":"2025-08-24T03:33:16.333148","level":"info","event":"25/08/24 03:33:16 INFO FileSourceStrategy: Post-Scan Filters:","logger":"airflow.task.hooks.airflow.providers.apache.spark.hooks.spark_submit.SparkSubmitHook"}
{"timestamp":"2025-08-24T03:33:16.392021","level":"info","event":"25/08/24 03:33:16 INFO CodeGenerator: Code generated in 22.841863 ms","logger":"airflow.task.hooks.airflow.providers.apache.spark.hooks.spark_submit.SparkSubmitHook"}
{"timestamp":"2025-08-24T03:33:16.394944","level":"info","event":"25/08/24 03:33:16 INFO MemoryStore: Block broadcast_3 stored as values in memory (estimated size 199.4 KiB, free 433.7 MiB)","logger":"airflow.task.hooks.airflow.providers.apache.spark.hooks.spark_submit.SparkSubmitHook"}
{"timestamp":"2025-08-24T03:33:16.401017","level":"info","event":"25/08/24 03:33:16 INFO MemoryStore: Block broadcast_3_piece0 stored as bytes in memory (estimated size 34.2 KiB, free 433.7 MiB)","logger":"airflow.task.hooks.airflow.providers.apache.spark.hooks.spark_submit.SparkSubmitHook"}
{"timestamp":"2025-08-24T03:33:16.401410","level":"info","event":"25/08/24 03:33:16 INFO BlockManagerInfo: Added broadcast_3_piece0 in memory on dadd5717f5f8:36073 (size: 34.2 KiB, free: 434.3 MiB)","logger":"airflow.task.hooks.airflow.providers.apache.spark.hooks.spark_submit.SparkSubmitHook"}
{"timestamp":"2025-08-24T03:33:16.402007","level":"info","event":"25/08/24 03:33:16 INFO SparkContext: Created broadcast 3 from showString at NativeMethodAccessorImpl.java:0","logger":"airflow.task.hooks.airflow.providers.apache.spark.hooks.spark_submit.SparkSubmitHook"}
{"timestamp":"2025-08-24T03:33:16.406149","level":"info","event":"25/08/24 03:33:16 INFO FileSourceScanExec: Planning scan with bin packing, max size: 4194304 bytes, open cost is considered as scanning 4194304 bytes.","logger":"airflow.task.hooks.airflow.providers.apache.spark.hooks.spark_submit.SparkSubmitHook"}
{"timestamp":"2025-08-24T03:33:16.417412","level":"info","event":"25/08/24 03:33:16 INFO SparkContext: Starting job: showString at NativeMethodAccessorImpl.java:0","logger":"airflow.task.hooks.airflow.providers.apache.spark.hooks.spark_submit.SparkSubmitHook"}
{"timestamp":"2025-08-24T03:33:16.418156","level":"info","event":"25/08/24 03:33:16 INFO DAGScheduler: Got job 1 (showString at NativeMethodAccessorImpl.java:0) with 1 output partitions","logger":"airflow.task.hooks.airflow.providers.apache.spark.hooks.spark_submit.SparkSubmitHook"}
{"timestamp":"2025-08-24T03:33:16.418217","level":"info","event":"25/08/24 03:33:16 INFO DAGScheduler: Final stage: ResultStage 1 (showString at NativeMethodAccessorImpl.java:0)","logger":"airflow.task.hooks.airflow.providers.apache.spark.hooks.spark_submit.SparkSubmitHook"}
{"timestamp":"2025-08-24T03:33:16.418251","level":"info","event":"25/08/24 03:33:16 INFO DAGScheduler: Parents of final stage: List()","logger":"airflow.task.hooks.airflow.providers.apache.spark.hooks.spark_submit.SparkSubmitHook"}
{"timestamp":"2025-08-24T03:33:16.418775","level":"info","event":"25/08/24 03:33:16 INFO DAGScheduler: Missing parents: List()","logger":"airflow.task.hooks.airflow.providers.apache.spark.hooks.spark_submit.SparkSubmitHook"}
{"timestamp":"2025-08-24T03:33:16.419077","level":"info","event":"25/08/24 03:33:16 INFO DAGScheduler: Submitting ResultStage 1 (MapPartitionsRDD[13] at showString at NativeMethodAccessorImpl.java:0), which has no missing parents","logger":"airflow.task.hooks.airflow.providers.apache.spark.hooks.spark_submit.SparkSubmitHook"}
{"timestamp":"2025-08-24T03:33:16.422435","level":"info","event":"25/08/24 03:33:16 INFO MemoryStore: Block broadcast_4 stored as values in memory (estimated size 23.6 KiB, free 433.7 MiB)","logger":"airflow.task.hooks.airflow.providers.apache.spark.hooks.spark_submit.SparkSubmitHook"}
{"timestamp":"2025-08-24T03:33:16.423915","level":"info","event":"25/08/24 03:33:16 INFO MemoryStore: Block broadcast_4_piece0 stored as bytes in memory (estimated size 9.1 KiB, free 433.7 MiB)","logger":"airflow.task.hooks.airflow.providers.apache.spark.hooks.spark_submit.SparkSubmitHook"}
{"timestamp":"2025-08-24T03:33:16.424623","level":"info","event":"25/08/24 03:33:16 INFO BlockManagerInfo: Added broadcast_4_piece0 in memory on dadd5717f5f8:36073 (size: 9.1 KiB, free: 434.3 MiB)","logger":"airflow.task.hooks.airflow.providers.apache.spark.hooks.spark_submit.SparkSubmitHook"}
{"timestamp":"2025-08-24T03:33:16.424989","level":"info","event":"25/08/24 03:33:16 INFO SparkContext: Created broadcast 4 from broadcast at DAGScheduler.scala:1585","logger":"airflow.task.hooks.airflow.providers.apache.spark.hooks.spark_submit.SparkSubmitHook"}
{"timestamp":"2025-08-24T03:33:16.425612","level":"info","event":"25/08/24 03:33:16 INFO DAGScheduler: Submitting 1 missing tasks from ResultStage 1 (MapPartitionsRDD[13] at showString at NativeMethodAccessorImpl.java:0) (first 15 tasks are for partitions Vector(0))","logger":"airflow.task.hooks.airflow.providers.apache.spark.hooks.spark_submit.SparkSubmitHook"}
{"timestamp":"2025-08-24T03:33:16.425777","level":"info","event":"25/08/24 03:33:16 INFO TaskSchedulerImpl: Adding task set 1.0 with 1 tasks resource profile 0","logger":"airflow.task.hooks.airflow.providers.apache.spark.hooks.spark_submit.SparkSubmitHook"}
{"timestamp":"2025-08-24T03:33:16.426881","level":"info","event":"25/08/24 03:33:16 INFO TaskSetManager: Starting task 0.0 in stage 1.0 (TID 1) (172.18.0.12, executor 0, partition 0, ANY, 9638 bytes)","logger":"airflow.task.hooks.airflow.providers.apache.spark.hooks.spark_submit.SparkSubmitHook"}
{"timestamp":"2025-08-24T03:33:16.443440","level":"info","event":"25/08/24 03:33:16 INFO BlockManagerInfo: Added broadcast_4_piece0 in memory on 172.18.0.12:33873 (size: 9.1 KiB, free: 434.4 MiB)","logger":"airflow.task.hooks.airflow.providers.apache.spark.hooks.spark_submit.SparkSubmitHook"}
{"timestamp":"2025-08-24T03:33:16.517473","level":"info","event":"25/08/24 03:33:16 INFO BlockManagerInfo: Added broadcast_3_piece0 in memory on 172.18.0.12:33873 (size: 34.2 KiB, free: 434.3 MiB)","logger":"airflow.task.hooks.airflow.providers.apache.spark.hooks.spark_submit.SparkSubmitHook"}
{"timestamp":"2025-08-24T03:33:16.754957","level":"info","event":"25/08/24 03:33:16 INFO TaskSetManager: Finished task 0.0 in stage 1.0 (TID 1) in 328 ms on 172.18.0.12 (executor 0) (1/1)","logger":"airflow.task.hooks.airflow.providers.apache.spark.hooks.spark_submit.SparkSubmitHook"}
{"timestamp":"2025-08-24T03:33:16.755084","level":"info","event":"25/08/24 03:33:16 INFO TaskSchedulerImpl: Removed TaskSet 1.0, whose tasks have all completed, from pool","logger":"airflow.task.hooks.airflow.providers.apache.spark.hooks.spark_submit.SparkSubmitHook"}
{"timestamp":"2025-08-24T03:33:16.755847","level":"info","event":"25/08/24 03:33:16 INFO DAGScheduler: ResultStage 1 (showString at NativeMethodAccessorImpl.java:0) finished in 0.336 s","logger":"airflow.task.hooks.airflow.providers.apache.spark.hooks.spark_submit.SparkSubmitHook"}
{"timestamp":"2025-08-24T03:33:16.755981","level":"info","event":"25/08/24 03:33:16 INFO DAGScheduler: Job 1 is finished. Cancelling potential speculative or zombie tasks for this job","logger":"airflow.task.hooks.airflow.providers.apache.spark.hooks.spark_submit.SparkSubmitHook"}
{"timestamp":"2025-08-24T03:33:16.756039","level":"info","event":"25/08/24 03:33:16 INFO TaskSchedulerImpl: Killing all running tasks in stage 1: Stage finished","logger":"airflow.task.hooks.airflow.providers.apache.spark.hooks.spark_submit.SparkSubmitHook"}
{"timestamp":"2025-08-24T03:33:16.756300","level":"info","event":"25/08/24 03:33:16 INFO DAGScheduler: Job 1 finished: showString at NativeMethodAccessorImpl.java:0, took 0.338751 s","logger":"airflow.task.hooks.airflow.providers.apache.spark.hooks.spark_submit.SparkSubmitHook"}
{"timestamp":"2025-08-24T03:33:16.783110","level":"info","event":"25/08/24 03:33:16 INFO CodeGenerator: Code generated in 18.930376 ms","logger":"airflow.task.hooks.airflow.providers.apache.spark.hooks.spark_submit.SparkSubmitHook"}
{"timestamp":"2025-08-24T03:33:16.792609","level":"info","event":"+--------------------+--------------------+--------------------+--------------------+--------------------+------------------+------+-------+--------------+--------------------+-------+--------------------+--------+--------------------+-----------+------------+------------+------------+--------------------+","logger":"airflow.task.hooks.airflow.providers.apache.spark.hooks.spark_submit.SparkSubmitHook"}
{"timestamp":"2025-08-24T03:33:16.792710","level":"info","event":"|                  id|                 url|               media|               score|               title|            author|edited|is_self|       over_18|             preview|spoiler|            selftext|stickied|           permalink|  subreddit| created_utc|num_comments|upvote_ratio|     link_flair_text|","logger":"airflow.task.hooks.airflow.providers.apache.spark.hooks.spark_submit.SparkSubmitHook"}
{"timestamp":"2025-08-24T03:33:16.792744","level":"info","event":"+--------------------+--------------------+--------------------+--------------------+--------------------+------------------+------+-------+--------------+--------------------+-------+--------------------+--------+--------------------+-----------+------------+------------+------------+--------------------+","logger":"airflow.task.hooks.airflow.providers.apache.spark.hooks.spark_submit.SparkSubmitHook"}
{"timestamp":"2025-08-24T03:33:16.792769","level":"info","event":"|             1my9da0|https://www.reddi...|                NULL|                   1|Performance On Lo...|     NoN-Stop-Dank| False|   True|         False|                NULL|  False|\"I saw on a Moxsy...|    NULL|                NULL|       NULL|        NULL|        NULL|        NULL|                NULL|","logger":"airflow.task.hooks.airflow.providers.apache.spark.hooks.spark_submit.SparkSubmitHook"}
{"timestamp":"2025-08-24T03:33:16.792793","level":"info","event":"|I have a 2070 Sup...| but DICE probabl...|               False|/r/Borderlands4/c...|        Borderlands4|      1755974370.0|     1|    1.0|❔ [ Question ]|                NULL|   NULL|                NULL|    NULL|                NULL|       NULL|        NULL|        NULL|        NULL|                NULL|","logger":"airflow.task.hooks.airflow.providers.apache.spark.hooks.spark_submit.SparkSubmitHook"}
{"timestamp":"2025-08-24T03:33:16.792818","level":"info","event":"|             1my99bb|https://i.redd.it...|                NULL|                   1|Just warming up f...|SoggyBlueberry9440| False|  False|         False|{'images': [{'id'...|  False|37-8, decent scor...|   False|/r/Battlefield/co...|Battlefield|1755974112.0|           1|        0.99|       Battlefield 6|","logger":"airflow.task.hooks.airflow.providers.apache.spark.hooks.spark_submit.SparkSubmitHook"}
{"timestamp":"2025-08-24T03:33:16.792839","level":"info","event":"|             1my8yul|https://v.redd.it...|{'reddit_video': ...|                   0|[BF6] Sniping is ...|         exquicity| False|  False|         False|{'images': [{'id'...|  False|Who else excited ...|   False|/r/Battlefield/co...|Battlefield|1755973420.0|           1|         0.5|🪖Only In Battlef...|","logger":"airflow.task.hooks.airflow.providers.apache.spark.hooks.spark_submit.SparkSubmitHook"}
{"timestamp":"2025-08-24T03:33:16.792861","level":"info","event":"|             1my8xdn|https://www.reddi...|                NULL|                   2|My buddy and I ar...|      paper_plains| False|   True|         False|                NULL|  False|As the title stat...|   False|/r/Battlefield/co...|Battlefield|1755973327.0|           2|         1.0|    Battlefield 2042|","logger":"airflow.task.hooks.airflow.providers.apache.spark.hooks.spark_submit.SparkSubmitHook"}
{"timestamp":"2025-08-24T03:33:16.792881","level":"info","event":"|             1my8n0i|https://i.redd.it...|                NULL|                   3|On a serious note...|  Temporary-Ad8735| False|  False|         False|{'images': [{'id'...|  False|                NULL|   False|/r/Battlefield/co...|Battlefield|1755972652.0|          61|        0.59|       Battlefield 6|","logger":"airflow.task.hooks.airflow.providers.apache.spark.hooks.spark_submit.SparkSubmitHook"}
{"timestamp":"2025-08-24T03:33:16.792901","level":"info","event":"|             1my8kp6|https://www.reddi...|                NULL|                   1|Console players, ...|        Playwithuh| False|   True|         False|                NULL|  False|I have been playi...|    NULL|                NULL|       NULL|        NULL|        NULL|        NULL|                NULL|","logger":"airflow.task.hooks.airflow.providers.apache.spark.hooks.spark_submit.SparkSubmitHook"}
{"timestamp":"2025-08-24T03:33:16.792920","level":"info","event":"|I have been absol...| got rolled a ton...| operations I had...|                NULL|                NULL|              NULL|  NULL|   NULL|          NULL|                NULL|   NULL|                NULL|    NULL|                NULL|       NULL|        NULL|        NULL|        NULL|                NULL|","logger":"airflow.task.hooks.airflow.providers.apache.spark.hooks.spark_submit.SparkSubmitHook"}
{"timestamp":"2025-08-24T03:33:16.792938","level":"info","event":"|     After some time| I got the hang o...|       playing recon|      flanking enemy| setting up strat...|              NULL|  NULL|   NULL|          NULL|                NULL|   NULL|                NULL|    NULL|                NULL|       NULL|        NULL|        NULL|        NULL|                NULL|","logger":"airflow.task.hooks.airflow.providers.apache.spark.hooks.spark_submit.SparkSubmitHook"}
{"timestamp":"2025-08-24T03:33:16.792958","level":"info","event":"|         Safe to say| I'll continue pl...| glad it came to ...| most have that m...| other than strai...|              NULL|  NULL|   NULL|          NULL|                NULL|   NULL|                NULL|    NULL|                NULL|       NULL|        NULL|        NULL|        NULL|                NULL|","logger":"airflow.task.hooks.airflow.providers.apache.spark.hooks.spark_submit.SparkSubmitHook"}
{"timestamp":"2025-08-24T03:33:16.792984","level":"info","event":"+--------------------+--------------------+--------------------+--------------------+--------------------+------------------+------+-------+--------------+--------------------+-------+--------------------+--------+--------------------+-----------+------------+------------+------------+--------------------+","logger":"airflow.task.hooks.airflow.providers.apache.spark.hooks.spark_submit.SparkSubmitHook"}
{"timestamp":"2025-08-24T03:33:16.793004","level":"info","event":"only showing top 10 rows","logger":"airflow.task.hooks.airflow.providers.apache.spark.hooks.spark_submit.SparkSubmitHook"}
{"timestamp":"2025-08-24T03:33:16.793027","level":"info","event":"","logger":"airflow.task.hooks.airflow.providers.apache.spark.hooks.spark_submit.SparkSubmitHook"}
{"timestamp":"2025-08-24T03:33:16.793048","level":"info","event":"25/08/24 03:33:16 INFO SparkContext: SparkContext is stopping with exitCode 0.","logger":"airflow.task.hooks.airflow.providers.apache.spark.hooks.spark_submit.SparkSubmitHook"}
{"timestamp":"2025-08-24T03:33:16.800513","level":"info","event":"25/08/24 03:33:16 INFO SparkUI: Stopped Spark web UI at http://dadd5717f5f8:4040","logger":"airflow.task.hooks.airflow.providers.apache.spark.hooks.spark_submit.SparkSubmitHook"}
{"timestamp":"2025-08-24T03:33:16.802808","level":"info","event":"25/08/24 03:33:16 INFO StandaloneSchedulerBackend: Shutting down all executors","logger":"airflow.task.hooks.airflow.providers.apache.spark.hooks.spark_submit.SparkSubmitHook"}
{"timestamp":"2025-08-24T03:33:16.803120","level":"info","event":"25/08/24 03:33:16 INFO StandaloneSchedulerBackend$StandaloneDriverEndpoint: Asking each executor to shut down","logger":"airflow.task.hooks.airflow.providers.apache.spark.hooks.spark_submit.SparkSubmitHook"}
{"timestamp":"2025-08-24T03:33:16.813438","level":"info","event":"25/08/24 03:33:16 INFO MapOutputTrackerMasterEndpoint: MapOutputTrackerMasterEndpoint stopped!","logger":"airflow.task.hooks.airflow.providers.apache.spark.hooks.spark_submit.SparkSubmitHook"}
{"timestamp":"2025-08-24T03:33:16.824412","level":"info","event":"25/08/24 03:33:16 INFO MemoryStore: MemoryStore cleared","logger":"airflow.task.hooks.airflow.providers.apache.spark.hooks.spark_submit.SparkSubmitHook"}
{"timestamp":"2025-08-24T03:33:16.824537","level":"info","event":"25/08/24 03:33:16 INFO BlockManager: BlockManager stopped","logger":"airflow.task.hooks.airflow.providers.apache.spark.hooks.spark_submit.SparkSubmitHook"}
{"timestamp":"2025-08-24T03:33:16.828446","level":"info","event":"25/08/24 03:33:16 INFO BlockManagerMaster: BlockManagerMaster stopped","logger":"airflow.task.hooks.airflow.providers.apache.spark.hooks.spark_submit.SparkSubmitHook"}
{"timestamp":"2025-08-24T03:33:16.829703","level":"info","event":"25/08/24 03:33:16 INFO OutputCommitCoordinator$OutputCommitCoordinatorEndpoint: OutputCommitCoordinator stopped!","logger":"airflow.task.hooks.airflow.providers.apache.spark.hooks.spark_submit.SparkSubmitHook"}
{"timestamp":"2025-08-24T03:33:16.837384","level":"info","event":"25/08/24 03:33:16 INFO SparkContext: Successfully stopped SparkContext","logger":"airflow.task.hooks.airflow.providers.apache.spark.hooks.spark_submit.SparkSubmitHook"}
{"timestamp":"2025-08-24T03:33:17.262106","level":"info","event":"25/08/24 03:33:17 INFO ShutdownHookManager: Shutdown hook called","logger":"airflow.task.hooks.airflow.providers.apache.spark.hooks.spark_submit.SparkSubmitHook"}
{"timestamp":"2025-08-24T03:33:17.262445","level":"info","event":"25/08/24 03:33:17 INFO ShutdownHookManager: Deleting directory /tmp/spark-c3629c28-a2f3-4b99-bd1c-ffbb39dd8391","logger":"airflow.task.hooks.airflow.providers.apache.spark.hooks.spark_submit.SparkSubmitHook"}
{"timestamp":"2025-08-24T03:33:17.265355","level":"info","event":"25/08/24 03:33:17 INFO ShutdownHookManager: Deleting directory /tmp/spark-7f179873-b5a8-45e7-ac99-626324378285/pyspark-22be6eb8-2eeb-4407-8d0d-2c1ff881880b","logger":"airflow.task.hooks.airflow.providers.apache.spark.hooks.spark_submit.SparkSubmitHook"}
{"timestamp":"2025-08-24T03:33:17.268322","level":"info","event":"25/08/24 03:33:17 INFO ShutdownHookManager: Deleting directory /tmp/spark-7f179873-b5a8-45e7-ac99-626324378285","logger":"airflow.task.hooks.airflow.providers.apache.spark.hooks.spark_submit.SparkSubmitHook"}
