[2025-08-08T02:26:30.918+0000] {local_task_job_runner.py:120} INFO - ::group::Pre task execution logs
[2025-08-08T02:26:30.941+0000] {taskinstance.py:2076} INFO - Dependencies all met for dep_context=non-requeueable deps ti=<TaskInstance: climate_data.create_folder scheduled__2023-04-10T00:00:00+00:00 [queued]>
[2025-08-08T02:26:30.951+0000] {taskinstance.py:2076} INFO - Dependencies all met for dep_context=requeueable deps ti=<TaskInstance: climate_data.create_folder scheduled__2023-04-10T00:00:00+00:00 [queued]>
[2025-08-08T02:26:30.952+0000] {taskinstance.py:2306} INFO - Starting attempt 1 of 1
[2025-08-08T02:26:31.002+0000] {taskinstance.py:2330} INFO - Executing <Task(BashOperator): create_folder> on 2023-04-10 00:00:00+00:00
[2025-08-08T02:26:31.009+0000] {standard_task_runner.py:63} INFO - Started process 357 to run task
[2025-08-08T02:26:31.014+0000] {standard_task_runner.py:90} INFO - Running: ['***', 'tasks', 'run', 'climate_data', 'create_folder', 'scheduled__2023-04-10T00:00:00+00:00', '--job-id', '62', '--raw', '--subdir', 'DAGS_FOLDER/climate_data.py', '--cfg-path', '/tmp/tmpxpmjfuy6']
[2025-08-08T02:26:31.017+0000] {standard_task_runner.py:91} INFO - Job 62: Subtask create_folder
[2025-08-08T02:26:31.031+0000] {logging_mixin.py:188} WARNING - /home/***/.local/lib/python3.9/site-packages/***/settings.py:195 DeprecationWarning: The sql_alchemy_conn option in [core] has been moved to the sql_alchemy_conn option in [database] - the old setting has been used, but please update your config.
[2025-08-08T02:26:31.075+0000] {task_command.py:426} INFO - Running <TaskInstance: climate_data.create_folder scheduled__2023-04-10T00:00:00+00:00 [running]> on host 3ceab82043f1
[2025-08-08T02:26:31.146+0000] {taskinstance.py:2648} INFO - Exporting env vars: AIRFLOW_CTX_DAG_OWNER='***' AIRFLOW_CTX_DAG_ID='climate_data' AIRFLOW_CTX_TASK_ID='create_folder' AIRFLOW_CTX_EXECUTION_DATE='2023-04-10T00:00:00+00:00' AIRFLOW_CTX_TRY_NUMBER='1' AIRFLOW_CTX_DAG_RUN_ID='scheduled__2023-04-10T00:00:00+00:00'
[2025-08-08T02:26:31.147+0000] {taskinstance.py:430} INFO - ::endgroup::
[2025-08-08T02:26:31.155+0000] {subprocess.py:63} INFO - Tmp dir root location: /tmp
[2025-08-08T02:26:31.155+0000] {subprocess.py:75} INFO - Running command: ['/usr/bin/bash', '-c', 'mkdir -p /home/***/host_documents/week2023-04-17"']
[2025-08-08T02:26:31.165+0000] {subprocess.py:86} INFO - Output:
[2025-08-08T02:26:31.166+0000] {subprocess.py:93} INFO - /usr/bin/bash: -c: line 1: unexpected EOF while looking for matching `"'
[2025-08-08T02:26:31.167+0000] {subprocess.py:97} INFO - Command exited with return code 2
[2025-08-08T02:26:31.167+0000] {taskinstance.py:441} INFO - ::group::Post task execution logs
[2025-08-08T02:26:31.177+0000] {taskinstance.py:2905} ERROR - Task failed with exception
Traceback (most recent call last):
  File "/home/airflow/.local/lib/python3.9/site-packages/airflow/models/taskinstance.py", line 465, in _execute_task
    result = _execute_callable(context=context, **execute_callable_kwargs)
  File "/home/airflow/.local/lib/python3.9/site-packages/airflow/models/taskinstance.py", line 432, in _execute_callable
    return execute_callable(context=context, **execute_callable_kwargs)
  File "/home/airflow/.local/lib/python3.9/site-packages/airflow/models/baseoperator.py", line 400, in wrapper
    return func(self, *args, **kwargs)
  File "/home/airflow/.local/lib/python3.9/site-packages/airflow/operators/bash.py", line 243, in execute
    raise AirflowException(
airflow.exceptions.AirflowException: Bash command failed. The command returned a non-zero exit code 2.
[2025-08-08T02:26:31.180+0000] {taskinstance.py:1206} INFO - Marking task as FAILED. dag_id=climate_data, task_id=create_folder, run_id=scheduled__2023-04-10T00:00:00+00:00, execution_date=20230410T000000, start_date=20250808T022630, end_date=20250808T022631
[2025-08-08T02:26:31.190+0000] {standard_task_runner.py:110} ERROR - Failed to execute job 62 for task create_folder (Bash command failed. The command returned a non-zero exit code 2.; 357)
[2025-08-08T02:26:31.227+0000] {local_task_job_runner.py:240} INFO - Task exited with return code 1
[2025-08-08T02:26:31.247+0000] {taskinstance.py:3498} INFO - 0 downstream tasks scheduled from follow-on schedule check
[2025-08-08T02:26:31.252+0000] {local_task_job_runner.py:222} INFO - ::endgroup::
[2025-08-08T02:34:45.914+0000] {local_task_job_runner.py:120} INFO - ::group::Pre task execution logs
[2025-08-08T02:34:45.931+0000] {taskinstance.py:2076} INFO - Dependencies all met for dep_context=non-requeueable deps ti=<TaskInstance: climate_data.create_folder scheduled__2023-04-10T00:00:00+00:00 [queued]>
[2025-08-08T02:34:45.937+0000] {taskinstance.py:2076} INFO - Dependencies all met for dep_context=requeueable deps ti=<TaskInstance: climate_data.create_folder scheduled__2023-04-10T00:00:00+00:00 [queued]>
[2025-08-08T02:34:45.938+0000] {taskinstance.py:2306} INFO - Starting attempt 1 of 1
[2025-08-08T02:34:45.946+0000] {taskinstance.py:2330} INFO - Executing <Task(BashOperator): create_folder> on 2023-04-10 00:00:00+00:00
[2025-08-08T02:34:45.949+0000] {standard_task_runner.py:63} INFO - Started process 377 to run task
[2025-08-08T02:34:45.951+0000] {standard_task_runner.py:90} INFO - Running: ['***', 'tasks', 'run', 'climate_data', 'create_folder', 'scheduled__2023-04-10T00:00:00+00:00', '--job-id', '217', '--raw', '--subdir', 'DAGS_FOLDER/climate_data.py', '--cfg-path', '/tmp/tmp05j4irn3']
[2025-08-08T02:34:45.953+0000] {standard_task_runner.py:91} INFO - Job 217: Subtask create_folder
[2025-08-08T02:34:45.964+0000] {logging_mixin.py:188} WARNING - /home/***/.local/lib/python3.9/site-packages/***/settings.py:195 DeprecationWarning: The sql_alchemy_conn option in [core] has been moved to the sql_alchemy_conn option in [database] - the old setting has been used, but please update your config.
[2025-08-08T02:34:45.997+0000] {task_command.py:426} INFO - Running <TaskInstance: climate_data.create_folder scheduled__2023-04-10T00:00:00+00:00 [running]> on host 1a6f5acf67f4
[2025-08-08T02:34:46.050+0000] {taskinstance.py:2648} INFO - Exporting env vars: AIRFLOW_CTX_DAG_OWNER='***' AIRFLOW_CTX_DAG_ID='climate_data' AIRFLOW_CTX_TASK_ID='create_folder' AIRFLOW_CTX_EXECUTION_DATE='2023-04-10T00:00:00+00:00' AIRFLOW_CTX_TRY_NUMBER='1' AIRFLOW_CTX_DAG_RUN_ID='scheduled__2023-04-10T00:00:00+00:00'
[2025-08-08T02:34:46.051+0000] {taskinstance.py:430} INFO - ::endgroup::
[2025-08-08T02:34:46.058+0000] {subprocess.py:63} INFO - Tmp dir root location: /tmp
[2025-08-08T02:34:46.058+0000] {subprocess.py:75} INFO - Running command: ['/usr/bin/bash', '-c', 'mkdir -p /home/***/host_documents/week2023-04-17"']
[2025-08-08T02:34:46.066+0000] {subprocess.py:86} INFO - Output:
[2025-08-08T02:34:46.067+0000] {subprocess.py:93} INFO - /usr/bin/bash: -c: line 1: unexpected EOF while looking for matching `"'
[2025-08-08T02:34:46.067+0000] {subprocess.py:97} INFO - Command exited with return code 2
[2025-08-08T02:34:46.068+0000] {taskinstance.py:441} INFO - ::group::Post task execution logs
[2025-08-08T02:34:46.076+0000] {taskinstance.py:2905} ERROR - Task failed with exception
Traceback (most recent call last):
  File "/home/airflow/.local/lib/python3.9/site-packages/airflow/models/taskinstance.py", line 465, in _execute_task
    result = _execute_callable(context=context, **execute_callable_kwargs)
  File "/home/airflow/.local/lib/python3.9/site-packages/airflow/models/taskinstance.py", line 432, in _execute_callable
    return execute_callable(context=context, **execute_callable_kwargs)
  File "/home/airflow/.local/lib/python3.9/site-packages/airflow/models/baseoperator.py", line 400, in wrapper
    return func(self, *args, **kwargs)
  File "/home/airflow/.local/lib/python3.9/site-packages/airflow/operators/bash.py", line 243, in execute
    raise AirflowException(
airflow.exceptions.AirflowException: Bash command failed. The command returned a non-zero exit code 2.
[2025-08-08T02:34:46.080+0000] {taskinstance.py:1206} INFO - Marking task as FAILED. dag_id=climate_data, task_id=create_folder, run_id=scheduled__2023-04-10T00:00:00+00:00, execution_date=20230410T000000, start_date=20250808T023445, end_date=20250808T023446
[2025-08-08T02:34:46.090+0000] {standard_task_runner.py:110} ERROR - Failed to execute job 217 for task create_folder (Bash command failed. The command returned a non-zero exit code 2.; 377)
[2025-08-08T02:34:46.124+0000] {local_task_job_runner.py:240} INFO - Task exited with return code 1
[2025-08-08T02:34:46.140+0000] {taskinstance.py:3498} INFO - 0 downstream tasks scheduled from follow-on schedule check
[2025-08-08T02:34:46.143+0000] {local_task_job_runner.py:222} INFO - ::endgroup::
[2025-08-08T02:39:23.708+0000] {local_task_job_runner.py:120} INFO - ::group::Pre task execution logs
[2025-08-08T02:39:23.728+0000] {taskinstance.py:2076} INFO - Dependencies all met for dep_context=non-requeueable deps ti=<TaskInstance: climate_data.create_folder scheduled__2023-04-10T00:00:00+00:00 [queued]>
[2025-08-08T02:39:23.735+0000] {taskinstance.py:2076} INFO - Dependencies all met for dep_context=requeueable deps ti=<TaskInstance: climate_data.create_folder scheduled__2023-04-10T00:00:00+00:00 [queued]>
[2025-08-08T02:39:23.736+0000] {taskinstance.py:2306} INFO - Starting attempt 1 of 1
[2025-08-08T02:39:23.746+0000] {taskinstance.py:2330} INFO - Executing <Task(BashOperator): create_folder> on 2023-04-10 00:00:00+00:00
[2025-08-08T02:39:23.749+0000] {standard_task_runner.py:63} INFO - Started process 1256 to run task
[2025-08-08T02:39:23.753+0000] {standard_task_runner.py:90} INFO - Running: ['***', 'tasks', 'run', 'climate_data', 'create_folder', 'scheduled__2023-04-10T00:00:00+00:00', '--job-id', '405', '--raw', '--subdir', 'DAGS_FOLDER/climate_data.py', '--cfg-path', '/tmp/tmprtyli83u']
[2025-08-08T02:39:23.755+0000] {standard_task_runner.py:91} INFO - Job 405: Subtask create_folder
[2025-08-08T02:39:23.767+0000] {logging_mixin.py:188} WARNING - /home/***/.local/lib/python3.9/site-packages/***/settings.py:195 DeprecationWarning: The sql_alchemy_conn option in [core] has been moved to the sql_alchemy_conn option in [database] - the old setting has been used, but please update your config.
[2025-08-08T02:39:23.805+0000] {task_command.py:426} INFO - Running <TaskInstance: climate_data.create_folder scheduled__2023-04-10T00:00:00+00:00 [running]> on host 1a6f5acf67f4
[2025-08-08T02:39:23.878+0000] {taskinstance.py:2648} INFO - Exporting env vars: AIRFLOW_CTX_DAG_OWNER='***' AIRFLOW_CTX_DAG_ID='climate_data' AIRFLOW_CTX_TASK_ID='create_folder' AIRFLOW_CTX_EXECUTION_DATE='2023-04-10T00:00:00+00:00' AIRFLOW_CTX_TRY_NUMBER='1' AIRFLOW_CTX_DAG_RUN_ID='scheduled__2023-04-10T00:00:00+00:00'
[2025-08-08T02:39:23.879+0000] {taskinstance.py:430} INFO - ::endgroup::
[2025-08-08T02:39:23.886+0000] {subprocess.py:63} INFO - Tmp dir root location: /tmp
[2025-08-08T02:39:23.887+0000] {subprocess.py:75} INFO - Running command: ['/usr/bin/bash', '-c', 'mkdir -p /home/***/host_documents/week2023-04-17']
[2025-08-08T02:39:23.896+0000] {subprocess.py:86} INFO - Output:
[2025-08-08T02:39:23.900+0000] {subprocess.py:97} INFO - Command exited with return code 0
[2025-08-08T02:39:23.901+0000] {taskinstance.py:441} INFO - ::group::Post task execution logs
[2025-08-08T02:39:23.920+0000] {taskinstance.py:1206} INFO - Marking task as SUCCESS. dag_id=climate_data, task_id=create_folder, run_id=scheduled__2023-04-10T00:00:00+00:00, execution_date=20230410T000000, start_date=20250808T023923, end_date=20250808T023923
[2025-08-08T02:39:23.965+0000] {local_task_job_runner.py:240} INFO - Task exited with return code 0
[2025-08-08T02:39:23.973+0000] {local_task_job_runner.py:222} INFO - ::endgroup::
[2025-08-08T02:42:21.513+0000] {local_task_job_runner.py:120} INFO - ::group::Pre task execution logs
[2025-08-08T02:42:21.531+0000] {taskinstance.py:2076} INFO - Dependencies all met for dep_context=non-requeueable deps ti=<TaskInstance: climate_data.create_folder scheduled__2023-04-10T00:00:00+00:00 [queued]>
[2025-08-08T02:42:21.539+0000] {taskinstance.py:2076} INFO - Dependencies all met for dep_context=requeueable deps ti=<TaskInstance: climate_data.create_folder scheduled__2023-04-10T00:00:00+00:00 [queued]>
[2025-08-08T02:42:21.539+0000] {taskinstance.py:2306} INFO - Starting attempt 1 of 1
[2025-08-08T02:42:21.551+0000] {taskinstance.py:2330} INFO - Executing <Task(BashOperator): create_folder> on 2023-04-10 00:00:00+00:00
[2025-08-08T02:42:21.555+0000] {standard_task_runner.py:63} INFO - Started process 2430 to run task
[2025-08-08T02:42:21.558+0000] {standard_task_runner.py:90} INFO - Running: ['***', 'tasks', 'run', 'climate_data', 'create_folder', 'scheduled__2023-04-10T00:00:00+00:00', '--job-id', '713', '--raw', '--subdir', 'DAGS_FOLDER/climate_data.py', '--cfg-path', '/tmp/tmp2wl0mj35']
[2025-08-08T02:42:21.561+0000] {standard_task_runner.py:91} INFO - Job 713: Subtask create_folder
[2025-08-08T02:42:21.574+0000] {logging_mixin.py:188} WARNING - /home/***/.local/lib/python3.9/site-packages/***/settings.py:195 DeprecationWarning: The sql_alchemy_conn option in [core] has been moved to the sql_alchemy_conn option in [database] - the old setting has been used, but please update your config.
[2025-08-08T02:42:21.615+0000] {task_command.py:426} INFO - Running <TaskInstance: climate_data.create_folder scheduled__2023-04-10T00:00:00+00:00 [running]> on host 1a6f5acf67f4
[2025-08-08T02:42:21.679+0000] {taskinstance.py:2648} INFO - Exporting env vars: AIRFLOW_CTX_DAG_OWNER='***' AIRFLOW_CTX_DAG_ID='climate_data' AIRFLOW_CTX_TASK_ID='create_folder' AIRFLOW_CTX_EXECUTION_DATE='2023-04-10T00:00:00+00:00' AIRFLOW_CTX_TRY_NUMBER='1' AIRFLOW_CTX_DAG_RUN_ID='scheduled__2023-04-10T00:00:00+00:00'
[2025-08-08T02:42:21.680+0000] {taskinstance.py:430} INFO - ::endgroup::
[2025-08-08T02:42:21.689+0000] {subprocess.py:63} INFO - Tmp dir root location: /tmp
[2025-08-08T02:42:21.690+0000] {subprocess.py:75} INFO - Running command: ['/usr/bin/bash', '-c', 'mkdir -p "/home/***/host_documents/week2023-04-17"']
[2025-08-08T02:42:21.697+0000] {subprocess.py:86} INFO - Output:
[2025-08-08T02:42:21.701+0000] {subprocess.py:97} INFO - Command exited with return code 0
[2025-08-08T02:42:21.702+0000] {taskinstance.py:441} INFO - ::group::Post task execution logs
[2025-08-08T02:42:21.725+0000] {taskinstance.py:1206} INFO - Marking task as SUCCESS. dag_id=climate_data, task_id=create_folder, run_id=scheduled__2023-04-10T00:00:00+00:00, execution_date=20230410T000000, start_date=20250808T024221, end_date=20250808T024221
[2025-08-08T02:42:21.772+0000] {local_task_job_runner.py:240} INFO - Task exited with return code 0
[2025-08-08T02:42:21.784+0000] {local_task_job_runner.py:222} INFO - ::endgroup::
