[2025-08-08T02:26:47.506+0000] {local_task_job_runner.py:120} INFO - ::group::Pre task execution logs
[2025-08-08T02:26:47.528+0000] {taskinstance.py:2076} INFO - Dependencies all met for dep_context=non-requeueable deps ti=<TaskInstance: climate_data.create_folder scheduled__2024-05-20T00:00:00+00:00 [queued]>
[2025-08-08T02:26:47.536+0000] {taskinstance.py:2076} INFO - Dependencies all met for dep_context=requeueable deps ti=<TaskInstance: climate_data.create_folder scheduled__2024-05-20T00:00:00+00:00 [queued]>
[2025-08-08T02:26:47.536+0000] {taskinstance.py:2306} INFO - Starting attempt 1 of 1
[2025-08-08T02:26:47.548+0000] {taskinstance.py:2330} INFO - Executing <Task(BashOperator): create_folder> on 2024-05-20 00:00:00+00:00
[2025-08-08T02:26:47.552+0000] {standard_task_runner.py:63} INFO - Started process 599 to run task
[2025-08-08T02:26:47.556+0000] {standard_task_runner.py:90} INFO - Running: ['***', 'tasks', 'run', 'climate_data', 'create_folder', 'scheduled__2024-05-20T00:00:00+00:00', '--job-id', '120', '--raw', '--subdir', 'DAGS_FOLDER/climate_data.py', '--cfg-path', '/tmp/tmpijndarf1']
[2025-08-08T02:26:47.559+0000] {standard_task_runner.py:91} INFO - Job 120: Subtask create_folder
[2025-08-08T02:26:47.577+0000] {logging_mixin.py:188} WARNING - /home/***/.local/lib/python3.9/site-packages/***/settings.py:195 DeprecationWarning: The sql_alchemy_conn option in [core] has been moved to the sql_alchemy_conn option in [database] - the old setting has been used, but please update your config.
[2025-08-08T02:26:47.618+0000] {task_command.py:426} INFO - Running <TaskInstance: climate_data.create_folder scheduled__2024-05-20T00:00:00+00:00 [running]> on host 3ceab82043f1
[2025-08-08T02:26:47.693+0000] {taskinstance.py:2648} INFO - Exporting env vars: AIRFLOW_CTX_DAG_OWNER='***' AIRFLOW_CTX_DAG_ID='climate_data' AIRFLOW_CTX_TASK_ID='create_folder' AIRFLOW_CTX_EXECUTION_DATE='2024-05-20T00:00:00+00:00' AIRFLOW_CTX_TRY_NUMBER='1' AIRFLOW_CTX_DAG_RUN_ID='scheduled__2024-05-20T00:00:00+00:00'
[2025-08-08T02:26:47.694+0000] {taskinstance.py:430} INFO - ::endgroup::
[2025-08-08T02:26:47.703+0000] {subprocess.py:63} INFO - Tmp dir root location: /tmp
[2025-08-08T02:26:47.704+0000] {subprocess.py:75} INFO - Running command: ['/usr/bin/bash', '-c', 'mkdir -p /home/***/host_documents/week2024-05-27"']
[2025-08-08T02:26:47.712+0000] {subprocess.py:86} INFO - Output:
[2025-08-08T02:26:47.713+0000] {subprocess.py:93} INFO - /usr/bin/bash: -c: line 1: unexpected EOF while looking for matching `"'
[2025-08-08T02:26:47.714+0000] {subprocess.py:97} INFO - Command exited with return code 2
[2025-08-08T02:26:47.714+0000] {taskinstance.py:441} INFO - ::group::Post task execution logs
[2025-08-08T02:26:47.722+0000] {taskinstance.py:2905} ERROR - Task failed with exception
Traceback (most recent call last):
  File "/home/airflow/.local/lib/python3.9/site-packages/airflow/models/taskinstance.py", line 465, in _execute_task
    result = _execute_callable(context=context, **execute_callable_kwargs)
  File "/home/airflow/.local/lib/python3.9/site-packages/airflow/models/taskinstance.py", line 432, in _execute_callable
    return execute_callable(context=context, **execute_callable_kwargs)
  File "/home/airflow/.local/lib/python3.9/site-packages/airflow/models/baseoperator.py", line 400, in wrapper
    return func(self, *args, **kwargs)
  File "/home/airflow/.local/lib/python3.9/site-packages/airflow/operators/bash.py", line 243, in execute
    raise AirflowException(
airflow.exceptions.AirflowException: Bash command failed. The command returned a non-zero exit code 2.
[2025-08-08T02:26:47.726+0000] {taskinstance.py:1206} INFO - Marking task as FAILED. dag_id=climate_data, task_id=create_folder, run_id=scheduled__2024-05-20T00:00:00+00:00, execution_date=20240520T000000, start_date=20250808T022647, end_date=20250808T022647
[2025-08-08T02:26:47.735+0000] {standard_task_runner.py:110} ERROR - Failed to execute job 120 for task create_folder (Bash command failed. The command returned a non-zero exit code 2.; 599)
[2025-08-08T02:26:47.768+0000] {local_task_job_runner.py:240} INFO - Task exited with return code 1
[2025-08-08T02:26:47.777+0000] {local_task_job_runner.py:222} INFO - ::endgroup::
[2025-08-08T02:35:07.889+0000] {local_task_job_runner.py:120} INFO - ::group::Pre task execution logs
[2025-08-08T02:35:07.910+0000] {taskinstance.py:2076} INFO - Dependencies all met for dep_context=non-requeueable deps ti=<TaskInstance: climate_data.create_folder scheduled__2024-05-20T00:00:00+00:00 [queued]>
[2025-08-08T02:35:07.919+0000] {taskinstance.py:2076} INFO - Dependencies all met for dep_context=requeueable deps ti=<TaskInstance: climate_data.create_folder scheduled__2024-05-20T00:00:00+00:00 [queued]>
[2025-08-08T02:35:07.919+0000] {taskinstance.py:2306} INFO - Starting attempt 1 of 1
[2025-08-08T02:35:07.929+0000] {taskinstance.py:2330} INFO - Executing <Task(BashOperator): create_folder> on 2024-05-20 00:00:00+00:00
[2025-08-08T02:35:07.935+0000] {standard_task_runner.py:63} INFO - Started process 635 to run task
[2025-08-08T02:35:07.938+0000] {standard_task_runner.py:90} INFO - Running: ['***', 'tasks', 'run', 'climate_data', 'create_folder', 'scheduled__2024-05-20T00:00:00+00:00', '--job-id', '276', '--raw', '--subdir', 'DAGS_FOLDER/climate_data.py', '--cfg-path', '/tmp/tmpm04sgndx']
[2025-08-08T02:35:07.941+0000] {standard_task_runner.py:91} INFO - Job 276: Subtask create_folder
[2025-08-08T02:35:07.954+0000] {logging_mixin.py:188} WARNING - /home/***/.local/lib/python3.9/site-packages/***/settings.py:195 DeprecationWarning: The sql_alchemy_conn option in [core] has been moved to the sql_alchemy_conn option in [database] - the old setting has been used, but please update your config.
[2025-08-08T02:35:08.001+0000] {task_command.py:426} INFO - Running <TaskInstance: climate_data.create_folder scheduled__2024-05-20T00:00:00+00:00 [running]> on host 1a6f5acf67f4
[2025-08-08T02:35:08.070+0000] {taskinstance.py:2648} INFO - Exporting env vars: AIRFLOW_CTX_DAG_OWNER='***' AIRFLOW_CTX_DAG_ID='climate_data' AIRFLOW_CTX_TASK_ID='create_folder' AIRFLOW_CTX_EXECUTION_DATE='2024-05-20T00:00:00+00:00' AIRFLOW_CTX_TRY_NUMBER='1' AIRFLOW_CTX_DAG_RUN_ID='scheduled__2024-05-20T00:00:00+00:00'
[2025-08-08T02:35:08.071+0000] {taskinstance.py:430} INFO - ::endgroup::
[2025-08-08T02:35:08.079+0000] {subprocess.py:63} INFO - Tmp dir root location: /tmp
[2025-08-08T02:35:08.080+0000] {subprocess.py:75} INFO - Running command: ['/usr/bin/bash', '-c', 'mkdir -p /home/***/host_documents/week2024-05-27"']
[2025-08-08T02:35:08.090+0000] {subprocess.py:86} INFO - Output:
[2025-08-08T02:35:08.092+0000] {subprocess.py:93} INFO - /usr/bin/bash: -c: line 1: unexpected EOF while looking for matching `"'
[2025-08-08T02:35:08.092+0000] {subprocess.py:97} INFO - Command exited with return code 2
[2025-08-08T02:35:08.093+0000] {taskinstance.py:441} INFO - ::group::Post task execution logs
[2025-08-08T02:35:08.103+0000] {taskinstance.py:2905} ERROR - Task failed with exception
Traceback (most recent call last):
  File "/home/airflow/.local/lib/python3.9/site-packages/airflow/models/taskinstance.py", line 465, in _execute_task
    result = _execute_callable(context=context, **execute_callable_kwargs)
  File "/home/airflow/.local/lib/python3.9/site-packages/airflow/models/taskinstance.py", line 432, in _execute_callable
    return execute_callable(context=context, **execute_callable_kwargs)
  File "/home/airflow/.local/lib/python3.9/site-packages/airflow/models/baseoperator.py", line 400, in wrapper
    return func(self, *args, **kwargs)
  File "/home/airflow/.local/lib/python3.9/site-packages/airflow/operators/bash.py", line 243, in execute
    raise AirflowException(
airflow.exceptions.AirflowException: Bash command failed. The command returned a non-zero exit code 2.
[2025-08-08T02:35:08.106+0000] {taskinstance.py:1206} INFO - Marking task as FAILED. dag_id=climate_data, task_id=create_folder, run_id=scheduled__2024-05-20T00:00:00+00:00, execution_date=20240520T000000, start_date=20250808T023507, end_date=20250808T023508
[2025-08-08T02:35:08.117+0000] {standard_task_runner.py:110} ERROR - Failed to execute job 276 for task create_folder (Bash command failed. The command returned a non-zero exit code 2.; 635)
[2025-08-08T02:35:08.153+0000] {local_task_job_runner.py:240} INFO - Task exited with return code 1
[2025-08-08T02:35:08.161+0000] {local_task_job_runner.py:222} INFO - ::endgroup::
[2025-08-08T02:39:42.285+0000] {local_task_job_runner.py:120} INFO - ::group::Pre task execution logs
[2025-08-08T02:39:42.309+0000] {taskinstance.py:2076} INFO - Dependencies all met for dep_context=non-requeueable deps ti=<TaskInstance: climate_data.create_folder scheduled__2024-05-20T00:00:00+00:00 [queued]>
[2025-08-08T02:39:42.320+0000] {taskinstance.py:2076} INFO - Dependencies all met for dep_context=requeueable deps ti=<TaskInstance: climate_data.create_folder scheduled__2024-05-20T00:00:00+00:00 [queued]>
[2025-08-08T02:39:42.320+0000] {taskinstance.py:2306} INFO - Starting attempt 1 of 1
[2025-08-08T02:39:42.388+0000] {taskinstance.py:2330} INFO - Executing <Task(BashOperator): create_folder> on 2024-05-20 00:00:00+00:00
[2025-08-08T02:39:42.392+0000] {standard_task_runner.py:63} INFO - Started process 1664 to run task
[2025-08-08T02:39:42.395+0000] {standard_task_runner.py:90} INFO - Running: ['***', 'tasks', 'run', 'climate_data', 'create_folder', 'scheduled__2024-05-20T00:00:00+00:00', '--job-id', '514', '--raw', '--subdir', 'DAGS_FOLDER/climate_data.py', '--cfg-path', '/tmp/tmpy2cj92xx']
[2025-08-08T02:39:42.397+0000] {standard_task_runner.py:91} INFO - Job 514: Subtask create_folder
[2025-08-08T02:39:42.417+0000] {logging_mixin.py:188} WARNING - /home/***/.local/lib/python3.9/site-packages/***/settings.py:195 DeprecationWarning: The sql_alchemy_conn option in [core] has been moved to the sql_alchemy_conn option in [database] - the old setting has been used, but please update your config.
[2025-08-08T02:39:42.465+0000] {task_command.py:426} INFO - Running <TaskInstance: climate_data.create_folder scheduled__2024-05-20T00:00:00+00:00 [running]> on host 1a6f5acf67f4
[2025-08-08T02:39:42.543+0000] {taskinstance.py:2648} INFO - Exporting env vars: AIRFLOW_CTX_DAG_OWNER='***' AIRFLOW_CTX_DAG_ID='climate_data' AIRFLOW_CTX_TASK_ID='create_folder' AIRFLOW_CTX_EXECUTION_DATE='2024-05-20T00:00:00+00:00' AIRFLOW_CTX_TRY_NUMBER='1' AIRFLOW_CTX_DAG_RUN_ID='scheduled__2024-05-20T00:00:00+00:00'
[2025-08-08T02:39:42.547+0000] {taskinstance.py:430} INFO - ::endgroup::
[2025-08-08T02:39:42.560+0000] {subprocess.py:63} INFO - Tmp dir root location: /tmp
[2025-08-08T02:39:42.561+0000] {subprocess.py:75} INFO - Running command: ['/usr/bin/bash', '-c', 'mkdir -p /home/***/host_documents/week2024-05-27']
[2025-08-08T02:39:42.575+0000] {subprocess.py:86} INFO - Output:
[2025-08-08T02:39:42.581+0000] {subprocess.py:97} INFO - Command exited with return code 0
[2025-08-08T02:39:42.582+0000] {taskinstance.py:441} INFO - ::group::Post task execution logs
[2025-08-08T02:39:42.606+0000] {taskinstance.py:1206} INFO - Marking task as SUCCESS. dag_id=climate_data, task_id=create_folder, run_id=scheduled__2024-05-20T00:00:00+00:00, execution_date=20240520T000000, start_date=20250808T023942, end_date=20250808T023942
[2025-08-08T02:39:42.729+0000] {local_task_job_runner.py:240} INFO - Task exited with return code 0
[2025-08-08T02:39:42.738+0000] {local_task_job_runner.py:222} INFO - ::endgroup::
[2025-08-08T02:42:39.638+0000] {local_task_job_runner.py:120} INFO - ::group::Pre task execution logs
[2025-08-08T02:42:39.658+0000] {taskinstance.py:2076} INFO - Dependencies all met for dep_context=non-requeueable deps ti=<TaskInstance: climate_data.create_folder scheduled__2024-05-20T00:00:00+00:00 [queued]>
[2025-08-08T02:42:39.667+0000] {taskinstance.py:2076} INFO - Dependencies all met for dep_context=requeueable deps ti=<TaskInstance: climate_data.create_folder scheduled__2024-05-20T00:00:00+00:00 [queued]>
[2025-08-08T02:42:39.668+0000] {taskinstance.py:2306} INFO - Starting attempt 1 of 1
[2025-08-08T02:42:39.680+0000] {taskinstance.py:2330} INFO - Executing <Task(BashOperator): create_folder> on 2024-05-20 00:00:00+00:00
[2025-08-08T02:42:39.685+0000] {standard_task_runner.py:63} INFO - Started process 2837 to run task
[2025-08-08T02:42:39.689+0000] {standard_task_runner.py:90} INFO - Running: ['***', 'tasks', 'run', 'climate_data', 'create_folder', 'scheduled__2024-05-20T00:00:00+00:00', '--job-id', '823', '--raw', '--subdir', 'DAGS_FOLDER/climate_data.py', '--cfg-path', '/tmp/tmprx4txyxf']
[2025-08-08T02:42:39.691+0000] {standard_task_runner.py:91} INFO - Job 823: Subtask create_folder
[2025-08-08T02:42:39.708+0000] {logging_mixin.py:188} WARNING - /home/***/.local/lib/python3.9/site-packages/***/settings.py:195 DeprecationWarning: The sql_alchemy_conn option in [core] has been moved to the sql_alchemy_conn option in [database] - the old setting has been used, but please update your config.
[2025-08-08T02:42:39.759+0000] {task_command.py:426} INFO - Running <TaskInstance: climate_data.create_folder scheduled__2024-05-20T00:00:00+00:00 [running]> on host 1a6f5acf67f4
[2025-08-08T02:42:39.834+0000] {taskinstance.py:2648} INFO - Exporting env vars: AIRFLOW_CTX_DAG_OWNER='***' AIRFLOW_CTX_DAG_ID='climate_data' AIRFLOW_CTX_TASK_ID='create_folder' AIRFLOW_CTX_EXECUTION_DATE='2024-05-20T00:00:00+00:00' AIRFLOW_CTX_TRY_NUMBER='1' AIRFLOW_CTX_DAG_RUN_ID='scheduled__2024-05-20T00:00:00+00:00'
[2025-08-08T02:42:39.836+0000] {taskinstance.py:430} INFO - ::endgroup::
[2025-08-08T02:42:39.850+0000] {subprocess.py:63} INFO - Tmp dir root location: /tmp
[2025-08-08T02:42:39.851+0000] {subprocess.py:75} INFO - Running command: ['/usr/bin/bash', '-c', 'mkdir -p "/home/***/host_documents/week2024-05-27"']
[2025-08-08T02:42:39.861+0000] {subprocess.py:86} INFO - Output:
[2025-08-08T02:42:39.866+0000] {subprocess.py:97} INFO - Command exited with return code 0
[2025-08-08T02:42:39.867+0000] {taskinstance.py:441} INFO - ::group::Post task execution logs
[2025-08-08T02:42:39.890+0000] {taskinstance.py:1206} INFO - Marking task as SUCCESS. dag_id=climate_data, task_id=create_folder, run_id=scheduled__2024-05-20T00:00:00+00:00, execution_date=20240520T000000, start_date=20250808T024239, end_date=20250808T024239
[2025-08-08T02:42:39.982+0000] {local_task_job_runner.py:240} INFO - Task exited with return code 0
[2025-08-08T02:42:39.991+0000] {local_task_job_runner.py:222} INFO - ::endgroup::
