[2025-08-08T02:26:19.351+0000] {local_task_job_runner.py:120} INFO - ::group::Pre task execution logs
[2025-08-08T02:26:19.379+0000] {taskinstance.py:2076} INFO - Dependencies all met for dep_context=non-requeueable deps ti=<TaskInstance: climate_data.create_folder scheduled__2022-09-19T00:00:00+00:00 [queued]>
[2025-08-08T02:26:19.387+0000] {taskinstance.py:2076} INFO - Dependencies all met for dep_context=requeueable deps ti=<TaskInstance: climate_data.create_folder scheduled__2022-09-19T00:00:00+00:00 [queued]>
[2025-08-08T02:26:19.388+0000] {taskinstance.py:2306} INFO - Starting attempt 1 of 1
[2025-08-08T02:26:19.401+0000] {taskinstance.py:2330} INFO - Executing <Task(BashOperator): create_folder> on 2022-09-19 00:00:00+00:00
[2025-08-08T02:26:19.405+0000] {standard_task_runner.py:63} INFO - Started process 238 to run task
[2025-08-08T02:26:19.409+0000] {standard_task_runner.py:90} INFO - Running: ['***', 'tasks', 'run', 'climate_data', 'create_folder', 'scheduled__2022-09-19T00:00:00+00:00', '--job-id', '33', '--raw', '--subdir', 'DAGS_FOLDER/climate_data.py', '--cfg-path', '/tmp/tmpm32urhvv']
[2025-08-08T02:26:19.411+0000] {standard_task_runner.py:91} INFO - Job 33: Subtask create_folder
[2025-08-08T02:26:19.429+0000] {logging_mixin.py:188} WARNING - /home/***/.local/lib/python3.9/site-packages/***/settings.py:195 DeprecationWarning: The sql_alchemy_conn option in [core] has been moved to the sql_alchemy_conn option in [database] - the old setting has been used, but please update your config.
[2025-08-08T02:26:19.473+0000] {task_command.py:426} INFO - Running <TaskInstance: climate_data.create_folder scheduled__2022-09-19T00:00:00+00:00 [running]> on host 3ceab82043f1
[2025-08-08T02:26:19.547+0000] {taskinstance.py:2648} INFO - Exporting env vars: AIRFLOW_CTX_DAG_OWNER='***' AIRFLOW_CTX_DAG_ID='climate_data' AIRFLOW_CTX_TASK_ID='create_folder' AIRFLOW_CTX_EXECUTION_DATE='2022-09-19T00:00:00+00:00' AIRFLOW_CTX_TRY_NUMBER='1' AIRFLOW_CTX_DAG_RUN_ID='scheduled__2022-09-19T00:00:00+00:00'
[2025-08-08T02:26:19.548+0000] {taskinstance.py:430} INFO - ::endgroup::
[2025-08-08T02:26:19.556+0000] {subprocess.py:63} INFO - Tmp dir root location: /tmp
[2025-08-08T02:26:19.557+0000] {subprocess.py:75} INFO - Running command: ['/usr/bin/bash', '-c', 'mkdir -p /home/***/host_documents/week2022-09-26"']
[2025-08-08T02:26:19.566+0000] {subprocess.py:86} INFO - Output:
[2025-08-08T02:26:19.567+0000] {subprocess.py:93} INFO - /usr/bin/bash: -c: line 1: unexpected EOF while looking for matching `"'
[2025-08-08T02:26:19.567+0000] {subprocess.py:97} INFO - Command exited with return code 2
[2025-08-08T02:26:19.568+0000] {taskinstance.py:441} INFO - ::group::Post task execution logs
[2025-08-08T02:26:19.575+0000] {taskinstance.py:2905} ERROR - Task failed with exception
Traceback (most recent call last):
  File "/home/airflow/.local/lib/python3.9/site-packages/airflow/models/taskinstance.py", line 465, in _execute_task
    result = _execute_callable(context=context, **execute_callable_kwargs)
  File "/home/airflow/.local/lib/python3.9/site-packages/airflow/models/taskinstance.py", line 432, in _execute_callable
    return execute_callable(context=context, **execute_callable_kwargs)
  File "/home/airflow/.local/lib/python3.9/site-packages/airflow/models/baseoperator.py", line 400, in wrapper
    return func(self, *args, **kwargs)
  File "/home/airflow/.local/lib/python3.9/site-packages/airflow/operators/bash.py", line 243, in execute
    raise AirflowException(
airflow.exceptions.AirflowException: Bash command failed. The command returned a non-zero exit code 2.
[2025-08-08T02:26:19.579+0000] {taskinstance.py:1206} INFO - Marking task as FAILED. dag_id=climate_data, task_id=create_folder, run_id=scheduled__2022-09-19T00:00:00+00:00, execution_date=20220919T000000, start_date=20250808T022619, end_date=20250808T022619
[2025-08-08T02:26:19.587+0000] {standard_task_runner.py:110} ERROR - Failed to execute job 33 for task create_folder (Bash command failed. The command returned a non-zero exit code 2.; 238)
[2025-08-08T02:26:19.621+0000] {local_task_job_runner.py:240} INFO - Task exited with return code 1
[2025-08-08T02:26:19.636+0000] {taskinstance.py:3498} INFO - 0 downstream tasks scheduled from follow-on schedule check
[2025-08-08T02:26:19.639+0000] {local_task_job_runner.py:222} INFO - ::endgroup::
[2025-08-08T02:34:37.834+0000] {local_task_job_runner.py:120} INFO - ::group::Pre task execution logs
[2025-08-08T02:34:37.857+0000] {taskinstance.py:2076} INFO - Dependencies all met for dep_context=non-requeueable deps ti=<TaskInstance: climate_data.create_folder scheduled__2022-09-19T00:00:00+00:00 [queued]>
[2025-08-08T02:34:37.864+0000] {taskinstance.py:2076} INFO - Dependencies all met for dep_context=requeueable deps ti=<TaskInstance: climate_data.create_folder scheduled__2022-09-19T00:00:00+00:00 [queued]>
[2025-08-08T02:34:37.865+0000] {taskinstance.py:2306} INFO - Starting attempt 1 of 1
[2025-08-08T02:34:37.877+0000] {taskinstance.py:2330} INFO - Executing <Task(BashOperator): create_folder> on 2022-09-19 00:00:00+00:00
[2025-08-08T02:34:37.882+0000] {standard_task_runner.py:63} INFO - Started process 268 to run task
[2025-08-08T02:34:37.885+0000] {standard_task_runner.py:90} INFO - Running: ['***', 'tasks', 'run', 'climate_data', 'create_folder', 'scheduled__2022-09-19T00:00:00+00:00', '--job-id', '188', '--raw', '--subdir', 'DAGS_FOLDER/climate_data.py', '--cfg-path', '/tmp/tmpd3wgejgq']
[2025-08-08T02:34:37.887+0000] {standard_task_runner.py:91} INFO - Job 188: Subtask create_folder
[2025-08-08T02:34:37.904+0000] {logging_mixin.py:188} WARNING - /home/***/.local/lib/python3.9/site-packages/***/settings.py:195 DeprecationWarning: The sql_alchemy_conn option in [core] has been moved to the sql_alchemy_conn option in [database] - the old setting has been used, but please update your config.
[2025-08-08T02:34:37.949+0000] {task_command.py:426} INFO - Running <TaskInstance: climate_data.create_folder scheduled__2022-09-19T00:00:00+00:00 [running]> on host 1a6f5acf67f4
[2025-08-08T02:34:38.014+0000] {taskinstance.py:2648} INFO - Exporting env vars: AIRFLOW_CTX_DAG_OWNER='***' AIRFLOW_CTX_DAG_ID='climate_data' AIRFLOW_CTX_TASK_ID='create_folder' AIRFLOW_CTX_EXECUTION_DATE='2022-09-19T00:00:00+00:00' AIRFLOW_CTX_TRY_NUMBER='1' AIRFLOW_CTX_DAG_RUN_ID='scheduled__2022-09-19T00:00:00+00:00'
[2025-08-08T02:34:38.015+0000] {taskinstance.py:430} INFO - ::endgroup::
[2025-08-08T02:34:38.024+0000] {subprocess.py:63} INFO - Tmp dir root location: /tmp
[2025-08-08T02:34:38.025+0000] {subprocess.py:75} INFO - Running command: ['/usr/bin/bash', '-c', 'mkdir -p /home/***/host_documents/week2022-09-26"']
[2025-08-08T02:34:38.034+0000] {subprocess.py:86} INFO - Output:
[2025-08-08T02:34:38.035+0000] {subprocess.py:93} INFO - /usr/bin/bash: -c: line 1: unexpected EOF while looking for matching `"'
[2025-08-08T02:34:38.036+0000] {subprocess.py:97} INFO - Command exited with return code 2
[2025-08-08T02:34:38.036+0000] {taskinstance.py:441} INFO - ::group::Post task execution logs
[2025-08-08T02:34:38.044+0000] {taskinstance.py:2905} ERROR - Task failed with exception
Traceback (most recent call last):
  File "/home/airflow/.local/lib/python3.9/site-packages/airflow/models/taskinstance.py", line 465, in _execute_task
    result = _execute_callable(context=context, **execute_callable_kwargs)
  File "/home/airflow/.local/lib/python3.9/site-packages/airflow/models/taskinstance.py", line 432, in _execute_callable
    return execute_callable(context=context, **execute_callable_kwargs)
  File "/home/airflow/.local/lib/python3.9/site-packages/airflow/models/baseoperator.py", line 400, in wrapper
    return func(self, *args, **kwargs)
  File "/home/airflow/.local/lib/python3.9/site-packages/airflow/operators/bash.py", line 243, in execute
    raise AirflowException(
airflow.exceptions.AirflowException: Bash command failed. The command returned a non-zero exit code 2.
[2025-08-08T02:34:38.047+0000] {taskinstance.py:1206} INFO - Marking task as FAILED. dag_id=climate_data, task_id=create_folder, run_id=scheduled__2022-09-19T00:00:00+00:00, execution_date=20220919T000000, start_date=20250808T023437, end_date=20250808T023438
[2025-08-08T02:34:38.088+0000] {standard_task_runner.py:110} ERROR - Failed to execute job 188 for task create_folder (Bash command failed. The command returned a non-zero exit code 2.; 268)
[2025-08-08T02:34:38.099+0000] {local_task_job_runner.py:240} INFO - Task exited with return code 1
[2025-08-08T02:34:38.118+0000] {taskinstance.py:3498} INFO - 0 downstream tasks scheduled from follow-on schedule check
[2025-08-08T02:34:38.121+0000] {local_task_job_runner.py:222} INFO - ::endgroup::
[2025-08-08T02:39:13.370+0000] {local_task_job_runner.py:120} INFO - ::group::Pre task execution logs
[2025-08-08T02:39:13.393+0000] {taskinstance.py:2076} INFO - Dependencies all met for dep_context=non-requeueable deps ti=<TaskInstance: climate_data.create_folder scheduled__2022-09-19T00:00:00+00:00 [queued]>
[2025-08-08T02:39:13.401+0000] {taskinstance.py:2076} INFO - Dependencies all met for dep_context=requeueable deps ti=<TaskInstance: climate_data.create_folder scheduled__2022-09-19T00:00:00+00:00 [queued]>
[2025-08-08T02:39:13.401+0000] {taskinstance.py:2306} INFO - Starting attempt 1 of 1
[2025-08-08T02:39:13.416+0000] {taskinstance.py:2330} INFO - Executing <Task(BashOperator): create_folder> on 2022-09-19 00:00:00+00:00
[2025-08-08T02:39:13.422+0000] {standard_task_runner.py:63} INFO - Started process 1042 to run task
[2025-08-08T02:39:13.425+0000] {standard_task_runner.py:90} INFO - Running: ['***', 'tasks', 'run', 'climate_data', 'create_folder', 'scheduled__2022-09-19T00:00:00+00:00', '--job-id', '344', '--raw', '--subdir', 'DAGS_FOLDER/climate_data.py', '--cfg-path', '/tmp/tmp8bj1anxb']
[2025-08-08T02:39:13.428+0000] {standard_task_runner.py:91} INFO - Job 344: Subtask create_folder
[2025-08-08T02:39:13.445+0000] {logging_mixin.py:188} WARNING - /home/***/.local/lib/python3.9/site-packages/***/settings.py:195 DeprecationWarning: The sql_alchemy_conn option in [core] has been moved to the sql_alchemy_conn option in [database] - the old setting has been used, but please update your config.
[2025-08-08T02:39:13.490+0000] {task_command.py:426} INFO - Running <TaskInstance: climate_data.create_folder scheduled__2022-09-19T00:00:00+00:00 [running]> on host 1a6f5acf67f4
[2025-08-08T02:39:13.560+0000] {taskinstance.py:2648} INFO - Exporting env vars: AIRFLOW_CTX_DAG_OWNER='***' AIRFLOW_CTX_DAG_ID='climate_data' AIRFLOW_CTX_TASK_ID='create_folder' AIRFLOW_CTX_EXECUTION_DATE='2022-09-19T00:00:00+00:00' AIRFLOW_CTX_TRY_NUMBER='1' AIRFLOW_CTX_DAG_RUN_ID='scheduled__2022-09-19T00:00:00+00:00'
[2025-08-08T02:39:13.561+0000] {taskinstance.py:430} INFO - ::endgroup::
[2025-08-08T02:39:13.569+0000] {subprocess.py:63} INFO - Tmp dir root location: /tmp
[2025-08-08T02:39:13.570+0000] {subprocess.py:75} INFO - Running command: ['/usr/bin/bash', '-c', 'mkdir -p /home/***/host_documents/week2022-09-26']
[2025-08-08T02:39:13.582+0000] {subprocess.py:86} INFO - Output:
[2025-08-08T02:39:13.586+0000] {subprocess.py:97} INFO - Command exited with return code 0
[2025-08-08T02:39:13.587+0000] {taskinstance.py:441} INFO - ::group::Post task execution logs
[2025-08-08T02:39:13.614+0000] {taskinstance.py:1206} INFO - Marking task as SUCCESS. dag_id=climate_data, task_id=create_folder, run_id=scheduled__2022-09-19T00:00:00+00:00, execution_date=20220919T000000, start_date=20250808T023913, end_date=20250808T023913
[2025-08-08T02:39:13.642+0000] {local_task_job_runner.py:240} INFO - Task exited with return code 0
[2025-08-08T02:39:13.663+0000] {taskinstance.py:3498} INFO - 1 downstream tasks scheduled from follow-on schedule check
[2025-08-08T02:39:13.666+0000] {local_task_job_runner.py:222} INFO - ::endgroup::
[2025-08-08T02:42:11.851+0000] {local_task_job_runner.py:120} INFO - ::group::Pre task execution logs
[2025-08-08T02:42:11.880+0000] {taskinstance.py:2076} INFO - Dependencies all met for dep_context=non-requeueable deps ti=<TaskInstance: climate_data.create_folder scheduled__2022-09-19T00:00:00+00:00 [queued]>
[2025-08-08T02:42:11.889+0000] {taskinstance.py:2076} INFO - Dependencies all met for dep_context=requeueable deps ti=<TaskInstance: climate_data.create_folder scheduled__2022-09-19T00:00:00+00:00 [queued]>
[2025-08-08T02:42:11.890+0000] {taskinstance.py:2306} INFO - Starting attempt 1 of 1
[2025-08-08T02:42:11.901+0000] {taskinstance.py:2330} INFO - Executing <Task(BashOperator): create_folder> on 2022-09-19 00:00:00+00:00
[2025-08-08T02:42:11.907+0000] {standard_task_runner.py:63} INFO - Started process 2212 to run task
[2025-08-08T02:42:11.911+0000] {standard_task_runner.py:90} INFO - Running: ['***', 'tasks', 'run', 'climate_data', 'create_folder', 'scheduled__2022-09-19T00:00:00+00:00', '--job-id', '652', '--raw', '--subdir', 'DAGS_FOLDER/climate_data.py', '--cfg-path', '/tmp/tmp8henrvn5']
[2025-08-08T02:42:11.913+0000] {standard_task_runner.py:91} INFO - Job 652: Subtask create_folder
[2025-08-08T02:42:11.928+0000] {logging_mixin.py:188} WARNING - /home/***/.local/lib/python3.9/site-packages/***/settings.py:195 DeprecationWarning: The sql_alchemy_conn option in [core] has been moved to the sql_alchemy_conn option in [database] - the old setting has been used, but please update your config.
[2025-08-08T02:42:11.974+0000] {task_command.py:426} INFO - Running <TaskInstance: climate_data.create_folder scheduled__2022-09-19T00:00:00+00:00 [running]> on host 1a6f5acf67f4
[2025-08-08T02:42:12.042+0000] {taskinstance.py:2648} INFO - Exporting env vars: AIRFLOW_CTX_DAG_OWNER='***' AIRFLOW_CTX_DAG_ID='climate_data' AIRFLOW_CTX_TASK_ID='create_folder' AIRFLOW_CTX_EXECUTION_DATE='2022-09-19T00:00:00+00:00' AIRFLOW_CTX_TRY_NUMBER='1' AIRFLOW_CTX_DAG_RUN_ID='scheduled__2022-09-19T00:00:00+00:00'
[2025-08-08T02:42:12.043+0000] {taskinstance.py:430} INFO - ::endgroup::
[2025-08-08T02:42:12.054+0000] {subprocess.py:63} INFO - Tmp dir root location: /tmp
[2025-08-08T02:42:12.055+0000] {subprocess.py:75} INFO - Running command: ['/usr/bin/bash', '-c', 'mkdir -p "/home/***/host_documents/week2022-09-26"']
[2025-08-08T02:42:12.065+0000] {subprocess.py:86} INFO - Output:
[2025-08-08T02:42:12.069+0000] {subprocess.py:97} INFO - Command exited with return code 0
[2025-08-08T02:42:12.069+0000] {taskinstance.py:441} INFO - ::group::Post task execution logs
[2025-08-08T02:42:12.090+0000] {taskinstance.py:1206} INFO - Marking task as SUCCESS. dag_id=climate_data, task_id=create_folder, run_id=scheduled__2022-09-19T00:00:00+00:00, execution_date=20220919T000000, start_date=20250808T024211, end_date=20250808T024212
[2025-08-08T02:42:12.164+0000] {local_task_job_runner.py:240} INFO - Task exited with return code 0
[2025-08-08T02:42:12.182+0000] {taskinstance.py:3498} INFO - 1 downstream tasks scheduled from follow-on schedule check
[2025-08-08T02:42:12.184+0000] {local_task_job_runner.py:222} INFO - ::endgroup::
