[2025-08-08T01:37:50.050+0000] {local_task_job_runner.py:120} INFO - ::group::Pre task execution logs
[2025-08-08T01:37:50.071+0000] {taskinstance.py:2076} INFO - Dependencies all met for dep_context=non-requeueable deps ti=<TaskInstance: first_dag.create_folder manual__2025-08-08T01:37:47.980393+00:00 [queued]>
[2025-08-08T01:37:50.077+0000] {taskinstance.py:2076} INFO - Dependencies all met for dep_context=requeueable deps ti=<TaskInstance: first_dag.create_folder manual__2025-08-08T01:37:47.980393+00:00 [queued]>
[2025-08-08T01:37:50.077+0000] {taskinstance.py:2306} INFO - Starting attempt 1 of 1
[2025-08-08T01:37:50.086+0000] {taskinstance.py:2330} INFO - Executing <Task(BashOperator): create_folder> on 2025-08-08 01:37:47.980393+00:00
[2025-08-08T01:37:50.089+0000] {standard_task_runner.py:63} INFO - Started process 195 to run task
[2025-08-08T01:37:50.091+0000] {standard_task_runner.py:90} INFO - Running: ['***', 'tasks', 'run', 'first_dag', 'create_folder', 'manual__2025-08-08T01:37:47.980393+00:00', '--job-id', '11', '--raw', '--subdir', 'DAGS_FOLDER/first_dag.py', '--cfg-path', '/tmp/tmpdueamecf']
[2025-08-08T01:37:50.093+0000] {standard_task_runner.py:91} INFO - Job 11: Subtask create_folder
[2025-08-08T01:37:50.104+0000] {logging_mixin.py:188} WARNING - /home/***/.local/lib/python3.9/site-packages/***/settings.py:195 DeprecationWarning: The sql_alchemy_conn option in [core] has been moved to the sql_alchemy_conn option in [database] - the old setting has been used, but please update your config.
[2025-08-08T01:37:50.138+0000] {task_command.py:426} INFO - Running <TaskInstance: first_dag.create_folder manual__2025-08-08T01:37:47.980393+00:00 [running]> on host 11f729c71092
[2025-08-08T01:37:50.200+0000] {taskinstance.py:2648} INFO - Exporting env vars: AIRFLOW_CTX_DAG_OWNER='***' AIRFLOW_CTX_DAG_ID='first_dag' AIRFLOW_CTX_TASK_ID='create_folder' AIRFLOW_CTX_EXECUTION_DATE='2025-08-08T01:37:47.980393+00:00' AIRFLOW_CTX_TRY_NUMBER='1' AIRFLOW_CTX_DAG_RUN_ID='manual__2025-08-08T01:37:47.980393+00:00'
[2025-08-08T01:37:50.201+0000] {taskinstance.py:430} INFO - ::endgroup::
[2025-08-08T01:37:50.221+0000] {subprocess.py:63} INFO - Tmp dir root location: /tmp
[2025-08-08T01:37:50.222+0000] {subprocess.py:75} INFO - Running command: ['/usr/bin/bash', '-c', 'mkdir -p /home/***/host_documents/pasta']
[2025-08-08T01:37:50.228+0000] {subprocess.py:86} INFO - Output:
[2025-08-08T01:37:50.230+0000] {subprocess.py:97} INFO - Command exited with return code 0
[2025-08-08T01:37:50.231+0000] {taskinstance.py:441} INFO - ::group::Post task execution logs
[2025-08-08T01:37:50.247+0000] {taskinstance.py:1206} INFO - Marking task as SUCCESS. dag_id=first_dag, task_id=create_folder, run_id=manual__2025-08-08T01:37:47.980393+00:00, execution_date=20250808T013747, start_date=20250808T013750, end_date=20250808T013750
[2025-08-08T01:37:50.263+0000] {local_task_job_runner.py:240} INFO - Task exited with return code 0
[2025-08-08T01:37:50.273+0000] {taskinstance.py:3498} INFO - 0 downstream tasks scheduled from follow-on schedule check
[2025-08-08T01:37:50.275+0000] {local_task_job_runner.py:222} INFO - ::endgroup::
