[2025-08-08T02:26:50.963+0000] {local_task_job_runner.py:120} INFO - ::group::Pre task execution logs
[2025-08-08T02:26:50.984+0000] {taskinstance.py:2076} INFO - Dependencies all met for dep_context=non-requeueable deps ti=<TaskInstance: climate_data.create_folder scheduled__2024-07-08T00:00:00+00:00 [queued]>
[2025-08-08T02:26:50.991+0000] {taskinstance.py:2076} INFO - Dependencies all met for dep_context=requeueable deps ti=<TaskInstance: climate_data.create_folder scheduled__2024-07-08T00:00:00+00:00 [queued]>
[2025-08-08T02:26:50.992+0000] {taskinstance.py:2306} INFO - Starting attempt 1 of 1
[2025-08-08T02:26:51.034+0000] {taskinstance.py:2330} INFO - Executing <Task(BashOperator): create_folder> on 2024-07-08 00:00:00+00:00
[2025-08-08T02:26:51.038+0000] {standard_task_runner.py:63} INFO - Started process 633 to run task
[2025-08-08T02:26:51.041+0000] {standard_task_runner.py:90} INFO - Running: ['***', 'tasks', 'run', 'climate_data', 'create_folder', 'scheduled__2024-07-08T00:00:00+00:00', '--job-id', '127', '--raw', '--subdir', 'DAGS_FOLDER/climate_data.py', '--cfg-path', '/tmp/tmphvks6ut3']
[2025-08-08T02:26:51.044+0000] {standard_task_runner.py:91} INFO - Job 127: Subtask create_folder
[2025-08-08T02:26:51.056+0000] {logging_mixin.py:188} WARNING - /home/***/.local/lib/python3.9/site-packages/***/settings.py:195 DeprecationWarning: The sql_alchemy_conn option in [core] has been moved to the sql_alchemy_conn option in [database] - the old setting has been used, but please update your config.
[2025-08-08T02:26:51.101+0000] {task_command.py:426} INFO - Running <TaskInstance: climate_data.create_folder scheduled__2024-07-08T00:00:00+00:00 [running]> on host 3ceab82043f1
[2025-08-08T02:26:51.169+0000] {taskinstance.py:2648} INFO - Exporting env vars: AIRFLOW_CTX_DAG_OWNER='***' AIRFLOW_CTX_DAG_ID='climate_data' AIRFLOW_CTX_TASK_ID='create_folder' AIRFLOW_CTX_EXECUTION_DATE='2024-07-08T00:00:00+00:00' AIRFLOW_CTX_TRY_NUMBER='1' AIRFLOW_CTX_DAG_RUN_ID='scheduled__2024-07-08T00:00:00+00:00'
[2025-08-08T02:26:51.171+0000] {taskinstance.py:430} INFO - ::endgroup::
[2025-08-08T02:26:51.180+0000] {subprocess.py:63} INFO - Tmp dir root location: /tmp
[2025-08-08T02:26:51.181+0000] {subprocess.py:75} INFO - Running command: ['/usr/bin/bash', '-c', 'mkdir -p /home/***/host_documents/week2024-07-15"']
[2025-08-08T02:26:51.190+0000] {subprocess.py:86} INFO - Output:
[2025-08-08T02:26:51.191+0000] {subprocess.py:93} INFO - /usr/bin/bash: -c: line 1: unexpected EOF while looking for matching `"'
[2025-08-08T02:26:51.191+0000] {subprocess.py:97} INFO - Command exited with return code 2
[2025-08-08T02:26:51.193+0000] {taskinstance.py:441} INFO - ::group::Post task execution logs
[2025-08-08T02:26:51.202+0000] {taskinstance.py:2905} ERROR - Task failed with exception
Traceback (most recent call last):
  File "/home/airflow/.local/lib/python3.9/site-packages/airflow/models/taskinstance.py", line 465, in _execute_task
    result = _execute_callable(context=context, **execute_callable_kwargs)
  File "/home/airflow/.local/lib/python3.9/site-packages/airflow/models/taskinstance.py", line 432, in _execute_callable
    return execute_callable(context=context, **execute_callable_kwargs)
  File "/home/airflow/.local/lib/python3.9/site-packages/airflow/models/baseoperator.py", line 400, in wrapper
    return func(self, *args, **kwargs)
  File "/home/airflow/.local/lib/python3.9/site-packages/airflow/operators/bash.py", line 243, in execute
    raise AirflowException(
airflow.exceptions.AirflowException: Bash command failed. The command returned a non-zero exit code 2.
[2025-08-08T02:26:51.204+0000] {taskinstance.py:1206} INFO - Marking task as FAILED. dag_id=climate_data, task_id=create_folder, run_id=scheduled__2024-07-08T00:00:00+00:00, execution_date=20240708T000000, start_date=20250808T022650, end_date=20250808T022651
[2025-08-08T02:26:51.226+0000] {standard_task_runner.py:110} ERROR - Failed to execute job 127 for task create_folder (Bash command failed. The command returned a non-zero exit code 2.; 633)
[2025-08-08T02:26:51.254+0000] {local_task_job_runner.py:240} INFO - Task exited with return code 1
[2025-08-08T02:26:51.273+0000] {taskinstance.py:3498} INFO - 0 downstream tasks scheduled from follow-on schedule check
[2025-08-08T02:26:51.279+0000] {local_task_job_runner.py:222} INFO - ::endgroup::
[2025-08-08T02:35:11.701+0000] {local_task_job_runner.py:120} INFO - ::group::Pre task execution logs
[2025-08-08T02:35:11.722+0000] {taskinstance.py:2076} INFO - Dependencies all met for dep_context=non-requeueable deps ti=<TaskInstance: climate_data.create_folder scheduled__2024-07-08T00:00:00+00:00 [queued]>
[2025-08-08T02:35:11.729+0000] {taskinstance.py:2076} INFO - Dependencies all met for dep_context=requeueable deps ti=<TaskInstance: climate_data.create_folder scheduled__2024-07-08T00:00:00+00:00 [queued]>
[2025-08-08T02:35:11.730+0000] {taskinstance.py:2306} INFO - Starting attempt 1 of 1
[2025-08-08T02:35:11.771+0000] {taskinstance.py:2330} INFO - Executing <Task(BashOperator): create_folder> on 2024-07-08 00:00:00+00:00
[2025-08-08T02:35:11.775+0000] {standard_task_runner.py:63} INFO - Started process 668 to run task
[2025-08-08T02:35:11.777+0000] {standard_task_runner.py:90} INFO - Running: ['***', 'tasks', 'run', 'climate_data', 'create_folder', 'scheduled__2024-07-08T00:00:00+00:00', '--job-id', '283', '--raw', '--subdir', 'DAGS_FOLDER/climate_data.py', '--cfg-path', '/tmp/tmpb7nn4y1f']
[2025-08-08T02:35:11.781+0000] {standard_task_runner.py:91} INFO - Job 283: Subtask create_folder
[2025-08-08T02:35:11.793+0000] {logging_mixin.py:188} WARNING - /home/***/.local/lib/python3.9/site-packages/***/settings.py:195 DeprecationWarning: The sql_alchemy_conn option in [core] has been moved to the sql_alchemy_conn option in [database] - the old setting has been used, but please update your config.
[2025-08-08T02:35:11.837+0000] {task_command.py:426} INFO - Running <TaskInstance: climate_data.create_folder scheduled__2024-07-08T00:00:00+00:00 [running]> on host 1a6f5acf67f4
[2025-08-08T02:35:11.908+0000] {taskinstance.py:2648} INFO - Exporting env vars: AIRFLOW_CTX_DAG_OWNER='***' AIRFLOW_CTX_DAG_ID='climate_data' AIRFLOW_CTX_TASK_ID='create_folder' AIRFLOW_CTX_EXECUTION_DATE='2024-07-08T00:00:00+00:00' AIRFLOW_CTX_TRY_NUMBER='1' AIRFLOW_CTX_DAG_RUN_ID='scheduled__2024-07-08T00:00:00+00:00'
[2025-08-08T02:35:11.910+0000] {taskinstance.py:430} INFO - ::endgroup::
[2025-08-08T02:35:11.918+0000] {subprocess.py:63} INFO - Tmp dir root location: /tmp
[2025-08-08T02:35:11.919+0000] {subprocess.py:75} INFO - Running command: ['/usr/bin/bash', '-c', 'mkdir -p /home/***/host_documents/week2024-07-15"']
[2025-08-08T02:35:11.928+0000] {subprocess.py:86} INFO - Output:
[2025-08-08T02:35:11.930+0000] {subprocess.py:93} INFO - /usr/bin/bash: -c: line 1: unexpected EOF while looking for matching `"'
[2025-08-08T02:35:11.930+0000] {subprocess.py:97} INFO - Command exited with return code 2
[2025-08-08T02:35:11.931+0000] {taskinstance.py:441} INFO - ::group::Post task execution logs
[2025-08-08T02:35:11.939+0000] {taskinstance.py:2905} ERROR - Task failed with exception
Traceback (most recent call last):
  File "/home/airflow/.local/lib/python3.9/site-packages/airflow/models/taskinstance.py", line 465, in _execute_task
    result = _execute_callable(context=context, **execute_callable_kwargs)
  File "/home/airflow/.local/lib/python3.9/site-packages/airflow/models/taskinstance.py", line 432, in _execute_callable
    return execute_callable(context=context, **execute_callable_kwargs)
  File "/home/airflow/.local/lib/python3.9/site-packages/airflow/models/baseoperator.py", line 400, in wrapper
    return func(self, *args, **kwargs)
  File "/home/airflow/.local/lib/python3.9/site-packages/airflow/operators/bash.py", line 243, in execute
    raise AirflowException(
airflow.exceptions.AirflowException: Bash command failed. The command returned a non-zero exit code 2.
[2025-08-08T02:35:11.942+0000] {taskinstance.py:1206} INFO - Marking task as FAILED. dag_id=climate_data, task_id=create_folder, run_id=scheduled__2024-07-08T00:00:00+00:00, execution_date=20240708T000000, start_date=20250808T023511, end_date=20250808T023511
[2025-08-08T02:35:11.954+0000] {standard_task_runner.py:110} ERROR - Failed to execute job 283 for task create_folder (Bash command failed. The command returned a non-zero exit code 2.; 668)
[2025-08-08T02:35:11.990+0000] {local_task_job_runner.py:240} INFO - Task exited with return code 1
[2025-08-08T02:35:12.010+0000] {taskinstance.py:3498} INFO - 0 downstream tasks scheduled from follow-on schedule check
[2025-08-08T02:35:12.014+0000] {local_task_job_runner.py:222} INFO - ::endgroup::
[2025-08-08T02:39:45.585+0000] {local_task_job_runner.py:120} INFO - ::group::Pre task execution logs
[2025-08-08T02:39:45.603+0000] {taskinstance.py:2076} INFO - Dependencies all met for dep_context=non-requeueable deps ti=<TaskInstance: climate_data.create_folder scheduled__2024-07-08T00:00:00+00:00 [queued]>
[2025-08-08T02:39:45.611+0000] {taskinstance.py:2076} INFO - Dependencies all met for dep_context=requeueable deps ti=<TaskInstance: climate_data.create_folder scheduled__2024-07-08T00:00:00+00:00 [queued]>
[2025-08-08T02:39:45.611+0000] {taskinstance.py:2306} INFO - Starting attempt 1 of 1
[2025-08-08T02:39:45.643+0000] {taskinstance.py:2330} INFO - Executing <Task(BashOperator): create_folder> on 2024-07-08 00:00:00+00:00
[2025-08-08T02:39:45.647+0000] {standard_task_runner.py:63} INFO - Started process 1732 to run task
[2025-08-08T02:39:45.650+0000] {standard_task_runner.py:90} INFO - Running: ['***', 'tasks', 'run', 'climate_data', 'create_folder', 'scheduled__2024-07-08T00:00:00+00:00', '--job-id', '536', '--raw', '--subdir', 'DAGS_FOLDER/climate_data.py', '--cfg-path', '/tmp/tmpm50aswm2']
[2025-08-08T02:39:45.652+0000] {standard_task_runner.py:91} INFO - Job 536: Subtask create_folder
[2025-08-08T02:39:45.665+0000] {logging_mixin.py:188} WARNING - /home/***/.local/lib/python3.9/site-packages/***/settings.py:195 DeprecationWarning: The sql_alchemy_conn option in [core] has been moved to the sql_alchemy_conn option in [database] - the old setting has been used, but please update your config.
[2025-08-08T02:39:45.706+0000] {task_command.py:426} INFO - Running <TaskInstance: climate_data.create_folder scheduled__2024-07-08T00:00:00+00:00 [running]> on host 1a6f5acf67f4
[2025-08-08T02:39:45.772+0000] {taskinstance.py:2648} INFO - Exporting env vars: AIRFLOW_CTX_DAG_OWNER='***' AIRFLOW_CTX_DAG_ID='climate_data' AIRFLOW_CTX_TASK_ID='create_folder' AIRFLOW_CTX_EXECUTION_DATE='2024-07-08T00:00:00+00:00' AIRFLOW_CTX_TRY_NUMBER='1' AIRFLOW_CTX_DAG_RUN_ID='scheduled__2024-07-08T00:00:00+00:00'
[2025-08-08T02:39:45.773+0000] {taskinstance.py:430} INFO - ::endgroup::
[2025-08-08T02:39:45.782+0000] {subprocess.py:63} INFO - Tmp dir root location: /tmp
[2025-08-08T02:39:45.782+0000] {subprocess.py:75} INFO - Running command: ['/usr/bin/bash', '-c', 'mkdir -p /home/***/host_documents/week2024-07-15']
[2025-08-08T02:39:45.791+0000] {subprocess.py:86} INFO - Output:
[2025-08-08T02:39:45.794+0000] {subprocess.py:97} INFO - Command exited with return code 0
[2025-08-08T02:39:45.795+0000] {taskinstance.py:441} INFO - ::group::Post task execution logs
[2025-08-08T02:39:45.814+0000] {taskinstance.py:1206} INFO - Marking task as SUCCESS. dag_id=climate_data, task_id=create_folder, run_id=scheduled__2024-07-08T00:00:00+00:00, execution_date=20240708T000000, start_date=20250808T023945, end_date=20250808T023945
[2025-08-08T02:39:45.862+0000] {local_task_job_runner.py:240} INFO - Task exited with return code 0
[2025-08-08T02:39:45.869+0000] {local_task_job_runner.py:222} INFO - ::endgroup::
[2025-08-08T02:42:44.182+0000] {local_task_job_runner.py:120} INFO - ::group::Pre task execution logs
[2025-08-08T02:42:44.202+0000] {taskinstance.py:2076} INFO - Dependencies all met for dep_context=non-requeueable deps ti=<TaskInstance: climate_data.create_folder scheduled__2024-07-08T00:00:00+00:00 [queued]>
[2025-08-08T02:42:44.209+0000] {taskinstance.py:2076} INFO - Dependencies all met for dep_context=requeueable deps ti=<TaskInstance: climate_data.create_folder scheduled__2024-07-08T00:00:00+00:00 [queued]>
[2025-08-08T02:42:44.210+0000] {taskinstance.py:2306} INFO - Starting attempt 1 of 1
[2025-08-08T02:42:44.234+0000] {taskinstance.py:2330} INFO - Executing <Task(BashOperator): create_folder> on 2024-07-08 00:00:00+00:00
[2025-08-08T02:42:44.239+0000] {standard_task_runner.py:63} INFO - Started process 2896 to run task
[2025-08-08T02:42:44.241+0000] {standard_task_runner.py:90} INFO - Running: ['***', 'tasks', 'run', 'climate_data', 'create_folder', 'scheduled__2024-07-08T00:00:00+00:00', '--job-id', '842', '--raw', '--subdir', 'DAGS_FOLDER/climate_data.py', '--cfg-path', '/tmp/tmp29lqrr16']
[2025-08-08T02:42:44.243+0000] {standard_task_runner.py:91} INFO - Job 842: Subtask create_folder
[2025-08-08T02:42:44.257+0000] {logging_mixin.py:188} WARNING - /home/***/.local/lib/python3.9/site-packages/***/settings.py:195 DeprecationWarning: The sql_alchemy_conn option in [core] has been moved to the sql_alchemy_conn option in [database] - the old setting has been used, but please update your config.
[2025-08-08T02:42:44.300+0000] {task_command.py:426} INFO - Running <TaskInstance: climate_data.create_folder scheduled__2024-07-08T00:00:00+00:00 [running]> on host 1a6f5acf67f4
[2025-08-08T02:42:44.374+0000] {taskinstance.py:2648} INFO - Exporting env vars: AIRFLOW_CTX_DAG_OWNER='***' AIRFLOW_CTX_DAG_ID='climate_data' AIRFLOW_CTX_TASK_ID='create_folder' AIRFLOW_CTX_EXECUTION_DATE='2024-07-08T00:00:00+00:00' AIRFLOW_CTX_TRY_NUMBER='1' AIRFLOW_CTX_DAG_RUN_ID='scheduled__2024-07-08T00:00:00+00:00'
[2025-08-08T02:42:44.375+0000] {taskinstance.py:430} INFO - ::endgroup::
[2025-08-08T02:42:44.383+0000] {subprocess.py:63} INFO - Tmp dir root location: /tmp
[2025-08-08T02:42:44.384+0000] {subprocess.py:75} INFO - Running command: ['/usr/bin/bash', '-c', 'mkdir -p "/home/***/host_documents/week2024-07-15"']
[2025-08-08T02:42:44.394+0000] {subprocess.py:86} INFO - Output:
[2025-08-08T02:42:44.398+0000] {subprocess.py:97} INFO - Command exited with return code 0
[2025-08-08T02:42:44.399+0000] {taskinstance.py:441} INFO - ::group::Post task execution logs
[2025-08-08T02:42:44.419+0000] {taskinstance.py:1206} INFO - Marking task as SUCCESS. dag_id=climate_data, task_id=create_folder, run_id=scheduled__2024-07-08T00:00:00+00:00, execution_date=20240708T000000, start_date=20250808T024244, end_date=20250808T024244
[2025-08-08T02:42:44.454+0000] {local_task_job_runner.py:240} INFO - Task exited with return code 0
[2025-08-08T02:42:44.477+0000] {taskinstance.py:3498} INFO - 1 downstream tasks scheduled from follow-on schedule check
[2025-08-08T02:42:44.479+0000] {local_task_job_runner.py:222} INFO - ::endgroup::
