[2025-08-08T02:26:27.624+0000] {local_task_job_runner.py:120} INFO - ::group::Pre task execution logs
[2025-08-08T02:26:27.646+0000] {taskinstance.py:2076} INFO - Dependencies all met for dep_context=non-requeueable deps ti=<TaskInstance: climate_data.create_folder scheduled__2023-03-20T00:00:00+00:00 [queued]>
[2025-08-08T02:26:27.653+0000] {taskinstance.py:2076} INFO - Dependencies all met for dep_context=requeueable deps ti=<TaskInstance: climate_data.create_folder scheduled__2023-03-20T00:00:00+00:00 [queued]>
[2025-08-08T02:26:27.654+0000] {taskinstance.py:2306} INFO - Starting attempt 1 of 1
[2025-08-08T02:26:27.664+0000] {taskinstance.py:2330} INFO - Executing <Task(BashOperator): create_folder> on 2023-03-20 00:00:00+00:00
[2025-08-08T02:26:27.669+0000] {standard_task_runner.py:63} INFO - Started process 338 to run task
[2025-08-08T02:26:27.672+0000] {standard_task_runner.py:90} INFO - Running: ['***', 'tasks', 'run', 'climate_data', 'create_folder', 'scheduled__2023-03-20T00:00:00+00:00', '--job-id', '59', '--raw', '--subdir', 'DAGS_FOLDER/climate_data.py', '--cfg-path', '/tmp/tmpnh1y9vk1']
[2025-08-08T02:26:27.675+0000] {standard_task_runner.py:91} INFO - Job 59: Subtask create_folder
[2025-08-08T02:26:27.689+0000] {logging_mixin.py:188} WARNING - /home/***/.local/lib/python3.9/site-packages/***/settings.py:195 DeprecationWarning: The sql_alchemy_conn option in [core] has been moved to the sql_alchemy_conn option in [database] - the old setting has been used, but please update your config.
[2025-08-08T02:26:27.729+0000] {task_command.py:426} INFO - Running <TaskInstance: climate_data.create_folder scheduled__2023-03-20T00:00:00+00:00 [running]> on host 3ceab82043f1
[2025-08-08T02:26:27.789+0000] {taskinstance.py:2648} INFO - Exporting env vars: AIRFLOW_CTX_DAG_OWNER='***' AIRFLOW_CTX_DAG_ID='climate_data' AIRFLOW_CTX_TASK_ID='create_folder' AIRFLOW_CTX_EXECUTION_DATE='2023-03-20T00:00:00+00:00' AIRFLOW_CTX_TRY_NUMBER='1' AIRFLOW_CTX_DAG_RUN_ID='scheduled__2023-03-20T00:00:00+00:00'
[2025-08-08T02:26:27.790+0000] {taskinstance.py:430} INFO - ::endgroup::
[2025-08-08T02:26:27.801+0000] {subprocess.py:63} INFO - Tmp dir root location: /tmp
[2025-08-08T02:26:27.802+0000] {subprocess.py:75} INFO - Running command: ['/usr/bin/bash', '-c', 'mkdir -p /home/***/host_documents/week2023-03-27"']
[2025-08-08T02:26:27.809+0000] {subprocess.py:86} INFO - Output:
[2025-08-08T02:26:27.810+0000] {subprocess.py:93} INFO - /usr/bin/bash: -c: line 1: unexpected EOF while looking for matching `"'
[2025-08-08T02:26:27.811+0000] {subprocess.py:97} INFO - Command exited with return code 2
[2025-08-08T02:26:27.812+0000] {taskinstance.py:441} INFO - ::group::Post task execution logs
[2025-08-08T02:26:27.818+0000] {taskinstance.py:2905} ERROR - Task failed with exception
Traceback (most recent call last):
  File "/home/airflow/.local/lib/python3.9/site-packages/airflow/models/taskinstance.py", line 465, in _execute_task
    result = _execute_callable(context=context, **execute_callable_kwargs)
  File "/home/airflow/.local/lib/python3.9/site-packages/airflow/models/taskinstance.py", line 432, in _execute_callable
    return execute_callable(context=context, **execute_callable_kwargs)
  File "/home/airflow/.local/lib/python3.9/site-packages/airflow/models/baseoperator.py", line 400, in wrapper
    return func(self, *args, **kwargs)
  File "/home/airflow/.local/lib/python3.9/site-packages/airflow/operators/bash.py", line 243, in execute
    raise AirflowException(
airflow.exceptions.AirflowException: Bash command failed. The command returned a non-zero exit code 2.
[2025-08-08T02:26:27.821+0000] {taskinstance.py:1206} INFO - Marking task as FAILED. dag_id=climate_data, task_id=create_folder, run_id=scheduled__2023-03-20T00:00:00+00:00, execution_date=20230320T000000, start_date=20250808T022627, end_date=20250808T022627
[2025-08-08T02:26:27.830+0000] {standard_task_runner.py:110} ERROR - Failed to execute job 59 for task create_folder (Bash command failed. The command returned a non-zero exit code 2.; 338)
[2025-08-08T02:26:27.843+0000] {local_task_job_runner.py:240} INFO - Task exited with return code 1
[2025-08-08T02:26:27.857+0000] {taskinstance.py:3498} INFO - 0 downstream tasks scheduled from follow-on schedule check
[2025-08-08T02:26:27.860+0000] {local_task_job_runner.py:222} INFO - ::endgroup::
[2025-08-08T02:34:45.659+0000] {local_task_job_runner.py:120} INFO - ::group::Pre task execution logs
[2025-08-08T02:34:45.681+0000] {taskinstance.py:2076} INFO - Dependencies all met for dep_context=non-requeueable deps ti=<TaskInstance: climate_data.create_folder scheduled__2023-03-20T00:00:00+00:00 [queued]>
[2025-08-08T02:34:45.689+0000] {taskinstance.py:2076} INFO - Dependencies all met for dep_context=requeueable deps ti=<TaskInstance: climate_data.create_folder scheduled__2023-03-20T00:00:00+00:00 [queued]>
[2025-08-08T02:34:45.689+0000] {taskinstance.py:2306} INFO - Starting attempt 1 of 1
[2025-08-08T02:34:45.698+0000] {taskinstance.py:2330} INFO - Executing <Task(BashOperator): create_folder> on 2023-03-20 00:00:00+00:00
[2025-08-08T02:34:45.702+0000] {standard_task_runner.py:63} INFO - Started process 370 to run task
[2025-08-08T02:34:45.704+0000] {standard_task_runner.py:90} INFO - Running: ['***', 'tasks', 'run', 'climate_data', 'create_folder', 'scheduled__2023-03-20T00:00:00+00:00', '--job-id', '214', '--raw', '--subdir', 'DAGS_FOLDER/climate_data.py', '--cfg-path', '/tmp/tmpnkdo8aq_']
[2025-08-08T02:34:45.706+0000] {standard_task_runner.py:91} INFO - Job 214: Subtask create_folder
[2025-08-08T02:34:45.717+0000] {logging_mixin.py:188} WARNING - /home/***/.local/lib/python3.9/site-packages/***/settings.py:195 DeprecationWarning: The sql_alchemy_conn option in [core] has been moved to the sql_alchemy_conn option in [database] - the old setting has been used, but please update your config.
[2025-08-08T02:34:45.755+0000] {task_command.py:426} INFO - Running <TaskInstance: climate_data.create_folder scheduled__2023-03-20T00:00:00+00:00 [running]> on host 1a6f5acf67f4
[2025-08-08T02:34:45.814+0000] {taskinstance.py:2648} INFO - Exporting env vars: AIRFLOW_CTX_DAG_OWNER='***' AIRFLOW_CTX_DAG_ID='climate_data' AIRFLOW_CTX_TASK_ID='create_folder' AIRFLOW_CTX_EXECUTION_DATE='2023-03-20T00:00:00+00:00' AIRFLOW_CTX_TRY_NUMBER='1' AIRFLOW_CTX_DAG_RUN_ID='scheduled__2023-03-20T00:00:00+00:00'
[2025-08-08T02:34:45.815+0000] {taskinstance.py:430} INFO - ::endgroup::
[2025-08-08T02:34:45.822+0000] {subprocess.py:63} INFO - Tmp dir root location: /tmp
[2025-08-08T02:34:45.823+0000] {subprocess.py:75} INFO - Running command: ['/usr/bin/bash', '-c', 'mkdir -p /home/***/host_documents/week2023-03-27"']
[2025-08-08T02:34:45.830+0000] {subprocess.py:86} INFO - Output:
[2025-08-08T02:34:45.831+0000] {subprocess.py:93} INFO - /usr/bin/bash: -c: line 1: unexpected EOF while looking for matching `"'
[2025-08-08T02:34:45.832+0000] {subprocess.py:97} INFO - Command exited with return code 2
[2025-08-08T02:34:45.832+0000] {taskinstance.py:441} INFO - ::group::Post task execution logs
[2025-08-08T02:34:45.839+0000] {taskinstance.py:2905} ERROR - Task failed with exception
Traceback (most recent call last):
  File "/home/airflow/.local/lib/python3.9/site-packages/airflow/models/taskinstance.py", line 465, in _execute_task
    result = _execute_callable(context=context, **execute_callable_kwargs)
  File "/home/airflow/.local/lib/python3.9/site-packages/airflow/models/taskinstance.py", line 432, in _execute_callable
    return execute_callable(context=context, **execute_callable_kwargs)
  File "/home/airflow/.local/lib/python3.9/site-packages/airflow/models/baseoperator.py", line 400, in wrapper
    return func(self, *args, **kwargs)
  File "/home/airflow/.local/lib/python3.9/site-packages/airflow/operators/bash.py", line 243, in execute
    raise AirflowException(
airflow.exceptions.AirflowException: Bash command failed. The command returned a non-zero exit code 2.
[2025-08-08T02:34:45.841+0000] {taskinstance.py:1206} INFO - Marking task as FAILED. dag_id=climate_data, task_id=create_folder, run_id=scheduled__2023-03-20T00:00:00+00:00, execution_date=20230320T000000, start_date=20250808T023445, end_date=20250808T023445
[2025-08-08T02:34:45.849+0000] {standard_task_runner.py:110} ERROR - Failed to execute job 214 for task create_folder (Bash command failed. The command returned a non-zero exit code 2.; 370)
[2025-08-08T02:34:45.877+0000] {local_task_job_runner.py:240} INFO - Task exited with return code 1
[2025-08-08T02:34:45.893+0000] {taskinstance.py:3498} INFO - 0 downstream tasks scheduled from follow-on schedule check
[2025-08-08T02:34:45.896+0000] {local_task_job_runner.py:222} INFO - ::endgroup::
[2025-08-08T02:39:19.887+0000] {local_task_job_runner.py:120} INFO - ::group::Pre task execution logs
[2025-08-08T02:39:19.912+0000] {taskinstance.py:2076} INFO - Dependencies all met for dep_context=non-requeueable deps ti=<TaskInstance: climate_data.create_folder scheduled__2023-03-20T00:00:00+00:00 [queued]>
[2025-08-08T02:39:19.923+0000] {taskinstance.py:2076} INFO - Dependencies all met for dep_context=requeueable deps ti=<TaskInstance: climate_data.create_folder scheduled__2023-03-20T00:00:00+00:00 [queued]>
[2025-08-08T02:39:19.923+0000] {taskinstance.py:2306} INFO - Starting attempt 1 of 1
[2025-08-08T02:39:20.010+0000] {taskinstance.py:2330} INFO - Executing <Task(BashOperator): create_folder> on 2023-03-20 00:00:00+00:00
[2025-08-08T02:39:20.014+0000] {standard_task_runner.py:63} INFO - Started process 1220 to run task
[2025-08-08T02:39:20.018+0000] {standard_task_runner.py:90} INFO - Running: ['***', 'tasks', 'run', 'climate_data', 'create_folder', 'scheduled__2023-03-20T00:00:00+00:00', '--job-id', '393', '--raw', '--subdir', 'DAGS_FOLDER/climate_data.py', '--cfg-path', '/tmp/tmp29d0x_rs']
[2025-08-08T02:39:20.020+0000] {standard_task_runner.py:91} INFO - Job 393: Subtask create_folder
[2025-08-08T02:39:20.034+0000] {logging_mixin.py:188} WARNING - /home/***/.local/lib/python3.9/site-packages/***/settings.py:195 DeprecationWarning: The sql_alchemy_conn option in [core] has been moved to the sql_alchemy_conn option in [database] - the old setting has been used, but please update your config.
[2025-08-08T02:39:20.085+0000] {task_command.py:426} INFO - Running <TaskInstance: climate_data.create_folder scheduled__2023-03-20T00:00:00+00:00 [running]> on host 1a6f5acf67f4
[2025-08-08T02:39:20.152+0000] {taskinstance.py:2648} INFO - Exporting env vars: AIRFLOW_CTX_DAG_OWNER='***' AIRFLOW_CTX_DAG_ID='climate_data' AIRFLOW_CTX_TASK_ID='create_folder' AIRFLOW_CTX_EXECUTION_DATE='2023-03-20T00:00:00+00:00' AIRFLOW_CTX_TRY_NUMBER='1' AIRFLOW_CTX_DAG_RUN_ID='scheduled__2023-03-20T00:00:00+00:00'
[2025-08-08T02:39:20.153+0000] {taskinstance.py:430} INFO - ::endgroup::
[2025-08-08T02:39:20.160+0000] {subprocess.py:63} INFO - Tmp dir root location: /tmp
[2025-08-08T02:39:20.162+0000] {subprocess.py:75} INFO - Running command: ['/usr/bin/bash', '-c', 'mkdir -p /home/***/host_documents/week2023-03-27']
[2025-08-08T02:39:20.169+0000] {subprocess.py:86} INFO - Output:
[2025-08-08T02:39:20.173+0000] {subprocess.py:97} INFO - Command exited with return code 0
[2025-08-08T02:39:20.174+0000] {taskinstance.py:441} INFO - ::group::Post task execution logs
[2025-08-08T02:39:20.193+0000] {taskinstance.py:1206} INFO - Marking task as SUCCESS. dag_id=climate_data, task_id=create_folder, run_id=scheduled__2023-03-20T00:00:00+00:00, execution_date=20230320T000000, start_date=20250808T023919, end_date=20250808T023920
[2025-08-08T02:39:20.230+0000] {local_task_job_runner.py:240} INFO - Task exited with return code 0
[2025-08-08T02:39:20.243+0000] {taskinstance.py:3498} INFO - 1 downstream tasks scheduled from follow-on schedule check
[2025-08-08T02:39:20.245+0000] {local_task_job_runner.py:222} INFO - ::endgroup::
[2025-08-08T02:42:17.840+0000] {local_task_job_runner.py:120} INFO - ::group::Pre task execution logs
[2025-08-08T02:42:17.862+0000] {taskinstance.py:2076} INFO - Dependencies all met for dep_context=non-requeueable deps ti=<TaskInstance: climate_data.create_folder scheduled__2023-03-20T00:00:00+00:00 [queued]>
[2025-08-08T02:42:17.871+0000] {taskinstance.py:2076} INFO - Dependencies all met for dep_context=requeueable deps ti=<TaskInstance: climate_data.create_folder scheduled__2023-03-20T00:00:00+00:00 [queued]>
[2025-08-08T02:42:17.871+0000] {taskinstance.py:2306} INFO - Starting attempt 1 of 1
[2025-08-08T02:42:17.930+0000] {taskinstance.py:2330} INFO - Executing <Task(BashOperator): create_folder> on 2023-03-20 00:00:00+00:00
[2025-08-08T02:42:17.935+0000] {standard_task_runner.py:63} INFO - Started process 2395 to run task
[2025-08-08T02:42:17.939+0000] {standard_task_runner.py:90} INFO - Running: ['***', 'tasks', 'run', 'climate_data', 'create_folder', 'scheduled__2023-03-20T00:00:00+00:00', '--job-id', '701', '--raw', '--subdir', 'DAGS_FOLDER/climate_data.py', '--cfg-path', '/tmp/tmposb1pye5']
[2025-08-08T02:42:17.941+0000] {standard_task_runner.py:91} INFO - Job 701: Subtask create_folder
[2025-08-08T02:42:17.953+0000] {logging_mixin.py:188} WARNING - /home/***/.local/lib/python3.9/site-packages/***/settings.py:195 DeprecationWarning: The sql_alchemy_conn option in [core] has been moved to the sql_alchemy_conn option in [database] - the old setting has been used, but please update your config.
[2025-08-08T02:42:18.002+0000] {task_command.py:426} INFO - Running <TaskInstance: climate_data.create_folder scheduled__2023-03-20T00:00:00+00:00 [running]> on host 1a6f5acf67f4
[2025-08-08T02:42:18.065+0000] {taskinstance.py:2648} INFO - Exporting env vars: AIRFLOW_CTX_DAG_OWNER='***' AIRFLOW_CTX_DAG_ID='climate_data' AIRFLOW_CTX_TASK_ID='create_folder' AIRFLOW_CTX_EXECUTION_DATE='2023-03-20T00:00:00+00:00' AIRFLOW_CTX_TRY_NUMBER='1' AIRFLOW_CTX_DAG_RUN_ID='scheduled__2023-03-20T00:00:00+00:00'
[2025-08-08T02:42:18.065+0000] {taskinstance.py:430} INFO - ::endgroup::
[2025-08-08T02:42:18.073+0000] {subprocess.py:63} INFO - Tmp dir root location: /tmp
[2025-08-08T02:42:18.074+0000] {subprocess.py:75} INFO - Running command: ['/usr/bin/bash', '-c', 'mkdir -p "/home/***/host_documents/week2023-03-27"']
[2025-08-08T02:42:18.082+0000] {subprocess.py:86} INFO - Output:
[2025-08-08T02:42:18.085+0000] {subprocess.py:97} INFO - Command exited with return code 0
[2025-08-08T02:42:18.086+0000] {taskinstance.py:441} INFO - ::group::Post task execution logs
[2025-08-08T02:42:18.104+0000] {taskinstance.py:1206} INFO - Marking task as SUCCESS. dag_id=climate_data, task_id=create_folder, run_id=scheduled__2023-03-20T00:00:00+00:00, execution_date=20230320T000000, start_date=20250808T024217, end_date=20250808T024218
[2025-08-08T02:42:18.153+0000] {local_task_job_runner.py:240} INFO - Task exited with return code 0
[2025-08-08T02:42:18.167+0000] {taskinstance.py:3498} INFO - 1 downstream tasks scheduled from follow-on schedule check
[2025-08-08T02:42:18.169+0000] {local_task_job_runner.py:222} INFO - ::endgroup::
