[2025-08-08T02:27:05.596+0000] {local_task_job_runner.py:120} INFO - ::group::Pre task execution logs
[2025-08-08T02:27:05.621+0000] {taskinstance.py:2076} INFO - Dependencies all met for dep_context=non-requeueable deps ti=<TaskInstance: climate_data.create_folder scheduled__2025-05-26T00:00:00+00:00 [queued]>
[2025-08-08T02:27:05.629+0000] {taskinstance.py:2076} INFO - Dependencies all met for dep_context=requeueable deps ti=<TaskInstance: climate_data.create_folder scheduled__2025-05-26T00:00:00+00:00 [queued]>
[2025-08-08T02:27:05.630+0000] {taskinstance.py:2306} INFO - Starting attempt 1 of 1
[2025-08-08T02:27:05.669+0000] {taskinstance.py:2330} INFO - Executing <Task(BashOperator): create_folder> on 2025-05-26 00:00:00+00:00
[2025-08-08T02:27:05.673+0000] {standard_task_runner.py:63} INFO - Started process 814 to run task
[2025-08-08T02:27:05.677+0000] {standard_task_runner.py:90} INFO - Running: ['***', 'tasks', 'run', 'climate_data', 'create_folder', 'scheduled__2025-05-26T00:00:00+00:00', '--job-id', '173', '--raw', '--subdir', 'DAGS_FOLDER/climate_data.py', '--cfg-path', '/tmp/tmp_15z8uli']
[2025-08-08T02:27:05.679+0000] {standard_task_runner.py:91} INFO - Job 173: Subtask create_folder
[2025-08-08T02:27:05.693+0000] {logging_mixin.py:188} WARNING - /home/***/.local/lib/python3.9/site-packages/***/settings.py:195 DeprecationWarning: The sql_alchemy_conn option in [core] has been moved to the sql_alchemy_conn option in [database] - the old setting has been used, but please update your config.
[2025-08-08T02:27:05.736+0000] {task_command.py:426} INFO - Running <TaskInstance: climate_data.create_folder scheduled__2025-05-26T00:00:00+00:00 [running]> on host 3ceab82043f1
[2025-08-08T02:27:05.803+0000] {taskinstance.py:2648} INFO - Exporting env vars: AIRFLOW_CTX_DAG_OWNER='***' AIRFLOW_CTX_DAG_ID='climate_data' AIRFLOW_CTX_TASK_ID='create_folder' AIRFLOW_CTX_EXECUTION_DATE='2025-05-26T00:00:00+00:00' AIRFLOW_CTX_TRY_NUMBER='1' AIRFLOW_CTX_DAG_RUN_ID='scheduled__2025-05-26T00:00:00+00:00'
[2025-08-08T02:27:05.804+0000] {taskinstance.py:430} INFO - ::endgroup::
[2025-08-08T02:27:05.812+0000] {subprocess.py:63} INFO - Tmp dir root location: /tmp
[2025-08-08T02:27:05.813+0000] {subprocess.py:75} INFO - Running command: ['/usr/bin/bash', '-c', 'mkdir -p /home/***/host_documents/week2025-06-02"']
[2025-08-08T02:27:05.829+0000] {subprocess.py:86} INFO - Output:
[2025-08-08T02:27:05.831+0000] {subprocess.py:93} INFO - /usr/bin/bash: -c: line 1: unexpected EOF while looking for matching `"'
[2025-08-08T02:27:05.832+0000] {subprocess.py:97} INFO - Command exited with return code 2
[2025-08-08T02:27:05.835+0000] {taskinstance.py:441} INFO - ::group::Post task execution logs
[2025-08-08T02:27:05.847+0000] {taskinstance.py:2905} ERROR - Task failed with exception
Traceback (most recent call last):
  File "/home/airflow/.local/lib/python3.9/site-packages/airflow/models/taskinstance.py", line 465, in _execute_task
    result = _execute_callable(context=context, **execute_callable_kwargs)
  File "/home/airflow/.local/lib/python3.9/site-packages/airflow/models/taskinstance.py", line 432, in _execute_callable
    return execute_callable(context=context, **execute_callable_kwargs)
  File "/home/airflow/.local/lib/python3.9/site-packages/airflow/models/baseoperator.py", line 400, in wrapper
    return func(self, *args, **kwargs)
  File "/home/airflow/.local/lib/python3.9/site-packages/airflow/operators/bash.py", line 243, in execute
    raise AirflowException(
airflow.exceptions.AirflowException: Bash command failed. The command returned a non-zero exit code 2.
[2025-08-08T02:27:05.853+0000] {taskinstance.py:1206} INFO - Marking task as FAILED. dag_id=climate_data, task_id=create_folder, run_id=scheduled__2025-05-26T00:00:00+00:00, execution_date=20250526T000000, start_date=20250808T022705, end_date=20250808T022705
[2025-08-08T02:27:05.896+0000] {standard_task_runner.py:110} ERROR - Failed to execute job 173 for task create_folder (Bash command failed. The command returned a non-zero exit code 2.; 814)
[2025-08-08T02:27:05.929+0000] {local_task_job_runner.py:240} INFO - Task exited with return code 1
[2025-08-08T02:27:05.940+0000] {local_task_job_runner.py:222} INFO - ::endgroup::
[2025-08-08T02:35:26.828+0000] {local_task_job_runner.py:120} INFO - ::group::Pre task execution logs
[2025-08-08T02:35:26.849+0000] {taskinstance.py:2076} INFO - Dependencies all met for dep_context=non-requeueable deps ti=<TaskInstance: climate_data.create_folder scheduled__2025-05-26T00:00:00+00:00 [queued]>
[2025-08-08T02:35:26.856+0000] {taskinstance.py:2076} INFO - Dependencies all met for dep_context=requeueable deps ti=<TaskInstance: climate_data.create_folder scheduled__2025-05-26T00:00:00+00:00 [queued]>
[2025-08-08T02:35:26.857+0000] {taskinstance.py:2306} INFO - Starting attempt 1 of 1
[2025-08-08T02:35:26.868+0000] {taskinstance.py:2330} INFO - Executing <Task(BashOperator): create_folder> on 2025-05-26 00:00:00+00:00
[2025-08-08T02:35:26.872+0000] {standard_task_runner.py:63} INFO - Started process 856 to run task
[2025-08-08T02:35:26.875+0000] {standard_task_runner.py:90} INFO - Running: ['***', 'tasks', 'run', 'climate_data', 'create_folder', 'scheduled__2025-05-26T00:00:00+00:00', '--job-id', '329', '--raw', '--subdir', 'DAGS_FOLDER/climate_data.py', '--cfg-path', '/tmp/tmpwu0rgih5']
[2025-08-08T02:35:26.877+0000] {standard_task_runner.py:91} INFO - Job 329: Subtask create_folder
[2025-08-08T02:35:26.894+0000] {logging_mixin.py:188} WARNING - /home/***/.local/lib/python3.9/site-packages/***/settings.py:195 DeprecationWarning: The sql_alchemy_conn option in [core] has been moved to the sql_alchemy_conn option in [database] - the old setting has been used, but please update your config.
[2025-08-08T02:35:26.946+0000] {task_command.py:426} INFO - Running <TaskInstance: climate_data.create_folder scheduled__2025-05-26T00:00:00+00:00 [running]> on host 1a6f5acf67f4
[2025-08-08T02:35:27.022+0000] {taskinstance.py:2648} INFO - Exporting env vars: AIRFLOW_CTX_DAG_OWNER='***' AIRFLOW_CTX_DAG_ID='climate_data' AIRFLOW_CTX_TASK_ID='create_folder' AIRFLOW_CTX_EXECUTION_DATE='2025-05-26T00:00:00+00:00' AIRFLOW_CTX_TRY_NUMBER='1' AIRFLOW_CTX_DAG_RUN_ID='scheduled__2025-05-26T00:00:00+00:00'
[2025-08-08T02:35:27.023+0000] {taskinstance.py:430} INFO - ::endgroup::
[2025-08-08T02:35:27.032+0000] {subprocess.py:63} INFO - Tmp dir root location: /tmp
[2025-08-08T02:35:27.033+0000] {subprocess.py:75} INFO - Running command: ['/usr/bin/bash', '-c', 'mkdir -p /home/***/host_documents/week2025-06-02"']
[2025-08-08T02:35:27.043+0000] {subprocess.py:86} INFO - Output:
[2025-08-08T02:35:27.044+0000] {subprocess.py:93} INFO - /usr/bin/bash: -c: line 1: unexpected EOF while looking for matching `"'
[2025-08-08T02:35:27.045+0000] {subprocess.py:97} INFO - Command exited with return code 2
[2025-08-08T02:35:27.046+0000] {taskinstance.py:441} INFO - ::group::Post task execution logs
[2025-08-08T02:35:27.056+0000] {taskinstance.py:2905} ERROR - Task failed with exception
Traceback (most recent call last):
  File "/home/airflow/.local/lib/python3.9/site-packages/airflow/models/taskinstance.py", line 465, in _execute_task
    result = _execute_callable(context=context, **execute_callable_kwargs)
  File "/home/airflow/.local/lib/python3.9/site-packages/airflow/models/taskinstance.py", line 432, in _execute_callable
    return execute_callable(context=context, **execute_callable_kwargs)
  File "/home/airflow/.local/lib/python3.9/site-packages/airflow/models/baseoperator.py", line 400, in wrapper
    return func(self, *args, **kwargs)
  File "/home/airflow/.local/lib/python3.9/site-packages/airflow/operators/bash.py", line 243, in execute
    raise AirflowException(
airflow.exceptions.AirflowException: Bash command failed. The command returned a non-zero exit code 2.
[2025-08-08T02:35:27.059+0000] {taskinstance.py:1206} INFO - Marking task as FAILED. dag_id=climate_data, task_id=create_folder, run_id=scheduled__2025-05-26T00:00:00+00:00, execution_date=20250526T000000, start_date=20250808T023526, end_date=20250808T023527
[2025-08-08T02:35:27.069+0000] {standard_task_runner.py:110} ERROR - Failed to execute job 329 for task create_folder (Bash command failed. The command returned a non-zero exit code 2.; 856)
[2025-08-08T02:35:27.088+0000] {local_task_job_runner.py:240} INFO - Task exited with return code 1
[2025-08-08T02:35:27.105+0000] {taskinstance.py:3498} INFO - 0 downstream tasks scheduled from follow-on schedule check
[2025-08-08T02:35:27.109+0000] {local_task_job_runner.py:222} INFO - ::endgroup::
[2025-08-08T02:39:57.105+0000] {local_task_job_runner.py:120} INFO - ::group::Pre task execution logs
[2025-08-08T02:39:57.126+0000] {taskinstance.py:2076} INFO - Dependencies all met for dep_context=non-requeueable deps ti=<TaskInstance: climate_data.create_folder scheduled__2025-05-26T00:00:00+00:00 [queued]>
[2025-08-08T02:39:57.135+0000] {taskinstance.py:2076} INFO - Dependencies all met for dep_context=requeueable deps ti=<TaskInstance: climate_data.create_folder scheduled__2025-05-26T00:00:00+00:00 [queued]>
[2025-08-08T02:39:57.136+0000] {taskinstance.py:2306} INFO - Starting attempt 1 of 1
[2025-08-08T02:39:57.210+0000] {taskinstance.py:2330} INFO - Executing <Task(BashOperator): create_folder> on 2025-05-26 00:00:00+00:00
[2025-08-08T02:39:57.215+0000] {standard_task_runner.py:63} INFO - Started process 2036 to run task
[2025-08-08T02:39:57.218+0000] {standard_task_runner.py:90} INFO - Running: ['***', 'tasks', 'run', 'climate_data', 'create_folder', 'scheduled__2025-05-26T00:00:00+00:00', '--job-id', '622', '--raw', '--subdir', 'DAGS_FOLDER/climate_data.py', '--cfg-path', '/tmp/tmpfjfuy8zd']
[2025-08-08T02:39:57.221+0000] {standard_task_runner.py:91} INFO - Job 622: Subtask create_folder
[2025-08-08T02:39:57.235+0000] {logging_mixin.py:188} WARNING - /home/***/.local/lib/python3.9/site-packages/***/settings.py:195 DeprecationWarning: The sql_alchemy_conn option in [core] has been moved to the sql_alchemy_conn option in [database] - the old setting has been used, but please update your config.
[2025-08-08T02:39:57.278+0000] {task_command.py:426} INFO - Running <TaskInstance: climate_data.create_folder scheduled__2025-05-26T00:00:00+00:00 [running]> on host 1a6f5acf67f4
[2025-08-08T02:39:57.344+0000] {taskinstance.py:2648} INFO - Exporting env vars: AIRFLOW_CTX_DAG_OWNER='***' AIRFLOW_CTX_DAG_ID='climate_data' AIRFLOW_CTX_TASK_ID='create_folder' AIRFLOW_CTX_EXECUTION_DATE='2025-05-26T00:00:00+00:00' AIRFLOW_CTX_TRY_NUMBER='1' AIRFLOW_CTX_DAG_RUN_ID='scheduled__2025-05-26T00:00:00+00:00'
[2025-08-08T02:39:57.347+0000] {taskinstance.py:430} INFO - ::endgroup::
[2025-08-08T02:39:57.354+0000] {subprocess.py:63} INFO - Tmp dir root location: /tmp
[2025-08-08T02:39:57.356+0000] {subprocess.py:75} INFO - Running command: ['/usr/bin/bash', '-c', 'mkdir -p /home/***/host_documents/week2025-06-02']
[2025-08-08T02:39:57.366+0000] {subprocess.py:86} INFO - Output:
[2025-08-08T02:39:57.369+0000] {subprocess.py:97} INFO - Command exited with return code 0
[2025-08-08T02:39:57.370+0000] {taskinstance.py:441} INFO - ::group::Post task execution logs
[2025-08-08T02:39:57.392+0000] {taskinstance.py:1206} INFO - Marking task as SUCCESS. dag_id=climate_data, task_id=create_folder, run_id=scheduled__2025-05-26T00:00:00+00:00, execution_date=20250526T000000, start_date=20250808T023957, end_date=20250808T023957
[2025-08-08T02:39:57.431+0000] {local_task_job_runner.py:240} INFO - Task exited with return code 0
[2025-08-08T02:39:57.447+0000] {taskinstance.py:3498} INFO - 1 downstream tasks scheduled from follow-on schedule check
[2025-08-08T02:39:57.450+0000] {local_task_job_runner.py:222} INFO - ::endgroup::
[2025-08-08T02:42:58.355+0000] {local_task_job_runner.py:120} INFO - ::group::Pre task execution logs
[2025-08-08T02:42:58.373+0000] {taskinstance.py:2076} INFO - Dependencies all met for dep_context=non-requeueable deps ti=<TaskInstance: climate_data.create_folder scheduled__2025-05-26T00:00:00+00:00 [queued]>
[2025-08-08T02:42:58.378+0000] {taskinstance.py:2076} INFO - Dependencies all met for dep_context=requeueable deps ti=<TaskInstance: climate_data.create_folder scheduled__2025-05-26T00:00:00+00:00 [queued]>
[2025-08-08T02:42:58.379+0000] {taskinstance.py:2306} INFO - Starting attempt 1 of 1
[2025-08-08T02:42:58.386+0000] {taskinstance.py:2330} INFO - Executing <Task(BashOperator): create_folder> on 2025-05-26 00:00:00+00:00
[2025-08-08T02:42:58.390+0000] {standard_task_runner.py:63} INFO - Started process 3224 to run task
[2025-08-08T02:42:58.392+0000] {standard_task_runner.py:90} INFO - Running: ['***', 'tasks', 'run', 'climate_data', 'create_folder', 'scheduled__2025-05-26T00:00:00+00:00', '--job-id', '936', '--raw', '--subdir', 'DAGS_FOLDER/climate_data.py', '--cfg-path', '/tmp/tmpvnxbjvv0']
[2025-08-08T02:42:58.394+0000] {standard_task_runner.py:91} INFO - Job 936: Subtask create_folder
[2025-08-08T02:42:58.404+0000] {logging_mixin.py:188} WARNING - /home/***/.local/lib/python3.9/site-packages/***/settings.py:195 DeprecationWarning: The sql_alchemy_conn option in [core] has been moved to the sql_alchemy_conn option in [database] - the old setting has been used, but please update your config.
[2025-08-08T02:42:58.435+0000] {task_command.py:426} INFO - Running <TaskInstance: climate_data.create_folder scheduled__2025-05-26T00:00:00+00:00 [running]> on host 1a6f5acf67f4
[2025-08-08T02:42:58.490+0000] {taskinstance.py:2648} INFO - Exporting env vars: AIRFLOW_CTX_DAG_OWNER='***' AIRFLOW_CTX_DAG_ID='climate_data' AIRFLOW_CTX_TASK_ID='create_folder' AIRFLOW_CTX_EXECUTION_DATE='2025-05-26T00:00:00+00:00' AIRFLOW_CTX_TRY_NUMBER='1' AIRFLOW_CTX_DAG_RUN_ID='scheduled__2025-05-26T00:00:00+00:00'
[2025-08-08T02:42:58.491+0000] {taskinstance.py:430} INFO - ::endgroup::
[2025-08-08T02:42:58.498+0000] {subprocess.py:63} INFO - Tmp dir root location: /tmp
[2025-08-08T02:42:58.498+0000] {subprocess.py:75} INFO - Running command: ['/usr/bin/bash', '-c', 'mkdir -p "/home/***/host_documents/week2025-06-02"']
[2025-08-08T02:42:58.506+0000] {subprocess.py:86} INFO - Output:
[2025-08-08T02:42:58.509+0000] {subprocess.py:97} INFO - Command exited with return code 0
[2025-08-08T02:42:58.509+0000] {taskinstance.py:441} INFO - ::group::Post task execution logs
[2025-08-08T02:42:58.524+0000] {taskinstance.py:1206} INFO - Marking task as SUCCESS. dag_id=climate_data, task_id=create_folder, run_id=scheduled__2025-05-26T00:00:00+00:00, execution_date=20250526T000000, start_date=20250808T024258, end_date=20250808T024258
[2025-08-08T02:42:58.564+0000] {local_task_job_runner.py:240} INFO - Task exited with return code 0
[2025-08-08T02:42:58.578+0000] {taskinstance.py:3498} INFO - 1 downstream tasks scheduled from follow-on schedule check
[2025-08-08T02:42:58.579+0000] {local_task_job_runner.py:222} INFO - ::endgroup::
