[2025-08-08T02:26:23.132+0000] {local_task_job_runner.py:120} INFO - ::group::Pre task execution logs
[2025-08-08T02:26:23.155+0000] {taskinstance.py:2076} INFO - Dependencies all met for dep_context=non-requeueable deps ti=<TaskInstance: climate_data.create_folder scheduled__2022-11-21T00:00:00+00:00 [queued]>
[2025-08-08T02:26:23.166+0000] {taskinstance.py:2076} INFO - Dependencies all met for dep_context=requeueable deps ti=<TaskInstance: climate_data.create_folder scheduled__2022-11-21T00:00:00+00:00 [queued]>
[2025-08-08T02:26:23.167+0000] {taskinstance.py:2306} INFO - Starting attempt 1 of 1
[2025-08-08T02:26:23.184+0000] {taskinstance.py:2330} INFO - Executing <Task(BashOperator): create_folder> on 2022-11-21 00:00:00+00:00
[2025-08-08T02:26:23.188+0000] {standard_task_runner.py:63} INFO - Started process 274 to run task
[2025-08-08T02:26:23.191+0000] {standard_task_runner.py:90} INFO - Running: ['***', 'tasks', 'run', 'climate_data', 'create_folder', 'scheduled__2022-11-21T00:00:00+00:00', '--job-id', '42', '--raw', '--subdir', 'DAGS_FOLDER/climate_data.py', '--cfg-path', '/tmp/tmp0i6f7j7t']
[2025-08-08T02:26:23.194+0000] {standard_task_runner.py:91} INFO - Job 42: Subtask create_folder
[2025-08-08T02:26:23.213+0000] {logging_mixin.py:188} WARNING - /home/***/.local/lib/python3.9/site-packages/***/settings.py:195 DeprecationWarning: The sql_alchemy_conn option in [core] has been moved to the sql_alchemy_conn option in [database] - the old setting has been used, but please update your config.
[2025-08-08T02:26:23.258+0000] {task_command.py:426} INFO - Running <TaskInstance: climate_data.create_folder scheduled__2022-11-21T00:00:00+00:00 [running]> on host 3ceab82043f1
[2025-08-08T02:26:23.342+0000] {taskinstance.py:2648} INFO - Exporting env vars: AIRFLOW_CTX_DAG_OWNER='***' AIRFLOW_CTX_DAG_ID='climate_data' AIRFLOW_CTX_TASK_ID='create_folder' AIRFLOW_CTX_EXECUTION_DATE='2022-11-21T00:00:00+00:00' AIRFLOW_CTX_TRY_NUMBER='1' AIRFLOW_CTX_DAG_RUN_ID='scheduled__2022-11-21T00:00:00+00:00'
[2025-08-08T02:26:23.344+0000] {taskinstance.py:430} INFO - ::endgroup::
[2025-08-08T02:26:23.352+0000] {subprocess.py:63} INFO - Tmp dir root location: /tmp
[2025-08-08T02:26:23.353+0000] {subprocess.py:75} INFO - Running command: ['/usr/bin/bash', '-c', 'mkdir -p /home/***/host_documents/week2022-11-28"']
[2025-08-08T02:26:23.363+0000] {subprocess.py:86} INFO - Output:
[2025-08-08T02:26:23.365+0000] {subprocess.py:93} INFO - /usr/bin/bash: -c: line 1: unexpected EOF while looking for matching `"'
[2025-08-08T02:26:23.368+0000] {subprocess.py:97} INFO - Command exited with return code 2
[2025-08-08T02:26:23.369+0000] {taskinstance.py:441} INFO - ::group::Post task execution logs
[2025-08-08T02:26:23.380+0000] {taskinstance.py:2905} ERROR - Task failed with exception
Traceback (most recent call last):
  File "/home/airflow/.local/lib/python3.9/site-packages/airflow/models/taskinstance.py", line 465, in _execute_task
    result = _execute_callable(context=context, **execute_callable_kwargs)
  File "/home/airflow/.local/lib/python3.9/site-packages/airflow/models/taskinstance.py", line 432, in _execute_callable
    return execute_callable(context=context, **execute_callable_kwargs)
  File "/home/airflow/.local/lib/python3.9/site-packages/airflow/models/baseoperator.py", line 400, in wrapper
    return func(self, *args, **kwargs)
  File "/home/airflow/.local/lib/python3.9/site-packages/airflow/operators/bash.py", line 243, in execute
    raise AirflowException(
airflow.exceptions.AirflowException: Bash command failed. The command returned a non-zero exit code 2.
[2025-08-08T02:26:23.384+0000] {taskinstance.py:1206} INFO - Marking task as FAILED. dag_id=climate_data, task_id=create_folder, run_id=scheduled__2022-11-21T00:00:00+00:00, execution_date=20221121T000000, start_date=20250808T022623, end_date=20250808T022623
[2025-08-08T02:26:23.396+0000] {standard_task_runner.py:110} ERROR - Failed to execute job 42 for task create_folder (Bash command failed. The command returned a non-zero exit code 2.; 274)
[2025-08-08T02:26:23.404+0000] {local_task_job_runner.py:240} INFO - Task exited with return code 1
[2025-08-08T02:26:23.421+0000] {taskinstance.py:3498} INFO - 0 downstream tasks scheduled from follow-on schedule check
[2025-08-08T02:26:23.427+0000] {local_task_job_runner.py:222} INFO - ::endgroup::
[2025-08-08T02:34:41.709+0000] {local_task_job_runner.py:120} INFO - ::group::Pre task execution logs
[2025-08-08T02:34:41.733+0000] {taskinstance.py:2076} INFO - Dependencies all met for dep_context=non-requeueable deps ti=<TaskInstance: climate_data.create_folder scheduled__2022-11-21T00:00:00+00:00 [queued]>
[2025-08-08T02:34:41.741+0000] {taskinstance.py:2076} INFO - Dependencies all met for dep_context=requeueable deps ti=<TaskInstance: climate_data.create_folder scheduled__2022-11-21T00:00:00+00:00 [queued]>
[2025-08-08T02:34:41.741+0000] {taskinstance.py:2306} INFO - Starting attempt 1 of 1
[2025-08-08T02:34:41.795+0000] {taskinstance.py:2330} INFO - Executing <Task(BashOperator): create_folder> on 2022-11-21 00:00:00+00:00
[2025-08-08T02:34:41.802+0000] {standard_task_runner.py:63} INFO - Started process 307 to run task
[2025-08-08T02:34:41.804+0000] {standard_task_runner.py:90} INFO - Running: ['***', 'tasks', 'run', 'climate_data', 'create_folder', 'scheduled__2022-11-21T00:00:00+00:00', '--job-id', '197', '--raw', '--subdir', 'DAGS_FOLDER/climate_data.py', '--cfg-path', '/tmp/tmp75kaof8r']
[2025-08-08T02:34:41.807+0000] {standard_task_runner.py:91} INFO - Job 197: Subtask create_folder
[2025-08-08T02:34:41.820+0000] {logging_mixin.py:188} WARNING - /home/***/.local/lib/python3.9/site-packages/***/settings.py:195 DeprecationWarning: The sql_alchemy_conn option in [core] has been moved to the sql_alchemy_conn option in [database] - the old setting has been used, but please update your config.
[2025-08-08T02:34:41.870+0000] {task_command.py:426} INFO - Running <TaskInstance: climate_data.create_folder scheduled__2022-11-21T00:00:00+00:00 [running]> on host 1a6f5acf67f4
[2025-08-08T02:34:41.940+0000] {taskinstance.py:2648} INFO - Exporting env vars: AIRFLOW_CTX_DAG_OWNER='***' AIRFLOW_CTX_DAG_ID='climate_data' AIRFLOW_CTX_TASK_ID='create_folder' AIRFLOW_CTX_EXECUTION_DATE='2022-11-21T00:00:00+00:00' AIRFLOW_CTX_TRY_NUMBER='1' AIRFLOW_CTX_DAG_RUN_ID='scheduled__2022-11-21T00:00:00+00:00'
[2025-08-08T02:34:41.941+0000] {taskinstance.py:430} INFO - ::endgroup::
[2025-08-08T02:34:41.952+0000] {subprocess.py:63} INFO - Tmp dir root location: /tmp
[2025-08-08T02:34:41.952+0000] {subprocess.py:75} INFO - Running command: ['/usr/bin/bash', '-c', 'mkdir -p /home/***/host_documents/week2022-11-28"']
[2025-08-08T02:34:41.962+0000] {subprocess.py:86} INFO - Output:
[2025-08-08T02:34:41.964+0000] {subprocess.py:93} INFO - /usr/bin/bash: -c: line 1: unexpected EOF while looking for matching `"'
[2025-08-08T02:34:41.965+0000] {subprocess.py:97} INFO - Command exited with return code 2
[2025-08-08T02:34:41.966+0000] {taskinstance.py:441} INFO - ::group::Post task execution logs
[2025-08-08T02:34:41.975+0000] {taskinstance.py:2905} ERROR - Task failed with exception
Traceback (most recent call last):
  File "/home/airflow/.local/lib/python3.9/site-packages/airflow/models/taskinstance.py", line 465, in _execute_task
    result = _execute_callable(context=context, **execute_callable_kwargs)
  File "/home/airflow/.local/lib/python3.9/site-packages/airflow/models/taskinstance.py", line 432, in _execute_callable
    return execute_callable(context=context, **execute_callable_kwargs)
  File "/home/airflow/.local/lib/python3.9/site-packages/airflow/models/baseoperator.py", line 400, in wrapper
    return func(self, *args, **kwargs)
  File "/home/airflow/.local/lib/python3.9/site-packages/airflow/operators/bash.py", line 243, in execute
    raise AirflowException(
airflow.exceptions.AirflowException: Bash command failed. The command returned a non-zero exit code 2.
[2025-08-08T02:34:41.978+0000] {taskinstance.py:1206} INFO - Marking task as FAILED. dag_id=climate_data, task_id=create_folder, run_id=scheduled__2022-11-21T00:00:00+00:00, execution_date=20221121T000000, start_date=20250808T023441, end_date=20250808T023441
[2025-08-08T02:34:41.990+0000] {standard_task_runner.py:110} ERROR - Failed to execute job 197 for task create_folder (Bash command failed. The command returned a non-zero exit code 2.; 307)
[2025-08-08T02:34:42.017+0000] {local_task_job_runner.py:240} INFO - Task exited with return code 1
[2025-08-08T02:34:42.039+0000] {taskinstance.py:3498} INFO - 0 downstream tasks scheduled from follow-on schedule check
[2025-08-08T02:34:42.042+0000] {local_task_job_runner.py:222} INFO - ::endgroup::
[2025-08-08T02:39:14.324+0000] {local_task_job_runner.py:120} INFO - ::group::Pre task execution logs
[2025-08-08T02:39:14.355+0000] {taskinstance.py:2076} INFO - Dependencies all met for dep_context=non-requeueable deps ti=<TaskInstance: climate_data.create_folder scheduled__2022-11-21T00:00:00+00:00 [queued]>
[2025-08-08T02:39:14.363+0000] {taskinstance.py:2076} INFO - Dependencies all met for dep_context=requeueable deps ti=<TaskInstance: climate_data.create_folder scheduled__2022-11-21T00:00:00+00:00 [queued]>
[2025-08-08T02:39:14.364+0000] {taskinstance.py:2306} INFO - Starting attempt 1 of 1
[2025-08-08T02:39:14.439+0000] {taskinstance.py:2330} INFO - Executing <Task(BashOperator): create_folder> on 2022-11-21 00:00:00+00:00
[2025-08-08T02:39:14.443+0000] {standard_task_runner.py:63} INFO - Started process 1102 to run task
[2025-08-08T02:39:14.447+0000] {standard_task_runner.py:90} INFO - Running: ['***', 'tasks', 'run', 'climate_data', 'create_folder', 'scheduled__2022-11-21T00:00:00+00:00', '--job-id', '359', '--raw', '--subdir', 'DAGS_FOLDER/climate_data.py', '--cfg-path', '/tmp/tmpuqxawiow']
[2025-08-08T02:39:14.452+0000] {standard_task_runner.py:91} INFO - Job 359: Subtask create_folder
[2025-08-08T02:39:14.469+0000] {logging_mixin.py:188} WARNING - /home/***/.local/lib/python3.9/site-packages/***/settings.py:195 DeprecationWarning: The sql_alchemy_conn option in [core] has been moved to the sql_alchemy_conn option in [database] - the old setting has been used, but please update your config.
[2025-08-08T02:39:14.523+0000] {task_command.py:426} INFO - Running <TaskInstance: climate_data.create_folder scheduled__2022-11-21T00:00:00+00:00 [running]> on host 1a6f5acf67f4
[2025-08-08T02:39:14.606+0000] {taskinstance.py:2648} INFO - Exporting env vars: AIRFLOW_CTX_DAG_OWNER='***' AIRFLOW_CTX_DAG_ID='climate_data' AIRFLOW_CTX_TASK_ID='create_folder' AIRFLOW_CTX_EXECUTION_DATE='2022-11-21T00:00:00+00:00' AIRFLOW_CTX_TRY_NUMBER='1' AIRFLOW_CTX_DAG_RUN_ID='scheduled__2022-11-21T00:00:00+00:00'
[2025-08-08T02:39:14.607+0000] {taskinstance.py:430} INFO - ::endgroup::
[2025-08-08T02:39:14.617+0000] {subprocess.py:63} INFO - Tmp dir root location: /tmp
[2025-08-08T02:39:14.618+0000] {subprocess.py:75} INFO - Running command: ['/usr/bin/bash', '-c', 'mkdir -p /home/***/host_documents/week2022-11-28']
[2025-08-08T02:39:14.630+0000] {subprocess.py:86} INFO - Output:
[2025-08-08T02:39:14.638+0000] {subprocess.py:97} INFO - Command exited with return code 0
[2025-08-08T02:39:14.639+0000] {taskinstance.py:441} INFO - ::group::Post task execution logs
[2025-08-08T02:39:14.660+0000] {taskinstance.py:1206} INFO - Marking task as SUCCESS. dag_id=climate_data, task_id=create_folder, run_id=scheduled__2022-11-21T00:00:00+00:00, execution_date=20221121T000000, start_date=20250808T023914, end_date=20250808T023914
[2025-08-08T02:39:14.700+0000] {local_task_job_runner.py:240} INFO - Task exited with return code 0
[2025-08-08T02:39:14.709+0000] {local_task_job_runner.py:222} INFO - ::endgroup::
[2025-08-08T02:42:12.905+0000] {local_task_job_runner.py:120} INFO - ::group::Pre task execution logs
[2025-08-08T02:42:12.935+0000] {taskinstance.py:2076} INFO - Dependencies all met for dep_context=non-requeueable deps ti=<TaskInstance: climate_data.create_folder scheduled__2022-11-21T00:00:00+00:00 [queued]>
[2025-08-08T02:42:12.945+0000] {taskinstance.py:2076} INFO - Dependencies all met for dep_context=requeueable deps ti=<TaskInstance: climate_data.create_folder scheduled__2022-11-21T00:00:00+00:00 [queued]>
[2025-08-08T02:42:12.946+0000] {taskinstance.py:2306} INFO - Starting attempt 1 of 1
[2025-08-08T02:42:13.001+0000] {taskinstance.py:2330} INFO - Executing <Task(BashOperator): create_folder> on 2022-11-21 00:00:00+00:00
[2025-08-08T02:42:13.005+0000] {standard_task_runner.py:63} INFO - Started process 2277 to run task
[2025-08-08T02:42:13.008+0000] {standard_task_runner.py:90} INFO - Running: ['***', 'tasks', 'run', 'climate_data', 'create_folder', 'scheduled__2022-11-21T00:00:00+00:00', '--job-id', '669', '--raw', '--subdir', 'DAGS_FOLDER/climate_data.py', '--cfg-path', '/tmp/tmp9ax9cfsj']
[2025-08-08T02:42:13.010+0000] {standard_task_runner.py:91} INFO - Job 669: Subtask create_folder
[2025-08-08T02:42:13.025+0000] {logging_mixin.py:188} WARNING - /home/***/.local/lib/python3.9/site-packages/***/settings.py:195 DeprecationWarning: The sql_alchemy_conn option in [core] has been moved to the sql_alchemy_conn option in [database] - the old setting has been used, but please update your config.
[2025-08-08T02:42:13.073+0000] {task_command.py:426} INFO - Running <TaskInstance: climate_data.create_folder scheduled__2022-11-21T00:00:00+00:00 [running]> on host 1a6f5acf67f4
[2025-08-08T02:42:13.136+0000] {taskinstance.py:2648} INFO - Exporting env vars: AIRFLOW_CTX_DAG_OWNER='***' AIRFLOW_CTX_DAG_ID='climate_data' AIRFLOW_CTX_TASK_ID='create_folder' AIRFLOW_CTX_EXECUTION_DATE='2022-11-21T00:00:00+00:00' AIRFLOW_CTX_TRY_NUMBER='1' AIRFLOW_CTX_DAG_RUN_ID='scheduled__2022-11-21T00:00:00+00:00'
[2025-08-08T02:42:13.137+0000] {taskinstance.py:430} INFO - ::endgroup::
[2025-08-08T02:42:13.146+0000] {subprocess.py:63} INFO - Tmp dir root location: /tmp
[2025-08-08T02:42:13.147+0000] {subprocess.py:75} INFO - Running command: ['/usr/bin/bash', '-c', 'mkdir -p "/home/***/host_documents/week2022-11-28"']
[2025-08-08T02:42:13.155+0000] {subprocess.py:86} INFO - Output:
[2025-08-08T02:42:13.161+0000] {subprocess.py:97} INFO - Command exited with return code 0
[2025-08-08T02:42:13.162+0000] {taskinstance.py:441} INFO - ::group::Post task execution logs
[2025-08-08T02:42:13.181+0000] {taskinstance.py:1206} INFO - Marking task as SUCCESS. dag_id=climate_data, task_id=create_folder, run_id=scheduled__2022-11-21T00:00:00+00:00, execution_date=20221121T000000, start_date=20250808T024212, end_date=20250808T024213
[2025-08-08T02:42:13.223+0000] {local_task_job_runner.py:240} INFO - Task exited with return code 0
[2025-08-08T02:42:13.239+0000] {taskinstance.py:3498} INFO - 1 downstream tasks scheduled from follow-on schedule check
[2025-08-08T02:42:13.241+0000] {local_task_job_runner.py:222} INFO - ::endgroup::
