[2025-08-08T02:26:38.323+0000] {local_task_job_runner.py:120} INFO - ::group::Pre task execution logs
[2025-08-08T02:26:38.346+0000] {taskinstance.py:2076} INFO - Dependencies all met for dep_context=non-requeueable deps ti=<TaskInstance: climate_data.create_folder scheduled__2023-09-25T00:00:00+00:00 [queued]>
[2025-08-08T02:26:38.353+0000] {taskinstance.py:2076} INFO - Dependencies all met for dep_context=requeueable deps ti=<TaskInstance: climate_data.create_folder scheduled__2023-09-25T00:00:00+00:00 [queued]>
[2025-08-08T02:26:38.355+0000] {taskinstance.py:2306} INFO - Starting attempt 1 of 1
[2025-08-08T02:26:38.385+0000] {taskinstance.py:2330} INFO - Executing <Task(BashOperator): create_folder> on 2023-09-25 00:00:00+00:00
[2025-08-08T02:26:38.390+0000] {standard_task_runner.py:63} INFO - Started process 449 to run task
[2025-08-08T02:26:38.394+0000] {standard_task_runner.py:90} INFO - Running: ['***', 'tasks', 'run', 'climate_data', 'create_folder', 'scheduled__2023-09-25T00:00:00+00:00', '--job-id', '86', '--raw', '--subdir', 'DAGS_FOLDER/climate_data.py', '--cfg-path', '/tmp/tmpft5j_cxd']
[2025-08-08T02:26:38.396+0000] {standard_task_runner.py:91} INFO - Job 86: Subtask create_folder
[2025-08-08T02:26:38.410+0000] {logging_mixin.py:188} WARNING - /home/***/.local/lib/python3.9/site-packages/***/settings.py:195 DeprecationWarning: The sql_alchemy_conn option in [core] has been moved to the sql_alchemy_conn option in [database] - the old setting has been used, but please update your config.
[2025-08-08T02:26:38.456+0000] {task_command.py:426} INFO - Running <TaskInstance: climate_data.create_folder scheduled__2023-09-25T00:00:00+00:00 [running]> on host 3ceab82043f1
[2025-08-08T02:26:38.532+0000] {taskinstance.py:2648} INFO - Exporting env vars: AIRFLOW_CTX_DAG_OWNER='***' AIRFLOW_CTX_DAG_ID='climate_data' AIRFLOW_CTX_TASK_ID='create_folder' AIRFLOW_CTX_EXECUTION_DATE='2023-09-25T00:00:00+00:00' AIRFLOW_CTX_TRY_NUMBER='1' AIRFLOW_CTX_DAG_RUN_ID='scheduled__2023-09-25T00:00:00+00:00'
[2025-08-08T02:26:38.533+0000] {taskinstance.py:430} INFO - ::endgroup::
[2025-08-08T02:26:38.542+0000] {subprocess.py:63} INFO - Tmp dir root location: /tmp
[2025-08-08T02:26:38.543+0000] {subprocess.py:75} INFO - Running command: ['/usr/bin/bash', '-c', 'mkdir -p /home/***/host_documents/week2023-10-02"']
[2025-08-08T02:26:38.552+0000] {subprocess.py:86} INFO - Output:
[2025-08-08T02:26:38.553+0000] {subprocess.py:93} INFO - /usr/bin/bash: -c: line 1: unexpected EOF while looking for matching `"'
[2025-08-08T02:26:38.554+0000] {subprocess.py:97} INFO - Command exited with return code 2
[2025-08-08T02:26:38.554+0000] {taskinstance.py:441} INFO - ::group::Post task execution logs
[2025-08-08T02:26:38.565+0000] {taskinstance.py:2905} ERROR - Task failed with exception
Traceback (most recent call last):
  File "/home/airflow/.local/lib/python3.9/site-packages/airflow/models/taskinstance.py", line 465, in _execute_task
    result = _execute_callable(context=context, **execute_callable_kwargs)
  File "/home/airflow/.local/lib/python3.9/site-packages/airflow/models/taskinstance.py", line 432, in _execute_callable
    return execute_callable(context=context, **execute_callable_kwargs)
  File "/home/airflow/.local/lib/python3.9/site-packages/airflow/models/baseoperator.py", line 400, in wrapper
    return func(self, *args, **kwargs)
  File "/home/airflow/.local/lib/python3.9/site-packages/airflow/operators/bash.py", line 243, in execute
    raise AirflowException(
airflow.exceptions.AirflowException: Bash command failed. The command returned a non-zero exit code 2.
[2025-08-08T02:26:38.568+0000] {taskinstance.py:1206} INFO - Marking task as FAILED. dag_id=climate_data, task_id=create_folder, run_id=scheduled__2023-09-25T00:00:00+00:00, execution_date=20230925T000000, start_date=20250808T022638, end_date=20250808T022638
[2025-08-08T02:26:38.596+0000] {standard_task_runner.py:110} ERROR - Failed to execute job 86 for task create_folder (Bash command failed. The command returned a non-zero exit code 2.; 449)
[2025-08-08T02:26:38.606+0000] {local_task_job_runner.py:240} INFO - Task exited with return code 1
[2025-08-08T02:26:38.628+0000] {taskinstance.py:3498} INFO - 0 downstream tasks scheduled from follow-on schedule check
[2025-08-08T02:26:38.632+0000] {local_task_job_runner.py:222} INFO - ::endgroup::
[2025-08-08T02:34:57.495+0000] {local_task_job_runner.py:120} INFO - ::group::Pre task execution logs
[2025-08-08T02:34:57.514+0000] {taskinstance.py:2076} INFO - Dependencies all met for dep_context=non-requeueable deps ti=<TaskInstance: climate_data.create_folder scheduled__2023-09-25T00:00:00+00:00 [queued]>
[2025-08-08T02:34:57.521+0000] {taskinstance.py:2076} INFO - Dependencies all met for dep_context=requeueable deps ti=<TaskInstance: climate_data.create_folder scheduled__2023-09-25T00:00:00+00:00 [queued]>
[2025-08-08T02:34:57.522+0000] {taskinstance.py:2306} INFO - Starting attempt 1 of 1
[2025-08-08T02:34:57.534+0000] {taskinstance.py:2330} INFO - Executing <Task(BashOperator): create_folder> on 2023-09-25 00:00:00+00:00
[2025-08-08T02:34:57.539+0000] {standard_task_runner.py:63} INFO - Started process 498 to run task
[2025-08-08T02:34:57.542+0000] {standard_task_runner.py:90} INFO - Running: ['***', 'tasks', 'run', 'climate_data', 'create_folder', 'scheduled__2023-09-25T00:00:00+00:00', '--job-id', '241', '--raw', '--subdir', 'DAGS_FOLDER/climate_data.py', '--cfg-path', '/tmp/tmpgku_x9pp']
[2025-08-08T02:34:57.544+0000] {standard_task_runner.py:91} INFO - Job 241: Subtask create_folder
[2025-08-08T02:34:57.559+0000] {logging_mixin.py:188} WARNING - /home/***/.local/lib/python3.9/site-packages/***/settings.py:195 DeprecationWarning: The sql_alchemy_conn option in [core] has been moved to the sql_alchemy_conn option in [database] - the old setting has been used, but please update your config.
[2025-08-08T02:34:57.600+0000] {task_command.py:426} INFO - Running <TaskInstance: climate_data.create_folder scheduled__2023-09-25T00:00:00+00:00 [running]> on host 1a6f5acf67f4
[2025-08-08T02:34:57.673+0000] {taskinstance.py:2648} INFO - Exporting env vars: AIRFLOW_CTX_DAG_OWNER='***' AIRFLOW_CTX_DAG_ID='climate_data' AIRFLOW_CTX_TASK_ID='create_folder' AIRFLOW_CTX_EXECUTION_DATE='2023-09-25T00:00:00+00:00' AIRFLOW_CTX_TRY_NUMBER='1' AIRFLOW_CTX_DAG_RUN_ID='scheduled__2023-09-25T00:00:00+00:00'
[2025-08-08T02:34:57.674+0000] {taskinstance.py:430} INFO - ::endgroup::
[2025-08-08T02:34:57.682+0000] {subprocess.py:63} INFO - Tmp dir root location: /tmp
[2025-08-08T02:34:57.683+0000] {subprocess.py:75} INFO - Running command: ['/usr/bin/bash', '-c', 'mkdir -p /home/***/host_documents/week2023-10-02"']
[2025-08-08T02:34:57.690+0000] {subprocess.py:86} INFO - Output:
[2025-08-08T02:34:57.691+0000] {subprocess.py:93} INFO - /usr/bin/bash: -c: line 1: unexpected EOF while looking for matching `"'
[2025-08-08T02:34:57.692+0000] {subprocess.py:97} INFO - Command exited with return code 2
[2025-08-08T02:34:57.693+0000] {taskinstance.py:441} INFO - ::group::Post task execution logs
[2025-08-08T02:34:57.702+0000] {taskinstance.py:2905} ERROR - Task failed with exception
Traceback (most recent call last):
  File "/home/airflow/.local/lib/python3.9/site-packages/airflow/models/taskinstance.py", line 465, in _execute_task
    result = _execute_callable(context=context, **execute_callable_kwargs)
  File "/home/airflow/.local/lib/python3.9/site-packages/airflow/models/taskinstance.py", line 432, in _execute_callable
    return execute_callable(context=context, **execute_callable_kwargs)
  File "/home/airflow/.local/lib/python3.9/site-packages/airflow/models/baseoperator.py", line 400, in wrapper
    return func(self, *args, **kwargs)
  File "/home/airflow/.local/lib/python3.9/site-packages/airflow/operators/bash.py", line 243, in execute
    raise AirflowException(
airflow.exceptions.AirflowException: Bash command failed. The command returned a non-zero exit code 2.
[2025-08-08T02:34:57.706+0000] {taskinstance.py:1206} INFO - Marking task as FAILED. dag_id=climate_data, task_id=create_folder, run_id=scheduled__2023-09-25T00:00:00+00:00, execution_date=20230925T000000, start_date=20250808T023457, end_date=20250808T023457
[2025-08-08T02:34:57.717+0000] {standard_task_runner.py:110} ERROR - Failed to execute job 241 for task create_folder (Bash command failed. The command returned a non-zero exit code 2.; 498)
[2025-08-08T02:34:57.756+0000] {local_task_job_runner.py:240} INFO - Task exited with return code 1
[2025-08-08T02:34:57.766+0000] {local_task_job_runner.py:222} INFO - ::endgroup::
[2025-08-08T02:39:29.831+0000] {local_task_job_runner.py:120} INFO - ::group::Pre task execution logs
[2025-08-08T02:39:29.855+0000] {taskinstance.py:2076} INFO - Dependencies all met for dep_context=non-requeueable deps ti=<TaskInstance: climate_data.create_folder scheduled__2023-09-25T00:00:00+00:00 [queued]>
[2025-08-08T02:39:29.867+0000] {taskinstance.py:2076} INFO - Dependencies all met for dep_context=requeueable deps ti=<TaskInstance: climate_data.create_folder scheduled__2023-09-25T00:00:00+00:00 [queued]>
[2025-08-08T02:39:29.867+0000] {taskinstance.py:2306} INFO - Starting attempt 1 of 1
[2025-08-08T02:39:29.946+0000] {taskinstance.py:2330} INFO - Executing <Task(BashOperator): create_folder> on 2023-09-25 00:00:00+00:00
[2025-08-08T02:39:29.951+0000] {standard_task_runner.py:63} INFO - Started process 1420 to run task
[2025-08-08T02:39:29.956+0000] {standard_task_runner.py:90} INFO - Running: ['***', 'tasks', 'run', 'climate_data', 'create_folder', 'scheduled__2023-09-25T00:00:00+00:00', '--job-id', '445', '--raw', '--subdir', 'DAGS_FOLDER/climate_data.py', '--cfg-path', '/tmp/tmpfyfuus6m']
[2025-08-08T02:39:29.958+0000] {standard_task_runner.py:91} INFO - Job 445: Subtask create_folder
[2025-08-08T02:39:29.972+0000] {logging_mixin.py:188} WARNING - /home/***/.local/lib/python3.9/site-packages/***/settings.py:195 DeprecationWarning: The sql_alchemy_conn option in [core] has been moved to the sql_alchemy_conn option in [database] - the old setting has been used, but please update your config.
[2025-08-08T02:39:30.025+0000] {task_command.py:426} INFO - Running <TaskInstance: climate_data.create_folder scheduled__2023-09-25T00:00:00+00:00 [running]> on host 1a6f5acf67f4
[2025-08-08T02:39:30.109+0000] {taskinstance.py:2648} INFO - Exporting env vars: AIRFLOW_CTX_DAG_OWNER='***' AIRFLOW_CTX_DAG_ID='climate_data' AIRFLOW_CTX_TASK_ID='create_folder' AIRFLOW_CTX_EXECUTION_DATE='2023-09-25T00:00:00+00:00' AIRFLOW_CTX_TRY_NUMBER='1' AIRFLOW_CTX_DAG_RUN_ID='scheduled__2023-09-25T00:00:00+00:00'
[2025-08-08T02:39:30.117+0000] {taskinstance.py:430} INFO - ::endgroup::
[2025-08-08T02:39:30.129+0000] {subprocess.py:63} INFO - Tmp dir root location: /tmp
[2025-08-08T02:39:30.130+0000] {subprocess.py:75} INFO - Running command: ['/usr/bin/bash', '-c', 'mkdir -p /home/***/host_documents/week2023-10-02']
[2025-08-08T02:39:30.144+0000] {subprocess.py:86} INFO - Output:
[2025-08-08T02:39:30.153+0000] {subprocess.py:97} INFO - Command exited with return code 0
[2025-08-08T02:39:30.154+0000] {taskinstance.py:441} INFO - ::group::Post task execution logs
[2025-08-08T02:39:30.183+0000] {taskinstance.py:1206} INFO - Marking task as SUCCESS. dag_id=climate_data, task_id=create_folder, run_id=scheduled__2023-09-25T00:00:00+00:00, execution_date=20230925T000000, start_date=20250808T023929, end_date=20250808T023930
[2025-08-08T02:39:30.288+0000] {local_task_job_runner.py:240} INFO - Task exited with return code 0
[2025-08-08T02:39:30.310+0000] {taskinstance.py:3498} INFO - 1 downstream tasks scheduled from follow-on schedule check
[2025-08-08T02:39:30.313+0000] {local_task_job_runner.py:222} INFO - ::endgroup::
[2025-08-08T02:42:28.457+0000] {local_task_job_runner.py:120} INFO - ::group::Pre task execution logs
[2025-08-08T02:42:28.481+0000] {taskinstance.py:2076} INFO - Dependencies all met for dep_context=non-requeueable deps ti=<TaskInstance: climate_data.create_folder scheduled__2023-09-25T00:00:00+00:00 [queued]>
[2025-08-08T02:42:28.492+0000] {taskinstance.py:2076} INFO - Dependencies all met for dep_context=requeueable deps ti=<TaskInstance: climate_data.create_folder scheduled__2023-09-25T00:00:00+00:00 [queued]>
[2025-08-08T02:42:28.493+0000] {taskinstance.py:2306} INFO - Starting attempt 1 of 1
[2025-08-08T02:42:28.508+0000] {taskinstance.py:2330} INFO - Executing <Task(BashOperator): create_folder> on 2023-09-25 00:00:00+00:00
[2025-08-08T02:42:28.512+0000] {standard_task_runner.py:63} INFO - Started process 2586 to run task
[2025-08-08T02:42:28.515+0000] {standard_task_runner.py:90} INFO - Running: ['***', 'tasks', 'run', 'climate_data', 'create_folder', 'scheduled__2023-09-25T00:00:00+00:00', '--job-id', '754', '--raw', '--subdir', 'DAGS_FOLDER/climate_data.py', '--cfg-path', '/tmp/tmprrynwdn_']
[2025-08-08T02:42:28.517+0000] {standard_task_runner.py:91} INFO - Job 754: Subtask create_folder
[2025-08-08T02:42:28.533+0000] {logging_mixin.py:188} WARNING - /home/***/.local/lib/python3.9/site-packages/***/settings.py:195 DeprecationWarning: The sql_alchemy_conn option in [core] has been moved to the sql_alchemy_conn option in [database] - the old setting has been used, but please update your config.
[2025-08-08T02:42:28.581+0000] {task_command.py:426} INFO - Running <TaskInstance: climate_data.create_folder scheduled__2023-09-25T00:00:00+00:00 [running]> on host 1a6f5acf67f4
[2025-08-08T02:42:28.667+0000] {taskinstance.py:2648} INFO - Exporting env vars: AIRFLOW_CTX_DAG_OWNER='***' AIRFLOW_CTX_DAG_ID='climate_data' AIRFLOW_CTX_TASK_ID='create_folder' AIRFLOW_CTX_EXECUTION_DATE='2023-09-25T00:00:00+00:00' AIRFLOW_CTX_TRY_NUMBER='1' AIRFLOW_CTX_DAG_RUN_ID='scheduled__2023-09-25T00:00:00+00:00'
[2025-08-08T02:42:28.670+0000] {taskinstance.py:430} INFO - ::endgroup::
[2025-08-08T02:42:28.679+0000] {subprocess.py:63} INFO - Tmp dir root location: /tmp
[2025-08-08T02:42:28.680+0000] {subprocess.py:75} INFO - Running command: ['/usr/bin/bash', '-c', 'mkdir -p "/home/***/host_documents/week2023-10-02"']
[2025-08-08T02:42:28.692+0000] {subprocess.py:86} INFO - Output:
[2025-08-08T02:42:28.698+0000] {subprocess.py:97} INFO - Command exited with return code 0
[2025-08-08T02:42:28.699+0000] {taskinstance.py:441} INFO - ::group::Post task execution logs
[2025-08-08T02:42:28.722+0000] {taskinstance.py:1206} INFO - Marking task as SUCCESS. dag_id=climate_data, task_id=create_folder, run_id=scheduled__2023-09-25T00:00:00+00:00, execution_date=20230925T000000, start_date=20250808T024228, end_date=20250808T024228
[2025-08-08T02:42:28.808+0000] {local_task_job_runner.py:240} INFO - Task exited with return code 0
[2025-08-08T02:42:28.819+0000] {local_task_job_runner.py:222} INFO - ::endgroup::
