[2025-08-08T02:26:27.538+0000] {local_task_job_runner.py:120} INFO - ::group::Pre task execution logs
[2025-08-08T02:26:27.560+0000] {taskinstance.py:2076} INFO - Dependencies all met for dep_context=non-requeueable deps ti=<TaskInstance: climate_data.create_folder scheduled__2023-03-13T00:00:00+00:00 [queued]>
[2025-08-08T02:26:27.568+0000] {taskinstance.py:2076} INFO - Dependencies all met for dep_context=requeueable deps ti=<TaskInstance: climate_data.create_folder scheduled__2023-03-13T00:00:00+00:00 [queued]>
[2025-08-08T02:26:27.568+0000] {taskinstance.py:2306} INFO - Starting attempt 1 of 1
[2025-08-08T02:26:27.580+0000] {taskinstance.py:2330} INFO - Executing <Task(BashOperator): create_folder> on 2023-03-13 00:00:00+00:00
[2025-08-08T02:26:27.585+0000] {standard_task_runner.py:63} INFO - Started process 336 to run task
[2025-08-08T02:26:27.587+0000] {standard_task_runner.py:90} INFO - Running: ['***', 'tasks', 'run', 'climate_data', 'create_folder', 'scheduled__2023-03-13T00:00:00+00:00', '--job-id', '58', '--raw', '--subdir', 'DAGS_FOLDER/climate_data.py', '--cfg-path', '/tmp/tmppf1nj3lw']
[2025-08-08T02:26:27.589+0000] {standard_task_runner.py:91} INFO - Job 58: Subtask create_folder
[2025-08-08T02:26:27.601+0000] {logging_mixin.py:188} WARNING - /home/***/.local/lib/python3.9/site-packages/***/settings.py:195 DeprecationWarning: The sql_alchemy_conn option in [core] has been moved to the sql_alchemy_conn option in [database] - the old setting has been used, but please update your config.
[2025-08-08T02:26:27.640+0000] {task_command.py:426} INFO - Running <TaskInstance: climate_data.create_folder scheduled__2023-03-13T00:00:00+00:00 [running]> on host 3ceab82043f1
[2025-08-08T02:26:27.706+0000] {taskinstance.py:2648} INFO - Exporting env vars: AIRFLOW_CTX_DAG_OWNER='***' AIRFLOW_CTX_DAG_ID='climate_data' AIRFLOW_CTX_TASK_ID='create_folder' AIRFLOW_CTX_EXECUTION_DATE='2023-03-13T00:00:00+00:00' AIRFLOW_CTX_TRY_NUMBER='1' AIRFLOW_CTX_DAG_RUN_ID='scheduled__2023-03-13T00:00:00+00:00'
[2025-08-08T02:26:27.707+0000] {taskinstance.py:430} INFO - ::endgroup::
[2025-08-08T02:26:27.715+0000] {subprocess.py:63} INFO - Tmp dir root location: /tmp
[2025-08-08T02:26:27.717+0000] {subprocess.py:75} INFO - Running command: ['/usr/bin/bash', '-c', 'mkdir -p /home/***/host_documents/week2023-03-20"']
[2025-08-08T02:26:27.725+0000] {subprocess.py:86} INFO - Output:
[2025-08-08T02:26:27.726+0000] {subprocess.py:93} INFO - /usr/bin/bash: -c: line 1: unexpected EOF while looking for matching `"'
[2025-08-08T02:26:27.727+0000] {subprocess.py:97} INFO - Command exited with return code 2
[2025-08-08T02:26:27.727+0000] {taskinstance.py:441} INFO - ::group::Post task execution logs
[2025-08-08T02:26:27.736+0000] {taskinstance.py:2905} ERROR - Task failed with exception
Traceback (most recent call last):
  File "/home/airflow/.local/lib/python3.9/site-packages/airflow/models/taskinstance.py", line 465, in _execute_task
    result = _execute_callable(context=context, **execute_callable_kwargs)
  File "/home/airflow/.local/lib/python3.9/site-packages/airflow/models/taskinstance.py", line 432, in _execute_callable
    return execute_callable(context=context, **execute_callable_kwargs)
  File "/home/airflow/.local/lib/python3.9/site-packages/airflow/models/baseoperator.py", line 400, in wrapper
    return func(self, *args, **kwargs)
  File "/home/airflow/.local/lib/python3.9/site-packages/airflow/operators/bash.py", line 243, in execute
    raise AirflowException(
airflow.exceptions.AirflowException: Bash command failed. The command returned a non-zero exit code 2.
[2025-08-08T02:26:27.739+0000] {taskinstance.py:1206} INFO - Marking task as FAILED. dag_id=climate_data, task_id=create_folder, run_id=scheduled__2023-03-13T00:00:00+00:00, execution_date=20230313T000000, start_date=20250808T022627, end_date=20250808T022627
[2025-08-08T02:26:27.747+0000] {standard_task_runner.py:110} ERROR - Failed to execute job 58 for task create_folder (Bash command failed. The command returned a non-zero exit code 2.; 336)
[2025-08-08T02:26:27.760+0000] {local_task_job_runner.py:240} INFO - Task exited with return code 1
[2025-08-08T02:26:27.774+0000] {taskinstance.py:3498} INFO - 0 downstream tasks scheduled from follow-on schedule check
[2025-08-08T02:26:27.778+0000] {local_task_job_runner.py:222} INFO - ::endgroup::
[2025-08-08T02:34:45.581+0000] {local_task_job_runner.py:120} INFO - ::group::Pre task execution logs
[2025-08-08T02:34:45.604+0000] {taskinstance.py:2076} INFO - Dependencies all met for dep_context=non-requeueable deps ti=<TaskInstance: climate_data.create_folder scheduled__2023-03-13T00:00:00+00:00 [queued]>
[2025-08-08T02:34:45.611+0000] {taskinstance.py:2076} INFO - Dependencies all met for dep_context=requeueable deps ti=<TaskInstance: climate_data.create_folder scheduled__2023-03-13T00:00:00+00:00 [queued]>
[2025-08-08T02:34:45.612+0000] {taskinstance.py:2306} INFO - Starting attempt 1 of 1
[2025-08-08T02:34:45.622+0000] {taskinstance.py:2330} INFO - Executing <Task(BashOperator): create_folder> on 2023-03-13 00:00:00+00:00
[2025-08-08T02:34:45.627+0000] {standard_task_runner.py:63} INFO - Started process 367 to run task
[2025-08-08T02:34:45.629+0000] {standard_task_runner.py:90} INFO - Running: ['***', 'tasks', 'run', 'climate_data', 'create_folder', 'scheduled__2023-03-13T00:00:00+00:00', '--job-id', '213', '--raw', '--subdir', 'DAGS_FOLDER/climate_data.py', '--cfg-path', '/tmp/tmpy0ba1vcm']
[2025-08-08T02:34:45.631+0000] {standard_task_runner.py:91} INFO - Job 213: Subtask create_folder
[2025-08-08T02:34:45.642+0000] {logging_mixin.py:188} WARNING - /home/***/.local/lib/python3.9/site-packages/***/settings.py:195 DeprecationWarning: The sql_alchemy_conn option in [core] has been moved to the sql_alchemy_conn option in [database] - the old setting has been used, but please update your config.
[2025-08-08T02:34:45.685+0000] {task_command.py:426} INFO - Running <TaskInstance: climate_data.create_folder scheduled__2023-03-13T00:00:00+00:00 [running]> on host 1a6f5acf67f4
[2025-08-08T02:34:45.747+0000] {taskinstance.py:2648} INFO - Exporting env vars: AIRFLOW_CTX_DAG_OWNER='***' AIRFLOW_CTX_DAG_ID='climate_data' AIRFLOW_CTX_TASK_ID='create_folder' AIRFLOW_CTX_EXECUTION_DATE='2023-03-13T00:00:00+00:00' AIRFLOW_CTX_TRY_NUMBER='1' AIRFLOW_CTX_DAG_RUN_ID='scheduled__2023-03-13T00:00:00+00:00'
[2025-08-08T02:34:45.748+0000] {taskinstance.py:430} INFO - ::endgroup::
[2025-08-08T02:34:45.756+0000] {subprocess.py:63} INFO - Tmp dir root location: /tmp
[2025-08-08T02:34:45.757+0000] {subprocess.py:75} INFO - Running command: ['/usr/bin/bash', '-c', 'mkdir -p /home/***/host_documents/week2023-03-20"']
[2025-08-08T02:34:45.764+0000] {subprocess.py:86} INFO - Output:
[2025-08-08T02:34:45.765+0000] {subprocess.py:93} INFO - /usr/bin/bash: -c: line 1: unexpected EOF while looking for matching `"'
[2025-08-08T02:34:45.765+0000] {subprocess.py:97} INFO - Command exited with return code 2
[2025-08-08T02:34:45.766+0000] {taskinstance.py:441} INFO - ::group::Post task execution logs
[2025-08-08T02:34:45.772+0000] {taskinstance.py:2905} ERROR - Task failed with exception
Traceback (most recent call last):
  File "/home/airflow/.local/lib/python3.9/site-packages/airflow/models/taskinstance.py", line 465, in _execute_task
    result = _execute_callable(context=context, **execute_callable_kwargs)
  File "/home/airflow/.local/lib/python3.9/site-packages/airflow/models/taskinstance.py", line 432, in _execute_callable
    return execute_callable(context=context, **execute_callable_kwargs)
  File "/home/airflow/.local/lib/python3.9/site-packages/airflow/models/baseoperator.py", line 400, in wrapper
    return func(self, *args, **kwargs)
  File "/home/airflow/.local/lib/python3.9/site-packages/airflow/operators/bash.py", line 243, in execute
    raise AirflowException(
airflow.exceptions.AirflowException: Bash command failed. The command returned a non-zero exit code 2.
[2025-08-08T02:34:45.775+0000] {taskinstance.py:1206} INFO - Marking task as FAILED. dag_id=climate_data, task_id=create_folder, run_id=scheduled__2023-03-13T00:00:00+00:00, execution_date=20230313T000000, start_date=20250808T023445, end_date=20250808T023445
[2025-08-08T02:34:45.783+0000] {standard_task_runner.py:110} ERROR - Failed to execute job 213 for task create_folder (Bash command failed. The command returned a non-zero exit code 2.; 367)
[2025-08-08T02:34:45.802+0000] {local_task_job_runner.py:240} INFO - Task exited with return code 1
[2025-08-08T02:34:45.816+0000] {taskinstance.py:3498} INFO - 0 downstream tasks scheduled from follow-on schedule check
[2025-08-08T02:34:45.819+0000] {local_task_job_runner.py:222} INFO - ::endgroup::
[2025-08-08T02:39:19.757+0000] {local_task_job_runner.py:120} INFO - ::group::Pre task execution logs
[2025-08-08T02:39:19.786+0000] {taskinstance.py:2076} INFO - Dependencies all met for dep_context=non-requeueable deps ti=<TaskInstance: climate_data.create_folder scheduled__2023-03-13T00:00:00+00:00 [queued]>
[2025-08-08T02:39:19.796+0000] {taskinstance.py:2076} INFO - Dependencies all met for dep_context=requeueable deps ti=<TaskInstance: climate_data.create_folder scheduled__2023-03-13T00:00:00+00:00 [queued]>
[2025-08-08T02:39:19.796+0000] {taskinstance.py:2306} INFO - Starting attempt 1 of 1
[2025-08-08T02:39:19.870+0000] {taskinstance.py:2330} INFO - Executing <Task(BashOperator): create_folder> on 2023-03-13 00:00:00+00:00
[2025-08-08T02:39:19.876+0000] {standard_task_runner.py:63} INFO - Started process 1214 to run task
[2025-08-08T02:39:19.879+0000] {standard_task_runner.py:90} INFO - Running: ['***', 'tasks', 'run', 'climate_data', 'create_folder', 'scheduled__2023-03-13T00:00:00+00:00', '--job-id', '390', '--raw', '--subdir', 'DAGS_FOLDER/climate_data.py', '--cfg-path', '/tmp/tmpdri28c1r']
[2025-08-08T02:39:19.881+0000] {standard_task_runner.py:91} INFO - Job 390: Subtask create_folder
[2025-08-08T02:39:19.899+0000] {logging_mixin.py:188} WARNING - /home/***/.local/lib/python3.9/site-packages/***/settings.py:195 DeprecationWarning: The sql_alchemy_conn option in [core] has been moved to the sql_alchemy_conn option in [database] - the old setting has been used, but please update your config.
[2025-08-08T02:39:19.949+0000] {task_command.py:426} INFO - Running <TaskInstance: climate_data.create_folder scheduled__2023-03-13T00:00:00+00:00 [running]> on host 1a6f5acf67f4
[2025-08-08T02:39:20.031+0000] {taskinstance.py:2648} INFO - Exporting env vars: AIRFLOW_CTX_DAG_OWNER='***' AIRFLOW_CTX_DAG_ID='climate_data' AIRFLOW_CTX_TASK_ID='create_folder' AIRFLOW_CTX_EXECUTION_DATE='2023-03-13T00:00:00+00:00' AIRFLOW_CTX_TRY_NUMBER='1' AIRFLOW_CTX_DAG_RUN_ID='scheduled__2023-03-13T00:00:00+00:00'
[2025-08-08T02:39:20.034+0000] {taskinstance.py:430} INFO - ::endgroup::
[2025-08-08T02:39:20.043+0000] {subprocess.py:63} INFO - Tmp dir root location: /tmp
[2025-08-08T02:39:20.044+0000] {subprocess.py:75} INFO - Running command: ['/usr/bin/bash', '-c', 'mkdir -p /home/***/host_documents/week2023-03-20']
[2025-08-08T02:39:20.055+0000] {subprocess.py:86} INFO - Output:
[2025-08-08T02:39:20.059+0000] {subprocess.py:97} INFO - Command exited with return code 0
[2025-08-08T02:39:20.060+0000] {taskinstance.py:441} INFO - ::group::Post task execution logs
[2025-08-08T02:39:20.084+0000] {taskinstance.py:1206} INFO - Marking task as SUCCESS. dag_id=climate_data, task_id=create_folder, run_id=scheduled__2023-03-13T00:00:00+00:00, execution_date=20230313T000000, start_date=20250808T023919, end_date=20250808T023920
[2025-08-08T02:39:20.132+0000] {local_task_job_runner.py:240} INFO - Task exited with return code 0
[2025-08-08T02:39:20.149+0000] {taskinstance.py:3498} INFO - 1 downstream tasks scheduled from follow-on schedule check
[2025-08-08T02:39:20.150+0000] {local_task_job_runner.py:222} INFO - ::endgroup::
[2025-08-08T02:42:17.719+0000] {local_task_job_runner.py:120} INFO - ::group::Pre task execution logs
[2025-08-08T02:42:17.744+0000] {taskinstance.py:2076} INFO - Dependencies all met for dep_context=non-requeueable deps ti=<TaskInstance: climate_data.create_folder scheduled__2023-03-13T00:00:00+00:00 [queued]>
[2025-08-08T02:42:17.754+0000] {taskinstance.py:2076} INFO - Dependencies all met for dep_context=requeueable deps ti=<TaskInstance: climate_data.create_folder scheduled__2023-03-13T00:00:00+00:00 [queued]>
[2025-08-08T02:42:17.755+0000] {taskinstance.py:2306} INFO - Starting attempt 1 of 1
[2025-08-08T02:42:17.825+0000] {taskinstance.py:2330} INFO - Executing <Task(BashOperator): create_folder> on 2023-03-13 00:00:00+00:00
[2025-08-08T02:42:17.829+0000] {standard_task_runner.py:63} INFO - Started process 2388 to run task
[2025-08-08T02:42:17.832+0000] {standard_task_runner.py:90} INFO - Running: ['***', 'tasks', 'run', 'climate_data', 'create_folder', 'scheduled__2023-03-13T00:00:00+00:00', '--job-id', '699', '--raw', '--subdir', 'DAGS_FOLDER/climate_data.py', '--cfg-path', '/tmp/tmprrpnc6tt']
[2025-08-08T02:42:17.835+0000] {standard_task_runner.py:91} INFO - Job 699: Subtask create_folder
[2025-08-08T02:42:17.849+0000] {logging_mixin.py:188} WARNING - /home/***/.local/lib/python3.9/site-packages/***/settings.py:195 DeprecationWarning: The sql_alchemy_conn option in [core] has been moved to the sql_alchemy_conn option in [database] - the old setting has been used, but please update your config.
[2025-08-08T02:42:17.893+0000] {task_command.py:426} INFO - Running <TaskInstance: climate_data.create_folder scheduled__2023-03-13T00:00:00+00:00 [running]> on host 1a6f5acf67f4
[2025-08-08T02:42:17.959+0000] {taskinstance.py:2648} INFO - Exporting env vars: AIRFLOW_CTX_DAG_OWNER='***' AIRFLOW_CTX_DAG_ID='climate_data' AIRFLOW_CTX_TASK_ID='create_folder' AIRFLOW_CTX_EXECUTION_DATE='2023-03-13T00:00:00+00:00' AIRFLOW_CTX_TRY_NUMBER='1' AIRFLOW_CTX_DAG_RUN_ID='scheduled__2023-03-13T00:00:00+00:00'
[2025-08-08T02:42:17.960+0000] {taskinstance.py:430} INFO - ::endgroup::
[2025-08-08T02:42:17.971+0000] {subprocess.py:63} INFO - Tmp dir root location: /tmp
[2025-08-08T02:42:17.973+0000] {subprocess.py:75} INFO - Running command: ['/usr/bin/bash', '-c', 'mkdir -p "/home/***/host_documents/week2023-03-20"']
[2025-08-08T02:42:17.984+0000] {subprocess.py:86} INFO - Output:
[2025-08-08T02:42:17.988+0000] {subprocess.py:97} INFO - Command exited with return code 0
[2025-08-08T02:42:17.989+0000] {taskinstance.py:441} INFO - ::group::Post task execution logs
[2025-08-08T02:42:18.013+0000] {taskinstance.py:1206} INFO - Marking task as SUCCESS. dag_id=climate_data, task_id=create_folder, run_id=scheduled__2023-03-13T00:00:00+00:00, execution_date=20230313T000000, start_date=20250808T024217, end_date=20250808T024218
[2025-08-08T02:42:18.045+0000] {local_task_job_runner.py:240} INFO - Task exited with return code 0
[2025-08-08T02:42:18.060+0000] {taskinstance.py:3498} INFO - 1 downstream tasks scheduled from follow-on schedule check
[2025-08-08T02:42:18.061+0000] {local_task_job_runner.py:222} INFO - ::endgroup::
