[2025-08-07T21:20:56.994+0000] {processor.py:161} INFO - Started process (PID=180) to work on /opt/airflow/dags/firstdag.py
[2025-08-07T21:20:56.995+0000] {processor.py:830} INFO - Processing file /opt/airflow/dags/firstdag.py for tasks to queue
[2025-08-07T21:20:56.999+0000] {logging_mixin.py:188} INFO - [2025-08-07T21:20:56.998+0000] {dagbag.py:545} INFO - Filling up the DagBag from /opt/airflow/dags/firstdag.py
[2025-08-07T21:20:57.008+0000] {logging_mixin.py:188} INFO - [2025-08-07T21:20:57.007+0000] {dagbag.py:355} ERROR - Failed to import: /opt/airflow/dags/firstdag.py
Traceback (most recent call last):
  File "/home/airflow/.local/lib/python3.9/site-packages/airflow/models/dagbag.py", line 351, in parse
    loader.exec_module(new_module)
  File "<frozen importlib._bootstrap_external>", line 846, in exec_module
  File "<frozen importlib._bootstrap_external>", line 983, in get_code
  File "<frozen importlib._bootstrap_external>", line 913, in source_to_code
  File "<frozen importlib._bootstrap>", line 228, in _call_with_frames_removed
  File "/opt/airflow/dags/firstdag.py", line 8
    ) as dag:
             ^
IndentationError: expected an indented block
[2025-08-07T21:20:57.009+0000] {processor.py:842} WARNING - No viable dags retrieved from /opt/airflow/dags/firstdag.py
[2025-08-07T21:20:57.028+0000] {processor.py:183} INFO - Processing /opt/airflow/dags/firstdag.py took 0.041 seconds
[2025-08-07T21:21:27.133+0000] {processor.py:161} INFO - Started process (PID=185) to work on /opt/airflow/dags/firstdag.py
[2025-08-07T21:21:27.134+0000] {processor.py:830} INFO - Processing file /opt/airflow/dags/firstdag.py for tasks to queue
[2025-08-07T21:21:27.136+0000] {logging_mixin.py:188} INFO - [2025-08-07T21:21:27.135+0000] {dagbag.py:545} INFO - Filling up the DagBag from /opt/airflow/dags/firstdag.py
[2025-08-07T21:21:27.143+0000] {logging_mixin.py:188} INFO - [2025-08-07T21:21:27.142+0000] {dagbag.py:355} ERROR - Failed to import: /opt/airflow/dags/firstdag.py
Traceback (most recent call last):
  File "/home/airflow/.local/lib/python3.9/site-packages/airflow/models/dagbag.py", line 351, in parse
    loader.exec_module(new_module)
  File "<frozen importlib._bootstrap_external>", line 846, in exec_module
  File "<frozen importlib._bootstrap_external>", line 983, in get_code
  File "<frozen importlib._bootstrap_external>", line 913, in source_to_code
  File "<frozen importlib._bootstrap>", line 228, in _call_with_frames_removed
  File "/opt/airflow/dags/firstdag.py", line 8
    ) as dag:
             ^
IndentationError: expected an indented block
[2025-08-07T21:21:27.143+0000] {processor.py:842} WARNING - No viable dags retrieved from /opt/airflow/dags/firstdag.py
[2025-08-07T21:21:27.164+0000] {processor.py:183} INFO - Processing /opt/airflow/dags/firstdag.py took 0.036 seconds
[2025-08-07T21:21:57.296+0000] {processor.py:161} INFO - Started process (PID=190) to work on /opt/airflow/dags/firstdag.py
[2025-08-07T21:21:57.297+0000] {processor.py:830} INFO - Processing file /opt/airflow/dags/firstdag.py for tasks to queue
[2025-08-07T21:21:57.298+0000] {logging_mixin.py:188} INFO - [2025-08-07T21:21:57.298+0000] {dagbag.py:545} INFO - Filling up the DagBag from /opt/airflow/dags/firstdag.py
[2025-08-07T21:21:57.309+0000] {logging_mixin.py:188} INFO - [2025-08-07T21:21:57.308+0000] {dagbag.py:355} ERROR - Failed to import: /opt/airflow/dags/firstdag.py
Traceback (most recent call last):
  File "/home/airflow/.local/lib/python3.9/site-packages/airflow/models/dagbag.py", line 351, in parse
    loader.exec_module(new_module)
  File "<frozen importlib._bootstrap_external>", line 846, in exec_module
  File "<frozen importlib._bootstrap_external>", line 983, in get_code
  File "<frozen importlib._bootstrap_external>", line 913, in source_to_code
  File "<frozen importlib._bootstrap>", line 228, in _call_with_frames_removed
  File "/opt/airflow/dags/firstdag.py", line 8
    ) as dag:
             ^
IndentationError: expected an indented block
[2025-08-07T21:21:57.309+0000] {processor.py:842} WARNING - No viable dags retrieved from /opt/airflow/dags/firstdag.py
[2025-08-07T21:21:57.323+0000] {processor.py:183} INFO - Processing /opt/airflow/dags/firstdag.py took 0.032 seconds
[2025-08-07T21:22:27.447+0000] {processor.py:161} INFO - Started process (PID=195) to work on /opt/airflow/dags/firstdag.py
[2025-08-07T21:22:27.448+0000] {processor.py:830} INFO - Processing file /opt/airflow/dags/firstdag.py for tasks to queue
[2025-08-07T21:22:27.450+0000] {logging_mixin.py:188} INFO - [2025-08-07T21:22:27.450+0000] {dagbag.py:545} INFO - Filling up the DagBag from /opt/airflow/dags/firstdag.py
[2025-08-07T21:22:27.459+0000] {logging_mixin.py:188} INFO - [2025-08-07T21:22:27.458+0000] {dagbag.py:355} ERROR - Failed to import: /opt/airflow/dags/firstdag.py
Traceback (most recent call last):
  File "/home/airflow/.local/lib/python3.9/site-packages/airflow/models/dagbag.py", line 351, in parse
    loader.exec_module(new_module)
  File "<frozen importlib._bootstrap_external>", line 846, in exec_module
  File "<frozen importlib._bootstrap_external>", line 983, in get_code
  File "<frozen importlib._bootstrap_external>", line 913, in source_to_code
  File "<frozen importlib._bootstrap>", line 228, in _call_with_frames_removed
  File "/opt/airflow/dags/firstdag.py", line 8
    ) as dag:
             ^
IndentationError: expected an indented block
[2025-08-07T21:22:27.459+0000] {processor.py:842} WARNING - No viable dags retrieved from /opt/airflow/dags/firstdag.py
[2025-08-07T21:22:27.479+0000] {processor.py:183} INFO - Processing /opt/airflow/dags/firstdag.py took 0.037 seconds
[2025-08-07T21:22:57.646+0000] {processor.py:161} INFO - Started process (PID=200) to work on /opt/airflow/dags/firstdag.py
[2025-08-07T21:22:57.646+0000] {processor.py:830} INFO - Processing file /opt/airflow/dags/firstdag.py for tasks to queue
[2025-08-07T21:22:57.648+0000] {logging_mixin.py:188} INFO - [2025-08-07T21:22:57.648+0000] {dagbag.py:545} INFO - Filling up the DagBag from /opt/airflow/dags/firstdag.py
[2025-08-07T21:22:57.657+0000] {logging_mixin.py:188} INFO - [2025-08-07T21:22:57.656+0000] {dagbag.py:355} ERROR - Failed to import: /opt/airflow/dags/firstdag.py
Traceback (most recent call last):
  File "/home/airflow/.local/lib/python3.9/site-packages/airflow/models/dagbag.py", line 351, in parse
    loader.exec_module(new_module)
  File "<frozen importlib._bootstrap_external>", line 846, in exec_module
  File "<frozen importlib._bootstrap_external>", line 983, in get_code
  File "<frozen importlib._bootstrap_external>", line 913, in source_to_code
  File "<frozen importlib._bootstrap>", line 228, in _call_with_frames_removed
  File "/opt/airflow/dags/firstdag.py", line 8
    ) as dag:
             ^
IndentationError: expected an indented block
[2025-08-07T21:22:57.657+0000] {processor.py:842} WARNING - No viable dags retrieved from /opt/airflow/dags/firstdag.py
[2025-08-07T21:22:57.673+0000] {processor.py:183} INFO - Processing /opt/airflow/dags/firstdag.py took 0.037 seconds
[2025-08-07T21:23:27.802+0000] {processor.py:161} INFO - Started process (PID=205) to work on /opt/airflow/dags/firstdag.py
[2025-08-07T21:23:27.803+0000] {processor.py:830} INFO - Processing file /opt/airflow/dags/firstdag.py for tasks to queue
[2025-08-07T21:23:27.805+0000] {logging_mixin.py:188} INFO - [2025-08-07T21:23:27.804+0000] {dagbag.py:545} INFO - Filling up the DagBag from /opt/airflow/dags/firstdag.py
[2025-08-07T21:23:27.814+0000] {logging_mixin.py:188} INFO - [2025-08-07T21:23:27.813+0000] {dagbag.py:355} ERROR - Failed to import: /opt/airflow/dags/firstdag.py
Traceback (most recent call last):
  File "/home/airflow/.local/lib/python3.9/site-packages/airflow/models/dagbag.py", line 351, in parse
    loader.exec_module(new_module)
  File "<frozen importlib._bootstrap_external>", line 846, in exec_module
  File "<frozen importlib._bootstrap_external>", line 983, in get_code
  File "<frozen importlib._bootstrap_external>", line 913, in source_to_code
  File "<frozen importlib._bootstrap>", line 228, in _call_with_frames_removed
  File "/opt/airflow/dags/firstdag.py", line 8
    ) as dag:
             ^
IndentationError: expected an indented block
[2025-08-07T21:23:27.814+0000] {processor.py:842} WARNING - No viable dags retrieved from /opt/airflow/dags/firstdag.py
[2025-08-07T21:23:27.828+0000] {processor.py:183} INFO - Processing /opt/airflow/dags/firstdag.py took 0.029 seconds
[2025-08-07T21:23:57.980+0000] {processor.py:161} INFO - Started process (PID=210) to work on /opt/airflow/dags/firstdag.py
[2025-08-07T21:23:57.981+0000] {processor.py:830} INFO - Processing file /opt/airflow/dags/firstdag.py for tasks to queue
[2025-08-07T21:23:57.982+0000] {logging_mixin.py:188} INFO - [2025-08-07T21:23:57.982+0000] {dagbag.py:545} INFO - Filling up the DagBag from /opt/airflow/dags/firstdag.py
[2025-08-07T21:23:57.990+0000] {logging_mixin.py:188} INFO - [2025-08-07T21:23:57.989+0000] {dagbag.py:355} ERROR - Failed to import: /opt/airflow/dags/firstdag.py
Traceback (most recent call last):
  File "/home/airflow/.local/lib/python3.9/site-packages/airflow/models/dagbag.py", line 351, in parse
    loader.exec_module(new_module)
  File "<frozen importlib._bootstrap_external>", line 846, in exec_module
  File "<frozen importlib._bootstrap_external>", line 983, in get_code
  File "<frozen importlib._bootstrap_external>", line 913, in source_to_code
  File "<frozen importlib._bootstrap>", line 228, in _call_with_frames_removed
  File "/opt/airflow/dags/firstdag.py", line 8
    ) as dag:
             ^
IndentationError: expected an indented block
[2025-08-07T21:23:57.990+0000] {processor.py:842} WARNING - No viable dags retrieved from /opt/airflow/dags/firstdag.py
[2025-08-07T21:23:58.004+0000] {processor.py:183} INFO - Processing /opt/airflow/dags/firstdag.py took 0.034 seconds
[2025-08-07T21:24:28.138+0000] {processor.py:161} INFO - Started process (PID=215) to work on /opt/airflow/dags/firstdag.py
[2025-08-07T21:24:28.139+0000] {processor.py:830} INFO - Processing file /opt/airflow/dags/firstdag.py for tasks to queue
[2025-08-07T21:24:28.140+0000] {logging_mixin.py:188} INFO - [2025-08-07T21:24:28.140+0000] {dagbag.py:545} INFO - Filling up the DagBag from /opt/airflow/dags/firstdag.py
[2025-08-07T21:24:28.147+0000] {logging_mixin.py:188} INFO - [2025-08-07T21:24:28.147+0000] {dagbag.py:355} ERROR - Failed to import: /opt/airflow/dags/firstdag.py
Traceback (most recent call last):
  File "/home/airflow/.local/lib/python3.9/site-packages/airflow/models/dagbag.py", line 351, in parse
    loader.exec_module(new_module)
  File "<frozen importlib._bootstrap_external>", line 846, in exec_module
  File "<frozen importlib._bootstrap_external>", line 983, in get_code
  File "<frozen importlib._bootstrap_external>", line 913, in source_to_code
  File "<frozen importlib._bootstrap>", line 228, in _call_with_frames_removed
  File "/opt/airflow/dags/firstdag.py", line 8
    ) as dag:
             ^
IndentationError: expected an indented block
[2025-08-07T21:24:28.148+0000] {processor.py:842} WARNING - No viable dags retrieved from /opt/airflow/dags/firstdag.py
[2025-08-07T21:24:28.165+0000] {processor.py:183} INFO - Processing /opt/airflow/dags/firstdag.py took 0.032 seconds
[2025-08-07T21:24:58.286+0000] {processor.py:161} INFO - Started process (PID=220) to work on /opt/airflow/dags/firstdag.py
[2025-08-07T21:24:58.287+0000] {processor.py:830} INFO - Processing file /opt/airflow/dags/firstdag.py for tasks to queue
[2025-08-07T21:24:58.289+0000] {logging_mixin.py:188} INFO - [2025-08-07T21:24:58.288+0000] {dagbag.py:545} INFO - Filling up the DagBag from /opt/airflow/dags/firstdag.py
[2025-08-07T21:24:58.298+0000] {logging_mixin.py:188} INFO - [2025-08-07T21:24:58.297+0000] {dagbag.py:355} ERROR - Failed to import: /opt/airflow/dags/firstdag.py
Traceback (most recent call last):
  File "/home/airflow/.local/lib/python3.9/site-packages/airflow/models/dagbag.py", line 351, in parse
    loader.exec_module(new_module)
  File "<frozen importlib._bootstrap_external>", line 846, in exec_module
  File "<frozen importlib._bootstrap_external>", line 983, in get_code
  File "<frozen importlib._bootstrap_external>", line 913, in source_to_code
  File "<frozen importlib._bootstrap>", line 228, in _call_with_frames_removed
  File "/opt/airflow/dags/firstdag.py", line 8
    ) as dag:
             ^
IndentationError: expected an indented block
[2025-08-07T21:24:58.299+0000] {processor.py:842} WARNING - No viable dags retrieved from /opt/airflow/dags/firstdag.py
[2025-08-07T21:24:58.313+0000] {processor.py:183} INFO - Processing /opt/airflow/dags/firstdag.py took 0.032 seconds
[2025-08-07T21:25:28.444+0000] {processor.py:161} INFO - Started process (PID=225) to work on /opt/airflow/dags/firstdag.py
[2025-08-07T21:25:28.445+0000] {processor.py:830} INFO - Processing file /opt/airflow/dags/firstdag.py for tasks to queue
[2025-08-07T21:25:28.447+0000] {logging_mixin.py:188} INFO - [2025-08-07T21:25:28.446+0000] {dagbag.py:545} INFO - Filling up the DagBag from /opt/airflow/dags/firstdag.py
[2025-08-07T21:25:28.454+0000] {logging_mixin.py:188} INFO - [2025-08-07T21:25:28.453+0000] {dagbag.py:355} ERROR - Failed to import: /opt/airflow/dags/firstdag.py
Traceback (most recent call last):
  File "/home/airflow/.local/lib/python3.9/site-packages/airflow/models/dagbag.py", line 351, in parse
    loader.exec_module(new_module)
  File "<frozen importlib._bootstrap_external>", line 846, in exec_module
  File "<frozen importlib._bootstrap_external>", line 983, in get_code
  File "<frozen importlib._bootstrap_external>", line 913, in source_to_code
  File "<frozen importlib._bootstrap>", line 228, in _call_with_frames_removed
  File "/opt/airflow/dags/firstdag.py", line 8
    ) as dag:
             ^
IndentationError: expected an indented block
[2025-08-07T21:25:28.454+0000] {processor.py:842} WARNING - No viable dags retrieved from /opt/airflow/dags/firstdag.py
[2025-08-07T21:25:28.472+0000] {processor.py:183} INFO - Processing /opt/airflow/dags/firstdag.py took 0.032 seconds
[2025-08-07T21:25:58.618+0000] {processor.py:161} INFO - Started process (PID=230) to work on /opt/airflow/dags/firstdag.py
[2025-08-07T21:25:58.618+0000] {processor.py:830} INFO - Processing file /opt/airflow/dags/firstdag.py for tasks to queue
[2025-08-07T21:25:58.620+0000] {logging_mixin.py:188} INFO - [2025-08-07T21:25:58.620+0000] {dagbag.py:545} INFO - Filling up the DagBag from /opt/airflow/dags/firstdag.py
[2025-08-07T21:25:58.628+0000] {logging_mixin.py:188} INFO - [2025-08-07T21:25:58.627+0000] {dagbag.py:355} ERROR - Failed to import: /opt/airflow/dags/firstdag.py
Traceback (most recent call last):
  File "/home/airflow/.local/lib/python3.9/site-packages/airflow/models/dagbag.py", line 351, in parse
    loader.exec_module(new_module)
  File "<frozen importlib._bootstrap_external>", line 846, in exec_module
  File "<frozen importlib._bootstrap_external>", line 983, in get_code
  File "<frozen importlib._bootstrap_external>", line 913, in source_to_code
  File "<frozen importlib._bootstrap>", line 228, in _call_with_frames_removed
  File "/opt/airflow/dags/firstdag.py", line 8
    ) as dag:
             ^
IndentationError: expected an indented block
[2025-08-07T21:25:58.628+0000] {processor.py:842} WARNING - No viable dags retrieved from /opt/airflow/dags/firstdag.py
[2025-08-07T21:25:58.647+0000] {processor.py:183} INFO - Processing /opt/airflow/dags/firstdag.py took 0.034 seconds
[2025-08-07T21:26:28.775+0000] {processor.py:161} INFO - Started process (PID=235) to work on /opt/airflow/dags/firstdag.py
[2025-08-07T21:26:28.775+0000] {processor.py:830} INFO - Processing file /opt/airflow/dags/firstdag.py for tasks to queue
[2025-08-07T21:26:28.777+0000] {logging_mixin.py:188} INFO - [2025-08-07T21:26:28.776+0000] {dagbag.py:545} INFO - Filling up the DagBag from /opt/airflow/dags/firstdag.py
[2025-08-07T21:26:28.792+0000] {logging_mixin.py:188} INFO - [2025-08-07T21:26:28.791+0000] {dagbag.py:355} ERROR - Failed to import: /opt/airflow/dags/firstdag.py
Traceback (most recent call last):
  File "/home/airflow/.local/lib/python3.9/site-packages/airflow/models/dagbag.py", line 351, in parse
    loader.exec_module(new_module)
  File "<frozen importlib._bootstrap_external>", line 846, in exec_module
  File "<frozen importlib._bootstrap_external>", line 983, in get_code
  File "<frozen importlib._bootstrap_external>", line 913, in source_to_code
  File "<frozen importlib._bootstrap>", line 228, in _call_with_frames_removed
  File "/opt/airflow/dags/firstdag.py", line 8
    ) as dag:
             ^
IndentationError: expected an indented block
[2025-08-07T21:26:28.792+0000] {processor.py:842} WARNING - No viable dags retrieved from /opt/airflow/dags/firstdag.py
[2025-08-07T21:26:28.806+0000] {processor.py:183} INFO - Processing /opt/airflow/dags/firstdag.py took 0.035 seconds
[2025-08-07T21:26:58.958+0000] {processor.py:161} INFO - Started process (PID=240) to work on /opt/airflow/dags/firstdag.py
[2025-08-07T21:26:58.959+0000] {processor.py:830} INFO - Processing file /opt/airflow/dags/firstdag.py for tasks to queue
[2025-08-07T21:26:58.960+0000] {logging_mixin.py:188} INFO - [2025-08-07T21:26:58.960+0000] {dagbag.py:545} INFO - Filling up the DagBag from /opt/airflow/dags/firstdag.py
[2025-08-07T21:26:58.968+0000] {logging_mixin.py:188} INFO - [2025-08-07T21:26:58.968+0000] {dagbag.py:355} ERROR - Failed to import: /opt/airflow/dags/firstdag.py
Traceback (most recent call last):
  File "/home/airflow/.local/lib/python3.9/site-packages/airflow/models/dagbag.py", line 351, in parse
    loader.exec_module(new_module)
  File "<frozen importlib._bootstrap_external>", line 846, in exec_module
  File "<frozen importlib._bootstrap_external>", line 983, in get_code
  File "<frozen importlib._bootstrap_external>", line 913, in source_to_code
  File "<frozen importlib._bootstrap>", line 228, in _call_with_frames_removed
  File "/opt/airflow/dags/firstdag.py", line 8
    ) as dag:
             ^
IndentationError: expected an indented block
[2025-08-07T21:26:58.968+0000] {processor.py:842} WARNING - No viable dags retrieved from /opt/airflow/dags/firstdag.py
[2025-08-07T21:26:58.987+0000] {processor.py:183} INFO - Processing /opt/airflow/dags/firstdag.py took 0.034 seconds
[2025-08-07T21:27:29.122+0000] {processor.py:161} INFO - Started process (PID=245) to work on /opt/airflow/dags/firstdag.py
[2025-08-07T21:27:29.123+0000] {processor.py:830} INFO - Processing file /opt/airflow/dags/firstdag.py for tasks to queue
[2025-08-07T21:27:29.124+0000] {logging_mixin.py:188} INFO - [2025-08-07T21:27:29.124+0000] {dagbag.py:545} INFO - Filling up the DagBag from /opt/airflow/dags/firstdag.py
[2025-08-07T21:27:29.135+0000] {logging_mixin.py:188} INFO - [2025-08-07T21:27:29.135+0000] {dagbag.py:355} ERROR - Failed to import: /opt/airflow/dags/firstdag.py
Traceback (most recent call last):
  File "/home/airflow/.local/lib/python3.9/site-packages/airflow/models/dagbag.py", line 351, in parse
    loader.exec_module(new_module)
  File "<frozen importlib._bootstrap_external>", line 846, in exec_module
  File "<frozen importlib._bootstrap_external>", line 983, in get_code
  File "<frozen importlib._bootstrap_external>", line 913, in source_to_code
  File "<frozen importlib._bootstrap>", line 228, in _call_with_frames_removed
  File "/opt/airflow/dags/firstdag.py", line 8
    ) as dag:
             ^
IndentationError: expected an indented block
[2025-08-07T21:27:29.135+0000] {processor.py:842} WARNING - No viable dags retrieved from /opt/airflow/dags/firstdag.py
[2025-08-07T21:27:29.154+0000] {processor.py:183} INFO - Processing /opt/airflow/dags/firstdag.py took 0.036 seconds
[2025-08-07T21:27:59.272+0000] {processor.py:161} INFO - Started process (PID=250) to work on /opt/airflow/dags/firstdag.py
[2025-08-07T21:27:59.273+0000] {processor.py:830} INFO - Processing file /opt/airflow/dags/firstdag.py for tasks to queue
[2025-08-07T21:27:59.275+0000] {logging_mixin.py:188} INFO - [2025-08-07T21:27:59.274+0000] {dagbag.py:545} INFO - Filling up the DagBag from /opt/airflow/dags/firstdag.py
[2025-08-07T21:27:59.283+0000] {logging_mixin.py:188} INFO - [2025-08-07T21:27:59.282+0000] {dagbag.py:355} ERROR - Failed to import: /opt/airflow/dags/firstdag.py
Traceback (most recent call last):
  File "/home/airflow/.local/lib/python3.9/site-packages/airflow/models/dagbag.py", line 351, in parse
    loader.exec_module(new_module)
  File "<frozen importlib._bootstrap_external>", line 846, in exec_module
  File "<frozen importlib._bootstrap_external>", line 983, in get_code
  File "<frozen importlib._bootstrap_external>", line 913, in source_to_code
  File "<frozen importlib._bootstrap>", line 228, in _call_with_frames_removed
  File "/opt/airflow/dags/firstdag.py", line 8
    ) as dag:
             ^
IndentationError: expected an indented block
[2025-08-07T21:27:59.283+0000] {processor.py:842} WARNING - No viable dags retrieved from /opt/airflow/dags/firstdag.py
[2025-08-07T21:27:59.297+0000] {processor.py:183} INFO - Processing /opt/airflow/dags/firstdag.py took 0.034 seconds
[2025-08-07T21:28:29.432+0000] {processor.py:161} INFO - Started process (PID=255) to work on /opt/airflow/dags/firstdag.py
[2025-08-07T21:28:29.433+0000] {processor.py:830} INFO - Processing file /opt/airflow/dags/firstdag.py for tasks to queue
[2025-08-07T21:28:29.434+0000] {logging_mixin.py:188} INFO - [2025-08-07T21:28:29.434+0000] {dagbag.py:545} INFO - Filling up the DagBag from /opt/airflow/dags/firstdag.py
[2025-08-07T21:28:29.442+0000] {logging_mixin.py:188} INFO - [2025-08-07T21:28:29.441+0000] {dagbag.py:355} ERROR - Failed to import: /opt/airflow/dags/firstdag.py
Traceback (most recent call last):
  File "/home/airflow/.local/lib/python3.9/site-packages/airflow/models/dagbag.py", line 351, in parse
    loader.exec_module(new_module)
  File "<frozen importlib._bootstrap_external>", line 846, in exec_module
  File "<frozen importlib._bootstrap_external>", line 983, in get_code
  File "<frozen importlib._bootstrap_external>", line 913, in source_to_code
  File "<frozen importlib._bootstrap>", line 228, in _call_with_frames_removed
  File "/opt/airflow/dags/firstdag.py", line 8
    ) as dag:
             ^
IndentationError: expected an indented block
[2025-08-07T21:28:29.442+0000] {processor.py:842} WARNING - No viable dags retrieved from /opt/airflow/dags/firstdag.py
[2025-08-07T21:28:29.455+0000] {processor.py:183} INFO - Processing /opt/airflow/dags/firstdag.py took 0.027 seconds
[2025-08-07T21:28:59.597+0000] {processor.py:161} INFO - Started process (PID=260) to work on /opt/airflow/dags/firstdag.py
[2025-08-07T21:28:59.598+0000] {processor.py:830} INFO - Processing file /opt/airflow/dags/firstdag.py for tasks to queue
[2025-08-07T21:28:59.599+0000] {logging_mixin.py:188} INFO - [2025-08-07T21:28:59.599+0000] {dagbag.py:545} INFO - Filling up the DagBag from /opt/airflow/dags/firstdag.py
[2025-08-07T21:28:59.607+0000] {logging_mixin.py:188} INFO - [2025-08-07T21:28:59.606+0000] {dagbag.py:355} ERROR - Failed to import: /opt/airflow/dags/firstdag.py
Traceback (most recent call last):
  File "/home/airflow/.local/lib/python3.9/site-packages/airflow/models/dagbag.py", line 351, in parse
    loader.exec_module(new_module)
  File "<frozen importlib._bootstrap_external>", line 846, in exec_module
  File "<frozen importlib._bootstrap_external>", line 983, in get_code
  File "<frozen importlib._bootstrap_external>", line 913, in source_to_code
  File "<frozen importlib._bootstrap>", line 228, in _call_with_frames_removed
  File "/opt/airflow/dags/firstdag.py", line 8
    ) as dag:
             ^
IndentationError: expected an indented block
[2025-08-07T21:28:59.607+0000] {processor.py:842} WARNING - No viable dags retrieved from /opt/airflow/dags/firstdag.py
[2025-08-07T21:28:59.620+0000] {processor.py:183} INFO - Processing /opt/airflow/dags/firstdag.py took 0.028 seconds
[2025-08-07T21:29:29.802+0000] {processor.py:161} INFO - Started process (PID=265) to work on /opt/airflow/dags/firstdag.py
[2025-08-07T21:29:29.803+0000] {processor.py:830} INFO - Processing file /opt/airflow/dags/firstdag.py for tasks to queue
[2025-08-07T21:29:29.804+0000] {logging_mixin.py:188} INFO - [2025-08-07T21:29:29.804+0000] {dagbag.py:545} INFO - Filling up the DagBag from /opt/airflow/dags/firstdag.py
[2025-08-07T21:29:29.812+0000] {logging_mixin.py:188} INFO - [2025-08-07T21:29:29.811+0000] {dagbag.py:355} ERROR - Failed to import: /opt/airflow/dags/firstdag.py
Traceback (most recent call last):
  File "/home/airflow/.local/lib/python3.9/site-packages/airflow/models/dagbag.py", line 351, in parse
    loader.exec_module(new_module)
  File "<frozen importlib._bootstrap_external>", line 846, in exec_module
  File "<frozen importlib._bootstrap_external>", line 983, in get_code
  File "<frozen importlib._bootstrap_external>", line 913, in source_to_code
  File "<frozen importlib._bootstrap>", line 228, in _call_with_frames_removed
  File "/opt/airflow/dags/firstdag.py", line 8
    ) as dag:
             ^
IndentationError: expected an indented block
[2025-08-07T21:29:29.812+0000] {processor.py:842} WARNING - No viable dags retrieved from /opt/airflow/dags/firstdag.py
[2025-08-07T21:29:29.825+0000] {processor.py:183} INFO - Processing /opt/airflow/dags/firstdag.py took 0.028 seconds
[2025-08-07T21:29:59.955+0000] {processor.py:161} INFO - Started process (PID=270) to work on /opt/airflow/dags/firstdag.py
[2025-08-07T21:29:59.956+0000] {processor.py:830} INFO - Processing file /opt/airflow/dags/firstdag.py for tasks to queue
[2025-08-07T21:29:59.957+0000] {logging_mixin.py:188} INFO - [2025-08-07T21:29:59.957+0000] {dagbag.py:545} INFO - Filling up the DagBag from /opt/airflow/dags/firstdag.py
[2025-08-07T21:29:59.968+0000] {logging_mixin.py:188} INFO - [2025-08-07T21:29:59.967+0000] {dagbag.py:355} ERROR - Failed to import: /opt/airflow/dags/firstdag.py
Traceback (most recent call last):
  File "/home/airflow/.local/lib/python3.9/site-packages/airflow/models/dagbag.py", line 351, in parse
    loader.exec_module(new_module)
  File "<frozen importlib._bootstrap_external>", line 846, in exec_module
  File "<frozen importlib._bootstrap_external>", line 983, in get_code
  File "<frozen importlib._bootstrap_external>", line 913, in source_to_code
  File "<frozen importlib._bootstrap>", line 228, in _call_with_frames_removed
  File "/opt/airflow/dags/firstdag.py", line 8
    ) as dag:
             ^
IndentationError: expected an indented block
[2025-08-07T21:29:59.968+0000] {processor.py:842} WARNING - No viable dags retrieved from /opt/airflow/dags/firstdag.py
[2025-08-07T21:29:59.986+0000] {processor.py:183} INFO - Processing /opt/airflow/dags/firstdag.py took 0.041 seconds
[2025-08-07T21:30:30.101+0000] {processor.py:161} INFO - Started process (PID=275) to work on /opt/airflow/dags/firstdag.py
[2025-08-07T21:30:30.102+0000] {processor.py:830} INFO - Processing file /opt/airflow/dags/firstdag.py for tasks to queue
[2025-08-07T21:30:30.103+0000] {logging_mixin.py:188} INFO - [2025-08-07T21:30:30.103+0000] {dagbag.py:545} INFO - Filling up the DagBag from /opt/airflow/dags/firstdag.py
[2025-08-07T21:30:30.111+0000] {logging_mixin.py:188} INFO - [2025-08-07T21:30:30.110+0000] {dagbag.py:355} ERROR - Failed to import: /opt/airflow/dags/firstdag.py
Traceback (most recent call last):
  File "/home/airflow/.local/lib/python3.9/site-packages/airflow/models/dagbag.py", line 351, in parse
    loader.exec_module(new_module)
  File "<frozen importlib._bootstrap_external>", line 846, in exec_module
  File "<frozen importlib._bootstrap_external>", line 983, in get_code
  File "<frozen importlib._bootstrap_external>", line 913, in source_to_code
  File "<frozen importlib._bootstrap>", line 228, in _call_with_frames_removed
  File "/opt/airflow/dags/firstdag.py", line 8
    ) as dag:
             ^
IndentationError: expected an indented block
[2025-08-07T21:30:30.111+0000] {processor.py:842} WARNING - No viable dags retrieved from /opt/airflow/dags/firstdag.py
[2025-08-07T21:30:30.128+0000] {processor.py:183} INFO - Processing /opt/airflow/dags/firstdag.py took 0.032 seconds
[2025-08-07T21:31:00.256+0000] {processor.py:161} INFO - Started process (PID=280) to work on /opt/airflow/dags/firstdag.py
[2025-08-07T21:31:00.257+0000] {processor.py:830} INFO - Processing file /opt/airflow/dags/firstdag.py for tasks to queue
[2025-08-07T21:31:00.258+0000] {logging_mixin.py:188} INFO - [2025-08-07T21:31:00.258+0000] {dagbag.py:545} INFO - Filling up the DagBag from /opt/airflow/dags/firstdag.py
[2025-08-07T21:31:00.266+0000] {logging_mixin.py:188} INFO - [2025-08-07T21:31:00.265+0000] {dagbag.py:355} ERROR - Failed to import: /opt/airflow/dags/firstdag.py
Traceback (most recent call last):
  File "/home/airflow/.local/lib/python3.9/site-packages/airflow/models/dagbag.py", line 351, in parse
    loader.exec_module(new_module)
  File "<frozen importlib._bootstrap_external>", line 846, in exec_module
  File "<frozen importlib._bootstrap_external>", line 983, in get_code
  File "<frozen importlib._bootstrap_external>", line 913, in source_to_code
  File "<frozen importlib._bootstrap>", line 228, in _call_with_frames_removed
  File "/opt/airflow/dags/firstdag.py", line 8
    ) as dag:
             ^
IndentationError: expected an indented block
[2025-08-07T21:31:00.266+0000] {processor.py:842} WARNING - No viable dags retrieved from /opt/airflow/dags/firstdag.py
[2025-08-07T21:31:00.286+0000] {processor.py:183} INFO - Processing /opt/airflow/dags/firstdag.py took 0.035 seconds
[2025-08-07T21:31:30.415+0000] {processor.py:161} INFO - Started process (PID=285) to work on /opt/airflow/dags/firstdag.py
[2025-08-07T21:31:30.416+0000] {processor.py:830} INFO - Processing file /opt/airflow/dags/firstdag.py for tasks to queue
[2025-08-07T21:31:30.418+0000] {logging_mixin.py:188} INFO - [2025-08-07T21:31:30.418+0000] {dagbag.py:545} INFO - Filling up the DagBag from /opt/airflow/dags/firstdag.py
[2025-08-07T21:31:30.427+0000] {logging_mixin.py:188} INFO - [2025-08-07T21:31:30.426+0000] {dagbag.py:355} ERROR - Failed to import: /opt/airflow/dags/firstdag.py
Traceback (most recent call last):
  File "/home/airflow/.local/lib/python3.9/site-packages/airflow/models/dagbag.py", line 351, in parse
    loader.exec_module(new_module)
  File "<frozen importlib._bootstrap_external>", line 846, in exec_module
  File "<frozen importlib._bootstrap_external>", line 983, in get_code
  File "<frozen importlib._bootstrap_external>", line 913, in source_to_code
  File "<frozen importlib._bootstrap>", line 228, in _call_with_frames_removed
  File "/opt/airflow/dags/firstdag.py", line 8
    ) as dag:
             ^
IndentationError: expected an indented block
[2025-08-07T21:31:30.427+0000] {processor.py:842} WARNING - No viable dags retrieved from /opt/airflow/dags/firstdag.py
[2025-08-07T21:31:30.446+0000] {processor.py:183} INFO - Processing /opt/airflow/dags/firstdag.py took 0.036 seconds
[2025-08-07T21:32:00.588+0000] {processor.py:161} INFO - Started process (PID=290) to work on /opt/airflow/dags/firstdag.py
[2025-08-07T21:32:00.588+0000] {processor.py:830} INFO - Processing file /opt/airflow/dags/firstdag.py for tasks to queue
[2025-08-07T21:32:00.590+0000] {logging_mixin.py:188} INFO - [2025-08-07T21:32:00.590+0000] {dagbag.py:545} INFO - Filling up the DagBag from /opt/airflow/dags/firstdag.py
[2025-08-07T21:32:00.598+0000] {logging_mixin.py:188} INFO - [2025-08-07T21:32:00.597+0000] {dagbag.py:355} ERROR - Failed to import: /opt/airflow/dags/firstdag.py
Traceback (most recent call last):
  File "/home/airflow/.local/lib/python3.9/site-packages/airflow/models/dagbag.py", line 351, in parse
    loader.exec_module(new_module)
  File "<frozen importlib._bootstrap_external>", line 846, in exec_module
  File "<frozen importlib._bootstrap_external>", line 983, in get_code
  File "<frozen importlib._bootstrap_external>", line 913, in source_to_code
  File "<frozen importlib._bootstrap>", line 228, in _call_with_frames_removed
  File "/opt/airflow/dags/firstdag.py", line 8
    ) as dag:
             ^
IndentationError: expected an indented block
[2025-08-07T21:32:00.598+0000] {processor.py:842} WARNING - No viable dags retrieved from /opt/airflow/dags/firstdag.py
[2025-08-07T21:32:00.617+0000] {processor.py:183} INFO - Processing /opt/airflow/dags/firstdag.py took 0.035 seconds
[2025-08-07T21:32:30.774+0000] {processor.py:161} INFO - Started process (PID=295) to work on /opt/airflow/dags/firstdag.py
[2025-08-07T21:32:30.775+0000] {processor.py:830} INFO - Processing file /opt/airflow/dags/firstdag.py for tasks to queue
[2025-08-07T21:32:30.776+0000] {logging_mixin.py:188} INFO - [2025-08-07T21:32:30.776+0000] {dagbag.py:545} INFO - Filling up the DagBag from /opt/airflow/dags/firstdag.py
[2025-08-07T21:32:30.785+0000] {logging_mixin.py:188} INFO - [2025-08-07T21:32:30.784+0000] {dagbag.py:355} ERROR - Failed to import: /opt/airflow/dags/firstdag.py
Traceback (most recent call last):
  File "/home/airflow/.local/lib/python3.9/site-packages/airflow/models/dagbag.py", line 351, in parse
    loader.exec_module(new_module)
  File "<frozen importlib._bootstrap_external>", line 846, in exec_module
  File "<frozen importlib._bootstrap_external>", line 983, in get_code
  File "<frozen importlib._bootstrap_external>", line 913, in source_to_code
  File "<frozen importlib._bootstrap>", line 228, in _call_with_frames_removed
  File "/opt/airflow/dags/firstdag.py", line 8
    ) as dag:
             ^
IndentationError: expected an indented block
[2025-08-07T21:32:30.785+0000] {processor.py:842} WARNING - No viable dags retrieved from /opt/airflow/dags/firstdag.py
[2025-08-07T21:32:30.804+0000] {processor.py:183} INFO - Processing /opt/airflow/dags/firstdag.py took 0.035 seconds
[2025-08-07T21:33:00.947+0000] {processor.py:161} INFO - Started process (PID=300) to work on /opt/airflow/dags/firstdag.py
[2025-08-07T21:33:00.948+0000] {processor.py:830} INFO - Processing file /opt/airflow/dags/firstdag.py for tasks to queue
[2025-08-07T21:33:00.950+0000] {logging_mixin.py:188} INFO - [2025-08-07T21:33:00.949+0000] {dagbag.py:545} INFO - Filling up the DagBag from /opt/airflow/dags/firstdag.py
[2025-08-07T21:33:00.957+0000] {logging_mixin.py:188} INFO - [2025-08-07T21:33:00.957+0000] {dagbag.py:355} ERROR - Failed to import: /opt/airflow/dags/firstdag.py
Traceback (most recent call last):
  File "/home/airflow/.local/lib/python3.9/site-packages/airflow/models/dagbag.py", line 351, in parse
    loader.exec_module(new_module)
  File "<frozen importlib._bootstrap_external>", line 846, in exec_module
  File "<frozen importlib._bootstrap_external>", line 983, in get_code
  File "<frozen importlib._bootstrap_external>", line 913, in source_to_code
  File "<frozen importlib._bootstrap>", line 228, in _call_with_frames_removed
  File "/opt/airflow/dags/firstdag.py", line 8
    ) as dag:
             ^
IndentationError: expected an indented block
[2025-08-07T21:33:00.957+0000] {processor.py:842} WARNING - No viable dags retrieved from /opt/airflow/dags/firstdag.py
[2025-08-07T21:33:00.976+0000] {processor.py:183} INFO - Processing /opt/airflow/dags/firstdag.py took 0.034 seconds
[2025-08-07T21:33:31.105+0000] {processor.py:161} INFO - Started process (PID=305) to work on /opt/airflow/dags/firstdag.py
[2025-08-07T21:33:31.106+0000] {processor.py:830} INFO - Processing file /opt/airflow/dags/firstdag.py for tasks to queue
[2025-08-07T21:33:31.108+0000] {logging_mixin.py:188} INFO - [2025-08-07T21:33:31.107+0000] {dagbag.py:545} INFO - Filling up the DagBag from /opt/airflow/dags/firstdag.py
[2025-08-07T21:33:31.117+0000] {logging_mixin.py:188} INFO - [2025-08-07T21:33:31.116+0000] {dagbag.py:355} ERROR - Failed to import: /opt/airflow/dags/firstdag.py
Traceback (most recent call last):
  File "/home/airflow/.local/lib/python3.9/site-packages/airflow/models/dagbag.py", line 351, in parse
    loader.exec_module(new_module)
  File "<frozen importlib._bootstrap_external>", line 846, in exec_module
  File "<frozen importlib._bootstrap_external>", line 983, in get_code
  File "<frozen importlib._bootstrap_external>", line 913, in source_to_code
  File "<frozen importlib._bootstrap>", line 228, in _call_with_frames_removed
  File "/opt/airflow/dags/firstdag.py", line 8
    ) as dag:
             ^
IndentationError: expected an indented block
[2025-08-07T21:33:31.117+0000] {processor.py:842} WARNING - No viable dags retrieved from /opt/airflow/dags/firstdag.py
[2025-08-07T21:33:31.136+0000] {processor.py:183} INFO - Processing /opt/airflow/dags/firstdag.py took 0.036 seconds
[2025-08-07T21:34:01.279+0000] {processor.py:161} INFO - Started process (PID=310) to work on /opt/airflow/dags/firstdag.py
[2025-08-07T21:34:01.280+0000] {processor.py:830} INFO - Processing file /opt/airflow/dags/firstdag.py for tasks to queue
[2025-08-07T21:34:01.281+0000] {logging_mixin.py:188} INFO - [2025-08-07T21:34:01.281+0000] {dagbag.py:545} INFO - Filling up the DagBag from /opt/airflow/dags/firstdag.py
[2025-08-07T21:34:01.306+0000] {logging_mixin.py:188} INFO - [2025-08-07T21:34:01.305+0000] {dagbag.py:355} ERROR - Failed to import: /opt/airflow/dags/firstdag.py
Traceback (most recent call last):
  File "/home/airflow/.local/lib/python3.9/site-packages/airflow/models/dagbag.py", line 351, in parse
    loader.exec_module(new_module)
  File "<frozen importlib._bootstrap_external>", line 846, in exec_module
  File "<frozen importlib._bootstrap_external>", line 983, in get_code
  File "<frozen importlib._bootstrap_external>", line 913, in source_to_code
  File "<frozen importlib._bootstrap>", line 228, in _call_with_frames_removed
  File "/opt/airflow/dags/firstdag.py", line 8
    ) as dag:
             ^
IndentationError: expected an indented block
[2025-08-07T21:34:01.306+0000] {processor.py:842} WARNING - No viable dags retrieved from /opt/airflow/dags/firstdag.py
[2025-08-07T21:34:01.326+0000] {processor.py:183} INFO - Processing /opt/airflow/dags/firstdag.py took 0.052 seconds
[2025-08-07T21:34:31.407+0000] {processor.py:161} INFO - Started process (PID=315) to work on /opt/airflow/dags/firstdag.py
[2025-08-07T21:34:31.408+0000] {processor.py:830} INFO - Processing file /opt/airflow/dags/firstdag.py for tasks to queue
[2025-08-07T21:34:31.409+0000] {logging_mixin.py:188} INFO - [2025-08-07T21:34:31.409+0000] {dagbag.py:545} INFO - Filling up the DagBag from /opt/airflow/dags/firstdag.py
[2025-08-07T21:34:31.416+0000] {logging_mixin.py:188} INFO - [2025-08-07T21:34:31.416+0000] {dagbag.py:355} ERROR - Failed to import: /opt/airflow/dags/firstdag.py
Traceback (most recent call last):
  File "/home/airflow/.local/lib/python3.9/site-packages/airflow/models/dagbag.py", line 351, in parse
    loader.exec_module(new_module)
  File "<frozen importlib._bootstrap_external>", line 846, in exec_module
  File "<frozen importlib._bootstrap_external>", line 983, in get_code
  File "<frozen importlib._bootstrap_external>", line 913, in source_to_code
  File "<frozen importlib._bootstrap>", line 228, in _call_with_frames_removed
  File "/opt/airflow/dags/firstdag.py", line 8
    ) as dag:
             ^
IndentationError: expected an indented block
[2025-08-07T21:34:31.417+0000] {processor.py:842} WARNING - No viable dags retrieved from /opt/airflow/dags/firstdag.py
[2025-08-07T21:34:31.435+0000] {processor.py:183} INFO - Processing /opt/airflow/dags/firstdag.py took 0.033 seconds
[2025-08-07T21:35:01.553+0000] {processor.py:161} INFO - Started process (PID=320) to work on /opt/airflow/dags/firstdag.py
[2025-08-07T21:35:01.554+0000] {processor.py:830} INFO - Processing file /opt/airflow/dags/firstdag.py for tasks to queue
[2025-08-07T21:35:01.555+0000] {logging_mixin.py:188} INFO - [2025-08-07T21:35:01.555+0000] {dagbag.py:545} INFO - Filling up the DagBag from /opt/airflow/dags/firstdag.py
[2025-08-07T21:35:01.562+0000] {logging_mixin.py:188} INFO - [2025-08-07T21:35:01.561+0000] {dagbag.py:355} ERROR - Failed to import: /opt/airflow/dags/firstdag.py
Traceback (most recent call last):
  File "/home/airflow/.local/lib/python3.9/site-packages/airflow/models/dagbag.py", line 351, in parse
    loader.exec_module(new_module)
  File "<frozen importlib._bootstrap_external>", line 846, in exec_module
  File "<frozen importlib._bootstrap_external>", line 983, in get_code
  File "<frozen importlib._bootstrap_external>", line 913, in source_to_code
  File "<frozen importlib._bootstrap>", line 228, in _call_with_frames_removed
  File "/opt/airflow/dags/firstdag.py", line 8
    ) as dag:
             ^
IndentationError: expected an indented block
[2025-08-07T21:35:01.563+0000] {processor.py:842} WARNING - No viable dags retrieved from /opt/airflow/dags/firstdag.py
[2025-08-07T21:35:01.576+0000] {processor.py:183} INFO - Processing /opt/airflow/dags/firstdag.py took 0.029 seconds
[2025-08-07T21:35:31.721+0000] {processor.py:161} INFO - Started process (PID=325) to work on /opt/airflow/dags/firstdag.py
[2025-08-07T21:35:31.722+0000] {processor.py:830} INFO - Processing file /opt/airflow/dags/firstdag.py for tasks to queue
[2025-08-07T21:35:31.723+0000] {logging_mixin.py:188} INFO - [2025-08-07T21:35:31.723+0000] {dagbag.py:545} INFO - Filling up the DagBag from /opt/airflow/dags/firstdag.py
[2025-08-07T21:35:31.735+0000] {logging_mixin.py:188} INFO - [2025-08-07T21:35:31.735+0000] {dagbag.py:355} ERROR - Failed to import: /opt/airflow/dags/firstdag.py
Traceback (most recent call last):
  File "/home/airflow/.local/lib/python3.9/site-packages/airflow/models/dagbag.py", line 351, in parse
    loader.exec_module(new_module)
  File "<frozen importlib._bootstrap_external>", line 846, in exec_module
  File "<frozen importlib._bootstrap_external>", line 983, in get_code
  File "<frozen importlib._bootstrap_external>", line 913, in source_to_code
  File "<frozen importlib._bootstrap>", line 228, in _call_with_frames_removed
  File "/opt/airflow/dags/firstdag.py", line 8
    ) as dag:
             ^
IndentationError: expected an indented block
[2025-08-07T21:35:31.736+0000] {processor.py:842} WARNING - No viable dags retrieved from /opt/airflow/dags/firstdag.py
[2025-08-07T21:35:31.754+0000] {processor.py:183} INFO - Processing /opt/airflow/dags/firstdag.py took 0.037 seconds
[2025-08-07T21:36:01.885+0000] {processor.py:161} INFO - Started process (PID=330) to work on /opt/airflow/dags/firstdag.py
[2025-08-07T21:36:01.886+0000] {processor.py:830} INFO - Processing file /opt/airflow/dags/firstdag.py for tasks to queue
[2025-08-07T21:36:01.888+0000] {logging_mixin.py:188} INFO - [2025-08-07T21:36:01.887+0000] {dagbag.py:545} INFO - Filling up the DagBag from /opt/airflow/dags/firstdag.py
[2025-08-07T21:36:01.895+0000] {logging_mixin.py:188} INFO - [2025-08-07T21:36:01.895+0000] {dagbag.py:355} ERROR - Failed to import: /opt/airflow/dags/firstdag.py
Traceback (most recent call last):
  File "/home/airflow/.local/lib/python3.9/site-packages/airflow/models/dagbag.py", line 351, in parse
    loader.exec_module(new_module)
  File "<frozen importlib._bootstrap_external>", line 846, in exec_module
  File "<frozen importlib._bootstrap_external>", line 983, in get_code
  File "<frozen importlib._bootstrap_external>", line 913, in source_to_code
  File "<frozen importlib._bootstrap>", line 228, in _call_with_frames_removed
  File "/opt/airflow/dags/firstdag.py", line 8
    ) as dag:
             ^
IndentationError: expected an indented block
[2025-08-07T21:36:01.896+0000] {processor.py:842} WARNING - No viable dags retrieved from /opt/airflow/dags/firstdag.py
[2025-08-07T21:36:01.913+0000] {processor.py:183} INFO - Processing /opt/airflow/dags/firstdag.py took 0.033 seconds
[2025-08-07T21:36:32.046+0000] {processor.py:161} INFO - Started process (PID=335) to work on /opt/airflow/dags/firstdag.py
[2025-08-07T21:36:32.047+0000] {processor.py:830} INFO - Processing file /opt/airflow/dags/firstdag.py for tasks to queue
[2025-08-07T21:36:32.048+0000] {logging_mixin.py:188} INFO - [2025-08-07T21:36:32.048+0000] {dagbag.py:545} INFO - Filling up the DagBag from /opt/airflow/dags/firstdag.py
[2025-08-07T21:36:32.056+0000] {logging_mixin.py:188} INFO - [2025-08-07T21:36:32.055+0000] {dagbag.py:355} ERROR - Failed to import: /opt/airflow/dags/firstdag.py
Traceback (most recent call last):
  File "/home/airflow/.local/lib/python3.9/site-packages/airflow/models/dagbag.py", line 351, in parse
    loader.exec_module(new_module)
  File "<frozen importlib._bootstrap_external>", line 846, in exec_module
  File "<frozen importlib._bootstrap_external>", line 983, in get_code
  File "<frozen importlib._bootstrap_external>", line 913, in source_to_code
  File "<frozen importlib._bootstrap>", line 228, in _call_with_frames_removed
  File "/opt/airflow/dags/firstdag.py", line 8
    ) as dag:
             ^
IndentationError: expected an indented block
[2025-08-07T21:36:32.056+0000] {processor.py:842} WARNING - No viable dags retrieved from /opt/airflow/dags/firstdag.py
[2025-08-07T21:36:32.074+0000] {processor.py:183} INFO - Processing /opt/airflow/dags/firstdag.py took 0.032 seconds
