[2025-08-08T02:26:27.822+0000] {local_task_job_runner.py:120} INFO - ::group::Pre task execution logs
[2025-08-08T02:26:27.843+0000] {taskinstance.py:2076} INFO - Dependencies all met for dep_context=non-requeueable deps ti=<TaskInstance: climate_data.create_folder scheduled__2023-04-03T00:00:00+00:00 [queued]>
[2025-08-08T02:26:27.849+0000] {taskinstance.py:2076} INFO - Dependencies all met for dep_context=requeueable deps ti=<TaskInstance: climate_data.create_folder scheduled__2023-04-03T00:00:00+00:00 [queued]>
[2025-08-08T02:26:27.850+0000] {taskinstance.py:2306} INFO - Starting attempt 1 of 1
[2025-08-08T02:26:27.858+0000] {taskinstance.py:2330} INFO - Executing <Task(BashOperator): create_folder> on 2023-04-03 00:00:00+00:00
[2025-08-08T02:26:27.862+0000] {standard_task_runner.py:63} INFO - Started process 342 to run task
[2025-08-08T02:26:27.865+0000] {standard_task_runner.py:90} INFO - Running: ['***', 'tasks', 'run', 'climate_data', 'create_folder', 'scheduled__2023-04-03T00:00:00+00:00', '--job-id', '61', '--raw', '--subdir', 'DAGS_FOLDER/climate_data.py', '--cfg-path', '/tmp/tmpfuk1psr2']
[2025-08-08T02:26:27.866+0000] {standard_task_runner.py:91} INFO - Job 61: Subtask create_folder
[2025-08-08T02:26:27.877+0000] {logging_mixin.py:188} WARNING - /home/***/.local/lib/python3.9/site-packages/***/settings.py:195 DeprecationWarning: The sql_alchemy_conn option in [core] has been moved to the sql_alchemy_conn option in [database] - the old setting has been used, but please update your config.
[2025-08-08T02:26:27.908+0000] {task_command.py:426} INFO - Running <TaskInstance: climate_data.create_folder scheduled__2023-04-03T00:00:00+00:00 [running]> on host 3ceab82043f1
[2025-08-08T02:26:27.963+0000] {taskinstance.py:2648} INFO - Exporting env vars: AIRFLOW_CTX_DAG_OWNER='***' AIRFLOW_CTX_DAG_ID='climate_data' AIRFLOW_CTX_TASK_ID='create_folder' AIRFLOW_CTX_EXECUTION_DATE='2023-04-03T00:00:00+00:00' AIRFLOW_CTX_TRY_NUMBER='1' AIRFLOW_CTX_DAG_RUN_ID='scheduled__2023-04-03T00:00:00+00:00'
[2025-08-08T02:26:27.964+0000] {taskinstance.py:430} INFO - ::endgroup::
[2025-08-08T02:26:27.971+0000] {subprocess.py:63} INFO - Tmp dir root location: /tmp
[2025-08-08T02:26:27.972+0000] {subprocess.py:75} INFO - Running command: ['/usr/bin/bash', '-c', 'mkdir -p /home/***/host_documents/week2023-04-10"']
[2025-08-08T02:26:27.980+0000] {subprocess.py:86} INFO - Output:
[2025-08-08T02:26:27.982+0000] {subprocess.py:93} INFO - /usr/bin/bash: -c: line 1: unexpected EOF while looking for matching `"'
[2025-08-08T02:26:27.982+0000] {subprocess.py:97} INFO - Command exited with return code 2
[2025-08-08T02:26:27.983+0000] {taskinstance.py:441} INFO - ::group::Post task execution logs
[2025-08-08T02:26:27.990+0000] {taskinstance.py:2905} ERROR - Task failed with exception
Traceback (most recent call last):
  File "/home/airflow/.local/lib/python3.9/site-packages/airflow/models/taskinstance.py", line 465, in _execute_task
    result = _execute_callable(context=context, **execute_callable_kwargs)
  File "/home/airflow/.local/lib/python3.9/site-packages/airflow/models/taskinstance.py", line 432, in _execute_callable
    return execute_callable(context=context, **execute_callable_kwargs)
  File "/home/airflow/.local/lib/python3.9/site-packages/airflow/models/baseoperator.py", line 400, in wrapper
    return func(self, *args, **kwargs)
  File "/home/airflow/.local/lib/python3.9/site-packages/airflow/operators/bash.py", line 243, in execute
    raise AirflowException(
airflow.exceptions.AirflowException: Bash command failed. The command returned a non-zero exit code 2.
[2025-08-08T02:26:27.994+0000] {taskinstance.py:1206} INFO - Marking task as FAILED. dag_id=climate_data, task_id=create_folder, run_id=scheduled__2023-04-03T00:00:00+00:00, execution_date=20230403T000000, start_date=20250808T022627, end_date=20250808T022627
[2025-08-08T02:26:28.002+0000] {standard_task_runner.py:110} ERROR - Failed to execute job 61 for task create_folder (Bash command failed. The command returned a non-zero exit code 2.; 342)
[2025-08-08T02:26:28.037+0000] {local_task_job_runner.py:240} INFO - Task exited with return code 1
[2025-08-08T02:26:28.056+0000] {taskinstance.py:3498} INFO - 0 downstream tasks scheduled from follow-on schedule check
[2025-08-08T02:26:28.059+0000] {local_task_job_runner.py:222} INFO - ::endgroup::
[2025-08-08T02:34:45.824+0000] {local_task_job_runner.py:120} INFO - ::group::Pre task execution logs
[2025-08-08T02:34:45.843+0000] {taskinstance.py:2076} INFO - Dependencies all met for dep_context=non-requeueable deps ti=<TaskInstance: climate_data.create_folder scheduled__2023-04-03T00:00:00+00:00 [queued]>
[2025-08-08T02:34:45.849+0000] {taskinstance.py:2076} INFO - Dependencies all met for dep_context=requeueable deps ti=<TaskInstance: climate_data.create_folder scheduled__2023-04-03T00:00:00+00:00 [queued]>
[2025-08-08T02:34:45.850+0000] {taskinstance.py:2306} INFO - Starting attempt 1 of 1
[2025-08-08T02:34:45.863+0000] {taskinstance.py:2330} INFO - Executing <Task(BashOperator): create_folder> on 2023-04-03 00:00:00+00:00
[2025-08-08T02:34:45.867+0000] {standard_task_runner.py:63} INFO - Started process 375 to run task
[2025-08-08T02:34:45.870+0000] {standard_task_runner.py:90} INFO - Running: ['***', 'tasks', 'run', 'climate_data', 'create_folder', 'scheduled__2023-04-03T00:00:00+00:00', '--job-id', '216', '--raw', '--subdir', 'DAGS_FOLDER/climate_data.py', '--cfg-path', '/tmp/tmpbxstq35d']
[2025-08-08T02:34:45.872+0000] {standard_task_runner.py:91} INFO - Job 216: Subtask create_folder
[2025-08-08T02:34:45.886+0000] {logging_mixin.py:188} WARNING - /home/***/.local/lib/python3.9/site-packages/***/settings.py:195 DeprecationWarning: The sql_alchemy_conn option in [core] has been moved to the sql_alchemy_conn option in [database] - the old setting has been used, but please update your config.
[2025-08-08T02:34:45.923+0000] {task_command.py:426} INFO - Running <TaskInstance: climate_data.create_folder scheduled__2023-04-03T00:00:00+00:00 [running]> on host 1a6f5acf67f4
[2025-08-08T02:34:45.976+0000] {taskinstance.py:2648} INFO - Exporting env vars: AIRFLOW_CTX_DAG_OWNER='***' AIRFLOW_CTX_DAG_ID='climate_data' AIRFLOW_CTX_TASK_ID='create_folder' AIRFLOW_CTX_EXECUTION_DATE='2023-04-03T00:00:00+00:00' AIRFLOW_CTX_TRY_NUMBER='1' AIRFLOW_CTX_DAG_RUN_ID='scheduled__2023-04-03T00:00:00+00:00'
[2025-08-08T02:34:45.978+0000] {taskinstance.py:430} INFO - ::endgroup::
[2025-08-08T02:34:45.985+0000] {subprocess.py:63} INFO - Tmp dir root location: /tmp
[2025-08-08T02:34:45.986+0000] {subprocess.py:75} INFO - Running command: ['/usr/bin/bash', '-c', 'mkdir -p /home/***/host_documents/week2023-04-10"']
[2025-08-08T02:34:45.993+0000] {subprocess.py:86} INFO - Output:
[2025-08-08T02:34:45.994+0000] {subprocess.py:93} INFO - /usr/bin/bash: -c: line 1: unexpected EOF while looking for matching `"'
[2025-08-08T02:34:45.994+0000] {subprocess.py:97} INFO - Command exited with return code 2
[2025-08-08T02:34:45.995+0000] {taskinstance.py:441} INFO - ::group::Post task execution logs
[2025-08-08T02:34:46.002+0000] {taskinstance.py:2905} ERROR - Task failed with exception
Traceback (most recent call last):
  File "/home/airflow/.local/lib/python3.9/site-packages/airflow/models/taskinstance.py", line 465, in _execute_task
    result = _execute_callable(context=context, **execute_callable_kwargs)
  File "/home/airflow/.local/lib/python3.9/site-packages/airflow/models/taskinstance.py", line 432, in _execute_callable
    return execute_callable(context=context, **execute_callable_kwargs)
  File "/home/airflow/.local/lib/python3.9/site-packages/airflow/models/baseoperator.py", line 400, in wrapper
    return func(self, *args, **kwargs)
  File "/home/airflow/.local/lib/python3.9/site-packages/airflow/operators/bash.py", line 243, in execute
    raise AirflowException(
airflow.exceptions.AirflowException: Bash command failed. The command returned a non-zero exit code 2.
[2025-08-08T02:34:46.004+0000] {taskinstance.py:1206} INFO - Marking task as FAILED. dag_id=climate_data, task_id=create_folder, run_id=scheduled__2023-04-03T00:00:00+00:00, execution_date=20230403T000000, start_date=20250808T023445, end_date=20250808T023446
[2025-08-08T02:34:46.011+0000] {standard_task_runner.py:110} ERROR - Failed to execute job 216 for task create_folder (Bash command failed. The command returned a non-zero exit code 2.; 375)
[2025-08-08T02:34:46.042+0000] {local_task_job_runner.py:240} INFO - Task exited with return code 1
[2025-08-08T02:34:46.055+0000] {taskinstance.py:3498} INFO - 0 downstream tasks scheduled from follow-on schedule check
[2025-08-08T02:34:46.058+0000] {local_task_job_runner.py:222} INFO - ::endgroup::
[2025-08-08T02:39:23.650+0000] {local_task_job_runner.py:120} INFO - ::group::Pre task execution logs
[2025-08-08T02:39:23.670+0000] {taskinstance.py:2076} INFO - Dependencies all met for dep_context=non-requeueable deps ti=<TaskInstance: climate_data.create_folder scheduled__2023-04-03T00:00:00+00:00 [queued]>
[2025-08-08T02:39:23.678+0000] {taskinstance.py:2076} INFO - Dependencies all met for dep_context=requeueable deps ti=<TaskInstance: climate_data.create_folder scheduled__2023-04-03T00:00:00+00:00 [queued]>
[2025-08-08T02:39:23.678+0000] {taskinstance.py:2306} INFO - Starting attempt 1 of 1
[2025-08-08T02:39:23.712+0000] {taskinstance.py:2330} INFO - Executing <Task(BashOperator): create_folder> on 2023-04-03 00:00:00+00:00
[2025-08-08T02:39:23.716+0000] {standard_task_runner.py:63} INFO - Started process 1254 to run task
[2025-08-08T02:39:23.718+0000] {standard_task_runner.py:90} INFO - Running: ['***', 'tasks', 'run', 'climate_data', 'create_folder', 'scheduled__2023-04-03T00:00:00+00:00', '--job-id', '404', '--raw', '--subdir', 'DAGS_FOLDER/climate_data.py', '--cfg-path', '/tmp/tmpmb6xjrws']
[2025-08-08T02:39:23.720+0000] {standard_task_runner.py:91} INFO - Job 404: Subtask create_folder
[2025-08-08T02:39:23.731+0000] {logging_mixin.py:188} WARNING - /home/***/.local/lib/python3.9/site-packages/***/settings.py:195 DeprecationWarning: The sql_alchemy_conn option in [core] has been moved to the sql_alchemy_conn option in [database] - the old setting has been used, but please update your config.
[2025-08-08T02:39:23.771+0000] {task_command.py:426} INFO - Running <TaskInstance: climate_data.create_folder scheduled__2023-04-03T00:00:00+00:00 [running]> on host 1a6f5acf67f4
[2025-08-08T02:39:23.843+0000] {taskinstance.py:2648} INFO - Exporting env vars: AIRFLOW_CTX_DAG_OWNER='***' AIRFLOW_CTX_DAG_ID='climate_data' AIRFLOW_CTX_TASK_ID='create_folder' AIRFLOW_CTX_EXECUTION_DATE='2023-04-03T00:00:00+00:00' AIRFLOW_CTX_TRY_NUMBER='1' AIRFLOW_CTX_DAG_RUN_ID='scheduled__2023-04-03T00:00:00+00:00'
[2025-08-08T02:39:23.844+0000] {taskinstance.py:430} INFO - ::endgroup::
[2025-08-08T02:39:23.853+0000] {subprocess.py:63} INFO - Tmp dir root location: /tmp
[2025-08-08T02:39:23.854+0000] {subprocess.py:75} INFO - Running command: ['/usr/bin/bash', '-c', 'mkdir -p /home/***/host_documents/week2023-04-10']
[2025-08-08T02:39:23.863+0000] {subprocess.py:86} INFO - Output:
[2025-08-08T02:39:23.866+0000] {subprocess.py:97} INFO - Command exited with return code 0
[2025-08-08T02:39:23.867+0000] {taskinstance.py:441} INFO - ::group::Post task execution logs
[2025-08-08T02:39:23.885+0000] {taskinstance.py:1206} INFO - Marking task as SUCCESS. dag_id=climate_data, task_id=create_folder, run_id=scheduled__2023-04-03T00:00:00+00:00, execution_date=20230403T000000, start_date=20250808T023923, end_date=20250808T023923
[2025-08-08T02:39:23.931+0000] {local_task_job_runner.py:240} INFO - Task exited with return code 0
[2025-08-08T02:39:23.940+0000] {local_task_job_runner.py:222} INFO - ::endgroup::
[2025-08-08T02:42:21.468+0000] {local_task_job_runner.py:120} INFO - ::group::Pre task execution logs
[2025-08-08T02:42:21.488+0000] {taskinstance.py:2076} INFO - Dependencies all met for dep_context=non-requeueable deps ti=<TaskInstance: climate_data.create_folder scheduled__2023-04-03T00:00:00+00:00 [queued]>
[2025-08-08T02:42:21.494+0000] {taskinstance.py:2076} INFO - Dependencies all met for dep_context=requeueable deps ti=<TaskInstance: climate_data.create_folder scheduled__2023-04-03T00:00:00+00:00 [queued]>
[2025-08-08T02:42:21.494+0000] {taskinstance.py:2306} INFO - Starting attempt 1 of 1
[2025-08-08T02:42:21.525+0000] {taskinstance.py:2330} INFO - Executing <Task(BashOperator): create_folder> on 2023-04-03 00:00:00+00:00
[2025-08-08T02:42:21.529+0000] {standard_task_runner.py:63} INFO - Started process 2428 to run task
[2025-08-08T02:42:21.531+0000] {standard_task_runner.py:90} INFO - Running: ['***', 'tasks', 'run', 'climate_data', 'create_folder', 'scheduled__2023-04-03T00:00:00+00:00', '--job-id', '712', '--raw', '--subdir', 'DAGS_FOLDER/climate_data.py', '--cfg-path', '/tmp/tmpqsaxmw65']
[2025-08-08T02:42:21.535+0000] {standard_task_runner.py:91} INFO - Job 712: Subtask create_folder
[2025-08-08T02:42:21.547+0000] {logging_mixin.py:188} WARNING - /home/***/.local/lib/python3.9/site-packages/***/settings.py:195 DeprecationWarning: The sql_alchemy_conn option in [core] has been moved to the sql_alchemy_conn option in [database] - the old setting has been used, but please update your config.
[2025-08-08T02:42:21.591+0000] {task_command.py:426} INFO - Running <TaskInstance: climate_data.create_folder scheduled__2023-04-03T00:00:00+00:00 [running]> on host 1a6f5acf67f4
[2025-08-08T02:42:21.655+0000] {taskinstance.py:2648} INFO - Exporting env vars: AIRFLOW_CTX_DAG_OWNER='***' AIRFLOW_CTX_DAG_ID='climate_data' AIRFLOW_CTX_TASK_ID='create_folder' AIRFLOW_CTX_EXECUTION_DATE='2023-04-03T00:00:00+00:00' AIRFLOW_CTX_TRY_NUMBER='1' AIRFLOW_CTX_DAG_RUN_ID='scheduled__2023-04-03T00:00:00+00:00'
[2025-08-08T02:42:21.656+0000] {taskinstance.py:430} INFO - ::endgroup::
[2025-08-08T02:42:21.663+0000] {subprocess.py:63} INFO - Tmp dir root location: /tmp
[2025-08-08T02:42:21.664+0000] {subprocess.py:75} INFO - Running command: ['/usr/bin/bash', '-c', 'mkdir -p "/home/***/host_documents/week2023-04-10"']
[2025-08-08T02:42:21.673+0000] {subprocess.py:86} INFO - Output:
[2025-08-08T02:42:21.676+0000] {subprocess.py:97} INFO - Command exited with return code 0
[2025-08-08T02:42:21.676+0000] {taskinstance.py:441} INFO - ::group::Post task execution logs
[2025-08-08T02:42:21.698+0000] {taskinstance.py:1206} INFO - Marking task as SUCCESS. dag_id=climate_data, task_id=create_folder, run_id=scheduled__2023-04-03T00:00:00+00:00, execution_date=20230403T000000, start_date=20250808T024221, end_date=20250808T024221
[2025-08-08T02:42:21.744+0000] {local_task_job_runner.py:240} INFO - Task exited with return code 0
[2025-08-08T02:42:21.752+0000] {local_task_job_runner.py:222} INFO - ::endgroup::
