[2025-08-08T02:26:44.334+0000] {local_task_job_runner.py:120} INFO - ::group::Pre task execution logs
[2025-08-08T02:26:44.356+0000] {taskinstance.py:2076} INFO - Dependencies all met for dep_context=non-requeueable deps ti=<TaskInstance: climate_data.create_folder scheduled__2024-04-01T00:00:00+00:00 [queued]>
[2025-08-08T02:26:44.364+0000] {taskinstance.py:2076} INFO - Dependencies all met for dep_context=requeueable deps ti=<TaskInstance: climate_data.create_folder scheduled__2024-04-01T00:00:00+00:00 [queued]>
[2025-08-08T02:26:44.365+0000] {taskinstance.py:2306} INFO - Starting attempt 1 of 1
[2025-08-08T02:26:44.376+0000] {taskinstance.py:2330} INFO - Executing <Task(BashOperator): create_folder> on 2024-04-01 00:00:00+00:00
[2025-08-08T02:26:44.380+0000] {standard_task_runner.py:63} INFO - Started process 570 to run task
[2025-08-08T02:26:44.382+0000] {standard_task_runner.py:90} INFO - Running: ['***', 'tasks', 'run', 'climate_data', 'create_folder', 'scheduled__2024-04-01T00:00:00+00:00', '--job-id', '113', '--raw', '--subdir', 'DAGS_FOLDER/climate_data.py', '--cfg-path', '/tmp/tmprqm68t61']
[2025-08-08T02:26:44.384+0000] {standard_task_runner.py:91} INFO - Job 113: Subtask create_folder
[2025-08-08T02:26:44.395+0000] {logging_mixin.py:188} WARNING - /home/***/.local/lib/python3.9/site-packages/***/settings.py:195 DeprecationWarning: The sql_alchemy_conn option in [core] has been moved to the sql_alchemy_conn option in [database] - the old setting has been used, but please update your config.
[2025-08-08T02:26:44.431+0000] {task_command.py:426} INFO - Running <TaskInstance: climate_data.create_folder scheduled__2024-04-01T00:00:00+00:00 [running]> on host 3ceab82043f1
[2025-08-08T02:26:44.487+0000] {taskinstance.py:2648} INFO - Exporting env vars: AIRFLOW_CTX_DAG_OWNER='***' AIRFLOW_CTX_DAG_ID='climate_data' AIRFLOW_CTX_TASK_ID='create_folder' AIRFLOW_CTX_EXECUTION_DATE='2024-04-01T00:00:00+00:00' AIRFLOW_CTX_TRY_NUMBER='1' AIRFLOW_CTX_DAG_RUN_ID='scheduled__2024-04-01T00:00:00+00:00'
[2025-08-08T02:26:44.488+0000] {taskinstance.py:430} INFO - ::endgroup::
[2025-08-08T02:26:44.495+0000] {subprocess.py:63} INFO - Tmp dir root location: /tmp
[2025-08-08T02:26:44.496+0000] {subprocess.py:75} INFO - Running command: ['/usr/bin/bash', '-c', 'mkdir -p /home/***/host_documents/week2024-04-08"']
[2025-08-08T02:26:44.503+0000] {subprocess.py:86} INFO - Output:
[2025-08-08T02:26:44.504+0000] {subprocess.py:93} INFO - /usr/bin/bash: -c: line 1: unexpected EOF while looking for matching `"'
[2025-08-08T02:26:44.505+0000] {subprocess.py:97} INFO - Command exited with return code 2
[2025-08-08T02:26:44.505+0000] {taskinstance.py:441} INFO - ::group::Post task execution logs
[2025-08-08T02:26:44.512+0000] {taskinstance.py:2905} ERROR - Task failed with exception
Traceback (most recent call last):
  File "/home/airflow/.local/lib/python3.9/site-packages/airflow/models/taskinstance.py", line 465, in _execute_task
    result = _execute_callable(context=context, **execute_callable_kwargs)
  File "/home/airflow/.local/lib/python3.9/site-packages/airflow/models/taskinstance.py", line 432, in _execute_callable
    return execute_callable(context=context, **execute_callable_kwargs)
  File "/home/airflow/.local/lib/python3.9/site-packages/airflow/models/baseoperator.py", line 400, in wrapper
    return func(self, *args, **kwargs)
  File "/home/airflow/.local/lib/python3.9/site-packages/airflow/operators/bash.py", line 243, in execute
    raise AirflowException(
airflow.exceptions.AirflowException: Bash command failed. The command returned a non-zero exit code 2.
[2025-08-08T02:26:44.515+0000] {taskinstance.py:1206} INFO - Marking task as FAILED. dag_id=climate_data, task_id=create_folder, run_id=scheduled__2024-04-01T00:00:00+00:00, execution_date=20240401T000000, start_date=20250808T022644, end_date=20250808T022644
[2025-08-08T02:26:44.523+0000] {standard_task_runner.py:110} ERROR - Failed to execute job 113 for task create_folder (Bash command failed. The command returned a non-zero exit code 2.; 570)
[2025-08-08T02:26:44.554+0000] {local_task_job_runner.py:240} INFO - Task exited with return code 1
[2025-08-08T02:26:44.568+0000] {taskinstance.py:3498} INFO - 0 downstream tasks scheduled from follow-on schedule check
[2025-08-08T02:26:44.571+0000] {local_task_job_runner.py:222} INFO - ::endgroup::
[2025-08-08T02:35:04.885+0000] {local_task_job_runner.py:120} INFO - ::group::Pre task execution logs
[2025-08-08T02:35:04.905+0000] {taskinstance.py:2076} INFO - Dependencies all met for dep_context=non-requeueable deps ti=<TaskInstance: climate_data.create_folder scheduled__2024-04-01T00:00:00+00:00 [queued]>
[2025-08-08T02:35:04.911+0000] {taskinstance.py:2076} INFO - Dependencies all met for dep_context=requeueable deps ti=<TaskInstance: climate_data.create_folder scheduled__2024-04-01T00:00:00+00:00 [queued]>
[2025-08-08T02:35:04.912+0000] {taskinstance.py:2306} INFO - Starting attempt 1 of 1
[2025-08-08T02:35:04.921+0000] {taskinstance.py:2330} INFO - Executing <Task(BashOperator): create_folder> on 2024-04-01 00:00:00+00:00
[2025-08-08T02:35:04.924+0000] {standard_task_runner.py:63} INFO - Started process 605 to run task
[2025-08-08T02:35:04.927+0000] {standard_task_runner.py:90} INFO - Running: ['***', 'tasks', 'run', 'climate_data', 'create_folder', 'scheduled__2024-04-01T00:00:00+00:00', '--job-id', '269', '--raw', '--subdir', 'DAGS_FOLDER/climate_data.py', '--cfg-path', '/tmp/tmpb47vm55y']
[2025-08-08T02:35:04.928+0000] {standard_task_runner.py:91} INFO - Job 269: Subtask create_folder
[2025-08-08T02:35:04.942+0000] {logging_mixin.py:188} WARNING - /home/***/.local/lib/python3.9/site-packages/***/settings.py:195 DeprecationWarning: The sql_alchemy_conn option in [core] has been moved to the sql_alchemy_conn option in [database] - the old setting has been used, but please update your config.
[2025-08-08T02:35:04.979+0000] {task_command.py:426} INFO - Running <TaskInstance: climate_data.create_folder scheduled__2024-04-01T00:00:00+00:00 [running]> on host 1a6f5acf67f4
[2025-08-08T02:35:05.038+0000] {taskinstance.py:2648} INFO - Exporting env vars: AIRFLOW_CTX_DAG_OWNER='***' AIRFLOW_CTX_DAG_ID='climate_data' AIRFLOW_CTX_TASK_ID='create_folder' AIRFLOW_CTX_EXECUTION_DATE='2024-04-01T00:00:00+00:00' AIRFLOW_CTX_TRY_NUMBER='1' AIRFLOW_CTX_DAG_RUN_ID='scheduled__2024-04-01T00:00:00+00:00'
[2025-08-08T02:35:05.039+0000] {taskinstance.py:430} INFO - ::endgroup::
[2025-08-08T02:35:05.048+0000] {subprocess.py:63} INFO - Tmp dir root location: /tmp
[2025-08-08T02:35:05.049+0000] {subprocess.py:75} INFO - Running command: ['/usr/bin/bash', '-c', 'mkdir -p /home/***/host_documents/week2024-04-08"']
[2025-08-08T02:35:05.057+0000] {subprocess.py:86} INFO - Output:
[2025-08-08T02:35:05.059+0000] {subprocess.py:93} INFO - /usr/bin/bash: -c: line 1: unexpected EOF while looking for matching `"'
[2025-08-08T02:35:05.059+0000] {subprocess.py:97} INFO - Command exited with return code 2
[2025-08-08T02:35:05.060+0000] {taskinstance.py:441} INFO - ::group::Post task execution logs
[2025-08-08T02:35:05.069+0000] {taskinstance.py:2905} ERROR - Task failed with exception
Traceback (most recent call last):
  File "/home/airflow/.local/lib/python3.9/site-packages/airflow/models/taskinstance.py", line 465, in _execute_task
    result = _execute_callable(context=context, **execute_callable_kwargs)
  File "/home/airflow/.local/lib/python3.9/site-packages/airflow/models/taskinstance.py", line 432, in _execute_callable
    return execute_callable(context=context, **execute_callable_kwargs)
  File "/home/airflow/.local/lib/python3.9/site-packages/airflow/models/baseoperator.py", line 400, in wrapper
    return func(self, *args, **kwargs)
  File "/home/airflow/.local/lib/python3.9/site-packages/airflow/operators/bash.py", line 243, in execute
    raise AirflowException(
airflow.exceptions.AirflowException: Bash command failed. The command returned a non-zero exit code 2.
[2025-08-08T02:35:05.072+0000] {taskinstance.py:1206} INFO - Marking task as FAILED. dag_id=climate_data, task_id=create_folder, run_id=scheduled__2024-04-01T00:00:00+00:00, execution_date=20240401T000000, start_date=20250808T023504, end_date=20250808T023505
[2025-08-08T02:35:05.080+0000] {standard_task_runner.py:110} ERROR - Failed to execute job 269 for task create_folder (Bash command failed. The command returned a non-zero exit code 2.; 605)
[2025-08-08T02:35:05.099+0000] {local_task_job_runner.py:240} INFO - Task exited with return code 1
[2025-08-08T02:35:05.113+0000] {taskinstance.py:3498} INFO - 0 downstream tasks scheduled from follow-on schedule check
[2025-08-08T02:35:05.116+0000] {local_task_job_runner.py:222} INFO - ::endgroup::
[2025-08-08T02:39:41.667+0000] {local_task_job_runner.py:120} INFO - ::group::Pre task execution logs
[2025-08-08T02:39:41.690+0000] {taskinstance.py:2076} INFO - Dependencies all met for dep_context=non-requeueable deps ti=<TaskInstance: climate_data.create_folder scheduled__2024-04-01T00:00:00+00:00 [queued]>
[2025-08-08T02:39:41.701+0000] {taskinstance.py:2076} INFO - Dependencies all met for dep_context=requeueable deps ti=<TaskInstance: climate_data.create_folder scheduled__2024-04-01T00:00:00+00:00 [queued]>
[2025-08-08T02:39:41.702+0000] {taskinstance.py:2306} INFO - Starting attempt 1 of 1
[2025-08-08T02:39:41.718+0000] {taskinstance.py:2330} INFO - Executing <Task(BashOperator): create_folder> on 2024-04-01 00:00:00+00:00
[2025-08-08T02:39:41.725+0000] {standard_task_runner.py:63} INFO - Started process 1629 to run task
[2025-08-08T02:39:41.729+0000] {standard_task_runner.py:90} INFO - Running: ['***', 'tasks', 'run', 'climate_data', 'create_folder', 'scheduled__2024-04-01T00:00:00+00:00', '--job-id', '507', '--raw', '--subdir', 'DAGS_FOLDER/climate_data.py', '--cfg-path', '/tmp/tmp09_zow0r']
[2025-08-08T02:39:41.731+0000] {standard_task_runner.py:91} INFO - Job 507: Subtask create_folder
[2025-08-08T02:39:41.747+0000] {logging_mixin.py:188} WARNING - /home/***/.local/lib/python3.9/site-packages/***/settings.py:195 DeprecationWarning: The sql_alchemy_conn option in [core] has been moved to the sql_alchemy_conn option in [database] - the old setting has been used, but please update your config.
[2025-08-08T02:39:41.801+0000] {task_command.py:426} INFO - Running <TaskInstance: climate_data.create_folder scheduled__2024-04-01T00:00:00+00:00 [running]> on host 1a6f5acf67f4
[2025-08-08T02:39:41.885+0000] {taskinstance.py:2648} INFO - Exporting env vars: AIRFLOW_CTX_DAG_OWNER='***' AIRFLOW_CTX_DAG_ID='climate_data' AIRFLOW_CTX_TASK_ID='create_folder' AIRFLOW_CTX_EXECUTION_DATE='2024-04-01T00:00:00+00:00' AIRFLOW_CTX_TRY_NUMBER='1' AIRFLOW_CTX_DAG_RUN_ID='scheduled__2024-04-01T00:00:00+00:00'
[2025-08-08T02:39:41.886+0000] {taskinstance.py:430} INFO - ::endgroup::
[2025-08-08T02:39:41.893+0000] {subprocess.py:63} INFO - Tmp dir root location: /tmp
[2025-08-08T02:39:41.894+0000] {subprocess.py:75} INFO - Running command: ['/usr/bin/bash', '-c', 'mkdir -p /home/***/host_documents/week2024-04-08']
[2025-08-08T02:39:41.901+0000] {subprocess.py:86} INFO - Output:
[2025-08-08T02:39:41.905+0000] {subprocess.py:97} INFO - Command exited with return code 0
[2025-08-08T02:39:41.906+0000] {taskinstance.py:441} INFO - ::group::Post task execution logs
[2025-08-08T02:39:41.926+0000] {taskinstance.py:1206} INFO - Marking task as SUCCESS. dag_id=climate_data, task_id=create_folder, run_id=scheduled__2024-04-01T00:00:00+00:00, execution_date=20240401T000000, start_date=20250808T023941, end_date=20250808T023941
[2025-08-08T02:39:41.983+0000] {local_task_job_runner.py:240} INFO - Task exited with return code 0
[2025-08-08T02:39:41.990+0000] {local_task_job_runner.py:222} INFO - ::endgroup::
[2025-08-08T02:42:38.874+0000] {local_task_job_runner.py:120} INFO - ::group::Pre task execution logs
[2025-08-08T02:42:38.896+0000] {taskinstance.py:2076} INFO - Dependencies all met for dep_context=non-requeueable deps ti=<TaskInstance: climate_data.create_folder scheduled__2024-04-01T00:00:00+00:00 [queued]>
[2025-08-08T02:42:38.905+0000] {taskinstance.py:2076} INFO - Dependencies all met for dep_context=requeueable deps ti=<TaskInstance: climate_data.create_folder scheduled__2024-04-01T00:00:00+00:00 [queued]>
[2025-08-08T02:42:38.906+0000] {taskinstance.py:2306} INFO - Starting attempt 1 of 1
[2025-08-08T02:42:38.917+0000] {taskinstance.py:2330} INFO - Executing <Task(BashOperator): create_folder> on 2024-04-01 00:00:00+00:00
[2025-08-08T02:42:38.923+0000] {standard_task_runner.py:63} INFO - Started process 2791 to run task
[2025-08-08T02:42:38.925+0000] {standard_task_runner.py:90} INFO - Running: ['***', 'tasks', 'run', 'climate_data', 'create_folder', 'scheduled__2024-04-01T00:00:00+00:00', '--job-id', '812', '--raw', '--subdir', 'DAGS_FOLDER/climate_data.py', '--cfg-path', '/tmp/tmppl990mza']
[2025-08-08T02:42:38.927+0000] {standard_task_runner.py:91} INFO - Job 812: Subtask create_folder
[2025-08-08T02:42:38.942+0000] {logging_mixin.py:188} WARNING - /home/***/.local/lib/python3.9/site-packages/***/settings.py:195 DeprecationWarning: The sql_alchemy_conn option in [core] has been moved to the sql_alchemy_conn option in [database] - the old setting has been used, but please update your config.
[2025-08-08T02:42:38.986+0000] {task_command.py:426} INFO - Running <TaskInstance: climate_data.create_folder scheduled__2024-04-01T00:00:00+00:00 [running]> on host 1a6f5acf67f4
[2025-08-08T02:42:39.065+0000] {taskinstance.py:2648} INFO - Exporting env vars: AIRFLOW_CTX_DAG_OWNER='***' AIRFLOW_CTX_DAG_ID='climate_data' AIRFLOW_CTX_TASK_ID='create_folder' AIRFLOW_CTX_EXECUTION_DATE='2024-04-01T00:00:00+00:00' AIRFLOW_CTX_TRY_NUMBER='1' AIRFLOW_CTX_DAG_RUN_ID='scheduled__2024-04-01T00:00:00+00:00'
[2025-08-08T02:42:39.066+0000] {taskinstance.py:430} INFO - ::endgroup::
[2025-08-08T02:42:39.076+0000] {subprocess.py:63} INFO - Tmp dir root location: /tmp
[2025-08-08T02:42:39.078+0000] {subprocess.py:75} INFO - Running command: ['/usr/bin/bash', '-c', 'mkdir -p "/home/***/host_documents/week2024-04-08"']
[2025-08-08T02:42:39.088+0000] {subprocess.py:86} INFO - Output:
[2025-08-08T02:42:39.094+0000] {subprocess.py:97} INFO - Command exited with return code 0
[2025-08-08T02:42:39.094+0000] {taskinstance.py:441} INFO - ::group::Post task execution logs
[2025-08-08T02:42:39.115+0000] {taskinstance.py:1206} INFO - Marking task as SUCCESS. dag_id=climate_data, task_id=create_folder, run_id=scheduled__2024-04-01T00:00:00+00:00, execution_date=20240401T000000, start_date=20250808T024238, end_date=20250808T024239
[2025-08-08T02:42:39.141+0000] {local_task_job_runner.py:240} INFO - Task exited with return code 0
[2025-08-08T02:42:39.157+0000] {taskinstance.py:3498} INFO - 1 downstream tasks scheduled from follow-on schedule check
[2025-08-08T02:42:39.163+0000] {local_task_job_runner.py:222} INFO - ::endgroup::
