[2025-08-08T02:27:01.599+0000] {local_task_job_runner.py:120} INFO - ::group::Pre task execution logs
[2025-08-08T02:27:01.625+0000] {taskinstance.py:2076} INFO - Dependencies all met for dep_context=non-requeueable deps ti=<TaskInstance: climate_data.create_folder scheduled__2025-03-10T00:00:00+00:00 [queued]>
[2025-08-08T02:27:01.635+0000] {taskinstance.py:2076} INFO - Dependencies all met for dep_context=requeueable deps ti=<TaskInstance: climate_data.create_folder scheduled__2025-03-10T00:00:00+00:00 [queued]>
[2025-08-08T02:27:01.635+0000] {taskinstance.py:2306} INFO - Starting attempt 1 of 1
[2025-08-08T02:27:01.686+0000] {taskinstance.py:2330} INFO - Executing <Task(BashOperator): create_folder> on 2025-03-10 00:00:00+00:00
[2025-08-08T02:27:01.692+0000] {standard_task_runner.py:63} INFO - Started process 770 to run task
[2025-08-08T02:27:01.695+0000] {standard_task_runner.py:90} INFO - Running: ['***', 'tasks', 'run', 'climate_data', 'create_folder', 'scheduled__2025-03-10T00:00:00+00:00', '--job-id', '162', '--raw', '--subdir', 'DAGS_FOLDER/climate_data.py', '--cfg-path', '/tmp/tmpzgd33nm3']
[2025-08-08T02:27:01.698+0000] {standard_task_runner.py:91} INFO - Job 162: Subtask create_folder
[2025-08-08T02:27:01.710+0000] {logging_mixin.py:188} WARNING - /home/***/.local/lib/python3.9/site-packages/***/settings.py:195 DeprecationWarning: The sql_alchemy_conn option in [core] has been moved to the sql_alchemy_conn option in [database] - the old setting has been used, but please update your config.
[2025-08-08T02:27:01.754+0000] {task_command.py:426} INFO - Running <TaskInstance: climate_data.create_folder scheduled__2025-03-10T00:00:00+00:00 [running]> on host 3ceab82043f1
[2025-08-08T02:27:01.825+0000] {taskinstance.py:2648} INFO - Exporting env vars: AIRFLOW_CTX_DAG_OWNER='***' AIRFLOW_CTX_DAG_ID='climate_data' AIRFLOW_CTX_TASK_ID='create_folder' AIRFLOW_CTX_EXECUTION_DATE='2025-03-10T00:00:00+00:00' AIRFLOW_CTX_TRY_NUMBER='1' AIRFLOW_CTX_DAG_RUN_ID='scheduled__2025-03-10T00:00:00+00:00'
[2025-08-08T02:27:01.827+0000] {taskinstance.py:430} INFO - ::endgroup::
[2025-08-08T02:27:01.835+0000] {subprocess.py:63} INFO - Tmp dir root location: /tmp
[2025-08-08T02:27:01.836+0000] {subprocess.py:75} INFO - Running command: ['/usr/bin/bash', '-c', 'mkdir -p /home/***/host_documents/week2025-03-17"']
[2025-08-08T02:27:01.844+0000] {subprocess.py:86} INFO - Output:
[2025-08-08T02:27:01.846+0000] {subprocess.py:93} INFO - /usr/bin/bash: -c: line 1: unexpected EOF while looking for matching `"'
[2025-08-08T02:27:01.847+0000] {subprocess.py:97} INFO - Command exited with return code 2
[2025-08-08T02:27:01.847+0000] {taskinstance.py:441} INFO - ::group::Post task execution logs
[2025-08-08T02:27:01.857+0000] {taskinstance.py:2905} ERROR - Task failed with exception
Traceback (most recent call last):
  File "/home/airflow/.local/lib/python3.9/site-packages/airflow/models/taskinstance.py", line 465, in _execute_task
    result = _execute_callable(context=context, **execute_callable_kwargs)
  File "/home/airflow/.local/lib/python3.9/site-packages/airflow/models/taskinstance.py", line 432, in _execute_callable
    return execute_callable(context=context, **execute_callable_kwargs)
  File "/home/airflow/.local/lib/python3.9/site-packages/airflow/models/baseoperator.py", line 400, in wrapper
    return func(self, *args, **kwargs)
  File "/home/airflow/.local/lib/python3.9/site-packages/airflow/operators/bash.py", line 243, in execute
    raise AirflowException(
airflow.exceptions.AirflowException: Bash command failed. The command returned a non-zero exit code 2.
[2025-08-08T02:27:01.860+0000] {taskinstance.py:1206} INFO - Marking task as FAILED. dag_id=climate_data, task_id=create_folder, run_id=scheduled__2025-03-10T00:00:00+00:00, execution_date=20250310T000000, start_date=20250808T022701, end_date=20250808T022701
[2025-08-08T02:27:01.901+0000] {standard_task_runner.py:110} ERROR - Failed to execute job 162 for task create_folder (Bash command failed. The command returned a non-zero exit code 2.; 770)
[2025-08-08T02:27:01.909+0000] {local_task_job_runner.py:240} INFO - Task exited with return code 1
[2025-08-08T02:27:01.929+0000] {taskinstance.py:3498} INFO - 0 downstream tasks scheduled from follow-on schedule check
[2025-08-08T02:27:01.932+0000] {local_task_job_runner.py:222} INFO - ::endgroup::
[2025-08-08T02:35:22.589+0000] {local_task_job_runner.py:120} INFO - ::group::Pre task execution logs
[2025-08-08T02:35:22.612+0000] {taskinstance.py:2076} INFO - Dependencies all met for dep_context=non-requeueable deps ti=<TaskInstance: climate_data.create_folder scheduled__2025-03-10T00:00:00+00:00 [queued]>
[2025-08-08T02:35:22.620+0000] {taskinstance.py:2076} INFO - Dependencies all met for dep_context=requeueable deps ti=<TaskInstance: climate_data.create_folder scheduled__2025-03-10T00:00:00+00:00 [queued]>
[2025-08-08T02:35:22.621+0000] {taskinstance.py:2306} INFO - Starting attempt 1 of 1
[2025-08-08T02:35:22.640+0000] {taskinstance.py:2330} INFO - Executing <Task(BashOperator): create_folder> on 2025-03-10 00:00:00+00:00
[2025-08-08T02:35:22.644+0000] {standard_task_runner.py:63} INFO - Started process 804 to run task
[2025-08-08T02:35:22.646+0000] {standard_task_runner.py:90} INFO - Running: ['***', 'tasks', 'run', 'climate_data', 'create_folder', 'scheduled__2025-03-10T00:00:00+00:00', '--job-id', '318', '--raw', '--subdir', 'DAGS_FOLDER/climate_data.py', '--cfg-path', '/tmp/tmp90jt2w_0']
[2025-08-08T02:35:22.652+0000] {standard_task_runner.py:91} INFO - Job 318: Subtask create_folder
[2025-08-08T02:35:22.665+0000] {logging_mixin.py:188} WARNING - /home/***/.local/lib/python3.9/site-packages/***/settings.py:195 DeprecationWarning: The sql_alchemy_conn option in [core] has been moved to the sql_alchemy_conn option in [database] - the old setting has been used, but please update your config.
[2025-08-08T02:35:22.710+0000] {task_command.py:426} INFO - Running <TaskInstance: climate_data.create_folder scheduled__2025-03-10T00:00:00+00:00 [running]> on host 1a6f5acf67f4
[2025-08-08T02:35:22.778+0000] {taskinstance.py:2648} INFO - Exporting env vars: AIRFLOW_CTX_DAG_OWNER='***' AIRFLOW_CTX_DAG_ID='climate_data' AIRFLOW_CTX_TASK_ID='create_folder' AIRFLOW_CTX_EXECUTION_DATE='2025-03-10T00:00:00+00:00' AIRFLOW_CTX_TRY_NUMBER='1' AIRFLOW_CTX_DAG_RUN_ID='scheduled__2025-03-10T00:00:00+00:00'
[2025-08-08T02:35:22.779+0000] {taskinstance.py:430} INFO - ::endgroup::
[2025-08-08T02:35:22.787+0000] {subprocess.py:63} INFO - Tmp dir root location: /tmp
[2025-08-08T02:35:22.788+0000] {subprocess.py:75} INFO - Running command: ['/usr/bin/bash', '-c', 'mkdir -p /home/***/host_documents/week2025-03-17"']
[2025-08-08T02:35:22.797+0000] {subprocess.py:86} INFO - Output:
[2025-08-08T02:35:22.799+0000] {subprocess.py:93} INFO - /usr/bin/bash: -c: line 1: unexpected EOF while looking for matching `"'
[2025-08-08T02:35:22.799+0000] {subprocess.py:97} INFO - Command exited with return code 2
[2025-08-08T02:35:22.800+0000] {taskinstance.py:441} INFO - ::group::Post task execution logs
[2025-08-08T02:35:22.810+0000] {taskinstance.py:2905} ERROR - Task failed with exception
Traceback (most recent call last):
  File "/home/airflow/.local/lib/python3.9/site-packages/airflow/models/taskinstance.py", line 465, in _execute_task
    result = _execute_callable(context=context, **execute_callable_kwargs)
  File "/home/airflow/.local/lib/python3.9/site-packages/airflow/models/taskinstance.py", line 432, in _execute_callable
    return execute_callable(context=context, **execute_callable_kwargs)
  File "/home/airflow/.local/lib/python3.9/site-packages/airflow/models/baseoperator.py", line 400, in wrapper
    return func(self, *args, **kwargs)
  File "/home/airflow/.local/lib/python3.9/site-packages/airflow/operators/bash.py", line 243, in execute
    raise AirflowException(
airflow.exceptions.AirflowException: Bash command failed. The command returned a non-zero exit code 2.
[2025-08-08T02:35:22.812+0000] {taskinstance.py:1206} INFO - Marking task as FAILED. dag_id=climate_data, task_id=create_folder, run_id=scheduled__2025-03-10T00:00:00+00:00, execution_date=20250310T000000, start_date=20250808T023522, end_date=20250808T023522
[2025-08-08T02:35:22.835+0000] {standard_task_runner.py:110} ERROR - Failed to execute job 318 for task create_folder (Bash command failed. The command returned a non-zero exit code 2.; 804)
[2025-08-08T02:35:22.860+0000] {local_task_job_runner.py:240} INFO - Task exited with return code 1
[2025-08-08T02:35:22.879+0000] {taskinstance.py:3498} INFO - 0 downstream tasks scheduled from follow-on schedule check
[2025-08-08T02:35:22.884+0000] {local_task_job_runner.py:222} INFO - ::endgroup::
[2025-08-08T02:39:55.861+0000] {local_task_job_runner.py:120} INFO - ::group::Pre task execution logs
[2025-08-08T02:39:55.881+0000] {taskinstance.py:2076} INFO - Dependencies all met for dep_context=non-requeueable deps ti=<TaskInstance: climate_data.create_folder scheduled__2025-03-10T00:00:00+00:00 [queued]>
[2025-08-08T02:39:55.888+0000] {taskinstance.py:2076} INFO - Dependencies all met for dep_context=requeueable deps ti=<TaskInstance: climate_data.create_folder scheduled__2025-03-10T00:00:00+00:00 [queued]>
[2025-08-08T02:39:55.889+0000] {taskinstance.py:2306} INFO - Starting attempt 1 of 1
[2025-08-08T02:39:55.936+0000] {taskinstance.py:2330} INFO - Executing <Task(BashOperator): create_folder> on 2025-03-10 00:00:00+00:00
[2025-08-08T02:39:55.940+0000] {standard_task_runner.py:63} INFO - Started process 1965 to run task
[2025-08-08T02:39:55.942+0000] {standard_task_runner.py:90} INFO - Running: ['***', 'tasks', 'run', 'climate_data', 'create_folder', 'scheduled__2025-03-10T00:00:00+00:00', '--job-id', '603', '--raw', '--subdir', 'DAGS_FOLDER/climate_data.py', '--cfg-path', '/tmp/tmpf6d1qydx']
[2025-08-08T02:39:55.944+0000] {standard_task_runner.py:91} INFO - Job 603: Subtask create_folder
[2025-08-08T02:39:55.957+0000] {logging_mixin.py:188} WARNING - /home/***/.local/lib/python3.9/site-packages/***/settings.py:195 DeprecationWarning: The sql_alchemy_conn option in [core] has been moved to the sql_alchemy_conn option in [database] - the old setting has been used, but please update your config.
[2025-08-08T02:39:56.000+0000] {task_command.py:426} INFO - Running <TaskInstance: climate_data.create_folder scheduled__2025-03-10T00:00:00+00:00 [running]> on host 1a6f5acf67f4
[2025-08-08T02:39:56.075+0000] {taskinstance.py:2648} INFO - Exporting env vars: AIRFLOW_CTX_DAG_OWNER='***' AIRFLOW_CTX_DAG_ID='climate_data' AIRFLOW_CTX_TASK_ID='create_folder' AIRFLOW_CTX_EXECUTION_DATE='2025-03-10T00:00:00+00:00' AIRFLOW_CTX_TRY_NUMBER='1' AIRFLOW_CTX_DAG_RUN_ID='scheduled__2025-03-10T00:00:00+00:00'
[2025-08-08T02:39:56.077+0000] {taskinstance.py:430} INFO - ::endgroup::
[2025-08-08T02:39:56.085+0000] {subprocess.py:63} INFO - Tmp dir root location: /tmp
[2025-08-08T02:39:56.087+0000] {subprocess.py:75} INFO - Running command: ['/usr/bin/bash', '-c', 'mkdir -p /home/***/host_documents/week2025-03-17']
[2025-08-08T02:39:56.096+0000] {subprocess.py:86} INFO - Output:
[2025-08-08T02:39:56.100+0000] {subprocess.py:97} INFO - Command exited with return code 0
[2025-08-08T02:39:56.101+0000] {taskinstance.py:441} INFO - ::group::Post task execution logs
[2025-08-08T02:39:56.124+0000] {taskinstance.py:1206} INFO - Marking task as SUCCESS. dag_id=climate_data, task_id=create_folder, run_id=scheduled__2025-03-10T00:00:00+00:00, execution_date=20250310T000000, start_date=20250808T023955, end_date=20250808T023956
[2025-08-08T02:39:56.195+0000] {local_task_job_runner.py:240} INFO - Task exited with return code 0
[2025-08-08T02:39:56.214+0000] {taskinstance.py:3498} INFO - 1 downstream tasks scheduled from follow-on schedule check
[2025-08-08T02:39:56.216+0000] {local_task_job_runner.py:222} INFO - ::endgroup::
[2025-08-08T02:42:54.992+0000] {local_task_job_runner.py:120} INFO - ::group::Pre task execution logs
[2025-08-08T02:42:55.012+0000] {taskinstance.py:2076} INFO - Dependencies all met for dep_context=non-requeueable deps ti=<TaskInstance: climate_data.create_folder scheduled__2025-03-10T00:00:00+00:00 [queued]>
[2025-08-08T02:42:55.019+0000] {taskinstance.py:2076} INFO - Dependencies all met for dep_context=requeueable deps ti=<TaskInstance: climate_data.create_folder scheduled__2025-03-10T00:00:00+00:00 [queued]>
[2025-08-08T02:42:55.020+0000] {taskinstance.py:2306} INFO - Starting attempt 1 of 1
[2025-08-08T02:42:55.032+0000] {taskinstance.py:2330} INFO - Executing <Task(BashOperator): create_folder> on 2025-03-10 00:00:00+00:00
[2025-08-08T02:42:55.036+0000] {standard_task_runner.py:63} INFO - Started process 3130 to run task
[2025-08-08T02:42:55.040+0000] {standard_task_runner.py:90} INFO - Running: ['***', 'tasks', 'run', 'climate_data', 'create_folder', 'scheduled__2025-03-10T00:00:00+00:00', '--job-id', '909', '--raw', '--subdir', 'DAGS_FOLDER/climate_data.py', '--cfg-path', '/tmp/tmpwfknog8_']
[2025-08-08T02:42:55.042+0000] {standard_task_runner.py:91} INFO - Job 909: Subtask create_folder
[2025-08-08T02:42:55.056+0000] {logging_mixin.py:188} WARNING - /home/***/.local/lib/python3.9/site-packages/***/settings.py:195 DeprecationWarning: The sql_alchemy_conn option in [core] has been moved to the sql_alchemy_conn option in [database] - the old setting has been used, but please update your config.
[2025-08-08T02:42:55.098+0000] {task_command.py:426} INFO - Running <TaskInstance: climate_data.create_folder scheduled__2025-03-10T00:00:00+00:00 [running]> on host 1a6f5acf67f4
[2025-08-08T02:42:55.167+0000] {taskinstance.py:2648} INFO - Exporting env vars: AIRFLOW_CTX_DAG_OWNER='***' AIRFLOW_CTX_DAG_ID='climate_data' AIRFLOW_CTX_TASK_ID='create_folder' AIRFLOW_CTX_EXECUTION_DATE='2025-03-10T00:00:00+00:00' AIRFLOW_CTX_TRY_NUMBER='1' AIRFLOW_CTX_DAG_RUN_ID='scheduled__2025-03-10T00:00:00+00:00'
[2025-08-08T02:42:55.168+0000] {taskinstance.py:430} INFO - ::endgroup::
[2025-08-08T02:42:55.176+0000] {subprocess.py:63} INFO - Tmp dir root location: /tmp
[2025-08-08T02:42:55.177+0000] {subprocess.py:75} INFO - Running command: ['/usr/bin/bash', '-c', 'mkdir -p "/home/***/host_documents/week2025-03-17"']
[2025-08-08T02:42:55.185+0000] {subprocess.py:86} INFO - Output:
[2025-08-08T02:42:55.189+0000] {subprocess.py:97} INFO - Command exited with return code 0
[2025-08-08T02:42:55.190+0000] {taskinstance.py:441} INFO - ::group::Post task execution logs
[2025-08-08T02:42:55.215+0000] {taskinstance.py:1206} INFO - Marking task as SUCCESS. dag_id=climate_data, task_id=create_folder, run_id=scheduled__2025-03-10T00:00:00+00:00, execution_date=20250310T000000, start_date=20250808T024255, end_date=20250808T024255
[2025-08-08T02:42:55.292+0000] {local_task_job_runner.py:240} INFO - Task exited with return code 0
[2025-08-08T02:42:55.311+0000] {taskinstance.py:3498} INFO - 1 downstream tasks scheduled from follow-on schedule check
[2025-08-08T02:42:55.313+0000] {local_task_job_runner.py:222} INFO - ::endgroup::
