[2025-08-08T02:27:01.408+0000] {local_task_job_runner.py:120} INFO - ::group::Pre task execution logs
[2025-08-08T02:27:01.431+0000] {taskinstance.py:2076} INFO - Dependencies all met for dep_context=non-requeueable deps ti=<TaskInstance: climate_data.create_folder scheduled__2025-02-17T00:00:00+00:00 [queued]>
[2025-08-08T02:27:01.438+0000] {taskinstance.py:2076} INFO - Dependencies all met for dep_context=requeueable deps ti=<TaskInstance: climate_data.create_folder scheduled__2025-02-17T00:00:00+00:00 [queued]>
[2025-08-08T02:27:01.439+0000] {taskinstance.py:2306} INFO - Starting attempt 1 of 1
[2025-08-08T02:27:01.483+0000] {taskinstance.py:2330} INFO - Executing <Task(BashOperator): create_folder> on 2025-02-17 00:00:00+00:00
[2025-08-08T02:27:01.487+0000] {standard_task_runner.py:63} INFO - Started process 761 to run task
[2025-08-08T02:27:01.490+0000] {standard_task_runner.py:90} INFO - Running: ['***', 'tasks', 'run', 'climate_data', 'create_folder', 'scheduled__2025-02-17T00:00:00+00:00', '--job-id', '159', '--raw', '--subdir', 'DAGS_FOLDER/climate_data.py', '--cfg-path', '/tmp/tmp72u_pkdz']
[2025-08-08T02:27:01.493+0000] {standard_task_runner.py:91} INFO - Job 159: Subtask create_folder
[2025-08-08T02:27:01.508+0000] {logging_mixin.py:188} WARNING - /home/***/.local/lib/python3.9/site-packages/***/settings.py:195 DeprecationWarning: The sql_alchemy_conn option in [core] has been moved to the sql_alchemy_conn option in [database] - the old setting has been used, but please update your config.
[2025-08-08T02:27:01.554+0000] {task_command.py:426} INFO - Running <TaskInstance: climate_data.create_folder scheduled__2025-02-17T00:00:00+00:00 [running]> on host 3ceab82043f1
[2025-08-08T02:27:01.632+0000] {taskinstance.py:2648} INFO - Exporting env vars: AIRFLOW_CTX_DAG_OWNER='***' AIRFLOW_CTX_DAG_ID='climate_data' AIRFLOW_CTX_TASK_ID='create_folder' AIRFLOW_CTX_EXECUTION_DATE='2025-02-17T00:00:00+00:00' AIRFLOW_CTX_TRY_NUMBER='1' AIRFLOW_CTX_DAG_RUN_ID='scheduled__2025-02-17T00:00:00+00:00'
[2025-08-08T02:27:01.633+0000] {taskinstance.py:430} INFO - ::endgroup::
[2025-08-08T02:27:01.641+0000] {subprocess.py:63} INFO - Tmp dir root location: /tmp
[2025-08-08T02:27:01.642+0000] {subprocess.py:75} INFO - Running command: ['/usr/bin/bash', '-c', 'mkdir -p /home/***/host_documents/week2025-02-24"']
[2025-08-08T02:27:01.651+0000] {subprocess.py:86} INFO - Output:
[2025-08-08T02:27:01.652+0000] {subprocess.py:93} INFO - /usr/bin/bash: -c: line 1: unexpected EOF while looking for matching `"'
[2025-08-08T02:27:01.652+0000] {subprocess.py:97} INFO - Command exited with return code 2
[2025-08-08T02:27:01.653+0000] {taskinstance.py:441} INFO - ::group::Post task execution logs
[2025-08-08T02:27:01.664+0000] {taskinstance.py:2905} ERROR - Task failed with exception
Traceback (most recent call last):
  File "/home/airflow/.local/lib/python3.9/site-packages/airflow/models/taskinstance.py", line 465, in _execute_task
    result = _execute_callable(context=context, **execute_callable_kwargs)
  File "/home/airflow/.local/lib/python3.9/site-packages/airflow/models/taskinstance.py", line 432, in _execute_callable
    return execute_callable(context=context, **execute_callable_kwargs)
  File "/home/airflow/.local/lib/python3.9/site-packages/airflow/models/baseoperator.py", line 400, in wrapper
    return func(self, *args, **kwargs)
  File "/home/airflow/.local/lib/python3.9/site-packages/airflow/operators/bash.py", line 243, in execute
    raise AirflowException(
airflow.exceptions.AirflowException: Bash command failed. The command returned a non-zero exit code 2.
[2025-08-08T02:27:01.667+0000] {taskinstance.py:1206} INFO - Marking task as FAILED. dag_id=climate_data, task_id=create_folder, run_id=scheduled__2025-02-17T00:00:00+00:00, execution_date=20250217T000000, start_date=20250808T022701, end_date=20250808T022701
[2025-08-08T02:27:01.688+0000] {standard_task_runner.py:110} ERROR - Failed to execute job 159 for task create_folder (Bash command failed. The command returned a non-zero exit code 2.; 761)
[2025-08-08T02:27:01.707+0000] {local_task_job_runner.py:240} INFO - Task exited with return code 1
[2025-08-08T02:27:01.727+0000] {taskinstance.py:3498} INFO - 0 downstream tasks scheduled from follow-on schedule check
[2025-08-08T02:27:01.731+0000] {local_task_job_runner.py:222} INFO - ::endgroup::
[2025-08-08T02:35:19.269+0000] {local_task_job_runner.py:120} INFO - ::group::Pre task execution logs
[2025-08-08T02:35:19.288+0000] {taskinstance.py:2076} INFO - Dependencies all met for dep_context=non-requeueable deps ti=<TaskInstance: climate_data.create_folder scheduled__2025-02-17T00:00:00+00:00 [queued]>
[2025-08-08T02:35:19.294+0000] {taskinstance.py:2076} INFO - Dependencies all met for dep_context=requeueable deps ti=<TaskInstance: climate_data.create_folder scheduled__2025-02-17T00:00:00+00:00 [queued]>
[2025-08-08T02:35:19.295+0000] {taskinstance.py:2306} INFO - Starting attempt 1 of 1
[2025-08-08T02:35:19.304+0000] {taskinstance.py:2330} INFO - Executing <Task(BashOperator): create_folder> on 2025-02-17 00:00:00+00:00
[2025-08-08T02:35:19.307+0000] {standard_task_runner.py:63} INFO - Started process 785 to run task
[2025-08-08T02:35:19.310+0000] {standard_task_runner.py:90} INFO - Running: ['***', 'tasks', 'run', 'climate_data', 'create_folder', 'scheduled__2025-02-17T00:00:00+00:00', '--job-id', '315', '--raw', '--subdir', 'DAGS_FOLDER/climate_data.py', '--cfg-path', '/tmp/tmpgtclhm1a']
[2025-08-08T02:35:19.311+0000] {standard_task_runner.py:91} INFO - Job 315: Subtask create_folder
[2025-08-08T02:35:19.323+0000] {logging_mixin.py:188} WARNING - /home/***/.local/lib/python3.9/site-packages/***/settings.py:195 DeprecationWarning: The sql_alchemy_conn option in [core] has been moved to the sql_alchemy_conn option in [database] - the old setting has been used, but please update your config.
[2025-08-08T02:35:19.359+0000] {task_command.py:426} INFO - Running <TaskInstance: climate_data.create_folder scheduled__2025-02-17T00:00:00+00:00 [running]> on host 1a6f5acf67f4
[2025-08-08T02:35:19.414+0000] {taskinstance.py:2648} INFO - Exporting env vars: AIRFLOW_CTX_DAG_OWNER='***' AIRFLOW_CTX_DAG_ID='climate_data' AIRFLOW_CTX_TASK_ID='create_folder' AIRFLOW_CTX_EXECUTION_DATE='2025-02-17T00:00:00+00:00' AIRFLOW_CTX_TRY_NUMBER='1' AIRFLOW_CTX_DAG_RUN_ID='scheduled__2025-02-17T00:00:00+00:00'
[2025-08-08T02:35:19.415+0000] {taskinstance.py:430} INFO - ::endgroup::
[2025-08-08T02:35:19.422+0000] {subprocess.py:63} INFO - Tmp dir root location: /tmp
[2025-08-08T02:35:19.423+0000] {subprocess.py:75} INFO - Running command: ['/usr/bin/bash', '-c', 'mkdir -p /home/***/host_documents/week2025-02-24"']
[2025-08-08T02:35:19.429+0000] {subprocess.py:86} INFO - Output:
[2025-08-08T02:35:19.430+0000] {subprocess.py:93} INFO - /usr/bin/bash: -c: line 1: unexpected EOF while looking for matching `"'
[2025-08-08T02:35:19.431+0000] {subprocess.py:97} INFO - Command exited with return code 2
[2025-08-08T02:35:19.432+0000] {taskinstance.py:441} INFO - ::group::Post task execution logs
[2025-08-08T02:35:19.438+0000] {taskinstance.py:2905} ERROR - Task failed with exception
Traceback (most recent call last):
  File "/home/airflow/.local/lib/python3.9/site-packages/airflow/models/taskinstance.py", line 465, in _execute_task
    result = _execute_callable(context=context, **execute_callable_kwargs)
  File "/home/airflow/.local/lib/python3.9/site-packages/airflow/models/taskinstance.py", line 432, in _execute_callable
    return execute_callable(context=context, **execute_callable_kwargs)
  File "/home/airflow/.local/lib/python3.9/site-packages/airflow/models/baseoperator.py", line 400, in wrapper
    return func(self, *args, **kwargs)
  File "/home/airflow/.local/lib/python3.9/site-packages/airflow/operators/bash.py", line 243, in execute
    raise AirflowException(
airflow.exceptions.AirflowException: Bash command failed. The command returned a non-zero exit code 2.
[2025-08-08T02:35:19.441+0000] {taskinstance.py:1206} INFO - Marking task as FAILED. dag_id=climate_data, task_id=create_folder, run_id=scheduled__2025-02-17T00:00:00+00:00, execution_date=20250217T000000, start_date=20250808T023519, end_date=20250808T023519
[2025-08-08T02:35:19.449+0000] {standard_task_runner.py:110} ERROR - Failed to execute job 315 for task create_folder (Bash command failed. The command returned a non-zero exit code 2.; 785)
[2025-08-08T02:35:19.482+0000] {local_task_job_runner.py:240} INFO - Task exited with return code 1
[2025-08-08T02:35:19.496+0000] {taskinstance.py:3498} INFO - 0 downstream tasks scheduled from follow-on schedule check
[2025-08-08T02:35:19.499+0000] {local_task_job_runner.py:222} INFO - ::endgroup::
[2025-08-08T02:39:55.692+0000] {local_task_job_runner.py:120} INFO - ::group::Pre task execution logs
[2025-08-08T02:39:55.713+0000] {taskinstance.py:2076} INFO - Dependencies all met for dep_context=non-requeueable deps ti=<TaskInstance: climate_data.create_folder scheduled__2025-02-17T00:00:00+00:00 [queued]>
[2025-08-08T02:39:55.720+0000] {taskinstance.py:2076} INFO - Dependencies all met for dep_context=requeueable deps ti=<TaskInstance: climate_data.create_folder scheduled__2025-02-17T00:00:00+00:00 [queued]>
[2025-08-08T02:39:55.720+0000] {taskinstance.py:2306} INFO - Starting attempt 1 of 1
[2025-08-08T02:39:55.731+0000] {taskinstance.py:2330} INFO - Executing <Task(BashOperator): create_folder> on 2025-02-17 00:00:00+00:00
[2025-08-08T02:39:55.735+0000] {standard_task_runner.py:63} INFO - Started process 1955 to run task
[2025-08-08T02:39:55.737+0000] {standard_task_runner.py:90} INFO - Running: ['***', 'tasks', 'run', 'climate_data', 'create_folder', 'scheduled__2025-02-17T00:00:00+00:00', '--job-id', '600', '--raw', '--subdir', 'DAGS_FOLDER/climate_data.py', '--cfg-path', '/tmp/tmpznq1pbja']
[2025-08-08T02:39:55.739+0000] {standard_task_runner.py:91} INFO - Job 600: Subtask create_folder
[2025-08-08T02:39:55.750+0000] {logging_mixin.py:188} WARNING - /home/***/.local/lib/python3.9/site-packages/***/settings.py:195 DeprecationWarning: The sql_alchemy_conn option in [core] has been moved to the sql_alchemy_conn option in [database] - the old setting has been used, but please update your config.
[2025-08-08T02:39:55.793+0000] {task_command.py:426} INFO - Running <TaskInstance: climate_data.create_folder scheduled__2025-02-17T00:00:00+00:00 [running]> on host 1a6f5acf67f4
[2025-08-08T02:39:55.856+0000] {taskinstance.py:2648} INFO - Exporting env vars: AIRFLOW_CTX_DAG_OWNER='***' AIRFLOW_CTX_DAG_ID='climate_data' AIRFLOW_CTX_TASK_ID='create_folder' AIRFLOW_CTX_EXECUTION_DATE='2025-02-17T00:00:00+00:00' AIRFLOW_CTX_TRY_NUMBER='1' AIRFLOW_CTX_DAG_RUN_ID='scheduled__2025-02-17T00:00:00+00:00'
[2025-08-08T02:39:55.857+0000] {taskinstance.py:430} INFO - ::endgroup::
[2025-08-08T02:39:55.865+0000] {subprocess.py:63} INFO - Tmp dir root location: /tmp
[2025-08-08T02:39:55.866+0000] {subprocess.py:75} INFO - Running command: ['/usr/bin/bash', '-c', 'mkdir -p /home/***/host_documents/week2025-02-24']
[2025-08-08T02:39:55.875+0000] {subprocess.py:86} INFO - Output:
[2025-08-08T02:39:55.879+0000] {subprocess.py:97} INFO - Command exited with return code 0
[2025-08-08T02:39:55.880+0000] {taskinstance.py:441} INFO - ::group::Post task execution logs
[2025-08-08T02:39:55.900+0000] {taskinstance.py:1206} INFO - Marking task as SUCCESS. dag_id=climate_data, task_id=create_folder, run_id=scheduled__2025-02-17T00:00:00+00:00, execution_date=20250217T000000, start_date=20250808T023955, end_date=20250808T023955
[2025-08-08T02:39:55.950+0000] {local_task_job_runner.py:240} INFO - Task exited with return code 0
[2025-08-08T02:39:55.965+0000] {taskinstance.py:3498} INFO - 1 downstream tasks scheduled from follow-on schedule check
[2025-08-08T02:39:55.968+0000] {local_task_job_runner.py:222} INFO - ::endgroup::
[2025-08-08T02:42:54.787+0000] {local_task_job_runner.py:120} INFO - ::group::Pre task execution logs
[2025-08-08T02:42:54.810+0000] {taskinstance.py:2076} INFO - Dependencies all met for dep_context=non-requeueable deps ti=<TaskInstance: climate_data.create_folder scheduled__2025-02-17T00:00:00+00:00 [queued]>
[2025-08-08T02:42:54.819+0000] {taskinstance.py:2076} INFO - Dependencies all met for dep_context=requeueable deps ti=<TaskInstance: climate_data.create_folder scheduled__2025-02-17T00:00:00+00:00 [queued]>
[2025-08-08T02:42:54.819+0000] {taskinstance.py:2306} INFO - Starting attempt 1 of 1
[2025-08-08T02:42:54.829+0000] {taskinstance.py:2330} INFO - Executing <Task(BashOperator): create_folder> on 2025-02-17 00:00:00+00:00
[2025-08-08T02:42:54.833+0000] {standard_task_runner.py:63} INFO - Started process 3121 to run task
[2025-08-08T02:42:54.835+0000] {standard_task_runner.py:90} INFO - Running: ['***', 'tasks', 'run', 'climate_data', 'create_folder', 'scheduled__2025-02-17T00:00:00+00:00', '--job-id', '906', '--raw', '--subdir', 'DAGS_FOLDER/climate_data.py', '--cfg-path', '/tmp/tmpus4cudzr']
[2025-08-08T02:42:54.837+0000] {standard_task_runner.py:91} INFO - Job 906: Subtask create_folder
[2025-08-08T02:42:54.849+0000] {logging_mixin.py:188} WARNING - /home/***/.local/lib/python3.9/site-packages/***/settings.py:195 DeprecationWarning: The sql_alchemy_conn option in [core] has been moved to the sql_alchemy_conn option in [database] - the old setting has been used, but please update your config.
[2025-08-08T02:42:54.895+0000] {task_command.py:426} INFO - Running <TaskInstance: climate_data.create_folder scheduled__2025-02-17T00:00:00+00:00 [running]> on host 1a6f5acf67f4
[2025-08-08T02:42:54.968+0000] {taskinstance.py:2648} INFO - Exporting env vars: AIRFLOW_CTX_DAG_OWNER='***' AIRFLOW_CTX_DAG_ID='climate_data' AIRFLOW_CTX_TASK_ID='create_folder' AIRFLOW_CTX_EXECUTION_DATE='2025-02-17T00:00:00+00:00' AIRFLOW_CTX_TRY_NUMBER='1' AIRFLOW_CTX_DAG_RUN_ID='scheduled__2025-02-17T00:00:00+00:00'
[2025-08-08T02:42:54.969+0000] {taskinstance.py:430} INFO - ::endgroup::
[2025-08-08T02:42:54.979+0000] {subprocess.py:63} INFO - Tmp dir root location: /tmp
[2025-08-08T02:42:54.981+0000] {subprocess.py:75} INFO - Running command: ['/usr/bin/bash', '-c', 'mkdir -p "/home/***/host_documents/week2025-02-24"']
[2025-08-08T02:42:54.989+0000] {subprocess.py:86} INFO - Output:
[2025-08-08T02:42:54.993+0000] {subprocess.py:97} INFO - Command exited with return code 0
[2025-08-08T02:42:54.994+0000] {taskinstance.py:441} INFO - ::group::Post task execution logs
[2025-08-08T02:42:55.014+0000] {taskinstance.py:1206} INFO - Marking task as SUCCESS. dag_id=climate_data, task_id=create_folder, run_id=scheduled__2025-02-17T00:00:00+00:00, execution_date=20250217T000000, start_date=20250808T024254, end_date=20250808T024255
[2025-08-08T02:42:55.049+0000] {local_task_job_runner.py:240} INFO - Task exited with return code 0
[2025-08-08T02:42:55.068+0000] {taskinstance.py:3498} INFO - 1 downstream tasks scheduled from follow-on schedule check
[2025-08-08T02:42:55.070+0000] {local_task_job_runner.py:222} INFO - ::endgroup::
