[2025-08-08T02:27:05.751+0000] {local_task_job_runner.py:120} INFO - ::group::Pre task execution logs
[2025-08-08T02:27:05.771+0000] {taskinstance.py:2076} INFO - Dependencies all met for dep_context=non-requeueable deps ti=<TaskInstance: climate_data.create_folder scheduled__2025-06-09T00:00:00+00:00 [queued]>
[2025-08-08T02:27:05.781+0000] {taskinstance.py:2076} INFO - Dependencies all met for dep_context=requeueable deps ti=<TaskInstance: climate_data.create_folder scheduled__2025-06-09T00:00:00+00:00 [queued]>
[2025-08-08T02:27:05.782+0000] {taskinstance.py:2306} INFO - Starting attempt 1 of 1
[2025-08-08T02:27:05.794+0000] {taskinstance.py:2330} INFO - Executing <Task(BashOperator): create_folder> on 2025-06-09 00:00:00+00:00
[2025-08-08T02:27:05.798+0000] {standard_task_runner.py:63} INFO - Started process 820 to run task
[2025-08-08T02:27:05.800+0000] {standard_task_runner.py:90} INFO - Running: ['***', 'tasks', 'run', 'climate_data', 'create_folder', 'scheduled__2025-06-09T00:00:00+00:00', '--job-id', '175', '--raw', '--subdir', 'DAGS_FOLDER/climate_data.py', '--cfg-path', '/tmp/tmpg761h603']
[2025-08-08T02:27:05.802+0000] {standard_task_runner.py:91} INFO - Job 175: Subtask create_folder
[2025-08-08T02:27:05.813+0000] {logging_mixin.py:188} WARNING - /home/***/.local/lib/python3.9/site-packages/***/settings.py:195 DeprecationWarning: The sql_alchemy_conn option in [core] has been moved to the sql_alchemy_conn option in [database] - the old setting has been used, but please update your config.
[2025-08-08T02:27:05.870+0000] {task_command.py:426} INFO - Running <TaskInstance: climate_data.create_folder scheduled__2025-06-09T00:00:00+00:00 [running]> on host 3ceab82043f1
[2025-08-08T02:27:05.933+0000] {taskinstance.py:2648} INFO - Exporting env vars: AIRFLOW_CTX_DAG_OWNER='***' AIRFLOW_CTX_DAG_ID='climate_data' AIRFLOW_CTX_TASK_ID='create_folder' AIRFLOW_CTX_EXECUTION_DATE='2025-06-09T00:00:00+00:00' AIRFLOW_CTX_TRY_NUMBER='1' AIRFLOW_CTX_DAG_RUN_ID='scheduled__2025-06-09T00:00:00+00:00'
[2025-08-08T02:27:05.936+0000] {taskinstance.py:430} INFO - ::endgroup::
[2025-08-08T02:27:05.945+0000] {subprocess.py:63} INFO - Tmp dir root location: /tmp
[2025-08-08T02:27:05.946+0000] {subprocess.py:75} INFO - Running command: ['/usr/bin/bash', '-c', 'mkdir -p /home/***/host_documents/week2025-06-16"']
[2025-08-08T02:27:05.955+0000] {subprocess.py:86} INFO - Output:
[2025-08-08T02:27:05.957+0000] {subprocess.py:93} INFO - /usr/bin/bash: -c: line 1: unexpected EOF while looking for matching `"'
[2025-08-08T02:27:05.957+0000] {subprocess.py:97} INFO - Command exited with return code 2
[2025-08-08T02:27:05.958+0000] {taskinstance.py:441} INFO - ::group::Post task execution logs
[2025-08-08T02:27:05.967+0000] {taskinstance.py:2905} ERROR - Task failed with exception
Traceback (most recent call last):
  File "/home/airflow/.local/lib/python3.9/site-packages/airflow/models/taskinstance.py", line 465, in _execute_task
    result = _execute_callable(context=context, **execute_callable_kwargs)
  File "/home/airflow/.local/lib/python3.9/site-packages/airflow/models/taskinstance.py", line 432, in _execute_callable
    return execute_callable(context=context, **execute_callable_kwargs)
  File "/home/airflow/.local/lib/python3.9/site-packages/airflow/models/baseoperator.py", line 400, in wrapper
    return func(self, *args, **kwargs)
  File "/home/airflow/.local/lib/python3.9/site-packages/airflow/operators/bash.py", line 243, in execute
    raise AirflowException(
airflow.exceptions.AirflowException: Bash command failed. The command returned a non-zero exit code 2.
[2025-08-08T02:27:05.970+0000] {taskinstance.py:1206} INFO - Marking task as FAILED. dag_id=climate_data, task_id=create_folder, run_id=scheduled__2025-06-09T00:00:00+00:00, execution_date=20250609T000000, start_date=20250808T022705, end_date=20250808T022705
[2025-08-08T02:27:05.989+0000] {standard_task_runner.py:110} ERROR - Failed to execute job 175 for task create_folder (Bash command failed. The command returned a non-zero exit code 2.; 820)
[2025-08-08T02:27:06.013+0000] {local_task_job_runner.py:240} INFO - Task exited with return code 1
[2025-08-08T02:27:06.031+0000] {taskinstance.py:3498} INFO - 0 downstream tasks scheduled from follow-on schedule check
[2025-08-08T02:27:06.037+0000] {local_task_job_runner.py:222} INFO - ::endgroup::
[2025-08-08T02:35:27.062+0000] {local_task_job_runner.py:120} INFO - ::group::Pre task execution logs
[2025-08-08T02:35:27.085+0000] {taskinstance.py:2076} INFO - Dependencies all met for dep_context=non-requeueable deps ti=<TaskInstance: climate_data.create_folder scheduled__2025-06-09T00:00:00+00:00 [queued]>
[2025-08-08T02:35:27.093+0000] {taskinstance.py:2076} INFO - Dependencies all met for dep_context=requeueable deps ti=<TaskInstance: climate_data.create_folder scheduled__2025-06-09T00:00:00+00:00 [queued]>
[2025-08-08T02:35:27.093+0000] {taskinstance.py:2306} INFO - Starting attempt 1 of 1
[2025-08-08T02:35:27.103+0000] {taskinstance.py:2330} INFO - Executing <Task(BashOperator): create_folder> on 2025-06-09 00:00:00+00:00
[2025-08-08T02:35:27.107+0000] {standard_task_runner.py:63} INFO - Started process 866 to run task
[2025-08-08T02:35:27.109+0000] {standard_task_runner.py:90} INFO - Running: ['***', 'tasks', 'run', 'climate_data', 'create_folder', 'scheduled__2025-06-09T00:00:00+00:00', '--job-id', '331', '--raw', '--subdir', 'DAGS_FOLDER/climate_data.py', '--cfg-path', '/tmp/tmp7tihq174']
[2025-08-08T02:35:27.111+0000] {standard_task_runner.py:91} INFO - Job 331: Subtask create_folder
[2025-08-08T02:35:27.123+0000] {logging_mixin.py:188} WARNING - /home/***/.local/lib/python3.9/site-packages/***/settings.py:195 DeprecationWarning: The sql_alchemy_conn option in [core] has been moved to the sql_alchemy_conn option in [database] - the old setting has been used, but please update your config.
[2025-08-08T02:35:27.165+0000] {task_command.py:426} INFO - Running <TaskInstance: climate_data.create_folder scheduled__2025-06-09T00:00:00+00:00 [running]> on host 1a6f5acf67f4
[2025-08-08T02:35:27.234+0000] {taskinstance.py:2648} INFO - Exporting env vars: AIRFLOW_CTX_DAG_OWNER='***' AIRFLOW_CTX_DAG_ID='climate_data' AIRFLOW_CTX_TASK_ID='create_folder' AIRFLOW_CTX_EXECUTION_DATE='2025-06-09T00:00:00+00:00' AIRFLOW_CTX_TRY_NUMBER='1' AIRFLOW_CTX_DAG_RUN_ID='scheduled__2025-06-09T00:00:00+00:00'
[2025-08-08T02:35:27.235+0000] {taskinstance.py:430} INFO - ::endgroup::
[2025-08-08T02:35:27.244+0000] {subprocess.py:63} INFO - Tmp dir root location: /tmp
[2025-08-08T02:35:27.245+0000] {subprocess.py:75} INFO - Running command: ['/usr/bin/bash', '-c', 'mkdir -p /home/***/host_documents/week2025-06-16"']
[2025-08-08T02:35:27.254+0000] {subprocess.py:86} INFO - Output:
[2025-08-08T02:35:27.255+0000] {subprocess.py:93} INFO - /usr/bin/bash: -c: line 1: unexpected EOF while looking for matching `"'
[2025-08-08T02:35:27.256+0000] {subprocess.py:97} INFO - Command exited with return code 2
[2025-08-08T02:35:27.257+0000] {taskinstance.py:441} INFO - ::group::Post task execution logs
[2025-08-08T02:35:27.265+0000] {taskinstance.py:2905} ERROR - Task failed with exception
Traceback (most recent call last):
  File "/home/airflow/.local/lib/python3.9/site-packages/airflow/models/taskinstance.py", line 465, in _execute_task
    result = _execute_callable(context=context, **execute_callable_kwargs)
  File "/home/airflow/.local/lib/python3.9/site-packages/airflow/models/taskinstance.py", line 432, in _execute_callable
    return execute_callable(context=context, **execute_callable_kwargs)
  File "/home/airflow/.local/lib/python3.9/site-packages/airflow/models/baseoperator.py", line 400, in wrapper
    return func(self, *args, **kwargs)
  File "/home/airflow/.local/lib/python3.9/site-packages/airflow/operators/bash.py", line 243, in execute
    raise AirflowException(
airflow.exceptions.AirflowException: Bash command failed. The command returned a non-zero exit code 2.
[2025-08-08T02:35:27.268+0000] {taskinstance.py:1206} INFO - Marking task as FAILED. dag_id=climate_data, task_id=create_folder, run_id=scheduled__2025-06-09T00:00:00+00:00, execution_date=20250609T000000, start_date=20250808T023527, end_date=20250808T023527
[2025-08-08T02:35:27.279+0000] {standard_task_runner.py:110} ERROR - Failed to execute job 331 for task create_folder (Bash command failed. The command returned a non-zero exit code 2.; 866)
[2025-08-08T02:35:27.322+0000] {local_task_job_runner.py:240} INFO - Task exited with return code 1
[2025-08-08T02:35:27.340+0000] {taskinstance.py:3498} INFO - 0 downstream tasks scheduled from follow-on schedule check
[2025-08-08T02:35:27.344+0000] {local_task_job_runner.py:222} INFO - ::endgroup::
[2025-08-08T02:40:00.736+0000] {local_task_job_runner.py:120} INFO - ::group::Pre task execution logs
[2025-08-08T02:40:00.756+0000] {taskinstance.py:2076} INFO - Dependencies all met for dep_context=non-requeueable deps ti=<TaskInstance: climate_data.create_folder scheduled__2025-06-09T00:00:00+00:00 [queued]>
[2025-08-08T02:40:00.763+0000] {taskinstance.py:2076} INFO - Dependencies all met for dep_context=requeueable deps ti=<TaskInstance: climate_data.create_folder scheduled__2025-06-09T00:00:00+00:00 [queued]>
[2025-08-08T02:40:00.763+0000] {taskinstance.py:2306} INFO - Starting attempt 1 of 1
[2025-08-08T02:40:00.802+0000] {taskinstance.py:2330} INFO - Executing <Task(BashOperator): create_folder> on 2025-06-09 00:00:00+00:00
[2025-08-08T02:40:00.807+0000] {standard_task_runner.py:63} INFO - Started process 2078 to run task
[2025-08-08T02:40:00.812+0000] {standard_task_runner.py:90} INFO - Running: ['***', 'tasks', 'run', 'climate_data', 'create_folder', 'scheduled__2025-06-09T00:00:00+00:00', '--job-id', '632', '--raw', '--subdir', 'DAGS_FOLDER/climate_data.py', '--cfg-path', '/tmp/tmp4u_8af3h']
[2025-08-08T02:40:00.814+0000] {standard_task_runner.py:91} INFO - Job 632: Subtask create_folder
[2025-08-08T02:40:00.828+0000] {logging_mixin.py:188} WARNING - /home/***/.local/lib/python3.9/site-packages/***/settings.py:195 DeprecationWarning: The sql_alchemy_conn option in [core] has been moved to the sql_alchemy_conn option in [database] - the old setting has been used, but please update your config.
[2025-08-08T02:40:00.873+0000] {task_command.py:426} INFO - Running <TaskInstance: climate_data.create_folder scheduled__2025-06-09T00:00:00+00:00 [running]> on host 1a6f5acf67f4
[2025-08-08T02:40:00.943+0000] {taskinstance.py:2648} INFO - Exporting env vars: AIRFLOW_CTX_DAG_OWNER='***' AIRFLOW_CTX_DAG_ID='climate_data' AIRFLOW_CTX_TASK_ID='create_folder' AIRFLOW_CTX_EXECUTION_DATE='2025-06-09T00:00:00+00:00' AIRFLOW_CTX_TRY_NUMBER='1' AIRFLOW_CTX_DAG_RUN_ID='scheduled__2025-06-09T00:00:00+00:00'
[2025-08-08T02:40:00.944+0000] {taskinstance.py:430} INFO - ::endgroup::
[2025-08-08T02:40:00.951+0000] {subprocess.py:63} INFO - Tmp dir root location: /tmp
[2025-08-08T02:40:00.952+0000] {subprocess.py:75} INFO - Running command: ['/usr/bin/bash', '-c', 'mkdir -p /home/***/host_documents/week2025-06-16']
[2025-08-08T02:40:00.962+0000] {subprocess.py:86} INFO - Output:
[2025-08-08T02:40:00.967+0000] {subprocess.py:97} INFO - Command exited with return code 0
[2025-08-08T02:40:00.968+0000] {taskinstance.py:441} INFO - ::group::Post task execution logs
[2025-08-08T02:40:00.992+0000] {taskinstance.py:1206} INFO - Marking task as SUCCESS. dag_id=climate_data, task_id=create_folder, run_id=scheduled__2025-06-09T00:00:00+00:00, execution_date=20250609T000000, start_date=20250808T024000, end_date=20250808T024000
[2025-08-08T02:40:01.024+0000] {local_task_job_runner.py:240} INFO - Task exited with return code 0
[2025-08-08T02:40:01.040+0000] {taskinstance.py:3498} INFO - 1 downstream tasks scheduled from follow-on schedule check
[2025-08-08T02:40:01.042+0000] {local_task_job_runner.py:222} INFO - ::endgroup::
[2025-08-08T02:42:59.557+0000] {local_task_job_runner.py:120} INFO - ::group::Pre task execution logs
[2025-08-08T02:42:59.578+0000] {taskinstance.py:2076} INFO - Dependencies all met for dep_context=non-requeueable deps ti=<TaskInstance: climate_data.create_folder scheduled__2025-06-09T00:00:00+00:00 [queued]>
[2025-08-08T02:42:59.585+0000] {taskinstance.py:2076} INFO - Dependencies all met for dep_context=requeueable deps ti=<TaskInstance: climate_data.create_folder scheduled__2025-06-09T00:00:00+00:00 [queued]>
[2025-08-08T02:42:59.588+0000] {taskinstance.py:2306} INFO - Starting attempt 1 of 1
[2025-08-08T02:42:59.599+0000] {taskinstance.py:2330} INFO - Executing <Task(BashOperator): create_folder> on 2025-06-09 00:00:00+00:00
[2025-08-08T02:42:59.604+0000] {standard_task_runner.py:63} INFO - Started process 3253 to run task
[2025-08-08T02:42:59.607+0000] {standard_task_runner.py:90} INFO - Running: ['***', 'tasks', 'run', 'climate_data', 'create_folder', 'scheduled__2025-06-09T00:00:00+00:00', '--job-id', '939', '--raw', '--subdir', 'DAGS_FOLDER/climate_data.py', '--cfg-path', '/tmp/tmp11bshbbi']
[2025-08-08T02:42:59.609+0000] {standard_task_runner.py:91} INFO - Job 939: Subtask create_folder
[2025-08-08T02:42:59.621+0000] {logging_mixin.py:188} WARNING - /home/***/.local/lib/python3.9/site-packages/***/settings.py:195 DeprecationWarning: The sql_alchemy_conn option in [core] has been moved to the sql_alchemy_conn option in [database] - the old setting has been used, but please update your config.
[2025-08-08T02:42:59.663+0000] {task_command.py:426} INFO - Running <TaskInstance: climate_data.create_folder scheduled__2025-06-09T00:00:00+00:00 [running]> on host 1a6f5acf67f4
[2025-08-08T02:42:59.730+0000] {taskinstance.py:2648} INFO - Exporting env vars: AIRFLOW_CTX_DAG_OWNER='***' AIRFLOW_CTX_DAG_ID='climate_data' AIRFLOW_CTX_TASK_ID='create_folder' AIRFLOW_CTX_EXECUTION_DATE='2025-06-09T00:00:00+00:00' AIRFLOW_CTX_TRY_NUMBER='1' AIRFLOW_CTX_DAG_RUN_ID='scheduled__2025-06-09T00:00:00+00:00'
[2025-08-08T02:42:59.732+0000] {taskinstance.py:430} INFO - ::endgroup::
[2025-08-08T02:42:59.739+0000] {subprocess.py:63} INFO - Tmp dir root location: /tmp
[2025-08-08T02:42:59.740+0000] {subprocess.py:75} INFO - Running command: ['/usr/bin/bash', '-c', 'mkdir -p "/home/***/host_documents/week2025-06-16"']
[2025-08-08T02:42:59.749+0000] {subprocess.py:86} INFO - Output:
[2025-08-08T02:42:59.754+0000] {subprocess.py:97} INFO - Command exited with return code 0
[2025-08-08T02:42:59.755+0000] {taskinstance.py:441} INFO - ::group::Post task execution logs
[2025-08-08T02:42:59.778+0000] {taskinstance.py:1206} INFO - Marking task as SUCCESS. dag_id=climate_data, task_id=create_folder, run_id=scheduled__2025-06-09T00:00:00+00:00, execution_date=20250609T000000, start_date=20250808T024259, end_date=20250808T024259
[2025-08-08T02:42:59.820+0000] {local_task_job_runner.py:240} INFO - Task exited with return code 0
[2025-08-08T02:42:59.828+0000] {local_task_job_runner.py:222} INFO - ::endgroup::
