[2025-08-08T02:26:38.563+0000] {local_task_job_runner.py:120} INFO - ::group::Pre task execution logs
[2025-08-08T02:26:38.585+0000] {taskinstance.py:2076} INFO - Dependencies all met for dep_context=non-requeueable deps ti=<TaskInstance: climate_data.create_folder scheduled__2023-10-16T00:00:00+00:00 [queued]>
[2025-08-08T02:26:38.595+0000] {taskinstance.py:2076} INFO - Dependencies all met for dep_context=requeueable deps ti=<TaskInstance: climate_data.create_folder scheduled__2023-10-16T00:00:00+00:00 [queued]>
[2025-08-08T02:26:38.596+0000] {taskinstance.py:2306} INFO - Starting attempt 1 of 1
[2025-08-08T02:26:38.606+0000] {taskinstance.py:2330} INFO - Executing <Task(BashOperator): create_folder> on 2023-10-16 00:00:00+00:00
[2025-08-08T02:26:38.613+0000] {standard_task_runner.py:63} INFO - Started process 460 to run task
[2025-08-08T02:26:38.616+0000] {standard_task_runner.py:90} INFO - Running: ['***', 'tasks', 'run', 'climate_data', 'create_folder', 'scheduled__2023-10-16T00:00:00+00:00', '--job-id', '89', '--raw', '--subdir', 'DAGS_FOLDER/climate_data.py', '--cfg-path', '/tmp/tmp7s0omw70']
[2025-08-08T02:26:38.618+0000] {standard_task_runner.py:91} INFO - Job 89: Subtask create_folder
[2025-08-08T02:26:38.630+0000] {logging_mixin.py:188} WARNING - /home/***/.local/lib/python3.9/site-packages/***/settings.py:195 DeprecationWarning: The sql_alchemy_conn option in [core] has been moved to the sql_alchemy_conn option in [database] - the old setting has been used, but please update your config.
[2025-08-08T02:26:38.672+0000] {task_command.py:426} INFO - Running <TaskInstance: climate_data.create_folder scheduled__2023-10-16T00:00:00+00:00 [running]> on host 3ceab82043f1
[2025-08-08T02:26:38.738+0000] {taskinstance.py:2648} INFO - Exporting env vars: AIRFLOW_CTX_DAG_OWNER='***' AIRFLOW_CTX_DAG_ID='climate_data' AIRFLOW_CTX_TASK_ID='create_folder' AIRFLOW_CTX_EXECUTION_DATE='2023-10-16T00:00:00+00:00' AIRFLOW_CTX_TRY_NUMBER='1' AIRFLOW_CTX_DAG_RUN_ID='scheduled__2023-10-16T00:00:00+00:00'
[2025-08-08T02:26:38.739+0000] {taskinstance.py:430} INFO - ::endgroup::
[2025-08-08T02:26:38.746+0000] {subprocess.py:63} INFO - Tmp dir root location: /tmp
[2025-08-08T02:26:38.747+0000] {subprocess.py:75} INFO - Running command: ['/usr/bin/bash', '-c', 'mkdir -p /home/***/host_documents/week2023-10-23"']
[2025-08-08T02:26:38.756+0000] {subprocess.py:86} INFO - Output:
[2025-08-08T02:26:38.758+0000] {subprocess.py:93} INFO - /usr/bin/bash: -c: line 1: unexpected EOF while looking for matching `"'
[2025-08-08T02:26:38.759+0000] {subprocess.py:97} INFO - Command exited with return code 2
[2025-08-08T02:26:38.760+0000] {taskinstance.py:441} INFO - ::group::Post task execution logs
[2025-08-08T02:26:38.768+0000] {taskinstance.py:2905} ERROR - Task failed with exception
Traceback (most recent call last):
  File "/home/airflow/.local/lib/python3.9/site-packages/airflow/models/taskinstance.py", line 465, in _execute_task
    result = _execute_callable(context=context, **execute_callable_kwargs)
  File "/home/airflow/.local/lib/python3.9/site-packages/airflow/models/taskinstance.py", line 432, in _execute_callable
    return execute_callable(context=context, **execute_callable_kwargs)
  File "/home/airflow/.local/lib/python3.9/site-packages/airflow/models/baseoperator.py", line 400, in wrapper
    return func(self, *args, **kwargs)
  File "/home/airflow/.local/lib/python3.9/site-packages/airflow/operators/bash.py", line 243, in execute
    raise AirflowException(
airflow.exceptions.AirflowException: Bash command failed. The command returned a non-zero exit code 2.
[2025-08-08T02:26:38.772+0000] {taskinstance.py:1206} INFO - Marking task as FAILED. dag_id=climate_data, task_id=create_folder, run_id=scheduled__2023-10-16T00:00:00+00:00, execution_date=20231016T000000, start_date=20250808T022638, end_date=20250808T022638
[2025-08-08T02:26:38.789+0000] {standard_task_runner.py:110} ERROR - Failed to execute job 89 for task create_folder (Bash command failed. The command returned a non-zero exit code 2.; 460)
[2025-08-08T02:26:38.829+0000] {local_task_job_runner.py:240} INFO - Task exited with return code 1
[2025-08-08T02:26:38.845+0000] {taskinstance.py:3498} INFO - 0 downstream tasks scheduled from follow-on schedule check
[2025-08-08T02:26:38.848+0000] {local_task_job_runner.py:222} INFO - ::endgroup::
[2025-08-08T02:34:57.698+0000] {local_task_job_runner.py:120} INFO - ::group::Pre task execution logs
[2025-08-08T02:34:57.719+0000] {taskinstance.py:2076} INFO - Dependencies all met for dep_context=non-requeueable deps ti=<TaskInstance: climate_data.create_folder scheduled__2023-10-16T00:00:00+00:00 [queued]>
[2025-08-08T02:34:57.726+0000] {taskinstance.py:2076} INFO - Dependencies all met for dep_context=requeueable deps ti=<TaskInstance: climate_data.create_folder scheduled__2023-10-16T00:00:00+00:00 [queued]>
[2025-08-08T02:34:57.727+0000] {taskinstance.py:2306} INFO - Starting attempt 1 of 1
[2025-08-08T02:34:57.737+0000] {taskinstance.py:2330} INFO - Executing <Task(BashOperator): create_folder> on 2023-10-16 00:00:00+00:00
[2025-08-08T02:34:57.741+0000] {standard_task_runner.py:63} INFO - Started process 507 to run task
[2025-08-08T02:34:57.744+0000] {standard_task_runner.py:90} INFO - Running: ['***', 'tasks', 'run', 'climate_data', 'create_folder', 'scheduled__2023-10-16T00:00:00+00:00', '--job-id', '244', '--raw', '--subdir', 'DAGS_FOLDER/climate_data.py', '--cfg-path', '/tmp/tmpybrwbupv']
[2025-08-08T02:34:57.747+0000] {standard_task_runner.py:91} INFO - Job 244: Subtask create_folder
[2025-08-08T02:34:57.760+0000] {logging_mixin.py:188} WARNING - /home/***/.local/lib/python3.9/site-packages/***/settings.py:195 DeprecationWarning: The sql_alchemy_conn option in [core] has been moved to the sql_alchemy_conn option in [database] - the old setting has been used, but please update your config.
[2025-08-08T02:34:57.804+0000] {task_command.py:426} INFO - Running <TaskInstance: climate_data.create_folder scheduled__2023-10-16T00:00:00+00:00 [running]> on host 1a6f5acf67f4
[2025-08-08T02:34:57.872+0000] {taskinstance.py:2648} INFO - Exporting env vars: AIRFLOW_CTX_DAG_OWNER='***' AIRFLOW_CTX_DAG_ID='climate_data' AIRFLOW_CTX_TASK_ID='create_folder' AIRFLOW_CTX_EXECUTION_DATE='2023-10-16T00:00:00+00:00' AIRFLOW_CTX_TRY_NUMBER='1' AIRFLOW_CTX_DAG_RUN_ID='scheduled__2023-10-16T00:00:00+00:00'
[2025-08-08T02:34:57.873+0000] {taskinstance.py:430} INFO - ::endgroup::
[2025-08-08T02:34:57.882+0000] {subprocess.py:63} INFO - Tmp dir root location: /tmp
[2025-08-08T02:34:57.883+0000] {subprocess.py:75} INFO - Running command: ['/usr/bin/bash', '-c', 'mkdir -p /home/***/host_documents/week2023-10-23"']
[2025-08-08T02:34:57.890+0000] {subprocess.py:86} INFO - Output:
[2025-08-08T02:34:57.891+0000] {subprocess.py:93} INFO - /usr/bin/bash: -c: line 1: unexpected EOF while looking for matching `"'
[2025-08-08T02:34:57.892+0000] {subprocess.py:97} INFO - Command exited with return code 2
[2025-08-08T02:34:57.893+0000] {taskinstance.py:441} INFO - ::group::Post task execution logs
[2025-08-08T02:34:57.900+0000] {taskinstance.py:2905} ERROR - Task failed with exception
Traceback (most recent call last):
  File "/home/airflow/.local/lib/python3.9/site-packages/airflow/models/taskinstance.py", line 465, in _execute_task
    result = _execute_callable(context=context, **execute_callable_kwargs)
  File "/home/airflow/.local/lib/python3.9/site-packages/airflow/models/taskinstance.py", line 432, in _execute_callable
    return execute_callable(context=context, **execute_callable_kwargs)
  File "/home/airflow/.local/lib/python3.9/site-packages/airflow/models/baseoperator.py", line 400, in wrapper
    return func(self, *args, **kwargs)
  File "/home/airflow/.local/lib/python3.9/site-packages/airflow/operators/bash.py", line 243, in execute
    raise AirflowException(
airflow.exceptions.AirflowException: Bash command failed. The command returned a non-zero exit code 2.
[2025-08-08T02:34:57.903+0000] {taskinstance.py:1206} INFO - Marking task as FAILED. dag_id=climate_data, task_id=create_folder, run_id=scheduled__2023-10-16T00:00:00+00:00, execution_date=20231016T000000, start_date=20250808T023457, end_date=20250808T023457
[2025-08-08T02:34:57.913+0000] {standard_task_runner.py:110} ERROR - Failed to execute job 244 for task create_folder (Bash command failed. The command returned a non-zero exit code 2.; 507)
[2025-08-08T02:34:57.956+0000] {local_task_job_runner.py:240} INFO - Task exited with return code 1
[2025-08-08T02:34:57.966+0000] {local_task_job_runner.py:222} INFO - ::endgroup::
[2025-08-08T02:39:30.239+0000] {local_task_job_runner.py:120} INFO - ::group::Pre task execution logs
[2025-08-08T02:39:30.263+0000] {taskinstance.py:2076} INFO - Dependencies all met for dep_context=non-requeueable deps ti=<TaskInstance: climate_data.create_folder scheduled__2023-10-16T00:00:00+00:00 [queued]>
[2025-08-08T02:39:30.271+0000] {taskinstance.py:2076} INFO - Dependencies all met for dep_context=requeueable deps ti=<TaskInstance: climate_data.create_folder scheduled__2023-10-16T00:00:00+00:00 [queued]>
[2025-08-08T02:39:30.273+0000] {taskinstance.py:2306} INFO - Starting attempt 1 of 1
[2025-08-08T02:39:30.288+0000] {taskinstance.py:2330} INFO - Executing <Task(BashOperator): create_folder> on 2023-10-16 00:00:00+00:00
[2025-08-08T02:39:30.293+0000] {standard_task_runner.py:63} INFO - Started process 1441 to run task
[2025-08-08T02:39:30.297+0000] {standard_task_runner.py:90} INFO - Running: ['***', 'tasks', 'run', 'climate_data', 'create_folder', 'scheduled__2023-10-16T00:00:00+00:00', '--job-id', '454', '--raw', '--subdir', 'DAGS_FOLDER/climate_data.py', '--cfg-path', '/tmp/tmpx0007xeb']
[2025-08-08T02:39:30.299+0000] {standard_task_runner.py:91} INFO - Job 454: Subtask create_folder
[2025-08-08T02:39:30.318+0000] {logging_mixin.py:188} WARNING - /home/***/.local/lib/python3.9/site-packages/***/settings.py:195 DeprecationWarning: The sql_alchemy_conn option in [core] has been moved to the sql_alchemy_conn option in [database] - the old setting has been used, but please update your config.
[2025-08-08T02:39:30.372+0000] {task_command.py:426} INFO - Running <TaskInstance: climate_data.create_folder scheduled__2023-10-16T00:00:00+00:00 [running]> on host 1a6f5acf67f4
[2025-08-08T02:39:30.458+0000] {taskinstance.py:2648} INFO - Exporting env vars: AIRFLOW_CTX_DAG_OWNER='***' AIRFLOW_CTX_DAG_ID='climate_data' AIRFLOW_CTX_TASK_ID='create_folder' AIRFLOW_CTX_EXECUTION_DATE='2023-10-16T00:00:00+00:00' AIRFLOW_CTX_TRY_NUMBER='1' AIRFLOW_CTX_DAG_RUN_ID='scheduled__2023-10-16T00:00:00+00:00'
[2025-08-08T02:39:30.459+0000] {taskinstance.py:430} INFO - ::endgroup::
[2025-08-08T02:39:30.472+0000] {subprocess.py:63} INFO - Tmp dir root location: /tmp
[2025-08-08T02:39:30.473+0000] {subprocess.py:75} INFO - Running command: ['/usr/bin/bash', '-c', 'mkdir -p /home/***/host_documents/week2023-10-23']
[2025-08-08T02:39:30.483+0000] {subprocess.py:86} INFO - Output:
[2025-08-08T02:39:30.487+0000] {subprocess.py:97} INFO - Command exited with return code 0
[2025-08-08T02:39:30.488+0000] {taskinstance.py:441} INFO - ::group::Post task execution logs
[2025-08-08T02:39:30.508+0000] {taskinstance.py:1206} INFO - Marking task as SUCCESS. dag_id=climate_data, task_id=create_folder, run_id=scheduled__2023-10-16T00:00:00+00:00, execution_date=20231016T000000, start_date=20250808T023930, end_date=20250808T023930
[2025-08-08T02:39:30.550+0000] {local_task_job_runner.py:240} INFO - Task exited with return code 0
[2025-08-08T02:39:30.567+0000] {taskinstance.py:3498} INFO - 1 downstream tasks scheduled from follow-on schedule check
[2025-08-08T02:39:30.570+0000] {local_task_job_runner.py:222} INFO - ::endgroup::
[2025-08-08T02:42:28.862+0000] {local_task_job_runner.py:120} INFO - ::group::Pre task execution logs
[2025-08-08T02:42:28.883+0000] {taskinstance.py:2076} INFO - Dependencies all met for dep_context=non-requeueable deps ti=<TaskInstance: climate_data.create_folder scheduled__2023-10-16T00:00:00+00:00 [queued]>
[2025-08-08T02:42:28.893+0000] {taskinstance.py:2076} INFO - Dependencies all met for dep_context=requeueable deps ti=<TaskInstance: climate_data.create_folder scheduled__2023-10-16T00:00:00+00:00 [queued]>
[2025-08-08T02:42:28.894+0000] {taskinstance.py:2306} INFO - Starting attempt 1 of 1
[2025-08-08T02:42:28.905+0000] {taskinstance.py:2330} INFO - Executing <Task(BashOperator): create_folder> on 2023-10-16 00:00:00+00:00
[2025-08-08T02:42:28.909+0000] {standard_task_runner.py:63} INFO - Started process 2613 to run task
[2025-08-08T02:42:28.912+0000] {standard_task_runner.py:90} INFO - Running: ['***', 'tasks', 'run', 'climate_data', 'create_folder', 'scheduled__2023-10-16T00:00:00+00:00', '--job-id', '762', '--raw', '--subdir', 'DAGS_FOLDER/climate_data.py', '--cfg-path', '/tmp/tmpwr35g1yb']
[2025-08-08T02:42:28.914+0000] {standard_task_runner.py:91} INFO - Job 762: Subtask create_folder
[2025-08-08T02:42:28.930+0000] {logging_mixin.py:188} WARNING - /home/***/.local/lib/python3.9/site-packages/***/settings.py:195 DeprecationWarning: The sql_alchemy_conn option in [core] has been moved to the sql_alchemy_conn option in [database] - the old setting has been used, but please update your config.
[2025-08-08T02:42:28.983+0000] {task_command.py:426} INFO - Running <TaskInstance: climate_data.create_folder scheduled__2023-10-16T00:00:00+00:00 [running]> on host 1a6f5acf67f4
[2025-08-08T02:42:29.075+0000] {taskinstance.py:2648} INFO - Exporting env vars: AIRFLOW_CTX_DAG_OWNER='***' AIRFLOW_CTX_DAG_ID='climate_data' AIRFLOW_CTX_TASK_ID='create_folder' AIRFLOW_CTX_EXECUTION_DATE='2023-10-16T00:00:00+00:00' AIRFLOW_CTX_TRY_NUMBER='1' AIRFLOW_CTX_DAG_RUN_ID='scheduled__2023-10-16T00:00:00+00:00'
[2025-08-08T02:42:29.076+0000] {taskinstance.py:430} INFO - ::endgroup::
[2025-08-08T02:42:29.086+0000] {subprocess.py:63} INFO - Tmp dir root location: /tmp
[2025-08-08T02:42:29.087+0000] {subprocess.py:75} INFO - Running command: ['/usr/bin/bash', '-c', 'mkdir -p "/home/***/host_documents/week2023-10-23"']
[2025-08-08T02:42:29.098+0000] {subprocess.py:86} INFO - Output:
[2025-08-08T02:42:29.101+0000] {subprocess.py:97} INFO - Command exited with return code 0
[2025-08-08T02:42:29.102+0000] {taskinstance.py:441} INFO - ::group::Post task execution logs
[2025-08-08T02:42:29.125+0000] {taskinstance.py:1206} INFO - Marking task as SUCCESS. dag_id=climate_data, task_id=create_folder, run_id=scheduled__2023-10-16T00:00:00+00:00, execution_date=20231016T000000, start_date=20250808T024228, end_date=20250808T024229
[2025-08-08T02:42:29.205+0000] {local_task_job_runner.py:240} INFO - Task exited with return code 0
[2025-08-08T02:42:29.225+0000] {taskinstance.py:3498} INFO - 1 downstream tasks scheduled from follow-on schedule check
[2025-08-08T02:42:29.226+0000] {local_task_job_runner.py:222} INFO - ::endgroup::
