[2025-08-08T02:26:55.509+0000] {local_task_job_runner.py:120} INFO - ::group::Pre task execution logs
[2025-08-08T02:26:55.532+0000] {taskinstance.py:2076} INFO - Dependencies all met for dep_context=non-requeueable deps ti=<TaskInstance: climate_data.create_folder scheduled__2024-11-11T00:00:00+00:00 [queued]>
[2025-08-08T02:26:55.540+0000] {taskinstance.py:2076} INFO - Dependencies all met for dep_context=requeueable deps ti=<TaskInstance: climate_data.create_folder scheduled__2024-11-11T00:00:00+00:00 [queued]>
[2025-08-08T02:26:55.540+0000] {taskinstance.py:2306} INFO - Starting attempt 1 of 1
[2025-08-08T02:26:55.554+0000] {taskinstance.py:2330} INFO - Executing <Task(BashOperator): create_folder> on 2024-11-11 00:00:00+00:00
[2025-08-08T02:26:55.559+0000] {standard_task_runner.py:63} INFO - Started process 700 to run task
[2025-08-08T02:26:55.562+0000] {standard_task_runner.py:90} INFO - Running: ['***', 'tasks', 'run', 'climate_data', 'create_folder', 'scheduled__2024-11-11T00:00:00+00:00', '--job-id', '145', '--raw', '--subdir', 'DAGS_FOLDER/climate_data.py', '--cfg-path', '/tmp/tmpheyegnru']
[2025-08-08T02:26:55.564+0000] {standard_task_runner.py:91} INFO - Job 145: Subtask create_folder
[2025-08-08T02:26:55.576+0000] {logging_mixin.py:188} WARNING - /home/***/.local/lib/python3.9/site-packages/***/settings.py:195 DeprecationWarning: The sql_alchemy_conn option in [core] has been moved to the sql_alchemy_conn option in [database] - the old setting has been used, but please update your config.
[2025-08-08T02:26:55.616+0000] {task_command.py:426} INFO - Running <TaskInstance: climate_data.create_folder scheduled__2024-11-11T00:00:00+00:00 [running]> on host 3ceab82043f1
[2025-08-08T02:26:55.682+0000] {taskinstance.py:2648} INFO - Exporting env vars: AIRFLOW_CTX_DAG_OWNER='***' AIRFLOW_CTX_DAG_ID='climate_data' AIRFLOW_CTX_TASK_ID='create_folder' AIRFLOW_CTX_EXECUTION_DATE='2024-11-11T00:00:00+00:00' AIRFLOW_CTX_TRY_NUMBER='1' AIRFLOW_CTX_DAG_RUN_ID='scheduled__2024-11-11T00:00:00+00:00'
[2025-08-08T02:26:55.684+0000] {taskinstance.py:430} INFO - ::endgroup::
[2025-08-08T02:26:55.692+0000] {subprocess.py:63} INFO - Tmp dir root location: /tmp
[2025-08-08T02:26:55.693+0000] {subprocess.py:75} INFO - Running command: ['/usr/bin/bash', '-c', 'mkdir -p /home/***/host_documents/week2024-11-18"']
[2025-08-08T02:26:55.700+0000] {subprocess.py:86} INFO - Output:
[2025-08-08T02:26:55.701+0000] {subprocess.py:93} INFO - /usr/bin/bash: -c: line 1: unexpected EOF while looking for matching `"'
[2025-08-08T02:26:55.701+0000] {subprocess.py:97} INFO - Command exited with return code 2
[2025-08-08T02:26:55.702+0000] {taskinstance.py:441} INFO - ::group::Post task execution logs
[2025-08-08T02:26:55.709+0000] {taskinstance.py:2905} ERROR - Task failed with exception
Traceback (most recent call last):
  File "/home/airflow/.local/lib/python3.9/site-packages/airflow/models/taskinstance.py", line 465, in _execute_task
    result = _execute_callable(context=context, **execute_callable_kwargs)
  File "/home/airflow/.local/lib/python3.9/site-packages/airflow/models/taskinstance.py", line 432, in _execute_callable
    return execute_callable(context=context, **execute_callable_kwargs)
  File "/home/airflow/.local/lib/python3.9/site-packages/airflow/models/baseoperator.py", line 400, in wrapper
    return func(self, *args, **kwargs)
  File "/home/airflow/.local/lib/python3.9/site-packages/airflow/operators/bash.py", line 243, in execute
    raise AirflowException(
airflow.exceptions.AirflowException: Bash command failed. The command returned a non-zero exit code 2.
[2025-08-08T02:26:55.712+0000] {taskinstance.py:1206} INFO - Marking task as FAILED. dag_id=climate_data, task_id=create_folder, run_id=scheduled__2024-11-11T00:00:00+00:00, execution_date=20241111T000000, start_date=20250808T022655, end_date=20250808T022655
[2025-08-08T02:26:55.720+0000] {standard_task_runner.py:110} ERROR - Failed to execute job 145 for task create_folder (Bash command failed. The command returned a non-zero exit code 2.; 700)
[2025-08-08T02:26:55.734+0000] {local_task_job_runner.py:240} INFO - Task exited with return code 1
[2025-08-08T02:26:55.750+0000] {taskinstance.py:3498} INFO - 0 downstream tasks scheduled from follow-on schedule check
[2025-08-08T02:26:55.753+0000] {local_task_job_runner.py:222} INFO - ::endgroup::
[2025-08-08T02:35:14.996+0000] {local_task_job_runner.py:120} INFO - ::group::Pre task execution logs
[2025-08-08T02:35:15.020+0000] {taskinstance.py:2076} INFO - Dependencies all met for dep_context=non-requeueable deps ti=<TaskInstance: climate_data.create_folder scheduled__2024-11-11T00:00:00+00:00 [queued]>
[2025-08-08T02:35:15.027+0000] {taskinstance.py:2076} INFO - Dependencies all met for dep_context=requeueable deps ti=<TaskInstance: climate_data.create_folder scheduled__2024-11-11T00:00:00+00:00 [queued]>
[2025-08-08T02:35:15.028+0000] {taskinstance.py:2306} INFO - Starting attempt 1 of 1
[2025-08-08T02:35:15.050+0000] {taskinstance.py:2330} INFO - Executing <Task(BashOperator): create_folder> on 2024-11-11 00:00:00+00:00
[2025-08-08T02:35:15.055+0000] {standard_task_runner.py:63} INFO - Started process 735 to run task
[2025-08-08T02:35:15.058+0000] {standard_task_runner.py:90} INFO - Running: ['***', 'tasks', 'run', 'climate_data', 'create_folder', 'scheduled__2024-11-11T00:00:00+00:00', '--job-id', '301', '--raw', '--subdir', 'DAGS_FOLDER/climate_data.py', '--cfg-path', '/tmp/tmp1pa4_719']
[2025-08-08T02:35:15.060+0000] {standard_task_runner.py:91} INFO - Job 301: Subtask create_folder
[2025-08-08T02:35:15.074+0000] {logging_mixin.py:188} WARNING - /home/***/.local/lib/python3.9/site-packages/***/settings.py:195 DeprecationWarning: The sql_alchemy_conn option in [core] has been moved to the sql_alchemy_conn option in [database] - the old setting has been used, but please update your config.
[2025-08-08T02:35:15.113+0000] {task_command.py:426} INFO - Running <TaskInstance: climate_data.create_folder scheduled__2024-11-11T00:00:00+00:00 [running]> on host 1a6f5acf67f4
[2025-08-08T02:35:15.173+0000] {taskinstance.py:2648} INFO - Exporting env vars: AIRFLOW_CTX_DAG_OWNER='***' AIRFLOW_CTX_DAG_ID='climate_data' AIRFLOW_CTX_TASK_ID='create_folder' AIRFLOW_CTX_EXECUTION_DATE='2024-11-11T00:00:00+00:00' AIRFLOW_CTX_TRY_NUMBER='1' AIRFLOW_CTX_DAG_RUN_ID='scheduled__2024-11-11T00:00:00+00:00'
[2025-08-08T02:35:15.175+0000] {taskinstance.py:430} INFO - ::endgroup::
[2025-08-08T02:35:15.182+0000] {subprocess.py:63} INFO - Tmp dir root location: /tmp
[2025-08-08T02:35:15.183+0000] {subprocess.py:75} INFO - Running command: ['/usr/bin/bash', '-c', 'mkdir -p /home/***/host_documents/week2024-11-18"']
[2025-08-08T02:35:15.190+0000] {subprocess.py:86} INFO - Output:
[2025-08-08T02:35:15.191+0000] {subprocess.py:93} INFO - /usr/bin/bash: -c: line 1: unexpected EOF while looking for matching `"'
[2025-08-08T02:35:15.192+0000] {subprocess.py:97} INFO - Command exited with return code 2
[2025-08-08T02:35:15.192+0000] {taskinstance.py:441} INFO - ::group::Post task execution logs
[2025-08-08T02:35:15.199+0000] {taskinstance.py:2905} ERROR - Task failed with exception
Traceback (most recent call last):
  File "/home/airflow/.local/lib/python3.9/site-packages/airflow/models/taskinstance.py", line 465, in _execute_task
    result = _execute_callable(context=context, **execute_callable_kwargs)
  File "/home/airflow/.local/lib/python3.9/site-packages/airflow/models/taskinstance.py", line 432, in _execute_callable
    return execute_callable(context=context, **execute_callable_kwargs)
  File "/home/airflow/.local/lib/python3.9/site-packages/airflow/models/baseoperator.py", line 400, in wrapper
    return func(self, *args, **kwargs)
  File "/home/airflow/.local/lib/python3.9/site-packages/airflow/operators/bash.py", line 243, in execute
    raise AirflowException(
airflow.exceptions.AirflowException: Bash command failed. The command returned a non-zero exit code 2.
[2025-08-08T02:35:15.201+0000] {taskinstance.py:1206} INFO - Marking task as FAILED. dag_id=climate_data, task_id=create_folder, run_id=scheduled__2024-11-11T00:00:00+00:00, execution_date=20241111T000000, start_date=20250808T023515, end_date=20250808T023515
[2025-08-08T02:35:15.209+0000] {standard_task_runner.py:110} ERROR - Failed to execute job 301 for task create_folder (Bash command failed. The command returned a non-zero exit code 2.; 735)
[2025-08-08T02:35:15.230+0000] {local_task_job_runner.py:240} INFO - Task exited with return code 1
[2025-08-08T02:35:15.244+0000] {taskinstance.py:3498} INFO - 0 downstream tasks scheduled from follow-on schedule check
[2025-08-08T02:35:15.248+0000] {local_task_job_runner.py:222} INFO - ::endgroup::
[2025-08-08T02:39:50.726+0000] {local_task_job_runner.py:120} INFO - ::group::Pre task execution logs
[2025-08-08T02:39:50.746+0000] {taskinstance.py:2076} INFO - Dependencies all met for dep_context=non-requeueable deps ti=<TaskInstance: climate_data.create_folder scheduled__2024-11-11T00:00:00+00:00 [queued]>
[2025-08-08T02:39:50.753+0000] {taskinstance.py:2076} INFO - Dependencies all met for dep_context=requeueable deps ti=<TaskInstance: climate_data.create_folder scheduled__2024-11-11T00:00:00+00:00 [queued]>
[2025-08-08T02:39:50.754+0000] {taskinstance.py:2306} INFO - Starting attempt 1 of 1
[2025-08-08T02:39:50.777+0000] {taskinstance.py:2330} INFO - Executing <Task(BashOperator): create_folder> on 2024-11-11 00:00:00+00:00
[2025-08-08T02:39:50.781+0000] {standard_task_runner.py:63} INFO - Started process 1848 to run task
[2025-08-08T02:39:50.785+0000] {standard_task_runner.py:90} INFO - Running: ['***', 'tasks', 'run', 'climate_data', 'create_folder', 'scheduled__2024-11-11T00:00:00+00:00', '--job-id', '570', '--raw', '--subdir', 'DAGS_FOLDER/climate_data.py', '--cfg-path', '/tmp/tmprrbhxooq']
[2025-08-08T02:39:50.786+0000] {standard_task_runner.py:91} INFO - Job 570: Subtask create_folder
[2025-08-08T02:39:50.798+0000] {logging_mixin.py:188} WARNING - /home/***/.local/lib/python3.9/site-packages/***/settings.py:195 DeprecationWarning: The sql_alchemy_conn option in [core] has been moved to the sql_alchemy_conn option in [database] - the old setting has been used, but please update your config.
[2025-08-08T02:39:50.842+0000] {task_command.py:426} INFO - Running <TaskInstance: climate_data.create_folder scheduled__2024-11-11T00:00:00+00:00 [running]> on host 1a6f5acf67f4
[2025-08-08T02:39:50.907+0000] {taskinstance.py:2648} INFO - Exporting env vars: AIRFLOW_CTX_DAG_OWNER='***' AIRFLOW_CTX_DAG_ID='climate_data' AIRFLOW_CTX_TASK_ID='create_folder' AIRFLOW_CTX_EXECUTION_DATE='2024-11-11T00:00:00+00:00' AIRFLOW_CTX_TRY_NUMBER='1' AIRFLOW_CTX_DAG_RUN_ID='scheduled__2024-11-11T00:00:00+00:00'
[2025-08-08T02:39:50.908+0000] {taskinstance.py:430} INFO - ::endgroup::
[2025-08-08T02:39:50.916+0000] {subprocess.py:63} INFO - Tmp dir root location: /tmp
[2025-08-08T02:39:50.917+0000] {subprocess.py:75} INFO - Running command: ['/usr/bin/bash', '-c', 'mkdir -p /home/***/host_documents/week2024-11-18']
[2025-08-08T02:39:50.925+0000] {subprocess.py:86} INFO - Output:
[2025-08-08T02:39:50.929+0000] {subprocess.py:97} INFO - Command exited with return code 0
[2025-08-08T02:39:50.929+0000] {taskinstance.py:441} INFO - ::group::Post task execution logs
[2025-08-08T02:39:50.949+0000] {taskinstance.py:1206} INFO - Marking task as SUCCESS. dag_id=climate_data, task_id=create_folder, run_id=scheduled__2024-11-11T00:00:00+00:00, execution_date=20241111T000000, start_date=20250808T023950, end_date=20250808T023950
[2025-08-08T02:39:50.996+0000] {local_task_job_runner.py:240} INFO - Task exited with return code 0
[2025-08-08T02:39:51.013+0000] {taskinstance.py:3498} INFO - 1 downstream tasks scheduled from follow-on schedule check
[2025-08-08T02:39:51.020+0000] {local_task_job_runner.py:222} INFO - ::endgroup::
[2025-08-08T02:42:50.478+0000] {local_task_job_runner.py:120} INFO - ::group::Pre task execution logs
[2025-08-08T02:42:50.499+0000] {taskinstance.py:2076} INFO - Dependencies all met for dep_context=non-requeueable deps ti=<TaskInstance: climate_data.create_folder scheduled__2024-11-11T00:00:00+00:00 [queued]>
[2025-08-08T02:42:50.506+0000] {taskinstance.py:2076} INFO - Dependencies all met for dep_context=requeueable deps ti=<TaskInstance: climate_data.create_folder scheduled__2024-11-11T00:00:00+00:00 [queued]>
[2025-08-08T02:42:50.508+0000] {taskinstance.py:2306} INFO - Starting attempt 1 of 1
[2025-08-08T02:42:50.568+0000] {taskinstance.py:2330} INFO - Executing <Task(BashOperator): create_folder> on 2024-11-11 00:00:00+00:00
[2025-08-08T02:42:50.573+0000] {standard_task_runner.py:63} INFO - Started process 3017 to run task
[2025-08-08T02:42:50.576+0000] {standard_task_runner.py:90} INFO - Running: ['***', 'tasks', 'run', 'climate_data', 'create_folder', 'scheduled__2024-11-11T00:00:00+00:00', '--job-id', '876', '--raw', '--subdir', 'DAGS_FOLDER/climate_data.py', '--cfg-path', '/tmp/tmpeb2f1dta']
[2025-08-08T02:42:50.577+0000] {standard_task_runner.py:91} INFO - Job 876: Subtask create_folder
[2025-08-08T02:42:50.593+0000] {logging_mixin.py:188} WARNING - /home/***/.local/lib/python3.9/site-packages/***/settings.py:195 DeprecationWarning: The sql_alchemy_conn option in [core] has been moved to the sql_alchemy_conn option in [database] - the old setting has been used, but please update your config.
[2025-08-08T02:42:50.638+0000] {task_command.py:426} INFO - Running <TaskInstance: climate_data.create_folder scheduled__2024-11-11T00:00:00+00:00 [running]> on host 1a6f5acf67f4
[2025-08-08T02:42:50.710+0000] {taskinstance.py:2648} INFO - Exporting env vars: AIRFLOW_CTX_DAG_OWNER='***' AIRFLOW_CTX_DAG_ID='climate_data' AIRFLOW_CTX_TASK_ID='create_folder' AIRFLOW_CTX_EXECUTION_DATE='2024-11-11T00:00:00+00:00' AIRFLOW_CTX_TRY_NUMBER='1' AIRFLOW_CTX_DAG_RUN_ID='scheduled__2024-11-11T00:00:00+00:00'
[2025-08-08T02:42:50.711+0000] {taskinstance.py:430} INFO - ::endgroup::
[2025-08-08T02:42:50.722+0000] {subprocess.py:63} INFO - Tmp dir root location: /tmp
[2025-08-08T02:42:50.723+0000] {subprocess.py:75} INFO - Running command: ['/usr/bin/bash', '-c', 'mkdir -p "/home/***/host_documents/week2024-11-18"']
[2025-08-08T02:42:50.735+0000] {subprocess.py:86} INFO - Output:
[2025-08-08T02:42:50.739+0000] {subprocess.py:97} INFO - Command exited with return code 0
[2025-08-08T02:42:50.740+0000] {taskinstance.py:441} INFO - ::group::Post task execution logs
[2025-08-08T02:42:50.763+0000] {taskinstance.py:1206} INFO - Marking task as SUCCESS. dag_id=climate_data, task_id=create_folder, run_id=scheduled__2024-11-11T00:00:00+00:00, execution_date=20241111T000000, start_date=20250808T024250, end_date=20250808T024250
[2025-08-08T02:42:50.828+0000] {local_task_job_runner.py:240} INFO - Task exited with return code 0
[2025-08-08T02:42:50.846+0000] {taskinstance.py:3498} INFO - 1 downstream tasks scheduled from follow-on schedule check
[2025-08-08T02:42:50.849+0000] {local_task_job_runner.py:222} INFO - ::endgroup::
