[2025-08-08T02:26:58.967+0000] {local_task_job_runner.py:120} INFO - ::group::Pre task execution logs
[2025-08-08T02:26:58.987+0000] {taskinstance.py:2076} INFO - Dependencies all met for dep_context=non-requeueable deps ti=<TaskInstance: climate_data.create_folder scheduled__2025-01-27T00:00:00+00:00 [queued]>
[2025-08-08T02:26:58.994+0000] {taskinstance.py:2076} INFO - Dependencies all met for dep_context=requeueable deps ti=<TaskInstance: climate_data.create_folder scheduled__2025-01-27T00:00:00+00:00 [queued]>
[2025-08-08T02:26:58.994+0000] {taskinstance.py:2306} INFO - Starting attempt 1 of 1
[2025-08-08T02:26:59.006+0000] {taskinstance.py:2330} INFO - Executing <Task(BashOperator): create_folder> on 2025-01-27 00:00:00+00:00
[2025-08-08T02:26:59.013+0000] {standard_task_runner.py:63} INFO - Started process 742 to run task
[2025-08-08T02:26:59.017+0000] {standard_task_runner.py:90} INFO - Running: ['***', 'tasks', 'run', 'climate_data', 'create_folder', 'scheduled__2025-01-27T00:00:00+00:00', '--job-id', '156', '--raw', '--subdir', 'DAGS_FOLDER/climate_data.py', '--cfg-path', '/tmp/tmp1najert3']
[2025-08-08T02:26:59.018+0000] {standard_task_runner.py:91} INFO - Job 156: Subtask create_folder
[2025-08-08T02:26:59.030+0000] {logging_mixin.py:188} WARNING - /home/***/.local/lib/python3.9/site-packages/***/settings.py:195 DeprecationWarning: The sql_alchemy_conn option in [core] has been moved to the sql_alchemy_conn option in [database] - the old setting has been used, but please update your config.
[2025-08-08T02:26:59.068+0000] {task_command.py:426} INFO - Running <TaskInstance: climate_data.create_folder scheduled__2025-01-27T00:00:00+00:00 [running]> on host 3ceab82043f1
[2025-08-08T02:26:59.126+0000] {taskinstance.py:2648} INFO - Exporting env vars: AIRFLOW_CTX_DAG_OWNER='***' AIRFLOW_CTX_DAG_ID='climate_data' AIRFLOW_CTX_TASK_ID='create_folder' AIRFLOW_CTX_EXECUTION_DATE='2025-01-27T00:00:00+00:00' AIRFLOW_CTX_TRY_NUMBER='1' AIRFLOW_CTX_DAG_RUN_ID='scheduled__2025-01-27T00:00:00+00:00'
[2025-08-08T02:26:59.127+0000] {taskinstance.py:430} INFO - ::endgroup::
[2025-08-08T02:26:59.135+0000] {subprocess.py:63} INFO - Tmp dir root location: /tmp
[2025-08-08T02:26:59.136+0000] {subprocess.py:75} INFO - Running command: ['/usr/bin/bash', '-c', 'mkdir -p /home/***/host_documents/week2025-02-03"']
[2025-08-08T02:26:59.143+0000] {subprocess.py:86} INFO - Output:
[2025-08-08T02:26:59.144+0000] {subprocess.py:93} INFO - /usr/bin/bash: -c: line 1: unexpected EOF while looking for matching `"'
[2025-08-08T02:26:59.144+0000] {subprocess.py:97} INFO - Command exited with return code 2
[2025-08-08T02:26:59.145+0000] {taskinstance.py:441} INFO - ::group::Post task execution logs
[2025-08-08T02:26:59.152+0000] {taskinstance.py:2905} ERROR - Task failed with exception
Traceback (most recent call last):
  File "/home/airflow/.local/lib/python3.9/site-packages/airflow/models/taskinstance.py", line 465, in _execute_task
    result = _execute_callable(context=context, **execute_callable_kwargs)
  File "/home/airflow/.local/lib/python3.9/site-packages/airflow/models/taskinstance.py", line 432, in _execute_callable
    return execute_callable(context=context, **execute_callable_kwargs)
  File "/home/airflow/.local/lib/python3.9/site-packages/airflow/models/baseoperator.py", line 400, in wrapper
    return func(self, *args, **kwargs)
  File "/home/airflow/.local/lib/python3.9/site-packages/airflow/operators/bash.py", line 243, in execute
    raise AirflowException(
airflow.exceptions.AirflowException: Bash command failed. The command returned a non-zero exit code 2.
[2025-08-08T02:26:59.154+0000] {taskinstance.py:1206} INFO - Marking task as FAILED. dag_id=climate_data, task_id=create_folder, run_id=scheduled__2025-01-27T00:00:00+00:00, execution_date=20250127T000000, start_date=20250808T022658, end_date=20250808T022659
[2025-08-08T02:26:59.162+0000] {standard_task_runner.py:110} ERROR - Failed to execute job 156 for task create_folder (Bash command failed. The command returned a non-zero exit code 2.; 742)
[2025-08-08T02:26:59.188+0000] {local_task_job_runner.py:240} INFO - Task exited with return code 1
[2025-08-08T02:26:59.203+0000] {taskinstance.py:3498} INFO - 0 downstream tasks scheduled from follow-on schedule check
[2025-08-08T02:26:59.206+0000] {local_task_job_runner.py:222} INFO - ::endgroup::
[2025-08-08T02:35:18.988+0000] {local_task_job_runner.py:120} INFO - ::group::Pre task execution logs
[2025-08-08T02:35:19.010+0000] {taskinstance.py:2076} INFO - Dependencies all met for dep_context=non-requeueable deps ti=<TaskInstance: climate_data.create_folder scheduled__2025-01-27T00:00:00+00:00 [queued]>
[2025-08-08T02:35:19.021+0000] {taskinstance.py:2076} INFO - Dependencies all met for dep_context=requeueable deps ti=<TaskInstance: climate_data.create_folder scheduled__2025-01-27T00:00:00+00:00 [queued]>
[2025-08-08T02:35:19.021+0000] {taskinstance.py:2306} INFO - Starting attempt 1 of 1
[2025-08-08T02:35:19.046+0000] {taskinstance.py:2330} INFO - Executing <Task(BashOperator): create_folder> on 2025-01-27 00:00:00+00:00
[2025-08-08T02:35:19.052+0000] {standard_task_runner.py:63} INFO - Started process 779 to run task
[2025-08-08T02:35:19.055+0000] {standard_task_runner.py:90} INFO - Running: ['***', 'tasks', 'run', 'climate_data', 'create_folder', 'scheduled__2025-01-27T00:00:00+00:00', '--job-id', '312', '--raw', '--subdir', 'DAGS_FOLDER/climate_data.py', '--cfg-path', '/tmp/tmpbxxhtotj']
[2025-08-08T02:35:19.057+0000] {standard_task_runner.py:91} INFO - Job 312: Subtask create_folder
[2025-08-08T02:35:19.070+0000] {logging_mixin.py:188} WARNING - /home/***/.local/lib/python3.9/site-packages/***/settings.py:195 DeprecationWarning: The sql_alchemy_conn option in [core] has been moved to the sql_alchemy_conn option in [database] - the old setting has been used, but please update your config.
[2025-08-08T02:35:19.107+0000] {task_command.py:426} INFO - Running <TaskInstance: climate_data.create_folder scheduled__2025-01-27T00:00:00+00:00 [running]> on host 1a6f5acf67f4
[2025-08-08T02:35:19.167+0000] {taskinstance.py:2648} INFO - Exporting env vars: AIRFLOW_CTX_DAG_OWNER='***' AIRFLOW_CTX_DAG_ID='climate_data' AIRFLOW_CTX_TASK_ID='create_folder' AIRFLOW_CTX_EXECUTION_DATE='2025-01-27T00:00:00+00:00' AIRFLOW_CTX_TRY_NUMBER='1' AIRFLOW_CTX_DAG_RUN_ID='scheduled__2025-01-27T00:00:00+00:00'
[2025-08-08T02:35:19.168+0000] {taskinstance.py:430} INFO - ::endgroup::
[2025-08-08T02:35:19.176+0000] {subprocess.py:63} INFO - Tmp dir root location: /tmp
[2025-08-08T02:35:19.177+0000] {subprocess.py:75} INFO - Running command: ['/usr/bin/bash', '-c', 'mkdir -p /home/***/host_documents/week2025-02-03"']
[2025-08-08T02:35:19.186+0000] {subprocess.py:86} INFO - Output:
[2025-08-08T02:35:19.187+0000] {subprocess.py:93} INFO - /usr/bin/bash: -c: line 1: unexpected EOF while looking for matching `"'
[2025-08-08T02:35:19.187+0000] {subprocess.py:97} INFO - Command exited with return code 2
[2025-08-08T02:35:19.188+0000] {taskinstance.py:441} INFO - ::group::Post task execution logs
[2025-08-08T02:35:19.195+0000] {taskinstance.py:2905} ERROR - Task failed with exception
Traceback (most recent call last):
  File "/home/airflow/.local/lib/python3.9/site-packages/airflow/models/taskinstance.py", line 465, in _execute_task
    result = _execute_callable(context=context, **execute_callable_kwargs)
  File "/home/airflow/.local/lib/python3.9/site-packages/airflow/models/taskinstance.py", line 432, in _execute_callable
    return execute_callable(context=context, **execute_callable_kwargs)
  File "/home/airflow/.local/lib/python3.9/site-packages/airflow/models/baseoperator.py", line 400, in wrapper
    return func(self, *args, **kwargs)
  File "/home/airflow/.local/lib/python3.9/site-packages/airflow/operators/bash.py", line 243, in execute
    raise AirflowException(
airflow.exceptions.AirflowException: Bash command failed. The command returned a non-zero exit code 2.
[2025-08-08T02:35:19.197+0000] {taskinstance.py:1206} INFO - Marking task as FAILED. dag_id=climate_data, task_id=create_folder, run_id=scheduled__2025-01-27T00:00:00+00:00, execution_date=20250127T000000, start_date=20250808T023519, end_date=20250808T023519
[2025-08-08T02:35:19.205+0000] {standard_task_runner.py:110} ERROR - Failed to execute job 312 for task create_folder (Bash command failed. The command returned a non-zero exit code 2.; 779)
[2025-08-08T02:35:19.227+0000] {local_task_job_runner.py:240} INFO - Task exited with return code 1
[2025-08-08T02:35:19.241+0000] {taskinstance.py:3498} INFO - 0 downstream tasks scheduled from follow-on schedule check
[2025-08-08T02:35:19.244+0000] {local_task_job_runner.py:222} INFO - ::endgroup::
[2025-08-08T02:39:51.891+0000] {local_task_job_runner.py:120} INFO - ::group::Pre task execution logs
[2025-08-08T02:39:51.917+0000] {taskinstance.py:2076} INFO - Dependencies all met for dep_context=non-requeueable deps ti=<TaskInstance: climate_data.create_folder scheduled__2025-01-27T00:00:00+00:00 [queued]>
[2025-08-08T02:39:51.925+0000] {taskinstance.py:2076} INFO - Dependencies all met for dep_context=requeueable deps ti=<TaskInstance: climate_data.create_folder scheduled__2025-01-27T00:00:00+00:00 [queued]>
[2025-08-08T02:39:51.926+0000] {taskinstance.py:2306} INFO - Starting attempt 1 of 1
[2025-08-08T02:39:51.937+0000] {taskinstance.py:2330} INFO - Executing <Task(BashOperator): create_folder> on 2025-01-27 00:00:00+00:00
[2025-08-08T02:39:51.941+0000] {standard_task_runner.py:63} INFO - Started process 1916 to run task
[2025-08-08T02:39:51.944+0000] {standard_task_runner.py:90} INFO - Running: ['***', 'tasks', 'run', 'climate_data', 'create_folder', 'scheduled__2025-01-27T00:00:00+00:00', '--job-id', '587', '--raw', '--subdir', 'DAGS_FOLDER/climate_data.py', '--cfg-path', '/tmp/tmp22d61wr5']
[2025-08-08T02:39:51.946+0000] {standard_task_runner.py:91} INFO - Job 587: Subtask create_folder
[2025-08-08T02:39:51.962+0000] {logging_mixin.py:188} WARNING - /home/***/.local/lib/python3.9/site-packages/***/settings.py:195 DeprecationWarning: The sql_alchemy_conn option in [core] has been moved to the sql_alchemy_conn option in [database] - the old setting has been used, but please update your config.
[2025-08-08T02:39:52.009+0000] {task_command.py:426} INFO - Running <TaskInstance: climate_data.create_folder scheduled__2025-01-27T00:00:00+00:00 [running]> on host 1a6f5acf67f4
[2025-08-08T02:39:52.077+0000] {taskinstance.py:2648} INFO - Exporting env vars: AIRFLOW_CTX_DAG_OWNER='***' AIRFLOW_CTX_DAG_ID='climate_data' AIRFLOW_CTX_TASK_ID='create_folder' AIRFLOW_CTX_EXECUTION_DATE='2025-01-27T00:00:00+00:00' AIRFLOW_CTX_TRY_NUMBER='1' AIRFLOW_CTX_DAG_RUN_ID='scheduled__2025-01-27T00:00:00+00:00'
[2025-08-08T02:39:52.079+0000] {taskinstance.py:430} INFO - ::endgroup::
[2025-08-08T02:39:52.087+0000] {subprocess.py:63} INFO - Tmp dir root location: /tmp
[2025-08-08T02:39:52.088+0000] {subprocess.py:75} INFO - Running command: ['/usr/bin/bash', '-c', 'mkdir -p /home/***/host_documents/week2025-02-03']
[2025-08-08T02:39:52.097+0000] {subprocess.py:86} INFO - Output:
[2025-08-08T02:39:52.101+0000] {subprocess.py:97} INFO - Command exited with return code 0
[2025-08-08T02:39:52.102+0000] {taskinstance.py:441} INFO - ::group::Post task execution logs
[2025-08-08T02:39:52.125+0000] {taskinstance.py:1206} INFO - Marking task as SUCCESS. dag_id=climate_data, task_id=create_folder, run_id=scheduled__2025-01-27T00:00:00+00:00, execution_date=20250127T000000, start_date=20250808T023951, end_date=20250808T023952
[2025-08-08T02:39:52.197+0000] {local_task_job_runner.py:240} INFO - Task exited with return code 0
[2025-08-08T02:39:52.206+0000] {local_task_job_runner.py:222} INFO - ::endgroup::
[2025-08-08T02:42:51.746+0000] {local_task_job_runner.py:120} INFO - ::group::Pre task execution logs
[2025-08-08T02:42:51.769+0000] {taskinstance.py:2076} INFO - Dependencies all met for dep_context=non-requeueable deps ti=<TaskInstance: climate_data.create_folder scheduled__2025-01-27T00:00:00+00:00 [queued]>
[2025-08-08T02:42:51.779+0000] {taskinstance.py:2076} INFO - Dependencies all met for dep_context=requeueable deps ti=<TaskInstance: climate_data.create_folder scheduled__2025-01-27T00:00:00+00:00 [queued]>
[2025-08-08T02:42:51.779+0000] {taskinstance.py:2306} INFO - Starting attempt 1 of 1
[2025-08-08T02:42:51.793+0000] {taskinstance.py:2330} INFO - Executing <Task(BashOperator): create_folder> on 2025-01-27 00:00:00+00:00
[2025-08-08T02:42:51.802+0000] {standard_task_runner.py:63} INFO - Started process 3089 to run task
[2025-08-08T02:42:51.806+0000] {standard_task_runner.py:90} INFO - Running: ['***', 'tasks', 'run', 'climate_data', 'create_folder', 'scheduled__2025-01-27T00:00:00+00:00', '--job-id', '897', '--raw', '--subdir', 'DAGS_FOLDER/climate_data.py', '--cfg-path', '/tmp/tmpkagr0ojk']
[2025-08-08T02:42:51.808+0000] {standard_task_runner.py:91} INFO - Job 897: Subtask create_folder
[2025-08-08T02:42:51.824+0000] {logging_mixin.py:188} WARNING - /home/***/.local/lib/python3.9/site-packages/***/settings.py:195 DeprecationWarning: The sql_alchemy_conn option in [core] has been moved to the sql_alchemy_conn option in [database] - the old setting has been used, but please update your config.
[2025-08-08T02:42:51.879+0000] {task_command.py:426} INFO - Running <TaskInstance: climate_data.create_folder scheduled__2025-01-27T00:00:00+00:00 [running]> on host 1a6f5acf67f4
[2025-08-08T02:42:51.979+0000] {taskinstance.py:2648} INFO - Exporting env vars: AIRFLOW_CTX_DAG_OWNER='***' AIRFLOW_CTX_DAG_ID='climate_data' AIRFLOW_CTX_TASK_ID='create_folder' AIRFLOW_CTX_EXECUTION_DATE='2025-01-27T00:00:00+00:00' AIRFLOW_CTX_TRY_NUMBER='1' AIRFLOW_CTX_DAG_RUN_ID='scheduled__2025-01-27T00:00:00+00:00'
[2025-08-08T02:42:51.980+0000] {taskinstance.py:430} INFO - ::endgroup::
[2025-08-08T02:42:51.991+0000] {subprocess.py:63} INFO - Tmp dir root location: /tmp
[2025-08-08T02:42:51.992+0000] {subprocess.py:75} INFO - Running command: ['/usr/bin/bash', '-c', 'mkdir -p "/home/***/host_documents/week2025-02-03"']
[2025-08-08T02:42:52.002+0000] {subprocess.py:86} INFO - Output:
[2025-08-08T02:42:52.006+0000] {subprocess.py:97} INFO - Command exited with return code 0
[2025-08-08T02:42:52.007+0000] {taskinstance.py:441} INFO - ::group::Post task execution logs
[2025-08-08T02:42:52.030+0000] {taskinstance.py:1206} INFO - Marking task as SUCCESS. dag_id=climate_data, task_id=create_folder, run_id=scheduled__2025-01-27T00:00:00+00:00, execution_date=20250127T000000, start_date=20250808T024251, end_date=20250808T024252
[2025-08-08T02:42:52.060+0000] {local_task_job_runner.py:240} INFO - Task exited with return code 0
[2025-08-08T02:42:52.070+0000] {local_task_job_runner.py:222} INFO - ::endgroup::
