[2025-08-08T02:26:35.038+0000] {local_task_job_runner.py:120} INFO - ::group::Pre task execution logs
[2025-08-08T02:26:35.060+0000] {taskinstance.py:2076} INFO - Dependencies all met for dep_context=non-requeueable deps ti=<TaskInstance: climate_data.create_folder scheduled__2023-07-03T00:00:00+00:00 [queued]>
[2025-08-08T02:26:35.069+0000] {taskinstance.py:2076} INFO - Dependencies all met for dep_context=requeueable deps ti=<TaskInstance: climate_data.create_folder scheduled__2023-07-03T00:00:00+00:00 [queued]>
[2025-08-08T02:26:35.069+0000] {taskinstance.py:2306} INFO - Starting attempt 1 of 1
[2025-08-08T02:26:35.081+0000] {taskinstance.py:2330} INFO - Executing <Task(BashOperator): create_folder> on 2023-07-03 00:00:00+00:00
[2025-08-08T02:26:35.086+0000] {standard_task_runner.py:63} INFO - Started process 403 to run task
[2025-08-08T02:26:35.090+0000] {standard_task_runner.py:90} INFO - Running: ['***', 'tasks', 'run', 'climate_data', 'create_folder', 'scheduled__2023-07-03T00:00:00+00:00', '--job-id', '74', '--raw', '--subdir', 'DAGS_FOLDER/climate_data.py', '--cfg-path', '/tmp/tmp9b6_l40_']
[2025-08-08T02:26:35.093+0000] {standard_task_runner.py:91} INFO - Job 74: Subtask create_folder
[2025-08-08T02:26:35.110+0000] {logging_mixin.py:188} WARNING - /home/***/.local/lib/python3.9/site-packages/***/settings.py:195 DeprecationWarning: The sql_alchemy_conn option in [core] has been moved to the sql_alchemy_conn option in [database] - the old setting has been used, but please update your config.
[2025-08-08T02:26:35.160+0000] {task_command.py:426} INFO - Running <TaskInstance: climate_data.create_folder scheduled__2023-07-03T00:00:00+00:00 [running]> on host 3ceab82043f1
[2025-08-08T02:26:35.258+0000] {taskinstance.py:2648} INFO - Exporting env vars: AIRFLOW_CTX_DAG_OWNER='***' AIRFLOW_CTX_DAG_ID='climate_data' AIRFLOW_CTX_TASK_ID='create_folder' AIRFLOW_CTX_EXECUTION_DATE='2023-07-03T00:00:00+00:00' AIRFLOW_CTX_TRY_NUMBER='1' AIRFLOW_CTX_DAG_RUN_ID='scheduled__2023-07-03T00:00:00+00:00'
[2025-08-08T02:26:35.259+0000] {taskinstance.py:430} INFO - ::endgroup::
[2025-08-08T02:26:35.270+0000] {subprocess.py:63} INFO - Tmp dir root location: /tmp
[2025-08-08T02:26:35.271+0000] {subprocess.py:75} INFO - Running command: ['/usr/bin/bash', '-c', 'mkdir -p /home/***/host_documents/week2023-07-10"']
[2025-08-08T02:26:35.279+0000] {subprocess.py:86} INFO - Output:
[2025-08-08T02:26:35.281+0000] {subprocess.py:93} INFO - /usr/bin/bash: -c: line 1: unexpected EOF while looking for matching `"'
[2025-08-08T02:26:35.281+0000] {subprocess.py:97} INFO - Command exited with return code 2
[2025-08-08T02:26:35.282+0000] {taskinstance.py:441} INFO - ::group::Post task execution logs
[2025-08-08T02:26:35.296+0000] {taskinstance.py:2905} ERROR - Task failed with exception
Traceback (most recent call last):
  File "/home/airflow/.local/lib/python3.9/site-packages/airflow/models/taskinstance.py", line 465, in _execute_task
    result = _execute_callable(context=context, **execute_callable_kwargs)
  File "/home/airflow/.local/lib/python3.9/site-packages/airflow/models/taskinstance.py", line 432, in _execute_callable
    return execute_callable(context=context, **execute_callable_kwargs)
  File "/home/airflow/.local/lib/python3.9/site-packages/airflow/models/baseoperator.py", line 400, in wrapper
    return func(self, *args, **kwargs)
  File "/home/airflow/.local/lib/python3.9/site-packages/airflow/operators/bash.py", line 243, in execute
    raise AirflowException(
airflow.exceptions.AirflowException: Bash command failed. The command returned a non-zero exit code 2.
[2025-08-08T02:26:35.299+0000] {taskinstance.py:1206} INFO - Marking task as FAILED. dag_id=climate_data, task_id=create_folder, run_id=scheduled__2023-07-03T00:00:00+00:00, execution_date=20230703T000000, start_date=20250808T022635, end_date=20250808T022635
[2025-08-08T02:26:35.310+0000] {standard_task_runner.py:110} ERROR - Failed to execute job 74 for task create_folder (Bash command failed. The command returned a non-zero exit code 2.; 403)
[2025-08-08T02:26:35.345+0000] {local_task_job_runner.py:240} INFO - Task exited with return code 1
[2025-08-08T02:26:35.357+0000] {local_task_job_runner.py:222} INFO - ::endgroup::
[2025-08-08T02:34:52.174+0000] {local_task_job_runner.py:120} INFO - ::group::Pre task execution logs
[2025-08-08T02:34:52.193+0000] {taskinstance.py:2076} INFO - Dependencies all met for dep_context=non-requeueable deps ti=<TaskInstance: climate_data.create_folder scheduled__2023-07-03T00:00:00+00:00 [queued]>
[2025-08-08T02:34:52.200+0000] {taskinstance.py:2076} INFO - Dependencies all met for dep_context=requeueable deps ti=<TaskInstance: climate_data.create_folder scheduled__2023-07-03T00:00:00+00:00 [queued]>
[2025-08-08T02:34:52.201+0000] {taskinstance.py:2306} INFO - Starting attempt 1 of 1
[2025-08-08T02:34:52.226+0000] {taskinstance.py:2330} INFO - Executing <Task(BashOperator): create_folder> on 2023-07-03 00:00:00+00:00
[2025-08-08T02:34:52.230+0000] {standard_task_runner.py:63} INFO - Started process 436 to run task
[2025-08-08T02:34:52.232+0000] {standard_task_runner.py:90} INFO - Running: ['***', 'tasks', 'run', 'climate_data', 'create_folder', 'scheduled__2023-07-03T00:00:00+00:00', '--job-id', '229', '--raw', '--subdir', 'DAGS_FOLDER/climate_data.py', '--cfg-path', '/tmp/tmphqr7jroo']
[2025-08-08T02:34:52.234+0000] {standard_task_runner.py:91} INFO - Job 229: Subtask create_folder
[2025-08-08T02:34:52.245+0000] {logging_mixin.py:188} WARNING - /home/***/.local/lib/python3.9/site-packages/***/settings.py:195 DeprecationWarning: The sql_alchemy_conn option in [core] has been moved to the sql_alchemy_conn option in [database] - the old setting has been used, but please update your config.
[2025-08-08T02:34:52.287+0000] {task_command.py:426} INFO - Running <TaskInstance: climate_data.create_folder scheduled__2023-07-03T00:00:00+00:00 [running]> on host 1a6f5acf67f4
[2025-08-08T02:34:52.353+0000] {taskinstance.py:2648} INFO - Exporting env vars: AIRFLOW_CTX_DAG_OWNER='***' AIRFLOW_CTX_DAG_ID='climate_data' AIRFLOW_CTX_TASK_ID='create_folder' AIRFLOW_CTX_EXECUTION_DATE='2023-07-03T00:00:00+00:00' AIRFLOW_CTX_TRY_NUMBER='1' AIRFLOW_CTX_DAG_RUN_ID='scheduled__2023-07-03T00:00:00+00:00'
[2025-08-08T02:34:52.354+0000] {taskinstance.py:430} INFO - ::endgroup::
[2025-08-08T02:34:52.362+0000] {subprocess.py:63} INFO - Tmp dir root location: /tmp
[2025-08-08T02:34:52.363+0000] {subprocess.py:75} INFO - Running command: ['/usr/bin/bash', '-c', 'mkdir -p /home/***/host_documents/week2023-07-10"']
[2025-08-08T02:34:52.370+0000] {subprocess.py:86} INFO - Output:
[2025-08-08T02:34:52.371+0000] {subprocess.py:93} INFO - /usr/bin/bash: -c: line 1: unexpected EOF while looking for matching `"'
[2025-08-08T02:34:52.372+0000] {subprocess.py:97} INFO - Command exited with return code 2
[2025-08-08T02:34:52.372+0000] {taskinstance.py:441} INFO - ::group::Post task execution logs
[2025-08-08T02:34:52.380+0000] {taskinstance.py:2905} ERROR - Task failed with exception
Traceback (most recent call last):
  File "/home/airflow/.local/lib/python3.9/site-packages/airflow/models/taskinstance.py", line 465, in _execute_task
    result = _execute_callable(context=context, **execute_callable_kwargs)
  File "/home/airflow/.local/lib/python3.9/site-packages/airflow/models/taskinstance.py", line 432, in _execute_callable
    return execute_callable(context=context, **execute_callable_kwargs)
  File "/home/airflow/.local/lib/python3.9/site-packages/airflow/models/baseoperator.py", line 400, in wrapper
    return func(self, *args, **kwargs)
  File "/home/airflow/.local/lib/python3.9/site-packages/airflow/operators/bash.py", line 243, in execute
    raise AirflowException(
airflow.exceptions.AirflowException: Bash command failed. The command returned a non-zero exit code 2.
[2025-08-08T02:34:52.383+0000] {taskinstance.py:1206} INFO - Marking task as FAILED. dag_id=climate_data, task_id=create_folder, run_id=scheduled__2023-07-03T00:00:00+00:00, execution_date=20230703T000000, start_date=20250808T023452, end_date=20250808T023452
[2025-08-08T02:34:52.412+0000] {standard_task_runner.py:110} ERROR - Failed to execute job 229 for task create_folder (Bash command failed. The command returned a non-zero exit code 2.; 436)
[2025-08-08T02:34:52.448+0000] {local_task_job_runner.py:240} INFO - Task exited with return code 1
[2025-08-08T02:34:52.459+0000] {local_task_job_runner.py:222} INFO - ::endgroup::
[2025-08-08T02:39:24.914+0000] {local_task_job_runner.py:120} INFO - ::group::Pre task execution logs
[2025-08-08T02:39:24.937+0000] {taskinstance.py:2076} INFO - Dependencies all met for dep_context=non-requeueable deps ti=<TaskInstance: climate_data.create_folder scheduled__2023-07-03T00:00:00+00:00 [queued]>
[2025-08-08T02:39:24.949+0000] {taskinstance.py:2076} INFO - Dependencies all met for dep_context=requeueable deps ti=<TaskInstance: climate_data.create_folder scheduled__2023-07-03T00:00:00+00:00 [queued]>
[2025-08-08T02:39:24.949+0000] {taskinstance.py:2306} INFO - Starting attempt 1 of 1
[2025-08-08T02:39:24.964+0000] {taskinstance.py:2330} INFO - Executing <Task(BashOperator): create_folder> on 2023-07-03 00:00:00+00:00
[2025-08-08T02:39:24.971+0000] {standard_task_runner.py:63} INFO - Started process 1325 to run task
[2025-08-08T02:39:24.974+0000] {standard_task_runner.py:90} INFO - Running: ['***', 'tasks', 'run', 'climate_data', 'create_folder', 'scheduled__2023-07-03T00:00:00+00:00', '--job-id', '423', '--raw', '--subdir', 'DAGS_FOLDER/climate_data.py', '--cfg-path', '/tmp/tmpo9jmihjx']
[2025-08-08T02:39:24.976+0000] {standard_task_runner.py:91} INFO - Job 423: Subtask create_folder
[2025-08-08T02:39:24.992+0000] {logging_mixin.py:188} WARNING - /home/***/.local/lib/python3.9/site-packages/***/settings.py:195 DeprecationWarning: The sql_alchemy_conn option in [core] has been moved to the sql_alchemy_conn option in [database] - the old setting has been used, but please update your config.
[2025-08-08T02:39:25.042+0000] {task_command.py:426} INFO - Running <TaskInstance: climate_data.create_folder scheduled__2023-07-03T00:00:00+00:00 [running]> on host 1a6f5acf67f4
[2025-08-08T02:39:25.110+0000] {taskinstance.py:2648} INFO - Exporting env vars: AIRFLOW_CTX_DAG_OWNER='***' AIRFLOW_CTX_DAG_ID='climate_data' AIRFLOW_CTX_TASK_ID='create_folder' AIRFLOW_CTX_EXECUTION_DATE='2023-07-03T00:00:00+00:00' AIRFLOW_CTX_TRY_NUMBER='1' AIRFLOW_CTX_DAG_RUN_ID='scheduled__2023-07-03T00:00:00+00:00'
[2025-08-08T02:39:25.111+0000] {taskinstance.py:430} INFO - ::endgroup::
[2025-08-08T02:39:25.120+0000] {subprocess.py:63} INFO - Tmp dir root location: /tmp
[2025-08-08T02:39:25.121+0000] {subprocess.py:75} INFO - Running command: ['/usr/bin/bash', '-c', 'mkdir -p /home/***/host_documents/week2023-07-10']
[2025-08-08T02:39:25.131+0000] {subprocess.py:86} INFO - Output:
[2025-08-08T02:39:25.135+0000] {subprocess.py:97} INFO - Command exited with return code 0
[2025-08-08T02:39:25.136+0000] {taskinstance.py:441} INFO - ::group::Post task execution logs
[2025-08-08T02:39:25.157+0000] {taskinstance.py:1206} INFO - Marking task as SUCCESS. dag_id=climate_data, task_id=create_folder, run_id=scheduled__2023-07-03T00:00:00+00:00, execution_date=20230703T000000, start_date=20250808T023924, end_date=20250808T023925
[2025-08-08T02:39:25.227+0000] {local_task_job_runner.py:240} INFO - Task exited with return code 0
[2025-08-08T02:39:25.235+0000] {local_task_job_runner.py:222} INFO - ::endgroup::
[2025-08-08T02:42:22.751+0000] {local_task_job_runner.py:120} INFO - ::group::Pre task execution logs
[2025-08-08T02:42:22.779+0000] {taskinstance.py:2076} INFO - Dependencies all met for dep_context=non-requeueable deps ti=<TaskInstance: climate_data.create_folder scheduled__2023-07-03T00:00:00+00:00 [queued]>
[2025-08-08T02:42:22.793+0000] {taskinstance.py:2076} INFO - Dependencies all met for dep_context=requeueable deps ti=<TaskInstance: climate_data.create_folder scheduled__2023-07-03T00:00:00+00:00 [queued]>
[2025-08-08T02:42:22.793+0000] {taskinstance.py:2306} INFO - Starting attempt 1 of 1
[2025-08-08T02:42:22.805+0000] {taskinstance.py:2330} INFO - Executing <Task(BashOperator): create_folder> on 2023-07-03 00:00:00+00:00
[2025-08-08T02:42:22.811+0000] {standard_task_runner.py:63} INFO - Started process 2499 to run task
[2025-08-08T02:42:22.815+0000] {standard_task_runner.py:90} INFO - Running: ['***', 'tasks', 'run', 'climate_data', 'create_folder', 'scheduled__2023-07-03T00:00:00+00:00', '--job-id', '732', '--raw', '--subdir', 'DAGS_FOLDER/climate_data.py', '--cfg-path', '/tmp/tmp4ws3qc8i']
[2025-08-08T02:42:22.818+0000] {standard_task_runner.py:91} INFO - Job 732: Subtask create_folder
[2025-08-08T02:42:22.834+0000] {logging_mixin.py:188} WARNING - /home/***/.local/lib/python3.9/site-packages/***/settings.py:195 DeprecationWarning: The sql_alchemy_conn option in [core] has been moved to the sql_alchemy_conn option in [database] - the old setting has been used, but please update your config.
[2025-08-08T02:42:22.884+0000] {task_command.py:426} INFO - Running <TaskInstance: climate_data.create_folder scheduled__2023-07-03T00:00:00+00:00 [running]> on host 1a6f5acf67f4
[2025-08-08T02:42:22.956+0000] {taskinstance.py:2648} INFO - Exporting env vars: AIRFLOW_CTX_DAG_OWNER='***' AIRFLOW_CTX_DAG_ID='climate_data' AIRFLOW_CTX_TASK_ID='create_folder' AIRFLOW_CTX_EXECUTION_DATE='2023-07-03T00:00:00+00:00' AIRFLOW_CTX_TRY_NUMBER='1' AIRFLOW_CTX_DAG_RUN_ID='scheduled__2023-07-03T00:00:00+00:00'
[2025-08-08T02:42:22.957+0000] {taskinstance.py:430} INFO - ::endgroup::
[2025-08-08T02:42:22.966+0000] {subprocess.py:63} INFO - Tmp dir root location: /tmp
[2025-08-08T02:42:22.968+0000] {subprocess.py:75} INFO - Running command: ['/usr/bin/bash', '-c', 'mkdir -p "/home/***/host_documents/week2023-07-10"']
[2025-08-08T02:42:22.978+0000] {subprocess.py:86} INFO - Output:
[2025-08-08T02:42:22.986+0000] {subprocess.py:97} INFO - Command exited with return code 0
[2025-08-08T02:42:22.987+0000] {taskinstance.py:441} INFO - ::group::Post task execution logs
[2025-08-08T02:42:23.009+0000] {taskinstance.py:1206} INFO - Marking task as SUCCESS. dag_id=climate_data, task_id=create_folder, run_id=scheduled__2023-07-03T00:00:00+00:00, execution_date=20230703T000000, start_date=20250808T024222, end_date=20250808T024223
[2025-08-08T02:42:23.108+0000] {local_task_job_runner.py:240} INFO - Task exited with return code 0
[2025-08-08T02:42:23.116+0000] {local_task_job_runner.py:222} INFO - ::endgroup::
