[2025-08-08T02:26:51.009+0000] {local_task_job_runner.py:120} INFO - ::group::Pre task execution logs
[2025-08-08T02:26:51.030+0000] {taskinstance.py:2076} INFO - Dependencies all met for dep_context=non-requeueable deps ti=<TaskInstance: climate_data.create_folder scheduled__2024-07-15T00:00:00+00:00 [queued]>
[2025-08-08T02:26:51.037+0000] {taskinstance.py:2076} INFO - Dependencies all met for dep_context=requeueable deps ti=<TaskInstance: climate_data.create_folder scheduled__2024-07-15T00:00:00+00:00 [queued]>
[2025-08-08T02:26:51.038+0000] {taskinstance.py:2306} INFO - Starting attempt 1 of 1
[2025-08-08T02:26:51.049+0000] {taskinstance.py:2330} INFO - Executing <Task(BashOperator): create_folder> on 2024-07-15 00:00:00+00:00
[2025-08-08T02:26:51.053+0000] {standard_task_runner.py:63} INFO - Started process 635 to run task
[2025-08-08T02:26:51.056+0000] {standard_task_runner.py:90} INFO - Running: ['***', 'tasks', 'run', 'climate_data', 'create_folder', 'scheduled__2024-07-15T00:00:00+00:00', '--job-id', '128', '--raw', '--subdir', 'DAGS_FOLDER/climate_data.py', '--cfg-path', '/tmp/tmpoverymoi']
[2025-08-08T02:26:51.058+0000] {standard_task_runner.py:91} INFO - Job 128: Subtask create_folder
[2025-08-08T02:26:51.071+0000] {logging_mixin.py:188} WARNING - /home/***/.local/lib/python3.9/site-packages/***/settings.py:195 DeprecationWarning: The sql_alchemy_conn option in [core] has been moved to the sql_alchemy_conn option in [database] - the old setting has been used, but please update your config.
[2025-08-08T02:26:51.111+0000] {task_command.py:426} INFO - Running <TaskInstance: climate_data.create_folder scheduled__2024-07-15T00:00:00+00:00 [running]> on host 3ceab82043f1
[2025-08-08T02:26:51.178+0000] {taskinstance.py:2648} INFO - Exporting env vars: AIRFLOW_CTX_DAG_OWNER='***' AIRFLOW_CTX_DAG_ID='climate_data' AIRFLOW_CTX_TASK_ID='create_folder' AIRFLOW_CTX_EXECUTION_DATE='2024-07-15T00:00:00+00:00' AIRFLOW_CTX_TRY_NUMBER='1' AIRFLOW_CTX_DAG_RUN_ID='scheduled__2024-07-15T00:00:00+00:00'
[2025-08-08T02:26:51.179+0000] {taskinstance.py:430} INFO - ::endgroup::
[2025-08-08T02:26:51.189+0000] {subprocess.py:63} INFO - Tmp dir root location: /tmp
[2025-08-08T02:26:51.190+0000] {subprocess.py:75} INFO - Running command: ['/usr/bin/bash', '-c', 'mkdir -p /home/***/host_documents/week2024-07-22"']
[2025-08-08T02:26:51.199+0000] {subprocess.py:86} INFO - Output:
[2025-08-08T02:26:51.200+0000] {subprocess.py:93} INFO - /usr/bin/bash: -c: line 1: unexpected EOF while looking for matching `"'
[2025-08-08T02:26:51.201+0000] {subprocess.py:97} INFO - Command exited with return code 2
[2025-08-08T02:26:51.201+0000] {taskinstance.py:441} INFO - ::group::Post task execution logs
[2025-08-08T02:26:51.209+0000] {taskinstance.py:2905} ERROR - Task failed with exception
Traceback (most recent call last):
  File "/home/airflow/.local/lib/python3.9/site-packages/airflow/models/taskinstance.py", line 465, in _execute_task
    result = _execute_callable(context=context, **execute_callable_kwargs)
  File "/home/airflow/.local/lib/python3.9/site-packages/airflow/models/taskinstance.py", line 432, in _execute_callable
    return execute_callable(context=context, **execute_callable_kwargs)
  File "/home/airflow/.local/lib/python3.9/site-packages/airflow/models/baseoperator.py", line 400, in wrapper
    return func(self, *args, **kwargs)
  File "/home/airflow/.local/lib/python3.9/site-packages/airflow/operators/bash.py", line 243, in execute
    raise AirflowException(
airflow.exceptions.AirflowException: Bash command failed. The command returned a non-zero exit code 2.
[2025-08-08T02:26:51.212+0000] {taskinstance.py:1206} INFO - Marking task as FAILED. dag_id=climate_data, task_id=create_folder, run_id=scheduled__2024-07-15T00:00:00+00:00, execution_date=20240715T000000, start_date=20250808T022651, end_date=20250808T022651
[2025-08-08T02:26:51.223+0000] {standard_task_runner.py:110} ERROR - Failed to execute job 128 for task create_folder (Bash command failed. The command returned a non-zero exit code 2.; 635)
[2025-08-08T02:26:51.269+0000] {local_task_job_runner.py:240} INFO - Task exited with return code 1
[2025-08-08T02:26:51.277+0000] {local_task_job_runner.py:222} INFO - ::endgroup::
[2025-08-08T02:35:11.749+0000] {local_task_job_runner.py:120} INFO - ::group::Pre task execution logs
[2025-08-08T02:35:11.769+0000] {taskinstance.py:2076} INFO - Dependencies all met for dep_context=non-requeueable deps ti=<TaskInstance: climate_data.create_folder scheduled__2024-07-15T00:00:00+00:00 [queued]>
[2025-08-08T02:35:11.778+0000] {taskinstance.py:2076} INFO - Dependencies all met for dep_context=requeueable deps ti=<TaskInstance: climate_data.create_folder scheduled__2024-07-15T00:00:00+00:00 [queued]>
[2025-08-08T02:35:11.781+0000] {taskinstance.py:2306} INFO - Starting attempt 1 of 1
[2025-08-08T02:35:11.792+0000] {taskinstance.py:2330} INFO - Executing <Task(BashOperator): create_folder> on 2024-07-15 00:00:00+00:00
[2025-08-08T02:35:11.796+0000] {standard_task_runner.py:63} INFO - Started process 670 to run task
[2025-08-08T02:35:11.799+0000] {standard_task_runner.py:90} INFO - Running: ['***', 'tasks', 'run', 'climate_data', 'create_folder', 'scheduled__2024-07-15T00:00:00+00:00', '--job-id', '284', '--raw', '--subdir', 'DAGS_FOLDER/climate_data.py', '--cfg-path', '/tmp/tmp6r9djfn0']
[2025-08-08T02:35:11.801+0000] {standard_task_runner.py:91} INFO - Job 284: Subtask create_folder
[2025-08-08T02:35:11.813+0000] {logging_mixin.py:188} WARNING - /home/***/.local/lib/python3.9/site-packages/***/settings.py:195 DeprecationWarning: The sql_alchemy_conn option in [core] has been moved to the sql_alchemy_conn option in [database] - the old setting has been used, but please update your config.
[2025-08-08T02:35:11.857+0000] {task_command.py:426} INFO - Running <TaskInstance: climate_data.create_folder scheduled__2024-07-15T00:00:00+00:00 [running]> on host 1a6f5acf67f4
[2025-08-08T02:35:11.930+0000] {taskinstance.py:2648} INFO - Exporting env vars: AIRFLOW_CTX_DAG_OWNER='***' AIRFLOW_CTX_DAG_ID='climate_data' AIRFLOW_CTX_TASK_ID='create_folder' AIRFLOW_CTX_EXECUTION_DATE='2024-07-15T00:00:00+00:00' AIRFLOW_CTX_TRY_NUMBER='1' AIRFLOW_CTX_DAG_RUN_ID='scheduled__2024-07-15T00:00:00+00:00'
[2025-08-08T02:35:11.931+0000] {taskinstance.py:430} INFO - ::endgroup::
[2025-08-08T02:35:11.939+0000] {subprocess.py:63} INFO - Tmp dir root location: /tmp
[2025-08-08T02:35:11.940+0000] {subprocess.py:75} INFO - Running command: ['/usr/bin/bash', '-c', 'mkdir -p /home/***/host_documents/week2024-07-22"']
[2025-08-08T02:35:11.950+0000] {subprocess.py:86} INFO - Output:
[2025-08-08T02:35:11.951+0000] {subprocess.py:93} INFO - /usr/bin/bash: -c: line 1: unexpected EOF while looking for matching `"'
[2025-08-08T02:35:11.952+0000] {subprocess.py:97} INFO - Command exited with return code 2
[2025-08-08T02:35:11.953+0000] {taskinstance.py:441} INFO - ::group::Post task execution logs
[2025-08-08T02:35:11.961+0000] {taskinstance.py:2905} ERROR - Task failed with exception
Traceback (most recent call last):
  File "/home/airflow/.local/lib/python3.9/site-packages/airflow/models/taskinstance.py", line 465, in _execute_task
    result = _execute_callable(context=context, **execute_callable_kwargs)
  File "/home/airflow/.local/lib/python3.9/site-packages/airflow/models/taskinstance.py", line 432, in _execute_callable
    return execute_callable(context=context, **execute_callable_kwargs)
  File "/home/airflow/.local/lib/python3.9/site-packages/airflow/models/baseoperator.py", line 400, in wrapper
    return func(self, *args, **kwargs)
  File "/home/airflow/.local/lib/python3.9/site-packages/airflow/operators/bash.py", line 243, in execute
    raise AirflowException(
airflow.exceptions.AirflowException: Bash command failed. The command returned a non-zero exit code 2.
[2025-08-08T02:35:11.966+0000] {taskinstance.py:1206} INFO - Marking task as FAILED. dag_id=climate_data, task_id=create_folder, run_id=scheduled__2024-07-15T00:00:00+00:00, execution_date=20240715T000000, start_date=20250808T023511, end_date=20250808T023511
[2025-08-08T02:35:11.977+0000] {standard_task_runner.py:110} ERROR - Failed to execute job 284 for task create_folder (Bash command failed. The command returned a non-zero exit code 2.; 670)
[2025-08-08T02:35:12.012+0000] {local_task_job_runner.py:240} INFO - Task exited with return code 1
[2025-08-08T02:35:12.021+0000] {local_task_job_runner.py:222} INFO - ::endgroup::
[2025-08-08T02:39:45.645+0000] {local_task_job_runner.py:120} INFO - ::group::Pre task execution logs
[2025-08-08T02:39:45.667+0000] {taskinstance.py:2076} INFO - Dependencies all met for dep_context=non-requeueable deps ti=<TaskInstance: climate_data.create_folder scheduled__2024-07-15T00:00:00+00:00 [queued]>
[2025-08-08T02:39:45.674+0000] {taskinstance.py:2076} INFO - Dependencies all met for dep_context=requeueable deps ti=<TaskInstance: climate_data.create_folder scheduled__2024-07-15T00:00:00+00:00 [queued]>
[2025-08-08T02:39:45.674+0000] {taskinstance.py:2306} INFO - Starting attempt 1 of 1
[2025-08-08T02:39:45.720+0000] {taskinstance.py:2330} INFO - Executing <Task(BashOperator): create_folder> on 2024-07-15 00:00:00+00:00
[2025-08-08T02:39:45.724+0000] {standard_task_runner.py:63} INFO - Started process 1735 to run task
[2025-08-08T02:39:45.727+0000] {standard_task_runner.py:90} INFO - Running: ['***', 'tasks', 'run', 'climate_data', 'create_folder', 'scheduled__2024-07-15T00:00:00+00:00', '--job-id', '537', '--raw', '--subdir', 'DAGS_FOLDER/climate_data.py', '--cfg-path', '/tmp/tmpgh6l7k5g']
[2025-08-08T02:39:45.729+0000] {standard_task_runner.py:91} INFO - Job 537: Subtask create_folder
[2025-08-08T02:39:45.742+0000] {logging_mixin.py:188} WARNING - /home/***/.local/lib/python3.9/site-packages/***/settings.py:195 DeprecationWarning: The sql_alchemy_conn option in [core] has been moved to the sql_alchemy_conn option in [database] - the old setting has been used, but please update your config.
[2025-08-08T02:39:45.781+0000] {task_command.py:426} INFO - Running <TaskInstance: climate_data.create_folder scheduled__2024-07-15T00:00:00+00:00 [running]> on host 1a6f5acf67f4
[2025-08-08T02:39:45.848+0000] {taskinstance.py:2648} INFO - Exporting env vars: AIRFLOW_CTX_DAG_OWNER='***' AIRFLOW_CTX_DAG_ID='climate_data' AIRFLOW_CTX_TASK_ID='create_folder' AIRFLOW_CTX_EXECUTION_DATE='2024-07-15T00:00:00+00:00' AIRFLOW_CTX_TRY_NUMBER='1' AIRFLOW_CTX_DAG_RUN_ID='scheduled__2024-07-15T00:00:00+00:00'
[2025-08-08T02:39:45.851+0000] {taskinstance.py:430} INFO - ::endgroup::
[2025-08-08T02:39:45.858+0000] {subprocess.py:63} INFO - Tmp dir root location: /tmp
[2025-08-08T02:39:45.859+0000] {subprocess.py:75} INFO - Running command: ['/usr/bin/bash', '-c', 'mkdir -p /home/***/host_documents/week2024-07-22']
[2025-08-08T02:39:45.867+0000] {subprocess.py:86} INFO - Output:
[2025-08-08T02:39:45.871+0000] {subprocess.py:97} INFO - Command exited with return code 0
[2025-08-08T02:39:45.872+0000] {taskinstance.py:441} INFO - ::group::Post task execution logs
[2025-08-08T02:39:45.890+0000] {taskinstance.py:1206} INFO - Marking task as SUCCESS. dag_id=climate_data, task_id=create_folder, run_id=scheduled__2024-07-15T00:00:00+00:00, execution_date=20240715T000000, start_date=20250808T023945, end_date=20250808T023945
[2025-08-08T02:39:45.940+0000] {local_task_job_runner.py:240} INFO - Task exited with return code 0
[2025-08-08T02:39:45.955+0000] {taskinstance.py:3498} INFO - 1 downstream tasks scheduled from follow-on schedule check
[2025-08-08T02:39:45.957+0000] {local_task_job_runner.py:222} INFO - ::endgroup::
[2025-08-08T02:42:44.260+0000] {local_task_job_runner.py:120} INFO - ::group::Pre task execution logs
[2025-08-08T02:42:44.280+0000] {taskinstance.py:2076} INFO - Dependencies all met for dep_context=non-requeueable deps ti=<TaskInstance: climate_data.create_folder scheduled__2024-07-15T00:00:00+00:00 [queued]>
[2025-08-08T02:42:44.288+0000] {taskinstance.py:2076} INFO - Dependencies all met for dep_context=requeueable deps ti=<TaskInstance: climate_data.create_folder scheduled__2024-07-15T00:00:00+00:00 [queued]>
[2025-08-08T02:42:44.290+0000] {taskinstance.py:2306} INFO - Starting attempt 1 of 1
[2025-08-08T02:42:44.332+0000] {taskinstance.py:2330} INFO - Executing <Task(BashOperator): create_folder> on 2024-07-15 00:00:00+00:00
[2025-08-08T02:42:44.336+0000] {standard_task_runner.py:63} INFO - Started process 2901 to run task
[2025-08-08T02:42:44.339+0000] {standard_task_runner.py:90} INFO - Running: ['***', 'tasks', 'run', 'climate_data', 'create_folder', 'scheduled__2024-07-15T00:00:00+00:00', '--job-id', '843', '--raw', '--subdir', 'DAGS_FOLDER/climate_data.py', '--cfg-path', '/tmp/tmpgum4tmgj']
[2025-08-08T02:42:44.341+0000] {standard_task_runner.py:91} INFO - Job 843: Subtask create_folder
[2025-08-08T02:42:44.354+0000] {logging_mixin.py:188} WARNING - /home/***/.local/lib/python3.9/site-packages/***/settings.py:195 DeprecationWarning: The sql_alchemy_conn option in [core] has been moved to the sql_alchemy_conn option in [database] - the old setting has been used, but please update your config.
[2025-08-08T02:42:44.397+0000] {task_command.py:426} INFO - Running <TaskInstance: climate_data.create_folder scheduled__2024-07-15T00:00:00+00:00 [running]> on host 1a6f5acf67f4
[2025-08-08T02:42:44.468+0000] {taskinstance.py:2648} INFO - Exporting env vars: AIRFLOW_CTX_DAG_OWNER='***' AIRFLOW_CTX_DAG_ID='climate_data' AIRFLOW_CTX_TASK_ID='create_folder' AIRFLOW_CTX_EXECUTION_DATE='2024-07-15T00:00:00+00:00' AIRFLOW_CTX_TRY_NUMBER='1' AIRFLOW_CTX_DAG_RUN_ID='scheduled__2024-07-15T00:00:00+00:00'
[2025-08-08T02:42:44.470+0000] {taskinstance.py:430} INFO - ::endgroup::
[2025-08-08T02:42:44.481+0000] {subprocess.py:63} INFO - Tmp dir root location: /tmp
[2025-08-08T02:42:44.482+0000] {subprocess.py:75} INFO - Running command: ['/usr/bin/bash', '-c', 'mkdir -p "/home/***/host_documents/week2024-07-22"']
[2025-08-08T02:42:44.491+0000] {subprocess.py:86} INFO - Output:
[2025-08-08T02:42:44.495+0000] {subprocess.py:97} INFO - Command exited with return code 0
[2025-08-08T02:42:44.496+0000] {taskinstance.py:441} INFO - ::group::Post task execution logs
[2025-08-08T02:42:44.527+0000] {taskinstance.py:1206} INFO - Marking task as SUCCESS. dag_id=climate_data, task_id=create_folder, run_id=scheduled__2024-07-15T00:00:00+00:00, execution_date=20240715T000000, start_date=20250808T024244, end_date=20250808T024244
[2025-08-08T02:42:44.632+0000] {local_task_job_runner.py:240} INFO - Task exited with return code 0
[2025-08-08T02:42:44.641+0000] {local_task_job_runner.py:222} INFO - ::endgroup::
