[2025-08-08T02:26:43.742+0000] {local_task_job_runner.py:120} INFO - ::group::Pre task execution logs
[2025-08-08T02:26:43.762+0000] {taskinstance.py:2076} INFO - Dependencies all met for dep_context=non-requeueable deps ti=<TaskInstance: climate_data.create_folder scheduled__2024-02-12T00:00:00+00:00 [queued]>
[2025-08-08T02:26:43.769+0000] {taskinstance.py:2076} INFO - Dependencies all met for dep_context=requeueable deps ti=<TaskInstance: climate_data.create_folder scheduled__2024-02-12T00:00:00+00:00 [queued]>
[2025-08-08T02:26:43.770+0000] {taskinstance.py:2306} INFO - Starting attempt 1 of 1
[2025-08-08T02:26:43.780+0000] {taskinstance.py:2330} INFO - Executing <Task(BashOperator): create_folder> on 2024-02-12 00:00:00+00:00
[2025-08-08T02:26:43.784+0000] {standard_task_runner.py:63} INFO - Started process 547 to run task
[2025-08-08T02:26:43.786+0000] {standard_task_runner.py:90} INFO - Running: ['***', 'tasks', 'run', 'climate_data', 'create_folder', 'scheduled__2024-02-12T00:00:00+00:00', '--job-id', '106', '--raw', '--subdir', 'DAGS_FOLDER/climate_data.py', '--cfg-path', '/tmp/tmpk8_jxiah']
[2025-08-08T02:26:43.788+0000] {standard_task_runner.py:91} INFO - Job 106: Subtask create_folder
[2025-08-08T02:26:43.801+0000] {logging_mixin.py:188} WARNING - /home/***/.local/lib/python3.9/site-packages/***/settings.py:195 DeprecationWarning: The sql_alchemy_conn option in [core] has been moved to the sql_alchemy_conn option in [database] - the old setting has been used, but please update your config.
[2025-08-08T02:26:43.842+0000] {task_command.py:426} INFO - Running <TaskInstance: climate_data.create_folder scheduled__2024-02-12T00:00:00+00:00 [running]> on host 3ceab82043f1
[2025-08-08T02:26:43.911+0000] {taskinstance.py:2648} INFO - Exporting env vars: AIRFLOW_CTX_DAG_OWNER='***' AIRFLOW_CTX_DAG_ID='climate_data' AIRFLOW_CTX_TASK_ID='create_folder' AIRFLOW_CTX_EXECUTION_DATE='2024-02-12T00:00:00+00:00' AIRFLOW_CTX_TRY_NUMBER='1' AIRFLOW_CTX_DAG_RUN_ID='scheduled__2024-02-12T00:00:00+00:00'
[2025-08-08T02:26:43.913+0000] {taskinstance.py:430} INFO - ::endgroup::
[2025-08-08T02:26:43.925+0000] {subprocess.py:63} INFO - Tmp dir root location: /tmp
[2025-08-08T02:26:43.926+0000] {subprocess.py:75} INFO - Running command: ['/usr/bin/bash', '-c', 'mkdir -p /home/***/host_documents/week2024-02-19"']
[2025-08-08T02:26:43.936+0000] {subprocess.py:86} INFO - Output:
[2025-08-08T02:26:43.937+0000] {subprocess.py:93} INFO - /usr/bin/bash: -c: line 1: unexpected EOF while looking for matching `"'
[2025-08-08T02:26:43.938+0000] {subprocess.py:97} INFO - Command exited with return code 2
[2025-08-08T02:26:43.938+0000] {taskinstance.py:441} INFO - ::group::Post task execution logs
[2025-08-08T02:26:43.949+0000] {taskinstance.py:2905} ERROR - Task failed with exception
Traceback (most recent call last):
  File "/home/airflow/.local/lib/python3.9/site-packages/airflow/models/taskinstance.py", line 465, in _execute_task
    result = _execute_callable(context=context, **execute_callable_kwargs)
  File "/home/airflow/.local/lib/python3.9/site-packages/airflow/models/taskinstance.py", line 432, in _execute_callable
    return execute_callable(context=context, **execute_callable_kwargs)
  File "/home/airflow/.local/lib/python3.9/site-packages/airflow/models/baseoperator.py", line 400, in wrapper
    return func(self, *args, **kwargs)
  File "/home/airflow/.local/lib/python3.9/site-packages/airflow/operators/bash.py", line 243, in execute
    raise AirflowException(
airflow.exceptions.AirflowException: Bash command failed. The command returned a non-zero exit code 2.
[2025-08-08T02:26:43.952+0000] {taskinstance.py:1206} INFO - Marking task as FAILED. dag_id=climate_data, task_id=create_folder, run_id=scheduled__2024-02-12T00:00:00+00:00, execution_date=20240212T000000, start_date=20250808T022643, end_date=20250808T022643
[2025-08-08T02:26:43.964+0000] {standard_task_runner.py:110} ERROR - Failed to execute job 106 for task create_folder (Bash command failed. The command returned a non-zero exit code 2.; 547)
[2025-08-08T02:26:43.999+0000] {local_task_job_runner.py:240} INFO - Task exited with return code 1
[2025-08-08T02:26:44.008+0000] {local_task_job_runner.py:222} INFO - ::endgroup::
[2025-08-08T02:35:04.404+0000] {local_task_job_runner.py:120} INFO - ::group::Pre task execution logs
[2025-08-08T02:35:04.426+0000] {taskinstance.py:2076} INFO - Dependencies all met for dep_context=non-requeueable deps ti=<TaskInstance: climate_data.create_folder scheduled__2024-02-12T00:00:00+00:00 [queued]>
[2025-08-08T02:35:04.434+0000] {taskinstance.py:2076} INFO - Dependencies all met for dep_context=requeueable deps ti=<TaskInstance: climate_data.create_folder scheduled__2024-02-12T00:00:00+00:00 [queued]>
[2025-08-08T02:35:04.435+0000] {taskinstance.py:2306} INFO - Starting attempt 1 of 1
[2025-08-08T02:35:04.465+0000] {taskinstance.py:2330} INFO - Executing <Task(BashOperator): create_folder> on 2024-02-12 00:00:00+00:00
[2025-08-08T02:35:04.471+0000] {standard_task_runner.py:63} INFO - Started process 584 to run task
[2025-08-08T02:35:04.473+0000] {standard_task_runner.py:90} INFO - Running: ['***', 'tasks', 'run', 'climate_data', 'create_folder', 'scheduled__2024-02-12T00:00:00+00:00', '--job-id', '262', '--raw', '--subdir', 'DAGS_FOLDER/climate_data.py', '--cfg-path', '/tmp/tmpt23ppgec']
[2025-08-08T02:35:04.475+0000] {standard_task_runner.py:91} INFO - Job 262: Subtask create_folder
[2025-08-08T02:35:04.487+0000] {logging_mixin.py:188} WARNING - /home/***/.local/lib/python3.9/site-packages/***/settings.py:195 DeprecationWarning: The sql_alchemy_conn option in [core] has been moved to the sql_alchemy_conn option in [database] - the old setting has been used, but please update your config.
[2025-08-08T02:35:04.528+0000] {task_command.py:426} INFO - Running <TaskInstance: climate_data.create_folder scheduled__2024-02-12T00:00:00+00:00 [running]> on host 1a6f5acf67f4
[2025-08-08T02:35:04.592+0000] {taskinstance.py:2648} INFO - Exporting env vars: AIRFLOW_CTX_DAG_OWNER='***' AIRFLOW_CTX_DAG_ID='climate_data' AIRFLOW_CTX_TASK_ID='create_folder' AIRFLOW_CTX_EXECUTION_DATE='2024-02-12T00:00:00+00:00' AIRFLOW_CTX_TRY_NUMBER='1' AIRFLOW_CTX_DAG_RUN_ID='scheduled__2024-02-12T00:00:00+00:00'
[2025-08-08T02:35:04.593+0000] {taskinstance.py:430} INFO - ::endgroup::
[2025-08-08T02:35:04.601+0000] {subprocess.py:63} INFO - Tmp dir root location: /tmp
[2025-08-08T02:35:04.601+0000] {subprocess.py:75} INFO - Running command: ['/usr/bin/bash', '-c', 'mkdir -p /home/***/host_documents/week2024-02-19"']
[2025-08-08T02:35:04.611+0000] {subprocess.py:86} INFO - Output:
[2025-08-08T02:35:04.612+0000] {subprocess.py:93} INFO - /usr/bin/bash: -c: line 1: unexpected EOF while looking for matching `"'
[2025-08-08T02:35:04.613+0000] {subprocess.py:97} INFO - Command exited with return code 2
[2025-08-08T02:35:04.614+0000] {taskinstance.py:441} INFO - ::group::Post task execution logs
[2025-08-08T02:35:04.621+0000] {taskinstance.py:2905} ERROR - Task failed with exception
Traceback (most recent call last):
  File "/home/airflow/.local/lib/python3.9/site-packages/airflow/models/taskinstance.py", line 465, in _execute_task
    result = _execute_callable(context=context, **execute_callable_kwargs)
  File "/home/airflow/.local/lib/python3.9/site-packages/airflow/models/taskinstance.py", line 432, in _execute_callable
    return execute_callable(context=context, **execute_callable_kwargs)
  File "/home/airflow/.local/lib/python3.9/site-packages/airflow/models/baseoperator.py", line 400, in wrapper
    return func(self, *args, **kwargs)
  File "/home/airflow/.local/lib/python3.9/site-packages/airflow/operators/bash.py", line 243, in execute
    raise AirflowException(
airflow.exceptions.AirflowException: Bash command failed. The command returned a non-zero exit code 2.
[2025-08-08T02:35:04.623+0000] {taskinstance.py:1206} INFO - Marking task as FAILED. dag_id=climate_data, task_id=create_folder, run_id=scheduled__2024-02-12T00:00:00+00:00, execution_date=20240212T000000, start_date=20250808T023504, end_date=20250808T023504
[2025-08-08T02:35:04.640+0000] {standard_task_runner.py:110} ERROR - Failed to execute job 262 for task create_folder (Bash command failed. The command returned a non-zero exit code 2.; 584)
[2025-08-08T02:35:04.646+0000] {local_task_job_runner.py:240} INFO - Task exited with return code 1
[2025-08-08T02:35:04.666+0000] {taskinstance.py:3498} INFO - 0 downstream tasks scheduled from follow-on schedule check
[2025-08-08T02:35:04.669+0000] {local_task_job_runner.py:222} INFO - ::endgroup::
[2025-08-08T02:39:35.964+0000] {local_task_job_runner.py:120} INFO - ::group::Pre task execution logs
[2025-08-08T02:39:35.990+0000] {taskinstance.py:2076} INFO - Dependencies all met for dep_context=non-requeueable deps ti=<TaskInstance: climate_data.create_folder scheduled__2024-02-12T00:00:00+00:00 [queued]>
[2025-08-08T02:39:36.001+0000] {taskinstance.py:2076} INFO - Dependencies all met for dep_context=requeueable deps ti=<TaskInstance: climate_data.create_folder scheduled__2024-02-12T00:00:00+00:00 [queued]>
[2025-08-08T02:39:36.002+0000] {taskinstance.py:2306} INFO - Starting attempt 1 of 1
[2025-08-08T02:39:36.015+0000] {taskinstance.py:2330} INFO - Executing <Task(BashOperator): create_folder> on 2024-02-12 00:00:00+00:00
[2025-08-08T02:39:36.021+0000] {standard_task_runner.py:63} INFO - Started process 1561 to run task
[2025-08-08T02:39:36.024+0000] {standard_task_runner.py:90} INFO - Running: ['***', 'tasks', 'run', 'climate_data', 'create_folder', 'scheduled__2024-02-12T00:00:00+00:00', '--job-id', '488', '--raw', '--subdir', 'DAGS_FOLDER/climate_data.py', '--cfg-path', '/tmp/tmphd9tqq7k']
[2025-08-08T02:39:36.027+0000] {standard_task_runner.py:91} INFO - Job 488: Subtask create_folder
[2025-08-08T02:39:36.043+0000] {logging_mixin.py:188} WARNING - /home/***/.local/lib/python3.9/site-packages/***/settings.py:195 DeprecationWarning: The sql_alchemy_conn option in [core] has been moved to the sql_alchemy_conn option in [database] - the old setting has been used, but please update your config.
[2025-08-08T02:39:36.093+0000] {task_command.py:426} INFO - Running <TaskInstance: climate_data.create_folder scheduled__2024-02-12T00:00:00+00:00 [running]> on host 1a6f5acf67f4
[2025-08-08T02:39:36.170+0000] {taskinstance.py:2648} INFO - Exporting env vars: AIRFLOW_CTX_DAG_OWNER='***' AIRFLOW_CTX_DAG_ID='climate_data' AIRFLOW_CTX_TASK_ID='create_folder' AIRFLOW_CTX_EXECUTION_DATE='2024-02-12T00:00:00+00:00' AIRFLOW_CTX_TRY_NUMBER='1' AIRFLOW_CTX_DAG_RUN_ID='scheduled__2024-02-12T00:00:00+00:00'
[2025-08-08T02:39:36.172+0000] {taskinstance.py:430} INFO - ::endgroup::
[2025-08-08T02:39:36.180+0000] {subprocess.py:63} INFO - Tmp dir root location: /tmp
[2025-08-08T02:39:36.182+0000] {subprocess.py:75} INFO - Running command: ['/usr/bin/bash', '-c', 'mkdir -p /home/***/host_documents/week2024-02-19']
[2025-08-08T02:39:36.191+0000] {subprocess.py:86} INFO - Output:
[2025-08-08T02:39:36.197+0000] {subprocess.py:97} INFO - Command exited with return code 0
[2025-08-08T02:39:36.197+0000] {taskinstance.py:441} INFO - ::group::Post task execution logs
[2025-08-08T02:39:36.217+0000] {taskinstance.py:1206} INFO - Marking task as SUCCESS. dag_id=climate_data, task_id=create_folder, run_id=scheduled__2024-02-12T00:00:00+00:00, execution_date=20240212T000000, start_date=20250808T023935, end_date=20250808T023936
[2025-08-08T02:39:36.278+0000] {local_task_job_runner.py:240} INFO - Task exited with return code 0
[2025-08-08T02:39:36.288+0000] {local_task_job_runner.py:222} INFO - ::endgroup::
[2025-08-08T02:42:35.123+0000] {local_task_job_runner.py:120} INFO - ::group::Pre task execution logs
[2025-08-08T02:42:35.149+0000] {taskinstance.py:2076} INFO - Dependencies all met for dep_context=non-requeueable deps ti=<TaskInstance: climate_data.create_folder scheduled__2024-02-12T00:00:00+00:00 [queued]>
[2025-08-08T02:42:35.158+0000] {taskinstance.py:2076} INFO - Dependencies all met for dep_context=requeueable deps ti=<TaskInstance: climate_data.create_folder scheduled__2024-02-12T00:00:00+00:00 [queued]>
[2025-08-08T02:42:35.158+0000] {taskinstance.py:2306} INFO - Starting attempt 1 of 1
[2025-08-08T02:42:35.170+0000] {taskinstance.py:2330} INFO - Executing <Task(BashOperator): create_folder> on 2024-02-12 00:00:00+00:00
[2025-08-08T02:42:35.175+0000] {standard_task_runner.py:63} INFO - Started process 2741 to run task
[2025-08-08T02:42:35.177+0000] {standard_task_runner.py:90} INFO - Running: ['***', 'tasks', 'run', 'climate_data', 'create_folder', 'scheduled__2024-02-12T00:00:00+00:00', '--job-id', '796', '--raw', '--subdir', 'DAGS_FOLDER/climate_data.py', '--cfg-path', '/tmp/tmpf_f72jan']
[2025-08-08T02:42:35.179+0000] {standard_task_runner.py:91} INFO - Job 796: Subtask create_folder
[2025-08-08T02:42:35.199+0000] {logging_mixin.py:188} WARNING - /home/***/.local/lib/python3.9/site-packages/***/settings.py:195 DeprecationWarning: The sql_alchemy_conn option in [core] has been moved to the sql_alchemy_conn option in [database] - the old setting has been used, but please update your config.
[2025-08-08T02:42:35.243+0000] {task_command.py:426} INFO - Running <TaskInstance: climate_data.create_folder scheduled__2024-02-12T00:00:00+00:00 [running]> on host 1a6f5acf67f4
[2025-08-08T02:42:35.314+0000] {taskinstance.py:2648} INFO - Exporting env vars: AIRFLOW_CTX_DAG_OWNER='***' AIRFLOW_CTX_DAG_ID='climate_data' AIRFLOW_CTX_TASK_ID='create_folder' AIRFLOW_CTX_EXECUTION_DATE='2024-02-12T00:00:00+00:00' AIRFLOW_CTX_TRY_NUMBER='1' AIRFLOW_CTX_DAG_RUN_ID='scheduled__2024-02-12T00:00:00+00:00'
[2025-08-08T02:42:35.315+0000] {taskinstance.py:430} INFO - ::endgroup::
[2025-08-08T02:42:35.322+0000] {subprocess.py:63} INFO - Tmp dir root location: /tmp
[2025-08-08T02:42:35.323+0000] {subprocess.py:75} INFO - Running command: ['/usr/bin/bash', '-c', 'mkdir -p "/home/***/host_documents/week2024-02-19"']
[2025-08-08T02:42:35.331+0000] {subprocess.py:86} INFO - Output:
[2025-08-08T02:42:35.335+0000] {subprocess.py:97} INFO - Command exited with return code 0
[2025-08-08T02:42:35.336+0000] {taskinstance.py:441} INFO - ::group::Post task execution logs
[2025-08-08T02:42:35.354+0000] {taskinstance.py:1206} INFO - Marking task as SUCCESS. dag_id=climate_data, task_id=create_folder, run_id=scheduled__2024-02-12T00:00:00+00:00, execution_date=20240212T000000, start_date=20250808T024235, end_date=20250808T024235
[2025-08-08T02:42:35.390+0000] {local_task_job_runner.py:240} INFO - Task exited with return code 0
[2025-08-08T02:42:35.408+0000] {taskinstance.py:3498} INFO - 1 downstream tasks scheduled from follow-on schedule check
[2025-08-08T02:42:35.410+0000] {local_task_job_runner.py:222} INFO - ::endgroup::
