[2025-08-08T02:40:02.331+0000] {local_task_job_runner.py:120} INFO - ::group::Pre task execution logs
[2025-08-08T02:40:02.351+0000] {taskinstance.py:2076} INFO - Dependencies all met for dep_context=non-requeueable deps ti=<TaskInstance: climate_data.data_extract scheduled__2025-06-23T00:00:00+00:00 [queued]>
[2025-08-08T02:40:02.358+0000] {taskinstance.py:2076} INFO - Dependencies all met for dep_context=requeueable deps ti=<TaskInstance: climate_data.data_extract scheduled__2025-06-23T00:00:00+00:00 [queued]>
[2025-08-08T02:40:02.358+0000] {taskinstance.py:2306} INFO - Starting attempt 1 of 1
[2025-08-08T02:40:02.367+0000] {taskinstance.py:2330} INFO - Executing <Task(PythonOperator): data_extract> on 2025-06-23 00:00:00+00:00
[2025-08-08T02:40:02.370+0000] {standard_task_runner.py:63} INFO - Started process 2117 to run task
[2025-08-08T02:40:02.373+0000] {standard_task_runner.py:90} INFO - Running: ['***', 'tasks', 'run', 'climate_data', 'data_extract', 'scheduled__2025-06-23T00:00:00+00:00', '--job-id', '645', '--raw', '--subdir', 'DAGS_FOLDER/climate_data.py', '--cfg-path', '/tmp/tmp_3zp9oq1']
[2025-08-08T02:40:02.375+0000] {standard_task_runner.py:91} INFO - Job 645: Subtask data_extract
[2025-08-08T02:40:02.388+0000] {logging_mixin.py:188} WARNING - /home/***/.local/lib/python3.9/site-packages/***/settings.py:195 DeprecationWarning: The sql_alchemy_conn option in [core] has been moved to the sql_alchemy_conn option in [database] - the old setting has been used, but please update your config.
[2025-08-08T02:40:02.423+0000] {task_command.py:426} INFO - Running <TaskInstance: climate_data.data_extract scheduled__2025-06-23T00:00:00+00:00 [running]> on host 1a6f5acf67f4
[2025-08-08T02:40:02.484+0000] {taskinstance.py:2648} INFO - Exporting env vars: AIRFLOW_CTX_DAG_OWNER='***' AIRFLOW_CTX_DAG_ID='climate_data' AIRFLOW_CTX_TASK_ID='data_extract' AIRFLOW_CTX_EXECUTION_DATE='2025-06-23T00:00:00+00:00' AIRFLOW_CTX_TRY_NUMBER='1' AIRFLOW_CTX_DAG_RUN_ID='scheduled__2025-06-23T00:00:00+00:00'
[2025-08-08T02:40:02.485+0000] {taskinstance.py:430} INFO - ::endgroup::
[2025-08-08T02:40:03.153+0000] {taskinstance.py:441} INFO - ::group::Post task execution logs
[2025-08-08T02:40:03.153+0000] {taskinstance.py:2905} ERROR - Task failed with exception
Traceback (most recent call last):
  File "/home/airflow/.local/lib/python3.9/site-packages/airflow/models/taskinstance.py", line 465, in _execute_task
    result = _execute_callable(context=context, **execute_callable_kwargs)
  File "/home/airflow/.local/lib/python3.9/site-packages/airflow/models/taskinstance.py", line 432, in _execute_callable
    return execute_callable(context=context, **execute_callable_kwargs)
  File "/home/airflow/.local/lib/python3.9/site-packages/airflow/models/baseoperator.py", line 400, in wrapper
    return func(self, *args, **kwargs)
  File "/home/airflow/.local/lib/python3.9/site-packages/airflow/operators/python.py", line 235, in execute
    return_value = self.execute_callable()
  File "/home/airflow/.local/lib/python3.9/site-packages/airflow/operators/python.py", line 252, in execute_callable
    return self.python_callable(*self.op_args, **self.op_kwargs)
  File "/opt/airflow/dags/climate_data.py", line 27, in data_extract
    data = pd.read_csv(URL)
  File "/home/airflow/.local/lib/python3.9/site-packages/pandas/io/parsers/readers.py", line 948, in read_csv
    return _read(filepath_or_buffer, kwds)
  File "/home/airflow/.local/lib/python3.9/site-packages/pandas/io/parsers/readers.py", line 611, in _read
    parser = TextFileReader(filepath_or_buffer, **kwds)
  File "/home/airflow/.local/lib/python3.9/site-packages/pandas/io/parsers/readers.py", line 1448, in __init__
    self._engine = self._make_engine(f, self.engine)
  File "/home/airflow/.local/lib/python3.9/site-packages/pandas/io/parsers/readers.py", line 1705, in _make_engine
    self.handles = get_handle(
  File "/home/airflow/.local/lib/python3.9/site-packages/pandas/io/common.py", line 718, in get_handle
    ioargs = _get_filepath_or_buffer(
  File "/home/airflow/.local/lib/python3.9/site-packages/pandas/io/common.py", line 372, in _get_filepath_or_buffer
    with urlopen(req_info) as req:
  File "/home/airflow/.local/lib/python3.9/site-packages/pandas/io/common.py", line 274, in urlopen
    return urllib.request.urlopen(*args, **kwargs)
  File "/usr/local/lib/python3.9/urllib/request.py", line 214, in urlopen
    return opener.open(url, data, timeout)
  File "/usr/local/lib/python3.9/urllib/request.py", line 523, in open
    response = meth(req, response)
  File "/usr/local/lib/python3.9/urllib/request.py", line 632, in http_response
    response = self.parent.error(
  File "/usr/local/lib/python3.9/urllib/request.py", line 561, in error
    return self._call_chain(*args)
  File "/usr/local/lib/python3.9/urllib/request.py", line 494, in _call_chain
    result = func(*args)
  File "/usr/local/lib/python3.9/urllib/request.py", line 641, in http_error_default
    raise HTTPError(req.full_url, code, msg, hdrs, fp)
urllib.error.HTTPError: HTTP Error 429: 
[2025-08-08T02:40:03.165+0000] {taskinstance.py:1206} INFO - Marking task as FAILED. dag_id=climate_data, task_id=data_extract, run_id=scheduled__2025-06-23T00:00:00+00:00, execution_date=20250623T000000, start_date=20250808T024002, end_date=20250808T024003
[2025-08-08T02:40:03.175+0000] {standard_task_runner.py:110} ERROR - Failed to execute job 645 for task data_extract (HTTP Error 429: ; 2117)
[2025-08-08T02:40:03.188+0000] {local_task_job_runner.py:240} INFO - Task exited with return code 1
[2025-08-08T02:40:03.198+0000] {taskinstance.py:3498} INFO - 0 downstream tasks scheduled from follow-on schedule check
[2025-08-08T02:40:03.200+0000] {local_task_job_runner.py:222} INFO - ::endgroup::
[2025-08-08T02:43:00.354+0000] {local_task_job_runner.py:120} INFO - ::group::Pre task execution logs
[2025-08-08T02:43:00.378+0000] {taskinstance.py:2076} INFO - Dependencies all met for dep_context=non-requeueable deps ti=<TaskInstance: climate_data.data_extract scheduled__2025-06-23T00:00:00+00:00 [queued]>
[2025-08-08T02:43:00.384+0000] {taskinstance.py:2076} INFO - Dependencies all met for dep_context=requeueable deps ti=<TaskInstance: climate_data.data_extract scheduled__2025-06-23T00:00:00+00:00 [queued]>
[2025-08-08T02:43:00.386+0000] {taskinstance.py:2306} INFO - Starting attempt 1 of 1
[2025-08-08T02:43:00.396+0000] {taskinstance.py:2330} INFO - Executing <Task(PythonOperator): data_extract> on 2025-06-23 00:00:00+00:00
[2025-08-08T02:43:00.400+0000] {standard_task_runner.py:63} INFO - Started process 3294 to run task
[2025-08-08T02:43:00.403+0000] {standard_task_runner.py:90} INFO - Running: ['***', 'tasks', 'run', 'climate_data', 'data_extract', 'scheduled__2025-06-23T00:00:00+00:00', '--job-id', '950', '--raw', '--subdir', 'DAGS_FOLDER/climate_data.py', '--cfg-path', '/tmp/tmpixlph9b2']
[2025-08-08T02:43:00.405+0000] {standard_task_runner.py:91} INFO - Job 950: Subtask data_extract
[2025-08-08T02:43:00.416+0000] {logging_mixin.py:188} WARNING - /home/***/.local/lib/python3.9/site-packages/***/settings.py:195 DeprecationWarning: The sql_alchemy_conn option in [core] has been moved to the sql_alchemy_conn option in [database] - the old setting has been used, but please update your config.
[2025-08-08T02:43:00.455+0000] {task_command.py:426} INFO - Running <TaskInstance: climate_data.data_extract scheduled__2025-06-23T00:00:00+00:00 [running]> on host 1a6f5acf67f4
[2025-08-08T02:43:00.511+0000] {taskinstance.py:2648} INFO - Exporting env vars: AIRFLOW_CTX_DAG_OWNER='***' AIRFLOW_CTX_DAG_ID='climate_data' AIRFLOW_CTX_TASK_ID='data_extract' AIRFLOW_CTX_EXECUTION_DATE='2025-06-23T00:00:00+00:00' AIRFLOW_CTX_TRY_NUMBER='1' AIRFLOW_CTX_DAG_RUN_ID='scheduled__2025-06-23T00:00:00+00:00'
[2025-08-08T02:43:00.512+0000] {taskinstance.py:430} INFO - ::endgroup::
[2025-08-08T02:43:01.130+0000] {taskinstance.py:441} INFO - ::group::Post task execution logs
[2025-08-08T02:43:01.131+0000] {taskinstance.py:2905} ERROR - Task failed with exception
Traceback (most recent call last):
  File "/home/airflow/.local/lib/python3.9/site-packages/airflow/models/taskinstance.py", line 465, in _execute_task
    result = _execute_callable(context=context, **execute_callable_kwargs)
  File "/home/airflow/.local/lib/python3.9/site-packages/airflow/models/taskinstance.py", line 432, in _execute_callable
    return execute_callable(context=context, **execute_callable_kwargs)
  File "/home/airflow/.local/lib/python3.9/site-packages/airflow/models/baseoperator.py", line 400, in wrapper
    return func(self, *args, **kwargs)
  File "/home/airflow/.local/lib/python3.9/site-packages/airflow/operators/python.py", line 235, in execute
    return_value = self.execute_callable()
  File "/home/airflow/.local/lib/python3.9/site-packages/airflow/operators/python.py", line 252, in execute_callable
    return self.python_callable(*self.op_args, **self.op_kwargs)
  File "/opt/airflow/dags/climate_data.py", line 21, in data_extract
    data = pd.read_csv(url)
  File "/home/airflow/.local/lib/python3.9/site-packages/pandas/io/parsers/readers.py", line 948, in read_csv
    return _read(filepath_or_buffer, kwds)
  File "/home/airflow/.local/lib/python3.9/site-packages/pandas/io/parsers/readers.py", line 611, in _read
    parser = TextFileReader(filepath_or_buffer, **kwds)
  File "/home/airflow/.local/lib/python3.9/site-packages/pandas/io/parsers/readers.py", line 1448, in __init__
    self._engine = self._make_engine(f, self.engine)
  File "/home/airflow/.local/lib/python3.9/site-packages/pandas/io/parsers/readers.py", line 1705, in _make_engine
    self.handles = get_handle(
  File "/home/airflow/.local/lib/python3.9/site-packages/pandas/io/common.py", line 718, in get_handle
    ioargs = _get_filepath_or_buffer(
  File "/home/airflow/.local/lib/python3.9/site-packages/pandas/io/common.py", line 372, in _get_filepath_or_buffer
    with urlopen(req_info) as req:
  File "/home/airflow/.local/lib/python3.9/site-packages/pandas/io/common.py", line 274, in urlopen
    return urllib.request.urlopen(*args, **kwargs)
  File "/usr/local/lib/python3.9/urllib/request.py", line 214, in urlopen
    return opener.open(url, data, timeout)
  File "/usr/local/lib/python3.9/urllib/request.py", line 523, in open
    response = meth(req, response)
  File "/usr/local/lib/python3.9/urllib/request.py", line 632, in http_response
    response = self.parent.error(
  File "/usr/local/lib/python3.9/urllib/request.py", line 561, in error
    return self._call_chain(*args)
  File "/usr/local/lib/python3.9/urllib/request.py", line 494, in _call_chain
    result = func(*args)
  File "/usr/local/lib/python3.9/urllib/request.py", line 641, in http_error_default
    raise HTTPError(req.full_url, code, msg, hdrs, fp)
urllib.error.HTTPError: HTTP Error 429: 
[2025-08-08T02:43:01.138+0000] {taskinstance.py:1206} INFO - Marking task as FAILED. dag_id=climate_data, task_id=data_extract, run_id=scheduled__2025-06-23T00:00:00+00:00, execution_date=20250623T000000, start_date=20250808T024300, end_date=20250808T024301
[2025-08-08T02:43:01.145+0000] {standard_task_runner.py:110} ERROR - Failed to execute job 950 for task data_extract (HTTP Error 429: ; 3294)
[2025-08-08T02:43:01.177+0000] {local_task_job_runner.py:240} INFO - Task exited with return code 1
[2025-08-08T02:43:01.187+0000] {taskinstance.py:3498} INFO - 0 downstream tasks scheduled from follow-on schedule check
[2025-08-08T02:43:01.188+0000] {local_task_job_runner.py:222} INFO - ::endgroup::
[2025-08-08T02:48:29.488+0000] {local_task_job_runner.py:120} INFO - ::group::Pre task execution logs
[2025-08-08T02:48:29.507+0000] {taskinstance.py:2076} INFO - Dependencies all met for dep_context=non-requeueable deps ti=<TaskInstance: climate_data.data_extract scheduled__2025-06-23T00:00:00+00:00 [queued]>
[2025-08-08T02:48:29.513+0000] {taskinstance.py:2076} INFO - Dependencies all met for dep_context=requeueable deps ti=<TaskInstance: climate_data.data_extract scheduled__2025-06-23T00:00:00+00:00 [queued]>
[2025-08-08T02:48:29.513+0000] {taskinstance.py:2306} INFO - Starting attempt 1 of 1
[2025-08-08T02:48:29.522+0000] {taskinstance.py:2330} INFO - Executing <Task(PythonOperator): data_extract> on 2025-06-23 00:00:00+00:00
[2025-08-08T02:48:29.525+0000] {standard_task_runner.py:63} INFO - Started process 3511 to run task
[2025-08-08T02:48:29.528+0000] {standard_task_runner.py:90} INFO - Running: ['***', 'tasks', 'run', 'climate_data', 'data_extract', 'scheduled__2025-06-23T00:00:00+00:00', '--job-id', '966', '--raw', '--subdir', 'DAGS_FOLDER/climate_data.py', '--cfg-path', '/tmp/tmp64t0ctfp']
[2025-08-08T02:48:29.530+0000] {standard_task_runner.py:91} INFO - Job 966: Subtask data_extract
[2025-08-08T02:48:29.541+0000] {logging_mixin.py:188} WARNING - /home/***/.local/lib/python3.9/site-packages/***/settings.py:195 DeprecationWarning: The sql_alchemy_conn option in [core] has been moved to the sql_alchemy_conn option in [database] - the old setting has been used, but please update your config.
[2025-08-08T02:48:29.589+0000] {task_command.py:426} INFO - Running <TaskInstance: climate_data.data_extract scheduled__2025-06-23T00:00:00+00:00 [running]> on host 1a6f5acf67f4
[2025-08-08T02:48:29.649+0000] {taskinstance.py:2648} INFO - Exporting env vars: AIRFLOW_CTX_DAG_OWNER='***' AIRFLOW_CTX_DAG_ID='climate_data' AIRFLOW_CTX_TASK_ID='data_extract' AIRFLOW_CTX_EXECUTION_DATE='2025-06-23T00:00:00+00:00' AIRFLOW_CTX_TRY_NUMBER='1' AIRFLOW_CTX_DAG_RUN_ID='scheduled__2025-06-23T00:00:00+00:00'
[2025-08-08T02:48:29.650+0000] {taskinstance.py:430} INFO - ::endgroup::
[2025-08-08T02:48:30.314+0000] {taskinstance.py:441} INFO - ::group::Post task execution logs
[2025-08-08T02:48:30.315+0000] {taskinstance.py:2905} ERROR - Task failed with exception
Traceback (most recent call last):
  File "/home/airflow/.local/lib/python3.9/site-packages/airflow/models/taskinstance.py", line 465, in _execute_task
    result = _execute_callable(context=context, **execute_callable_kwargs)
  File "/home/airflow/.local/lib/python3.9/site-packages/airflow/models/taskinstance.py", line 432, in _execute_callable
    return execute_callable(context=context, **execute_callable_kwargs)
  File "/home/airflow/.local/lib/python3.9/site-packages/airflow/models/baseoperator.py", line 400, in wrapper
    return func(self, *args, **kwargs)
  File "/home/airflow/.local/lib/python3.9/site-packages/airflow/operators/python.py", line 235, in execute
    return_value = self.execute_callable()
  File "/home/airflow/.local/lib/python3.9/site-packages/airflow/operators/python.py", line 252, in execute_callable
    return self.python_callable(*self.op_args, **self.op_kwargs)
  File "/opt/airflow/dags/climate_data.py", line 21, in data_extract
    data = pd.read_csv(url)
  File "/home/airflow/.local/lib/python3.9/site-packages/pandas/io/parsers/readers.py", line 948, in read_csv
    return _read(filepath_or_buffer, kwds)
  File "/home/airflow/.local/lib/python3.9/site-packages/pandas/io/parsers/readers.py", line 611, in _read
    parser = TextFileReader(filepath_or_buffer, **kwds)
  File "/home/airflow/.local/lib/python3.9/site-packages/pandas/io/parsers/readers.py", line 1448, in __init__
    self._engine = self._make_engine(f, self.engine)
  File "/home/airflow/.local/lib/python3.9/site-packages/pandas/io/parsers/readers.py", line 1705, in _make_engine
    self.handles = get_handle(
  File "/home/airflow/.local/lib/python3.9/site-packages/pandas/io/common.py", line 718, in get_handle
    ioargs = _get_filepath_or_buffer(
  File "/home/airflow/.local/lib/python3.9/site-packages/pandas/io/common.py", line 372, in _get_filepath_or_buffer
    with urlopen(req_info) as req:
  File "/home/airflow/.local/lib/python3.9/site-packages/pandas/io/common.py", line 274, in urlopen
    return urllib.request.urlopen(*args, **kwargs)
  File "/usr/local/lib/python3.9/urllib/request.py", line 214, in urlopen
    return opener.open(url, data, timeout)
  File "/usr/local/lib/python3.9/urllib/request.py", line 523, in open
    response = meth(req, response)
  File "/usr/local/lib/python3.9/urllib/request.py", line 632, in http_response
    response = self.parent.error(
  File "/usr/local/lib/python3.9/urllib/request.py", line 561, in error
    return self._call_chain(*args)
  File "/usr/local/lib/python3.9/urllib/request.py", line 494, in _call_chain
    result = func(*args)
  File "/usr/local/lib/python3.9/urllib/request.py", line 641, in http_error_default
    raise HTTPError(req.full_url, code, msg, hdrs, fp)
urllib.error.HTTPError: HTTP Error 429: 
[2025-08-08T02:48:30.327+0000] {taskinstance.py:1206} INFO - Marking task as FAILED. dag_id=climate_data, task_id=data_extract, run_id=scheduled__2025-06-23T00:00:00+00:00, execution_date=20250623T000000, start_date=20250808T024829, end_date=20250808T024830
[2025-08-08T02:48:30.344+0000] {standard_task_runner.py:110} ERROR - Failed to execute job 966 for task data_extract (HTTP Error 429: ; 3511)
[2025-08-08T02:48:30.382+0000] {local_task_job_runner.py:240} INFO - Task exited with return code 1
[2025-08-08T02:48:30.394+0000] {taskinstance.py:3498} INFO - 0 downstream tasks scheduled from follow-on schedule check
[2025-08-08T02:48:30.395+0000] {local_task_job_runner.py:222} INFO - ::endgroup::
[2025-08-08T02:54:55.048+0000] {local_task_job_runner.py:120} INFO - ::group::Pre task execution logs
[2025-08-08T02:54:55.070+0000] {taskinstance.py:2076} INFO - Dependencies all met for dep_context=non-requeueable deps ti=<TaskInstance: climate_data.data_extract scheduled__2025-06-23T00:00:00+00:00 [queued]>
[2025-08-08T02:54:55.075+0000] {taskinstance.py:2076} INFO - Dependencies all met for dep_context=requeueable deps ti=<TaskInstance: climate_data.data_extract scheduled__2025-06-23T00:00:00+00:00 [queued]>
[2025-08-08T02:54:55.076+0000] {taskinstance.py:2306} INFO - Starting attempt 1 of 1
[2025-08-08T02:54:55.086+0000] {taskinstance.py:2330} INFO - Executing <Task(PythonOperator): data_extract> on 2025-06-23 00:00:00+00:00
[2025-08-08T02:54:55.089+0000] {standard_task_runner.py:63} INFO - Started process 3761 to run task
[2025-08-08T02:54:55.093+0000] {standard_task_runner.py:90} INFO - Running: ['***', 'tasks', 'run', 'climate_data', 'data_extract', 'scheduled__2025-06-23T00:00:00+00:00', '--job-id', '979', '--raw', '--subdir', 'DAGS_FOLDER/climate_data.py', '--cfg-path', '/tmp/tmpx6tguimg']
[2025-08-08T02:54:55.095+0000] {standard_task_runner.py:91} INFO - Job 979: Subtask data_extract
[2025-08-08T02:54:55.107+0000] {logging_mixin.py:188} WARNING - /home/***/.local/lib/python3.9/site-packages/***/settings.py:195 DeprecationWarning: The sql_alchemy_conn option in [core] has been moved to the sql_alchemy_conn option in [database] - the old setting has been used, but please update your config.
[2025-08-08T02:54:55.147+0000] {task_command.py:426} INFO - Running <TaskInstance: climate_data.data_extract scheduled__2025-06-23T00:00:00+00:00 [running]> on host 1a6f5acf67f4
[2025-08-08T02:54:55.213+0000] {taskinstance.py:2648} INFO - Exporting env vars: AIRFLOW_CTX_DAG_OWNER='***' AIRFLOW_CTX_DAG_ID='climate_data' AIRFLOW_CTX_TASK_ID='data_extract' AIRFLOW_CTX_EXECUTION_DATE='2025-06-23T00:00:00+00:00' AIRFLOW_CTX_TRY_NUMBER='1' AIRFLOW_CTX_DAG_RUN_ID='scheduled__2025-06-23T00:00:00+00:00'
[2025-08-08T02:54:55.214+0000] {taskinstance.py:430} INFO - ::endgroup::
[2025-08-08T02:54:55.222+0000] {taskinstance.py:441} INFO - ::group::Post task execution logs
[2025-08-08T02:54:55.222+0000] {taskinstance.py:2905} ERROR - Task failed with exception
Traceback (most recent call last):
  File "/home/airflow/.local/lib/python3.9/site-packages/airflow/models/taskinstance.py", line 465, in _execute_task
    result = _execute_callable(context=context, **execute_callable_kwargs)
  File "/home/airflow/.local/lib/python3.9/site-packages/airflow/models/taskinstance.py", line 432, in _execute_callable
    return execute_callable(context=context, **execute_callable_kwargs)
  File "/home/airflow/.local/lib/python3.9/site-packages/airflow/models/baseoperator.py", line 400, in wrapper
    return func(self, *args, **kwargs)
  File "/home/airflow/.local/lib/python3.9/site-packages/airflow/operators/python.py", line 235, in execute
    return_value = self.execute_callable()
  File "/home/airflow/.local/lib/python3.9/site-packages/airflow/operators/python.py", line 252, in execute_callable
    return self.python_callable(*self.op_args, **self.op_kwargs)
  File "/opt/airflow/dags/climate_data.py", line 28, in data_extract
    response = requests.get(url, params=params)
NameError: name 'requests' is not defined
[2025-08-08T02:54:55.230+0000] {taskinstance.py:1206} INFO - Marking task as FAILED. dag_id=climate_data, task_id=data_extract, run_id=scheduled__2025-06-23T00:00:00+00:00, execution_date=20250623T000000, start_date=20250808T025455, end_date=20250808T025455
[2025-08-08T02:54:55.239+0000] {standard_task_runner.py:110} ERROR - Failed to execute job 979 for task data_extract (name 'requests' is not defined; 3761)
[2025-08-08T02:54:55.266+0000] {local_task_job_runner.py:240} INFO - Task exited with return code 1
[2025-08-08T02:54:55.278+0000] {taskinstance.py:3498} INFO - 0 downstream tasks scheduled from follow-on schedule check
[2025-08-08T02:54:55.280+0000] {local_task_job_runner.py:222} INFO - ::endgroup::
[2025-08-08T02:57:09.268+0000] {local_task_job_runner.py:120} INFO - ::group::Pre task execution logs
[2025-08-08T02:57:09.287+0000] {taskinstance.py:2076} INFO - Dependencies all met for dep_context=non-requeueable deps ti=<TaskInstance: climate_data.data_extract scheduled__2025-06-23T00:00:00+00:00 [queued]>
[2025-08-08T02:57:09.293+0000] {taskinstance.py:2076} INFO - Dependencies all met for dep_context=requeueable deps ti=<TaskInstance: climate_data.data_extract scheduled__2025-06-23T00:00:00+00:00 [queued]>
[2025-08-08T02:57:09.293+0000] {taskinstance.py:2306} INFO - Starting attempt 1 of 1
[2025-08-08T02:57:09.301+0000] {taskinstance.py:2330} INFO - Executing <Task(PythonOperator): data_extract> on 2025-06-23 00:00:00+00:00
[2025-08-08T02:57:09.305+0000] {standard_task_runner.py:63} INFO - Started process 3891 to run task
[2025-08-08T02:57:09.307+0000] {standard_task_runner.py:90} INFO - Running: ['***', 'tasks', 'run', 'climate_data', 'data_extract', 'scheduled__2025-06-23T00:00:00+00:00', '--job-id', '992', '--raw', '--subdir', 'DAGS_FOLDER/climate_data.py', '--cfg-path', '/tmp/tmpyxyne3ps']
[2025-08-08T02:57:09.309+0000] {standard_task_runner.py:91} INFO - Job 992: Subtask data_extract
[2025-08-08T02:57:09.321+0000] {logging_mixin.py:188} WARNING - /home/***/.local/lib/python3.9/site-packages/***/settings.py:195 DeprecationWarning: The sql_alchemy_conn option in [core] has been moved to the sql_alchemy_conn option in [database] - the old setting has been used, but please update your config.
[2025-08-08T02:57:09.359+0000] {task_command.py:426} INFO - Running <TaskInstance: climate_data.data_extract scheduled__2025-06-23T00:00:00+00:00 [running]> on host 1a6f5acf67f4
[2025-08-08T02:57:09.414+0000] {taskinstance.py:2648} INFO - Exporting env vars: AIRFLOW_CTX_DAG_OWNER='***' AIRFLOW_CTX_DAG_ID='climate_data' AIRFLOW_CTX_TASK_ID='data_extract' AIRFLOW_CTX_EXECUTION_DATE='2025-06-23T00:00:00+00:00' AIRFLOW_CTX_TRY_NUMBER='1' AIRFLOW_CTX_DAG_RUN_ID='scheduled__2025-06-23T00:00:00+00:00'
[2025-08-08T02:57:09.415+0000] {taskinstance.py:430} INFO - ::endgroup::
[2025-08-08T02:57:10.251+0000] {python.py:237} INFO - Done. Returned value was: None
[2025-08-08T02:57:10.252+0000] {taskinstance.py:441} INFO - ::group::Post task execution logs
[2025-08-08T02:57:10.260+0000] {taskinstance.py:1206} INFO - Marking task as SUCCESS. dag_id=climate_data, task_id=data_extract, run_id=scheduled__2025-06-23T00:00:00+00:00, execution_date=20250623T000000, start_date=20250808T025709, end_date=20250808T025710
[2025-08-08T02:57:10.283+0000] {local_task_job_runner.py:240} INFO - Task exited with return code 0
[2025-08-08T02:57:10.293+0000] {taskinstance.py:3498} INFO - 0 downstream tasks scheduled from follow-on schedule check
[2025-08-08T02:57:10.295+0000] {local_task_job_runner.py:222} INFO - ::endgroup::
[2025-08-08T03:07:11.364+0000] {local_task_job_runner.py:120} INFO - ::group::Pre task execution logs
[2025-08-08T03:07:11.388+0000] {taskinstance.py:2076} INFO - Dependencies all met for dep_context=non-requeueable deps ti=<TaskInstance: climate_data.data_extract scheduled__2025-06-23T00:00:00+00:00 [queued]>
[2025-08-08T03:07:11.394+0000] {taskinstance.py:2076} INFO - Dependencies all met for dep_context=requeueable deps ti=<TaskInstance: climate_data.data_extract scheduled__2025-06-23T00:00:00+00:00 [queued]>
[2025-08-08T03:07:11.394+0000] {taskinstance.py:2306} INFO - Starting attempt 1 of 1
[2025-08-08T03:07:11.406+0000] {taskinstance.py:2330} INFO - Executing <Task(PythonOperator): data_extract> on 2025-06-23 00:00:00+00:00
[2025-08-08T03:07:11.410+0000] {standard_task_runner.py:63} INFO - Started process 4245 to run task
[2025-08-08T03:07:11.412+0000] {standard_task_runner.py:90} INFO - Running: ['***', 'tasks', 'run', 'climate_data', 'data_extract', 'scheduled__2025-06-23T00:00:00+00:00', '--job-id', '1004', '--raw', '--subdir', 'DAGS_FOLDER/climate_data.py', '--cfg-path', '/tmp/tmpopr3jkgw']
[2025-08-08T03:07:11.417+0000] {standard_task_runner.py:91} INFO - Job 1004: Subtask data_extract
[2025-08-08T03:07:11.434+0000] {logging_mixin.py:188} WARNING - /home/***/.local/lib/python3.9/site-packages/***/settings.py:195 DeprecationWarning: The sql_alchemy_conn option in [core] has been moved to the sql_alchemy_conn option in [database] - the old setting has been used, but please update your config.
[2025-08-08T03:07:11.471+0000] {task_command.py:426} INFO - Running <TaskInstance: climate_data.data_extract scheduled__2025-06-23T00:00:00+00:00 [running]> on host 1a6f5acf67f4
[2025-08-08T03:07:11.546+0000] {taskinstance.py:2648} INFO - Exporting env vars: AIRFLOW_CTX_DAG_OWNER='***' AIRFLOW_CTX_DAG_ID='climate_data' AIRFLOW_CTX_TASK_ID='data_extract' AIRFLOW_CTX_EXECUTION_DATE='2025-06-23T00:00:00+00:00' AIRFLOW_CTX_TRY_NUMBER='1' AIRFLOW_CTX_DAG_RUN_ID='scheduled__2025-06-23T00:00:00+00:00'
[2025-08-08T03:07:11.548+0000] {taskinstance.py:430} INFO - ::endgroup::
[2025-08-08T03:07:11.568+0000] {taskinstance.py:441} INFO - ::group::Post task execution logs
[2025-08-08T03:07:11.569+0000] {taskinstance.py:2905} ERROR - Task failed with exception
Traceback (most recent call last):
  File "/home/airflow/.local/lib/python3.9/site-packages/airflow/models/taskinstance.py", line 465, in _execute_task
    result = _execute_callable(context=context, **execute_callable_kwargs)
  File "/home/airflow/.local/lib/python3.9/site-packages/airflow/models/taskinstance.py", line 432, in _execute_callable
    return execute_callable(context=context, **execute_callable_kwargs)
  File "/home/airflow/.local/lib/python3.9/site-packages/airflow/models/baseoperator.py", line 400, in wrapper
    return func(self, *args, **kwargs)
  File "/home/airflow/.local/lib/python3.9/site-packages/airflow/operators/python.py", line 235, in execute
    return_value = self.execute_callable()
  File "/home/airflow/.local/lib/python3.9/site-packages/airflow/operators/python.py", line 252, in execute_callable
    return self.python_callable(*self.op_args, **self.op_kwargs)
  File "/opt/airflow/dags/climate_data.py", line 18, in data_extract
    if end_date >= today:
NameError: name 'today' is not defined
[2025-08-08T03:07:11.581+0000] {taskinstance.py:1206} INFO - Marking task as FAILED. dag_id=climate_data, task_id=data_extract, run_id=scheduled__2025-06-23T00:00:00+00:00, execution_date=20250623T000000, start_date=20250808T030711, end_date=20250808T030711
[2025-08-08T03:07:11.593+0000] {standard_task_runner.py:110} ERROR - Failed to execute job 1004 for task data_extract (name 'today' is not defined; 4245)
[2025-08-08T03:07:11.626+0000] {local_task_job_runner.py:240} INFO - Task exited with return code 1
[2025-08-08T03:07:11.638+0000] {taskinstance.py:3498} INFO - 0 downstream tasks scheduled from follow-on schedule check
[2025-08-08T03:07:11.639+0000] {local_task_job_runner.py:222} INFO - ::endgroup::
[2025-08-08T03:09:39.239+0000] {local_task_job_runner.py:120} INFO - ::group::Pre task execution logs
[2025-08-08T03:09:39.258+0000] {taskinstance.py:2076} INFO - Dependencies all met for dep_context=non-requeueable deps ti=<TaskInstance: climate_data.data_extract scheduled__2025-06-23T00:00:00+00:00 [queued]>
[2025-08-08T03:09:39.263+0000] {taskinstance.py:2076} INFO - Dependencies all met for dep_context=requeueable deps ti=<TaskInstance: climate_data.data_extract scheduled__2025-06-23T00:00:00+00:00 [queued]>
[2025-08-08T03:09:39.263+0000] {taskinstance.py:2306} INFO - Starting attempt 1 of 1
[2025-08-08T03:09:39.272+0000] {taskinstance.py:2330} INFO - Executing <Task(PythonOperator): data_extract> on 2025-06-23 00:00:00+00:00
[2025-08-08T03:09:39.276+0000] {standard_task_runner.py:63} INFO - Started process 4366 to run task
[2025-08-08T03:09:39.280+0000] {standard_task_runner.py:90} INFO - Running: ['***', 'tasks', 'run', 'climate_data', 'data_extract', 'scheduled__2025-06-23T00:00:00+00:00', '--job-id', '1013', '--raw', '--subdir', 'DAGS_FOLDER/climate_data.py', '--cfg-path', '/tmp/tmp6iwd6972']
[2025-08-08T03:09:39.281+0000] {standard_task_runner.py:91} INFO - Job 1013: Subtask data_extract
[2025-08-08T03:09:39.292+0000] {logging_mixin.py:188} WARNING - /home/***/.local/lib/python3.9/site-packages/***/settings.py:195 DeprecationWarning: The sql_alchemy_conn option in [core] has been moved to the sql_alchemy_conn option in [database] - the old setting has been used, but please update your config.
[2025-08-08T03:09:39.331+0000] {task_command.py:426} INFO - Running <TaskInstance: climate_data.data_extract scheduled__2025-06-23T00:00:00+00:00 [running]> on host 1a6f5acf67f4
[2025-08-08T03:09:39.387+0000] {taskinstance.py:2648} INFO - Exporting env vars: AIRFLOW_CTX_DAG_OWNER='***' AIRFLOW_CTX_DAG_ID='climate_data' AIRFLOW_CTX_TASK_ID='data_extract' AIRFLOW_CTX_EXECUTION_DATE='2025-06-23T00:00:00+00:00' AIRFLOW_CTX_TRY_NUMBER='1' AIRFLOW_CTX_DAG_RUN_ID='scheduled__2025-06-23T00:00:00+00:00'
[2025-08-08T03:09:39.388+0000] {taskinstance.py:430} INFO - ::endgroup::
[2025-08-08T03:09:40.102+0000] {python.py:237} INFO - Done. Returned value was: None
[2025-08-08T03:09:40.103+0000] {taskinstance.py:441} INFO - ::group::Post task execution logs
[2025-08-08T03:09:40.109+0000] {taskinstance.py:1206} INFO - Marking task as SUCCESS. dag_id=climate_data, task_id=data_extract, run_id=scheduled__2025-06-23T00:00:00+00:00, execution_date=20250623T000000, start_date=20250808T030939, end_date=20250808T030940
[2025-08-08T03:09:40.133+0000] {local_task_job_runner.py:240} INFO - Task exited with return code 0
[2025-08-08T03:09:40.140+0000] {local_task_job_runner.py:222} INFO - ::endgroup::
