[2025-08-08T02:26:41.426+0000] {local_task_job_runner.py:120} INFO - ::group::Pre task execution logs
[2025-08-08T02:26:41.446+0000] {taskinstance.py:2076} INFO - Dependencies all met for dep_context=non-requeueable deps ti=<TaskInstance: climate_data.create_folder scheduled__2024-01-22T00:00:00+00:00 [queued]>
[2025-08-08T02:26:41.452+0000] {taskinstance.py:2076} INFO - Dependencies all met for dep_context=requeueable deps ti=<TaskInstance: climate_data.create_folder scheduled__2024-01-22T00:00:00+00:00 [queued]>
[2025-08-08T02:26:41.452+0000] {taskinstance.py:2306} INFO - Starting attempt 1 of 1
[2025-08-08T02:26:41.463+0000] {taskinstance.py:2330} INFO - Executing <Task(BashOperator): create_folder> on 2024-01-22 00:00:00+00:00
[2025-08-08T02:26:41.467+0000] {standard_task_runner.py:63} INFO - Started process 512 to run task
[2025-08-08T02:26:41.470+0000] {standard_task_runner.py:90} INFO - Running: ['***', 'tasks', 'run', 'climate_data', 'create_folder', 'scheduled__2024-01-22T00:00:00+00:00', '--job-id', '103', '--raw', '--subdir', 'DAGS_FOLDER/climate_data.py', '--cfg-path', '/tmp/tmphxodpwcs']
[2025-08-08T02:26:41.471+0000] {standard_task_runner.py:91} INFO - Job 103: Subtask create_folder
[2025-08-08T02:26:41.483+0000] {logging_mixin.py:188} WARNING - /home/***/.local/lib/python3.9/site-packages/***/settings.py:195 DeprecationWarning: The sql_alchemy_conn option in [core] has been moved to the sql_alchemy_conn option in [database] - the old setting has been used, but please update your config.
[2025-08-08T02:26:41.513+0000] {task_command.py:426} INFO - Running <TaskInstance: climate_data.create_folder scheduled__2024-01-22T00:00:00+00:00 [running]> on host 3ceab82043f1
[2025-08-08T02:26:41.568+0000] {taskinstance.py:2648} INFO - Exporting env vars: AIRFLOW_CTX_DAG_OWNER='***' AIRFLOW_CTX_DAG_ID='climate_data' AIRFLOW_CTX_TASK_ID='create_folder' AIRFLOW_CTX_EXECUTION_DATE='2024-01-22T00:00:00+00:00' AIRFLOW_CTX_TRY_NUMBER='1' AIRFLOW_CTX_DAG_RUN_ID='scheduled__2024-01-22T00:00:00+00:00'
[2025-08-08T02:26:41.569+0000] {taskinstance.py:430} INFO - ::endgroup::
[2025-08-08T02:26:41.577+0000] {subprocess.py:63} INFO - Tmp dir root location: /tmp
[2025-08-08T02:26:41.578+0000] {subprocess.py:75} INFO - Running command: ['/usr/bin/bash', '-c', 'mkdir -p /home/***/host_documents/week2024-01-29"']
[2025-08-08T02:26:41.585+0000] {subprocess.py:86} INFO - Output:
[2025-08-08T02:26:41.586+0000] {subprocess.py:93} INFO - /usr/bin/bash: -c: line 1: unexpected EOF while looking for matching `"'
[2025-08-08T02:26:41.586+0000] {subprocess.py:97} INFO - Command exited with return code 2
[2025-08-08T02:26:41.587+0000] {taskinstance.py:441} INFO - ::group::Post task execution logs
[2025-08-08T02:26:41.594+0000] {taskinstance.py:2905} ERROR - Task failed with exception
Traceback (most recent call last):
  File "/home/airflow/.local/lib/python3.9/site-packages/airflow/models/taskinstance.py", line 465, in _execute_task
    result = _execute_callable(context=context, **execute_callable_kwargs)
  File "/home/airflow/.local/lib/python3.9/site-packages/airflow/models/taskinstance.py", line 432, in _execute_callable
    return execute_callable(context=context, **execute_callable_kwargs)
  File "/home/airflow/.local/lib/python3.9/site-packages/airflow/models/baseoperator.py", line 400, in wrapper
    return func(self, *args, **kwargs)
  File "/home/airflow/.local/lib/python3.9/site-packages/airflow/operators/bash.py", line 243, in execute
    raise AirflowException(
airflow.exceptions.AirflowException: Bash command failed. The command returned a non-zero exit code 2.
[2025-08-08T02:26:41.597+0000] {taskinstance.py:1206} INFO - Marking task as FAILED. dag_id=climate_data, task_id=create_folder, run_id=scheduled__2024-01-22T00:00:00+00:00, execution_date=20240122T000000, start_date=20250808T022641, end_date=20250808T022641
[2025-08-08T02:26:41.604+0000] {standard_task_runner.py:110} ERROR - Failed to execute job 103 for task create_folder (Bash command failed. The command returned a non-zero exit code 2.; 512)
[2025-08-08T02:26:41.642+0000] {local_task_job_runner.py:240} INFO - Task exited with return code 1
[2025-08-08T02:26:41.657+0000] {taskinstance.py:3498} INFO - 0 downstream tasks scheduled from follow-on schedule check
[2025-08-08T02:26:41.660+0000] {local_task_job_runner.py:222} INFO - ::endgroup::
[2025-08-08T02:35:02.044+0000] {local_task_job_runner.py:120} INFO - ::group::Pre task execution logs
[2025-08-08T02:35:02.067+0000] {taskinstance.py:2076} INFO - Dependencies all met for dep_context=non-requeueable deps ti=<TaskInstance: climate_data.create_folder scheduled__2024-01-22T00:00:00+00:00 [queued]>
[2025-08-08T02:35:02.075+0000] {taskinstance.py:2076} INFO - Dependencies all met for dep_context=requeueable deps ti=<TaskInstance: climate_data.create_folder scheduled__2024-01-22T00:00:00+00:00 [queued]>
[2025-08-08T02:35:02.075+0000] {taskinstance.py:2306} INFO - Starting attempt 1 of 1
[2025-08-08T02:35:02.086+0000] {taskinstance.py:2330} INFO - Executing <Task(BashOperator): create_folder> on 2024-01-22 00:00:00+00:00
[2025-08-08T02:35:02.091+0000] {standard_task_runner.py:63} INFO - Started process 565 to run task
[2025-08-08T02:35:02.094+0000] {standard_task_runner.py:90} INFO - Running: ['***', 'tasks', 'run', 'climate_data', 'create_folder', 'scheduled__2024-01-22T00:00:00+00:00', '--job-id', '259', '--raw', '--subdir', 'DAGS_FOLDER/climate_data.py', '--cfg-path', '/tmp/tmpez7rkplm']
[2025-08-08T02:35:02.096+0000] {standard_task_runner.py:91} INFO - Job 259: Subtask create_folder
[2025-08-08T02:35:02.108+0000] {logging_mixin.py:188} WARNING - /home/***/.local/lib/python3.9/site-packages/***/settings.py:195 DeprecationWarning: The sql_alchemy_conn option in [core] has been moved to the sql_alchemy_conn option in [database] - the old setting has been used, but please update your config.
[2025-08-08T02:35:02.143+0000] {task_command.py:426} INFO - Running <TaskInstance: climate_data.create_folder scheduled__2024-01-22T00:00:00+00:00 [running]> on host 1a6f5acf67f4
[2025-08-08T02:35:02.205+0000] {taskinstance.py:2648} INFO - Exporting env vars: AIRFLOW_CTX_DAG_OWNER='***' AIRFLOW_CTX_DAG_ID='climate_data' AIRFLOW_CTX_TASK_ID='create_folder' AIRFLOW_CTX_EXECUTION_DATE='2024-01-22T00:00:00+00:00' AIRFLOW_CTX_TRY_NUMBER='1' AIRFLOW_CTX_DAG_RUN_ID='scheduled__2024-01-22T00:00:00+00:00'
[2025-08-08T02:35:02.207+0000] {taskinstance.py:430} INFO - ::endgroup::
[2025-08-08T02:35:02.218+0000] {subprocess.py:63} INFO - Tmp dir root location: /tmp
[2025-08-08T02:35:02.219+0000] {subprocess.py:75} INFO - Running command: ['/usr/bin/bash', '-c', 'mkdir -p /home/***/host_documents/week2024-01-29"']
[2025-08-08T02:35:02.226+0000] {subprocess.py:86} INFO - Output:
[2025-08-08T02:35:02.227+0000] {subprocess.py:93} INFO - /usr/bin/bash: -c: line 1: unexpected EOF while looking for matching `"'
[2025-08-08T02:35:02.227+0000] {subprocess.py:97} INFO - Command exited with return code 2
[2025-08-08T02:35:02.228+0000] {taskinstance.py:441} INFO - ::group::Post task execution logs
[2025-08-08T02:35:02.234+0000] {taskinstance.py:2905} ERROR - Task failed with exception
Traceback (most recent call last):
  File "/home/airflow/.local/lib/python3.9/site-packages/airflow/models/taskinstance.py", line 465, in _execute_task
    result = _execute_callable(context=context, **execute_callable_kwargs)
  File "/home/airflow/.local/lib/python3.9/site-packages/airflow/models/taskinstance.py", line 432, in _execute_callable
    return execute_callable(context=context, **execute_callable_kwargs)
  File "/home/airflow/.local/lib/python3.9/site-packages/airflow/models/baseoperator.py", line 400, in wrapper
    return func(self, *args, **kwargs)
  File "/home/airflow/.local/lib/python3.9/site-packages/airflow/operators/bash.py", line 243, in execute
    raise AirflowException(
airflow.exceptions.AirflowException: Bash command failed. The command returned a non-zero exit code 2.
[2025-08-08T02:35:02.237+0000] {taskinstance.py:1206} INFO - Marking task as FAILED. dag_id=climate_data, task_id=create_folder, run_id=scheduled__2024-01-22T00:00:00+00:00, execution_date=20240122T000000, start_date=20250808T023502, end_date=20250808T023502
[2025-08-08T02:35:02.243+0000] {standard_task_runner.py:110} ERROR - Failed to execute job 259 for task create_folder (Bash command failed. The command returned a non-zero exit code 2.; 565)
[2025-08-08T02:35:02.266+0000] {local_task_job_runner.py:240} INFO - Task exited with return code 1
[2025-08-08T02:35:02.280+0000] {taskinstance.py:3498} INFO - 0 downstream tasks scheduled from follow-on schedule check
[2025-08-08T02:35:02.284+0000] {local_task_job_runner.py:222} INFO - ::endgroup::
[2025-08-08T02:39:35.551+0000] {local_task_job_runner.py:120} INFO - ::group::Pre task execution logs
[2025-08-08T02:39:35.575+0000] {taskinstance.py:2076} INFO - Dependencies all met for dep_context=non-requeueable deps ti=<TaskInstance: climate_data.create_folder scheduled__2024-01-22T00:00:00+00:00 [queued]>
[2025-08-08T02:39:35.586+0000] {taskinstance.py:2076} INFO - Dependencies all met for dep_context=requeueable deps ti=<TaskInstance: climate_data.create_folder scheduled__2024-01-22T00:00:00+00:00 [queued]>
[2025-08-08T02:39:35.586+0000] {taskinstance.py:2306} INFO - Starting attempt 1 of 1
[2025-08-08T02:39:35.600+0000] {taskinstance.py:2330} INFO - Executing <Task(BashOperator): create_folder> on 2024-01-22 00:00:00+00:00
[2025-08-08T02:39:35.605+0000] {standard_task_runner.py:63} INFO - Started process 1535 to run task
[2025-08-08T02:39:35.608+0000] {standard_task_runner.py:90} INFO - Running: ['***', 'tasks', 'run', 'climate_data', 'create_folder', 'scheduled__2024-01-22T00:00:00+00:00', '--job-id', '479', '--raw', '--subdir', 'DAGS_FOLDER/climate_data.py', '--cfg-path', '/tmp/tmpt8mmrwvv']
[2025-08-08T02:39:35.611+0000] {standard_task_runner.py:91} INFO - Job 479: Subtask create_folder
[2025-08-08T02:39:35.628+0000] {logging_mixin.py:188} WARNING - /home/***/.local/lib/python3.9/site-packages/***/settings.py:195 DeprecationWarning: The sql_alchemy_conn option in [core] has been moved to the sql_alchemy_conn option in [database] - the old setting has been used, but please update your config.
[2025-08-08T02:39:35.679+0000] {task_command.py:426} INFO - Running <TaskInstance: climate_data.create_folder scheduled__2024-01-22T00:00:00+00:00 [running]> on host 1a6f5acf67f4
[2025-08-08T02:39:35.763+0000] {taskinstance.py:2648} INFO - Exporting env vars: AIRFLOW_CTX_DAG_OWNER='***' AIRFLOW_CTX_DAG_ID='climate_data' AIRFLOW_CTX_TASK_ID='create_folder' AIRFLOW_CTX_EXECUTION_DATE='2024-01-22T00:00:00+00:00' AIRFLOW_CTX_TRY_NUMBER='1' AIRFLOW_CTX_DAG_RUN_ID='scheduled__2024-01-22T00:00:00+00:00'
[2025-08-08T02:39:35.764+0000] {taskinstance.py:430} INFO - ::endgroup::
[2025-08-08T02:39:35.777+0000] {subprocess.py:63} INFO - Tmp dir root location: /tmp
[2025-08-08T02:39:35.778+0000] {subprocess.py:75} INFO - Running command: ['/usr/bin/bash', '-c', 'mkdir -p /home/***/host_documents/week2024-01-29']
[2025-08-08T02:39:35.789+0000] {subprocess.py:86} INFO - Output:
[2025-08-08T02:39:35.794+0000] {subprocess.py:97} INFO - Command exited with return code 0
[2025-08-08T02:39:35.795+0000] {taskinstance.py:441} INFO - ::group::Post task execution logs
[2025-08-08T02:39:35.820+0000] {taskinstance.py:1206} INFO - Marking task as SUCCESS. dag_id=climate_data, task_id=create_folder, run_id=scheduled__2024-01-22T00:00:00+00:00, execution_date=20240122T000000, start_date=20250808T023935, end_date=20250808T023935
[2025-08-08T02:39:35.902+0000] {local_task_job_runner.py:240} INFO - Task exited with return code 0
[2025-08-08T02:39:35.912+0000] {local_task_job_runner.py:222} INFO - ::endgroup::
[2025-08-08T02:42:34.646+0000] {local_task_job_runner.py:120} INFO - ::group::Pre task execution logs
[2025-08-08T02:42:34.668+0000] {taskinstance.py:2076} INFO - Dependencies all met for dep_context=non-requeueable deps ti=<TaskInstance: climate_data.create_folder scheduled__2024-01-22T00:00:00+00:00 [queued]>
[2025-08-08T02:42:34.676+0000] {taskinstance.py:2076} INFO - Dependencies all met for dep_context=requeueable deps ti=<TaskInstance: climate_data.create_folder scheduled__2024-01-22T00:00:00+00:00 [queued]>
[2025-08-08T02:42:34.677+0000] {taskinstance.py:2306} INFO - Starting attempt 1 of 1
[2025-08-08T02:42:34.690+0000] {taskinstance.py:2330} INFO - Executing <Task(BashOperator): create_folder> on 2024-01-22 00:00:00+00:00
[2025-08-08T02:42:34.697+0000] {standard_task_runner.py:63} INFO - Started process 2715 to run task
[2025-08-08T02:42:34.700+0000] {standard_task_runner.py:90} INFO - Running: ['***', 'tasks', 'run', 'climate_data', 'create_folder', 'scheduled__2024-01-22T00:00:00+00:00', '--job-id', '787', '--raw', '--subdir', 'DAGS_FOLDER/climate_data.py', '--cfg-path', '/tmp/tmp_pyw3b1b']
[2025-08-08T02:42:34.703+0000] {standard_task_runner.py:91} INFO - Job 787: Subtask create_folder
[2025-08-08T02:42:34.724+0000] {logging_mixin.py:188} WARNING - /home/***/.local/lib/python3.9/site-packages/***/settings.py:195 DeprecationWarning: The sql_alchemy_conn option in [core] has been moved to the sql_alchemy_conn option in [database] - the old setting has been used, but please update your config.
[2025-08-08T02:42:34.780+0000] {task_command.py:426} INFO - Running <TaskInstance: climate_data.create_folder scheduled__2024-01-22T00:00:00+00:00 [running]> on host 1a6f5acf67f4
[2025-08-08T02:42:34.865+0000] {taskinstance.py:2648} INFO - Exporting env vars: AIRFLOW_CTX_DAG_OWNER='***' AIRFLOW_CTX_DAG_ID='climate_data' AIRFLOW_CTX_TASK_ID='create_folder' AIRFLOW_CTX_EXECUTION_DATE='2024-01-22T00:00:00+00:00' AIRFLOW_CTX_TRY_NUMBER='1' AIRFLOW_CTX_DAG_RUN_ID='scheduled__2024-01-22T00:00:00+00:00'
[2025-08-08T02:42:34.866+0000] {taskinstance.py:430} INFO - ::endgroup::
[2025-08-08T02:42:34.879+0000] {subprocess.py:63} INFO - Tmp dir root location: /tmp
[2025-08-08T02:42:34.881+0000] {subprocess.py:75} INFO - Running command: ['/usr/bin/bash', '-c', 'mkdir -p "/home/***/host_documents/week2024-01-29"']
[2025-08-08T02:42:34.894+0000] {subprocess.py:86} INFO - Output:
[2025-08-08T02:42:34.900+0000] {subprocess.py:97} INFO - Command exited with return code 0
[2025-08-08T02:42:34.901+0000] {taskinstance.py:441} INFO - ::group::Post task execution logs
[2025-08-08T02:42:34.928+0000] {taskinstance.py:1206} INFO - Marking task as SUCCESS. dag_id=climate_data, task_id=create_folder, run_id=scheduled__2024-01-22T00:00:00+00:00, execution_date=20240122T000000, start_date=20250808T024234, end_date=20250808T024234
[2025-08-08T02:42:35.034+0000] {local_task_job_runner.py:240} INFO - Task exited with return code 0
[2025-08-08T02:42:35.056+0000] {taskinstance.py:3498} INFO - 1 downstream tasks scheduled from follow-on schedule check
[2025-08-08T02:42:35.058+0000] {local_task_job_runner.py:222} INFO - ::endgroup::
