[2025-08-08T02:26:41.333+0000] {local_task_job_runner.py:120} INFO - ::group::Pre task execution logs
[2025-08-08T02:26:41.356+0000] {taskinstance.py:2076} INFO - Dependencies all met for dep_context=non-requeueable deps ti=<TaskInstance: climate_data.create_folder scheduled__2024-01-15T00:00:00+00:00 [queued]>
[2025-08-08T02:26:41.364+0000] {taskinstance.py:2076} INFO - Dependencies all met for dep_context=requeueable deps ti=<TaskInstance: climate_data.create_folder scheduled__2024-01-15T00:00:00+00:00 [queued]>
[2025-08-08T02:26:41.365+0000] {taskinstance.py:2306} INFO - Starting attempt 1 of 1
[2025-08-08T02:26:41.375+0000] {taskinstance.py:2330} INFO - Executing <Task(BashOperator): create_folder> on 2024-01-15 00:00:00+00:00
[2025-08-08T02:26:41.379+0000] {standard_task_runner.py:63} INFO - Started process 510 to run task
[2025-08-08T02:26:41.382+0000] {standard_task_runner.py:90} INFO - Running: ['***', 'tasks', 'run', 'climate_data', 'create_folder', 'scheduled__2024-01-15T00:00:00+00:00', '--job-id', '102', '--raw', '--subdir', 'DAGS_FOLDER/climate_data.py', '--cfg-path', '/tmp/tmpwjv25bcp']
[2025-08-08T02:26:41.384+0000] {standard_task_runner.py:91} INFO - Job 102: Subtask create_folder
[2025-08-08T02:26:41.396+0000] {logging_mixin.py:188} WARNING - /home/***/.local/lib/python3.9/site-packages/***/settings.py:195 DeprecationWarning: The sql_alchemy_conn option in [core] has been moved to the sql_alchemy_conn option in [database] - the old setting has been used, but please update your config.
[2025-08-08T02:26:41.434+0000] {task_command.py:426} INFO - Running <TaskInstance: climate_data.create_folder scheduled__2024-01-15T00:00:00+00:00 [running]> on host 3ceab82043f1
[2025-08-08T02:26:41.494+0000] {taskinstance.py:2648} INFO - Exporting env vars: AIRFLOW_CTX_DAG_OWNER='***' AIRFLOW_CTX_DAG_ID='climate_data' AIRFLOW_CTX_TASK_ID='create_folder' AIRFLOW_CTX_EXECUTION_DATE='2024-01-15T00:00:00+00:00' AIRFLOW_CTX_TRY_NUMBER='1' AIRFLOW_CTX_DAG_RUN_ID='scheduled__2024-01-15T00:00:00+00:00'
[2025-08-08T02:26:41.495+0000] {taskinstance.py:430} INFO - ::endgroup::
[2025-08-08T02:26:41.504+0000] {subprocess.py:63} INFO - Tmp dir root location: /tmp
[2025-08-08T02:26:41.504+0000] {subprocess.py:75} INFO - Running command: ['/usr/bin/bash', '-c', 'mkdir -p /home/***/host_documents/week2024-01-22"']
[2025-08-08T02:26:41.512+0000] {subprocess.py:86} INFO - Output:
[2025-08-08T02:26:41.513+0000] {subprocess.py:93} INFO - /usr/bin/bash: -c: line 1: unexpected EOF while looking for matching `"'
[2025-08-08T02:26:41.513+0000] {subprocess.py:97} INFO - Command exited with return code 2
[2025-08-08T02:26:41.514+0000] {taskinstance.py:441} INFO - ::group::Post task execution logs
[2025-08-08T02:26:41.521+0000] {taskinstance.py:2905} ERROR - Task failed with exception
Traceback (most recent call last):
  File "/home/airflow/.local/lib/python3.9/site-packages/airflow/models/taskinstance.py", line 465, in _execute_task
    result = _execute_callable(context=context, **execute_callable_kwargs)
  File "/home/airflow/.local/lib/python3.9/site-packages/airflow/models/taskinstance.py", line 432, in _execute_callable
    return execute_callable(context=context, **execute_callable_kwargs)
  File "/home/airflow/.local/lib/python3.9/site-packages/airflow/models/baseoperator.py", line 400, in wrapper
    return func(self, *args, **kwargs)
  File "/home/airflow/.local/lib/python3.9/site-packages/airflow/operators/bash.py", line 243, in execute
    raise AirflowException(
airflow.exceptions.AirflowException: Bash command failed. The command returned a non-zero exit code 2.
[2025-08-08T02:26:41.524+0000] {taskinstance.py:1206} INFO - Marking task as FAILED. dag_id=climate_data, task_id=create_folder, run_id=scheduled__2024-01-15T00:00:00+00:00, execution_date=20240115T000000, start_date=20250808T022641, end_date=20250808T022641
[2025-08-08T02:26:41.532+0000] {standard_task_runner.py:110} ERROR - Failed to execute job 102 for task create_folder (Bash command failed. The command returned a non-zero exit code 2.; 510)
[2025-08-08T02:26:41.554+0000] {local_task_job_runner.py:240} INFO - Task exited with return code 1
[2025-08-08T02:26:41.569+0000] {taskinstance.py:3498} INFO - 0 downstream tasks scheduled from follow-on schedule check
[2025-08-08T02:26:41.571+0000] {local_task_job_runner.py:222} INFO - ::endgroup::
[2025-08-08T02:35:01.948+0000] {local_task_job_runner.py:120} INFO - ::group::Pre task execution logs
[2025-08-08T02:35:01.972+0000] {taskinstance.py:2076} INFO - Dependencies all met for dep_context=non-requeueable deps ti=<TaskInstance: climate_data.create_folder scheduled__2024-01-15T00:00:00+00:00 [queued]>
[2025-08-08T02:35:01.979+0000] {taskinstance.py:2076} INFO - Dependencies all met for dep_context=requeueable deps ti=<TaskInstance: climate_data.create_folder scheduled__2024-01-15T00:00:00+00:00 [queued]>
[2025-08-08T02:35:01.980+0000] {taskinstance.py:2306} INFO - Starting attempt 1 of 1
[2025-08-08T02:35:01.995+0000] {taskinstance.py:2330} INFO - Executing <Task(BashOperator): create_folder> on 2024-01-15 00:00:00+00:00
[2025-08-08T02:35:01.999+0000] {standard_task_runner.py:63} INFO - Started process 563 to run task
[2025-08-08T02:35:02.003+0000] {standard_task_runner.py:90} INFO - Running: ['***', 'tasks', 'run', 'climate_data', 'create_folder', 'scheduled__2024-01-15T00:00:00+00:00', '--job-id', '258', '--raw', '--subdir', 'DAGS_FOLDER/climate_data.py', '--cfg-path', '/tmp/tmpayr0e495']
[2025-08-08T02:35:02.006+0000] {standard_task_runner.py:91} INFO - Job 258: Subtask create_folder
[2025-08-08T02:35:02.018+0000] {logging_mixin.py:188} WARNING - /home/***/.local/lib/python3.9/site-packages/***/settings.py:195 DeprecationWarning: The sql_alchemy_conn option in [core] has been moved to the sql_alchemy_conn option in [database] - the old setting has been used, but please update your config.
[2025-08-08T02:35:02.060+0000] {task_command.py:426} INFO - Running <TaskInstance: climate_data.create_folder scheduled__2024-01-15T00:00:00+00:00 [running]> on host 1a6f5acf67f4
[2025-08-08T02:35:02.122+0000] {taskinstance.py:2648} INFO - Exporting env vars: AIRFLOW_CTX_DAG_OWNER='***' AIRFLOW_CTX_DAG_ID='climate_data' AIRFLOW_CTX_TASK_ID='create_folder' AIRFLOW_CTX_EXECUTION_DATE='2024-01-15T00:00:00+00:00' AIRFLOW_CTX_TRY_NUMBER='1' AIRFLOW_CTX_DAG_RUN_ID='scheduled__2024-01-15T00:00:00+00:00'
[2025-08-08T02:35:02.123+0000] {taskinstance.py:430} INFO - ::endgroup::
[2025-08-08T02:35:02.130+0000] {subprocess.py:63} INFO - Tmp dir root location: /tmp
[2025-08-08T02:35:02.131+0000] {subprocess.py:75} INFO - Running command: ['/usr/bin/bash', '-c', 'mkdir -p /home/***/host_documents/week2024-01-22"']
[2025-08-08T02:35:02.138+0000] {subprocess.py:86} INFO - Output:
[2025-08-08T02:35:02.139+0000] {subprocess.py:93} INFO - /usr/bin/bash: -c: line 1: unexpected EOF while looking for matching `"'
[2025-08-08T02:35:02.139+0000] {subprocess.py:97} INFO - Command exited with return code 2
[2025-08-08T02:35:02.140+0000] {taskinstance.py:441} INFO - ::group::Post task execution logs
[2025-08-08T02:35:02.148+0000] {taskinstance.py:2905} ERROR - Task failed with exception
Traceback (most recent call last):
  File "/home/airflow/.local/lib/python3.9/site-packages/airflow/models/taskinstance.py", line 465, in _execute_task
    result = _execute_callable(context=context, **execute_callable_kwargs)
  File "/home/airflow/.local/lib/python3.9/site-packages/airflow/models/taskinstance.py", line 432, in _execute_callable
    return execute_callable(context=context, **execute_callable_kwargs)
  File "/home/airflow/.local/lib/python3.9/site-packages/airflow/models/baseoperator.py", line 400, in wrapper
    return func(self, *args, **kwargs)
  File "/home/airflow/.local/lib/python3.9/site-packages/airflow/operators/bash.py", line 243, in execute
    raise AirflowException(
airflow.exceptions.AirflowException: Bash command failed. The command returned a non-zero exit code 2.
[2025-08-08T02:35:02.151+0000] {taskinstance.py:1206} INFO - Marking task as FAILED. dag_id=climate_data, task_id=create_folder, run_id=scheduled__2024-01-15T00:00:00+00:00, execution_date=20240115T000000, start_date=20250808T023501, end_date=20250808T023502
[2025-08-08T02:35:02.160+0000] {standard_task_runner.py:110} ERROR - Failed to execute job 258 for task create_folder (Bash command failed. The command returned a non-zero exit code 2.; 563)
[2025-08-08T02:35:02.175+0000] {local_task_job_runner.py:240} INFO - Task exited with return code 1
[2025-08-08T02:35:02.189+0000] {taskinstance.py:3498} INFO - 0 downstream tasks scheduled from follow-on schedule check
[2025-08-08T02:35:02.192+0000] {local_task_job_runner.py:222} INFO - ::endgroup::
[2025-08-08T02:39:35.430+0000] {local_task_job_runner.py:120} INFO - ::group::Pre task execution logs
[2025-08-08T02:39:35.459+0000] {taskinstance.py:2076} INFO - Dependencies all met for dep_context=non-requeueable deps ti=<TaskInstance: climate_data.create_folder scheduled__2024-01-15T00:00:00+00:00 [queued]>
[2025-08-08T02:39:35.471+0000] {taskinstance.py:2076} INFO - Dependencies all met for dep_context=requeueable deps ti=<TaskInstance: climate_data.create_folder scheduled__2024-01-15T00:00:00+00:00 [queued]>
[2025-08-08T02:39:35.471+0000] {taskinstance.py:2306} INFO - Starting attempt 1 of 1
[2025-08-08T02:39:35.484+0000] {taskinstance.py:2330} INFO - Executing <Task(BashOperator): create_folder> on 2024-01-15 00:00:00+00:00
[2025-08-08T02:39:35.488+0000] {standard_task_runner.py:63} INFO - Started process 1528 to run task
[2025-08-08T02:39:35.491+0000] {standard_task_runner.py:90} INFO - Running: ['***', 'tasks', 'run', 'climate_data', 'create_folder', 'scheduled__2024-01-15T00:00:00+00:00', '--job-id', '478', '--raw', '--subdir', 'DAGS_FOLDER/climate_data.py', '--cfg-path', '/tmp/tmpuuxo5ljw']
[2025-08-08T02:39:35.494+0000] {standard_task_runner.py:91} INFO - Job 478: Subtask create_folder
[2025-08-08T02:39:35.510+0000] {logging_mixin.py:188} WARNING - /home/***/.local/lib/python3.9/site-packages/***/settings.py:195 DeprecationWarning: The sql_alchemy_conn option in [core] has been moved to the sql_alchemy_conn option in [database] - the old setting has been used, but please update your config.
[2025-08-08T02:39:35.557+0000] {task_command.py:426} INFO - Running <TaskInstance: climate_data.create_folder scheduled__2024-01-15T00:00:00+00:00 [running]> on host 1a6f5acf67f4
[2025-08-08T02:39:35.647+0000] {taskinstance.py:2648} INFO - Exporting env vars: AIRFLOW_CTX_DAG_OWNER='***' AIRFLOW_CTX_DAG_ID='climate_data' AIRFLOW_CTX_TASK_ID='create_folder' AIRFLOW_CTX_EXECUTION_DATE='2024-01-15T00:00:00+00:00' AIRFLOW_CTX_TRY_NUMBER='1' AIRFLOW_CTX_DAG_RUN_ID='scheduled__2024-01-15T00:00:00+00:00'
[2025-08-08T02:39:35.648+0000] {taskinstance.py:430} INFO - ::endgroup::
[2025-08-08T02:39:35.656+0000] {subprocess.py:63} INFO - Tmp dir root location: /tmp
[2025-08-08T02:39:35.657+0000] {subprocess.py:75} INFO - Running command: ['/usr/bin/bash', '-c', 'mkdir -p /home/***/host_documents/week2024-01-22']
[2025-08-08T02:39:35.667+0000] {subprocess.py:86} INFO - Output:
[2025-08-08T02:39:35.671+0000] {subprocess.py:97} INFO - Command exited with return code 0
[2025-08-08T02:39:35.672+0000] {taskinstance.py:441} INFO - ::group::Post task execution logs
[2025-08-08T02:39:35.692+0000] {taskinstance.py:1206} INFO - Marking task as SUCCESS. dag_id=climate_data, task_id=create_folder, run_id=scheduled__2024-01-15T00:00:00+00:00, execution_date=20240115T000000, start_date=20250808T023935, end_date=20250808T023935
[2025-08-08T02:39:35.744+0000] {local_task_job_runner.py:240} INFO - Task exited with return code 0
[2025-08-08T02:39:35.770+0000] {taskinstance.py:3498} INFO - 1 downstream tasks scheduled from follow-on schedule check
[2025-08-08T02:39:35.772+0000] {local_task_job_runner.py:222} INFO - ::endgroup::
[2025-08-08T02:42:34.547+0000] {local_task_job_runner.py:120} INFO - ::group::Pre task execution logs
[2025-08-08T02:42:34.577+0000] {taskinstance.py:2076} INFO - Dependencies all met for dep_context=non-requeueable deps ti=<TaskInstance: climate_data.create_folder scheduled__2024-01-15T00:00:00+00:00 [queued]>
[2025-08-08T02:42:34.587+0000] {taskinstance.py:2076} INFO - Dependencies all met for dep_context=requeueable deps ti=<TaskInstance: climate_data.create_folder scheduled__2024-01-15T00:00:00+00:00 [queued]>
[2025-08-08T02:42:34.588+0000] {taskinstance.py:2306} INFO - Starting attempt 1 of 1
[2025-08-08T02:42:34.684+0000] {taskinstance.py:2330} INFO - Executing <Task(BashOperator): create_folder> on 2024-01-15 00:00:00+00:00
[2025-08-08T02:42:34.692+0000] {standard_task_runner.py:63} INFO - Started process 2712 to run task
[2025-08-08T02:42:34.696+0000] {standard_task_runner.py:90} INFO - Running: ['***', 'tasks', 'run', 'climate_data', 'create_folder', 'scheduled__2024-01-15T00:00:00+00:00', '--job-id', '786', '--raw', '--subdir', 'DAGS_FOLDER/climate_data.py', '--cfg-path', '/tmp/tmpavlf_9__']
[2025-08-08T02:42:34.698+0000] {standard_task_runner.py:91} INFO - Job 786: Subtask create_folder
[2025-08-08T02:42:34.718+0000] {logging_mixin.py:188} WARNING - /home/***/.local/lib/python3.9/site-packages/***/settings.py:195 DeprecationWarning: The sql_alchemy_conn option in [core] has been moved to the sql_alchemy_conn option in [database] - the old setting has been used, but please update your config.
[2025-08-08T02:42:34.779+0000] {task_command.py:426} INFO - Running <TaskInstance: climate_data.create_folder scheduled__2024-01-15T00:00:00+00:00 [running]> on host 1a6f5acf67f4
[2025-08-08T02:42:34.865+0000] {taskinstance.py:2648} INFO - Exporting env vars: AIRFLOW_CTX_DAG_OWNER='***' AIRFLOW_CTX_DAG_ID='climate_data' AIRFLOW_CTX_TASK_ID='create_folder' AIRFLOW_CTX_EXECUTION_DATE='2024-01-15T00:00:00+00:00' AIRFLOW_CTX_TRY_NUMBER='1' AIRFLOW_CTX_DAG_RUN_ID='scheduled__2024-01-15T00:00:00+00:00'
[2025-08-08T02:42:34.868+0000] {taskinstance.py:430} INFO - ::endgroup::
[2025-08-08T02:42:34.880+0000] {subprocess.py:63} INFO - Tmp dir root location: /tmp
[2025-08-08T02:42:34.881+0000] {subprocess.py:75} INFO - Running command: ['/usr/bin/bash', '-c', 'mkdir -p "/home/***/host_documents/week2024-01-22"']
[2025-08-08T02:42:34.894+0000] {subprocess.py:86} INFO - Output:
[2025-08-08T02:42:34.899+0000] {subprocess.py:97} INFO - Command exited with return code 0
[2025-08-08T02:42:34.900+0000] {taskinstance.py:441} INFO - ::group::Post task execution logs
[2025-08-08T02:42:34.929+0000] {taskinstance.py:1206} INFO - Marking task as SUCCESS. dag_id=climate_data, task_id=create_folder, run_id=scheduled__2024-01-15T00:00:00+00:00, execution_date=20240115T000000, start_date=20250808T024234, end_date=20250808T024234
[2025-08-08T02:42:35.031+0000] {local_task_job_runner.py:240} INFO - Task exited with return code 0
[2025-08-08T02:42:35.050+0000] {taskinstance.py:3498} INFO - 1 downstream tasks scheduled from follow-on schedule check
[2025-08-08T02:42:35.052+0000] {local_task_job_runner.py:222} INFO - ::endgroup::
