[2025-08-08T02:26:23.296+0000] {local_task_job_runner.py:120} INFO - ::group::Pre task execution logs
[2025-08-08T02:26:23.319+0000] {taskinstance.py:2076} INFO - Dependencies all met for dep_context=non-requeueable deps ti=<TaskInstance: climate_data.create_folder scheduled__2022-12-05T00:00:00+00:00 [queued]>
[2025-08-08T02:26:23.329+0000] {taskinstance.py:2076} INFO - Dependencies all met for dep_context=requeueable deps ti=<TaskInstance: climate_data.create_folder scheduled__2022-12-05T00:00:00+00:00 [queued]>
[2025-08-08T02:26:23.330+0000] {taskinstance.py:2306} INFO - Starting attempt 1 of 1
[2025-08-08T02:26:23.363+0000] {taskinstance.py:2330} INFO - Executing <Task(BashOperator): create_folder> on 2022-12-05 00:00:00+00:00
[2025-08-08T02:26:23.367+0000] {standard_task_runner.py:63} INFO - Started process 282 to run task
[2025-08-08T02:26:23.371+0000] {standard_task_runner.py:90} INFO - Running: ['***', 'tasks', 'run', 'climate_data', 'create_folder', 'scheduled__2022-12-05T00:00:00+00:00', '--job-id', '44', '--raw', '--subdir', 'DAGS_FOLDER/climate_data.py', '--cfg-path', '/tmp/tmp9guwegag']
[2025-08-08T02:26:23.373+0000] {standard_task_runner.py:91} INFO - Job 44: Subtask create_folder
[2025-08-08T02:26:23.392+0000] {logging_mixin.py:188} WARNING - /home/***/.local/lib/python3.9/site-packages/***/settings.py:195 DeprecationWarning: The sql_alchemy_conn option in [core] has been moved to the sql_alchemy_conn option in [database] - the old setting has been used, but please update your config.
[2025-08-08T02:26:23.437+0000] {task_command.py:426} INFO - Running <TaskInstance: climate_data.create_folder scheduled__2022-12-05T00:00:00+00:00 [running]> on host 3ceab82043f1
[2025-08-08T02:26:23.508+0000] {taskinstance.py:2648} INFO - Exporting env vars: AIRFLOW_CTX_DAG_OWNER='***' AIRFLOW_CTX_DAG_ID='climate_data' AIRFLOW_CTX_TASK_ID='create_folder' AIRFLOW_CTX_EXECUTION_DATE='2022-12-05T00:00:00+00:00' AIRFLOW_CTX_TRY_NUMBER='1' AIRFLOW_CTX_DAG_RUN_ID='scheduled__2022-12-05T00:00:00+00:00'
[2025-08-08T02:26:23.510+0000] {taskinstance.py:430} INFO - ::endgroup::
[2025-08-08T02:26:23.519+0000] {subprocess.py:63} INFO - Tmp dir root location: /tmp
[2025-08-08T02:26:23.520+0000] {subprocess.py:75} INFO - Running command: ['/usr/bin/bash', '-c', 'mkdir -p /home/***/host_documents/week2022-12-12"']
[2025-08-08T02:26:23.530+0000] {subprocess.py:86} INFO - Output:
[2025-08-08T02:26:23.531+0000] {subprocess.py:93} INFO - /usr/bin/bash: -c: line 1: unexpected EOF while looking for matching `"'
[2025-08-08T02:26:23.531+0000] {subprocess.py:97} INFO - Command exited with return code 2
[2025-08-08T02:26:23.532+0000] {taskinstance.py:441} INFO - ::group::Post task execution logs
[2025-08-08T02:26:23.543+0000] {taskinstance.py:2905} ERROR - Task failed with exception
Traceback (most recent call last):
  File "/home/airflow/.local/lib/python3.9/site-packages/airflow/models/taskinstance.py", line 465, in _execute_task
    result = _execute_callable(context=context, **execute_callable_kwargs)
  File "/home/airflow/.local/lib/python3.9/site-packages/airflow/models/taskinstance.py", line 432, in _execute_callable
    return execute_callable(context=context, **execute_callable_kwargs)
  File "/home/airflow/.local/lib/python3.9/site-packages/airflow/models/baseoperator.py", line 400, in wrapper
    return func(self, *args, **kwargs)
  File "/home/airflow/.local/lib/python3.9/site-packages/airflow/operators/bash.py", line 243, in execute
    raise AirflowException(
airflow.exceptions.AirflowException: Bash command failed. The command returned a non-zero exit code 2.
[2025-08-08T02:26:23.546+0000] {taskinstance.py:1206} INFO - Marking task as FAILED. dag_id=climate_data, task_id=create_folder, run_id=scheduled__2022-12-05T00:00:00+00:00, execution_date=20221205T000000, start_date=20250808T022623, end_date=20250808T022623
[2025-08-08T02:26:23.569+0000] {standard_task_runner.py:110} ERROR - Failed to execute job 44 for task create_folder (Bash command failed. The command returned a non-zero exit code 2.; 282)
[2025-08-08T02:26:23.583+0000] {local_task_job_runner.py:240} INFO - Task exited with return code 1
[2025-08-08T02:26:23.601+0000] {taskinstance.py:3498} INFO - 0 downstream tasks scheduled from follow-on schedule check
[2025-08-08T02:26:23.606+0000] {local_task_job_runner.py:222} INFO - ::endgroup::
[2025-08-08T02:34:41.841+0000] {local_task_job_runner.py:120} INFO - ::group::Pre task execution logs
[2025-08-08T02:34:41.864+0000] {taskinstance.py:2076} INFO - Dependencies all met for dep_context=non-requeueable deps ti=<TaskInstance: climate_data.create_folder scheduled__2022-12-05T00:00:00+00:00 [queued]>
[2025-08-08T02:34:41.872+0000] {taskinstance.py:2076} INFO - Dependencies all met for dep_context=requeueable deps ti=<TaskInstance: climate_data.create_folder scheduled__2022-12-05T00:00:00+00:00 [queued]>
[2025-08-08T02:34:41.872+0000] {taskinstance.py:2306} INFO - Starting attempt 1 of 1
[2025-08-08T02:34:41.889+0000] {taskinstance.py:2330} INFO - Executing <Task(BashOperator): create_folder> on 2022-12-05 00:00:00+00:00
[2025-08-08T02:34:41.893+0000] {standard_task_runner.py:63} INFO - Started process 312 to run task
[2025-08-08T02:34:41.895+0000] {standard_task_runner.py:90} INFO - Running: ['***', 'tasks', 'run', 'climate_data', 'create_folder', 'scheduled__2022-12-05T00:00:00+00:00', '--job-id', '199', '--raw', '--subdir', 'DAGS_FOLDER/climate_data.py', '--cfg-path', '/tmp/tmplil17raj']
[2025-08-08T02:34:41.898+0000] {standard_task_runner.py:91} INFO - Job 199: Subtask create_folder
[2025-08-08T02:34:41.910+0000] {logging_mixin.py:188} WARNING - /home/***/.local/lib/python3.9/site-packages/***/settings.py:195 DeprecationWarning: The sql_alchemy_conn option in [core] has been moved to the sql_alchemy_conn option in [database] - the old setting has been used, but please update your config.
[2025-08-08T02:34:41.960+0000] {task_command.py:426} INFO - Running <TaskInstance: climate_data.create_folder scheduled__2022-12-05T00:00:00+00:00 [running]> on host 1a6f5acf67f4
[2025-08-08T02:34:42.033+0000] {taskinstance.py:2648} INFO - Exporting env vars: AIRFLOW_CTX_DAG_OWNER='***' AIRFLOW_CTX_DAG_ID='climate_data' AIRFLOW_CTX_TASK_ID='create_folder' AIRFLOW_CTX_EXECUTION_DATE='2022-12-05T00:00:00+00:00' AIRFLOW_CTX_TRY_NUMBER='1' AIRFLOW_CTX_DAG_RUN_ID='scheduled__2022-12-05T00:00:00+00:00'
[2025-08-08T02:34:42.034+0000] {taskinstance.py:430} INFO - ::endgroup::
[2025-08-08T02:34:42.041+0000] {subprocess.py:63} INFO - Tmp dir root location: /tmp
[2025-08-08T02:34:42.042+0000] {subprocess.py:75} INFO - Running command: ['/usr/bin/bash', '-c', 'mkdir -p /home/***/host_documents/week2022-12-12"']
[2025-08-08T02:34:42.049+0000] {subprocess.py:86} INFO - Output:
[2025-08-08T02:34:42.051+0000] {subprocess.py:93} INFO - /usr/bin/bash: -c: line 1: unexpected EOF while looking for matching `"'
[2025-08-08T02:34:42.051+0000] {subprocess.py:97} INFO - Command exited with return code 2
[2025-08-08T02:34:42.052+0000] {taskinstance.py:441} INFO - ::group::Post task execution logs
[2025-08-08T02:34:42.060+0000] {taskinstance.py:2905} ERROR - Task failed with exception
Traceback (most recent call last):
  File "/home/airflow/.local/lib/python3.9/site-packages/airflow/models/taskinstance.py", line 465, in _execute_task
    result = _execute_callable(context=context, **execute_callable_kwargs)
  File "/home/airflow/.local/lib/python3.9/site-packages/airflow/models/taskinstance.py", line 432, in _execute_callable
    return execute_callable(context=context, **execute_callable_kwargs)
  File "/home/airflow/.local/lib/python3.9/site-packages/airflow/models/baseoperator.py", line 400, in wrapper
    return func(self, *args, **kwargs)
  File "/home/airflow/.local/lib/python3.9/site-packages/airflow/operators/bash.py", line 243, in execute
    raise AirflowException(
airflow.exceptions.AirflowException: Bash command failed. The command returned a non-zero exit code 2.
[2025-08-08T02:34:42.064+0000] {taskinstance.py:1206} INFO - Marking task as FAILED. dag_id=climate_data, task_id=create_folder, run_id=scheduled__2022-12-05T00:00:00+00:00, execution_date=20221205T000000, start_date=20250808T023441, end_date=20250808T023442
[2025-08-08T02:34:42.089+0000] {standard_task_runner.py:110} ERROR - Failed to execute job 199 for task create_folder (Bash command failed. The command returned a non-zero exit code 2.; 312)
[2025-08-08T02:34:42.110+0000] {local_task_job_runner.py:240} INFO - Task exited with return code 1
[2025-08-08T02:34:42.127+0000] {taskinstance.py:3498} INFO - 0 downstream tasks scheduled from follow-on schedule check
[2025-08-08T02:34:42.130+0000] {local_task_job_runner.py:222} INFO - ::endgroup::
[2025-08-08T02:39:14.632+0000] {local_task_job_runner.py:120} INFO - ::group::Pre task execution logs
[2025-08-08T02:39:14.658+0000] {taskinstance.py:2076} INFO - Dependencies all met for dep_context=non-requeueable deps ti=<TaskInstance: climate_data.create_folder scheduled__2022-12-05T00:00:00+00:00 [queued]>
[2025-08-08T02:39:14.666+0000] {taskinstance.py:2076} INFO - Dependencies all met for dep_context=requeueable deps ti=<TaskInstance: climate_data.create_folder scheduled__2022-12-05T00:00:00+00:00 [queued]>
[2025-08-08T02:39:14.667+0000] {taskinstance.py:2306} INFO - Starting attempt 1 of 1
[2025-08-08T02:39:14.677+0000] {taskinstance.py:2330} INFO - Executing <Task(BashOperator): create_folder> on 2022-12-05 00:00:00+00:00
[2025-08-08T02:39:14.682+0000] {standard_task_runner.py:63} INFO - Started process 1111 to run task
[2025-08-08T02:39:14.684+0000] {standard_task_runner.py:90} INFO - Running: ['***', 'tasks', 'run', 'climate_data', 'create_folder', 'scheduled__2022-12-05T00:00:00+00:00', '--job-id', '363', '--raw', '--subdir', 'DAGS_FOLDER/climate_data.py', '--cfg-path', '/tmp/tmpiw2uhw9w']
[2025-08-08T02:39:14.687+0000] {standard_task_runner.py:91} INFO - Job 363: Subtask create_folder
[2025-08-08T02:39:14.701+0000] {logging_mixin.py:188} WARNING - /home/***/.local/lib/python3.9/site-packages/***/settings.py:195 DeprecationWarning: The sql_alchemy_conn option in [core] has been moved to the sql_alchemy_conn option in [database] - the old setting has been used, but please update your config.
[2025-08-08T02:39:14.752+0000] {task_command.py:426} INFO - Running <TaskInstance: climate_data.create_folder scheduled__2022-12-05T00:00:00+00:00 [running]> on host 1a6f5acf67f4
[2025-08-08T02:39:14.830+0000] {taskinstance.py:2648} INFO - Exporting env vars: AIRFLOW_CTX_DAG_OWNER='***' AIRFLOW_CTX_DAG_ID='climate_data' AIRFLOW_CTX_TASK_ID='create_folder' AIRFLOW_CTX_EXECUTION_DATE='2022-12-05T00:00:00+00:00' AIRFLOW_CTX_TRY_NUMBER='1' AIRFLOW_CTX_DAG_RUN_ID='scheduled__2022-12-05T00:00:00+00:00'
[2025-08-08T02:39:14.831+0000] {taskinstance.py:430} INFO - ::endgroup::
[2025-08-08T02:39:14.843+0000] {subprocess.py:63} INFO - Tmp dir root location: /tmp
[2025-08-08T02:39:14.845+0000] {subprocess.py:75} INFO - Running command: ['/usr/bin/bash', '-c', 'mkdir -p /home/***/host_documents/week2022-12-12']
[2025-08-08T02:39:14.855+0000] {subprocess.py:86} INFO - Output:
[2025-08-08T02:39:14.860+0000] {subprocess.py:97} INFO - Command exited with return code 0
[2025-08-08T02:39:14.861+0000] {taskinstance.py:441} INFO - ::group::Post task execution logs
[2025-08-08T02:39:14.885+0000] {taskinstance.py:1206} INFO - Marking task as SUCCESS. dag_id=climate_data, task_id=create_folder, run_id=scheduled__2022-12-05T00:00:00+00:00, execution_date=20221205T000000, start_date=20250808T023914, end_date=20250808T023914
[2025-08-08T02:39:14.978+0000] {local_task_job_runner.py:240} INFO - Task exited with return code 0
[2025-08-08T02:39:14.989+0000] {local_task_job_runner.py:222} INFO - ::endgroup::
[2025-08-08T02:42:13.133+0000] {local_task_job_runner.py:120} INFO - ::group::Pre task execution logs
[2025-08-08T02:42:13.156+0000] {taskinstance.py:2076} INFO - Dependencies all met for dep_context=non-requeueable deps ti=<TaskInstance: climate_data.create_folder scheduled__2022-12-05T00:00:00+00:00 [queued]>
[2025-08-08T02:42:13.164+0000] {taskinstance.py:2076} INFO - Dependencies all met for dep_context=requeueable deps ti=<TaskInstance: climate_data.create_folder scheduled__2022-12-05T00:00:00+00:00 [queued]>
[2025-08-08T02:42:13.164+0000] {taskinstance.py:2306} INFO - Starting attempt 1 of 1
[2025-08-08T02:42:13.199+0000] {taskinstance.py:2330} INFO - Executing <Task(BashOperator): create_folder> on 2022-12-05 00:00:00+00:00
[2025-08-08T02:42:13.203+0000] {standard_task_runner.py:63} INFO - Started process 2285 to run task
[2025-08-08T02:42:13.206+0000] {standard_task_runner.py:90} INFO - Running: ['***', 'tasks', 'run', 'climate_data', 'create_folder', 'scheduled__2022-12-05T00:00:00+00:00', '--job-id', '672', '--raw', '--subdir', 'DAGS_FOLDER/climate_data.py', '--cfg-path', '/tmp/tmphtilr47b']
[2025-08-08T02:42:13.208+0000] {standard_task_runner.py:91} INFO - Job 672: Subtask create_folder
[2025-08-08T02:42:13.219+0000] {logging_mixin.py:188} WARNING - /home/***/.local/lib/python3.9/site-packages/***/settings.py:195 DeprecationWarning: The sql_alchemy_conn option in [core] has been moved to the sql_alchemy_conn option in [database] - the old setting has been used, but please update your config.
[2025-08-08T02:42:13.263+0000] {task_command.py:426} INFO - Running <TaskInstance: climate_data.create_folder scheduled__2022-12-05T00:00:00+00:00 [running]> on host 1a6f5acf67f4
[2025-08-08T02:42:13.334+0000] {taskinstance.py:2648} INFO - Exporting env vars: AIRFLOW_CTX_DAG_OWNER='***' AIRFLOW_CTX_DAG_ID='climate_data' AIRFLOW_CTX_TASK_ID='create_folder' AIRFLOW_CTX_EXECUTION_DATE='2022-12-05T00:00:00+00:00' AIRFLOW_CTX_TRY_NUMBER='1' AIRFLOW_CTX_DAG_RUN_ID='scheduled__2022-12-05T00:00:00+00:00'
[2025-08-08T02:42:13.336+0000] {taskinstance.py:430} INFO - ::endgroup::
[2025-08-08T02:42:13.346+0000] {subprocess.py:63} INFO - Tmp dir root location: /tmp
[2025-08-08T02:42:13.347+0000] {subprocess.py:75} INFO - Running command: ['/usr/bin/bash', '-c', 'mkdir -p "/home/***/host_documents/week2022-12-12"']
[2025-08-08T02:42:13.357+0000] {subprocess.py:86} INFO - Output:
[2025-08-08T02:42:13.361+0000] {subprocess.py:97} INFO - Command exited with return code 0
[2025-08-08T02:42:13.362+0000] {taskinstance.py:441} INFO - ::group::Post task execution logs
[2025-08-08T02:42:13.389+0000] {taskinstance.py:1206} INFO - Marking task as SUCCESS. dag_id=climate_data, task_id=create_folder, run_id=scheduled__2022-12-05T00:00:00+00:00, execution_date=20221205T000000, start_date=20250808T024213, end_date=20250808T024213
[2025-08-08T02:42:13.419+0000] {local_task_job_runner.py:240} INFO - Task exited with return code 0
[2025-08-08T02:42:13.436+0000] {taskinstance.py:3498} INFO - 1 downstream tasks scheduled from follow-on schedule check
[2025-08-08T02:42:13.440+0000] {local_task_job_runner.py:222} INFO - ::endgroup::
