[2025-08-08T02:26:38.925+0000] {local_task_job_runner.py:120} INFO - ::group::Pre task execution logs
[2025-08-08T02:26:38.944+0000] {taskinstance.py:2076} INFO - Dependencies all met for dep_context=non-requeueable deps ti=<TaskInstance: climate_data.create_folder scheduled__2023-11-13T00:00:00+00:00 [queued]>
[2025-08-08T02:26:38.951+0000] {taskinstance.py:2076} INFO - Dependencies all met for dep_context=requeueable deps ti=<TaskInstance: climate_data.create_folder scheduled__2023-11-13T00:00:00+00:00 [queued]>
[2025-08-08T02:26:38.952+0000] {taskinstance.py:2306} INFO - Starting attempt 1 of 1
[2025-08-08T02:26:38.960+0000] {taskinstance.py:2330} INFO - Executing <Task(BashOperator): create_folder> on 2023-11-13 00:00:00+00:00
[2025-08-08T02:26:38.964+0000] {standard_task_runner.py:63} INFO - Started process 472 to run task
[2025-08-08T02:26:38.966+0000] {standard_task_runner.py:90} INFO - Running: ['***', 'tasks', 'run', 'climate_data', 'create_folder', 'scheduled__2023-11-13T00:00:00+00:00', '--job-id', '93', '--raw', '--subdir', 'DAGS_FOLDER/climate_data.py', '--cfg-path', '/tmp/tmpuyts0kgh']
[2025-08-08T02:26:38.968+0000] {standard_task_runner.py:91} INFO - Job 93: Subtask create_folder
[2025-08-08T02:26:38.979+0000] {logging_mixin.py:188} WARNING - /home/***/.local/lib/python3.9/site-packages/***/settings.py:195 DeprecationWarning: The sql_alchemy_conn option in [core] has been moved to the sql_alchemy_conn option in [database] - the old setting has been used, but please update your config.
[2025-08-08T02:26:39.017+0000] {task_command.py:426} INFO - Running <TaskInstance: climate_data.create_folder scheduled__2023-11-13T00:00:00+00:00 [running]> on host 3ceab82043f1
[2025-08-08T02:26:39.073+0000] {taskinstance.py:2648} INFO - Exporting env vars: AIRFLOW_CTX_DAG_OWNER='***' AIRFLOW_CTX_DAG_ID='climate_data' AIRFLOW_CTX_TASK_ID='create_folder' AIRFLOW_CTX_EXECUTION_DATE='2023-11-13T00:00:00+00:00' AIRFLOW_CTX_TRY_NUMBER='1' AIRFLOW_CTX_DAG_RUN_ID='scheduled__2023-11-13T00:00:00+00:00'
[2025-08-08T02:26:39.074+0000] {taskinstance.py:430} INFO - ::endgroup::
[2025-08-08T02:26:39.082+0000] {subprocess.py:63} INFO - Tmp dir root location: /tmp
[2025-08-08T02:26:39.083+0000] {subprocess.py:75} INFO - Running command: ['/usr/bin/bash', '-c', 'mkdir -p /home/***/host_documents/week2023-11-20"']
[2025-08-08T02:26:39.089+0000] {subprocess.py:86} INFO - Output:
[2025-08-08T02:26:39.091+0000] {subprocess.py:93} INFO - /usr/bin/bash: -c: line 1: unexpected EOF while looking for matching `"'
[2025-08-08T02:26:39.091+0000] {subprocess.py:97} INFO - Command exited with return code 2
[2025-08-08T02:26:39.092+0000] {taskinstance.py:441} INFO - ::group::Post task execution logs
[2025-08-08T02:26:39.099+0000] {taskinstance.py:2905} ERROR - Task failed with exception
Traceback (most recent call last):
  File "/home/airflow/.local/lib/python3.9/site-packages/airflow/models/taskinstance.py", line 465, in _execute_task
    result = _execute_callable(context=context, **execute_callable_kwargs)
  File "/home/airflow/.local/lib/python3.9/site-packages/airflow/models/taskinstance.py", line 432, in _execute_callable
    return execute_callable(context=context, **execute_callable_kwargs)
  File "/home/airflow/.local/lib/python3.9/site-packages/airflow/models/baseoperator.py", line 400, in wrapper
    return func(self, *args, **kwargs)
  File "/home/airflow/.local/lib/python3.9/site-packages/airflow/operators/bash.py", line 243, in execute
    raise AirflowException(
airflow.exceptions.AirflowException: Bash command failed. The command returned a non-zero exit code 2.
[2025-08-08T02:26:39.101+0000] {taskinstance.py:1206} INFO - Marking task as FAILED. dag_id=climate_data, task_id=create_folder, run_id=scheduled__2023-11-13T00:00:00+00:00, execution_date=20231113T000000, start_date=20250808T022638, end_date=20250808T022639
[2025-08-08T02:26:39.110+0000] {standard_task_runner.py:110} ERROR - Failed to execute job 93 for task create_folder (Bash command failed. The command returned a non-zero exit code 2.; 472)
[2025-08-08T02:26:39.138+0000] {local_task_job_runner.py:240} INFO - Task exited with return code 1
[2025-08-08T02:26:39.152+0000] {taskinstance.py:3498} INFO - 0 downstream tasks scheduled from follow-on schedule check
[2025-08-08T02:26:39.155+0000] {local_task_job_runner.py:222} INFO - ::endgroup::
[2025-08-08T02:34:58.035+0000] {local_task_job_runner.py:120} INFO - ::group::Pre task execution logs
[2025-08-08T02:34:58.054+0000] {taskinstance.py:2076} INFO - Dependencies all met for dep_context=non-requeueable deps ti=<TaskInstance: climate_data.create_folder scheduled__2023-11-13T00:00:00+00:00 [queued]>
[2025-08-08T02:34:58.061+0000] {taskinstance.py:2076} INFO - Dependencies all met for dep_context=requeueable deps ti=<TaskInstance: climate_data.create_folder scheduled__2023-11-13T00:00:00+00:00 [queued]>
[2025-08-08T02:34:58.061+0000] {taskinstance.py:2306} INFO - Starting attempt 1 of 1
[2025-08-08T02:34:58.074+0000] {taskinstance.py:2330} INFO - Executing <Task(BashOperator): create_folder> on 2023-11-13 00:00:00+00:00
[2025-08-08T02:34:58.078+0000] {standard_task_runner.py:63} INFO - Started process 521 to run task
[2025-08-08T02:34:58.080+0000] {standard_task_runner.py:90} INFO - Running: ['***', 'tasks', 'run', 'climate_data', 'create_folder', 'scheduled__2023-11-13T00:00:00+00:00', '--job-id', '248', '--raw', '--subdir', 'DAGS_FOLDER/climate_data.py', '--cfg-path', '/tmp/tmp8v1ccd1_']
[2025-08-08T02:34:58.082+0000] {standard_task_runner.py:91} INFO - Job 248: Subtask create_folder
[2025-08-08T02:34:58.094+0000] {logging_mixin.py:188} WARNING - /home/***/.local/lib/python3.9/site-packages/***/settings.py:195 DeprecationWarning: The sql_alchemy_conn option in [core] has been moved to the sql_alchemy_conn option in [database] - the old setting has been used, but please update your config.
[2025-08-08T02:34:58.131+0000] {task_command.py:426} INFO - Running <TaskInstance: climate_data.create_folder scheduled__2023-11-13T00:00:00+00:00 [running]> on host 1a6f5acf67f4
[2025-08-08T02:34:58.189+0000] {taskinstance.py:2648} INFO - Exporting env vars: AIRFLOW_CTX_DAG_OWNER='***' AIRFLOW_CTX_DAG_ID='climate_data' AIRFLOW_CTX_TASK_ID='create_folder' AIRFLOW_CTX_EXECUTION_DATE='2023-11-13T00:00:00+00:00' AIRFLOW_CTX_TRY_NUMBER='1' AIRFLOW_CTX_DAG_RUN_ID='scheduled__2023-11-13T00:00:00+00:00'
[2025-08-08T02:34:58.190+0000] {taskinstance.py:430} INFO - ::endgroup::
[2025-08-08T02:34:58.199+0000] {subprocess.py:63} INFO - Tmp dir root location: /tmp
[2025-08-08T02:34:58.200+0000] {subprocess.py:75} INFO - Running command: ['/usr/bin/bash', '-c', 'mkdir -p /home/***/host_documents/week2023-11-20"']
[2025-08-08T02:34:58.207+0000] {subprocess.py:86} INFO - Output:
[2025-08-08T02:34:58.208+0000] {subprocess.py:93} INFO - /usr/bin/bash: -c: line 1: unexpected EOF while looking for matching `"'
[2025-08-08T02:34:58.209+0000] {subprocess.py:97} INFO - Command exited with return code 2
[2025-08-08T02:34:58.209+0000] {taskinstance.py:441} INFO - ::group::Post task execution logs
[2025-08-08T02:34:58.217+0000] {taskinstance.py:2905} ERROR - Task failed with exception
Traceback (most recent call last):
  File "/home/airflow/.local/lib/python3.9/site-packages/airflow/models/taskinstance.py", line 465, in _execute_task
    result = _execute_callable(context=context, **execute_callable_kwargs)
  File "/home/airflow/.local/lib/python3.9/site-packages/airflow/models/taskinstance.py", line 432, in _execute_callable
    return execute_callable(context=context, **execute_callable_kwargs)
  File "/home/airflow/.local/lib/python3.9/site-packages/airflow/models/baseoperator.py", line 400, in wrapper
    return func(self, *args, **kwargs)
  File "/home/airflow/.local/lib/python3.9/site-packages/airflow/operators/bash.py", line 243, in execute
    raise AirflowException(
airflow.exceptions.AirflowException: Bash command failed. The command returned a non-zero exit code 2.
[2025-08-08T02:34:58.221+0000] {taskinstance.py:1206} INFO - Marking task as FAILED. dag_id=climate_data, task_id=create_folder, run_id=scheduled__2023-11-13T00:00:00+00:00, execution_date=20231113T000000, start_date=20250808T023458, end_date=20250808T023458
[2025-08-08T02:34:58.229+0000] {standard_task_runner.py:110} ERROR - Failed to execute job 248 for task create_folder (Bash command failed. The command returned a non-zero exit code 2.; 521)
[2025-08-08T02:34:58.252+0000] {local_task_job_runner.py:240} INFO - Task exited with return code 1
[2025-08-08T02:34:58.267+0000] {taskinstance.py:3498} INFO - 0 downstream tasks scheduled from follow-on schedule check
[2025-08-08T02:34:58.270+0000] {local_task_job_runner.py:222} INFO - ::endgroup::
[2025-08-08T02:39:33.744+0000] {local_task_job_runner.py:120} INFO - ::group::Pre task execution logs
[2025-08-08T02:39:33.762+0000] {taskinstance.py:2076} INFO - Dependencies all met for dep_context=non-requeueable deps ti=<TaskInstance: climate_data.create_folder scheduled__2023-11-13T00:00:00+00:00 [queued]>
[2025-08-08T02:39:33.767+0000] {taskinstance.py:2076} INFO - Dependencies all met for dep_context=requeueable deps ti=<TaskInstance: climate_data.create_folder scheduled__2023-11-13T00:00:00+00:00 [queued]>
[2025-08-08T02:39:33.768+0000] {taskinstance.py:2306} INFO - Starting attempt 1 of 1
[2025-08-08T02:39:33.776+0000] {taskinstance.py:2330} INFO - Executing <Task(BashOperator): create_folder> on 2023-11-13 00:00:00+00:00
[2025-08-08T02:39:33.779+0000] {standard_task_runner.py:63} INFO - Started process 1478 to run task
[2025-08-08T02:39:33.781+0000] {standard_task_runner.py:90} INFO - Running: ['***', 'tasks', 'run', 'climate_data', 'create_folder', 'scheduled__2023-11-13T00:00:00+00:00', '--job-id', '468', '--raw', '--subdir', 'DAGS_FOLDER/climate_data.py', '--cfg-path', '/tmp/tmp33u1em2_']
[2025-08-08T02:39:33.783+0000] {standard_task_runner.py:91} INFO - Job 468: Subtask create_folder
[2025-08-08T02:39:33.794+0000] {logging_mixin.py:188} WARNING - /home/***/.local/lib/python3.9/site-packages/***/settings.py:195 DeprecationWarning: The sql_alchemy_conn option in [core] has been moved to the sql_alchemy_conn option in [database] - the old setting has been used, but please update your config.
[2025-08-08T02:39:33.829+0000] {task_command.py:426} INFO - Running <TaskInstance: climate_data.create_folder scheduled__2023-11-13T00:00:00+00:00 [running]> on host 1a6f5acf67f4
[2025-08-08T02:39:33.892+0000] {taskinstance.py:2648} INFO - Exporting env vars: AIRFLOW_CTX_DAG_OWNER='***' AIRFLOW_CTX_DAG_ID='climate_data' AIRFLOW_CTX_TASK_ID='create_folder' AIRFLOW_CTX_EXECUTION_DATE='2023-11-13T00:00:00+00:00' AIRFLOW_CTX_TRY_NUMBER='1' AIRFLOW_CTX_DAG_RUN_ID='scheduled__2023-11-13T00:00:00+00:00'
[2025-08-08T02:39:33.893+0000] {taskinstance.py:430} INFO - ::endgroup::
[2025-08-08T02:39:33.900+0000] {subprocess.py:63} INFO - Tmp dir root location: /tmp
[2025-08-08T02:39:33.901+0000] {subprocess.py:75} INFO - Running command: ['/usr/bin/bash', '-c', 'mkdir -p /home/***/host_documents/week2023-11-20']
[2025-08-08T02:39:33.908+0000] {subprocess.py:86} INFO - Output:
[2025-08-08T02:39:33.911+0000] {subprocess.py:97} INFO - Command exited with return code 0
[2025-08-08T02:39:33.912+0000] {taskinstance.py:441} INFO - ::group::Post task execution logs
[2025-08-08T02:39:33.927+0000] {taskinstance.py:1206} INFO - Marking task as SUCCESS. dag_id=climate_data, task_id=create_folder, run_id=scheduled__2023-11-13T00:00:00+00:00, execution_date=20231113T000000, start_date=20250808T023933, end_date=20250808T023933
[2025-08-08T02:39:33.954+0000] {local_task_job_runner.py:240} INFO - Task exited with return code 0
[2025-08-08T02:39:33.967+0000] {taskinstance.py:3498} INFO - 1 downstream tasks scheduled from follow-on schedule check
[2025-08-08T02:39:33.968+0000] {local_task_job_runner.py:222} INFO - ::endgroup::
[2025-08-08T02:42:32.799+0000] {local_task_job_runner.py:120} INFO - ::group::Pre task execution logs
[2025-08-08T02:42:32.817+0000] {taskinstance.py:2076} INFO - Dependencies all met for dep_context=non-requeueable deps ti=<TaskInstance: climate_data.create_folder scheduled__2023-11-13T00:00:00+00:00 [queued]>
[2025-08-08T02:42:32.824+0000] {taskinstance.py:2076} INFO - Dependencies all met for dep_context=requeueable deps ti=<TaskInstance: climate_data.create_folder scheduled__2023-11-13T00:00:00+00:00 [queued]>
[2025-08-08T02:42:32.824+0000] {taskinstance.py:2306} INFO - Starting attempt 1 of 1
[2025-08-08T02:42:32.832+0000] {taskinstance.py:2330} INFO - Executing <Task(BashOperator): create_folder> on 2023-11-13 00:00:00+00:00
[2025-08-08T02:42:32.836+0000] {standard_task_runner.py:63} INFO - Started process 2658 to run task
[2025-08-08T02:42:32.838+0000] {standard_task_runner.py:90} INFO - Running: ['***', 'tasks', 'run', 'climate_data', 'create_folder', 'scheduled__2023-11-13T00:00:00+00:00', '--job-id', '776', '--raw', '--subdir', 'DAGS_FOLDER/climate_data.py', '--cfg-path', '/tmp/tmpii5c7jkd']
[2025-08-08T02:42:32.840+0000] {standard_task_runner.py:91} INFO - Job 776: Subtask create_folder
[2025-08-08T02:42:32.851+0000] {logging_mixin.py:188} WARNING - /home/***/.local/lib/python3.9/site-packages/***/settings.py:195 DeprecationWarning: The sql_alchemy_conn option in [core] has been moved to the sql_alchemy_conn option in [database] - the old setting has been used, but please update your config.
[2025-08-08T02:42:32.884+0000] {task_command.py:426} INFO - Running <TaskInstance: climate_data.create_folder scheduled__2023-11-13T00:00:00+00:00 [running]> on host 1a6f5acf67f4
[2025-08-08T02:42:32.939+0000] {taskinstance.py:2648} INFO - Exporting env vars: AIRFLOW_CTX_DAG_OWNER='***' AIRFLOW_CTX_DAG_ID='climate_data' AIRFLOW_CTX_TASK_ID='create_folder' AIRFLOW_CTX_EXECUTION_DATE='2023-11-13T00:00:00+00:00' AIRFLOW_CTX_TRY_NUMBER='1' AIRFLOW_CTX_DAG_RUN_ID='scheduled__2023-11-13T00:00:00+00:00'
[2025-08-08T02:42:32.940+0000] {taskinstance.py:430} INFO - ::endgroup::
[2025-08-08T02:42:32.946+0000] {subprocess.py:63} INFO - Tmp dir root location: /tmp
[2025-08-08T02:42:32.947+0000] {subprocess.py:75} INFO - Running command: ['/usr/bin/bash', '-c', 'mkdir -p "/home/***/host_documents/week2023-11-20"']
[2025-08-08T02:42:32.954+0000] {subprocess.py:86} INFO - Output:
[2025-08-08T02:42:32.957+0000] {subprocess.py:97} INFO - Command exited with return code 0
[2025-08-08T02:42:32.958+0000] {taskinstance.py:441} INFO - ::group::Post task execution logs
[2025-08-08T02:42:32.973+0000] {taskinstance.py:1206} INFO - Marking task as SUCCESS. dag_id=climate_data, task_id=create_folder, run_id=scheduled__2023-11-13T00:00:00+00:00, execution_date=20231113T000000, start_date=20250808T024232, end_date=20250808T024232
[2025-08-08T02:42:33.011+0000] {local_task_job_runner.py:240} INFO - Task exited with return code 0
[2025-08-08T02:42:33.024+0000] {taskinstance.py:3498} INFO - 1 downstream tasks scheduled from follow-on schedule check
[2025-08-08T02:42:33.026+0000] {local_task_job_runner.py:222} INFO - ::endgroup::
