[2025-08-08T02:26:23.724+0000] {local_task_job_runner.py:120} INFO - ::group::Pre task execution logs
[2025-08-08T02:26:23.743+0000] {taskinstance.py:2076} INFO - Dependencies all met for dep_context=non-requeueable deps ti=<TaskInstance: climate_data.create_folder scheduled__2023-01-09T00:00:00+00:00 [queued]>
[2025-08-08T02:26:23.751+0000] {taskinstance.py:2076} INFO - Dependencies all met for dep_context=requeueable deps ti=<TaskInstance: climate_data.create_folder scheduled__2023-01-09T00:00:00+00:00 [queued]>
[2025-08-08T02:26:23.752+0000] {taskinstance.py:2306} INFO - Starting attempt 1 of 1
[2025-08-08T02:26:23.761+0000] {taskinstance.py:2330} INFO - Executing <Task(BashOperator): create_folder> on 2023-01-09 00:00:00+00:00
[2025-08-08T02:26:23.764+0000] {standard_task_runner.py:63} INFO - Started process 296 to run task
[2025-08-08T02:26:23.767+0000] {standard_task_runner.py:90} INFO - Running: ['***', 'tasks', 'run', 'climate_data', 'create_folder', 'scheduled__2023-01-09T00:00:00+00:00', '--job-id', '49', '--raw', '--subdir', 'DAGS_FOLDER/climate_data.py', '--cfg-path', '/tmp/tmp071p4l3s']
[2025-08-08T02:26:23.768+0000] {standard_task_runner.py:91} INFO - Job 49: Subtask create_folder
[2025-08-08T02:26:23.779+0000] {logging_mixin.py:188} WARNING - /home/***/.local/lib/python3.9/site-packages/***/settings.py:195 DeprecationWarning: The sql_alchemy_conn option in [core] has been moved to the sql_alchemy_conn option in [database] - the old setting has been used, but please update your config.
[2025-08-08T02:26:23.816+0000] {task_command.py:426} INFO - Running <TaskInstance: climate_data.create_folder scheduled__2023-01-09T00:00:00+00:00 [running]> on host 3ceab82043f1
[2025-08-08T02:26:23.877+0000] {taskinstance.py:2648} INFO - Exporting env vars: AIRFLOW_CTX_DAG_OWNER='***' AIRFLOW_CTX_DAG_ID='climate_data' AIRFLOW_CTX_TASK_ID='create_folder' AIRFLOW_CTX_EXECUTION_DATE='2023-01-09T00:00:00+00:00' AIRFLOW_CTX_TRY_NUMBER='1' AIRFLOW_CTX_DAG_RUN_ID='scheduled__2023-01-09T00:00:00+00:00'
[2025-08-08T02:26:23.878+0000] {taskinstance.py:430} INFO - ::endgroup::
[2025-08-08T02:26:23.886+0000] {subprocess.py:63} INFO - Tmp dir root location: /tmp
[2025-08-08T02:26:23.886+0000] {subprocess.py:75} INFO - Running command: ['/usr/bin/bash', '-c', 'mkdir -p /home/***/host_documents/week2023-01-16"']
[2025-08-08T02:26:23.895+0000] {subprocess.py:86} INFO - Output:
[2025-08-08T02:26:23.896+0000] {subprocess.py:93} INFO - /usr/bin/bash: -c: line 1: unexpected EOF while looking for matching `"'
[2025-08-08T02:26:23.897+0000] {subprocess.py:97} INFO - Command exited with return code 2
[2025-08-08T02:26:23.897+0000] {taskinstance.py:441} INFO - ::group::Post task execution logs
[2025-08-08T02:26:23.905+0000] {taskinstance.py:2905} ERROR - Task failed with exception
Traceback (most recent call last):
  File "/home/airflow/.local/lib/python3.9/site-packages/airflow/models/taskinstance.py", line 465, in _execute_task
    result = _execute_callable(context=context, **execute_callable_kwargs)
  File "/home/airflow/.local/lib/python3.9/site-packages/airflow/models/taskinstance.py", line 432, in _execute_callable
    return execute_callable(context=context, **execute_callable_kwargs)
  File "/home/airflow/.local/lib/python3.9/site-packages/airflow/models/baseoperator.py", line 400, in wrapper
    return func(self, *args, **kwargs)
  File "/home/airflow/.local/lib/python3.9/site-packages/airflow/operators/bash.py", line 243, in execute
    raise AirflowException(
airflow.exceptions.AirflowException: Bash command failed. The command returned a non-zero exit code 2.
[2025-08-08T02:26:23.907+0000] {taskinstance.py:1206} INFO - Marking task as FAILED. dag_id=climate_data, task_id=create_folder, run_id=scheduled__2023-01-09T00:00:00+00:00, execution_date=20230109T000000, start_date=20250808T022623, end_date=20250808T022623
[2025-08-08T02:26:23.917+0000] {standard_task_runner.py:110} ERROR - Failed to execute job 49 for task create_folder (Bash command failed. The command returned a non-zero exit code 2.; 296)
[2025-08-08T02:26:23.939+0000] {local_task_job_runner.py:240} INFO - Task exited with return code 1
[2025-08-08T02:26:23.956+0000] {taskinstance.py:3498} INFO - 0 downstream tasks scheduled from follow-on schedule check
[2025-08-08T02:26:23.960+0000] {local_task_job_runner.py:222} INFO - ::endgroup::
[2025-08-08T02:34:42.234+0000] {local_task_job_runner.py:120} INFO - ::group::Pre task execution logs
[2025-08-08T02:34:42.253+0000] {taskinstance.py:2076} INFO - Dependencies all met for dep_context=non-requeueable deps ti=<TaskInstance: climate_data.create_folder scheduled__2023-01-09T00:00:00+00:00 [queued]>
[2025-08-08T02:34:42.260+0000] {taskinstance.py:2076} INFO - Dependencies all met for dep_context=requeueable deps ti=<TaskInstance: climate_data.create_folder scheduled__2023-01-09T00:00:00+00:00 [queued]>
[2025-08-08T02:34:42.261+0000] {taskinstance.py:2306} INFO - Starting attempt 1 of 1
[2025-08-08T02:34:42.272+0000] {taskinstance.py:2330} INFO - Executing <Task(BashOperator): create_folder> on 2023-01-09 00:00:00+00:00
[2025-08-08T02:34:42.276+0000] {standard_task_runner.py:63} INFO - Started process 329 to run task
[2025-08-08T02:34:42.279+0000] {standard_task_runner.py:90} INFO - Running: ['***', 'tasks', 'run', 'climate_data', 'create_folder', 'scheduled__2023-01-09T00:00:00+00:00', '--job-id', '204', '--raw', '--subdir', 'DAGS_FOLDER/climate_data.py', '--cfg-path', '/tmp/tmpobldrx4i']
[2025-08-08T02:34:42.282+0000] {standard_task_runner.py:91} INFO - Job 204: Subtask create_folder
[2025-08-08T02:34:42.294+0000] {logging_mixin.py:188} WARNING - /home/***/.local/lib/python3.9/site-packages/***/settings.py:195 DeprecationWarning: The sql_alchemy_conn option in [core] has been moved to the sql_alchemy_conn option in [database] - the old setting has been used, but please update your config.
[2025-08-08T02:34:42.338+0000] {task_command.py:426} INFO - Running <TaskInstance: climate_data.create_folder scheduled__2023-01-09T00:00:00+00:00 [running]> on host 1a6f5acf67f4
[2025-08-08T02:34:42.396+0000] {taskinstance.py:2648} INFO - Exporting env vars: AIRFLOW_CTX_DAG_OWNER='***' AIRFLOW_CTX_DAG_ID='climate_data' AIRFLOW_CTX_TASK_ID='create_folder' AIRFLOW_CTX_EXECUTION_DATE='2023-01-09T00:00:00+00:00' AIRFLOW_CTX_TRY_NUMBER='1' AIRFLOW_CTX_DAG_RUN_ID='scheduled__2023-01-09T00:00:00+00:00'
[2025-08-08T02:34:42.397+0000] {taskinstance.py:430} INFO - ::endgroup::
[2025-08-08T02:34:42.405+0000] {subprocess.py:63} INFO - Tmp dir root location: /tmp
[2025-08-08T02:34:42.405+0000] {subprocess.py:75} INFO - Running command: ['/usr/bin/bash', '-c', 'mkdir -p /home/***/host_documents/week2023-01-16"']
[2025-08-08T02:34:42.413+0000] {subprocess.py:86} INFO - Output:
[2025-08-08T02:34:42.414+0000] {subprocess.py:93} INFO - /usr/bin/bash: -c: line 1: unexpected EOF while looking for matching `"'
[2025-08-08T02:34:42.415+0000] {subprocess.py:97} INFO - Command exited with return code 2
[2025-08-08T02:34:42.415+0000] {taskinstance.py:441} INFO - ::group::Post task execution logs
[2025-08-08T02:34:42.422+0000] {taskinstance.py:2905} ERROR - Task failed with exception
Traceback (most recent call last):
  File "/home/airflow/.local/lib/python3.9/site-packages/airflow/models/taskinstance.py", line 465, in _execute_task
    result = _execute_callable(context=context, **execute_callable_kwargs)
  File "/home/airflow/.local/lib/python3.9/site-packages/airflow/models/taskinstance.py", line 432, in _execute_callable
    return execute_callable(context=context, **execute_callable_kwargs)
  File "/home/airflow/.local/lib/python3.9/site-packages/airflow/models/baseoperator.py", line 400, in wrapper
    return func(self, *args, **kwargs)
  File "/home/airflow/.local/lib/python3.9/site-packages/airflow/operators/bash.py", line 243, in execute
    raise AirflowException(
airflow.exceptions.AirflowException: Bash command failed. The command returned a non-zero exit code 2.
[2025-08-08T02:34:42.424+0000] {taskinstance.py:1206} INFO - Marking task as FAILED. dag_id=climate_data, task_id=create_folder, run_id=scheduled__2023-01-09T00:00:00+00:00, execution_date=20230109T000000, start_date=20250808T023442, end_date=20250808T023442
[2025-08-08T02:34:42.432+0000] {standard_task_runner.py:110} ERROR - Failed to execute job 204 for task create_folder (Bash command failed. The command returned a non-zero exit code 2.; 329)
[2025-08-08T02:34:42.455+0000] {local_task_job_runner.py:240} INFO - Task exited with return code 1
[2025-08-08T02:34:42.470+0000] {taskinstance.py:3498} INFO - 0 downstream tasks scheduled from follow-on schedule check
[2025-08-08T02:34:42.473+0000] {local_task_job_runner.py:222} INFO - ::endgroup::
[2025-08-08T02:39:18.837+0000] {local_task_job_runner.py:120} INFO - ::group::Pre task execution logs
[2025-08-08T02:39:18.858+0000] {taskinstance.py:2076} INFO - Dependencies all met for dep_context=non-requeueable deps ti=<TaskInstance: climate_data.create_folder scheduled__2023-01-09T00:00:00+00:00 [queued]>
[2025-08-08T02:39:18.866+0000] {taskinstance.py:2076} INFO - Dependencies all met for dep_context=requeueable deps ti=<TaskInstance: climate_data.create_folder scheduled__2023-01-09T00:00:00+00:00 [queued]>
[2025-08-08T02:39:18.866+0000] {taskinstance.py:2306} INFO - Starting attempt 1 of 1
[2025-08-08T02:39:18.901+0000] {taskinstance.py:2330} INFO - Executing <Task(BashOperator): create_folder> on 2023-01-09 00:00:00+00:00
[2025-08-08T02:39:18.905+0000] {standard_task_runner.py:63} INFO - Started process 1154 to run task
[2025-08-08T02:39:18.908+0000] {standard_task_runner.py:90} INFO - Running: ['***', 'tasks', 'run', 'climate_data', 'create_folder', 'scheduled__2023-01-09T00:00:00+00:00', '--job-id', '376', '--raw', '--subdir', 'DAGS_FOLDER/climate_data.py', '--cfg-path', '/tmp/tmpfcvw1pcd']
[2025-08-08T02:39:18.910+0000] {standard_task_runner.py:91} INFO - Job 376: Subtask create_folder
[2025-08-08T02:39:18.924+0000] {logging_mixin.py:188} WARNING - /home/***/.local/lib/python3.9/site-packages/***/settings.py:195 DeprecationWarning: The sql_alchemy_conn option in [core] has been moved to the sql_alchemy_conn option in [database] - the old setting has been used, but please update your config.
[2025-08-08T02:39:18.966+0000] {task_command.py:426} INFO - Running <TaskInstance: climate_data.create_folder scheduled__2023-01-09T00:00:00+00:00 [running]> on host 1a6f5acf67f4
[2025-08-08T02:39:19.031+0000] {taskinstance.py:2648} INFO - Exporting env vars: AIRFLOW_CTX_DAG_OWNER='***' AIRFLOW_CTX_DAG_ID='climate_data' AIRFLOW_CTX_TASK_ID='create_folder' AIRFLOW_CTX_EXECUTION_DATE='2023-01-09T00:00:00+00:00' AIRFLOW_CTX_TRY_NUMBER='1' AIRFLOW_CTX_DAG_RUN_ID='scheduled__2023-01-09T00:00:00+00:00'
[2025-08-08T02:39:19.032+0000] {taskinstance.py:430} INFO - ::endgroup::
[2025-08-08T02:39:19.041+0000] {subprocess.py:63} INFO - Tmp dir root location: /tmp
[2025-08-08T02:39:19.042+0000] {subprocess.py:75} INFO - Running command: ['/usr/bin/bash', '-c', 'mkdir -p /home/***/host_documents/week2023-01-16']
[2025-08-08T02:39:19.051+0000] {subprocess.py:86} INFO - Output:
[2025-08-08T02:39:19.054+0000] {subprocess.py:97} INFO - Command exited with return code 0
[2025-08-08T02:39:19.055+0000] {taskinstance.py:441} INFO - ::group::Post task execution logs
[2025-08-08T02:39:19.078+0000] {taskinstance.py:1206} INFO - Marking task as SUCCESS. dag_id=climate_data, task_id=create_folder, run_id=scheduled__2023-01-09T00:00:00+00:00, execution_date=20230109T000000, start_date=20250808T023918, end_date=20250808T023919
[2025-08-08T02:39:19.121+0000] {local_task_job_runner.py:240} INFO - Task exited with return code 0
[2025-08-08T02:39:19.140+0000] {taskinstance.py:3498} INFO - 1 downstream tasks scheduled from follow-on schedule check
[2025-08-08T02:39:19.144+0000] {local_task_job_runner.py:222} INFO - ::endgroup::
[2025-08-08T02:42:16.770+0000] {local_task_job_runner.py:120} INFO - ::group::Pre task execution logs
[2025-08-08T02:42:16.792+0000] {taskinstance.py:2076} INFO - Dependencies all met for dep_context=non-requeueable deps ti=<TaskInstance: climate_data.create_folder scheduled__2023-01-09T00:00:00+00:00 [queued]>
[2025-08-08T02:42:16.799+0000] {taskinstance.py:2076} INFO - Dependencies all met for dep_context=requeueable deps ti=<TaskInstance: climate_data.create_folder scheduled__2023-01-09T00:00:00+00:00 [queued]>
[2025-08-08T02:42:16.800+0000] {taskinstance.py:2306} INFO - Starting attempt 1 of 1
[2025-08-08T02:42:16.839+0000] {taskinstance.py:2330} INFO - Executing <Task(BashOperator): create_folder> on 2023-01-09 00:00:00+00:00
[2025-08-08T02:42:16.843+0000] {standard_task_runner.py:63} INFO - Started process 2329 to run task
[2025-08-08T02:42:16.846+0000] {standard_task_runner.py:90} INFO - Running: ['***', 'tasks', 'run', 'climate_data', 'create_folder', 'scheduled__2023-01-09T00:00:00+00:00', '--job-id', '684', '--raw', '--subdir', 'DAGS_FOLDER/climate_data.py', '--cfg-path', '/tmp/tmphojbqofq']
[2025-08-08T02:42:16.848+0000] {standard_task_runner.py:91} INFO - Job 684: Subtask create_folder
[2025-08-08T02:42:16.861+0000] {logging_mixin.py:188} WARNING - /home/***/.local/lib/python3.9/site-packages/***/settings.py:195 DeprecationWarning: The sql_alchemy_conn option in [core] has been moved to the sql_alchemy_conn option in [database] - the old setting has been used, but please update your config.
[2025-08-08T02:42:16.907+0000] {task_command.py:426} INFO - Running <TaskInstance: climate_data.create_folder scheduled__2023-01-09T00:00:00+00:00 [running]> on host 1a6f5acf67f4
[2025-08-08T02:42:16.976+0000] {taskinstance.py:2648} INFO - Exporting env vars: AIRFLOW_CTX_DAG_OWNER='***' AIRFLOW_CTX_DAG_ID='climate_data' AIRFLOW_CTX_TASK_ID='create_folder' AIRFLOW_CTX_EXECUTION_DATE='2023-01-09T00:00:00+00:00' AIRFLOW_CTX_TRY_NUMBER='1' AIRFLOW_CTX_DAG_RUN_ID='scheduled__2023-01-09T00:00:00+00:00'
[2025-08-08T02:42:16.978+0000] {taskinstance.py:430} INFO - ::endgroup::
[2025-08-08T02:42:16.987+0000] {subprocess.py:63} INFO - Tmp dir root location: /tmp
[2025-08-08T02:42:16.988+0000] {subprocess.py:75} INFO - Running command: ['/usr/bin/bash', '-c', 'mkdir -p "/home/***/host_documents/week2023-01-16"']
[2025-08-08T02:42:16.998+0000] {subprocess.py:86} INFO - Output:
[2025-08-08T02:42:17.003+0000] {subprocess.py:97} INFO - Command exited with return code 0
[2025-08-08T02:42:17.004+0000] {taskinstance.py:441} INFO - ::group::Post task execution logs
[2025-08-08T02:42:17.028+0000] {taskinstance.py:1206} INFO - Marking task as SUCCESS. dag_id=climate_data, task_id=create_folder, run_id=scheduled__2023-01-09T00:00:00+00:00, execution_date=20230109T000000, start_date=20250808T024216, end_date=20250808T024217
[2025-08-08T02:42:17.059+0000] {local_task_job_runner.py:240} INFO - Task exited with return code 0
[2025-08-08T02:42:17.078+0000] {taskinstance.py:3498} INFO - 1 downstream tasks scheduled from follow-on schedule check
[2025-08-08T02:42:17.080+0000] {local_task_job_runner.py:222} INFO - ::endgroup::
