[2025-08-08T02:26:43.857+0000] {local_task_job_runner.py:120} INFO - ::group::Pre task execution logs
[2025-08-08T02:26:43.879+0000] {taskinstance.py:2076} INFO - Dependencies all met for dep_context=non-requeueable deps ti=<TaskInstance: climate_data.create_folder scheduled__2024-02-26T00:00:00+00:00 [queued]>
[2025-08-08T02:26:43.886+0000] {taskinstance.py:2076} INFO - Dependencies all met for dep_context=requeueable deps ti=<TaskInstance: climate_data.create_folder scheduled__2024-02-26T00:00:00+00:00 [queued]>
[2025-08-08T02:26:43.887+0000] {taskinstance.py:2306} INFO - Starting attempt 1 of 1
[2025-08-08T02:26:43.932+0000] {taskinstance.py:2330} INFO - Executing <Task(BashOperator): create_folder> on 2024-02-26 00:00:00+00:00
[2025-08-08T02:26:43.936+0000] {standard_task_runner.py:63} INFO - Started process 554 to run task
[2025-08-08T02:26:43.939+0000] {standard_task_runner.py:90} INFO - Running: ['***', 'tasks', 'run', 'climate_data', 'create_folder', 'scheduled__2024-02-26T00:00:00+00:00', '--job-id', '108', '--raw', '--subdir', 'DAGS_FOLDER/climate_data.py', '--cfg-path', '/tmp/tmpn6x5xkbi']
[2025-08-08T02:26:43.941+0000] {standard_task_runner.py:91} INFO - Job 108: Subtask create_folder
[2025-08-08T02:26:43.956+0000] {logging_mixin.py:188} WARNING - /home/***/.local/lib/python3.9/site-packages/***/settings.py:195 DeprecationWarning: The sql_alchemy_conn option in [core] has been moved to the sql_alchemy_conn option in [database] - the old setting has been used, but please update your config.
[2025-08-08T02:26:44.003+0000] {task_command.py:426} INFO - Running <TaskInstance: climate_data.create_folder scheduled__2024-02-26T00:00:00+00:00 [running]> on host 3ceab82043f1
[2025-08-08T02:26:44.082+0000] {taskinstance.py:2648} INFO - Exporting env vars: AIRFLOW_CTX_DAG_OWNER='***' AIRFLOW_CTX_DAG_ID='climate_data' AIRFLOW_CTX_TASK_ID='create_folder' AIRFLOW_CTX_EXECUTION_DATE='2024-02-26T00:00:00+00:00' AIRFLOW_CTX_TRY_NUMBER='1' AIRFLOW_CTX_DAG_RUN_ID='scheduled__2024-02-26T00:00:00+00:00'
[2025-08-08T02:26:44.083+0000] {taskinstance.py:430} INFO - ::endgroup::
[2025-08-08T02:26:44.091+0000] {subprocess.py:63} INFO - Tmp dir root location: /tmp
[2025-08-08T02:26:44.092+0000] {subprocess.py:75} INFO - Running command: ['/usr/bin/bash', '-c', 'mkdir -p /home/***/host_documents/week2024-03-04"']
[2025-08-08T02:26:44.103+0000] {subprocess.py:86} INFO - Output:
[2025-08-08T02:26:44.104+0000] {subprocess.py:93} INFO - /usr/bin/bash: -c: line 1: unexpected EOF while looking for matching `"'
[2025-08-08T02:26:44.104+0000] {subprocess.py:97} INFO - Command exited with return code 2
[2025-08-08T02:26:44.105+0000] {taskinstance.py:441} INFO - ::group::Post task execution logs
[2025-08-08T02:26:44.115+0000] {taskinstance.py:2905} ERROR - Task failed with exception
Traceback (most recent call last):
  File "/home/airflow/.local/lib/python3.9/site-packages/airflow/models/taskinstance.py", line 465, in _execute_task
    result = _execute_callable(context=context, **execute_callable_kwargs)
  File "/home/airflow/.local/lib/python3.9/site-packages/airflow/models/taskinstance.py", line 432, in _execute_callable
    return execute_callable(context=context, **execute_callable_kwargs)
  File "/home/airflow/.local/lib/python3.9/site-packages/airflow/models/baseoperator.py", line 400, in wrapper
    return func(self, *args, **kwargs)
  File "/home/airflow/.local/lib/python3.9/site-packages/airflow/operators/bash.py", line 243, in execute
    raise AirflowException(
airflow.exceptions.AirflowException: Bash command failed. The command returned a non-zero exit code 2.
[2025-08-08T02:26:44.117+0000] {taskinstance.py:1206} INFO - Marking task as FAILED. dag_id=climate_data, task_id=create_folder, run_id=scheduled__2024-02-26T00:00:00+00:00, execution_date=20240226T000000, start_date=20250808T022643, end_date=20250808T022644
[2025-08-08T02:26:44.171+0000] {standard_task_runner.py:110} ERROR - Failed to execute job 108 for task create_folder (Bash command failed. The command returned a non-zero exit code 2.; 554)
[2025-08-08T02:26:44.192+0000] {local_task_job_runner.py:240} INFO - Task exited with return code 1
[2025-08-08T02:26:44.216+0000] {taskinstance.py:3498} INFO - 0 downstream tasks scheduled from follow-on schedule check
[2025-08-08T02:26:44.222+0000] {local_task_job_runner.py:222} INFO - ::endgroup::
[2025-08-08T02:35:04.497+0000] {local_task_job_runner.py:120} INFO - ::group::Pre task execution logs
[2025-08-08T02:35:04.518+0000] {taskinstance.py:2076} INFO - Dependencies all met for dep_context=non-requeueable deps ti=<TaskInstance: climate_data.create_folder scheduled__2024-02-26T00:00:00+00:00 [queued]>
[2025-08-08T02:35:04.525+0000] {taskinstance.py:2076} INFO - Dependencies all met for dep_context=requeueable deps ti=<TaskInstance: climate_data.create_folder scheduled__2024-02-26T00:00:00+00:00 [queued]>
[2025-08-08T02:35:04.526+0000] {taskinstance.py:2306} INFO - Starting attempt 1 of 1
[2025-08-08T02:35:04.548+0000] {taskinstance.py:2330} INFO - Executing <Task(BashOperator): create_folder> on 2024-02-26 00:00:00+00:00
[2025-08-08T02:35:04.552+0000] {standard_task_runner.py:63} INFO - Started process 588 to run task
[2025-08-08T02:35:04.555+0000] {standard_task_runner.py:90} INFO - Running: ['***', 'tasks', 'run', 'climate_data', 'create_folder', 'scheduled__2024-02-26T00:00:00+00:00', '--job-id', '264', '--raw', '--subdir', 'DAGS_FOLDER/climate_data.py', '--cfg-path', '/tmp/tmpuwk7gril']
[2025-08-08T02:35:04.557+0000] {standard_task_runner.py:91} INFO - Job 264: Subtask create_folder
[2025-08-08T02:35:04.571+0000] {logging_mixin.py:188} WARNING - /home/***/.local/lib/python3.9/site-packages/***/settings.py:195 DeprecationWarning: The sql_alchemy_conn option in [core] has been moved to the sql_alchemy_conn option in [database] - the old setting has been used, but please update your config.
[2025-08-08T02:35:04.613+0000] {task_command.py:426} INFO - Running <TaskInstance: climate_data.create_folder scheduled__2024-02-26T00:00:00+00:00 [running]> on host 1a6f5acf67f4
[2025-08-08T02:35:04.683+0000] {taskinstance.py:2648} INFO - Exporting env vars: AIRFLOW_CTX_DAG_OWNER='***' AIRFLOW_CTX_DAG_ID='climate_data' AIRFLOW_CTX_TASK_ID='create_folder' AIRFLOW_CTX_EXECUTION_DATE='2024-02-26T00:00:00+00:00' AIRFLOW_CTX_TRY_NUMBER='1' AIRFLOW_CTX_DAG_RUN_ID='scheduled__2024-02-26T00:00:00+00:00'
[2025-08-08T02:35:04.687+0000] {taskinstance.py:430} INFO - ::endgroup::
[2025-08-08T02:35:04.694+0000] {subprocess.py:63} INFO - Tmp dir root location: /tmp
[2025-08-08T02:35:04.695+0000] {subprocess.py:75} INFO - Running command: ['/usr/bin/bash', '-c', 'mkdir -p /home/***/host_documents/week2024-03-04"']
[2025-08-08T02:35:04.705+0000] {subprocess.py:86} INFO - Output:
[2025-08-08T02:35:04.707+0000] {subprocess.py:93} INFO - /usr/bin/bash: -c: line 1: unexpected EOF while looking for matching `"'
[2025-08-08T02:35:04.707+0000] {subprocess.py:97} INFO - Command exited with return code 2
[2025-08-08T02:35:04.708+0000] {taskinstance.py:441} INFO - ::group::Post task execution logs
[2025-08-08T02:35:04.717+0000] {taskinstance.py:2905} ERROR - Task failed with exception
Traceback (most recent call last):
  File "/home/airflow/.local/lib/python3.9/site-packages/airflow/models/taskinstance.py", line 465, in _execute_task
    result = _execute_callable(context=context, **execute_callable_kwargs)
  File "/home/airflow/.local/lib/python3.9/site-packages/airflow/models/taskinstance.py", line 432, in _execute_callable
    return execute_callable(context=context, **execute_callable_kwargs)
  File "/home/airflow/.local/lib/python3.9/site-packages/airflow/models/baseoperator.py", line 400, in wrapper
    return func(self, *args, **kwargs)
  File "/home/airflow/.local/lib/python3.9/site-packages/airflow/operators/bash.py", line 243, in execute
    raise AirflowException(
airflow.exceptions.AirflowException: Bash command failed. The command returned a non-zero exit code 2.
[2025-08-08T02:35:04.721+0000] {taskinstance.py:1206} INFO - Marking task as FAILED. dag_id=climate_data, task_id=create_folder, run_id=scheduled__2024-02-26T00:00:00+00:00, execution_date=20240226T000000, start_date=20250808T023504, end_date=20250808T023504
[2025-08-08T02:35:04.736+0000] {standard_task_runner.py:110} ERROR - Failed to execute job 264 for task create_folder (Bash command failed. The command returned a non-zero exit code 2.; 588)
[2025-08-08T02:35:04.767+0000] {local_task_job_runner.py:240} INFO - Task exited with return code 1
[2025-08-08T02:35:04.775+0000] {local_task_job_runner.py:222} INFO - ::endgroup::
[2025-08-08T02:39:36.234+0000] {local_task_job_runner.py:120} INFO - ::group::Pre task execution logs
[2025-08-08T02:39:36.255+0000] {taskinstance.py:2076} INFO - Dependencies all met for dep_context=non-requeueable deps ti=<TaskInstance: climate_data.create_folder scheduled__2024-02-26T00:00:00+00:00 [queued]>
[2025-08-08T02:39:36.262+0000] {taskinstance.py:2076} INFO - Dependencies all met for dep_context=requeueable deps ti=<TaskInstance: climate_data.create_folder scheduled__2024-02-26T00:00:00+00:00 [queued]>
[2025-08-08T02:39:36.263+0000] {taskinstance.py:2306} INFO - Starting attempt 1 of 1
[2025-08-08T02:39:36.272+0000] {taskinstance.py:2330} INFO - Executing <Task(BashOperator): create_folder> on 2024-02-26 00:00:00+00:00
[2025-08-08T02:39:36.277+0000] {standard_task_runner.py:63} INFO - Started process 1570 to run task
[2025-08-08T02:39:36.280+0000] {standard_task_runner.py:90} INFO - Running: ['***', 'tasks', 'run', 'climate_data', 'create_folder', 'scheduled__2024-02-26T00:00:00+00:00', '--job-id', '491', '--raw', '--subdir', 'DAGS_FOLDER/climate_data.py', '--cfg-path', '/tmp/tmpp1j197lp']
[2025-08-08T02:39:36.283+0000] {standard_task_runner.py:91} INFO - Job 491: Subtask create_folder
[2025-08-08T02:39:36.300+0000] {logging_mixin.py:188} WARNING - /home/***/.local/lib/python3.9/site-packages/***/settings.py:195 DeprecationWarning: The sql_alchemy_conn option in [core] has been moved to the sql_alchemy_conn option in [database] - the old setting has been used, but please update your config.
[2025-08-08T02:39:36.342+0000] {task_command.py:426} INFO - Running <TaskInstance: climate_data.create_folder scheduled__2024-02-26T00:00:00+00:00 [running]> on host 1a6f5acf67f4
[2025-08-08T02:39:36.413+0000] {taskinstance.py:2648} INFO - Exporting env vars: AIRFLOW_CTX_DAG_OWNER='***' AIRFLOW_CTX_DAG_ID='climate_data' AIRFLOW_CTX_TASK_ID='create_folder' AIRFLOW_CTX_EXECUTION_DATE='2024-02-26T00:00:00+00:00' AIRFLOW_CTX_TRY_NUMBER='1' AIRFLOW_CTX_DAG_RUN_ID='scheduled__2024-02-26T00:00:00+00:00'
[2025-08-08T02:39:36.414+0000] {taskinstance.py:430} INFO - ::endgroup::
[2025-08-08T02:39:36.424+0000] {subprocess.py:63} INFO - Tmp dir root location: /tmp
[2025-08-08T02:39:36.425+0000] {subprocess.py:75} INFO - Running command: ['/usr/bin/bash', '-c', 'mkdir -p /home/***/host_documents/week2024-03-04']
[2025-08-08T02:39:36.434+0000] {subprocess.py:86} INFO - Output:
[2025-08-08T02:39:36.438+0000] {subprocess.py:97} INFO - Command exited with return code 0
[2025-08-08T02:39:36.439+0000] {taskinstance.py:441} INFO - ::group::Post task execution logs
[2025-08-08T02:39:36.459+0000] {taskinstance.py:1206} INFO - Marking task as SUCCESS. dag_id=climate_data, task_id=create_folder, run_id=scheduled__2024-02-26T00:00:00+00:00, execution_date=20240226T000000, start_date=20250808T023936, end_date=20250808T023936
[2025-08-08T02:39:36.492+0000] {local_task_job_runner.py:240} INFO - Task exited with return code 0
[2025-08-08T02:39:36.511+0000] {taskinstance.py:3498} INFO - 1 downstream tasks scheduled from follow-on schedule check
[2025-08-08T02:39:36.513+0000] {local_task_job_runner.py:222} INFO - ::endgroup::
[2025-08-08T02:42:35.371+0000] {local_task_job_runner.py:120} INFO - ::group::Pre task execution logs
[2025-08-08T02:42:35.396+0000] {taskinstance.py:2076} INFO - Dependencies all met for dep_context=non-requeueable deps ti=<TaskInstance: climate_data.create_folder scheduled__2024-02-26T00:00:00+00:00 [queued]>
[2025-08-08T02:42:35.404+0000] {taskinstance.py:2076} INFO - Dependencies all met for dep_context=requeueable deps ti=<TaskInstance: climate_data.create_folder scheduled__2024-02-26T00:00:00+00:00 [queued]>
[2025-08-08T02:42:35.405+0000] {taskinstance.py:2306} INFO - Starting attempt 1 of 1
[2025-08-08T02:42:35.467+0000] {taskinstance.py:2330} INFO - Executing <Task(BashOperator): create_folder> on 2024-02-26 00:00:00+00:00
[2025-08-08T02:42:35.472+0000] {standard_task_runner.py:63} INFO - Started process 2752 to run task
[2025-08-08T02:42:35.475+0000] {standard_task_runner.py:90} INFO - Running: ['***', 'tasks', 'run', 'climate_data', 'create_folder', 'scheduled__2024-02-26T00:00:00+00:00', '--job-id', '800', '--raw', '--subdir', 'DAGS_FOLDER/climate_data.py', '--cfg-path', '/tmp/tmp_l97b4au']
[2025-08-08T02:42:35.477+0000] {standard_task_runner.py:91} INFO - Job 800: Subtask create_folder
[2025-08-08T02:42:35.493+0000] {logging_mixin.py:188} WARNING - /home/***/.local/lib/python3.9/site-packages/***/settings.py:195 DeprecationWarning: The sql_alchemy_conn option in [core] has been moved to the sql_alchemy_conn option in [database] - the old setting has been used, but please update your config.
[2025-08-08T02:42:35.541+0000] {task_command.py:426} INFO - Running <TaskInstance: climate_data.create_folder scheduled__2024-02-26T00:00:00+00:00 [running]> on host 1a6f5acf67f4
[2025-08-08T02:42:35.606+0000] {taskinstance.py:2648} INFO - Exporting env vars: AIRFLOW_CTX_DAG_OWNER='***' AIRFLOW_CTX_DAG_ID='climate_data' AIRFLOW_CTX_TASK_ID='create_folder' AIRFLOW_CTX_EXECUTION_DATE='2024-02-26T00:00:00+00:00' AIRFLOW_CTX_TRY_NUMBER='1' AIRFLOW_CTX_DAG_RUN_ID='scheduled__2024-02-26T00:00:00+00:00'
[2025-08-08T02:42:35.608+0000] {taskinstance.py:430} INFO - ::endgroup::
[2025-08-08T02:42:35.617+0000] {subprocess.py:63} INFO - Tmp dir root location: /tmp
[2025-08-08T02:42:35.618+0000] {subprocess.py:75} INFO - Running command: ['/usr/bin/bash', '-c', 'mkdir -p "/home/***/host_documents/week2024-03-04"']
[2025-08-08T02:42:35.626+0000] {subprocess.py:86} INFO - Output:
[2025-08-08T02:42:35.629+0000] {subprocess.py:97} INFO - Command exited with return code 0
[2025-08-08T02:42:35.630+0000] {taskinstance.py:441} INFO - ::group::Post task execution logs
[2025-08-08T02:42:35.648+0000] {taskinstance.py:1206} INFO - Marking task as SUCCESS. dag_id=climate_data, task_id=create_folder, run_id=scheduled__2024-02-26T00:00:00+00:00, execution_date=20240226T000000, start_date=20250808T024235, end_date=20250808T024235
[2025-08-08T02:42:35.688+0000] {local_task_job_runner.py:240} INFO - Task exited with return code 0
[2025-08-08T02:42:35.702+0000] {taskinstance.py:3498} INFO - 1 downstream tasks scheduled from follow-on schedule check
[2025-08-08T02:42:35.704+0000] {local_task_job_runner.py:222} INFO - ::endgroup::
