[2025-08-08T02:27:08.575+0000] {local_task_job_runner.py:120} INFO - ::group::Pre task execution logs
[2025-08-08T02:27:08.594+0000] {taskinstance.py:2076} INFO - Dependencies all met for dep_context=non-requeueable deps ti=<TaskInstance: climate_data.create_folder scheduled__2025-07-21T00:00:00+00:00 [queued]>
[2025-08-08T02:27:08.602+0000] {taskinstance.py:2076} INFO - Dependencies all met for dep_context=requeueable deps ti=<TaskInstance: climate_data.create_folder scheduled__2025-07-21T00:00:00+00:00 [queued]>
[2025-08-08T02:27:08.602+0000] {taskinstance.py:2306} INFO - Starting attempt 1 of 1
[2025-08-08T02:27:08.610+0000] {taskinstance.py:2330} INFO - Executing <Task(BashOperator): create_folder> on 2025-07-21 00:00:00+00:00
[2025-08-08T02:27:08.614+0000] {standard_task_runner.py:63} INFO - Started process 841 to run task
[2025-08-08T02:27:08.616+0000] {standard_task_runner.py:90} INFO - Running: ['***', 'tasks', 'run', 'climate_data', 'create_folder', 'scheduled__2025-07-21T00:00:00+00:00', '--job-id', '181', '--raw', '--subdir', 'DAGS_FOLDER/climate_data.py', '--cfg-path', '/tmp/tmpui5ia2k6']
[2025-08-08T02:27:08.618+0000] {standard_task_runner.py:91} INFO - Job 181: Subtask create_folder
[2025-08-08T02:27:08.629+0000] {logging_mixin.py:188} WARNING - /home/***/.local/lib/python3.9/site-packages/***/settings.py:195 DeprecationWarning: The sql_alchemy_conn option in [core] has been moved to the sql_alchemy_conn option in [database] - the old setting has been used, but please update your config.
[2025-08-08T02:27:08.663+0000] {task_command.py:426} INFO - Running <TaskInstance: climate_data.create_folder scheduled__2025-07-21T00:00:00+00:00 [running]> on host 3ceab82043f1
[2025-08-08T02:27:08.720+0000] {taskinstance.py:2648} INFO - Exporting env vars: AIRFLOW_CTX_DAG_OWNER='***' AIRFLOW_CTX_DAG_ID='climate_data' AIRFLOW_CTX_TASK_ID='create_folder' AIRFLOW_CTX_EXECUTION_DATE='2025-07-21T00:00:00+00:00' AIRFLOW_CTX_TRY_NUMBER='1' AIRFLOW_CTX_DAG_RUN_ID='scheduled__2025-07-21T00:00:00+00:00'
[2025-08-08T02:27:08.721+0000] {taskinstance.py:430} INFO - ::endgroup::
[2025-08-08T02:27:08.729+0000] {subprocess.py:63} INFO - Tmp dir root location: /tmp
[2025-08-08T02:27:08.730+0000] {subprocess.py:75} INFO - Running command: ['/usr/bin/bash', '-c', 'mkdir -p /home/***/host_documents/week2025-07-28"']
[2025-08-08T02:27:08.737+0000] {subprocess.py:86} INFO - Output:
[2025-08-08T02:27:08.738+0000] {subprocess.py:93} INFO - /usr/bin/bash: -c: line 1: unexpected EOF while looking for matching `"'
[2025-08-08T02:27:08.738+0000] {subprocess.py:97} INFO - Command exited with return code 2
[2025-08-08T02:27:08.739+0000] {taskinstance.py:441} INFO - ::group::Post task execution logs
[2025-08-08T02:27:08.747+0000] {taskinstance.py:2905} ERROR - Task failed with exception
Traceback (most recent call last):
  File "/home/airflow/.local/lib/python3.9/site-packages/airflow/models/taskinstance.py", line 465, in _execute_task
    result = _execute_callable(context=context, **execute_callable_kwargs)
  File "/home/airflow/.local/lib/python3.9/site-packages/airflow/models/taskinstance.py", line 432, in _execute_callable
    return execute_callable(context=context, **execute_callable_kwargs)
  File "/home/airflow/.local/lib/python3.9/site-packages/airflow/models/baseoperator.py", line 400, in wrapper
    return func(self, *args, **kwargs)
  File "/home/airflow/.local/lib/python3.9/site-packages/airflow/operators/bash.py", line 243, in execute
    raise AirflowException(
airflow.exceptions.AirflowException: Bash command failed. The command returned a non-zero exit code 2.
[2025-08-08T02:27:08.750+0000] {taskinstance.py:1206} INFO - Marking task as FAILED. dag_id=climate_data, task_id=create_folder, run_id=scheduled__2025-07-21T00:00:00+00:00, execution_date=20250721T000000, start_date=20250808T022708, end_date=20250808T022708
[2025-08-08T02:27:08.758+0000] {standard_task_runner.py:110} ERROR - Failed to execute job 181 for task create_folder (Bash command failed. The command returned a non-zero exit code 2.; 841)
[2025-08-08T02:27:08.788+0000] {local_task_job_runner.py:240} INFO - Task exited with return code 1
[2025-08-08T02:27:08.804+0000] {taskinstance.py:3498} INFO - 0 downstream tasks scheduled from follow-on schedule check
[2025-08-08T02:27:08.807+0000] {local_task_job_runner.py:222} INFO - ::endgroup::
[2025-08-08T02:35:28.649+0000] {local_task_job_runner.py:120} INFO - ::group::Pre task execution logs
[2025-08-08T02:35:28.668+0000] {taskinstance.py:2076} INFO - Dependencies all met for dep_context=non-requeueable deps ti=<TaskInstance: climate_data.create_folder scheduled__2025-07-21T00:00:00+00:00 [queued]>
[2025-08-08T02:35:28.674+0000] {taskinstance.py:2076} INFO - Dependencies all met for dep_context=requeueable deps ti=<TaskInstance: climate_data.create_folder scheduled__2025-07-21T00:00:00+00:00 [queued]>
[2025-08-08T02:35:28.675+0000] {taskinstance.py:2306} INFO - Starting attempt 1 of 1
[2025-08-08T02:35:28.684+0000] {taskinstance.py:2330} INFO - Executing <Task(BashOperator): create_folder> on 2025-07-21 00:00:00+00:00
[2025-08-08T02:35:28.687+0000] {standard_task_runner.py:63} INFO - Started process 890 to run task
[2025-08-08T02:35:28.690+0000] {standard_task_runner.py:90} INFO - Running: ['***', 'tasks', 'run', 'climate_data', 'create_folder', 'scheduled__2025-07-21T00:00:00+00:00', '--job-id', '337', '--raw', '--subdir', 'DAGS_FOLDER/climate_data.py', '--cfg-path', '/tmp/tmp79gy40ik']
[2025-08-08T02:35:28.691+0000] {standard_task_runner.py:91} INFO - Job 337: Subtask create_folder
[2025-08-08T02:35:28.703+0000] {logging_mixin.py:188} WARNING - /home/***/.local/lib/python3.9/site-packages/***/settings.py:195 DeprecationWarning: The sql_alchemy_conn option in [core] has been moved to the sql_alchemy_conn option in [database] - the old setting has been used, but please update your config.
[2025-08-08T02:35:28.740+0000] {task_command.py:426} INFO - Running <TaskInstance: climate_data.create_folder scheduled__2025-07-21T00:00:00+00:00 [running]> on host 1a6f5acf67f4
[2025-08-08T02:35:28.798+0000] {taskinstance.py:2648} INFO - Exporting env vars: AIRFLOW_CTX_DAG_OWNER='***' AIRFLOW_CTX_DAG_ID='climate_data' AIRFLOW_CTX_TASK_ID='create_folder' AIRFLOW_CTX_EXECUTION_DATE='2025-07-21T00:00:00+00:00' AIRFLOW_CTX_TRY_NUMBER='1' AIRFLOW_CTX_DAG_RUN_ID='scheduled__2025-07-21T00:00:00+00:00'
[2025-08-08T02:35:28.800+0000] {taskinstance.py:430} INFO - ::endgroup::
[2025-08-08T02:35:28.807+0000] {subprocess.py:63} INFO - Tmp dir root location: /tmp
[2025-08-08T02:35:28.808+0000] {subprocess.py:75} INFO - Running command: ['/usr/bin/bash', '-c', 'mkdir -p /home/***/host_documents/week2025-07-28"']
[2025-08-08T02:35:28.815+0000] {subprocess.py:86} INFO - Output:
[2025-08-08T02:35:28.816+0000] {subprocess.py:93} INFO - /usr/bin/bash: -c: line 1: unexpected EOF while looking for matching `"'
[2025-08-08T02:35:28.817+0000] {subprocess.py:97} INFO - Command exited with return code 2
[2025-08-08T02:35:28.817+0000] {taskinstance.py:441} INFO - ::group::Post task execution logs
[2025-08-08T02:35:28.824+0000] {taskinstance.py:2905} ERROR - Task failed with exception
Traceback (most recent call last):
  File "/home/airflow/.local/lib/python3.9/site-packages/airflow/models/taskinstance.py", line 465, in _execute_task
    result = _execute_callable(context=context, **execute_callable_kwargs)
  File "/home/airflow/.local/lib/python3.9/site-packages/airflow/models/taskinstance.py", line 432, in _execute_callable
    return execute_callable(context=context, **execute_callable_kwargs)
  File "/home/airflow/.local/lib/python3.9/site-packages/airflow/models/baseoperator.py", line 400, in wrapper
    return func(self, *args, **kwargs)
  File "/home/airflow/.local/lib/python3.9/site-packages/airflow/operators/bash.py", line 243, in execute
    raise AirflowException(
airflow.exceptions.AirflowException: Bash command failed. The command returned a non-zero exit code 2.
[2025-08-08T02:35:28.826+0000] {taskinstance.py:1206} INFO - Marking task as FAILED. dag_id=climate_data, task_id=create_folder, run_id=scheduled__2025-07-21T00:00:00+00:00, execution_date=20250721T000000, start_date=20250808T023528, end_date=20250808T023528
[2025-08-08T02:35:28.833+0000] {standard_task_runner.py:110} ERROR - Failed to execute job 337 for task create_folder (Bash command failed. The command returned a non-zero exit code 2.; 890)
[2025-08-08T02:35:28.862+0000] {local_task_job_runner.py:240} INFO - Task exited with return code 1
[2025-08-08T02:35:28.876+0000] {taskinstance.py:3498} INFO - 0 downstream tasks scheduled from follow-on schedule check
[2025-08-08T02:35:28.879+0000] {local_task_job_runner.py:222} INFO - ::endgroup::
[2025-08-08T02:40:01.133+0000] {local_task_job_runner.py:120} INFO - ::group::Pre task execution logs
[2025-08-08T02:40:01.152+0000] {taskinstance.py:2076} INFO - Dependencies all met for dep_context=non-requeueable deps ti=<TaskInstance: climate_data.create_folder scheduled__2025-07-21T00:00:00+00:00 [queued]>
[2025-08-08T02:40:01.159+0000] {taskinstance.py:2076} INFO - Dependencies all met for dep_context=requeueable deps ti=<TaskInstance: climate_data.create_folder scheduled__2025-07-21T00:00:00+00:00 [queued]>
[2025-08-08T02:40:01.159+0000] {taskinstance.py:2306} INFO - Starting attempt 1 of 1
[2025-08-08T02:40:01.167+0000] {taskinstance.py:2330} INFO - Executing <Task(BashOperator): create_folder> on 2025-07-21 00:00:00+00:00
[2025-08-08T02:40:01.171+0000] {standard_task_runner.py:63} INFO - Started process 2092 to run task
[2025-08-08T02:40:01.173+0000] {standard_task_runner.py:90} INFO - Running: ['***', 'tasks', 'run', 'climate_data', 'create_folder', 'scheduled__2025-07-21T00:00:00+00:00', '--job-id', '638', '--raw', '--subdir', 'DAGS_FOLDER/climate_data.py', '--cfg-path', '/tmp/tmpaeiukxwc']
[2025-08-08T02:40:01.175+0000] {standard_task_runner.py:91} INFO - Job 638: Subtask create_folder
[2025-08-08T02:40:01.186+0000] {logging_mixin.py:188} WARNING - /home/***/.local/lib/python3.9/site-packages/***/settings.py:195 DeprecationWarning: The sql_alchemy_conn option in [core] has been moved to the sql_alchemy_conn option in [database] - the old setting has been used, but please update your config.
[2025-08-08T02:40:01.221+0000] {task_command.py:426} INFO - Running <TaskInstance: climate_data.create_folder scheduled__2025-07-21T00:00:00+00:00 [running]> on host 1a6f5acf67f4
[2025-08-08T02:40:01.279+0000] {taskinstance.py:2648} INFO - Exporting env vars: AIRFLOW_CTX_DAG_OWNER='***' AIRFLOW_CTX_DAG_ID='climate_data' AIRFLOW_CTX_TASK_ID='create_folder' AIRFLOW_CTX_EXECUTION_DATE='2025-07-21T00:00:00+00:00' AIRFLOW_CTX_TRY_NUMBER='1' AIRFLOW_CTX_DAG_RUN_ID='scheduled__2025-07-21T00:00:00+00:00'
[2025-08-08T02:40:01.280+0000] {taskinstance.py:430} INFO - ::endgroup::
[2025-08-08T02:40:01.287+0000] {subprocess.py:63} INFO - Tmp dir root location: /tmp
[2025-08-08T02:40:01.288+0000] {subprocess.py:75} INFO - Running command: ['/usr/bin/bash', '-c', 'mkdir -p /home/***/host_documents/week2025-07-28']
[2025-08-08T02:40:01.295+0000] {subprocess.py:86} INFO - Output:
[2025-08-08T02:40:01.298+0000] {subprocess.py:97} INFO - Command exited with return code 0
[2025-08-08T02:40:01.299+0000] {taskinstance.py:441} INFO - ::group::Post task execution logs
[2025-08-08T02:40:01.315+0000] {taskinstance.py:1206} INFO - Marking task as SUCCESS. dag_id=climate_data, task_id=create_folder, run_id=scheduled__2025-07-21T00:00:00+00:00, execution_date=20250721T000000, start_date=20250808T024001, end_date=20250808T024001
[2025-08-08T02:40:01.348+0000] {local_task_job_runner.py:240} INFO - Task exited with return code 0
[2025-08-08T02:40:01.361+0000] {taskinstance.py:3498} INFO - 1 downstream tasks scheduled from follow-on schedule check
[2025-08-08T02:40:01.362+0000] {local_task_job_runner.py:222} INFO - ::endgroup::
[2025-08-08T02:43:00.005+0000] {local_task_job_runner.py:120} INFO - ::group::Pre task execution logs
[2025-08-08T02:43:00.026+0000] {taskinstance.py:2076} INFO - Dependencies all met for dep_context=non-requeueable deps ti=<TaskInstance: climate_data.create_folder scheduled__2025-07-21T00:00:00+00:00 [queued]>
[2025-08-08T02:43:00.034+0000] {taskinstance.py:2076} INFO - Dependencies all met for dep_context=requeueable deps ti=<TaskInstance: climate_data.create_folder scheduled__2025-07-21T00:00:00+00:00 [queued]>
[2025-08-08T02:43:00.035+0000] {taskinstance.py:2306} INFO - Starting attempt 1 of 1
[2025-08-08T02:43:00.047+0000] {taskinstance.py:2330} INFO - Executing <Task(BashOperator): create_folder> on 2025-07-21 00:00:00+00:00
[2025-08-08T02:43:00.051+0000] {standard_task_runner.py:63} INFO - Started process 3278 to run task
[2025-08-08T02:43:00.054+0000] {standard_task_runner.py:90} INFO - Running: ['***', 'tasks', 'run', 'climate_data', 'create_folder', 'scheduled__2025-07-21T00:00:00+00:00', '--job-id', '945', '--raw', '--subdir', 'DAGS_FOLDER/climate_data.py', '--cfg-path', '/tmp/tmpliiwktmg']
[2025-08-08T02:43:00.055+0000] {standard_task_runner.py:91} INFO - Job 945: Subtask create_folder
[2025-08-08T02:43:00.069+0000] {logging_mixin.py:188} WARNING - /home/***/.local/lib/python3.9/site-packages/***/settings.py:195 DeprecationWarning: The sql_alchemy_conn option in [core] has been moved to the sql_alchemy_conn option in [database] - the old setting has been used, but please update your config.
[2025-08-08T02:43:00.112+0000] {task_command.py:426} INFO - Running <TaskInstance: climate_data.create_folder scheduled__2025-07-21T00:00:00+00:00 [running]> on host 1a6f5acf67f4
[2025-08-08T02:43:00.181+0000] {taskinstance.py:2648} INFO - Exporting env vars: AIRFLOW_CTX_DAG_OWNER='***' AIRFLOW_CTX_DAG_ID='climate_data' AIRFLOW_CTX_TASK_ID='create_folder' AIRFLOW_CTX_EXECUTION_DATE='2025-07-21T00:00:00+00:00' AIRFLOW_CTX_TRY_NUMBER='1' AIRFLOW_CTX_DAG_RUN_ID='scheduled__2025-07-21T00:00:00+00:00'
[2025-08-08T02:43:00.182+0000] {taskinstance.py:430} INFO - ::endgroup::
[2025-08-08T02:43:00.191+0000] {subprocess.py:63} INFO - Tmp dir root location: /tmp
[2025-08-08T02:43:00.191+0000] {subprocess.py:75} INFO - Running command: ['/usr/bin/bash', '-c', 'mkdir -p "/home/***/host_documents/week2025-07-28"']
[2025-08-08T02:43:00.199+0000] {subprocess.py:86} INFO - Output:
[2025-08-08T02:43:00.203+0000] {subprocess.py:97} INFO - Command exited with return code 0
[2025-08-08T02:43:00.204+0000] {taskinstance.py:441} INFO - ::group::Post task execution logs
[2025-08-08T02:43:00.224+0000] {taskinstance.py:1206} INFO - Marking task as SUCCESS. dag_id=climate_data, task_id=create_folder, run_id=scheduled__2025-07-21T00:00:00+00:00, execution_date=20250721T000000, start_date=20250808T024300, end_date=20250808T024300
[2025-08-08T02:43:00.267+0000] {local_task_job_runner.py:240} INFO - Task exited with return code 0
[2025-08-08T02:43:00.276+0000] {local_task_job_runner.py:222} INFO - ::endgroup::
[2025-08-08T02:48:28.959+0000] {local_task_job_runner.py:120} INFO - ::group::Pre task execution logs
[2025-08-08T02:48:28.977+0000] {taskinstance.py:2076} INFO - Dependencies all met for dep_context=non-requeueable deps ti=<TaskInstance: climate_data.create_folder scheduled__2025-07-21T00:00:00+00:00 [queued]>
[2025-08-08T02:48:28.984+0000] {taskinstance.py:2076} INFO - Dependencies all met for dep_context=requeueable deps ti=<TaskInstance: climate_data.create_folder scheduled__2025-07-21T00:00:00+00:00 [queued]>
[2025-08-08T02:48:28.984+0000] {taskinstance.py:2306} INFO - Starting attempt 1 of 1
[2025-08-08T02:48:28.993+0000] {taskinstance.py:2330} INFO - Executing <Task(BashOperator): create_folder> on 2025-07-21 00:00:00+00:00
[2025-08-08T02:48:28.996+0000] {standard_task_runner.py:63} INFO - Started process 3492 to run task
[2025-08-08T02:48:28.998+0000] {standard_task_runner.py:90} INFO - Running: ['***', 'tasks', 'run', 'climate_data', 'create_folder', 'scheduled__2025-07-21T00:00:00+00:00', '--job-id', '962', '--raw', '--subdir', 'DAGS_FOLDER/climate_data.py', '--cfg-path', '/tmp/tmpnnu_9avl']
[2025-08-08T02:48:29.000+0000] {standard_task_runner.py:91} INFO - Job 962: Subtask create_folder
[2025-08-08T02:48:29.011+0000] {logging_mixin.py:188} WARNING - /home/***/.local/lib/python3.9/site-packages/***/settings.py:195 DeprecationWarning: The sql_alchemy_conn option in [core] has been moved to the sql_alchemy_conn option in [database] - the old setting has been used, but please update your config.
[2025-08-08T02:48:29.045+0000] {task_command.py:426} INFO - Running <TaskInstance: climate_data.create_folder scheduled__2025-07-21T00:00:00+00:00 [running]> on host 1a6f5acf67f4
[2025-08-08T02:48:29.097+0000] {taskinstance.py:2648} INFO - Exporting env vars: AIRFLOW_CTX_DAG_OWNER='***' AIRFLOW_CTX_DAG_ID='climate_data' AIRFLOW_CTX_TASK_ID='create_folder' AIRFLOW_CTX_EXECUTION_DATE='2025-07-21T00:00:00+00:00' AIRFLOW_CTX_TRY_NUMBER='1' AIRFLOW_CTX_DAG_RUN_ID='scheduled__2025-07-21T00:00:00+00:00'
[2025-08-08T02:48:29.098+0000] {taskinstance.py:430} INFO - ::endgroup::
[2025-08-08T02:48:29.105+0000] {subprocess.py:63} INFO - Tmp dir root location: /tmp
[2025-08-08T02:48:29.105+0000] {subprocess.py:75} INFO - Running command: ['/usr/bin/bash', '-c', 'mkdir -p "/home/***/host_documents/week2025-07-28"']
[2025-08-08T02:48:29.112+0000] {subprocess.py:86} INFO - Output:
[2025-08-08T02:48:29.114+0000] {subprocess.py:97} INFO - Command exited with return code 0
[2025-08-08T02:48:29.115+0000] {taskinstance.py:441} INFO - ::group::Post task execution logs
[2025-08-08T02:48:29.129+0000] {taskinstance.py:1206} INFO - Marking task as SUCCESS. dag_id=climate_data, task_id=create_folder, run_id=scheduled__2025-07-21T00:00:00+00:00, execution_date=20250721T000000, start_date=20250808T024828, end_date=20250808T024829
[2025-08-08T02:48:29.171+0000] {local_task_job_runner.py:240} INFO - Task exited with return code 0
[2025-08-08T02:48:29.182+0000] {taskinstance.py:3498} INFO - 1 downstream tasks scheduled from follow-on schedule check
[2025-08-08T02:48:29.184+0000] {local_task_job_runner.py:222} INFO - ::endgroup::
[2025-08-08T02:54:54.071+0000] {local_task_job_runner.py:120} INFO - ::group::Pre task execution logs
[2025-08-08T02:54:54.093+0000] {taskinstance.py:2076} INFO - Dependencies all met for dep_context=non-requeueable deps ti=<TaskInstance: climate_data.create_folder scheduled__2025-07-21T00:00:00+00:00 [queued]>
[2025-08-08T02:54:54.099+0000] {taskinstance.py:2076} INFO - Dependencies all met for dep_context=requeueable deps ti=<TaskInstance: climate_data.create_folder scheduled__2025-07-21T00:00:00+00:00 [queued]>
[2025-08-08T02:54:54.100+0000] {taskinstance.py:2306} INFO - Starting attempt 1 of 1
[2025-08-08T02:54:54.109+0000] {taskinstance.py:2330} INFO - Executing <Task(BashOperator): create_folder> on 2025-07-21 00:00:00+00:00
[2025-08-08T02:54:54.113+0000] {standard_task_runner.py:63} INFO - Started process 3742 to run task
[2025-08-08T02:54:54.116+0000] {standard_task_runner.py:90} INFO - Running: ['***', 'tasks', 'run', 'climate_data', 'create_folder', 'scheduled__2025-07-21T00:00:00+00:00', '--job-id', '974', '--raw', '--subdir', 'DAGS_FOLDER/climate_data.py', '--cfg-path', '/tmp/tmphm350jgr']
[2025-08-08T02:54:54.119+0000] {standard_task_runner.py:91} INFO - Job 974: Subtask create_folder
[2025-08-08T02:54:54.129+0000] {logging_mixin.py:188} WARNING - /home/***/.local/lib/python3.9/site-packages/***/settings.py:195 DeprecationWarning: The sql_alchemy_conn option in [core] has been moved to the sql_alchemy_conn option in [database] - the old setting has been used, but please update your config.
[2025-08-08T02:54:54.167+0000] {task_command.py:426} INFO - Running <TaskInstance: climate_data.create_folder scheduled__2025-07-21T00:00:00+00:00 [running]> on host 1a6f5acf67f4
[2025-08-08T02:54:54.225+0000] {taskinstance.py:2648} INFO - Exporting env vars: AIRFLOW_CTX_DAG_OWNER='***' AIRFLOW_CTX_DAG_ID='climate_data' AIRFLOW_CTX_TASK_ID='create_folder' AIRFLOW_CTX_EXECUTION_DATE='2025-07-21T00:00:00+00:00' AIRFLOW_CTX_TRY_NUMBER='1' AIRFLOW_CTX_DAG_RUN_ID='scheduled__2025-07-21T00:00:00+00:00'
[2025-08-08T02:54:54.226+0000] {taskinstance.py:430} INFO - ::endgroup::
[2025-08-08T02:54:54.235+0000] {subprocess.py:63} INFO - Tmp dir root location: /tmp
[2025-08-08T02:54:54.236+0000] {subprocess.py:75} INFO - Running command: ['/usr/bin/bash', '-c', 'mkdir -p "/home/***/host_documents/week2025-07-28"']
[2025-08-08T02:54:54.243+0000] {subprocess.py:86} INFO - Output:
[2025-08-08T02:54:54.246+0000] {subprocess.py:97} INFO - Command exited with return code 0
[2025-08-08T02:54:54.247+0000] {taskinstance.py:441} INFO - ::group::Post task execution logs
[2025-08-08T02:54:54.264+0000] {taskinstance.py:1206} INFO - Marking task as SUCCESS. dag_id=climate_data, task_id=create_folder, run_id=scheduled__2025-07-21T00:00:00+00:00, execution_date=20250721T000000, start_date=20250808T025454, end_date=20250808T025454
[2025-08-08T02:54:54.288+0000] {local_task_job_runner.py:240} INFO - Task exited with return code 0
[2025-08-08T02:54:54.301+0000] {taskinstance.py:3498} INFO - 1 downstream tasks scheduled from follow-on schedule check
[2025-08-08T02:54:54.303+0000] {local_task_job_runner.py:222} INFO - ::endgroup::
[2025-08-08T02:57:08.133+0000] {local_task_job_runner.py:120} INFO - ::group::Pre task execution logs
[2025-08-08T02:57:08.151+0000] {taskinstance.py:2076} INFO - Dependencies all met for dep_context=non-requeueable deps ti=<TaskInstance: climate_data.create_folder scheduled__2025-07-21T00:00:00+00:00 [queued]>
[2025-08-08T02:57:08.158+0000] {taskinstance.py:2076} INFO - Dependencies all met for dep_context=requeueable deps ti=<TaskInstance: climate_data.create_folder scheduled__2025-07-21T00:00:00+00:00 [queued]>
[2025-08-08T02:57:08.159+0000] {taskinstance.py:2306} INFO - Starting attempt 1 of 1
[2025-08-08T02:57:08.167+0000] {taskinstance.py:2330} INFO - Executing <Task(BashOperator): create_folder> on 2025-07-21 00:00:00+00:00
[2025-08-08T02:57:08.171+0000] {standard_task_runner.py:63} INFO - Started process 3870 to run task
[2025-08-08T02:57:08.174+0000] {standard_task_runner.py:90} INFO - Running: ['***', 'tasks', 'run', 'climate_data', 'create_folder', 'scheduled__2025-07-21T00:00:00+00:00', '--job-id', '986', '--raw', '--subdir', 'DAGS_FOLDER/climate_data.py', '--cfg-path', '/tmp/tmpye2hs8cv']
[2025-08-08T02:57:08.175+0000] {standard_task_runner.py:91} INFO - Job 986: Subtask create_folder
[2025-08-08T02:57:08.186+0000] {logging_mixin.py:188} WARNING - /home/***/.local/lib/python3.9/site-packages/***/settings.py:195 DeprecationWarning: The sql_alchemy_conn option in [core] has been moved to the sql_alchemy_conn option in [database] - the old setting has been used, but please update your config.
[2025-08-08T02:57:08.224+0000] {task_command.py:426} INFO - Running <TaskInstance: climate_data.create_folder scheduled__2025-07-21T00:00:00+00:00 [running]> on host 1a6f5acf67f4
[2025-08-08T02:57:08.278+0000] {taskinstance.py:2648} INFO - Exporting env vars: AIRFLOW_CTX_DAG_OWNER='***' AIRFLOW_CTX_DAG_ID='climate_data' AIRFLOW_CTX_TASK_ID='create_folder' AIRFLOW_CTX_EXECUTION_DATE='2025-07-21T00:00:00+00:00' AIRFLOW_CTX_TRY_NUMBER='1' AIRFLOW_CTX_DAG_RUN_ID='scheduled__2025-07-21T00:00:00+00:00'
[2025-08-08T02:57:08.279+0000] {taskinstance.py:430} INFO - ::endgroup::
[2025-08-08T02:57:08.286+0000] {subprocess.py:63} INFO - Tmp dir root location: /tmp
[2025-08-08T02:57:08.287+0000] {subprocess.py:75} INFO - Running command: ['/usr/bin/bash', '-c', 'mkdir -p "/home/***/host_documents/week2025-07-28"']
[2025-08-08T02:57:08.294+0000] {subprocess.py:86} INFO - Output:
[2025-08-08T02:57:08.297+0000] {subprocess.py:97} INFO - Command exited with return code 0
[2025-08-08T02:57:08.298+0000] {taskinstance.py:441} INFO - ::group::Post task execution logs
[2025-08-08T02:57:08.313+0000] {taskinstance.py:1206} INFO - Marking task as SUCCESS. dag_id=climate_data, task_id=create_folder, run_id=scheduled__2025-07-21T00:00:00+00:00, execution_date=20250721T000000, start_date=20250808T025708, end_date=20250808T025708
[2025-08-08T02:57:08.347+0000] {local_task_job_runner.py:240} INFO - Task exited with return code 0
[2025-08-08T02:57:08.359+0000] {taskinstance.py:3498} INFO - 1 downstream tasks scheduled from follow-on schedule check
[2025-08-08T02:57:08.362+0000] {local_task_job_runner.py:222} INFO - ::endgroup::
[2025-08-08T03:07:10.193+0000] {local_task_job_runner.py:120} INFO - ::group::Pre task execution logs
[2025-08-08T03:07:10.213+0000] {taskinstance.py:2076} INFO - Dependencies all met for dep_context=non-requeueable deps ti=<TaskInstance: climate_data.create_folder scheduled__2025-07-21T00:00:00+00:00 [queued]>
[2025-08-08T03:07:10.220+0000] {taskinstance.py:2076} INFO - Dependencies all met for dep_context=requeueable deps ti=<TaskInstance: climate_data.create_folder scheduled__2025-07-21T00:00:00+00:00 [queued]>
[2025-08-08T03:07:10.221+0000] {taskinstance.py:2306} INFO - Starting attempt 1 of 1
[2025-08-08T03:07:10.229+0000] {taskinstance.py:2330} INFO - Executing <Task(BashOperator): create_folder> on 2025-07-21 00:00:00+00:00
[2025-08-08T03:07:10.233+0000] {standard_task_runner.py:63} INFO - Started process 4222 to run task
[2025-08-08T03:07:10.236+0000] {standard_task_runner.py:90} INFO - Running: ['***', 'tasks', 'run', 'climate_data', 'create_folder', 'scheduled__2025-07-21T00:00:00+00:00', '--job-id', '998', '--raw', '--subdir', 'DAGS_FOLDER/climate_data.py', '--cfg-path', '/tmp/tmph4vb92qq']
[2025-08-08T03:07:10.237+0000] {standard_task_runner.py:91} INFO - Job 998: Subtask create_folder
[2025-08-08T03:07:10.248+0000] {logging_mixin.py:188} WARNING - /home/***/.local/lib/python3.9/site-packages/***/settings.py:195 DeprecationWarning: The sql_alchemy_conn option in [core] has been moved to the sql_alchemy_conn option in [database] - the old setting has been used, but please update your config.
[2025-08-08T03:07:10.284+0000] {task_command.py:426} INFO - Running <TaskInstance: climate_data.create_folder scheduled__2025-07-21T00:00:00+00:00 [running]> on host 1a6f5acf67f4
[2025-08-08T03:07:10.342+0000] {taskinstance.py:2648} INFO - Exporting env vars: AIRFLOW_CTX_DAG_OWNER='***' AIRFLOW_CTX_DAG_ID='climate_data' AIRFLOW_CTX_TASK_ID='create_folder' AIRFLOW_CTX_EXECUTION_DATE='2025-07-21T00:00:00+00:00' AIRFLOW_CTX_TRY_NUMBER='1' AIRFLOW_CTX_DAG_RUN_ID='scheduled__2025-07-21T00:00:00+00:00'
[2025-08-08T03:07:10.343+0000] {taskinstance.py:430} INFO - ::endgroup::
[2025-08-08T03:07:10.350+0000] {subprocess.py:63} INFO - Tmp dir root location: /tmp
[2025-08-08T03:07:10.351+0000] {subprocess.py:75} INFO - Running command: ['/usr/bin/bash', '-c', 'mkdir -p "/home/***/host_documents/week2025-07-28"']
[2025-08-08T03:07:10.358+0000] {subprocess.py:86} INFO - Output:
[2025-08-08T03:07:10.361+0000] {subprocess.py:97} INFO - Command exited with return code 0
[2025-08-08T03:07:10.362+0000] {taskinstance.py:441} INFO - ::group::Post task execution logs
[2025-08-08T03:07:10.377+0000] {taskinstance.py:1206} INFO - Marking task as SUCCESS. dag_id=climate_data, task_id=create_folder, run_id=scheduled__2025-07-21T00:00:00+00:00, execution_date=20250721T000000, start_date=20250808T030710, end_date=20250808T030710
[2025-08-08T03:07:10.408+0000] {local_task_job_runner.py:240} INFO - Task exited with return code 0
[2025-08-08T03:07:10.421+0000] {taskinstance.py:3498} INFO - 1 downstream tasks scheduled from follow-on schedule check
[2025-08-08T03:07:10.422+0000] {local_task_job_runner.py:222} INFO - ::endgroup::
[2025-08-08T03:09:38.116+0000] {local_task_job_runner.py:120} INFO - ::group::Pre task execution logs
[2025-08-08T03:09:38.134+0000] {taskinstance.py:2076} INFO - Dependencies all met for dep_context=non-requeueable deps ti=<TaskInstance: climate_data.create_folder scheduled__2025-07-21T00:00:00+00:00 [queued]>
[2025-08-08T03:09:38.141+0000] {taskinstance.py:2076} INFO - Dependencies all met for dep_context=requeueable deps ti=<TaskInstance: climate_data.create_folder scheduled__2025-07-21T00:00:00+00:00 [queued]>
[2025-08-08T03:09:38.142+0000] {taskinstance.py:2306} INFO - Starting attempt 1 of 1
[2025-08-08T03:09:38.150+0000] {taskinstance.py:2330} INFO - Executing <Task(BashOperator): create_folder> on 2025-07-21 00:00:00+00:00
[2025-08-08T03:09:38.154+0000] {standard_task_runner.py:63} INFO - Started process 4344 to run task
[2025-08-08T03:09:38.156+0000] {standard_task_runner.py:90} INFO - Running: ['***', 'tasks', 'run', 'climate_data', 'create_folder', 'scheduled__2025-07-21T00:00:00+00:00', '--job-id', '1010', '--raw', '--subdir', 'DAGS_FOLDER/climate_data.py', '--cfg-path', '/tmp/tmpl5f0yj6c']
[2025-08-08T03:09:38.158+0000] {standard_task_runner.py:91} INFO - Job 1010: Subtask create_folder
[2025-08-08T03:09:38.169+0000] {logging_mixin.py:188} WARNING - /home/***/.local/lib/python3.9/site-packages/***/settings.py:195 DeprecationWarning: The sql_alchemy_conn option in [core] has been moved to the sql_alchemy_conn option in [database] - the old setting has been used, but please update your config.
[2025-08-08T03:09:38.206+0000] {task_command.py:426} INFO - Running <TaskInstance: climate_data.create_folder scheduled__2025-07-21T00:00:00+00:00 [running]> on host 1a6f5acf67f4
[2025-08-08T03:09:38.260+0000] {taskinstance.py:2648} INFO - Exporting env vars: AIRFLOW_CTX_DAG_OWNER='***' AIRFLOW_CTX_DAG_ID='climate_data' AIRFLOW_CTX_TASK_ID='create_folder' AIRFLOW_CTX_EXECUTION_DATE='2025-07-21T00:00:00+00:00' AIRFLOW_CTX_TRY_NUMBER='1' AIRFLOW_CTX_DAG_RUN_ID='scheduled__2025-07-21T00:00:00+00:00'
[2025-08-08T03:09:38.261+0000] {taskinstance.py:430} INFO - ::endgroup::
[2025-08-08T03:09:38.268+0000] {subprocess.py:63} INFO - Tmp dir root location: /tmp
[2025-08-08T03:09:38.269+0000] {subprocess.py:75} INFO - Running command: ['/usr/bin/bash', '-c', 'mkdir -p "/home/***/host_documents/week2025-07-28"']
[2025-08-08T03:09:38.275+0000] {subprocess.py:86} INFO - Output:
[2025-08-08T03:09:38.278+0000] {subprocess.py:97} INFO - Command exited with return code 0
[2025-08-08T03:09:38.279+0000] {taskinstance.py:441} INFO - ::group::Post task execution logs
[2025-08-08T03:09:38.294+0000] {taskinstance.py:1206} INFO - Marking task as SUCCESS. dag_id=climate_data, task_id=create_folder, run_id=scheduled__2025-07-21T00:00:00+00:00, execution_date=20250721T000000, start_date=20250808T030938, end_date=20250808T030938
[2025-08-08T03:09:38.329+0000] {local_task_job_runner.py:240} INFO - Task exited with return code 0
[2025-08-08T03:09:38.341+0000] {taskinstance.py:3498} INFO - 1 downstream tasks scheduled from follow-on schedule check
[2025-08-08T03:09:38.343+0000] {local_task_job_runner.py:222} INFO - ::endgroup::
