[2025-08-08T02:26:38.223+0000] {local_task_job_runner.py:120} INFO - ::group::Pre task execution logs
[2025-08-08T02:26:38.243+0000] {taskinstance.py:2076} INFO - Dependencies all met for dep_context=non-requeueable deps ti=<TaskInstance: climate_data.create_folder scheduled__2023-09-11T00:00:00+00:00 [queued]>
[2025-08-08T02:26:38.249+0000] {taskinstance.py:2076} INFO - Dependencies all met for dep_context=requeueable deps ti=<TaskInstance: climate_data.create_folder scheduled__2023-09-11T00:00:00+00:00 [queued]>
[2025-08-08T02:26:38.250+0000] {taskinstance.py:2306} INFO - Starting attempt 1 of 1
[2025-08-08T02:26:38.295+0000] {taskinstance.py:2330} INFO - Executing <Task(BashOperator): create_folder> on 2023-09-11 00:00:00+00:00
[2025-08-08T02:26:38.299+0000] {standard_task_runner.py:63} INFO - Started process 445 to run task
[2025-08-08T02:26:38.302+0000] {standard_task_runner.py:90} INFO - Running: ['***', 'tasks', 'run', 'climate_data', 'create_folder', 'scheduled__2023-09-11T00:00:00+00:00', '--job-id', '84', '--raw', '--subdir', 'DAGS_FOLDER/climate_data.py', '--cfg-path', '/tmp/tmp0ugd159n']
[2025-08-08T02:26:38.303+0000] {standard_task_runner.py:91} INFO - Job 84: Subtask create_folder
[2025-08-08T02:26:38.316+0000] {logging_mixin.py:188} WARNING - /home/***/.local/lib/python3.9/site-packages/***/settings.py:195 DeprecationWarning: The sql_alchemy_conn option in [core] has been moved to the sql_alchemy_conn option in [database] - the old setting has been used, but please update your config.
[2025-08-08T02:26:38.357+0000] {task_command.py:426} INFO - Running <TaskInstance: climate_data.create_folder scheduled__2023-09-11T00:00:00+00:00 [running]> on host 3ceab82043f1
[2025-08-08T02:26:38.431+0000] {taskinstance.py:2648} INFO - Exporting env vars: AIRFLOW_CTX_DAG_OWNER='***' AIRFLOW_CTX_DAG_ID='climate_data' AIRFLOW_CTX_TASK_ID='create_folder' AIRFLOW_CTX_EXECUTION_DATE='2023-09-11T00:00:00+00:00' AIRFLOW_CTX_TRY_NUMBER='1' AIRFLOW_CTX_DAG_RUN_ID='scheduled__2023-09-11T00:00:00+00:00'
[2025-08-08T02:26:38.432+0000] {taskinstance.py:430} INFO - ::endgroup::
[2025-08-08T02:26:38.441+0000] {subprocess.py:63} INFO - Tmp dir root location: /tmp
[2025-08-08T02:26:38.443+0000] {subprocess.py:75} INFO - Running command: ['/usr/bin/bash', '-c', 'mkdir -p /home/***/host_documents/week2023-09-18"']
[2025-08-08T02:26:38.454+0000] {subprocess.py:86} INFO - Output:
[2025-08-08T02:26:38.455+0000] {subprocess.py:93} INFO - /usr/bin/bash: -c: line 1: unexpected EOF while looking for matching `"'
[2025-08-08T02:26:38.456+0000] {subprocess.py:97} INFO - Command exited with return code 2
[2025-08-08T02:26:38.456+0000] {taskinstance.py:441} INFO - ::group::Post task execution logs
[2025-08-08T02:26:38.467+0000] {taskinstance.py:2905} ERROR - Task failed with exception
Traceback (most recent call last):
  File "/home/airflow/.local/lib/python3.9/site-packages/airflow/models/taskinstance.py", line 465, in _execute_task
    result = _execute_callable(context=context, **execute_callable_kwargs)
  File "/home/airflow/.local/lib/python3.9/site-packages/airflow/models/taskinstance.py", line 432, in _execute_callable
    return execute_callable(context=context, **execute_callable_kwargs)
  File "/home/airflow/.local/lib/python3.9/site-packages/airflow/models/baseoperator.py", line 400, in wrapper
    return func(self, *args, **kwargs)
  File "/home/airflow/.local/lib/python3.9/site-packages/airflow/operators/bash.py", line 243, in execute
    raise AirflowException(
airflow.exceptions.AirflowException: Bash command failed. The command returned a non-zero exit code 2.
[2025-08-08T02:26:38.469+0000] {taskinstance.py:1206} INFO - Marking task as FAILED. dag_id=climate_data, task_id=create_folder, run_id=scheduled__2023-09-11T00:00:00+00:00, execution_date=20230911T000000, start_date=20250808T022638, end_date=20250808T022638
[2025-08-08T02:26:38.493+0000] {standard_task_runner.py:110} ERROR - Failed to execute job 84 for task create_folder (Bash command failed. The command returned a non-zero exit code 2.; 445)
[2025-08-08T02:26:38.514+0000] {local_task_job_runner.py:240} INFO - Task exited with return code 1
[2025-08-08T02:26:38.535+0000] {taskinstance.py:3498} INFO - 0 downstream tasks scheduled from follow-on schedule check
[2025-08-08T02:26:38.539+0000] {local_task_job_runner.py:222} INFO - ::endgroup::
[2025-08-08T02:34:52.951+0000] {local_task_job_runner.py:120} INFO - ::group::Pre task execution logs
[2025-08-08T02:34:52.971+0000] {taskinstance.py:2076} INFO - Dependencies all met for dep_context=non-requeueable deps ti=<TaskInstance: climate_data.create_folder scheduled__2023-09-11T00:00:00+00:00 [queued]>
[2025-08-08T02:34:52.978+0000] {taskinstance.py:2076} INFO - Dependencies all met for dep_context=requeueable deps ti=<TaskInstance: climate_data.create_folder scheduled__2023-09-11T00:00:00+00:00 [queued]>
[2025-08-08T02:34:52.979+0000] {taskinstance.py:2306} INFO - Starting attempt 1 of 1
[2025-08-08T02:34:52.987+0000] {taskinstance.py:2330} INFO - Executing <Task(BashOperator): create_folder> on 2023-09-11 00:00:00+00:00
[2025-08-08T02:34:52.991+0000] {standard_task_runner.py:63} INFO - Started process 465 to run task
[2025-08-08T02:34:52.993+0000] {standard_task_runner.py:90} INFO - Running: ['***', 'tasks', 'run', 'climate_data', 'create_folder', 'scheduled__2023-09-11T00:00:00+00:00', '--job-id', '239', '--raw', '--subdir', 'DAGS_FOLDER/climate_data.py', '--cfg-path', '/tmp/tmpp86ck3x8']
[2025-08-08T02:34:52.995+0000] {standard_task_runner.py:91} INFO - Job 239: Subtask create_folder
[2025-08-08T02:34:53.006+0000] {logging_mixin.py:188} WARNING - /home/***/.local/lib/python3.9/site-packages/***/settings.py:195 DeprecationWarning: The sql_alchemy_conn option in [core] has been moved to the sql_alchemy_conn option in [database] - the old setting has been used, but please update your config.
[2025-08-08T02:34:53.045+0000] {task_command.py:426} INFO - Running <TaskInstance: climate_data.create_folder scheduled__2023-09-11T00:00:00+00:00 [running]> on host 1a6f5acf67f4
[2025-08-08T02:34:53.103+0000] {taskinstance.py:2648} INFO - Exporting env vars: AIRFLOW_CTX_DAG_OWNER='***' AIRFLOW_CTX_DAG_ID='climate_data' AIRFLOW_CTX_TASK_ID='create_folder' AIRFLOW_CTX_EXECUTION_DATE='2023-09-11T00:00:00+00:00' AIRFLOW_CTX_TRY_NUMBER='1' AIRFLOW_CTX_DAG_RUN_ID='scheduled__2023-09-11T00:00:00+00:00'
[2025-08-08T02:34:53.103+0000] {taskinstance.py:430} INFO - ::endgroup::
[2025-08-08T02:34:53.111+0000] {subprocess.py:63} INFO - Tmp dir root location: /tmp
[2025-08-08T02:34:53.111+0000] {subprocess.py:75} INFO - Running command: ['/usr/bin/bash', '-c', 'mkdir -p /home/***/host_documents/week2023-09-18"']
[2025-08-08T02:34:53.118+0000] {subprocess.py:86} INFO - Output:
[2025-08-08T02:34:53.119+0000] {subprocess.py:93} INFO - /usr/bin/bash: -c: line 1: unexpected EOF while looking for matching `"'
[2025-08-08T02:34:53.120+0000] {subprocess.py:97} INFO - Command exited with return code 2
[2025-08-08T02:34:53.120+0000] {taskinstance.py:441} INFO - ::group::Post task execution logs
[2025-08-08T02:34:53.127+0000] {taskinstance.py:2905} ERROR - Task failed with exception
Traceback (most recent call last):
  File "/home/airflow/.local/lib/python3.9/site-packages/airflow/models/taskinstance.py", line 465, in _execute_task
    result = _execute_callable(context=context, **execute_callable_kwargs)
  File "/home/airflow/.local/lib/python3.9/site-packages/airflow/models/taskinstance.py", line 432, in _execute_callable
    return execute_callable(context=context, **execute_callable_kwargs)
  File "/home/airflow/.local/lib/python3.9/site-packages/airflow/models/baseoperator.py", line 400, in wrapper
    return func(self, *args, **kwargs)
  File "/home/airflow/.local/lib/python3.9/site-packages/airflow/operators/bash.py", line 243, in execute
    raise AirflowException(
airflow.exceptions.AirflowException: Bash command failed. The command returned a non-zero exit code 2.
[2025-08-08T02:34:53.130+0000] {taskinstance.py:1206} INFO - Marking task as FAILED. dag_id=climate_data, task_id=create_folder, run_id=scheduled__2023-09-11T00:00:00+00:00, execution_date=20230911T000000, start_date=20250808T023452, end_date=20250808T023453
[2025-08-08T02:34:53.138+0000] {standard_task_runner.py:110} ERROR - Failed to execute job 239 for task create_folder (Bash command failed. The command returned a non-zero exit code 2.; 465)
[2025-08-08T02:34:53.166+0000] {local_task_job_runner.py:240} INFO - Task exited with return code 1
[2025-08-08T02:34:53.180+0000] {taskinstance.py:3498} INFO - 0 downstream tasks scheduled from follow-on schedule check
[2025-08-08T02:34:53.183+0000] {local_task_job_runner.py:222} INFO - ::endgroup::
[2025-08-08T02:39:29.602+0000] {local_task_job_runner.py:120} INFO - ::group::Pre task execution logs
[2025-08-08T02:39:29.625+0000] {taskinstance.py:2076} INFO - Dependencies all met for dep_context=non-requeueable deps ti=<TaskInstance: climate_data.create_folder scheduled__2023-09-11T00:00:00+00:00 [queued]>
[2025-08-08T02:39:29.633+0000] {taskinstance.py:2076} INFO - Dependencies all met for dep_context=requeueable deps ti=<TaskInstance: climate_data.create_folder scheduled__2023-09-11T00:00:00+00:00 [queued]>
[2025-08-08T02:39:29.634+0000] {taskinstance.py:2306} INFO - Starting attempt 1 of 1
[2025-08-08T02:39:29.673+0000] {taskinstance.py:2330} INFO - Executing <Task(BashOperator): create_folder> on 2023-09-11 00:00:00+00:00
[2025-08-08T02:39:29.679+0000] {standard_task_runner.py:63} INFO - Started process 1405 to run task
[2025-08-08T02:39:29.683+0000] {standard_task_runner.py:90} INFO - Running: ['***', 'tasks', 'run', 'climate_data', 'create_folder', 'scheduled__2023-09-11T00:00:00+00:00', '--job-id', '443', '--raw', '--subdir', 'DAGS_FOLDER/climate_data.py', '--cfg-path', '/tmp/tmp1ll3lzrj']
[2025-08-08T02:39:29.686+0000] {standard_task_runner.py:91} INFO - Job 443: Subtask create_folder
[2025-08-08T02:39:29.701+0000] {logging_mixin.py:188} WARNING - /home/***/.local/lib/python3.9/site-packages/***/settings.py:195 DeprecationWarning: The sql_alchemy_conn option in [core] has been moved to the sql_alchemy_conn option in [database] - the old setting has been used, but please update your config.
[2025-08-08T02:39:29.762+0000] {task_command.py:426} INFO - Running <TaskInstance: climate_data.create_folder scheduled__2023-09-11T00:00:00+00:00 [running]> on host 1a6f5acf67f4
[2025-08-08T02:39:29.834+0000] {taskinstance.py:2648} INFO - Exporting env vars: AIRFLOW_CTX_DAG_OWNER='***' AIRFLOW_CTX_DAG_ID='climate_data' AIRFLOW_CTX_TASK_ID='create_folder' AIRFLOW_CTX_EXECUTION_DATE='2023-09-11T00:00:00+00:00' AIRFLOW_CTX_TRY_NUMBER='1' AIRFLOW_CTX_DAG_RUN_ID='scheduled__2023-09-11T00:00:00+00:00'
[2025-08-08T02:39:29.835+0000] {taskinstance.py:430} INFO - ::endgroup::
[2025-08-08T02:39:29.845+0000] {subprocess.py:63} INFO - Tmp dir root location: /tmp
[2025-08-08T02:39:29.846+0000] {subprocess.py:75} INFO - Running command: ['/usr/bin/bash', '-c', 'mkdir -p /home/***/host_documents/week2023-09-18']
[2025-08-08T02:39:29.856+0000] {subprocess.py:86} INFO - Output:
[2025-08-08T02:39:29.861+0000] {subprocess.py:97} INFO - Command exited with return code 0
[2025-08-08T02:39:29.862+0000] {taskinstance.py:441} INFO - ::group::Post task execution logs
[2025-08-08T02:39:29.883+0000] {taskinstance.py:1206} INFO - Marking task as SUCCESS. dag_id=climate_data, task_id=create_folder, run_id=scheduled__2023-09-11T00:00:00+00:00, execution_date=20230911T000000, start_date=20250808T023929, end_date=20250808T023929
[2025-08-08T02:39:29.975+0000] {local_task_job_runner.py:240} INFO - Task exited with return code 0
[2025-08-08T02:39:29.997+0000] {taskinstance.py:3498} INFO - 1 downstream tasks scheduled from follow-on schedule check
[2025-08-08T02:39:30.000+0000] {local_task_job_runner.py:222} INFO - ::endgroup::
[2025-08-08T02:42:28.247+0000] {local_task_job_runner.py:120} INFO - ::group::Pre task execution logs
[2025-08-08T02:42:28.274+0000] {taskinstance.py:2076} INFO - Dependencies all met for dep_context=non-requeueable deps ti=<TaskInstance: climate_data.create_folder scheduled__2023-09-11T00:00:00+00:00 [queued]>
[2025-08-08T02:42:28.282+0000] {taskinstance.py:2076} INFO - Dependencies all met for dep_context=requeueable deps ti=<TaskInstance: climate_data.create_folder scheduled__2023-09-11T00:00:00+00:00 [queued]>
[2025-08-08T02:42:28.283+0000] {taskinstance.py:2306} INFO - Starting attempt 1 of 1
[2025-08-08T02:42:28.325+0000] {taskinstance.py:2330} INFO - Executing <Task(BashOperator): create_folder> on 2023-09-11 00:00:00+00:00
[2025-08-08T02:42:28.330+0000] {standard_task_runner.py:63} INFO - Started process 2575 to run task
[2025-08-08T02:42:28.333+0000] {standard_task_runner.py:90} INFO - Running: ['***', 'tasks', 'run', 'climate_data', 'create_folder', 'scheduled__2023-09-11T00:00:00+00:00', '--job-id', '751', '--raw', '--subdir', 'DAGS_FOLDER/climate_data.py', '--cfg-path', '/tmp/tmpkdpjedkv']
[2025-08-08T02:42:28.335+0000] {standard_task_runner.py:91} INFO - Job 751: Subtask create_folder
[2025-08-08T02:42:28.352+0000] {logging_mixin.py:188} WARNING - /home/***/.local/lib/python3.9/site-packages/***/settings.py:195 DeprecationWarning: The sql_alchemy_conn option in [core] has been moved to the sql_alchemy_conn option in [database] - the old setting has been used, but please update your config.
[2025-08-08T02:42:28.401+0000] {task_command.py:426} INFO - Running <TaskInstance: climate_data.create_folder scheduled__2023-09-11T00:00:00+00:00 [running]> on host 1a6f5acf67f4
[2025-08-08T02:42:28.481+0000] {taskinstance.py:2648} INFO - Exporting env vars: AIRFLOW_CTX_DAG_OWNER='***' AIRFLOW_CTX_DAG_ID='climate_data' AIRFLOW_CTX_TASK_ID='create_folder' AIRFLOW_CTX_EXECUTION_DATE='2023-09-11T00:00:00+00:00' AIRFLOW_CTX_TRY_NUMBER='1' AIRFLOW_CTX_DAG_RUN_ID='scheduled__2023-09-11T00:00:00+00:00'
[2025-08-08T02:42:28.482+0000] {taskinstance.py:430} INFO - ::endgroup::
[2025-08-08T02:42:28.493+0000] {subprocess.py:63} INFO - Tmp dir root location: /tmp
[2025-08-08T02:42:28.494+0000] {subprocess.py:75} INFO - Running command: ['/usr/bin/bash', '-c', 'mkdir -p "/home/***/host_documents/week2023-09-18"']
[2025-08-08T02:42:28.506+0000] {subprocess.py:86} INFO - Output:
[2025-08-08T02:42:28.510+0000] {subprocess.py:97} INFO - Command exited with return code 0
[2025-08-08T02:42:28.511+0000] {taskinstance.py:441} INFO - ::group::Post task execution logs
[2025-08-08T02:42:28.536+0000] {taskinstance.py:1206} INFO - Marking task as SUCCESS. dag_id=climate_data, task_id=create_folder, run_id=scheduled__2023-09-11T00:00:00+00:00, execution_date=20230911T000000, start_date=20250808T024228, end_date=20250808T024228
[2025-08-08T02:42:28.627+0000] {local_task_job_runner.py:240} INFO - Task exited with return code 0
[2025-08-08T02:42:28.648+0000] {taskinstance.py:3498} INFO - 1 downstream tasks scheduled from follow-on schedule check
[2025-08-08T02:42:28.651+0000] {local_task_job_runner.py:222} INFO - ::endgroup::
