[2025-08-08T02:27:05.448+0000] {local_task_job_runner.py:120} INFO - ::group::Pre task execution logs
[2025-08-08T02:27:05.468+0000] {taskinstance.py:2076} INFO - Dependencies all met for dep_context=non-requeueable deps ti=<TaskInstance: climate_data.create_folder scheduled__2025-05-05T00:00:00+00:00 [queued]>
[2025-08-08T02:27:05.475+0000] {taskinstance.py:2076} INFO - Dependencies all met for dep_context=requeueable deps ti=<TaskInstance: climate_data.create_folder scheduled__2025-05-05T00:00:00+00:00 [queued]>
[2025-08-08T02:27:05.476+0000] {taskinstance.py:2306} INFO - Starting attempt 1 of 1
[2025-08-08T02:27:05.489+0000] {taskinstance.py:2330} INFO - Executing <Task(BashOperator): create_folder> on 2025-05-05 00:00:00+00:00
[2025-08-08T02:27:05.493+0000] {standard_task_runner.py:63} INFO - Started process 805 to run task
[2025-08-08T02:27:05.496+0000] {standard_task_runner.py:90} INFO - Running: ['***', 'tasks', 'run', 'climate_data', 'create_folder', 'scheduled__2025-05-05T00:00:00+00:00', '--job-id', '170', '--raw', '--subdir', 'DAGS_FOLDER/climate_data.py', '--cfg-path', '/tmp/tmpxc1_it77']
[2025-08-08T02:27:05.498+0000] {standard_task_runner.py:91} INFO - Job 170: Subtask create_folder
[2025-08-08T02:27:05.511+0000] {logging_mixin.py:188} WARNING - /home/***/.local/lib/python3.9/site-packages/***/settings.py:195 DeprecationWarning: The sql_alchemy_conn option in [core] has been moved to the sql_alchemy_conn option in [database] - the old setting has been used, but please update your config.
[2025-08-08T02:27:05.552+0000] {task_command.py:426} INFO - Running <TaskInstance: climate_data.create_folder scheduled__2025-05-05T00:00:00+00:00 [running]> on host 3ceab82043f1
[2025-08-08T02:27:05.619+0000] {taskinstance.py:2648} INFO - Exporting env vars: AIRFLOW_CTX_DAG_OWNER='***' AIRFLOW_CTX_DAG_ID='climate_data' AIRFLOW_CTX_TASK_ID='create_folder' AIRFLOW_CTX_EXECUTION_DATE='2025-05-05T00:00:00+00:00' AIRFLOW_CTX_TRY_NUMBER='1' AIRFLOW_CTX_DAG_RUN_ID='scheduled__2025-05-05T00:00:00+00:00'
[2025-08-08T02:27:05.622+0000] {taskinstance.py:430} INFO - ::endgroup::
[2025-08-08T02:27:05.631+0000] {subprocess.py:63} INFO - Tmp dir root location: /tmp
[2025-08-08T02:27:05.632+0000] {subprocess.py:75} INFO - Running command: ['/usr/bin/bash', '-c', 'mkdir -p /home/***/host_documents/week2025-05-12"']
[2025-08-08T02:27:05.639+0000] {subprocess.py:86} INFO - Output:
[2025-08-08T02:27:05.640+0000] {subprocess.py:93} INFO - /usr/bin/bash: -c: line 1: unexpected EOF while looking for matching `"'
[2025-08-08T02:27:05.640+0000] {subprocess.py:97} INFO - Command exited with return code 2
[2025-08-08T02:27:05.641+0000] {taskinstance.py:441} INFO - ::group::Post task execution logs
[2025-08-08T02:27:05.650+0000] {taskinstance.py:2905} ERROR - Task failed with exception
Traceback (most recent call last):
  File "/home/airflow/.local/lib/python3.9/site-packages/airflow/models/taskinstance.py", line 465, in _execute_task
    result = _execute_callable(context=context, **execute_callable_kwargs)
  File "/home/airflow/.local/lib/python3.9/site-packages/airflow/models/taskinstance.py", line 432, in _execute_callable
    return execute_callable(context=context, **execute_callable_kwargs)
  File "/home/airflow/.local/lib/python3.9/site-packages/airflow/models/baseoperator.py", line 400, in wrapper
    return func(self, *args, **kwargs)
  File "/home/airflow/.local/lib/python3.9/site-packages/airflow/operators/bash.py", line 243, in execute
    raise AirflowException(
airflow.exceptions.AirflowException: Bash command failed. The command returned a non-zero exit code 2.
[2025-08-08T02:27:05.653+0000] {taskinstance.py:1206} INFO - Marking task as FAILED. dag_id=climate_data, task_id=create_folder, run_id=scheduled__2025-05-05T00:00:00+00:00, execution_date=20250505T000000, start_date=20250808T022705, end_date=20250808T022705
[2025-08-08T02:27:05.671+0000] {standard_task_runner.py:110} ERROR - Failed to execute job 170 for task create_folder (Bash command failed. The command returned a non-zero exit code 2.; 805)
[2025-08-08T02:27:05.709+0000] {local_task_job_runner.py:240} INFO - Task exited with return code 1
[2025-08-08T02:27:05.717+0000] {local_task_job_runner.py:222} INFO - ::endgroup::
[2025-08-08T02:35:23.276+0000] {local_task_job_runner.py:120} INFO - ::group::Pre task execution logs
[2025-08-08T02:35:23.296+0000] {taskinstance.py:2076} INFO - Dependencies all met for dep_context=non-requeueable deps ti=<TaskInstance: climate_data.create_folder scheduled__2025-05-05T00:00:00+00:00 [queued]>
[2025-08-08T02:35:23.302+0000] {taskinstance.py:2076} INFO - Dependencies all met for dep_context=requeueable deps ti=<TaskInstance: climate_data.create_folder scheduled__2025-05-05T00:00:00+00:00 [queued]>
[2025-08-08T02:35:23.303+0000] {taskinstance.py:2306} INFO - Starting attempt 1 of 1
[2025-08-08T02:35:23.311+0000] {taskinstance.py:2330} INFO - Executing <Task(BashOperator): create_folder> on 2025-05-05 00:00:00+00:00
[2025-08-08T02:35:23.315+0000] {standard_task_runner.py:63} INFO - Started process 829 to run task
[2025-08-08T02:35:23.317+0000] {standard_task_runner.py:90} INFO - Running: ['***', 'tasks', 'run', 'climate_data', 'create_folder', 'scheduled__2025-05-05T00:00:00+00:00', '--job-id', '326', '--raw', '--subdir', 'DAGS_FOLDER/climate_data.py', '--cfg-path', '/tmp/tmpvajotevo']
[2025-08-08T02:35:23.319+0000] {standard_task_runner.py:91} INFO - Job 326: Subtask create_folder
[2025-08-08T02:35:23.329+0000] {logging_mixin.py:188} WARNING - /home/***/.local/lib/python3.9/site-packages/***/settings.py:195 DeprecationWarning: The sql_alchemy_conn option in [core] has been moved to the sql_alchemy_conn option in [database] - the old setting has been used, but please update your config.
[2025-08-08T02:35:23.365+0000] {task_command.py:426} INFO - Running <TaskInstance: climate_data.create_folder scheduled__2025-05-05T00:00:00+00:00 [running]> on host 1a6f5acf67f4
[2025-08-08T02:35:23.417+0000] {taskinstance.py:2648} INFO - Exporting env vars: AIRFLOW_CTX_DAG_OWNER='***' AIRFLOW_CTX_DAG_ID='climate_data' AIRFLOW_CTX_TASK_ID='create_folder' AIRFLOW_CTX_EXECUTION_DATE='2025-05-05T00:00:00+00:00' AIRFLOW_CTX_TRY_NUMBER='1' AIRFLOW_CTX_DAG_RUN_ID='scheduled__2025-05-05T00:00:00+00:00'
[2025-08-08T02:35:23.418+0000] {taskinstance.py:430} INFO - ::endgroup::
[2025-08-08T02:35:23.428+0000] {subprocess.py:63} INFO - Tmp dir root location: /tmp
[2025-08-08T02:35:23.429+0000] {subprocess.py:75} INFO - Running command: ['/usr/bin/bash', '-c', 'mkdir -p /home/***/host_documents/week2025-05-12"']
[2025-08-08T02:35:23.435+0000] {subprocess.py:86} INFO - Output:
[2025-08-08T02:35:23.436+0000] {subprocess.py:93} INFO - /usr/bin/bash: -c: line 1: unexpected EOF while looking for matching `"'
[2025-08-08T02:35:23.437+0000] {subprocess.py:97} INFO - Command exited with return code 2
[2025-08-08T02:35:23.437+0000] {taskinstance.py:441} INFO - ::group::Post task execution logs
[2025-08-08T02:35:23.444+0000] {taskinstance.py:2905} ERROR - Task failed with exception
Traceback (most recent call last):
  File "/home/airflow/.local/lib/python3.9/site-packages/airflow/models/taskinstance.py", line 465, in _execute_task
    result = _execute_callable(context=context, **execute_callable_kwargs)
  File "/home/airflow/.local/lib/python3.9/site-packages/airflow/models/taskinstance.py", line 432, in _execute_callable
    return execute_callable(context=context, **execute_callable_kwargs)
  File "/home/airflow/.local/lib/python3.9/site-packages/airflow/models/baseoperator.py", line 400, in wrapper
    return func(self, *args, **kwargs)
  File "/home/airflow/.local/lib/python3.9/site-packages/airflow/operators/bash.py", line 243, in execute
    raise AirflowException(
airflow.exceptions.AirflowException: Bash command failed. The command returned a non-zero exit code 2.
[2025-08-08T02:35:23.446+0000] {taskinstance.py:1206} INFO - Marking task as FAILED. dag_id=climate_data, task_id=create_folder, run_id=scheduled__2025-05-05T00:00:00+00:00, execution_date=20250505T000000, start_date=20250808T023523, end_date=20250808T023523
[2025-08-08T02:35:23.453+0000] {standard_task_runner.py:110} ERROR - Failed to execute job 326 for task create_folder (Bash command failed. The command returned a non-zero exit code 2.; 829)
[2025-08-08T02:35:23.489+0000] {local_task_job_runner.py:240} INFO - Task exited with return code 1
[2025-08-08T02:35:23.503+0000] {taskinstance.py:3498} INFO - 0 downstream tasks scheduled from follow-on schedule check
[2025-08-08T02:35:23.506+0000] {local_task_job_runner.py:222} INFO - ::endgroup::
[2025-08-08T02:39:56.659+0000] {local_task_job_runner.py:120} INFO - ::group::Pre task execution logs
[2025-08-08T02:39:56.679+0000] {taskinstance.py:2076} INFO - Dependencies all met for dep_context=non-requeueable deps ti=<TaskInstance: climate_data.create_folder scheduled__2025-05-05T00:00:00+00:00 [queued]>
[2025-08-08T02:39:56.687+0000] {taskinstance.py:2076} INFO - Dependencies all met for dep_context=requeueable deps ti=<TaskInstance: climate_data.create_folder scheduled__2025-05-05T00:00:00+00:00 [queued]>
[2025-08-08T02:39:56.688+0000] {taskinstance.py:2306} INFO - Starting attempt 1 of 1
[2025-08-08T02:39:56.699+0000] {taskinstance.py:2330} INFO - Executing <Task(BashOperator): create_folder> on 2025-05-05 00:00:00+00:00
[2025-08-08T02:39:56.704+0000] {standard_task_runner.py:63} INFO - Started process 2012 to run task
[2025-08-08T02:39:56.708+0000] {standard_task_runner.py:90} INFO - Running: ['***', 'tasks', 'run', 'climate_data', 'create_folder', 'scheduled__2025-05-05T00:00:00+00:00', '--job-id', '614', '--raw', '--subdir', 'DAGS_FOLDER/climate_data.py', '--cfg-path', '/tmp/tmpl20dlyoh']
[2025-08-08T02:39:56.710+0000] {standard_task_runner.py:91} INFO - Job 614: Subtask create_folder
[2025-08-08T02:39:56.726+0000] {logging_mixin.py:188} WARNING - /home/***/.local/lib/python3.9/site-packages/***/settings.py:195 DeprecationWarning: The sql_alchemy_conn option in [core] has been moved to the sql_alchemy_conn option in [database] - the old setting has been used, but please update your config.
[2025-08-08T02:39:56.776+0000] {task_command.py:426} INFO - Running <TaskInstance: climate_data.create_folder scheduled__2025-05-05T00:00:00+00:00 [running]> on host 1a6f5acf67f4
[2025-08-08T02:39:56.855+0000] {taskinstance.py:2648} INFO - Exporting env vars: AIRFLOW_CTX_DAG_OWNER='***' AIRFLOW_CTX_DAG_ID='climate_data' AIRFLOW_CTX_TASK_ID='create_folder' AIRFLOW_CTX_EXECUTION_DATE='2025-05-05T00:00:00+00:00' AIRFLOW_CTX_TRY_NUMBER='1' AIRFLOW_CTX_DAG_RUN_ID='scheduled__2025-05-05T00:00:00+00:00'
[2025-08-08T02:39:56.856+0000] {taskinstance.py:430} INFO - ::endgroup::
[2025-08-08T02:39:56.868+0000] {subprocess.py:63} INFO - Tmp dir root location: /tmp
[2025-08-08T02:39:56.871+0000] {subprocess.py:75} INFO - Running command: ['/usr/bin/bash', '-c', 'mkdir -p /home/***/host_documents/week2025-05-12']
[2025-08-08T02:39:56.882+0000] {subprocess.py:86} INFO - Output:
[2025-08-08T02:39:56.887+0000] {subprocess.py:97} INFO - Command exited with return code 0
[2025-08-08T02:39:56.888+0000] {taskinstance.py:441} INFO - ::group::Post task execution logs
[2025-08-08T02:39:56.917+0000] {taskinstance.py:1206} INFO - Marking task as SUCCESS. dag_id=climate_data, task_id=create_folder, run_id=scheduled__2025-05-05T00:00:00+00:00, execution_date=20250505T000000, start_date=20250808T023956, end_date=20250808T023956
[2025-08-08T02:39:57.000+0000] {local_task_job_runner.py:240} INFO - Task exited with return code 0
[2025-08-08T02:39:57.022+0000] {taskinstance.py:3498} INFO - 1 downstream tasks scheduled from follow-on schedule check
[2025-08-08T02:39:57.025+0000] {local_task_job_runner.py:222} INFO - ::endgroup::
[2025-08-08T02:42:55.916+0000] {local_task_job_runner.py:120} INFO - ::group::Pre task execution logs
[2025-08-08T02:42:55.943+0000] {taskinstance.py:2076} INFO - Dependencies all met for dep_context=non-requeueable deps ti=<TaskInstance: climate_data.create_folder scheduled__2025-05-05T00:00:00+00:00 [queued]>
[2025-08-08T02:42:55.953+0000] {taskinstance.py:2076} INFO - Dependencies all met for dep_context=requeueable deps ti=<TaskInstance: climate_data.create_folder scheduled__2025-05-05T00:00:00+00:00 [queued]>
[2025-08-08T02:42:55.953+0000] {taskinstance.py:2306} INFO - Starting attempt 1 of 1
[2025-08-08T02:42:55.965+0000] {taskinstance.py:2330} INFO - Executing <Task(BashOperator): create_folder> on 2025-05-05 00:00:00+00:00
[2025-08-08T02:42:55.970+0000] {standard_task_runner.py:63} INFO - Started process 3187 to run task
[2025-08-08T02:42:55.973+0000] {standard_task_runner.py:90} INFO - Running: ['***', 'tasks', 'run', 'climate_data', 'create_folder', 'scheduled__2025-05-05T00:00:00+00:00', '--job-id', '923', '--raw', '--subdir', 'DAGS_FOLDER/climate_data.py', '--cfg-path', '/tmp/tmpab0tnldx']
[2025-08-08T02:42:55.975+0000] {standard_task_runner.py:91} INFO - Job 923: Subtask create_folder
[2025-08-08T02:42:55.990+0000] {logging_mixin.py:188} WARNING - /home/***/.local/lib/python3.9/site-packages/***/settings.py:195 DeprecationWarning: The sql_alchemy_conn option in [core] has been moved to the sql_alchemy_conn option in [database] - the old setting has been used, but please update your config.
[2025-08-08T02:42:56.038+0000] {task_command.py:426} INFO - Running <TaskInstance: climate_data.create_folder scheduled__2025-05-05T00:00:00+00:00 [running]> on host 1a6f5acf67f4
[2025-08-08T02:42:56.108+0000] {taskinstance.py:2648} INFO - Exporting env vars: AIRFLOW_CTX_DAG_OWNER='***' AIRFLOW_CTX_DAG_ID='climate_data' AIRFLOW_CTX_TASK_ID='create_folder' AIRFLOW_CTX_EXECUTION_DATE='2025-05-05T00:00:00+00:00' AIRFLOW_CTX_TRY_NUMBER='1' AIRFLOW_CTX_DAG_RUN_ID='scheduled__2025-05-05T00:00:00+00:00'
[2025-08-08T02:42:56.109+0000] {taskinstance.py:430} INFO - ::endgroup::
[2025-08-08T02:42:56.119+0000] {subprocess.py:63} INFO - Tmp dir root location: /tmp
[2025-08-08T02:42:56.120+0000] {subprocess.py:75} INFO - Running command: ['/usr/bin/bash', '-c', 'mkdir -p "/home/***/host_documents/week2025-05-12"']
[2025-08-08T02:42:56.130+0000] {subprocess.py:86} INFO - Output:
[2025-08-08T02:42:56.136+0000] {subprocess.py:97} INFO - Command exited with return code 0
[2025-08-08T02:42:56.137+0000] {taskinstance.py:441} INFO - ::group::Post task execution logs
[2025-08-08T02:42:56.161+0000] {taskinstance.py:1206} INFO - Marking task as SUCCESS. dag_id=climate_data, task_id=create_folder, run_id=scheduled__2025-05-05T00:00:00+00:00, execution_date=20250505T000000, start_date=20250808T024255, end_date=20250808T024256
[2025-08-08T02:42:56.225+0000] {local_task_job_runner.py:240} INFO - Task exited with return code 0
[2025-08-08T02:42:56.246+0000] {taskinstance.py:3498} INFO - 1 downstream tasks scheduled from follow-on schedule check
[2025-08-08T02:42:56.248+0000] {local_task_job_runner.py:222} INFO - ::endgroup::
