[2025-08-08T02:27:05.680+0000] {local_task_job_runner.py:120} INFO - ::group::Pre task execution logs
[2025-08-08T02:27:05.703+0000] {taskinstance.py:2076} INFO - Dependencies all met for dep_context=non-requeueable deps ti=<TaskInstance: climate_data.create_folder scheduled__2025-06-02T00:00:00+00:00 [queued]>
[2025-08-08T02:27:05.711+0000] {taskinstance.py:2076} INFO - Dependencies all met for dep_context=requeueable deps ti=<TaskInstance: climate_data.create_folder scheduled__2025-06-02T00:00:00+00:00 [queued]>
[2025-08-08T02:27:05.712+0000] {taskinstance.py:2306} INFO - Starting attempt 1 of 1
[2025-08-08T02:27:05.768+0000] {taskinstance.py:2330} INFO - Executing <Task(BashOperator): create_folder> on 2025-06-02 00:00:00+00:00
[2025-08-08T02:27:05.773+0000] {standard_task_runner.py:63} INFO - Started process 818 to run task
[2025-08-08T02:27:05.776+0000] {standard_task_runner.py:90} INFO - Running: ['***', 'tasks', 'run', 'climate_data', 'create_folder', 'scheduled__2025-06-02T00:00:00+00:00', '--job-id', '174', '--raw', '--subdir', 'DAGS_FOLDER/climate_data.py', '--cfg-path', '/tmp/tmp2evfvtuu']
[2025-08-08T02:27:05.779+0000] {standard_task_runner.py:91} INFO - Job 174: Subtask create_folder
[2025-08-08T02:27:05.793+0000] {logging_mixin.py:188} WARNING - /home/***/.local/lib/python3.9/site-packages/***/settings.py:195 DeprecationWarning: The sql_alchemy_conn option in [core] has been moved to the sql_alchemy_conn option in [database] - the old setting has been used, but please update your config.
[2025-08-08T02:27:05.844+0000] {task_command.py:426} INFO - Running <TaskInstance: climate_data.create_folder scheduled__2025-06-02T00:00:00+00:00 [running]> on host 3ceab82043f1
[2025-08-08T02:27:05.917+0000] {taskinstance.py:2648} INFO - Exporting env vars: AIRFLOW_CTX_DAG_OWNER='***' AIRFLOW_CTX_DAG_ID='climate_data' AIRFLOW_CTX_TASK_ID='create_folder' AIRFLOW_CTX_EXECUTION_DATE='2025-06-02T00:00:00+00:00' AIRFLOW_CTX_TRY_NUMBER='1' AIRFLOW_CTX_DAG_RUN_ID='scheduled__2025-06-02T00:00:00+00:00'
[2025-08-08T02:27:05.918+0000] {taskinstance.py:430} INFO - ::endgroup::
[2025-08-08T02:27:05.926+0000] {subprocess.py:63} INFO - Tmp dir root location: /tmp
[2025-08-08T02:27:05.927+0000] {subprocess.py:75} INFO - Running command: ['/usr/bin/bash', '-c', 'mkdir -p /home/***/host_documents/week2025-06-09"']
[2025-08-08T02:27:05.935+0000] {subprocess.py:86} INFO - Output:
[2025-08-08T02:27:05.936+0000] {subprocess.py:93} INFO - /usr/bin/bash: -c: line 1: unexpected EOF while looking for matching `"'
[2025-08-08T02:27:05.937+0000] {subprocess.py:97} INFO - Command exited with return code 2
[2025-08-08T02:27:05.938+0000] {taskinstance.py:441} INFO - ::group::Post task execution logs
[2025-08-08T02:27:05.946+0000] {taskinstance.py:2905} ERROR - Task failed with exception
Traceback (most recent call last):
  File "/home/airflow/.local/lib/python3.9/site-packages/airflow/models/taskinstance.py", line 465, in _execute_task
    result = _execute_callable(context=context, **execute_callable_kwargs)
  File "/home/airflow/.local/lib/python3.9/site-packages/airflow/models/taskinstance.py", line 432, in _execute_callable
    return execute_callable(context=context, **execute_callable_kwargs)
  File "/home/airflow/.local/lib/python3.9/site-packages/airflow/models/baseoperator.py", line 400, in wrapper
    return func(self, *args, **kwargs)
  File "/home/airflow/.local/lib/python3.9/site-packages/airflow/operators/bash.py", line 243, in execute
    raise AirflowException(
airflow.exceptions.AirflowException: Bash command failed. The command returned a non-zero exit code 2.
[2025-08-08T02:27:05.948+0000] {taskinstance.py:1206} INFO - Marking task as FAILED. dag_id=climate_data, task_id=create_folder, run_id=scheduled__2025-06-02T00:00:00+00:00, execution_date=20250602T000000, start_date=20250808T022705, end_date=20250808T022705
[2025-08-08T02:27:05.990+0000] {standard_task_runner.py:110} ERROR - Failed to execute job 174 for task create_folder (Bash command failed. The command returned a non-zero exit code 2.; 818)
[2025-08-08T02:27:06.028+0000] {local_task_job_runner.py:240} INFO - Task exited with return code 1
[2025-08-08T02:27:06.052+0000] {taskinstance.py:3498} INFO - 0 downstream tasks scheduled from follow-on schedule check
[2025-08-08T02:27:06.056+0000] {local_task_job_runner.py:222} INFO - ::endgroup::
[2025-08-08T02:35:26.997+0000] {local_task_job_runner.py:120} INFO - ::group::Pre task execution logs
[2025-08-08T02:35:27.019+0000] {taskinstance.py:2076} INFO - Dependencies all met for dep_context=non-requeueable deps ti=<TaskInstance: climate_data.create_folder scheduled__2025-06-02T00:00:00+00:00 [queued]>
[2025-08-08T02:35:27.028+0000] {taskinstance.py:2076} INFO - Dependencies all met for dep_context=requeueable deps ti=<TaskInstance: climate_data.create_folder scheduled__2025-06-02T00:00:00+00:00 [queued]>
[2025-08-08T02:35:27.028+0000] {taskinstance.py:2306} INFO - Starting attempt 1 of 1
[2025-08-08T02:35:27.076+0000] {taskinstance.py:2330} INFO - Executing <Task(BashOperator): create_folder> on 2025-06-02 00:00:00+00:00
[2025-08-08T02:35:27.082+0000] {standard_task_runner.py:63} INFO - Started process 864 to run task
[2025-08-08T02:35:27.085+0000] {standard_task_runner.py:90} INFO - Running: ['***', 'tasks', 'run', 'climate_data', 'create_folder', 'scheduled__2025-06-02T00:00:00+00:00', '--job-id', '330', '--raw', '--subdir', 'DAGS_FOLDER/climate_data.py', '--cfg-path', '/tmp/tmprgtl1epv']
[2025-08-08T02:35:27.087+0000] {standard_task_runner.py:91} INFO - Job 330: Subtask create_folder
[2025-08-08T02:35:27.100+0000] {logging_mixin.py:188} WARNING - /home/***/.local/lib/python3.9/site-packages/***/settings.py:195 DeprecationWarning: The sql_alchemy_conn option in [core] has been moved to the sql_alchemy_conn option in [database] - the old setting has been used, but please update your config.
[2025-08-08T02:35:27.141+0000] {task_command.py:426} INFO - Running <TaskInstance: climate_data.create_folder scheduled__2025-06-02T00:00:00+00:00 [running]> on host 1a6f5acf67f4
[2025-08-08T02:35:27.204+0000] {taskinstance.py:2648} INFO - Exporting env vars: AIRFLOW_CTX_DAG_OWNER='***' AIRFLOW_CTX_DAG_ID='climate_data' AIRFLOW_CTX_TASK_ID='create_folder' AIRFLOW_CTX_EXECUTION_DATE='2025-06-02T00:00:00+00:00' AIRFLOW_CTX_TRY_NUMBER='1' AIRFLOW_CTX_DAG_RUN_ID='scheduled__2025-06-02T00:00:00+00:00'
[2025-08-08T02:35:27.206+0000] {taskinstance.py:430} INFO - ::endgroup::
[2025-08-08T02:35:27.216+0000] {subprocess.py:63} INFO - Tmp dir root location: /tmp
[2025-08-08T02:35:27.218+0000] {subprocess.py:75} INFO - Running command: ['/usr/bin/bash', '-c', 'mkdir -p /home/***/host_documents/week2025-06-09"']
[2025-08-08T02:35:27.227+0000] {subprocess.py:86} INFO - Output:
[2025-08-08T02:35:27.228+0000] {subprocess.py:93} INFO - /usr/bin/bash: -c: line 1: unexpected EOF while looking for matching `"'
[2025-08-08T02:35:27.229+0000] {subprocess.py:97} INFO - Command exited with return code 2
[2025-08-08T02:35:27.229+0000] {taskinstance.py:441} INFO - ::group::Post task execution logs
[2025-08-08T02:35:27.238+0000] {taskinstance.py:2905} ERROR - Task failed with exception
Traceback (most recent call last):
  File "/home/airflow/.local/lib/python3.9/site-packages/airflow/models/taskinstance.py", line 465, in _execute_task
    result = _execute_callable(context=context, **execute_callable_kwargs)
  File "/home/airflow/.local/lib/python3.9/site-packages/airflow/models/taskinstance.py", line 432, in _execute_callable
    return execute_callable(context=context, **execute_callable_kwargs)
  File "/home/airflow/.local/lib/python3.9/site-packages/airflow/models/baseoperator.py", line 400, in wrapper
    return func(self, *args, **kwargs)
  File "/home/airflow/.local/lib/python3.9/site-packages/airflow/operators/bash.py", line 243, in execute
    raise AirflowException(
airflow.exceptions.AirflowException: Bash command failed. The command returned a non-zero exit code 2.
[2025-08-08T02:35:27.241+0000] {taskinstance.py:1206} INFO - Marking task as FAILED. dag_id=climate_data, task_id=create_folder, run_id=scheduled__2025-06-02T00:00:00+00:00, execution_date=20250602T000000, start_date=20250808T023527, end_date=20250808T023527
[2025-08-08T02:35:27.262+0000] {standard_task_runner.py:110} ERROR - Failed to execute job 330 for task create_folder (Bash command failed. The command returned a non-zero exit code 2.; 864)
[2025-08-08T02:35:27.297+0000] {local_task_job_runner.py:240} INFO - Task exited with return code 1
[2025-08-08T02:35:27.312+0000] {taskinstance.py:3498} INFO - 0 downstream tasks scheduled from follow-on schedule check
[2025-08-08T02:35:27.315+0000] {local_task_job_runner.py:222} INFO - ::endgroup::
[2025-08-08T02:39:57.225+0000] {local_task_job_runner.py:120} INFO - ::group::Pre task execution logs
[2025-08-08T02:39:57.247+0000] {taskinstance.py:2076} INFO - Dependencies all met for dep_context=non-requeueable deps ti=<TaskInstance: climate_data.create_folder scheduled__2025-06-02T00:00:00+00:00 [queued]>
[2025-08-08T02:39:57.255+0000] {taskinstance.py:2076} INFO - Dependencies all met for dep_context=requeueable deps ti=<TaskInstance: climate_data.create_folder scheduled__2025-06-02T00:00:00+00:00 [queued]>
[2025-08-08T02:39:57.256+0000] {taskinstance.py:2306} INFO - Starting attempt 1 of 1
[2025-08-08T02:39:57.305+0000] {taskinstance.py:2330} INFO - Executing <Task(BashOperator): create_folder> on 2025-06-02 00:00:00+00:00
[2025-08-08T02:39:57.309+0000] {standard_task_runner.py:63} INFO - Started process 2039 to run task
[2025-08-08T02:39:57.312+0000] {standard_task_runner.py:90} INFO - Running: ['***', 'tasks', 'run', 'climate_data', 'create_folder', 'scheduled__2025-06-02T00:00:00+00:00', '--job-id', '625', '--raw', '--subdir', 'DAGS_FOLDER/climate_data.py', '--cfg-path', '/tmp/tmpuqjj9al2']
[2025-08-08T02:39:57.315+0000] {standard_task_runner.py:91} INFO - Job 625: Subtask create_folder
[2025-08-08T02:39:57.330+0000] {logging_mixin.py:188} WARNING - /home/***/.local/lib/python3.9/site-packages/***/settings.py:195 DeprecationWarning: The sql_alchemy_conn option in [core] has been moved to the sql_alchemy_conn option in [database] - the old setting has been used, but please update your config.
[2025-08-08T02:39:57.371+0000] {task_command.py:426} INFO - Running <TaskInstance: climate_data.create_folder scheduled__2025-06-02T00:00:00+00:00 [running]> on host 1a6f5acf67f4
[2025-08-08T02:39:57.436+0000] {taskinstance.py:2648} INFO - Exporting env vars: AIRFLOW_CTX_DAG_OWNER='***' AIRFLOW_CTX_DAG_ID='climate_data' AIRFLOW_CTX_TASK_ID='create_folder' AIRFLOW_CTX_EXECUTION_DATE='2025-06-02T00:00:00+00:00' AIRFLOW_CTX_TRY_NUMBER='1' AIRFLOW_CTX_DAG_RUN_ID='scheduled__2025-06-02T00:00:00+00:00'
[2025-08-08T02:39:57.437+0000] {taskinstance.py:430} INFO - ::endgroup::
[2025-08-08T02:39:57.444+0000] {subprocess.py:63} INFO - Tmp dir root location: /tmp
[2025-08-08T02:39:57.445+0000] {subprocess.py:75} INFO - Running command: ['/usr/bin/bash', '-c', 'mkdir -p /home/***/host_documents/week2025-06-09']
[2025-08-08T02:39:57.454+0000] {subprocess.py:86} INFO - Output:
[2025-08-08T02:39:57.459+0000] {subprocess.py:97} INFO - Command exited with return code 0
[2025-08-08T02:39:57.460+0000] {taskinstance.py:441} INFO - ::group::Post task execution logs
[2025-08-08T02:39:57.478+0000] {taskinstance.py:1206} INFO - Marking task as SUCCESS. dag_id=climate_data, task_id=create_folder, run_id=scheduled__2025-06-02T00:00:00+00:00, execution_date=20250602T000000, start_date=20250808T023957, end_date=20250808T023957
[2025-08-08T02:39:57.529+0000] {local_task_job_runner.py:240} INFO - Task exited with return code 0
[2025-08-08T02:39:57.544+0000] {taskinstance.py:3498} INFO - 1 downstream tasks scheduled from follow-on schedule check
[2025-08-08T02:39:57.546+0000] {local_task_job_runner.py:222} INFO - ::endgroup::
[2025-08-08T02:42:59.499+0000] {local_task_job_runner.py:120} INFO - ::group::Pre task execution logs
[2025-08-08T02:42:59.519+0000] {taskinstance.py:2076} INFO - Dependencies all met for dep_context=non-requeueable deps ti=<TaskInstance: climate_data.create_folder scheduled__2025-06-02T00:00:00+00:00 [queued]>
[2025-08-08T02:42:59.529+0000] {taskinstance.py:2076} INFO - Dependencies all met for dep_context=requeueable deps ti=<TaskInstance: climate_data.create_folder scheduled__2025-06-02T00:00:00+00:00 [queued]>
[2025-08-08T02:42:59.530+0000] {taskinstance.py:2306} INFO - Starting attempt 1 of 1
[2025-08-08T02:42:59.576+0000] {taskinstance.py:2330} INFO - Executing <Task(BashOperator): create_folder> on 2025-06-02 00:00:00+00:00
[2025-08-08T02:42:59.580+0000] {standard_task_runner.py:63} INFO - Started process 3251 to run task
[2025-08-08T02:42:59.583+0000] {standard_task_runner.py:90} INFO - Running: ['***', 'tasks', 'run', 'climate_data', 'create_folder', 'scheduled__2025-06-02T00:00:00+00:00', '--job-id', '938', '--raw', '--subdir', 'DAGS_FOLDER/climate_data.py', '--cfg-path', '/tmp/tmput3cxlhm']
[2025-08-08T02:42:59.585+0000] {standard_task_runner.py:91} INFO - Job 938: Subtask create_folder
[2025-08-08T02:42:59.597+0000] {logging_mixin.py:188} WARNING - /home/***/.local/lib/python3.9/site-packages/***/settings.py:195 DeprecationWarning: The sql_alchemy_conn option in [core] has been moved to the sql_alchemy_conn option in [database] - the old setting has been used, but please update your config.
[2025-08-08T02:42:59.640+0000] {task_command.py:426} INFO - Running <TaskInstance: climate_data.create_folder scheduled__2025-06-02T00:00:00+00:00 [running]> on host 1a6f5acf67f4
[2025-08-08T02:42:59.705+0000] {taskinstance.py:2648} INFO - Exporting env vars: AIRFLOW_CTX_DAG_OWNER='***' AIRFLOW_CTX_DAG_ID='climate_data' AIRFLOW_CTX_TASK_ID='create_folder' AIRFLOW_CTX_EXECUTION_DATE='2025-06-02T00:00:00+00:00' AIRFLOW_CTX_TRY_NUMBER='1' AIRFLOW_CTX_DAG_RUN_ID='scheduled__2025-06-02T00:00:00+00:00'
[2025-08-08T02:42:59.706+0000] {taskinstance.py:430} INFO - ::endgroup::
[2025-08-08T02:42:59.713+0000] {subprocess.py:63} INFO - Tmp dir root location: /tmp
[2025-08-08T02:42:59.714+0000] {subprocess.py:75} INFO - Running command: ['/usr/bin/bash', '-c', 'mkdir -p "/home/***/host_documents/week2025-06-09"']
[2025-08-08T02:42:59.722+0000] {subprocess.py:86} INFO - Output:
[2025-08-08T02:42:59.726+0000] {subprocess.py:97} INFO - Command exited with return code 0
[2025-08-08T02:42:59.727+0000] {taskinstance.py:441} INFO - ::group::Post task execution logs
[2025-08-08T02:42:59.745+0000] {taskinstance.py:1206} INFO - Marking task as SUCCESS. dag_id=climate_data, task_id=create_folder, run_id=scheduled__2025-06-02T00:00:00+00:00, execution_date=20250602T000000, start_date=20250808T024259, end_date=20250808T024259
[2025-08-08T02:42:59.796+0000] {local_task_job_runner.py:240} INFO - Task exited with return code 0
[2025-08-08T02:42:59.806+0000] {local_task_job_runner.py:222} INFO - ::endgroup::
