[2025-08-08T02:27:08.613+0000] {local_task_job_runner.py:120} INFO - ::group::Pre task execution logs
[2025-08-08T02:27:08.631+0000] {taskinstance.py:2076} INFO - Dependencies all met for dep_context=non-requeueable deps ti=<TaskInstance: climate_data.create_folder scheduled__2025-07-28T00:00:00+00:00 [queued]>
[2025-08-08T02:27:08.637+0000] {taskinstance.py:2076} INFO - Dependencies all met for dep_context=requeueable deps ti=<TaskInstance: climate_data.create_folder scheduled__2025-07-28T00:00:00+00:00 [queued]>
[2025-08-08T02:27:08.638+0000] {taskinstance.py:2306} INFO - Starting attempt 1 of 1
[2025-08-08T02:27:08.646+0000] {taskinstance.py:2330} INFO - Executing <Task(BashOperator): create_folder> on 2025-07-28 00:00:00+00:00
[2025-08-08T02:27:08.650+0000] {standard_task_runner.py:63} INFO - Started process 842 to run task
[2025-08-08T02:27:08.652+0000] {standard_task_runner.py:90} INFO - Running: ['***', 'tasks', 'run', 'climate_data', 'create_folder', 'scheduled__2025-07-28T00:00:00+00:00', '--job-id', '182', '--raw', '--subdir', 'DAGS_FOLDER/climate_data.py', '--cfg-path', '/tmp/tmpfzxdza0a']
[2025-08-08T02:27:08.654+0000] {standard_task_runner.py:91} INFO - Job 182: Subtask create_folder
[2025-08-08T02:27:08.665+0000] {logging_mixin.py:188} WARNING - /home/***/.local/lib/python3.9/site-packages/***/settings.py:195 DeprecationWarning: The sql_alchemy_conn option in [core] has been moved to the sql_alchemy_conn option in [database] - the old setting has been used, but please update your config.
[2025-08-08T02:27:08.698+0000] {task_command.py:426} INFO - Running <TaskInstance: climate_data.create_folder scheduled__2025-07-28T00:00:00+00:00 [running]> on host 3ceab82043f1
[2025-08-08T02:27:08.753+0000] {taskinstance.py:2648} INFO - Exporting env vars: AIRFLOW_CTX_DAG_OWNER='***' AIRFLOW_CTX_DAG_ID='climate_data' AIRFLOW_CTX_TASK_ID='create_folder' AIRFLOW_CTX_EXECUTION_DATE='2025-07-28T00:00:00+00:00' AIRFLOW_CTX_TRY_NUMBER='1' AIRFLOW_CTX_DAG_RUN_ID='scheduled__2025-07-28T00:00:00+00:00'
[2025-08-08T02:27:08.755+0000] {taskinstance.py:430} INFO - ::endgroup::
[2025-08-08T02:27:08.764+0000] {subprocess.py:63} INFO - Tmp dir root location: /tmp
[2025-08-08T02:27:08.765+0000] {subprocess.py:75} INFO - Running command: ['/usr/bin/bash', '-c', 'mkdir -p /home/***/host_documents/week2025-08-04"']
[2025-08-08T02:27:08.772+0000] {subprocess.py:86} INFO - Output:
[2025-08-08T02:27:08.773+0000] {subprocess.py:93} INFO - /usr/bin/bash: -c: line 1: unexpected EOF while looking for matching `"'
[2025-08-08T02:27:08.773+0000] {subprocess.py:97} INFO - Command exited with return code 2
[2025-08-08T02:27:08.774+0000] {taskinstance.py:441} INFO - ::group::Post task execution logs
[2025-08-08T02:27:08.781+0000] {taskinstance.py:2905} ERROR - Task failed with exception
Traceback (most recent call last):
  File "/home/airflow/.local/lib/python3.9/site-packages/airflow/models/taskinstance.py", line 465, in _execute_task
    result = _execute_callable(context=context, **execute_callable_kwargs)
  File "/home/airflow/.local/lib/python3.9/site-packages/airflow/models/taskinstance.py", line 432, in _execute_callable
    return execute_callable(context=context, **execute_callable_kwargs)
  File "/home/airflow/.local/lib/python3.9/site-packages/airflow/models/baseoperator.py", line 400, in wrapper
    return func(self, *args, **kwargs)
  File "/home/airflow/.local/lib/python3.9/site-packages/airflow/operators/bash.py", line 243, in execute
    raise AirflowException(
airflow.exceptions.AirflowException: Bash command failed. The command returned a non-zero exit code 2.
[2025-08-08T02:27:08.783+0000] {taskinstance.py:1206} INFO - Marking task as FAILED. dag_id=climate_data, task_id=create_folder, run_id=scheduled__2025-07-28T00:00:00+00:00, execution_date=20250728T000000, start_date=20250808T022708, end_date=20250808T022708
[2025-08-08T02:27:08.791+0000] {standard_task_runner.py:110} ERROR - Failed to execute job 182 for task create_folder (Bash command failed. The command returned a non-zero exit code 2.; 842)
[2025-08-08T02:27:08.824+0000] {local_task_job_runner.py:240} INFO - Task exited with return code 1
[2025-08-08T02:27:08.839+0000] {taskinstance.py:3498} INFO - 0 downstream tasks scheduled from follow-on schedule check
[2025-08-08T02:27:08.842+0000] {local_task_job_runner.py:222} INFO - ::endgroup::
[2025-08-08T02:35:30.768+0000] {local_task_job_runner.py:120} INFO - ::group::Pre task execution logs
[2025-08-08T02:35:30.785+0000] {taskinstance.py:2076} INFO - Dependencies all met for dep_context=non-requeueable deps ti=<TaskInstance: climate_data.create_folder scheduled__2025-07-28T00:00:00+00:00 [queued]>
[2025-08-08T02:35:30.792+0000] {taskinstance.py:2076} INFO - Dependencies all met for dep_context=requeueable deps ti=<TaskInstance: climate_data.create_folder scheduled__2025-07-28T00:00:00+00:00 [queued]>
[2025-08-08T02:35:30.792+0000] {taskinstance.py:2306} INFO - Starting attempt 1 of 1
[2025-08-08T02:35:30.800+0000] {taskinstance.py:2330} INFO - Executing <Task(BashOperator): create_folder> on 2025-07-28 00:00:00+00:00
[2025-08-08T02:35:30.804+0000] {standard_task_runner.py:63} INFO - Started process 894 to run task
[2025-08-08T02:35:30.806+0000] {standard_task_runner.py:90} INFO - Running: ['***', 'tasks', 'run', 'climate_data', 'create_folder', 'scheduled__2025-07-28T00:00:00+00:00', '--job-id', '338', '--raw', '--subdir', 'DAGS_FOLDER/climate_data.py', '--cfg-path', '/tmp/tmpbcyh9teu']
[2025-08-08T02:35:30.807+0000] {standard_task_runner.py:91} INFO - Job 338: Subtask create_folder
[2025-08-08T02:35:30.818+0000] {logging_mixin.py:188} WARNING - /home/***/.local/lib/python3.9/site-packages/***/settings.py:195 DeprecationWarning: The sql_alchemy_conn option in [core] has been moved to the sql_alchemy_conn option in [database] - the old setting has been used, but please update your config.
[2025-08-08T02:35:30.848+0000] {task_command.py:426} INFO - Running <TaskInstance: climate_data.create_folder scheduled__2025-07-28T00:00:00+00:00 [running]> on host 1a6f5acf67f4
[2025-08-08T02:35:30.899+0000] {taskinstance.py:2648} INFO - Exporting env vars: AIRFLOW_CTX_DAG_OWNER='***' AIRFLOW_CTX_DAG_ID='climate_data' AIRFLOW_CTX_TASK_ID='create_folder' AIRFLOW_CTX_EXECUTION_DATE='2025-07-28T00:00:00+00:00' AIRFLOW_CTX_TRY_NUMBER='1' AIRFLOW_CTX_DAG_RUN_ID='scheduled__2025-07-28T00:00:00+00:00'
[2025-08-08T02:35:30.900+0000] {taskinstance.py:430} INFO - ::endgroup::
[2025-08-08T02:35:30.907+0000] {subprocess.py:63} INFO - Tmp dir root location: /tmp
[2025-08-08T02:35:30.908+0000] {subprocess.py:75} INFO - Running command: ['/usr/bin/bash', '-c', 'mkdir -p /home/***/host_documents/week2025-08-04"']
[2025-08-08T02:35:30.915+0000] {subprocess.py:86} INFO - Output:
[2025-08-08T02:35:30.916+0000] {subprocess.py:93} INFO - /usr/bin/bash: -c: line 1: unexpected EOF while looking for matching `"'
[2025-08-08T02:35:30.916+0000] {subprocess.py:97} INFO - Command exited with return code 2
[2025-08-08T02:35:30.917+0000] {taskinstance.py:441} INFO - ::group::Post task execution logs
[2025-08-08T02:35:30.923+0000] {taskinstance.py:2905} ERROR - Task failed with exception
Traceback (most recent call last):
  File "/home/airflow/.local/lib/python3.9/site-packages/airflow/models/taskinstance.py", line 465, in _execute_task
    result = _execute_callable(context=context, **execute_callable_kwargs)
  File "/home/airflow/.local/lib/python3.9/site-packages/airflow/models/taskinstance.py", line 432, in _execute_callable
    return execute_callable(context=context, **execute_callable_kwargs)
  File "/home/airflow/.local/lib/python3.9/site-packages/airflow/models/baseoperator.py", line 400, in wrapper
    return func(self, *args, **kwargs)
  File "/home/airflow/.local/lib/python3.9/site-packages/airflow/operators/bash.py", line 243, in execute
    raise AirflowException(
airflow.exceptions.AirflowException: Bash command failed. The command returned a non-zero exit code 2.
[2025-08-08T02:35:30.926+0000] {taskinstance.py:1206} INFO - Marking task as FAILED. dag_id=climate_data, task_id=create_folder, run_id=scheduled__2025-07-28T00:00:00+00:00, execution_date=20250728T000000, start_date=20250808T023530, end_date=20250808T023530
[2025-08-08T02:35:30.932+0000] {standard_task_runner.py:110} ERROR - Failed to execute job 338 for task create_folder (Bash command failed. The command returned a non-zero exit code 2.; 894)
[2025-08-08T02:35:30.938+0000] {local_task_job_runner.py:240} INFO - Task exited with return code 1
[2025-08-08T02:35:30.952+0000] {taskinstance.py:3498} INFO - 0 downstream tasks scheduled from follow-on schedule check
[2025-08-08T02:35:30.955+0000] {local_task_job_runner.py:222} INFO - ::endgroup::
[2025-08-08T02:40:01.215+0000] {local_task_job_runner.py:120} INFO - ::group::Pre task execution logs
[2025-08-08T02:40:01.233+0000] {taskinstance.py:2076} INFO - Dependencies all met for dep_context=non-requeueable deps ti=<TaskInstance: climate_data.create_folder scheduled__2025-07-28T00:00:00+00:00 [queued]>
[2025-08-08T02:40:01.239+0000] {taskinstance.py:2076} INFO - Dependencies all met for dep_context=requeueable deps ti=<TaskInstance: climate_data.create_folder scheduled__2025-07-28T00:00:00+00:00 [queued]>
[2025-08-08T02:40:01.240+0000] {taskinstance.py:2306} INFO - Starting attempt 1 of 1
[2025-08-08T02:40:01.248+0000] {taskinstance.py:2330} INFO - Executing <Task(BashOperator): create_folder> on 2025-07-28 00:00:00+00:00
[2025-08-08T02:40:01.252+0000] {standard_task_runner.py:63} INFO - Started process 2095 to run task
[2025-08-08T02:40:01.254+0000] {standard_task_runner.py:90} INFO - Running: ['***', 'tasks', 'run', 'climate_data', 'create_folder', 'scheduled__2025-07-28T00:00:00+00:00', '--job-id', '639', '--raw', '--subdir', 'DAGS_FOLDER/climate_data.py', '--cfg-path', '/tmp/tmpje0ic6q3']
[2025-08-08T02:40:01.256+0000] {standard_task_runner.py:91} INFO - Job 639: Subtask create_folder
[2025-08-08T02:40:01.267+0000] {logging_mixin.py:188} WARNING - /home/***/.local/lib/python3.9/site-packages/***/settings.py:195 DeprecationWarning: The sql_alchemy_conn option in [core] has been moved to the sql_alchemy_conn option in [database] - the old setting has been used, but please update your config.
[2025-08-08T02:40:01.303+0000] {task_command.py:426} INFO - Running <TaskInstance: climate_data.create_folder scheduled__2025-07-28T00:00:00+00:00 [running]> on host 1a6f5acf67f4
[2025-08-08T02:40:01.360+0000] {taskinstance.py:2648} INFO - Exporting env vars: AIRFLOW_CTX_DAG_OWNER='***' AIRFLOW_CTX_DAG_ID='climate_data' AIRFLOW_CTX_TASK_ID='create_folder' AIRFLOW_CTX_EXECUTION_DATE='2025-07-28T00:00:00+00:00' AIRFLOW_CTX_TRY_NUMBER='1' AIRFLOW_CTX_DAG_RUN_ID='scheduled__2025-07-28T00:00:00+00:00'
[2025-08-08T02:40:01.361+0000] {taskinstance.py:430} INFO - ::endgroup::
[2025-08-08T02:40:01.368+0000] {subprocess.py:63} INFO - Tmp dir root location: /tmp
[2025-08-08T02:40:01.369+0000] {subprocess.py:75} INFO - Running command: ['/usr/bin/bash', '-c', 'mkdir -p /home/***/host_documents/week2025-08-04']
[2025-08-08T02:40:01.376+0000] {subprocess.py:86} INFO - Output:
[2025-08-08T02:40:01.380+0000] {subprocess.py:97} INFO - Command exited with return code 0
[2025-08-08T02:40:01.380+0000] {taskinstance.py:441} INFO - ::group::Post task execution logs
[2025-08-08T02:40:01.396+0000] {taskinstance.py:1206} INFO - Marking task as SUCCESS. dag_id=climate_data, task_id=create_folder, run_id=scheduled__2025-07-28T00:00:00+00:00, execution_date=20250728T000000, start_date=20250808T024001, end_date=20250808T024001
[2025-08-08T02:40:01.426+0000] {local_task_job_runner.py:240} INFO - Task exited with return code 0
[2025-08-08T02:40:01.440+0000] {taskinstance.py:3498} INFO - 1 downstream tasks scheduled from follow-on schedule check
[2025-08-08T02:40:01.441+0000] {local_task_job_runner.py:222} INFO - ::endgroup::
[2025-08-08T02:43:00.106+0000] {local_task_job_runner.py:120} INFO - ::group::Pre task execution logs
[2025-08-08T02:43:00.127+0000] {taskinstance.py:2076} INFO - Dependencies all met for dep_context=non-requeueable deps ti=<TaskInstance: climate_data.create_folder scheduled__2025-07-28T00:00:00+00:00 [queued]>
[2025-08-08T02:43:00.134+0000] {taskinstance.py:2076} INFO - Dependencies all met for dep_context=requeueable deps ti=<TaskInstance: climate_data.create_folder scheduled__2025-07-28T00:00:00+00:00 [queued]>
[2025-08-08T02:43:00.135+0000] {taskinstance.py:2306} INFO - Starting attempt 1 of 1
[2025-08-08T02:43:00.146+0000] {taskinstance.py:2330} INFO - Executing <Task(BashOperator): create_folder> on 2025-07-28 00:00:00+00:00
[2025-08-08T02:43:00.151+0000] {standard_task_runner.py:63} INFO - Started process 3283 to run task
[2025-08-08T02:43:00.154+0000] {standard_task_runner.py:90} INFO - Running: ['***', 'tasks', 'run', 'climate_data', 'create_folder', 'scheduled__2025-07-28T00:00:00+00:00', '--job-id', '946', '--raw', '--subdir', 'DAGS_FOLDER/climate_data.py', '--cfg-path', '/tmp/tmp7m5rdnuo']
[2025-08-08T02:43:00.156+0000] {standard_task_runner.py:91} INFO - Job 946: Subtask create_folder
[2025-08-08T02:43:00.167+0000] {logging_mixin.py:188} WARNING - /home/***/.local/lib/python3.9/site-packages/***/settings.py:195 DeprecationWarning: The sql_alchemy_conn option in [core] has been moved to the sql_alchemy_conn option in [database] - the old setting has been used, but please update your config.
[2025-08-08T02:43:00.212+0000] {task_command.py:426} INFO - Running <TaskInstance: climate_data.create_folder scheduled__2025-07-28T00:00:00+00:00 [running]> on host 1a6f5acf67f4
[2025-08-08T02:43:00.327+0000] {taskinstance.py:2648} INFO - Exporting env vars: AIRFLOW_CTX_DAG_OWNER='***' AIRFLOW_CTX_DAG_ID='climate_data' AIRFLOW_CTX_TASK_ID='create_folder' AIRFLOW_CTX_EXECUTION_DATE='2025-07-28T00:00:00+00:00' AIRFLOW_CTX_TRY_NUMBER='1' AIRFLOW_CTX_DAG_RUN_ID='scheduled__2025-07-28T00:00:00+00:00'
[2025-08-08T02:43:00.328+0000] {taskinstance.py:430} INFO - ::endgroup::
[2025-08-08T02:43:00.335+0000] {subprocess.py:63} INFO - Tmp dir root location: /tmp
[2025-08-08T02:43:00.336+0000] {subprocess.py:75} INFO - Running command: ['/usr/bin/bash', '-c', 'mkdir -p "/home/***/host_documents/week2025-08-04"']
[2025-08-08T02:43:00.344+0000] {subprocess.py:86} INFO - Output:
[2025-08-08T02:43:00.348+0000] {subprocess.py:97} INFO - Command exited with return code 0
[2025-08-08T02:43:00.349+0000] {taskinstance.py:441} INFO - ::group::Post task execution logs
[2025-08-08T02:43:00.372+0000] {taskinstance.py:1206} INFO - Marking task as SUCCESS. dag_id=climate_data, task_id=create_folder, run_id=scheduled__2025-07-28T00:00:00+00:00, execution_date=20250728T000000, start_date=20250808T024300, end_date=20250808T024300
[2025-08-08T02:43:00.407+0000] {local_task_job_runner.py:240} INFO - Task exited with return code 0
[2025-08-08T02:43:00.421+0000] {taskinstance.py:3498} INFO - 1 downstream tasks scheduled from follow-on schedule check
[2025-08-08T02:43:00.422+0000] {local_task_job_runner.py:222} INFO - ::endgroup::
[2025-08-08T02:48:29.016+0000] {local_task_job_runner.py:120} INFO - ::group::Pre task execution logs
[2025-08-08T02:48:29.032+0000] {taskinstance.py:2076} INFO - Dependencies all met for dep_context=non-requeueable deps ti=<TaskInstance: climate_data.create_folder scheduled__2025-07-28T00:00:00+00:00 [queued]>
[2025-08-08T02:48:29.039+0000] {taskinstance.py:2076} INFO - Dependencies all met for dep_context=requeueable deps ti=<TaskInstance: climate_data.create_folder scheduled__2025-07-28T00:00:00+00:00 [queued]>
[2025-08-08T02:48:29.039+0000] {taskinstance.py:2306} INFO - Starting attempt 1 of 1
[2025-08-08T02:48:29.047+0000] {taskinstance.py:2330} INFO - Executing <Task(BashOperator): create_folder> on 2025-07-28 00:00:00+00:00
[2025-08-08T02:48:29.051+0000] {standard_task_runner.py:63} INFO - Started process 3494 to run task
[2025-08-08T02:48:29.053+0000] {standard_task_runner.py:90} INFO - Running: ['***', 'tasks', 'run', 'climate_data', 'create_folder', 'scheduled__2025-07-28T00:00:00+00:00', '--job-id', '963', '--raw', '--subdir', 'DAGS_FOLDER/climate_data.py', '--cfg-path', '/tmp/tmpfprmdciu']
[2025-08-08T02:48:29.055+0000] {standard_task_runner.py:91} INFO - Job 963: Subtask create_folder
[2025-08-08T02:48:29.065+0000] {logging_mixin.py:188} WARNING - /home/***/.local/lib/python3.9/site-packages/***/settings.py:195 DeprecationWarning: The sql_alchemy_conn option in [core] has been moved to the sql_alchemy_conn option in [database] - the old setting has been used, but please update your config.
[2025-08-08T02:48:29.096+0000] {task_command.py:426} INFO - Running <TaskInstance: climate_data.create_folder scheduled__2025-07-28T00:00:00+00:00 [running]> on host 1a6f5acf67f4
[2025-08-08T02:48:29.150+0000] {taskinstance.py:2648} INFO - Exporting env vars: AIRFLOW_CTX_DAG_OWNER='***' AIRFLOW_CTX_DAG_ID='climate_data' AIRFLOW_CTX_TASK_ID='create_folder' AIRFLOW_CTX_EXECUTION_DATE='2025-07-28T00:00:00+00:00' AIRFLOW_CTX_TRY_NUMBER='1' AIRFLOW_CTX_DAG_RUN_ID='scheduled__2025-07-28T00:00:00+00:00'
[2025-08-08T02:48:29.151+0000] {taskinstance.py:430} INFO - ::endgroup::
[2025-08-08T02:48:29.158+0000] {subprocess.py:63} INFO - Tmp dir root location: /tmp
[2025-08-08T02:48:29.158+0000] {subprocess.py:75} INFO - Running command: ['/usr/bin/bash', '-c', 'mkdir -p "/home/***/host_documents/week2025-08-04"']
[2025-08-08T02:48:29.165+0000] {subprocess.py:86} INFO - Output:
[2025-08-08T02:48:29.168+0000] {subprocess.py:97} INFO - Command exited with return code 0
[2025-08-08T02:48:29.168+0000] {taskinstance.py:441} INFO - ::group::Post task execution logs
[2025-08-08T02:48:29.183+0000] {taskinstance.py:1206} INFO - Marking task as SUCCESS. dag_id=climate_data, task_id=create_folder, run_id=scheduled__2025-07-28T00:00:00+00:00, execution_date=20250728T000000, start_date=20250808T024829, end_date=20250808T024829
[2025-08-08T02:48:29.225+0000] {local_task_job_runner.py:240} INFO - Task exited with return code 0
[2025-08-08T02:48:29.238+0000] {taskinstance.py:3498} INFO - 1 downstream tasks scheduled from follow-on schedule check
[2025-08-08T02:48:29.239+0000] {local_task_job_runner.py:222} INFO - ::endgroup::
[2025-08-08T02:54:54.136+0000] {local_task_job_runner.py:120} INFO - ::group::Pre task execution logs
[2025-08-08T02:54:54.154+0000] {taskinstance.py:2076} INFO - Dependencies all met for dep_context=non-requeueable deps ti=<TaskInstance: climate_data.create_folder scheduled__2025-07-28T00:00:00+00:00 [queued]>
[2025-08-08T02:54:54.160+0000] {taskinstance.py:2076} INFO - Dependencies all met for dep_context=requeueable deps ti=<TaskInstance: climate_data.create_folder scheduled__2025-07-28T00:00:00+00:00 [queued]>
[2025-08-08T02:54:54.160+0000] {taskinstance.py:2306} INFO - Starting attempt 1 of 1
[2025-08-08T02:54:54.170+0000] {taskinstance.py:2330} INFO - Executing <Task(BashOperator): create_folder> on 2025-07-28 00:00:00+00:00
[2025-08-08T02:54:54.173+0000] {standard_task_runner.py:63} INFO - Started process 3744 to run task
[2025-08-08T02:54:54.176+0000] {standard_task_runner.py:90} INFO - Running: ['***', 'tasks', 'run', 'climate_data', 'create_folder', 'scheduled__2025-07-28T00:00:00+00:00', '--job-id', '975', '--raw', '--subdir', 'DAGS_FOLDER/climate_data.py', '--cfg-path', '/tmp/tmppmqup821']
[2025-08-08T02:54:54.177+0000] {standard_task_runner.py:91} INFO - Job 975: Subtask create_folder
[2025-08-08T02:54:54.190+0000] {logging_mixin.py:188} WARNING - /home/***/.local/lib/python3.9/site-packages/***/settings.py:195 DeprecationWarning: The sql_alchemy_conn option in [core] has been moved to the sql_alchemy_conn option in [database] - the old setting has been used, but please update your config.
[2025-08-08T02:54:54.227+0000] {task_command.py:426} INFO - Running <TaskInstance: climate_data.create_folder scheduled__2025-07-28T00:00:00+00:00 [running]> on host 1a6f5acf67f4
[2025-08-08T02:54:54.285+0000] {taskinstance.py:2648} INFO - Exporting env vars: AIRFLOW_CTX_DAG_OWNER='***' AIRFLOW_CTX_DAG_ID='climate_data' AIRFLOW_CTX_TASK_ID='create_folder' AIRFLOW_CTX_EXECUTION_DATE='2025-07-28T00:00:00+00:00' AIRFLOW_CTX_TRY_NUMBER='1' AIRFLOW_CTX_DAG_RUN_ID='scheduled__2025-07-28T00:00:00+00:00'
[2025-08-08T02:54:54.286+0000] {taskinstance.py:430} INFO - ::endgroup::
[2025-08-08T02:54:54.293+0000] {subprocess.py:63} INFO - Tmp dir root location: /tmp
[2025-08-08T02:54:54.294+0000] {subprocess.py:75} INFO - Running command: ['/usr/bin/bash', '-c', 'mkdir -p "/home/***/host_documents/week2025-08-04"']
[2025-08-08T02:54:54.301+0000] {subprocess.py:86} INFO - Output:
[2025-08-08T02:54:54.305+0000] {subprocess.py:97} INFO - Command exited with return code 0
[2025-08-08T02:54:54.306+0000] {taskinstance.py:441} INFO - ::group::Post task execution logs
[2025-08-08T02:54:54.322+0000] {taskinstance.py:1206} INFO - Marking task as SUCCESS. dag_id=climate_data, task_id=create_folder, run_id=scheduled__2025-07-28T00:00:00+00:00, execution_date=20250728T000000, start_date=20250808T025454, end_date=20250808T025454
[2025-08-08T02:54:54.349+0000] {local_task_job_runner.py:240} INFO - Task exited with return code 0
[2025-08-08T02:54:54.362+0000] {taskinstance.py:3498} INFO - 1 downstream tasks scheduled from follow-on schedule check
[2025-08-08T02:54:54.364+0000] {local_task_job_runner.py:222} INFO - ::endgroup::
[2025-08-08T02:57:08.198+0000] {local_task_job_runner.py:120} INFO - ::group::Pre task execution logs
[2025-08-08T02:57:08.216+0000] {taskinstance.py:2076} INFO - Dependencies all met for dep_context=non-requeueable deps ti=<TaskInstance: climate_data.create_folder scheduled__2025-07-28T00:00:00+00:00 [queued]>
[2025-08-08T02:57:08.222+0000] {taskinstance.py:2076} INFO - Dependencies all met for dep_context=requeueable deps ti=<TaskInstance: climate_data.create_folder scheduled__2025-07-28T00:00:00+00:00 [queued]>
[2025-08-08T02:57:08.223+0000] {taskinstance.py:2306} INFO - Starting attempt 1 of 1
[2025-08-08T02:57:08.231+0000] {taskinstance.py:2330} INFO - Executing <Task(BashOperator): create_folder> on 2025-07-28 00:00:00+00:00
[2025-08-08T02:57:08.235+0000] {standard_task_runner.py:63} INFO - Started process 3873 to run task
[2025-08-08T02:57:08.237+0000] {standard_task_runner.py:90} INFO - Running: ['***', 'tasks', 'run', 'climate_data', 'create_folder', 'scheduled__2025-07-28T00:00:00+00:00', '--job-id', '987', '--raw', '--subdir', 'DAGS_FOLDER/climate_data.py', '--cfg-path', '/tmp/tmpubeb1x19']
[2025-08-08T02:57:08.239+0000] {standard_task_runner.py:91} INFO - Job 987: Subtask create_folder
[2025-08-08T02:57:08.250+0000] {logging_mixin.py:188} WARNING - /home/***/.local/lib/python3.9/site-packages/***/settings.py:195 DeprecationWarning: The sql_alchemy_conn option in [core] has been moved to the sql_alchemy_conn option in [database] - the old setting has been used, but please update your config.
[2025-08-08T02:57:08.281+0000] {task_command.py:426} INFO - Running <TaskInstance: climate_data.create_folder scheduled__2025-07-28T00:00:00+00:00 [running]> on host 1a6f5acf67f4
[2025-08-08T02:57:08.333+0000] {taskinstance.py:2648} INFO - Exporting env vars: AIRFLOW_CTX_DAG_OWNER='***' AIRFLOW_CTX_DAG_ID='climate_data' AIRFLOW_CTX_TASK_ID='create_folder' AIRFLOW_CTX_EXECUTION_DATE='2025-07-28T00:00:00+00:00' AIRFLOW_CTX_TRY_NUMBER='1' AIRFLOW_CTX_DAG_RUN_ID='scheduled__2025-07-28T00:00:00+00:00'
[2025-08-08T02:57:08.334+0000] {taskinstance.py:430} INFO - ::endgroup::
[2025-08-08T02:57:08.341+0000] {subprocess.py:63} INFO - Tmp dir root location: /tmp
[2025-08-08T02:57:08.341+0000] {subprocess.py:75} INFO - Running command: ['/usr/bin/bash', '-c', 'mkdir -p "/home/***/host_documents/week2025-08-04"']
[2025-08-08T02:57:08.348+0000] {subprocess.py:86} INFO - Output:
[2025-08-08T02:57:08.351+0000] {subprocess.py:97} INFO - Command exited with return code 0
[2025-08-08T02:57:08.352+0000] {taskinstance.py:441} INFO - ::group::Post task execution logs
[2025-08-08T02:57:08.366+0000] {taskinstance.py:1206} INFO - Marking task as SUCCESS. dag_id=climate_data, task_id=create_folder, run_id=scheduled__2025-07-28T00:00:00+00:00, execution_date=20250728T000000, start_date=20250808T025708, end_date=20250808T025708
[2025-08-08T02:57:08.409+0000] {local_task_job_runner.py:240} INFO - Task exited with return code 0
[2025-08-08T02:57:08.422+0000] {taskinstance.py:3498} INFO - 1 downstream tasks scheduled from follow-on schedule check
[2025-08-08T02:57:08.423+0000] {local_task_job_runner.py:222} INFO - ::endgroup::
[2025-08-08T03:07:10.250+0000] {local_task_job_runner.py:120} INFO - ::group::Pre task execution logs
[2025-08-08T03:07:10.269+0000] {taskinstance.py:2076} INFO - Dependencies all met for dep_context=non-requeueable deps ti=<TaskInstance: climate_data.create_folder scheduled__2025-07-28T00:00:00+00:00 [queued]>
[2025-08-08T03:07:10.276+0000] {taskinstance.py:2076} INFO - Dependencies all met for dep_context=requeueable deps ti=<TaskInstance: climate_data.create_folder scheduled__2025-07-28T00:00:00+00:00 [queued]>
[2025-08-08T03:07:10.276+0000] {taskinstance.py:2306} INFO - Starting attempt 1 of 1
[2025-08-08T03:07:10.284+0000] {taskinstance.py:2330} INFO - Executing <Task(BashOperator): create_folder> on 2025-07-28 00:00:00+00:00
[2025-08-08T03:07:10.288+0000] {standard_task_runner.py:63} INFO - Started process 4224 to run task
[2025-08-08T03:07:10.291+0000] {standard_task_runner.py:90} INFO - Running: ['***', 'tasks', 'run', 'climate_data', 'create_folder', 'scheduled__2025-07-28T00:00:00+00:00', '--job-id', '999', '--raw', '--subdir', 'DAGS_FOLDER/climate_data.py', '--cfg-path', '/tmp/tmpak4__cfo']
[2025-08-08T03:07:10.292+0000] {standard_task_runner.py:91} INFO - Job 999: Subtask create_folder
[2025-08-08T03:07:10.304+0000] {logging_mixin.py:188} WARNING - /home/***/.local/lib/python3.9/site-packages/***/settings.py:195 DeprecationWarning: The sql_alchemy_conn option in [core] has been moved to the sql_alchemy_conn option in [database] - the old setting has been used, but please update your config.
[2025-08-08T03:07:10.336+0000] {task_command.py:426} INFO - Running <TaskInstance: climate_data.create_folder scheduled__2025-07-28T00:00:00+00:00 [running]> on host 1a6f5acf67f4
[2025-08-08T03:07:10.389+0000] {taskinstance.py:2648} INFO - Exporting env vars: AIRFLOW_CTX_DAG_OWNER='***' AIRFLOW_CTX_DAG_ID='climate_data' AIRFLOW_CTX_TASK_ID='create_folder' AIRFLOW_CTX_EXECUTION_DATE='2025-07-28T00:00:00+00:00' AIRFLOW_CTX_TRY_NUMBER='1' AIRFLOW_CTX_DAG_RUN_ID='scheduled__2025-07-28T00:00:00+00:00'
[2025-08-08T03:07:10.390+0000] {taskinstance.py:430} INFO - ::endgroup::
[2025-08-08T03:07:10.398+0000] {subprocess.py:63} INFO - Tmp dir root location: /tmp
[2025-08-08T03:07:10.399+0000] {subprocess.py:75} INFO - Running command: ['/usr/bin/bash', '-c', 'mkdir -p "/home/***/host_documents/week2025-08-04"']
[2025-08-08T03:07:10.405+0000] {subprocess.py:86} INFO - Output:
[2025-08-08T03:07:10.408+0000] {subprocess.py:97} INFO - Command exited with return code 0
[2025-08-08T03:07:10.409+0000] {taskinstance.py:441} INFO - ::group::Post task execution logs
[2025-08-08T03:07:10.424+0000] {taskinstance.py:1206} INFO - Marking task as SUCCESS. dag_id=climate_data, task_id=create_folder, run_id=scheduled__2025-07-28T00:00:00+00:00, execution_date=20250728T000000, start_date=20250808T030710, end_date=20250808T030710
[2025-08-08T03:07:10.463+0000] {local_task_job_runner.py:240} INFO - Task exited with return code 0
[2025-08-08T03:07:10.476+0000] {taskinstance.py:3498} INFO - 1 downstream tasks scheduled from follow-on schedule check
[2025-08-08T03:07:10.477+0000] {local_task_job_runner.py:222} INFO - ::endgroup::
[2025-08-08T03:09:38.181+0000] {local_task_job_runner.py:120} INFO - ::group::Pre task execution logs
[2025-08-08T03:09:38.200+0000] {taskinstance.py:2076} INFO - Dependencies all met for dep_context=non-requeueable deps ti=<TaskInstance: climate_data.create_folder scheduled__2025-07-28T00:00:00+00:00 [queued]>
[2025-08-08T03:09:38.207+0000] {taskinstance.py:2076} INFO - Dependencies all met for dep_context=requeueable deps ti=<TaskInstance: climate_data.create_folder scheduled__2025-07-28T00:00:00+00:00 [queued]>
[2025-08-08T03:09:38.207+0000] {taskinstance.py:2306} INFO - Starting attempt 1 of 1
[2025-08-08T03:09:38.215+0000] {taskinstance.py:2330} INFO - Executing <Task(BashOperator): create_folder> on 2025-07-28 00:00:00+00:00
[2025-08-08T03:09:38.219+0000] {standard_task_runner.py:63} INFO - Started process 4346 to run task
[2025-08-08T03:09:38.221+0000] {standard_task_runner.py:90} INFO - Running: ['***', 'tasks', 'run', 'climate_data', 'create_folder', 'scheduled__2025-07-28T00:00:00+00:00', '--job-id', '1011', '--raw', '--subdir', 'DAGS_FOLDER/climate_data.py', '--cfg-path', '/tmp/tmpn1izu4d9']
[2025-08-08T03:09:38.223+0000] {standard_task_runner.py:91} INFO - Job 1011: Subtask create_folder
[2025-08-08T03:09:38.234+0000] {logging_mixin.py:188} WARNING - /home/***/.local/lib/python3.9/site-packages/***/settings.py:195 DeprecationWarning: The sql_alchemy_conn option in [core] has been moved to the sql_alchemy_conn option in [database] - the old setting has been used, but please update your config.
[2025-08-08T03:09:38.265+0000] {task_command.py:426} INFO - Running <TaskInstance: climate_data.create_folder scheduled__2025-07-28T00:00:00+00:00 [running]> on host 1a6f5acf67f4
[2025-08-08T03:09:38.318+0000] {taskinstance.py:2648} INFO - Exporting env vars: AIRFLOW_CTX_DAG_OWNER='***' AIRFLOW_CTX_DAG_ID='climate_data' AIRFLOW_CTX_TASK_ID='create_folder' AIRFLOW_CTX_EXECUTION_DATE='2025-07-28T00:00:00+00:00' AIRFLOW_CTX_TRY_NUMBER='1' AIRFLOW_CTX_DAG_RUN_ID='scheduled__2025-07-28T00:00:00+00:00'
[2025-08-08T03:09:38.319+0000] {taskinstance.py:430} INFO - ::endgroup::
[2025-08-08T03:09:38.326+0000] {subprocess.py:63} INFO - Tmp dir root location: /tmp
[2025-08-08T03:09:38.327+0000] {subprocess.py:75} INFO - Running command: ['/usr/bin/bash', '-c', 'mkdir -p "/home/***/host_documents/week2025-08-04"']
[2025-08-08T03:09:38.334+0000] {subprocess.py:86} INFO - Output:
[2025-08-08T03:09:38.337+0000] {subprocess.py:97} INFO - Command exited with return code 0
[2025-08-08T03:09:38.338+0000] {taskinstance.py:441} INFO - ::group::Post task execution logs
[2025-08-08T03:09:38.353+0000] {taskinstance.py:1206} INFO - Marking task as SUCCESS. dag_id=climate_data, task_id=create_folder, run_id=scheduled__2025-07-28T00:00:00+00:00, execution_date=20250728T000000, start_date=20250808T030938, end_date=20250808T030938
[2025-08-08T03:09:38.394+0000] {local_task_job_runner.py:240} INFO - Task exited with return code 0
[2025-08-08T03:09:38.407+0000] {taskinstance.py:3498} INFO - 1 downstream tasks scheduled from follow-on schedule check
[2025-08-08T03:09:38.409+0000] {local_task_job_runner.py:222} INFO - ::endgroup::
