[2025-08-08T02:26:44.224+0000] {local_task_job_runner.py:120} INFO - ::group::Pre task execution logs
[2025-08-08T02:26:44.253+0000] {taskinstance.py:2076} INFO - Dependencies all met for dep_context=non-requeueable deps ti=<TaskInstance: climate_data.create_folder scheduled__2024-03-25T00:00:00+00:00 [queued]>
[2025-08-08T02:26:44.261+0000] {taskinstance.py:2076} INFO - Dependencies all met for dep_context=requeueable deps ti=<TaskInstance: climate_data.create_folder scheduled__2024-03-25T00:00:00+00:00 [queued]>
[2025-08-08T02:26:44.262+0000] {taskinstance.py:2306} INFO - Starting attempt 1 of 1
[2025-08-08T02:26:44.277+0000] {taskinstance.py:2330} INFO - Executing <Task(BashOperator): create_folder> on 2024-03-25 00:00:00+00:00
[2025-08-08T02:26:44.283+0000] {standard_task_runner.py:63} INFO - Started process 568 to run task
[2025-08-08T02:26:44.286+0000] {standard_task_runner.py:90} INFO - Running: ['***', 'tasks', 'run', 'climate_data', 'create_folder', 'scheduled__2024-03-25T00:00:00+00:00', '--job-id', '112', '--raw', '--subdir', 'DAGS_FOLDER/climate_data.py', '--cfg-path', '/tmp/tmp39azwrz3']
[2025-08-08T02:26:44.288+0000] {standard_task_runner.py:91} INFO - Job 112: Subtask create_folder
[2025-08-08T02:26:44.301+0000] {logging_mixin.py:188} WARNING - /home/***/.local/lib/python3.9/site-packages/***/settings.py:195 DeprecationWarning: The sql_alchemy_conn option in [core] has been moved to the sql_alchemy_conn option in [database] - the old setting has been used, but please update your config.
[2025-08-08T02:26:44.344+0000] {task_command.py:426} INFO - Running <TaskInstance: climate_data.create_folder scheduled__2024-03-25T00:00:00+00:00 [running]> on host 3ceab82043f1
[2025-08-08T02:26:44.411+0000] {taskinstance.py:2648} INFO - Exporting env vars: AIRFLOW_CTX_DAG_OWNER='***' AIRFLOW_CTX_DAG_ID='climate_data' AIRFLOW_CTX_TASK_ID='create_folder' AIRFLOW_CTX_EXECUTION_DATE='2024-03-25T00:00:00+00:00' AIRFLOW_CTX_TRY_NUMBER='1' AIRFLOW_CTX_DAG_RUN_ID='scheduled__2024-03-25T00:00:00+00:00'
[2025-08-08T02:26:44.412+0000] {taskinstance.py:430} INFO - ::endgroup::
[2025-08-08T02:26:44.419+0000] {subprocess.py:63} INFO - Tmp dir root location: /tmp
[2025-08-08T02:26:44.420+0000] {subprocess.py:75} INFO - Running command: ['/usr/bin/bash', '-c', 'mkdir -p /home/***/host_documents/week2024-04-01"']
[2025-08-08T02:26:44.427+0000] {subprocess.py:86} INFO - Output:
[2025-08-08T02:26:44.428+0000] {subprocess.py:93} INFO - /usr/bin/bash: -c: line 1: unexpected EOF while looking for matching `"'
[2025-08-08T02:26:44.429+0000] {subprocess.py:97} INFO - Command exited with return code 2
[2025-08-08T02:26:44.429+0000] {taskinstance.py:441} INFO - ::group::Post task execution logs
[2025-08-08T02:26:44.436+0000] {taskinstance.py:2905} ERROR - Task failed with exception
Traceback (most recent call last):
  File "/home/airflow/.local/lib/python3.9/site-packages/airflow/models/taskinstance.py", line 465, in _execute_task
    result = _execute_callable(context=context, **execute_callable_kwargs)
  File "/home/airflow/.local/lib/python3.9/site-packages/airflow/models/taskinstance.py", line 432, in _execute_callable
    return execute_callable(context=context, **execute_callable_kwargs)
  File "/home/airflow/.local/lib/python3.9/site-packages/airflow/models/baseoperator.py", line 400, in wrapper
    return func(self, *args, **kwargs)
  File "/home/airflow/.local/lib/python3.9/site-packages/airflow/operators/bash.py", line 243, in execute
    raise AirflowException(
airflow.exceptions.AirflowException: Bash command failed. The command returned a non-zero exit code 2.
[2025-08-08T02:26:44.439+0000] {taskinstance.py:1206} INFO - Marking task as FAILED. dag_id=climate_data, task_id=create_folder, run_id=scheduled__2024-03-25T00:00:00+00:00, execution_date=20240325T000000, start_date=20250808T022644, end_date=20250808T022644
[2025-08-08T02:26:44.447+0000] {standard_task_runner.py:110} ERROR - Failed to execute job 112 for task create_folder (Bash command failed. The command returned a non-zero exit code 2.; 568)
[2025-08-08T02:26:44.460+0000] {local_task_job_runner.py:240} INFO - Task exited with return code 1
[2025-08-08T02:26:44.475+0000] {taskinstance.py:3498} INFO - 0 downstream tasks scheduled from follow-on schedule check
[2025-08-08T02:26:44.478+0000] {local_task_job_runner.py:222} INFO - ::endgroup::
[2025-08-08T02:35:04.800+0000] {local_task_job_runner.py:120} INFO - ::group::Pre task execution logs
[2025-08-08T02:35:04.822+0000] {taskinstance.py:2076} INFO - Dependencies all met for dep_context=non-requeueable deps ti=<TaskInstance: climate_data.create_folder scheduled__2024-03-25T00:00:00+00:00 [queued]>
[2025-08-08T02:35:04.829+0000] {taskinstance.py:2076} INFO - Dependencies all met for dep_context=requeueable deps ti=<TaskInstance: climate_data.create_folder scheduled__2024-03-25T00:00:00+00:00 [queued]>
[2025-08-08T02:35:04.829+0000] {taskinstance.py:2306} INFO - Starting attempt 1 of 1
[2025-08-08T02:35:04.842+0000] {taskinstance.py:2330} INFO - Executing <Task(BashOperator): create_folder> on 2024-03-25 00:00:00+00:00
[2025-08-08T02:35:04.845+0000] {standard_task_runner.py:63} INFO - Started process 603 to run task
[2025-08-08T02:35:04.848+0000] {standard_task_runner.py:90} INFO - Running: ['***', 'tasks', 'run', 'climate_data', 'create_folder', 'scheduled__2024-03-25T00:00:00+00:00', '--job-id', '268', '--raw', '--subdir', 'DAGS_FOLDER/climate_data.py', '--cfg-path', '/tmp/tmp9xhmw37p']
[2025-08-08T02:35:04.850+0000] {standard_task_runner.py:91} INFO - Job 268: Subtask create_folder
[2025-08-08T02:35:04.861+0000] {logging_mixin.py:188} WARNING - /home/***/.local/lib/python3.9/site-packages/***/settings.py:195 DeprecationWarning: The sql_alchemy_conn option in [core] has been moved to the sql_alchemy_conn option in [database] - the old setting has been used, but please update your config.
[2025-08-08T02:35:04.901+0000] {task_command.py:426} INFO - Running <TaskInstance: climate_data.create_folder scheduled__2024-03-25T00:00:00+00:00 [running]> on host 1a6f5acf67f4
[2025-08-08T02:35:04.961+0000] {taskinstance.py:2648} INFO - Exporting env vars: AIRFLOW_CTX_DAG_OWNER='***' AIRFLOW_CTX_DAG_ID='climate_data' AIRFLOW_CTX_TASK_ID='create_folder' AIRFLOW_CTX_EXECUTION_DATE='2024-03-25T00:00:00+00:00' AIRFLOW_CTX_TRY_NUMBER='1' AIRFLOW_CTX_DAG_RUN_ID='scheduled__2024-03-25T00:00:00+00:00'
[2025-08-08T02:35:04.962+0000] {taskinstance.py:430} INFO - ::endgroup::
[2025-08-08T02:35:04.970+0000] {subprocess.py:63} INFO - Tmp dir root location: /tmp
[2025-08-08T02:35:04.971+0000] {subprocess.py:75} INFO - Running command: ['/usr/bin/bash', '-c', 'mkdir -p /home/***/host_documents/week2024-04-01"']
[2025-08-08T02:35:04.978+0000] {subprocess.py:86} INFO - Output:
[2025-08-08T02:35:04.979+0000] {subprocess.py:93} INFO - /usr/bin/bash: -c: line 1: unexpected EOF while looking for matching `"'
[2025-08-08T02:35:04.979+0000] {subprocess.py:97} INFO - Command exited with return code 2
[2025-08-08T02:35:04.980+0000] {taskinstance.py:441} INFO - ::group::Post task execution logs
[2025-08-08T02:35:04.987+0000] {taskinstance.py:2905} ERROR - Task failed with exception
Traceback (most recent call last):
  File "/home/airflow/.local/lib/python3.9/site-packages/airflow/models/taskinstance.py", line 465, in _execute_task
    result = _execute_callable(context=context, **execute_callable_kwargs)
  File "/home/airflow/.local/lib/python3.9/site-packages/airflow/models/taskinstance.py", line 432, in _execute_callable
    return execute_callable(context=context, **execute_callable_kwargs)
  File "/home/airflow/.local/lib/python3.9/site-packages/airflow/models/baseoperator.py", line 400, in wrapper
    return func(self, *args, **kwargs)
  File "/home/airflow/.local/lib/python3.9/site-packages/airflow/operators/bash.py", line 243, in execute
    raise AirflowException(
airflow.exceptions.AirflowException: Bash command failed. The command returned a non-zero exit code 2.
[2025-08-08T02:35:04.991+0000] {taskinstance.py:1206} INFO - Marking task as FAILED. dag_id=climate_data, task_id=create_folder, run_id=scheduled__2024-03-25T00:00:00+00:00, execution_date=20240325T000000, start_date=20250808T023504, end_date=20250808T023504
[2025-08-08T02:35:05.001+0000] {standard_task_runner.py:110} ERROR - Failed to execute job 268 for task create_folder (Bash command failed. The command returned a non-zero exit code 2.; 603)
[2025-08-08T02:35:05.021+0000] {local_task_job_runner.py:240} INFO - Task exited with return code 1
[2025-08-08T02:35:05.035+0000] {taskinstance.py:3498} INFO - 0 downstream tasks scheduled from follow-on schedule check
[2025-08-08T02:35:05.038+0000] {local_task_job_runner.py:222} INFO - ::endgroup::
[2025-08-08T02:39:41.601+0000] {local_task_job_runner.py:120} INFO - ::group::Pre task execution logs
[2025-08-08T02:39:41.620+0000] {taskinstance.py:2076} INFO - Dependencies all met for dep_context=non-requeueable deps ti=<TaskInstance: climate_data.create_folder scheduled__2024-03-25T00:00:00+00:00 [queued]>
[2025-08-08T02:39:41.628+0000] {taskinstance.py:2076} INFO - Dependencies all met for dep_context=requeueable deps ti=<TaskInstance: climate_data.create_folder scheduled__2024-03-25T00:00:00+00:00 [queued]>
[2025-08-08T02:39:41.629+0000] {taskinstance.py:2306} INFO - Starting attempt 1 of 1
[2025-08-08T02:39:41.638+0000] {taskinstance.py:2330} INFO - Executing <Task(BashOperator): create_folder> on 2024-03-25 00:00:00+00:00
[2025-08-08T02:39:41.643+0000] {standard_task_runner.py:63} INFO - Started process 1625 to run task
[2025-08-08T02:39:41.645+0000] {standard_task_runner.py:90} INFO - Running: ['***', 'tasks', 'run', 'climate_data', 'create_folder', 'scheduled__2024-03-25T00:00:00+00:00', '--job-id', '505', '--raw', '--subdir', 'DAGS_FOLDER/climate_data.py', '--cfg-path', '/tmp/tmpuopsn8c6']
[2025-08-08T02:39:41.649+0000] {standard_task_runner.py:91} INFO - Job 505: Subtask create_folder
[2025-08-08T02:39:41.663+0000] {logging_mixin.py:188} WARNING - /home/***/.local/lib/python3.9/site-packages/***/settings.py:195 DeprecationWarning: The sql_alchemy_conn option in [core] has been moved to the sql_alchemy_conn option in [database] - the old setting has been used, but please update your config.
[2025-08-08T02:39:41.715+0000] {task_command.py:426} INFO - Running <TaskInstance: climate_data.create_folder scheduled__2024-03-25T00:00:00+00:00 [running]> on host 1a6f5acf67f4
[2025-08-08T02:39:41.805+0000] {taskinstance.py:2648} INFO - Exporting env vars: AIRFLOW_CTX_DAG_OWNER='***' AIRFLOW_CTX_DAG_ID='climate_data' AIRFLOW_CTX_TASK_ID='create_folder' AIRFLOW_CTX_EXECUTION_DATE='2024-03-25T00:00:00+00:00' AIRFLOW_CTX_TRY_NUMBER='1' AIRFLOW_CTX_DAG_RUN_ID='scheduled__2024-03-25T00:00:00+00:00'
[2025-08-08T02:39:41.807+0000] {taskinstance.py:430} INFO - ::endgroup::
[2025-08-08T02:39:41.818+0000] {subprocess.py:63} INFO - Tmp dir root location: /tmp
[2025-08-08T02:39:41.822+0000] {subprocess.py:75} INFO - Running command: ['/usr/bin/bash', '-c', 'mkdir -p /home/***/host_documents/week2024-04-01']
[2025-08-08T02:39:41.835+0000] {subprocess.py:86} INFO - Output:
[2025-08-08T02:39:41.840+0000] {subprocess.py:97} INFO - Command exited with return code 0
[2025-08-08T02:39:41.842+0000] {taskinstance.py:441} INFO - ::group::Post task execution logs
[2025-08-08T02:39:41.866+0000] {taskinstance.py:1206} INFO - Marking task as SUCCESS. dag_id=climate_data, task_id=create_folder, run_id=scheduled__2024-03-25T00:00:00+00:00, execution_date=20240325T000000, start_date=20250808T023941, end_date=20250808T023941
[2025-08-08T02:39:41.938+0000] {local_task_job_runner.py:240} INFO - Task exited with return code 0
[2025-08-08T02:39:41.955+0000] {taskinstance.py:3498} INFO - 1 downstream tasks scheduled from follow-on schedule check
[2025-08-08T02:39:41.957+0000] {local_task_job_runner.py:222} INFO - ::endgroup::
[2025-08-08T02:42:38.809+0000] {local_task_job_runner.py:120} INFO - ::group::Pre task execution logs
[2025-08-08T02:42:38.834+0000] {taskinstance.py:2076} INFO - Dependencies all met for dep_context=non-requeueable deps ti=<TaskInstance: climate_data.create_folder scheduled__2024-03-25T00:00:00+00:00 [queued]>
[2025-08-08T02:42:38.842+0000] {taskinstance.py:2076} INFO - Dependencies all met for dep_context=requeueable deps ti=<TaskInstance: climate_data.create_folder scheduled__2024-03-25T00:00:00+00:00 [queued]>
[2025-08-08T02:42:38.843+0000] {taskinstance.py:2306} INFO - Starting attempt 1 of 1
[2025-08-08T02:42:38.888+0000] {taskinstance.py:2330} INFO - Executing <Task(BashOperator): create_folder> on 2024-03-25 00:00:00+00:00
[2025-08-08T02:42:38.897+0000] {standard_task_runner.py:63} INFO - Started process 2790 to run task
[2025-08-08T02:42:38.901+0000] {standard_task_runner.py:90} INFO - Running: ['***', 'tasks', 'run', 'climate_data', 'create_folder', 'scheduled__2024-03-25T00:00:00+00:00', '--job-id', '811', '--raw', '--subdir', 'DAGS_FOLDER/climate_data.py', '--cfg-path', '/tmp/tmp_u69pm5c']
[2025-08-08T02:42:38.904+0000] {standard_task_runner.py:91} INFO - Job 811: Subtask create_folder
[2025-08-08T02:42:38.919+0000] {logging_mixin.py:188} WARNING - /home/***/.local/lib/python3.9/site-packages/***/settings.py:195 DeprecationWarning: The sql_alchemy_conn option in [core] has been moved to the sql_alchemy_conn option in [database] - the old setting has been used, but please update your config.
[2025-08-08T02:42:38.963+0000] {task_command.py:426} INFO - Running <TaskInstance: climate_data.create_folder scheduled__2024-03-25T00:00:00+00:00 [running]> on host 1a6f5acf67f4
[2025-08-08T02:42:39.034+0000] {taskinstance.py:2648} INFO - Exporting env vars: AIRFLOW_CTX_DAG_OWNER='***' AIRFLOW_CTX_DAG_ID='climate_data' AIRFLOW_CTX_TASK_ID='create_folder' AIRFLOW_CTX_EXECUTION_DATE='2024-03-25T00:00:00+00:00' AIRFLOW_CTX_TRY_NUMBER='1' AIRFLOW_CTX_DAG_RUN_ID='scheduled__2024-03-25T00:00:00+00:00'
[2025-08-08T02:42:39.036+0000] {taskinstance.py:430} INFO - ::endgroup::
[2025-08-08T02:42:39.043+0000] {subprocess.py:63} INFO - Tmp dir root location: /tmp
[2025-08-08T02:42:39.044+0000] {subprocess.py:75} INFO - Running command: ['/usr/bin/bash', '-c', 'mkdir -p "/home/***/host_documents/week2024-04-01"']
[2025-08-08T02:42:39.056+0000] {subprocess.py:86} INFO - Output:
[2025-08-08T02:42:39.061+0000] {subprocess.py:97} INFO - Command exited with return code 0
[2025-08-08T02:42:39.062+0000] {taskinstance.py:441} INFO - ::group::Post task execution logs
[2025-08-08T02:42:39.085+0000] {taskinstance.py:1206} INFO - Marking task as SUCCESS. dag_id=climate_data, task_id=create_folder, run_id=scheduled__2024-03-25T00:00:00+00:00, execution_date=20240325T000000, start_date=20250808T024238, end_date=20250808T024239
[2025-08-08T02:42:39.155+0000] {local_task_job_runner.py:240} INFO - Task exited with return code 0
[2025-08-08T02:42:39.178+0000] {taskinstance.py:3498} INFO - 1 downstream tasks scheduled from follow-on schedule check
[2025-08-08T02:42:39.180+0000] {local_task_job_runner.py:222} INFO - ::endgroup::
