[2025-08-08T02:26:51.213+0000] {local_task_job_runner.py:120} INFO - ::group::Pre task execution logs
[2025-08-08T02:26:51.238+0000] {taskinstance.py:2076} INFO - Dependencies all met for dep_context=non-requeueable deps ti=<TaskInstance: climate_data.create_folder scheduled__2024-08-05T00:00:00+00:00 [queued]>
[2025-08-08T02:26:51.246+0000] {taskinstance.py:2076} INFO - Dependencies all met for dep_context=requeueable deps ti=<TaskInstance: climate_data.create_folder scheduled__2024-08-05T00:00:00+00:00 [queued]>
[2025-08-08T02:26:51.247+0000] {taskinstance.py:2306} INFO - Starting attempt 1 of 1
[2025-08-08T02:26:51.260+0000] {taskinstance.py:2330} INFO - Executing <Task(BashOperator): create_folder> on 2024-08-05 00:00:00+00:00
[2025-08-08T02:26:51.264+0000] {standard_task_runner.py:63} INFO - Started process 644 to run task
[2025-08-08T02:26:51.267+0000] {standard_task_runner.py:90} INFO - Running: ['***', 'tasks', 'run', 'climate_data', 'create_folder', 'scheduled__2024-08-05T00:00:00+00:00', '--job-id', '131', '--raw', '--subdir', 'DAGS_FOLDER/climate_data.py', '--cfg-path', '/tmp/tmpngkfs_h4']
[2025-08-08T02:26:51.269+0000] {standard_task_runner.py:91} INFO - Job 131: Subtask create_folder
[2025-08-08T02:26:51.282+0000] {logging_mixin.py:188} WARNING - /home/***/.local/lib/python3.9/site-packages/***/settings.py:195 DeprecationWarning: The sql_alchemy_conn option in [core] has been moved to the sql_alchemy_conn option in [database] - the old setting has been used, but please update your config.
[2025-08-08T02:26:51.328+0000] {task_command.py:426} INFO - Running <TaskInstance: climate_data.create_folder scheduled__2024-08-05T00:00:00+00:00 [running]> on host 3ceab82043f1
[2025-08-08T02:26:51.402+0000] {taskinstance.py:2648} INFO - Exporting env vars: AIRFLOW_CTX_DAG_OWNER='***' AIRFLOW_CTX_DAG_ID='climate_data' AIRFLOW_CTX_TASK_ID='create_folder' AIRFLOW_CTX_EXECUTION_DATE='2024-08-05T00:00:00+00:00' AIRFLOW_CTX_TRY_NUMBER='1' AIRFLOW_CTX_DAG_RUN_ID='scheduled__2024-08-05T00:00:00+00:00'
[2025-08-08T02:26:51.404+0000] {taskinstance.py:430} INFO - ::endgroup::
[2025-08-08T02:26:51.412+0000] {subprocess.py:63} INFO - Tmp dir root location: /tmp
[2025-08-08T02:26:51.413+0000] {subprocess.py:75} INFO - Running command: ['/usr/bin/bash', '-c', 'mkdir -p /home/***/host_documents/week2024-08-12"']
[2025-08-08T02:26:51.421+0000] {subprocess.py:86} INFO - Output:
[2025-08-08T02:26:51.422+0000] {subprocess.py:93} INFO - /usr/bin/bash: -c: line 1: unexpected EOF while looking for matching `"'
[2025-08-08T02:26:51.423+0000] {subprocess.py:97} INFO - Command exited with return code 2
[2025-08-08T02:26:51.424+0000] {taskinstance.py:441} INFO - ::group::Post task execution logs
[2025-08-08T02:26:51.433+0000] {taskinstance.py:2905} ERROR - Task failed with exception
Traceback (most recent call last):
  File "/home/airflow/.local/lib/python3.9/site-packages/airflow/models/taskinstance.py", line 465, in _execute_task
    result = _execute_callable(context=context, **execute_callable_kwargs)
  File "/home/airflow/.local/lib/python3.9/site-packages/airflow/models/taskinstance.py", line 432, in _execute_callable
    return execute_callable(context=context, **execute_callable_kwargs)
  File "/home/airflow/.local/lib/python3.9/site-packages/airflow/models/baseoperator.py", line 400, in wrapper
    return func(self, *args, **kwargs)
  File "/home/airflow/.local/lib/python3.9/site-packages/airflow/operators/bash.py", line 243, in execute
    raise AirflowException(
airflow.exceptions.AirflowException: Bash command failed. The command returned a non-zero exit code 2.
[2025-08-08T02:26:51.436+0000] {taskinstance.py:1206} INFO - Marking task as FAILED. dag_id=climate_data, task_id=create_folder, run_id=scheduled__2024-08-05T00:00:00+00:00, execution_date=20240805T000000, start_date=20250808T022651, end_date=20250808T022651
[2025-08-08T02:26:51.445+0000] {standard_task_runner.py:110} ERROR - Failed to execute job 131 for task create_folder (Bash command failed. The command returned a non-zero exit code 2.; 644)
[2025-08-08T02:26:51.482+0000] {local_task_job_runner.py:240} INFO - Task exited with return code 1
[2025-08-08T02:26:51.502+0000] {taskinstance.py:3498} INFO - 0 downstream tasks scheduled from follow-on schedule check
[2025-08-08T02:26:51.505+0000] {local_task_job_runner.py:222} INFO - ::endgroup::
[2025-08-08T02:35:11.953+0000] {local_task_job_runner.py:120} INFO - ::group::Pre task execution logs
[2025-08-08T02:35:11.975+0000] {taskinstance.py:2076} INFO - Dependencies all met for dep_context=non-requeueable deps ti=<TaskInstance: climate_data.create_folder scheduled__2024-08-05T00:00:00+00:00 [queued]>
[2025-08-08T02:35:11.982+0000] {taskinstance.py:2076} INFO - Dependencies all met for dep_context=requeueable deps ti=<TaskInstance: climate_data.create_folder scheduled__2024-08-05T00:00:00+00:00 [queued]>
[2025-08-08T02:35:11.983+0000] {taskinstance.py:2306} INFO - Starting attempt 1 of 1
[2025-08-08T02:35:11.995+0000] {taskinstance.py:2330} INFO - Executing <Task(BashOperator): create_folder> on 2024-08-05 00:00:00+00:00
[2025-08-08T02:35:12.000+0000] {standard_task_runner.py:63} INFO - Started process 679 to run task
[2025-08-08T02:35:12.002+0000] {standard_task_runner.py:90} INFO - Running: ['***', 'tasks', 'run', 'climate_data', 'create_folder', 'scheduled__2024-08-05T00:00:00+00:00', '--job-id', '287', '--raw', '--subdir', 'DAGS_FOLDER/climate_data.py', '--cfg-path', '/tmp/tmpv8y8ve1k']
[2025-08-08T02:35:12.004+0000] {standard_task_runner.py:91} INFO - Job 287: Subtask create_folder
[2025-08-08T02:35:12.021+0000] {logging_mixin.py:188} WARNING - /home/***/.local/lib/python3.9/site-packages/***/settings.py:195 DeprecationWarning: The sql_alchemy_conn option in [core] has been moved to the sql_alchemy_conn option in [database] - the old setting has been used, but please update your config.
[2025-08-08T02:35:12.064+0000] {task_command.py:426} INFO - Running <TaskInstance: climate_data.create_folder scheduled__2024-08-05T00:00:00+00:00 [running]> on host 1a6f5acf67f4
[2025-08-08T02:35:12.136+0000] {taskinstance.py:2648} INFO - Exporting env vars: AIRFLOW_CTX_DAG_OWNER='***' AIRFLOW_CTX_DAG_ID='climate_data' AIRFLOW_CTX_TASK_ID='create_folder' AIRFLOW_CTX_EXECUTION_DATE='2024-08-05T00:00:00+00:00' AIRFLOW_CTX_TRY_NUMBER='1' AIRFLOW_CTX_DAG_RUN_ID='scheduled__2024-08-05T00:00:00+00:00'
[2025-08-08T02:35:12.136+0000] {taskinstance.py:430} INFO - ::endgroup::
[2025-08-08T02:35:12.144+0000] {subprocess.py:63} INFO - Tmp dir root location: /tmp
[2025-08-08T02:35:12.147+0000] {subprocess.py:75} INFO - Running command: ['/usr/bin/bash', '-c', 'mkdir -p /home/***/host_documents/week2024-08-12"']
[2025-08-08T02:35:12.154+0000] {subprocess.py:86} INFO - Output:
[2025-08-08T02:35:12.155+0000] {subprocess.py:93} INFO - /usr/bin/bash: -c: line 1: unexpected EOF while looking for matching `"'
[2025-08-08T02:35:12.156+0000] {subprocess.py:97} INFO - Command exited with return code 2
[2025-08-08T02:35:12.158+0000] {taskinstance.py:441} INFO - ::group::Post task execution logs
[2025-08-08T02:35:12.168+0000] {taskinstance.py:2905} ERROR - Task failed with exception
Traceback (most recent call last):
  File "/home/airflow/.local/lib/python3.9/site-packages/airflow/models/taskinstance.py", line 465, in _execute_task
    result = _execute_callable(context=context, **execute_callable_kwargs)
  File "/home/airflow/.local/lib/python3.9/site-packages/airflow/models/taskinstance.py", line 432, in _execute_callable
    return execute_callable(context=context, **execute_callable_kwargs)
  File "/home/airflow/.local/lib/python3.9/site-packages/airflow/models/baseoperator.py", line 400, in wrapper
    return func(self, *args, **kwargs)
  File "/home/airflow/.local/lib/python3.9/site-packages/airflow/operators/bash.py", line 243, in execute
    raise AirflowException(
airflow.exceptions.AirflowException: Bash command failed. The command returned a non-zero exit code 2.
[2025-08-08T02:35:12.171+0000] {taskinstance.py:1206} INFO - Marking task as FAILED. dag_id=climate_data, task_id=create_folder, run_id=scheduled__2024-08-05T00:00:00+00:00, execution_date=20240805T000000, start_date=20250808T023511, end_date=20250808T023512
[2025-08-08T02:35:12.181+0000] {standard_task_runner.py:110} ERROR - Failed to execute job 287 for task create_folder (Bash command failed. The command returned a non-zero exit code 2.; 679)
[2025-08-08T02:35:12.215+0000] {local_task_job_runner.py:240} INFO - Task exited with return code 1
[2025-08-08T02:35:12.224+0000] {local_task_job_runner.py:222} INFO - ::endgroup::
[2025-08-08T02:39:45.813+0000] {local_task_job_runner.py:120} INFO - ::group::Pre task execution logs
[2025-08-08T02:39:45.839+0000] {taskinstance.py:2076} INFO - Dependencies all met for dep_context=non-requeueable deps ti=<TaskInstance: climate_data.create_folder scheduled__2024-08-05T00:00:00+00:00 [queued]>
[2025-08-08T02:39:45.846+0000] {taskinstance.py:2076} INFO - Dependencies all met for dep_context=requeueable deps ti=<TaskInstance: climate_data.create_folder scheduled__2024-08-05T00:00:00+00:00 [queued]>
[2025-08-08T02:39:45.846+0000] {taskinstance.py:2306} INFO - Starting attempt 1 of 1
[2025-08-08T02:39:45.911+0000] {taskinstance.py:2330} INFO - Executing <Task(BashOperator): create_folder> on 2024-08-05 00:00:00+00:00
[2025-08-08T02:39:45.916+0000] {standard_task_runner.py:63} INFO - Started process 1745 to run task
[2025-08-08T02:39:45.919+0000] {standard_task_runner.py:90} INFO - Running: ['***', 'tasks', 'run', 'climate_data', 'create_folder', 'scheduled__2024-08-05T00:00:00+00:00', '--job-id', '540', '--raw', '--subdir', 'DAGS_FOLDER/climate_data.py', '--cfg-path', '/tmp/tmpykfz82iv']
[2025-08-08T02:39:45.921+0000] {standard_task_runner.py:91} INFO - Job 540: Subtask create_folder
[2025-08-08T02:39:45.934+0000] {logging_mixin.py:188} WARNING - /home/***/.local/lib/python3.9/site-packages/***/settings.py:195 DeprecationWarning: The sql_alchemy_conn option in [core] has been moved to the sql_alchemy_conn option in [database] - the old setting has been used, but please update your config.
[2025-08-08T02:39:45.981+0000] {task_command.py:426} INFO - Running <TaskInstance: climate_data.create_folder scheduled__2024-08-05T00:00:00+00:00 [running]> on host 1a6f5acf67f4
[2025-08-08T02:39:46.050+0000] {taskinstance.py:2648} INFO - Exporting env vars: AIRFLOW_CTX_DAG_OWNER='***' AIRFLOW_CTX_DAG_ID='climate_data' AIRFLOW_CTX_TASK_ID='create_folder' AIRFLOW_CTX_EXECUTION_DATE='2024-08-05T00:00:00+00:00' AIRFLOW_CTX_TRY_NUMBER='1' AIRFLOW_CTX_DAG_RUN_ID='scheduled__2024-08-05T00:00:00+00:00'
[2025-08-08T02:39:46.051+0000] {taskinstance.py:430} INFO - ::endgroup::
[2025-08-08T02:39:46.059+0000] {subprocess.py:63} INFO - Tmp dir root location: /tmp
[2025-08-08T02:39:46.060+0000] {subprocess.py:75} INFO - Running command: ['/usr/bin/bash', '-c', 'mkdir -p /home/***/host_documents/week2024-08-12']
[2025-08-08T02:39:46.070+0000] {subprocess.py:86} INFO - Output:
[2025-08-08T02:39:46.077+0000] {subprocess.py:97} INFO - Command exited with return code 0
[2025-08-08T02:39:46.078+0000] {taskinstance.py:441} INFO - ::group::Post task execution logs
[2025-08-08T02:39:46.103+0000] {taskinstance.py:1206} INFO - Marking task as SUCCESS. dag_id=climate_data, task_id=create_folder, run_id=scheduled__2024-08-05T00:00:00+00:00, execution_date=20240805T000000, start_date=20250808T023945, end_date=20250808T023946
[2025-08-08T02:39:46.172+0000] {local_task_job_runner.py:240} INFO - Task exited with return code 0
[2025-08-08T02:39:46.192+0000] {taskinstance.py:3498} INFO - 1 downstream tasks scheduled from follow-on schedule check
[2025-08-08T02:39:46.194+0000] {local_task_job_runner.py:222} INFO - ::endgroup::
[2025-08-08T02:42:44.497+0000] {local_task_job_runner.py:120} INFO - ::group::Pre task execution logs
[2025-08-08T02:42:44.526+0000] {taskinstance.py:2076} INFO - Dependencies all met for dep_context=non-requeueable deps ti=<TaskInstance: climate_data.create_folder scheduled__2024-08-05T00:00:00+00:00 [queued]>
[2025-08-08T02:42:44.536+0000] {taskinstance.py:2076} INFO - Dependencies all met for dep_context=requeueable deps ti=<TaskInstance: climate_data.create_folder scheduled__2024-08-05T00:00:00+00:00 [queued]>
[2025-08-08T02:42:44.537+0000] {taskinstance.py:2306} INFO - Starting attempt 1 of 1
[2025-08-08T02:42:44.587+0000] {taskinstance.py:2330} INFO - Executing <Task(BashOperator): create_folder> on 2024-08-05 00:00:00+00:00
[2025-08-08T02:42:44.591+0000] {standard_task_runner.py:63} INFO - Started process 2914 to run task
[2025-08-08T02:42:44.594+0000] {standard_task_runner.py:90} INFO - Running: ['***', 'tasks', 'run', 'climate_data', 'create_folder', 'scheduled__2024-08-05T00:00:00+00:00', '--job-id', '846', '--raw', '--subdir', 'DAGS_FOLDER/climate_data.py', '--cfg-path', '/tmp/tmp_eo93e9d']
[2025-08-08T02:42:44.596+0000] {standard_task_runner.py:91} INFO - Job 846: Subtask create_folder
[2025-08-08T02:42:44.609+0000] {logging_mixin.py:188} WARNING - /home/***/.local/lib/python3.9/site-packages/***/settings.py:195 DeprecationWarning: The sql_alchemy_conn option in [core] has been moved to the sql_alchemy_conn option in [database] - the old setting has been used, but please update your config.
[2025-08-08T02:42:44.659+0000] {task_command.py:426} INFO - Running <TaskInstance: climate_data.create_folder scheduled__2024-08-05T00:00:00+00:00 [running]> on host 1a6f5acf67f4
[2025-08-08T02:42:44.747+0000] {taskinstance.py:2648} INFO - Exporting env vars: AIRFLOW_CTX_DAG_OWNER='***' AIRFLOW_CTX_DAG_ID='climate_data' AIRFLOW_CTX_TASK_ID='create_folder' AIRFLOW_CTX_EXECUTION_DATE='2024-08-05T00:00:00+00:00' AIRFLOW_CTX_TRY_NUMBER='1' AIRFLOW_CTX_DAG_RUN_ID='scheduled__2024-08-05T00:00:00+00:00'
[2025-08-08T02:42:44.749+0000] {taskinstance.py:430} INFO - ::endgroup::
[2025-08-08T02:42:44.760+0000] {subprocess.py:63} INFO - Tmp dir root location: /tmp
[2025-08-08T02:42:44.761+0000] {subprocess.py:75} INFO - Running command: ['/usr/bin/bash', '-c', 'mkdir -p "/home/***/host_documents/week2024-08-12"']
[2025-08-08T02:42:44.773+0000] {subprocess.py:86} INFO - Output:
[2025-08-08T02:42:44.778+0000] {subprocess.py:97} INFO - Command exited with return code 0
[2025-08-08T02:42:44.779+0000] {taskinstance.py:441} INFO - ::group::Post task execution logs
[2025-08-08T02:42:44.808+0000] {taskinstance.py:1206} INFO - Marking task as SUCCESS. dag_id=climate_data, task_id=create_folder, run_id=scheduled__2024-08-05T00:00:00+00:00, execution_date=20240805T000000, start_date=20250808T024244, end_date=20250808T024244
[2025-08-08T02:42:44.888+0000] {local_task_job_runner.py:240} INFO - Task exited with return code 0
[2025-08-08T02:42:44.914+0000] {taskinstance.py:3498} INFO - 1 downstream tasks scheduled from follow-on schedule check
[2025-08-08T02:42:44.919+0000] {local_task_job_runner.py:222} INFO - ::endgroup::
