[2025-08-08T02:26:35.790+0000] {local_task_job_runner.py:120} INFO - ::group::Pre task execution logs
[2025-08-08T02:26:35.818+0000] {taskinstance.py:2076} INFO - Dependencies all met for dep_context=non-requeueable deps ti=<TaskInstance: climate_data.create_folder scheduled__2023-08-28T00:00:00+00:00 [queued]>
[2025-08-08T02:26:35.826+0000] {taskinstance.py:2076} INFO - Dependencies all met for dep_context=requeueable deps ti=<TaskInstance: climate_data.create_folder scheduled__2023-08-28T00:00:00+00:00 [queued]>
[2025-08-08T02:26:35.828+0000] {taskinstance.py:2306} INFO - Starting attempt 1 of 1
[2025-08-08T02:26:35.838+0000] {taskinstance.py:2330} INFO - Executing <Task(BashOperator): create_folder> on 2023-08-28 00:00:00+00:00
[2025-08-08T02:26:35.841+0000] {standard_task_runner.py:63} INFO - Started process 428 to run task
[2025-08-08T02:26:35.844+0000] {standard_task_runner.py:90} INFO - Running: ['***', 'tasks', 'run', 'climate_data', 'create_folder', 'scheduled__2023-08-28T00:00:00+00:00', '--job-id', '82', '--raw', '--subdir', 'DAGS_FOLDER/climate_data.py', '--cfg-path', '/tmp/tmpmy2r69rq']
[2025-08-08T02:26:35.846+0000] {standard_task_runner.py:91} INFO - Job 82: Subtask create_folder
[2025-08-08T02:26:35.857+0000] {logging_mixin.py:188} WARNING - /home/***/.local/lib/python3.9/site-packages/***/settings.py:195 DeprecationWarning: The sql_alchemy_conn option in [core] has been moved to the sql_alchemy_conn option in [database] - the old setting has been used, but please update your config.
[2025-08-08T02:26:35.898+0000] {task_command.py:426} INFO - Running <TaskInstance: climate_data.create_folder scheduled__2023-08-28T00:00:00+00:00 [running]> on host 3ceab82043f1
[2025-08-08T02:26:35.953+0000] {taskinstance.py:2648} INFO - Exporting env vars: AIRFLOW_CTX_DAG_OWNER='***' AIRFLOW_CTX_DAG_ID='climate_data' AIRFLOW_CTX_TASK_ID='create_folder' AIRFLOW_CTX_EXECUTION_DATE='2023-08-28T00:00:00+00:00' AIRFLOW_CTX_TRY_NUMBER='1' AIRFLOW_CTX_DAG_RUN_ID='scheduled__2023-08-28T00:00:00+00:00'
[2025-08-08T02:26:35.954+0000] {taskinstance.py:430} INFO - ::endgroup::
[2025-08-08T02:26:35.961+0000] {subprocess.py:63} INFO - Tmp dir root location: /tmp
[2025-08-08T02:26:35.962+0000] {subprocess.py:75} INFO - Running command: ['/usr/bin/bash', '-c', 'mkdir -p /home/***/host_documents/week2023-09-04"']
[2025-08-08T02:26:35.969+0000] {subprocess.py:86} INFO - Output:
[2025-08-08T02:26:35.971+0000] {subprocess.py:93} INFO - /usr/bin/bash: -c: line 1: unexpected EOF while looking for matching `"'
[2025-08-08T02:26:35.971+0000] {subprocess.py:97} INFO - Command exited with return code 2
[2025-08-08T02:26:35.972+0000] {taskinstance.py:441} INFO - ::group::Post task execution logs
[2025-08-08T02:26:35.979+0000] {taskinstance.py:2905} ERROR - Task failed with exception
Traceback (most recent call last):
  File "/home/airflow/.local/lib/python3.9/site-packages/airflow/models/taskinstance.py", line 465, in _execute_task
    result = _execute_callable(context=context, **execute_callable_kwargs)
  File "/home/airflow/.local/lib/python3.9/site-packages/airflow/models/taskinstance.py", line 432, in _execute_callable
    return execute_callable(context=context, **execute_callable_kwargs)
  File "/home/airflow/.local/lib/python3.9/site-packages/airflow/models/baseoperator.py", line 400, in wrapper
    return func(self, *args, **kwargs)
  File "/home/airflow/.local/lib/python3.9/site-packages/airflow/operators/bash.py", line 243, in execute
    raise AirflowException(
airflow.exceptions.AirflowException: Bash command failed. The command returned a non-zero exit code 2.
[2025-08-08T02:26:35.981+0000] {taskinstance.py:1206} INFO - Marking task as FAILED. dag_id=climate_data, task_id=create_folder, run_id=scheduled__2023-08-28T00:00:00+00:00, execution_date=20230828T000000, start_date=20250808T022635, end_date=20250808T022635
[2025-08-08T02:26:35.989+0000] {standard_task_runner.py:110} ERROR - Failed to execute job 82 for task create_folder (Bash command failed. The command returned a non-zero exit code 2.; 428)
[2025-08-08T02:26:36.017+0000] {local_task_job_runner.py:240} INFO - Task exited with return code 1
[2025-08-08T02:26:36.034+0000] {taskinstance.py:3498} INFO - 0 downstream tasks scheduled from follow-on schedule check
[2025-08-08T02:26:36.037+0000] {local_task_job_runner.py:222} INFO - ::endgroup::
[2025-08-08T02:34:52.764+0000] {local_task_job_runner.py:120} INFO - ::group::Pre task execution logs
[2025-08-08T02:34:52.784+0000] {taskinstance.py:2076} INFO - Dependencies all met for dep_context=non-requeueable deps ti=<TaskInstance: climate_data.create_folder scheduled__2023-08-28T00:00:00+00:00 [queued]>
[2025-08-08T02:34:52.792+0000] {taskinstance.py:2076} INFO - Dependencies all met for dep_context=requeueable deps ti=<TaskInstance: climate_data.create_folder scheduled__2023-08-28T00:00:00+00:00 [queued]>
[2025-08-08T02:34:52.793+0000] {taskinstance.py:2306} INFO - Starting attempt 1 of 1
[2025-08-08T02:34:52.804+0000] {taskinstance.py:2330} INFO - Executing <Task(BashOperator): create_folder> on 2023-08-28 00:00:00+00:00
[2025-08-08T02:34:52.808+0000] {standard_task_runner.py:63} INFO - Started process 461 to run task
[2025-08-08T02:34:52.811+0000] {standard_task_runner.py:90} INFO - Running: ['***', 'tasks', 'run', 'climate_data', 'create_folder', 'scheduled__2023-08-28T00:00:00+00:00', '--job-id', '237', '--raw', '--subdir', 'DAGS_FOLDER/climate_data.py', '--cfg-path', '/tmp/tmp5y7blb9q']
[2025-08-08T02:34:52.813+0000] {standard_task_runner.py:91} INFO - Job 237: Subtask create_folder
[2025-08-08T02:34:52.825+0000] {logging_mixin.py:188} WARNING - /home/***/.local/lib/python3.9/site-packages/***/settings.py:195 DeprecationWarning: The sql_alchemy_conn option in [core] has been moved to the sql_alchemy_conn option in [database] - the old setting has been used, but please update your config.
[2025-08-08T02:34:52.861+0000] {task_command.py:426} INFO - Running <TaskInstance: climate_data.create_folder scheduled__2023-08-28T00:00:00+00:00 [running]> on host 1a6f5acf67f4
[2025-08-08T02:34:52.916+0000] {taskinstance.py:2648} INFO - Exporting env vars: AIRFLOW_CTX_DAG_OWNER='***' AIRFLOW_CTX_DAG_ID='climate_data' AIRFLOW_CTX_TASK_ID='create_folder' AIRFLOW_CTX_EXECUTION_DATE='2023-08-28T00:00:00+00:00' AIRFLOW_CTX_TRY_NUMBER='1' AIRFLOW_CTX_DAG_RUN_ID='scheduled__2023-08-28T00:00:00+00:00'
[2025-08-08T02:34:52.917+0000] {taskinstance.py:430} INFO - ::endgroup::
[2025-08-08T02:34:52.924+0000] {subprocess.py:63} INFO - Tmp dir root location: /tmp
[2025-08-08T02:34:52.925+0000] {subprocess.py:75} INFO - Running command: ['/usr/bin/bash', '-c', 'mkdir -p /home/***/host_documents/week2023-09-04"']
[2025-08-08T02:34:52.934+0000] {subprocess.py:86} INFO - Output:
[2025-08-08T02:34:52.935+0000] {subprocess.py:93} INFO - /usr/bin/bash: -c: line 1: unexpected EOF while looking for matching `"'
[2025-08-08T02:34:52.935+0000] {subprocess.py:97} INFO - Command exited with return code 2
[2025-08-08T02:34:52.936+0000] {taskinstance.py:441} INFO - ::group::Post task execution logs
[2025-08-08T02:34:52.943+0000] {taskinstance.py:2905} ERROR - Task failed with exception
Traceback (most recent call last):
  File "/home/airflow/.local/lib/python3.9/site-packages/airflow/models/taskinstance.py", line 465, in _execute_task
    result = _execute_callable(context=context, **execute_callable_kwargs)
  File "/home/airflow/.local/lib/python3.9/site-packages/airflow/models/taskinstance.py", line 432, in _execute_callable
    return execute_callable(context=context, **execute_callable_kwargs)
  File "/home/airflow/.local/lib/python3.9/site-packages/airflow/models/baseoperator.py", line 400, in wrapper
    return func(self, *args, **kwargs)
  File "/home/airflow/.local/lib/python3.9/site-packages/airflow/operators/bash.py", line 243, in execute
    raise AirflowException(
airflow.exceptions.AirflowException: Bash command failed. The command returned a non-zero exit code 2.
[2025-08-08T02:34:52.945+0000] {taskinstance.py:1206} INFO - Marking task as FAILED. dag_id=climate_data, task_id=create_folder, run_id=scheduled__2023-08-28T00:00:00+00:00, execution_date=20230828T000000, start_date=20250808T023452, end_date=20250808T023452
[2025-08-08T02:34:52.954+0000] {standard_task_runner.py:110} ERROR - Failed to execute job 237 for task create_folder (Bash command failed. The command returned a non-zero exit code 2.; 461)
[2025-08-08T02:34:52.984+0000] {local_task_job_runner.py:240} INFO - Task exited with return code 1
[2025-08-08T02:34:52.998+0000] {taskinstance.py:3498} INFO - 0 downstream tasks scheduled from follow-on schedule check
[2025-08-08T02:34:53.002+0000] {local_task_job_runner.py:222} INFO - ::endgroup::
[2025-08-08T02:39:29.428+0000] {local_task_job_runner.py:120} INFO - ::group::Pre task execution logs
[2025-08-08T02:39:29.447+0000] {taskinstance.py:2076} INFO - Dependencies all met for dep_context=non-requeueable deps ti=<TaskInstance: climate_data.create_folder scheduled__2023-08-28T00:00:00+00:00 [queued]>
[2025-08-08T02:39:29.454+0000] {taskinstance.py:2076} INFO - Dependencies all met for dep_context=requeueable deps ti=<TaskInstance: climate_data.create_folder scheduled__2023-08-28T00:00:00+00:00 [queued]>
[2025-08-08T02:39:29.455+0000] {taskinstance.py:2306} INFO - Starting attempt 1 of 1
[2025-08-08T02:39:29.467+0000] {taskinstance.py:2330} INFO - Executing <Task(BashOperator): create_folder> on 2023-08-28 00:00:00+00:00
[2025-08-08T02:39:29.474+0000] {standard_task_runner.py:63} INFO - Started process 1392 to run task
[2025-08-08T02:39:29.477+0000] {standard_task_runner.py:90} INFO - Running: ['***', 'tasks', 'run', 'climate_data', 'create_folder', 'scheduled__2023-08-28T00:00:00+00:00', '--job-id', '441', '--raw', '--subdir', 'DAGS_FOLDER/climate_data.py', '--cfg-path', '/tmp/tmpahethy09']
[2025-08-08T02:39:29.479+0000] {standard_task_runner.py:91} INFO - Job 441: Subtask create_folder
[2025-08-08T02:39:29.491+0000] {logging_mixin.py:188} WARNING - /home/***/.local/lib/python3.9/site-packages/***/settings.py:195 DeprecationWarning: The sql_alchemy_conn option in [core] has been moved to the sql_alchemy_conn option in [database] - the old setting has been used, but please update your config.
[2025-08-08T02:39:29.534+0000] {task_command.py:426} INFO - Running <TaskInstance: climate_data.create_folder scheduled__2023-08-28T00:00:00+00:00 [running]> on host 1a6f5acf67f4
[2025-08-08T02:39:29.602+0000] {taskinstance.py:2648} INFO - Exporting env vars: AIRFLOW_CTX_DAG_OWNER='***' AIRFLOW_CTX_DAG_ID='climate_data' AIRFLOW_CTX_TASK_ID='create_folder' AIRFLOW_CTX_EXECUTION_DATE='2023-08-28T00:00:00+00:00' AIRFLOW_CTX_TRY_NUMBER='1' AIRFLOW_CTX_DAG_RUN_ID='scheduled__2023-08-28T00:00:00+00:00'
[2025-08-08T02:39:29.604+0000] {taskinstance.py:430} INFO - ::endgroup::
[2025-08-08T02:39:29.612+0000] {subprocess.py:63} INFO - Tmp dir root location: /tmp
[2025-08-08T02:39:29.617+0000] {subprocess.py:75} INFO - Running command: ['/usr/bin/bash', '-c', 'mkdir -p /home/***/host_documents/week2023-09-04']
[2025-08-08T02:39:29.625+0000] {subprocess.py:86} INFO - Output:
[2025-08-08T02:39:29.629+0000] {subprocess.py:97} INFO - Command exited with return code 0
[2025-08-08T02:39:29.631+0000] {taskinstance.py:441} INFO - ::group::Post task execution logs
[2025-08-08T02:39:29.653+0000] {taskinstance.py:1206} INFO - Marking task as SUCCESS. dag_id=climate_data, task_id=create_folder, run_id=scheduled__2023-08-28T00:00:00+00:00, execution_date=20230828T000000, start_date=20250808T023929, end_date=20250808T023929
[2025-08-08T02:39:29.690+0000] {local_task_job_runner.py:240} INFO - Task exited with return code 0
[2025-08-08T02:39:29.713+0000] {taskinstance.py:3498} INFO - 1 downstream tasks scheduled from follow-on schedule check
[2025-08-08T02:39:29.715+0000] {local_task_job_runner.py:222} INFO - ::endgroup::
[2025-08-08T02:42:28.069+0000] {local_task_job_runner.py:120} INFO - ::group::Pre task execution logs
[2025-08-08T02:42:28.090+0000] {taskinstance.py:2076} INFO - Dependencies all met for dep_context=non-requeueable deps ti=<TaskInstance: climate_data.create_folder scheduled__2023-08-28T00:00:00+00:00 [queued]>
[2025-08-08T02:42:28.097+0000] {taskinstance.py:2076} INFO - Dependencies all met for dep_context=requeueable deps ti=<TaskInstance: climate_data.create_folder scheduled__2023-08-28T00:00:00+00:00 [queued]>
[2025-08-08T02:42:28.098+0000] {taskinstance.py:2306} INFO - Starting attempt 1 of 1
[2025-08-08T02:42:28.109+0000] {taskinstance.py:2330} INFO - Executing <Task(BashOperator): create_folder> on 2023-08-28 00:00:00+00:00
[2025-08-08T02:42:28.113+0000] {standard_task_runner.py:63} INFO - Started process 2562 to run task
[2025-08-08T02:42:28.116+0000] {standard_task_runner.py:90} INFO - Running: ['***', 'tasks', 'run', 'climate_data', 'create_folder', 'scheduled__2023-08-28T00:00:00+00:00', '--job-id', '749', '--raw', '--subdir', 'DAGS_FOLDER/climate_data.py', '--cfg-path', '/tmp/tmpm_zkxfxn']
[2025-08-08T02:42:28.118+0000] {standard_task_runner.py:91} INFO - Job 749: Subtask create_folder
[2025-08-08T02:42:28.130+0000] {logging_mixin.py:188} WARNING - /home/***/.local/lib/python3.9/site-packages/***/settings.py:195 DeprecationWarning: The sql_alchemy_conn option in [core] has been moved to the sql_alchemy_conn option in [database] - the old setting has been used, but please update your config.
[2025-08-08T02:42:28.174+0000] {task_command.py:426} INFO - Running <TaskInstance: climate_data.create_folder scheduled__2023-08-28T00:00:00+00:00 [running]> on host 1a6f5acf67f4
[2025-08-08T02:42:28.242+0000] {taskinstance.py:2648} INFO - Exporting env vars: AIRFLOW_CTX_DAG_OWNER='***' AIRFLOW_CTX_DAG_ID='climate_data' AIRFLOW_CTX_TASK_ID='create_folder' AIRFLOW_CTX_EXECUTION_DATE='2023-08-28T00:00:00+00:00' AIRFLOW_CTX_TRY_NUMBER='1' AIRFLOW_CTX_DAG_RUN_ID='scheduled__2023-08-28T00:00:00+00:00'
[2025-08-08T02:42:28.243+0000] {taskinstance.py:430} INFO - ::endgroup::
[2025-08-08T02:42:28.252+0000] {subprocess.py:63} INFO - Tmp dir root location: /tmp
[2025-08-08T02:42:28.253+0000] {subprocess.py:75} INFO - Running command: ['/usr/bin/bash', '-c', 'mkdir -p "/home/***/host_documents/week2023-09-04"']
[2025-08-08T02:42:28.265+0000] {subprocess.py:86} INFO - Output:
[2025-08-08T02:42:28.269+0000] {subprocess.py:97} INFO - Command exited with return code 0
[2025-08-08T02:42:28.270+0000] {taskinstance.py:441} INFO - ::group::Post task execution logs
[2025-08-08T02:42:28.293+0000] {taskinstance.py:1206} INFO - Marking task as SUCCESS. dag_id=climate_data, task_id=create_folder, run_id=scheduled__2023-08-28T00:00:00+00:00, execution_date=20230828T000000, start_date=20250808T024228, end_date=20250808T024228
[2025-08-08T02:42:28.368+0000] {local_task_job_runner.py:240} INFO - Task exited with return code 0
[2025-08-08T02:42:28.381+0000] {local_task_job_runner.py:222} INFO - ::endgroup::
