[2025-08-08T02:00:08.787+0000] {local_task_job_runner.py:120} INFO - ::group::Pre task execution logs
[2025-08-08T02:00:08.808+0000] {taskinstance.py:2076} INFO - Dependencies all met for dep_context=non-requeueable deps ti=<TaskInstance: first_dag.create_folder manual__2025-08-08T02:00:05.944306+00:00 [queued]>
[2025-08-08T02:00:08.814+0000] {taskinstance.py:2076} INFO - Dependencies all met for dep_context=requeueable deps ti=<TaskInstance: first_dag.create_folder manual__2025-08-08T02:00:05.944306+00:00 [queued]>
[2025-08-08T02:00:08.814+0000] {taskinstance.py:2306} INFO - Starting attempt 1 of 1
[2025-08-08T02:00:08.824+0000] {taskinstance.py:2330} INFO - Executing <Task(BashOperator): create_folder> on 2025-08-08 02:00:05.944306+00:00
[2025-08-08T02:00:08.827+0000] {standard_task_runner.py:63} INFO - Started process 191 to run task
[2025-08-08T02:00:08.830+0000] {standard_task_runner.py:90} INFO - Running: ['***', 'tasks', 'run', 'first_dag', 'create_folder', 'manual__2025-08-08T02:00:05.944306+00:00', '--job-id', '23', '--raw', '--subdir', 'DAGS_FOLDER/first_dag.py', '--cfg-path', '/tmp/tmpdrptpycc']
[2025-08-08T02:00:08.832+0000] {standard_task_runner.py:91} INFO - Job 23: Subtask create_folder
[2025-08-08T02:00:08.845+0000] {logging_mixin.py:188} WARNING - /home/***/.local/lib/python3.9/site-packages/***/settings.py:195 DeprecationWarning: The sql_alchemy_conn option in [core] has been moved to the sql_alchemy_conn option in [database] - the old setting has been used, but please update your config.
[2025-08-08T02:00:08.879+0000] {task_command.py:426} INFO - Running <TaskInstance: first_dag.create_folder manual__2025-08-08T02:00:05.944306+00:00 [running]> on host c79a68857a4c
[2025-08-08T02:00:08.938+0000] {taskinstance.py:2648} INFO - Exporting env vars: AIRFLOW_CTX_DAG_OWNER='***' AIRFLOW_CTX_DAG_ID='first_dag' AIRFLOW_CTX_TASK_ID='create_folder' AIRFLOW_CTX_EXECUTION_DATE='2025-08-08T02:00:05.944306+00:00' AIRFLOW_CTX_TRY_NUMBER='1' AIRFLOW_CTX_DAG_RUN_ID='manual__2025-08-08T02:00:05.944306+00:00'
[2025-08-08T02:00:08.939+0000] {taskinstance.py:430} INFO - ::endgroup::
[2025-08-08T02:00:08.948+0000] {subprocess.py:63} INFO - Tmp dir root location: /tmp
[2025-08-08T02:00:08.949+0000] {subprocess.py:75} INFO - Running command: ['/usr/bin/bash', '-c', 'mkdir -p /home/***/host_documents/pasta=2025-08-08 00:00:00+00:00']
[2025-08-08T02:00:08.955+0000] {subprocess.py:86} INFO - Output:
[2025-08-08T02:00:08.959+0000] {subprocess.py:97} INFO - Command exited with return code 0
[2025-08-08T02:00:08.961+0000] {taskinstance.py:441} INFO - ::group::Post task execution logs
[2025-08-08T02:00:08.976+0000] {taskinstance.py:1206} INFO - Marking task as SUCCESS. dag_id=first_dag, task_id=create_folder, run_id=manual__2025-08-08T02:00:05.944306+00:00, execution_date=20250808T020005, start_date=20250808T020008, end_date=20250808T020008
[2025-08-08T02:00:09.002+0000] {local_task_job_runner.py:240} INFO - Task exited with return code 0
[2025-08-08T02:00:09.012+0000] {taskinstance.py:3498} INFO - 0 downstream tasks scheduled from follow-on schedule check
[2025-08-08T02:00:09.014+0000] {local_task_job_runner.py:222} INFO - ::endgroup::
