[2025-08-08T02:26:35.112+0000] {local_task_job_runner.py:120} INFO - ::group::Pre task execution logs
[2025-08-08T02:26:35.141+0000] {taskinstance.py:2076} INFO - Dependencies all met for dep_context=non-requeueable deps ti=<TaskInstance: climate_data.create_folder scheduled__2023-07-10T00:00:00+00:00 [queued]>
[2025-08-08T02:26:35.154+0000] {taskinstance.py:2076} INFO - Dependencies all met for dep_context=requeueable deps ti=<TaskInstance: climate_data.create_folder scheduled__2023-07-10T00:00:00+00:00 [queued]>
[2025-08-08T02:26:35.155+0000] {taskinstance.py:2306} INFO - Starting attempt 1 of 1
[2025-08-08T02:26:35.170+0000] {taskinstance.py:2330} INFO - Executing <Task(BashOperator): create_folder> on 2023-07-10 00:00:00+00:00
[2025-08-08T02:26:35.174+0000] {standard_task_runner.py:63} INFO - Started process 406 to run task
[2025-08-08T02:26:35.177+0000] {standard_task_runner.py:90} INFO - Running: ['***', 'tasks', 'run', 'climate_data', 'create_folder', 'scheduled__2023-07-10T00:00:00+00:00', '--job-id', '75', '--raw', '--subdir', 'DAGS_FOLDER/climate_data.py', '--cfg-path', '/tmp/tmpphvvfjr0']
[2025-08-08T02:26:35.179+0000] {standard_task_runner.py:91} INFO - Job 75: Subtask create_folder
[2025-08-08T02:26:35.193+0000] {logging_mixin.py:188} WARNING - /home/***/.local/lib/python3.9/site-packages/***/settings.py:195 DeprecationWarning: The sql_alchemy_conn option in [core] has been moved to the sql_alchemy_conn option in [database] - the old setting has been used, but please update your config.
[2025-08-08T02:26:35.265+0000] {task_command.py:426} INFO - Running <TaskInstance: climate_data.create_folder scheduled__2023-07-10T00:00:00+00:00 [running]> on host 3ceab82043f1
[2025-08-08T02:26:35.348+0000] {taskinstance.py:2648} INFO - Exporting env vars: AIRFLOW_CTX_DAG_OWNER='***' AIRFLOW_CTX_DAG_ID='climate_data' AIRFLOW_CTX_TASK_ID='create_folder' AIRFLOW_CTX_EXECUTION_DATE='2023-07-10T00:00:00+00:00' AIRFLOW_CTX_TRY_NUMBER='1' AIRFLOW_CTX_DAG_RUN_ID='scheduled__2023-07-10T00:00:00+00:00'
[2025-08-08T02:26:35.350+0000] {taskinstance.py:430} INFO - ::endgroup::
[2025-08-08T02:26:35.358+0000] {subprocess.py:63} INFO - Tmp dir root location: /tmp
[2025-08-08T02:26:35.360+0000] {subprocess.py:75} INFO - Running command: ['/usr/bin/bash', '-c', 'mkdir -p /home/***/host_documents/week2023-07-17"']
[2025-08-08T02:26:35.376+0000] {subprocess.py:86} INFO - Output:
[2025-08-08T02:26:35.377+0000] {subprocess.py:93} INFO - /usr/bin/bash: -c: line 1: unexpected EOF while looking for matching `"'
[2025-08-08T02:26:35.378+0000] {subprocess.py:97} INFO - Command exited with return code 2
[2025-08-08T02:26:35.384+0000] {taskinstance.py:441} INFO - ::group::Post task execution logs
[2025-08-08T02:26:35.396+0000] {taskinstance.py:2905} ERROR - Task failed with exception
Traceback (most recent call last):
  File "/home/airflow/.local/lib/python3.9/site-packages/airflow/models/taskinstance.py", line 465, in _execute_task
    result = _execute_callable(context=context, **execute_callable_kwargs)
  File "/home/airflow/.local/lib/python3.9/site-packages/airflow/models/taskinstance.py", line 432, in _execute_callable
    return execute_callable(context=context, **execute_callable_kwargs)
  File "/home/airflow/.local/lib/python3.9/site-packages/airflow/models/baseoperator.py", line 400, in wrapper
    return func(self, *args, **kwargs)
  File "/home/airflow/.local/lib/python3.9/site-packages/airflow/operators/bash.py", line 243, in execute
    raise AirflowException(
airflow.exceptions.AirflowException: Bash command failed. The command returned a non-zero exit code 2.
[2025-08-08T02:26:35.399+0000] {taskinstance.py:1206} INFO - Marking task as FAILED. dag_id=climate_data, task_id=create_folder, run_id=scheduled__2023-07-10T00:00:00+00:00, execution_date=20230710T000000, start_date=20250808T022635, end_date=20250808T022635
[2025-08-08T02:26:35.412+0000] {standard_task_runner.py:110} ERROR - Failed to execute job 75 for task create_folder (Bash command failed. The command returned a non-zero exit code 2.; 406)
[2025-08-08T02:26:35.430+0000] {local_task_job_runner.py:240} INFO - Task exited with return code 1
[2025-08-08T02:26:35.452+0000] {taskinstance.py:3498} INFO - 0 downstream tasks scheduled from follow-on schedule check
[2025-08-08T02:26:35.456+0000] {local_task_job_runner.py:222} INFO - ::endgroup::
[2025-08-08T02:34:52.215+0000] {local_task_job_runner.py:120} INFO - ::group::Pre task execution logs
[2025-08-08T02:34:52.236+0000] {taskinstance.py:2076} INFO - Dependencies all met for dep_context=non-requeueable deps ti=<TaskInstance: climate_data.create_folder scheduled__2023-07-10T00:00:00+00:00 [queued]>
[2025-08-08T02:34:52.242+0000] {taskinstance.py:2076} INFO - Dependencies all met for dep_context=requeueable deps ti=<TaskInstance: climate_data.create_folder scheduled__2023-07-10T00:00:00+00:00 [queued]>
[2025-08-08T02:34:52.243+0000] {taskinstance.py:2306} INFO - Starting attempt 1 of 1
[2025-08-08T02:34:52.253+0000] {taskinstance.py:2330} INFO - Executing <Task(BashOperator): create_folder> on 2023-07-10 00:00:00+00:00
[2025-08-08T02:34:52.257+0000] {standard_task_runner.py:63} INFO - Started process 438 to run task
[2025-08-08T02:34:52.259+0000] {standard_task_runner.py:90} INFO - Running: ['***', 'tasks', 'run', 'climate_data', 'create_folder', 'scheduled__2023-07-10T00:00:00+00:00', '--job-id', '230', '--raw', '--subdir', 'DAGS_FOLDER/climate_data.py', '--cfg-path', '/tmp/tmpcocst0aj']
[2025-08-08T02:34:52.261+0000] {standard_task_runner.py:91} INFO - Job 230: Subtask create_folder
[2025-08-08T02:34:52.273+0000] {logging_mixin.py:188} WARNING - /home/***/.local/lib/python3.9/site-packages/***/settings.py:195 DeprecationWarning: The sql_alchemy_conn option in [core] has been moved to the sql_alchemy_conn option in [database] - the old setting has been used, but please update your config.
[2025-08-08T02:34:52.314+0000] {task_command.py:426} INFO - Running <TaskInstance: climate_data.create_folder scheduled__2023-07-10T00:00:00+00:00 [running]> on host 1a6f5acf67f4
[2025-08-08T02:34:52.382+0000] {taskinstance.py:2648} INFO - Exporting env vars: AIRFLOW_CTX_DAG_OWNER='***' AIRFLOW_CTX_DAG_ID='climate_data' AIRFLOW_CTX_TASK_ID='create_folder' AIRFLOW_CTX_EXECUTION_DATE='2023-07-10T00:00:00+00:00' AIRFLOW_CTX_TRY_NUMBER='1' AIRFLOW_CTX_DAG_RUN_ID='scheduled__2023-07-10T00:00:00+00:00'
[2025-08-08T02:34:52.383+0000] {taskinstance.py:430} INFO - ::endgroup::
[2025-08-08T02:34:52.392+0000] {subprocess.py:63} INFO - Tmp dir root location: /tmp
[2025-08-08T02:34:52.393+0000] {subprocess.py:75} INFO - Running command: ['/usr/bin/bash', '-c', 'mkdir -p /home/***/host_documents/week2023-07-17"']
[2025-08-08T02:34:52.401+0000] {subprocess.py:86} INFO - Output:
[2025-08-08T02:34:52.402+0000] {subprocess.py:93} INFO - /usr/bin/bash: -c: line 1: unexpected EOF while looking for matching `"'
[2025-08-08T02:34:52.403+0000] {subprocess.py:97} INFO - Command exited with return code 2
[2025-08-08T02:34:52.403+0000] {taskinstance.py:441} INFO - ::group::Post task execution logs
[2025-08-08T02:34:52.411+0000] {taskinstance.py:2905} ERROR - Task failed with exception
Traceback (most recent call last):
  File "/home/airflow/.local/lib/python3.9/site-packages/airflow/models/taskinstance.py", line 465, in _execute_task
    result = _execute_callable(context=context, **execute_callable_kwargs)
  File "/home/airflow/.local/lib/python3.9/site-packages/airflow/models/taskinstance.py", line 432, in _execute_callable
    return execute_callable(context=context, **execute_callable_kwargs)
  File "/home/airflow/.local/lib/python3.9/site-packages/airflow/models/baseoperator.py", line 400, in wrapper
    return func(self, *args, **kwargs)
  File "/home/airflow/.local/lib/python3.9/site-packages/airflow/operators/bash.py", line 243, in execute
    raise AirflowException(
airflow.exceptions.AirflowException: Bash command failed. The command returned a non-zero exit code 2.
[2025-08-08T02:34:52.415+0000] {taskinstance.py:1206} INFO - Marking task as FAILED. dag_id=climate_data, task_id=create_folder, run_id=scheduled__2023-07-10T00:00:00+00:00, execution_date=20230710T000000, start_date=20250808T023452, end_date=20250808T023452
[2025-08-08T02:34:52.426+0000] {standard_task_runner.py:110} ERROR - Failed to execute job 230 for task create_folder (Bash command failed. The command returned a non-zero exit code 2.; 438)
[2025-08-08T02:34:52.472+0000] {local_task_job_runner.py:240} INFO - Task exited with return code 1
[2025-08-08T02:34:52.482+0000] {local_task_job_runner.py:222} INFO - ::endgroup::
[2025-08-08T02:39:25.061+0000] {local_task_job_runner.py:120} INFO - ::group::Pre task execution logs
[2025-08-08T02:39:25.082+0000] {taskinstance.py:2076} INFO - Dependencies all met for dep_context=non-requeueable deps ti=<TaskInstance: climate_data.create_folder scheduled__2023-07-10T00:00:00+00:00 [queued]>
[2025-08-08T02:39:25.092+0000] {taskinstance.py:2076} INFO - Dependencies all met for dep_context=requeueable deps ti=<TaskInstance: climate_data.create_folder scheduled__2023-07-10T00:00:00+00:00 [queued]>
[2025-08-08T02:39:25.092+0000] {taskinstance.py:2306} INFO - Starting attempt 1 of 1
[2025-08-08T02:39:25.103+0000] {taskinstance.py:2330} INFO - Executing <Task(BashOperator): create_folder> on 2023-07-10 00:00:00+00:00
[2025-08-08T02:39:25.108+0000] {standard_task_runner.py:63} INFO - Started process 1332 to run task
[2025-08-08T02:39:25.112+0000] {standard_task_runner.py:90} INFO - Running: ['***', 'tasks', 'run', 'climate_data', 'create_folder', 'scheduled__2023-07-10T00:00:00+00:00', '--job-id', '426', '--raw', '--subdir', 'DAGS_FOLDER/climate_data.py', '--cfg-path', '/tmp/tmpnua3oog7']
[2025-08-08T02:39:25.114+0000] {standard_task_runner.py:91} INFO - Job 426: Subtask create_folder
[2025-08-08T02:39:25.129+0000] {logging_mixin.py:188} WARNING - /home/***/.local/lib/python3.9/site-packages/***/settings.py:195 DeprecationWarning: The sql_alchemy_conn option in [core] has been moved to the sql_alchemy_conn option in [database] - the old setting has been used, but please update your config.
[2025-08-08T02:39:25.177+0000] {task_command.py:426} INFO - Running <TaskInstance: climate_data.create_folder scheduled__2023-07-10T00:00:00+00:00 [running]> on host 1a6f5acf67f4
[2025-08-08T02:39:25.248+0000] {taskinstance.py:2648} INFO - Exporting env vars: AIRFLOW_CTX_DAG_OWNER='***' AIRFLOW_CTX_DAG_ID='climate_data' AIRFLOW_CTX_TASK_ID='create_folder' AIRFLOW_CTX_EXECUTION_DATE='2023-07-10T00:00:00+00:00' AIRFLOW_CTX_TRY_NUMBER='1' AIRFLOW_CTX_DAG_RUN_ID='scheduled__2023-07-10T00:00:00+00:00'
[2025-08-08T02:39:25.249+0000] {taskinstance.py:430} INFO - ::endgroup::
[2025-08-08T02:39:25.258+0000] {subprocess.py:63} INFO - Tmp dir root location: /tmp
[2025-08-08T02:39:25.260+0000] {subprocess.py:75} INFO - Running command: ['/usr/bin/bash', '-c', 'mkdir -p /home/***/host_documents/week2023-07-17']
[2025-08-08T02:39:25.270+0000] {subprocess.py:86} INFO - Output:
[2025-08-08T02:39:25.275+0000] {subprocess.py:97} INFO - Command exited with return code 0
[2025-08-08T02:39:25.276+0000] {taskinstance.py:441} INFO - ::group::Post task execution logs
[2025-08-08T02:39:25.297+0000] {taskinstance.py:1206} INFO - Marking task as SUCCESS. dag_id=climate_data, task_id=create_folder, run_id=scheduled__2023-07-10T00:00:00+00:00, execution_date=20230710T000000, start_date=20250808T023925, end_date=20250808T023925
[2025-08-08T02:39:25.326+0000] {local_task_job_runner.py:240} INFO - Task exited with return code 0
[2025-08-08T02:39:25.340+0000] {taskinstance.py:3498} INFO - 1 downstream tasks scheduled from follow-on schedule check
[2025-08-08T02:39:25.343+0000] {local_task_job_runner.py:222} INFO - ::endgroup::
[2025-08-08T02:42:22.913+0000] {local_task_job_runner.py:120} INFO - ::group::Pre task execution logs
[2025-08-08T02:42:22.936+0000] {taskinstance.py:2076} INFO - Dependencies all met for dep_context=non-requeueable deps ti=<TaskInstance: climate_data.create_folder scheduled__2023-07-10T00:00:00+00:00 [queued]>
[2025-08-08T02:42:22.944+0000] {taskinstance.py:2076} INFO - Dependencies all met for dep_context=requeueable deps ti=<TaskInstance: climate_data.create_folder scheduled__2023-07-10T00:00:00+00:00 [queued]>
[2025-08-08T02:42:22.947+0000] {taskinstance.py:2306} INFO - Starting attempt 1 of 1
[2025-08-08T02:42:22.960+0000] {taskinstance.py:2330} INFO - Executing <Task(BashOperator): create_folder> on 2023-07-10 00:00:00+00:00
[2025-08-08T02:42:22.965+0000] {standard_task_runner.py:63} INFO - Started process 2506 to run task
[2025-08-08T02:42:22.969+0000] {standard_task_runner.py:90} INFO - Running: ['***', 'tasks', 'run', 'climate_data', 'create_folder', 'scheduled__2023-07-10T00:00:00+00:00', '--job-id', '733', '--raw', '--subdir', 'DAGS_FOLDER/climate_data.py', '--cfg-path', '/tmp/tmps2njivnw']
[2025-08-08T02:42:22.971+0000] {standard_task_runner.py:91} INFO - Job 733: Subtask create_folder
[2025-08-08T02:42:22.990+0000] {logging_mixin.py:188} WARNING - /home/***/.local/lib/python3.9/site-packages/***/settings.py:195 DeprecationWarning: The sql_alchemy_conn option in [core] has been moved to the sql_alchemy_conn option in [database] - the old setting has been used, but please update your config.
[2025-08-08T02:42:23.036+0000] {task_command.py:426} INFO - Running <TaskInstance: climate_data.create_folder scheduled__2023-07-10T00:00:00+00:00 [running]> on host 1a6f5acf67f4
[2025-08-08T02:42:23.101+0000] {taskinstance.py:2648} INFO - Exporting env vars: AIRFLOW_CTX_DAG_OWNER='***' AIRFLOW_CTX_DAG_ID='climate_data' AIRFLOW_CTX_TASK_ID='create_folder' AIRFLOW_CTX_EXECUTION_DATE='2023-07-10T00:00:00+00:00' AIRFLOW_CTX_TRY_NUMBER='1' AIRFLOW_CTX_DAG_RUN_ID='scheduled__2023-07-10T00:00:00+00:00'
[2025-08-08T02:42:23.102+0000] {taskinstance.py:430} INFO - ::endgroup::
[2025-08-08T02:42:23.110+0000] {subprocess.py:63} INFO - Tmp dir root location: /tmp
[2025-08-08T02:42:23.111+0000] {subprocess.py:75} INFO - Running command: ['/usr/bin/bash', '-c', 'mkdir -p "/home/***/host_documents/week2023-07-17"']
[2025-08-08T02:42:23.120+0000] {subprocess.py:86} INFO - Output:
[2025-08-08T02:42:23.126+0000] {subprocess.py:97} INFO - Command exited with return code 0
[2025-08-08T02:42:23.127+0000] {taskinstance.py:441} INFO - ::group::Post task execution logs
[2025-08-08T02:42:23.150+0000] {taskinstance.py:1206} INFO - Marking task as SUCCESS. dag_id=climate_data, task_id=create_folder, run_id=scheduled__2023-07-10T00:00:00+00:00, execution_date=20230710T000000, start_date=20250808T024222, end_date=20250808T024223
[2025-08-08T02:42:23.181+0000] {local_task_job_runner.py:240} INFO - Task exited with return code 0
[2025-08-08T02:42:23.199+0000] {taskinstance.py:3498} INFO - 1 downstream tasks scheduled from follow-on schedule check
[2025-08-08T02:42:23.201+0000] {local_task_job_runner.py:222} INFO - ::endgroup::
