[2025-08-08T02:26:40.813+0000] {local_task_job_runner.py:120} INFO - ::group::Pre task execution logs
[2025-08-08T02:26:40.833+0000] {taskinstance.py:2076} INFO - Dependencies all met for dep_context=non-requeueable deps ti=<TaskInstance: climate_data.create_folder scheduled__2023-11-27T00:00:00+00:00 [queued]>
[2025-08-08T02:26:40.840+0000] {taskinstance.py:2076} INFO - Dependencies all met for dep_context=requeueable deps ti=<TaskInstance: climate_data.create_folder scheduled__2023-11-27T00:00:00+00:00 [queued]>
[2025-08-08T02:26:40.840+0000] {taskinstance.py:2306} INFO - Starting attempt 1 of 1
[2025-08-08T02:26:40.877+0000] {taskinstance.py:2330} INFO - Executing <Task(BashOperator): create_folder> on 2023-11-27 00:00:00+00:00
[2025-08-08T02:26:40.881+0000] {standard_task_runner.py:63} INFO - Started process 489 to run task
[2025-08-08T02:26:40.884+0000] {standard_task_runner.py:90} INFO - Running: ['***', 'tasks', 'run', 'climate_data', 'create_folder', 'scheduled__2023-11-27T00:00:00+00:00', '--job-id', '95', '--raw', '--subdir', 'DAGS_FOLDER/climate_data.py', '--cfg-path', '/tmp/tmp2up3fgq9']
[2025-08-08T02:26:40.886+0000] {standard_task_runner.py:91} INFO - Job 95: Subtask create_folder
[2025-08-08T02:26:40.898+0000] {logging_mixin.py:188} WARNING - /home/***/.local/lib/python3.9/site-packages/***/settings.py:195 DeprecationWarning: The sql_alchemy_conn option in [core] has been moved to the sql_alchemy_conn option in [database] - the old setting has been used, but please update your config.
[2025-08-08T02:26:40.941+0000] {task_command.py:426} INFO - Running <TaskInstance: climate_data.create_folder scheduled__2023-11-27T00:00:00+00:00 [running]> on host 3ceab82043f1
[2025-08-08T02:26:41.009+0000] {taskinstance.py:2648} INFO - Exporting env vars: AIRFLOW_CTX_DAG_OWNER='***' AIRFLOW_CTX_DAG_ID='climate_data' AIRFLOW_CTX_TASK_ID='create_folder' AIRFLOW_CTX_EXECUTION_DATE='2023-11-27T00:00:00+00:00' AIRFLOW_CTX_TRY_NUMBER='1' AIRFLOW_CTX_DAG_RUN_ID='scheduled__2023-11-27T00:00:00+00:00'
[2025-08-08T02:26:41.010+0000] {taskinstance.py:430} INFO - ::endgroup::
[2025-08-08T02:26:41.017+0000] {subprocess.py:63} INFO - Tmp dir root location: /tmp
[2025-08-08T02:26:41.018+0000] {subprocess.py:75} INFO - Running command: ['/usr/bin/bash', '-c', 'mkdir -p /home/***/host_documents/week2023-12-04"']
[2025-08-08T02:26:41.028+0000] {subprocess.py:86} INFO - Output:
[2025-08-08T02:26:41.029+0000] {subprocess.py:93} INFO - /usr/bin/bash: -c: line 1: unexpected EOF while looking for matching `"'
[2025-08-08T02:26:41.031+0000] {subprocess.py:97} INFO - Command exited with return code 2
[2025-08-08T02:26:41.032+0000] {taskinstance.py:441} INFO - ::group::Post task execution logs
[2025-08-08T02:26:41.039+0000] {taskinstance.py:2905} ERROR - Task failed with exception
Traceback (most recent call last):
  File "/home/airflow/.local/lib/python3.9/site-packages/airflow/models/taskinstance.py", line 465, in _execute_task
    result = _execute_callable(context=context, **execute_callable_kwargs)
  File "/home/airflow/.local/lib/python3.9/site-packages/airflow/models/taskinstance.py", line 432, in _execute_callable
    return execute_callable(context=context, **execute_callable_kwargs)
  File "/home/airflow/.local/lib/python3.9/site-packages/airflow/models/baseoperator.py", line 400, in wrapper
    return func(self, *args, **kwargs)
  File "/home/airflow/.local/lib/python3.9/site-packages/airflow/operators/bash.py", line 243, in execute
    raise AirflowException(
airflow.exceptions.AirflowException: Bash command failed. The command returned a non-zero exit code 2.
[2025-08-08T02:26:41.042+0000] {taskinstance.py:1206} INFO - Marking task as FAILED. dag_id=climate_data, task_id=create_folder, run_id=scheduled__2023-11-27T00:00:00+00:00, execution_date=20231127T000000, start_date=20250808T022640, end_date=20250808T022641
[2025-08-08T02:26:41.074+0000] {standard_task_runner.py:110} ERROR - Failed to execute job 95 for task create_folder (Bash command failed. The command returned a non-zero exit code 2.; 489)
[2025-08-08T02:26:41.099+0000] {local_task_job_runner.py:240} INFO - Task exited with return code 1
[2025-08-08T02:26:41.121+0000] {taskinstance.py:3498} INFO - 0 downstream tasks scheduled from follow-on schedule check
[2025-08-08T02:26:41.125+0000] {local_task_job_runner.py:222} INFO - ::endgroup::
[2025-08-08T02:34:58.226+0000] {local_task_job_runner.py:120} INFO - ::group::Pre task execution logs
[2025-08-08T02:34:58.244+0000] {taskinstance.py:2076} INFO - Dependencies all met for dep_context=non-requeueable deps ti=<TaskInstance: climate_data.create_folder scheduled__2023-11-27T00:00:00+00:00 [queued]>
[2025-08-08T02:34:58.252+0000] {taskinstance.py:2076} INFO - Dependencies all met for dep_context=requeueable deps ti=<TaskInstance: climate_data.create_folder scheduled__2023-11-27T00:00:00+00:00 [queued]>
[2025-08-08T02:34:58.252+0000] {taskinstance.py:2306} INFO - Starting attempt 1 of 1
[2025-08-08T02:34:58.261+0000] {taskinstance.py:2330} INFO - Executing <Task(BashOperator): create_folder> on 2023-11-27 00:00:00+00:00
[2025-08-08T02:34:58.265+0000] {standard_task_runner.py:63} INFO - Started process 525 to run task
[2025-08-08T02:34:58.267+0000] {standard_task_runner.py:90} INFO - Running: ['***', 'tasks', 'run', 'climate_data', 'create_folder', 'scheduled__2023-11-27T00:00:00+00:00', '--job-id', '250', '--raw', '--subdir', 'DAGS_FOLDER/climate_data.py', '--cfg-path', '/tmp/tmp5g4rx9ec']
[2025-08-08T02:34:58.269+0000] {standard_task_runner.py:91} INFO - Job 250: Subtask create_folder
[2025-08-08T02:34:58.280+0000] {logging_mixin.py:188} WARNING - /home/***/.local/lib/python3.9/site-packages/***/settings.py:195 DeprecationWarning: The sql_alchemy_conn option in [core] has been moved to the sql_alchemy_conn option in [database] - the old setting has been used, but please update your config.
[2025-08-08T02:34:58.317+0000] {task_command.py:426} INFO - Running <TaskInstance: climate_data.create_folder scheduled__2023-11-27T00:00:00+00:00 [running]> on host 1a6f5acf67f4
[2025-08-08T02:34:58.373+0000] {taskinstance.py:2648} INFO - Exporting env vars: AIRFLOW_CTX_DAG_OWNER='***' AIRFLOW_CTX_DAG_ID='climate_data' AIRFLOW_CTX_TASK_ID='create_folder' AIRFLOW_CTX_EXECUTION_DATE='2023-11-27T00:00:00+00:00' AIRFLOW_CTX_TRY_NUMBER='1' AIRFLOW_CTX_DAG_RUN_ID='scheduled__2023-11-27T00:00:00+00:00'
[2025-08-08T02:34:58.374+0000] {taskinstance.py:430} INFO - ::endgroup::
[2025-08-08T02:34:58.382+0000] {subprocess.py:63} INFO - Tmp dir root location: /tmp
[2025-08-08T02:34:58.383+0000] {subprocess.py:75} INFO - Running command: ['/usr/bin/bash', '-c', 'mkdir -p /home/***/host_documents/week2023-12-04"']
[2025-08-08T02:34:58.390+0000] {subprocess.py:86} INFO - Output:
[2025-08-08T02:34:58.391+0000] {subprocess.py:93} INFO - /usr/bin/bash: -c: line 1: unexpected EOF while looking for matching `"'
[2025-08-08T02:34:58.391+0000] {subprocess.py:97} INFO - Command exited with return code 2
[2025-08-08T02:34:58.392+0000] {taskinstance.py:441} INFO - ::group::Post task execution logs
[2025-08-08T02:34:58.399+0000] {taskinstance.py:2905} ERROR - Task failed with exception
Traceback (most recent call last):
  File "/home/airflow/.local/lib/python3.9/site-packages/airflow/models/taskinstance.py", line 465, in _execute_task
    result = _execute_callable(context=context, **execute_callable_kwargs)
  File "/home/airflow/.local/lib/python3.9/site-packages/airflow/models/taskinstance.py", line 432, in _execute_callable
    return execute_callable(context=context, **execute_callable_kwargs)
  File "/home/airflow/.local/lib/python3.9/site-packages/airflow/models/baseoperator.py", line 400, in wrapper
    return func(self, *args, **kwargs)
  File "/home/airflow/.local/lib/python3.9/site-packages/airflow/operators/bash.py", line 243, in execute
    raise AirflowException(
airflow.exceptions.AirflowException: Bash command failed. The command returned a non-zero exit code 2.
[2025-08-08T02:34:58.401+0000] {taskinstance.py:1206} INFO - Marking task as FAILED. dag_id=climate_data, task_id=create_folder, run_id=scheduled__2023-11-27T00:00:00+00:00, execution_date=20231127T000000, start_date=20250808T023458, end_date=20250808T023458
[2025-08-08T02:34:58.409+0000] {standard_task_runner.py:110} ERROR - Failed to execute job 250 for task create_folder (Bash command failed. The command returned a non-zero exit code 2.; 525)
[2025-08-08T02:34:58.440+0000] {local_task_job_runner.py:240} INFO - Task exited with return code 1
[2025-08-08T02:34:58.454+0000] {taskinstance.py:3498} INFO - 0 downstream tasks scheduled from follow-on schedule check
[2025-08-08T02:34:58.457+0000] {local_task_job_runner.py:222} INFO - ::endgroup::
[2025-08-08T02:39:34.909+0000] {local_task_job_runner.py:120} INFO - ::group::Pre task execution logs
[2025-08-08T02:39:34.929+0000] {taskinstance.py:2076} INFO - Dependencies all met for dep_context=non-requeueable deps ti=<TaskInstance: climate_data.create_folder scheduled__2023-11-27T00:00:00+00:00 [queued]>
[2025-08-08T02:39:34.936+0000] {taskinstance.py:2076} INFO - Dependencies all met for dep_context=requeueable deps ti=<TaskInstance: climate_data.create_folder scheduled__2023-11-27T00:00:00+00:00 [queued]>
[2025-08-08T02:39:34.937+0000] {taskinstance.py:2306} INFO - Starting attempt 1 of 1
[2025-08-08T02:39:34.948+0000] {taskinstance.py:2330} INFO - Executing <Task(BashOperator): create_folder> on 2023-11-27 00:00:00+00:00
[2025-08-08T02:39:34.952+0000] {standard_task_runner.py:63} INFO - Started process 1497 to run task
[2025-08-08T02:39:34.954+0000] {standard_task_runner.py:90} INFO - Running: ['***', 'tasks', 'run', 'climate_data', 'create_folder', 'scheduled__2023-11-27T00:00:00+00:00', '--job-id', '471', '--raw', '--subdir', 'DAGS_FOLDER/climate_data.py', '--cfg-path', '/tmp/tmpvh2yqomg']
[2025-08-08T02:39:34.956+0000] {standard_task_runner.py:91} INFO - Job 471: Subtask create_folder
[2025-08-08T02:39:34.968+0000] {logging_mixin.py:188} WARNING - /home/***/.local/lib/python3.9/site-packages/***/settings.py:195 DeprecationWarning: The sql_alchemy_conn option in [core] has been moved to the sql_alchemy_conn option in [database] - the old setting has been used, but please update your config.
[2025-08-08T02:39:35.009+0000] {task_command.py:426} INFO - Running <TaskInstance: climate_data.create_folder scheduled__2023-11-27T00:00:00+00:00 [running]> on host 1a6f5acf67f4
[2025-08-08T02:39:35.075+0000] {taskinstance.py:2648} INFO - Exporting env vars: AIRFLOW_CTX_DAG_OWNER='***' AIRFLOW_CTX_DAG_ID='climate_data' AIRFLOW_CTX_TASK_ID='create_folder' AIRFLOW_CTX_EXECUTION_DATE='2023-11-27T00:00:00+00:00' AIRFLOW_CTX_TRY_NUMBER='1' AIRFLOW_CTX_DAG_RUN_ID='scheduled__2023-11-27T00:00:00+00:00'
[2025-08-08T02:39:35.077+0000] {taskinstance.py:430} INFO - ::endgroup::
[2025-08-08T02:39:35.084+0000] {subprocess.py:63} INFO - Tmp dir root location: /tmp
[2025-08-08T02:39:35.085+0000] {subprocess.py:75} INFO - Running command: ['/usr/bin/bash', '-c', 'mkdir -p /home/***/host_documents/week2023-12-04']
[2025-08-08T02:39:35.093+0000] {subprocess.py:86} INFO - Output:
[2025-08-08T02:39:35.096+0000] {subprocess.py:97} INFO - Command exited with return code 0
[2025-08-08T02:39:35.097+0000] {taskinstance.py:441} INFO - ::group::Post task execution logs
[2025-08-08T02:39:35.116+0000] {taskinstance.py:1206} INFO - Marking task as SUCCESS. dag_id=climate_data, task_id=create_folder, run_id=scheduled__2023-11-27T00:00:00+00:00, execution_date=20231127T000000, start_date=20250808T023934, end_date=20250808T023935
[2025-08-08T02:39:35.168+0000] {local_task_job_runner.py:240} INFO - Task exited with return code 0
[2025-08-08T02:39:35.177+0000] {local_task_job_runner.py:222} INFO - ::endgroup::
[2025-08-08T02:42:33.970+0000] {local_task_job_runner.py:120} INFO - ::group::Pre task execution logs
[2025-08-08T02:42:33.992+0000] {taskinstance.py:2076} INFO - Dependencies all met for dep_context=non-requeueable deps ti=<TaskInstance: climate_data.create_folder scheduled__2023-11-27T00:00:00+00:00 [queued]>
[2025-08-08T02:42:33.999+0000] {taskinstance.py:2076} INFO - Dependencies all met for dep_context=requeueable deps ti=<TaskInstance: climate_data.create_folder scheduled__2023-11-27T00:00:00+00:00 [queued]>
[2025-08-08T02:42:33.999+0000] {taskinstance.py:2306} INFO - Starting attempt 1 of 1
[2025-08-08T02:42:34.010+0000] {taskinstance.py:2330} INFO - Executing <Task(BashOperator): create_folder> on 2023-11-27 00:00:00+00:00
[2025-08-08T02:42:34.014+0000] {standard_task_runner.py:63} INFO - Started process 2677 to run task
[2025-08-08T02:42:34.017+0000] {standard_task_runner.py:90} INFO - Running: ['***', 'tasks', 'run', 'climate_data', 'create_folder', 'scheduled__2023-11-27T00:00:00+00:00', '--job-id', '779', '--raw', '--subdir', 'DAGS_FOLDER/climate_data.py', '--cfg-path', '/tmp/tmpa0fyv7a2']
[2025-08-08T02:42:34.019+0000] {standard_task_runner.py:91} INFO - Job 779: Subtask create_folder
[2025-08-08T02:42:34.032+0000] {logging_mixin.py:188} WARNING - /home/***/.local/lib/python3.9/site-packages/***/settings.py:195 DeprecationWarning: The sql_alchemy_conn option in [core] has been moved to the sql_alchemy_conn option in [database] - the old setting has been used, but please update your config.
[2025-08-08T02:42:34.073+0000] {task_command.py:426} INFO - Running <TaskInstance: climate_data.create_folder scheduled__2023-11-27T00:00:00+00:00 [running]> on host 1a6f5acf67f4
[2025-08-08T02:42:34.141+0000] {taskinstance.py:2648} INFO - Exporting env vars: AIRFLOW_CTX_DAG_OWNER='***' AIRFLOW_CTX_DAG_ID='climate_data' AIRFLOW_CTX_TASK_ID='create_folder' AIRFLOW_CTX_EXECUTION_DATE='2023-11-27T00:00:00+00:00' AIRFLOW_CTX_TRY_NUMBER='1' AIRFLOW_CTX_DAG_RUN_ID='scheduled__2023-11-27T00:00:00+00:00'
[2025-08-08T02:42:34.142+0000] {taskinstance.py:430} INFO - ::endgroup::
[2025-08-08T02:42:34.149+0000] {subprocess.py:63} INFO - Tmp dir root location: /tmp
[2025-08-08T02:42:34.150+0000] {subprocess.py:75} INFO - Running command: ['/usr/bin/bash', '-c', 'mkdir -p "/home/***/host_documents/week2023-12-04"']
[2025-08-08T02:42:34.159+0000] {subprocess.py:86} INFO - Output:
[2025-08-08T02:42:34.162+0000] {subprocess.py:97} INFO - Command exited with return code 0
[2025-08-08T02:42:34.163+0000] {taskinstance.py:441} INFO - ::group::Post task execution logs
[2025-08-08T02:42:34.182+0000] {taskinstance.py:1206} INFO - Marking task as SUCCESS. dag_id=climate_data, task_id=create_folder, run_id=scheduled__2023-11-27T00:00:00+00:00, execution_date=20231127T000000, start_date=20250808T024233, end_date=20250808T024234
[2025-08-08T02:42:34.230+0000] {local_task_job_runner.py:240} INFO - Task exited with return code 0
[2025-08-08T02:42:34.238+0000] {local_task_job_runner.py:222} INFO - ::endgroup::
