[2025-08-08T02:27:05.849+0000] {local_task_job_runner.py:120} INFO - ::group::Pre task execution logs
[2025-08-08T02:27:05.880+0000] {taskinstance.py:2076} INFO - Dependencies all met for dep_context=non-requeueable deps ti=<TaskInstance: climate_data.create_folder scheduled__2025-06-16T00:00:00+00:00 [queued]>
[2025-08-08T02:27:05.887+0000] {taskinstance.py:2076} INFO - Dependencies all met for dep_context=requeueable deps ti=<TaskInstance: climate_data.create_folder scheduled__2025-06-16T00:00:00+00:00 [queued]>
[2025-08-08T02:27:05.888+0000] {taskinstance.py:2306} INFO - Starting attempt 1 of 1
[2025-08-08T02:27:05.897+0000] {taskinstance.py:2330} INFO - Executing <Task(BashOperator): create_folder> on 2025-06-16 00:00:00+00:00
[2025-08-08T02:27:05.901+0000] {standard_task_runner.py:63} INFO - Started process 823 to run task
[2025-08-08T02:27:05.904+0000] {standard_task_runner.py:90} INFO - Running: ['***', 'tasks', 'run', 'climate_data', 'create_folder', 'scheduled__2025-06-16T00:00:00+00:00', '--job-id', '176', '--raw', '--subdir', 'DAGS_FOLDER/climate_data.py', '--cfg-path', '/tmp/tmp6tvs3n1q']
[2025-08-08T02:27:05.906+0000] {standard_task_runner.py:91} INFO - Job 176: Subtask create_folder
[2025-08-08T02:27:05.919+0000] {logging_mixin.py:188} WARNING - /home/***/.local/lib/python3.9/site-packages/***/settings.py:195 DeprecationWarning: The sql_alchemy_conn option in [core] has been moved to the sql_alchemy_conn option in [database] - the old setting has been used, but please update your config.
[2025-08-08T02:27:05.967+0000] {task_command.py:426} INFO - Running <TaskInstance: climate_data.create_folder scheduled__2025-06-16T00:00:00+00:00 [running]> on host 3ceab82043f1
[2025-08-08T02:27:06.034+0000] {taskinstance.py:2648} INFO - Exporting env vars: AIRFLOW_CTX_DAG_OWNER='***' AIRFLOW_CTX_DAG_ID='climate_data' AIRFLOW_CTX_TASK_ID='create_folder' AIRFLOW_CTX_EXECUTION_DATE='2025-06-16T00:00:00+00:00' AIRFLOW_CTX_TRY_NUMBER='1' AIRFLOW_CTX_DAG_RUN_ID='scheduled__2025-06-16T00:00:00+00:00'
[2025-08-08T02:27:06.037+0000] {taskinstance.py:430} INFO - ::endgroup::
[2025-08-08T02:27:06.049+0000] {subprocess.py:63} INFO - Tmp dir root location: /tmp
[2025-08-08T02:27:06.050+0000] {subprocess.py:75} INFO - Running command: ['/usr/bin/bash', '-c', 'mkdir -p /home/***/host_documents/week2025-06-23"']
[2025-08-08T02:27:06.062+0000] {subprocess.py:86} INFO - Output:
[2025-08-08T02:27:06.064+0000] {subprocess.py:93} INFO - /usr/bin/bash: -c: line 1: unexpected EOF while looking for matching `"'
[2025-08-08T02:27:06.065+0000] {subprocess.py:97} INFO - Command exited with return code 2
[2025-08-08T02:27:06.066+0000] {taskinstance.py:441} INFO - ::group::Post task execution logs
[2025-08-08T02:27:06.074+0000] {taskinstance.py:2905} ERROR - Task failed with exception
Traceback (most recent call last):
  File "/home/airflow/.local/lib/python3.9/site-packages/airflow/models/taskinstance.py", line 465, in _execute_task
    result = _execute_callable(context=context, **execute_callable_kwargs)
  File "/home/airflow/.local/lib/python3.9/site-packages/airflow/models/taskinstance.py", line 432, in _execute_callable
    return execute_callable(context=context, **execute_callable_kwargs)
  File "/home/airflow/.local/lib/python3.9/site-packages/airflow/models/baseoperator.py", line 400, in wrapper
    return func(self, *args, **kwargs)
  File "/home/airflow/.local/lib/python3.9/site-packages/airflow/operators/bash.py", line 243, in execute
    raise AirflowException(
airflow.exceptions.AirflowException: Bash command failed. The command returned a non-zero exit code 2.
[2025-08-08T02:27:06.077+0000] {taskinstance.py:1206} INFO - Marking task as FAILED. dag_id=climate_data, task_id=create_folder, run_id=scheduled__2025-06-16T00:00:00+00:00, execution_date=20250616T000000, start_date=20250808T022705, end_date=20250808T022706
[2025-08-08T02:27:06.086+0000] {standard_task_runner.py:110} ERROR - Failed to execute job 176 for task create_folder (Bash command failed. The command returned a non-zero exit code 2.; 823)
[2025-08-08T02:27:06.116+0000] {local_task_job_runner.py:240} INFO - Task exited with return code 1
[2025-08-08T02:27:06.132+0000] {taskinstance.py:3498} INFO - 0 downstream tasks scheduled from follow-on schedule check
[2025-08-08T02:27:06.137+0000] {local_task_job_runner.py:222} INFO - ::endgroup::
[2025-08-08T02:35:27.141+0000] {local_task_job_runner.py:120} INFO - ::group::Pre task execution logs
[2025-08-08T02:35:27.161+0000] {taskinstance.py:2076} INFO - Dependencies all met for dep_context=non-requeueable deps ti=<TaskInstance: climate_data.create_folder scheduled__2025-06-16T00:00:00+00:00 [queued]>
[2025-08-08T02:35:27.168+0000] {taskinstance.py:2076} INFO - Dependencies all met for dep_context=requeueable deps ti=<TaskInstance: climate_data.create_folder scheduled__2025-06-16T00:00:00+00:00 [queued]>
[2025-08-08T02:35:27.168+0000] {taskinstance.py:2306} INFO - Starting attempt 1 of 1
[2025-08-08T02:35:27.181+0000] {taskinstance.py:2330} INFO - Executing <Task(BashOperator): create_folder> on 2025-06-16 00:00:00+00:00
[2025-08-08T02:35:27.185+0000] {standard_task_runner.py:63} INFO - Started process 868 to run task
[2025-08-08T02:35:27.188+0000] {standard_task_runner.py:90} INFO - Running: ['***', 'tasks', 'run', 'climate_data', 'create_folder', 'scheduled__2025-06-16T00:00:00+00:00', '--job-id', '332', '--raw', '--subdir', 'DAGS_FOLDER/climate_data.py', '--cfg-path', '/tmp/tmp7iuvpci3']
[2025-08-08T02:35:27.190+0000] {standard_task_runner.py:91} INFO - Job 332: Subtask create_folder
[2025-08-08T02:35:27.203+0000] {logging_mixin.py:188} WARNING - /home/***/.local/lib/python3.9/site-packages/***/settings.py:195 DeprecationWarning: The sql_alchemy_conn option in [core] has been moved to the sql_alchemy_conn option in [database] - the old setting has been used, but please update your config.
[2025-08-08T02:35:27.244+0000] {task_command.py:426} INFO - Running <TaskInstance: climate_data.create_folder scheduled__2025-06-16T00:00:00+00:00 [running]> on host 1a6f5acf67f4
[2025-08-08T02:35:27.309+0000] {taskinstance.py:2648} INFO - Exporting env vars: AIRFLOW_CTX_DAG_OWNER='***' AIRFLOW_CTX_DAG_ID='climate_data' AIRFLOW_CTX_TASK_ID='create_folder' AIRFLOW_CTX_EXECUTION_DATE='2025-06-16T00:00:00+00:00' AIRFLOW_CTX_TRY_NUMBER='1' AIRFLOW_CTX_DAG_RUN_ID='scheduled__2025-06-16T00:00:00+00:00'
[2025-08-08T02:35:27.310+0000] {taskinstance.py:430} INFO - ::endgroup::
[2025-08-08T02:35:27.317+0000] {subprocess.py:63} INFO - Tmp dir root location: /tmp
[2025-08-08T02:35:27.318+0000] {subprocess.py:75} INFO - Running command: ['/usr/bin/bash', '-c', 'mkdir -p /home/***/host_documents/week2025-06-23"']
[2025-08-08T02:35:27.327+0000] {subprocess.py:86} INFO - Output:
[2025-08-08T02:35:27.328+0000] {subprocess.py:93} INFO - /usr/bin/bash: -c: line 1: unexpected EOF while looking for matching `"'
[2025-08-08T02:35:27.329+0000] {subprocess.py:97} INFO - Command exited with return code 2
[2025-08-08T02:35:27.330+0000] {taskinstance.py:441} INFO - ::group::Post task execution logs
[2025-08-08T02:35:27.338+0000] {taskinstance.py:2905} ERROR - Task failed with exception
Traceback (most recent call last):
  File "/home/airflow/.local/lib/python3.9/site-packages/airflow/models/taskinstance.py", line 465, in _execute_task
    result = _execute_callable(context=context, **execute_callable_kwargs)
  File "/home/airflow/.local/lib/python3.9/site-packages/airflow/models/taskinstance.py", line 432, in _execute_callable
    return execute_callable(context=context, **execute_callable_kwargs)
  File "/home/airflow/.local/lib/python3.9/site-packages/airflow/models/baseoperator.py", line 400, in wrapper
    return func(self, *args, **kwargs)
  File "/home/airflow/.local/lib/python3.9/site-packages/airflow/operators/bash.py", line 243, in execute
    raise AirflowException(
airflow.exceptions.AirflowException: Bash command failed. The command returned a non-zero exit code 2.
[2025-08-08T02:35:27.341+0000] {taskinstance.py:1206} INFO - Marking task as FAILED. dag_id=climate_data, task_id=create_folder, run_id=scheduled__2025-06-16T00:00:00+00:00, execution_date=20250616T000000, start_date=20250808T023527, end_date=20250808T023527
[2025-08-08T02:35:27.350+0000] {standard_task_runner.py:110} ERROR - Failed to execute job 332 for task create_folder (Bash command failed. The command returned a non-zero exit code 2.; 868)
[2025-08-08T02:35:27.361+0000] {local_task_job_runner.py:240} INFO - Task exited with return code 1
[2025-08-08T02:35:27.376+0000] {taskinstance.py:3498} INFO - 0 downstream tasks scheduled from follow-on schedule check
[2025-08-08T02:35:27.379+0000] {local_task_job_runner.py:222} INFO - ::endgroup::
[2025-08-08T02:40:00.790+0000] {local_task_job_runner.py:120} INFO - ::group::Pre task execution logs
[2025-08-08T02:40:00.814+0000] {taskinstance.py:2076} INFO - Dependencies all met for dep_context=non-requeueable deps ti=<TaskInstance: climate_data.create_folder scheduled__2025-06-16T00:00:00+00:00 [queued]>
[2025-08-08T02:40:00.822+0000] {taskinstance.py:2076} INFO - Dependencies all met for dep_context=requeueable deps ti=<TaskInstance: climate_data.create_folder scheduled__2025-06-16T00:00:00+00:00 [queued]>
[2025-08-08T02:40:00.822+0000] {taskinstance.py:2306} INFO - Starting attempt 1 of 1
[2025-08-08T02:40:00.835+0000] {taskinstance.py:2330} INFO - Executing <Task(BashOperator): create_folder> on 2025-06-16 00:00:00+00:00
[2025-08-08T02:40:00.839+0000] {standard_task_runner.py:63} INFO - Started process 2080 to run task
[2025-08-08T02:40:00.842+0000] {standard_task_runner.py:90} INFO - Running: ['***', 'tasks', 'run', 'climate_data', 'create_folder', 'scheduled__2025-06-16T00:00:00+00:00', '--job-id', '633', '--raw', '--subdir', 'DAGS_FOLDER/climate_data.py', '--cfg-path', '/tmp/tmpaw6oq476']
[2025-08-08T02:40:00.844+0000] {standard_task_runner.py:91} INFO - Job 633: Subtask create_folder
[2025-08-08T02:40:00.858+0000] {logging_mixin.py:188} WARNING - /home/***/.local/lib/python3.9/site-packages/***/settings.py:195 DeprecationWarning: The sql_alchemy_conn option in [core] has been moved to the sql_alchemy_conn option in [database] - the old setting has been used, but please update your config.
[2025-08-08T02:40:00.900+0000] {task_command.py:426} INFO - Running <TaskInstance: climate_data.create_folder scheduled__2025-06-16T00:00:00+00:00 [running]> on host 1a6f5acf67f4
[2025-08-08T02:40:00.970+0000] {taskinstance.py:2648} INFO - Exporting env vars: AIRFLOW_CTX_DAG_OWNER='***' AIRFLOW_CTX_DAG_ID='climate_data' AIRFLOW_CTX_TASK_ID='create_folder' AIRFLOW_CTX_EXECUTION_DATE='2025-06-16T00:00:00+00:00' AIRFLOW_CTX_TRY_NUMBER='1' AIRFLOW_CTX_DAG_RUN_ID='scheduled__2025-06-16T00:00:00+00:00'
[2025-08-08T02:40:00.971+0000] {taskinstance.py:430} INFO - ::endgroup::
[2025-08-08T02:40:00.981+0000] {subprocess.py:63} INFO - Tmp dir root location: /tmp
[2025-08-08T02:40:00.982+0000] {subprocess.py:75} INFO - Running command: ['/usr/bin/bash', '-c', 'mkdir -p /home/***/host_documents/week2025-06-23']
[2025-08-08T02:40:00.995+0000] {subprocess.py:86} INFO - Output:
[2025-08-08T02:40:01.000+0000] {subprocess.py:97} INFO - Command exited with return code 0
[2025-08-08T02:40:01.001+0000] {taskinstance.py:441} INFO - ::group::Post task execution logs
[2025-08-08T02:40:01.019+0000] {taskinstance.py:1206} INFO - Marking task as SUCCESS. dag_id=climate_data, task_id=create_folder, run_id=scheduled__2025-06-16T00:00:00+00:00, execution_date=20250616T000000, start_date=20250808T024000, end_date=20250808T024001
[2025-08-08T02:40:01.055+0000] {local_task_job_runner.py:240} INFO - Task exited with return code 0
[2025-08-08T02:40:01.072+0000] {taskinstance.py:3498} INFO - 1 downstream tasks scheduled from follow-on schedule check
[2025-08-08T02:40:01.074+0000] {local_task_job_runner.py:222} INFO - ::endgroup::
[2025-08-08T02:42:59.631+0000] {local_task_job_runner.py:120} INFO - ::group::Pre task execution logs
[2025-08-08T02:42:59.650+0000] {taskinstance.py:2076} INFO - Dependencies all met for dep_context=non-requeueable deps ti=<TaskInstance: climate_data.create_folder scheduled__2025-06-16T00:00:00+00:00 [queued]>
[2025-08-08T02:42:59.658+0000] {taskinstance.py:2076} INFO - Dependencies all met for dep_context=requeueable deps ti=<TaskInstance: climate_data.create_folder scheduled__2025-06-16T00:00:00+00:00 [queued]>
[2025-08-08T02:42:59.658+0000] {taskinstance.py:2306} INFO - Starting attempt 1 of 1
[2025-08-08T02:42:59.668+0000] {taskinstance.py:2330} INFO - Executing <Task(BashOperator): create_folder> on 2025-06-16 00:00:00+00:00
[2025-08-08T02:42:59.673+0000] {standard_task_runner.py:63} INFO - Started process 3255 to run task
[2025-08-08T02:42:59.677+0000] {standard_task_runner.py:90} INFO - Running: ['***', 'tasks', 'run', 'climate_data', 'create_folder', 'scheduled__2025-06-16T00:00:00+00:00', '--job-id', '940', '--raw', '--subdir', 'DAGS_FOLDER/climate_data.py', '--cfg-path', '/tmp/tmpeg0g53up']
[2025-08-08T02:42:59.679+0000] {standard_task_runner.py:91} INFO - Job 940: Subtask create_folder
[2025-08-08T02:42:59.691+0000] {logging_mixin.py:188} WARNING - /home/***/.local/lib/python3.9/site-packages/***/settings.py:195 DeprecationWarning: The sql_alchemy_conn option in [core] has been moved to the sql_alchemy_conn option in [database] - the old setting has been used, but please update your config.
[2025-08-08T02:42:59.733+0000] {task_command.py:426} INFO - Running <TaskInstance: climate_data.create_folder scheduled__2025-06-16T00:00:00+00:00 [running]> on host 1a6f5acf67f4
[2025-08-08T02:42:59.805+0000] {taskinstance.py:2648} INFO - Exporting env vars: AIRFLOW_CTX_DAG_OWNER='***' AIRFLOW_CTX_DAG_ID='climate_data' AIRFLOW_CTX_TASK_ID='create_folder' AIRFLOW_CTX_EXECUTION_DATE='2025-06-16T00:00:00+00:00' AIRFLOW_CTX_TRY_NUMBER='1' AIRFLOW_CTX_DAG_RUN_ID='scheduled__2025-06-16T00:00:00+00:00'
[2025-08-08T02:42:59.806+0000] {taskinstance.py:430} INFO - ::endgroup::
[2025-08-08T02:42:59.814+0000] {subprocess.py:63} INFO - Tmp dir root location: /tmp
[2025-08-08T02:42:59.815+0000] {subprocess.py:75} INFO - Running command: ['/usr/bin/bash', '-c', 'mkdir -p "/home/***/host_documents/week2025-06-23"']
[2025-08-08T02:42:59.824+0000] {subprocess.py:86} INFO - Output:
[2025-08-08T02:42:59.828+0000] {subprocess.py:97} INFO - Command exited with return code 0
[2025-08-08T02:42:59.829+0000] {taskinstance.py:441} INFO - ::group::Post task execution logs
[2025-08-08T02:42:59.846+0000] {taskinstance.py:1206} INFO - Marking task as SUCCESS. dag_id=climate_data, task_id=create_folder, run_id=scheduled__2025-06-16T00:00:00+00:00, execution_date=20250616T000000, start_date=20250808T024259, end_date=20250808T024259
[2025-08-08T02:42:59.889+0000] {local_task_job_runner.py:240} INFO - Task exited with return code 0
[2025-08-08T02:42:59.896+0000] {local_task_job_runner.py:222} INFO - ::endgroup::
