[2025-08-08T02:26:31.639+0000] {local_task_job_runner.py:120} INFO - ::group::Pre task execution logs
[2025-08-08T02:26:31.658+0000] {taskinstance.py:2076} INFO - Dependencies all met for dep_context=non-requeueable deps ti=<TaskInstance: climate_data.create_folder scheduled__2023-06-12T00:00:00+00:00 [queued]>
[2025-08-08T02:26:31.665+0000] {taskinstance.py:2076} INFO - Dependencies all met for dep_context=requeueable deps ti=<TaskInstance: climate_data.create_folder scheduled__2023-06-12T00:00:00+00:00 [queued]>
[2025-08-08T02:26:31.666+0000] {taskinstance.py:2306} INFO - Starting attempt 1 of 1
[2025-08-08T02:26:31.674+0000] {taskinstance.py:2330} INFO - Executing <Task(BashOperator): create_folder> on 2023-06-12 00:00:00+00:00
[2025-08-08T02:26:31.679+0000] {standard_task_runner.py:63} INFO - Started process 384 to run task
[2025-08-08T02:26:31.681+0000] {standard_task_runner.py:90} INFO - Running: ['***', 'tasks', 'run', 'climate_data', 'create_folder', 'scheduled__2023-06-12T00:00:00+00:00', '--job-id', '71', '--raw', '--subdir', 'DAGS_FOLDER/climate_data.py', '--cfg-path', '/tmp/tmpazt_zj1k']
[2025-08-08T02:26:31.683+0000] {standard_task_runner.py:91} INFO - Job 71: Subtask create_folder
[2025-08-08T02:26:31.694+0000] {logging_mixin.py:188} WARNING - /home/***/.local/lib/python3.9/site-packages/***/settings.py:195 DeprecationWarning: The sql_alchemy_conn option in [core] has been moved to the sql_alchemy_conn option in [database] - the old setting has been used, but please update your config.
[2025-08-08T02:26:31.727+0000] {task_command.py:426} INFO - Running <TaskInstance: climate_data.create_folder scheduled__2023-06-12T00:00:00+00:00 [running]> on host 3ceab82043f1
[2025-08-08T02:26:31.783+0000] {taskinstance.py:2648} INFO - Exporting env vars: AIRFLOW_CTX_DAG_OWNER='***' AIRFLOW_CTX_DAG_ID='climate_data' AIRFLOW_CTX_TASK_ID='create_folder' AIRFLOW_CTX_EXECUTION_DATE='2023-06-12T00:00:00+00:00' AIRFLOW_CTX_TRY_NUMBER='1' AIRFLOW_CTX_DAG_RUN_ID='scheduled__2023-06-12T00:00:00+00:00'
[2025-08-08T02:26:31.784+0000] {taskinstance.py:430} INFO - ::endgroup::
[2025-08-08T02:26:31.791+0000] {subprocess.py:63} INFO - Tmp dir root location: /tmp
[2025-08-08T02:26:31.792+0000] {subprocess.py:75} INFO - Running command: ['/usr/bin/bash', '-c', 'mkdir -p /home/***/host_documents/week2023-06-19"']
[2025-08-08T02:26:31.799+0000] {subprocess.py:86} INFO - Output:
[2025-08-08T02:26:31.800+0000] {subprocess.py:93} INFO - /usr/bin/bash: -c: line 1: unexpected EOF while looking for matching `"'
[2025-08-08T02:26:31.801+0000] {subprocess.py:97} INFO - Command exited with return code 2
[2025-08-08T02:26:31.801+0000] {taskinstance.py:441} INFO - ::group::Post task execution logs
[2025-08-08T02:26:31.808+0000] {taskinstance.py:2905} ERROR - Task failed with exception
Traceback (most recent call last):
  File "/home/airflow/.local/lib/python3.9/site-packages/airflow/models/taskinstance.py", line 465, in _execute_task
    result = _execute_callable(context=context, **execute_callable_kwargs)
  File "/home/airflow/.local/lib/python3.9/site-packages/airflow/models/taskinstance.py", line 432, in _execute_callable
    return execute_callable(context=context, **execute_callable_kwargs)
  File "/home/airflow/.local/lib/python3.9/site-packages/airflow/models/baseoperator.py", line 400, in wrapper
    return func(self, *args, **kwargs)
  File "/home/airflow/.local/lib/python3.9/site-packages/airflow/operators/bash.py", line 243, in execute
    raise AirflowException(
airflow.exceptions.AirflowException: Bash command failed. The command returned a non-zero exit code 2.
[2025-08-08T02:26:31.811+0000] {taskinstance.py:1206} INFO - Marking task as FAILED. dag_id=climate_data, task_id=create_folder, run_id=scheduled__2023-06-12T00:00:00+00:00, execution_date=20230612T000000, start_date=20250808T022631, end_date=20250808T022631
[2025-08-08T02:26:31.819+0000] {standard_task_runner.py:110} ERROR - Failed to execute job 71 for task create_folder (Bash command failed. The command returned a non-zero exit code 2.; 384)
[2025-08-08T02:26:31.854+0000] {local_task_job_runner.py:240} INFO - Task exited with return code 1
[2025-08-08T02:26:31.868+0000] {taskinstance.py:3498} INFO - 0 downstream tasks scheduled from follow-on schedule check
[2025-08-08T02:26:31.871+0000] {local_task_job_runner.py:222} INFO - ::endgroup::
[2025-08-08T02:34:48.754+0000] {local_task_job_runner.py:120} INFO - ::group::Pre task execution logs
[2025-08-08T02:34:48.773+0000] {taskinstance.py:2076} INFO - Dependencies all met for dep_context=non-requeueable deps ti=<TaskInstance: climate_data.create_folder scheduled__2023-06-12T00:00:00+00:00 [queued]>
[2025-08-08T02:34:48.783+0000] {taskinstance.py:2076} INFO - Dependencies all met for dep_context=requeueable deps ti=<TaskInstance: climate_data.create_folder scheduled__2023-06-12T00:00:00+00:00 [queued]>
[2025-08-08T02:34:48.784+0000] {taskinstance.py:2306} INFO - Starting attempt 1 of 1
[2025-08-08T02:34:48.793+0000] {taskinstance.py:2330} INFO - Executing <Task(BashOperator): create_folder> on 2023-06-12 00:00:00+00:00
[2025-08-08T02:34:48.798+0000] {standard_task_runner.py:63} INFO - Started process 417 to run task
[2025-08-08T02:34:48.800+0000] {standard_task_runner.py:90} INFO - Running: ['***', 'tasks', 'run', 'climate_data', 'create_folder', 'scheduled__2023-06-12T00:00:00+00:00', '--job-id', '226', '--raw', '--subdir', 'DAGS_FOLDER/climate_data.py', '--cfg-path', '/tmp/tmptnshonwq']
[2025-08-08T02:34:48.802+0000] {standard_task_runner.py:91} INFO - Job 226: Subtask create_folder
[2025-08-08T02:34:48.814+0000] {logging_mixin.py:188} WARNING - /home/***/.local/lib/python3.9/site-packages/***/settings.py:195 DeprecationWarning: The sql_alchemy_conn option in [core] has been moved to the sql_alchemy_conn option in [database] - the old setting has been used, but please update your config.
[2025-08-08T02:34:48.850+0000] {task_command.py:426} INFO - Running <TaskInstance: climate_data.create_folder scheduled__2023-06-12T00:00:00+00:00 [running]> on host 1a6f5acf67f4
[2025-08-08T02:34:48.906+0000] {taskinstance.py:2648} INFO - Exporting env vars: AIRFLOW_CTX_DAG_OWNER='***' AIRFLOW_CTX_DAG_ID='climate_data' AIRFLOW_CTX_TASK_ID='create_folder' AIRFLOW_CTX_EXECUTION_DATE='2023-06-12T00:00:00+00:00' AIRFLOW_CTX_TRY_NUMBER='1' AIRFLOW_CTX_DAG_RUN_ID='scheduled__2023-06-12T00:00:00+00:00'
[2025-08-08T02:34:48.907+0000] {taskinstance.py:430} INFO - ::endgroup::
[2025-08-08T02:34:48.915+0000] {subprocess.py:63} INFO - Tmp dir root location: /tmp
[2025-08-08T02:34:48.916+0000] {subprocess.py:75} INFO - Running command: ['/usr/bin/bash', '-c', 'mkdir -p /home/***/host_documents/week2023-06-19"']
[2025-08-08T02:34:48.923+0000] {subprocess.py:86} INFO - Output:
[2025-08-08T02:34:48.924+0000] {subprocess.py:93} INFO - /usr/bin/bash: -c: line 1: unexpected EOF while looking for matching `"'
[2025-08-08T02:34:48.925+0000] {subprocess.py:97} INFO - Command exited with return code 2
[2025-08-08T02:34:48.925+0000] {taskinstance.py:441} INFO - ::group::Post task execution logs
[2025-08-08T02:34:48.932+0000] {taskinstance.py:2905} ERROR - Task failed with exception
Traceback (most recent call last):
  File "/home/airflow/.local/lib/python3.9/site-packages/airflow/models/taskinstance.py", line 465, in _execute_task
    result = _execute_callable(context=context, **execute_callable_kwargs)
  File "/home/airflow/.local/lib/python3.9/site-packages/airflow/models/taskinstance.py", line 432, in _execute_callable
    return execute_callable(context=context, **execute_callable_kwargs)
  File "/home/airflow/.local/lib/python3.9/site-packages/airflow/models/baseoperator.py", line 400, in wrapper
    return func(self, *args, **kwargs)
  File "/home/airflow/.local/lib/python3.9/site-packages/airflow/operators/bash.py", line 243, in execute
    raise AirflowException(
airflow.exceptions.AirflowException: Bash command failed. The command returned a non-zero exit code 2.
[2025-08-08T02:34:48.934+0000] {taskinstance.py:1206} INFO - Marking task as FAILED. dag_id=climate_data, task_id=create_folder, run_id=scheduled__2023-06-12T00:00:00+00:00, execution_date=20230612T000000, start_date=20250808T023448, end_date=20250808T023448
[2025-08-08T02:34:48.941+0000] {standard_task_runner.py:110} ERROR - Failed to execute job 226 for task create_folder (Bash command failed. The command returned a non-zero exit code 2.; 417)
[2025-08-08T02:34:48.972+0000] {local_task_job_runner.py:240} INFO - Task exited with return code 1
[2025-08-08T02:34:48.986+0000] {taskinstance.py:3498} INFO - 0 downstream tasks scheduled from follow-on schedule check
[2025-08-08T02:34:48.989+0000] {local_task_job_runner.py:222} INFO - ::endgroup::
[2025-08-08T02:39:24.486+0000] {local_task_job_runner.py:120} INFO - ::group::Pre task execution logs
[2025-08-08T02:39:24.510+0000] {taskinstance.py:2076} INFO - Dependencies all met for dep_context=non-requeueable deps ti=<TaskInstance: climate_data.create_folder scheduled__2023-06-12T00:00:00+00:00 [queued]>
[2025-08-08T02:39:24.520+0000] {taskinstance.py:2076} INFO - Dependencies all met for dep_context=requeueable deps ti=<TaskInstance: climate_data.create_folder scheduled__2023-06-12T00:00:00+00:00 [queued]>
[2025-08-08T02:39:24.521+0000] {taskinstance.py:2306} INFO - Starting attempt 1 of 1
[2025-08-08T02:39:24.535+0000] {taskinstance.py:2330} INFO - Executing <Task(BashOperator): create_folder> on 2023-06-12 00:00:00+00:00
[2025-08-08T02:39:24.541+0000] {standard_task_runner.py:63} INFO - Started process 1303 to run task
[2025-08-08T02:39:24.544+0000] {standard_task_runner.py:90} INFO - Running: ['***', 'tasks', 'run', 'climate_data', 'create_folder', 'scheduled__2023-06-12T00:00:00+00:00', '--job-id', '416', '--raw', '--subdir', 'DAGS_FOLDER/climate_data.py', '--cfg-path', '/tmp/tmpt7g68oni']
[2025-08-08T02:39:24.547+0000] {standard_task_runner.py:91} INFO - Job 416: Subtask create_folder
[2025-08-08T02:39:24.563+0000] {logging_mixin.py:188} WARNING - /home/***/.local/lib/python3.9/site-packages/***/settings.py:195 DeprecationWarning: The sql_alchemy_conn option in [core] has been moved to the sql_alchemy_conn option in [database] - the old setting has been used, but please update your config.
[2025-08-08T02:39:24.611+0000] {task_command.py:426} INFO - Running <TaskInstance: climate_data.create_folder scheduled__2023-06-12T00:00:00+00:00 [running]> on host 1a6f5acf67f4
[2025-08-08T02:39:24.705+0000] {taskinstance.py:2648} INFO - Exporting env vars: AIRFLOW_CTX_DAG_OWNER='***' AIRFLOW_CTX_DAG_ID='climate_data' AIRFLOW_CTX_TASK_ID='create_folder' AIRFLOW_CTX_EXECUTION_DATE='2023-06-12T00:00:00+00:00' AIRFLOW_CTX_TRY_NUMBER='1' AIRFLOW_CTX_DAG_RUN_ID='scheduled__2023-06-12T00:00:00+00:00'
[2025-08-08T02:39:24.706+0000] {taskinstance.py:430} INFO - ::endgroup::
[2025-08-08T02:39:24.718+0000] {subprocess.py:63} INFO - Tmp dir root location: /tmp
[2025-08-08T02:39:24.719+0000] {subprocess.py:75} INFO - Running command: ['/usr/bin/bash', '-c', 'mkdir -p /home/***/host_documents/week2023-06-19']
[2025-08-08T02:39:24.730+0000] {subprocess.py:86} INFO - Output:
[2025-08-08T02:39:24.734+0000] {subprocess.py:97} INFO - Command exited with return code 0
[2025-08-08T02:39:24.734+0000] {taskinstance.py:441} INFO - ::group::Post task execution logs
[2025-08-08T02:39:24.754+0000] {taskinstance.py:1206} INFO - Marking task as SUCCESS. dag_id=climate_data, task_id=create_folder, run_id=scheduled__2023-06-12T00:00:00+00:00, execution_date=20230612T000000, start_date=20250808T023924, end_date=20250808T023924
[2025-08-08T02:39:24.798+0000] {local_task_job_runner.py:240} INFO - Task exited with return code 0
[2025-08-08T02:39:24.819+0000] {taskinstance.py:3498} INFO - 1 downstream tasks scheduled from follow-on schedule check
[2025-08-08T02:39:24.822+0000] {local_task_job_runner.py:222} INFO - ::endgroup::
[2025-08-08T02:42:22.351+0000] {local_task_job_runner.py:120} INFO - ::group::Pre task execution logs
[2025-08-08T02:42:22.376+0000] {taskinstance.py:2076} INFO - Dependencies all met for dep_context=non-requeueable deps ti=<TaskInstance: climate_data.create_folder scheduled__2023-06-12T00:00:00+00:00 [queued]>
[2025-08-08T02:42:22.387+0000] {taskinstance.py:2076} INFO - Dependencies all met for dep_context=requeueable deps ti=<TaskInstance: climate_data.create_folder scheduled__2023-06-12T00:00:00+00:00 [queued]>
[2025-08-08T02:42:22.388+0000] {taskinstance.py:2306} INFO - Starting attempt 1 of 1
[2025-08-08T02:42:22.403+0000] {taskinstance.py:2330} INFO - Executing <Task(BashOperator): create_folder> on 2023-06-12 00:00:00+00:00
[2025-08-08T02:42:22.410+0000] {standard_task_runner.py:63} INFO - Started process 2478 to run task
[2025-08-08T02:42:22.414+0000] {standard_task_runner.py:90} INFO - Running: ['***', 'tasks', 'run', 'climate_data', 'create_folder', 'scheduled__2023-06-12T00:00:00+00:00', '--job-id', '724', '--raw', '--subdir', 'DAGS_FOLDER/climate_data.py', '--cfg-path', '/tmp/tmpwptfln8z']
[2025-08-08T02:42:22.417+0000] {standard_task_runner.py:91} INFO - Job 724: Subtask create_folder
[2025-08-08T02:42:22.433+0000] {logging_mixin.py:188} WARNING - /home/***/.local/lib/python3.9/site-packages/***/settings.py:195 DeprecationWarning: The sql_alchemy_conn option in [core] has been moved to the sql_alchemy_conn option in [database] - the old setting has been used, but please update your config.
[2025-08-08T02:42:22.481+0000] {task_command.py:426} INFO - Running <TaskInstance: climate_data.create_folder scheduled__2023-06-12T00:00:00+00:00 [running]> on host 1a6f5acf67f4
[2025-08-08T02:42:22.556+0000] {taskinstance.py:2648} INFO - Exporting env vars: AIRFLOW_CTX_DAG_OWNER='***' AIRFLOW_CTX_DAG_ID='climate_data' AIRFLOW_CTX_TASK_ID='create_folder' AIRFLOW_CTX_EXECUTION_DATE='2023-06-12T00:00:00+00:00' AIRFLOW_CTX_TRY_NUMBER='1' AIRFLOW_CTX_DAG_RUN_ID='scheduled__2023-06-12T00:00:00+00:00'
[2025-08-08T02:42:22.557+0000] {taskinstance.py:430} INFO - ::endgroup::
[2025-08-08T02:42:22.566+0000] {subprocess.py:63} INFO - Tmp dir root location: /tmp
[2025-08-08T02:42:22.567+0000] {subprocess.py:75} INFO - Running command: ['/usr/bin/bash', '-c', 'mkdir -p "/home/***/host_documents/week2023-06-19"']
[2025-08-08T02:42:22.577+0000] {subprocess.py:86} INFO - Output:
[2025-08-08T02:42:22.582+0000] {subprocess.py:97} INFO - Command exited with return code 0
[2025-08-08T02:42:22.582+0000] {taskinstance.py:441} INFO - ::group::Post task execution logs
[2025-08-08T02:42:22.605+0000] {taskinstance.py:1206} INFO - Marking task as SUCCESS. dag_id=climate_data, task_id=create_folder, run_id=scheduled__2023-06-12T00:00:00+00:00, execution_date=20230612T000000, start_date=20250808T024222, end_date=20250808T024222
[2025-08-08T02:42:22.707+0000] {local_task_job_runner.py:240} INFO - Task exited with return code 0
[2025-08-08T02:42:22.719+0000] {local_task_job_runner.py:222} INFO - ::endgroup::
