[2025-08-08T02:26:43.934+0000] {local_task_job_runner.py:120} INFO - ::group::Pre task execution logs
[2025-08-08T02:26:43.960+0000] {taskinstance.py:2076} INFO - Dependencies all met for dep_context=non-requeueable deps ti=<TaskInstance: climate_data.create_folder scheduled__2024-03-04T00:00:00+00:00 [queued]>
[2025-08-08T02:26:43.969+0000] {taskinstance.py:2076} INFO - Dependencies all met for dep_context=requeueable deps ti=<TaskInstance: climate_data.create_folder scheduled__2024-03-04T00:00:00+00:00 [queued]>
[2025-08-08T02:26:43.970+0000] {taskinstance.py:2306} INFO - Starting attempt 1 of 1
[2025-08-08T02:26:44.049+0000] {taskinstance.py:2330} INFO - Executing <Task(BashOperator): create_folder> on 2024-03-04 00:00:00+00:00
[2025-08-08T02:26:44.054+0000] {standard_task_runner.py:63} INFO - Started process 558 to run task
[2025-08-08T02:26:44.057+0000] {standard_task_runner.py:90} INFO - Running: ['***', 'tasks', 'run', 'climate_data', 'create_folder', 'scheduled__2024-03-04T00:00:00+00:00', '--job-id', '109', '--raw', '--subdir', 'DAGS_FOLDER/climate_data.py', '--cfg-path', '/tmp/tmpacf2_zdy']
[2025-08-08T02:26:44.059+0000] {standard_task_runner.py:91} INFO - Job 109: Subtask create_folder
[2025-08-08T02:26:44.073+0000] {logging_mixin.py:188} WARNING - /home/***/.local/lib/python3.9/site-packages/***/settings.py:195 DeprecationWarning: The sql_alchemy_conn option in [core] has been moved to the sql_alchemy_conn option in [database] - the old setting has been used, but please update your config.
[2025-08-08T02:26:44.115+0000] {task_command.py:426} INFO - Running <TaskInstance: climate_data.create_folder scheduled__2024-03-04T00:00:00+00:00 [running]> on host 3ceab82043f1
[2025-08-08T02:26:44.189+0000] {taskinstance.py:2648} INFO - Exporting env vars: AIRFLOW_CTX_DAG_OWNER='***' AIRFLOW_CTX_DAG_ID='climate_data' AIRFLOW_CTX_TASK_ID='create_folder' AIRFLOW_CTX_EXECUTION_DATE='2024-03-04T00:00:00+00:00' AIRFLOW_CTX_TRY_NUMBER='1' AIRFLOW_CTX_DAG_RUN_ID='scheduled__2024-03-04T00:00:00+00:00'
[2025-08-08T02:26:44.191+0000] {taskinstance.py:430} INFO - ::endgroup::
[2025-08-08T02:26:44.204+0000] {subprocess.py:63} INFO - Tmp dir root location: /tmp
[2025-08-08T02:26:44.207+0000] {subprocess.py:75} INFO - Running command: ['/usr/bin/bash', '-c', 'mkdir -p /home/***/host_documents/week2024-03-11"']
[2025-08-08T02:26:44.223+0000] {subprocess.py:86} INFO - Output:
[2025-08-08T02:26:44.224+0000] {subprocess.py:93} INFO - /usr/bin/bash: -c: line 1: unexpected EOF while looking for matching `"'
[2025-08-08T02:26:44.225+0000] {subprocess.py:97} INFO - Command exited with return code 2
[2025-08-08T02:26:44.226+0000] {taskinstance.py:441} INFO - ::group::Post task execution logs
[2025-08-08T02:26:44.238+0000] {taskinstance.py:2905} ERROR - Task failed with exception
Traceback (most recent call last):
  File "/home/airflow/.local/lib/python3.9/site-packages/airflow/models/taskinstance.py", line 465, in _execute_task
    result = _execute_callable(context=context, **execute_callable_kwargs)
  File "/home/airflow/.local/lib/python3.9/site-packages/airflow/models/taskinstance.py", line 432, in _execute_callable
    return execute_callable(context=context, **execute_callable_kwargs)
  File "/home/airflow/.local/lib/python3.9/site-packages/airflow/models/baseoperator.py", line 400, in wrapper
    return func(self, *args, **kwargs)
  File "/home/airflow/.local/lib/python3.9/site-packages/airflow/operators/bash.py", line 243, in execute
    raise AirflowException(
airflow.exceptions.AirflowException: Bash command failed. The command returned a non-zero exit code 2.
[2025-08-08T02:26:44.242+0000] {taskinstance.py:1206} INFO - Marking task as FAILED. dag_id=climate_data, task_id=create_folder, run_id=scheduled__2024-03-04T00:00:00+00:00, execution_date=20240304T000000, start_date=20250808T022643, end_date=20250808T022644
[2025-08-08T02:26:44.280+0000] {standard_task_runner.py:110} ERROR - Failed to execute job 109 for task create_folder (Bash command failed. The command returned a non-zero exit code 2.; 558)
[2025-08-08T02:26:44.312+0000] {local_task_job_runner.py:240} INFO - Task exited with return code 1
[2025-08-08T02:26:44.331+0000] {taskinstance.py:3498} INFO - 0 downstream tasks scheduled from follow-on schedule check
[2025-08-08T02:26:44.334+0000] {local_task_job_runner.py:222} INFO - ::endgroup::
[2025-08-08T02:35:04.569+0000] {local_task_job_runner.py:120} INFO - ::group::Pre task execution logs
[2025-08-08T02:35:04.590+0000] {taskinstance.py:2076} INFO - Dependencies all met for dep_context=non-requeueable deps ti=<TaskInstance: climate_data.create_folder scheduled__2024-03-04T00:00:00+00:00 [queued]>
[2025-08-08T02:35:04.598+0000] {taskinstance.py:2076} INFO - Dependencies all met for dep_context=requeueable deps ti=<TaskInstance: climate_data.create_folder scheduled__2024-03-04T00:00:00+00:00 [queued]>
[2025-08-08T02:35:04.599+0000] {taskinstance.py:2306} INFO - Starting attempt 1 of 1
[2025-08-08T02:35:04.638+0000] {taskinstance.py:2330} INFO - Executing <Task(BashOperator): create_folder> on 2024-03-04 00:00:00+00:00
[2025-08-08T02:35:04.642+0000] {standard_task_runner.py:63} INFO - Started process 593 to run task
[2025-08-08T02:35:04.645+0000] {standard_task_runner.py:90} INFO - Running: ['***', 'tasks', 'run', 'climate_data', 'create_folder', 'scheduled__2024-03-04T00:00:00+00:00', '--job-id', '265', '--raw', '--subdir', 'DAGS_FOLDER/climate_data.py', '--cfg-path', '/tmp/tmp4tox83fc']
[2025-08-08T02:35:04.647+0000] {standard_task_runner.py:91} INFO - Job 265: Subtask create_folder
[2025-08-08T02:35:04.660+0000] {logging_mixin.py:188} WARNING - /home/***/.local/lib/python3.9/site-packages/***/settings.py:195 DeprecationWarning: The sql_alchemy_conn option in [core] has been moved to the sql_alchemy_conn option in [database] - the old setting has been used, but please update your config.
[2025-08-08T02:35:04.703+0000] {task_command.py:426} INFO - Running <TaskInstance: climate_data.create_folder scheduled__2024-03-04T00:00:00+00:00 [running]> on host 1a6f5acf67f4
[2025-08-08T02:35:04.777+0000] {taskinstance.py:2648} INFO - Exporting env vars: AIRFLOW_CTX_DAG_OWNER='***' AIRFLOW_CTX_DAG_ID='climate_data' AIRFLOW_CTX_TASK_ID='create_folder' AIRFLOW_CTX_EXECUTION_DATE='2024-03-04T00:00:00+00:00' AIRFLOW_CTX_TRY_NUMBER='1' AIRFLOW_CTX_DAG_RUN_ID='scheduled__2024-03-04T00:00:00+00:00'
[2025-08-08T02:35:04.777+0000] {taskinstance.py:430} INFO - ::endgroup::
[2025-08-08T02:35:04.787+0000] {subprocess.py:63} INFO - Tmp dir root location: /tmp
[2025-08-08T02:35:04.788+0000] {subprocess.py:75} INFO - Running command: ['/usr/bin/bash', '-c', 'mkdir -p /home/***/host_documents/week2024-03-11"']
[2025-08-08T02:35:04.796+0000] {subprocess.py:86} INFO - Output:
[2025-08-08T02:35:04.797+0000] {subprocess.py:93} INFO - /usr/bin/bash: -c: line 1: unexpected EOF while looking for matching `"'
[2025-08-08T02:35:04.798+0000] {subprocess.py:97} INFO - Command exited with return code 2
[2025-08-08T02:35:04.799+0000] {taskinstance.py:441} INFO - ::group::Post task execution logs
[2025-08-08T02:35:04.809+0000] {taskinstance.py:2905} ERROR - Task failed with exception
Traceback (most recent call last):
  File "/home/airflow/.local/lib/python3.9/site-packages/airflow/models/taskinstance.py", line 465, in _execute_task
    result = _execute_callable(context=context, **execute_callable_kwargs)
  File "/home/airflow/.local/lib/python3.9/site-packages/airflow/models/taskinstance.py", line 432, in _execute_callable
    return execute_callable(context=context, **execute_callable_kwargs)
  File "/home/airflow/.local/lib/python3.9/site-packages/airflow/models/baseoperator.py", line 400, in wrapper
    return func(self, *args, **kwargs)
  File "/home/airflow/.local/lib/python3.9/site-packages/airflow/operators/bash.py", line 243, in execute
    raise AirflowException(
airflow.exceptions.AirflowException: Bash command failed. The command returned a non-zero exit code 2.
[2025-08-08T02:35:04.812+0000] {taskinstance.py:1206} INFO - Marking task as FAILED. dag_id=climate_data, task_id=create_folder, run_id=scheduled__2024-03-04T00:00:00+00:00, execution_date=20240304T000000, start_date=20250808T023504, end_date=20250808T023504
[2025-08-08T02:35:04.833+0000] {standard_task_runner.py:110} ERROR - Failed to execute job 265 for task create_folder (Bash command failed. The command returned a non-zero exit code 2.; 593)
[2025-08-08T02:35:04.858+0000] {local_task_job_runner.py:240} INFO - Task exited with return code 1
[2025-08-08T02:35:04.875+0000] {taskinstance.py:3498} INFO - 0 downstream tasks scheduled from follow-on schedule check
[2025-08-08T02:35:04.879+0000] {local_task_job_runner.py:222} INFO - ::endgroup::
[2025-08-08T02:39:37.026+0000] {local_task_job_runner.py:120} INFO - ::group::Pre task execution logs
[2025-08-08T02:39:37.044+0000] {taskinstance.py:2076} INFO - Dependencies all met for dep_context=non-requeueable deps ti=<TaskInstance: climate_data.create_folder scheduled__2024-03-04T00:00:00+00:00 [queued]>
[2025-08-08T02:39:37.052+0000] {taskinstance.py:2076} INFO - Dependencies all met for dep_context=requeueable deps ti=<TaskInstance: climate_data.create_folder scheduled__2024-03-04T00:00:00+00:00 [queued]>
[2025-08-08T02:39:37.053+0000] {taskinstance.py:2306} INFO - Starting attempt 1 of 1
[2025-08-08T02:39:37.061+0000] {taskinstance.py:2330} INFO - Executing <Task(BashOperator): create_folder> on 2024-03-04 00:00:00+00:00
[2025-08-08T02:39:37.065+0000] {standard_task_runner.py:63} INFO - Started process 1598 to run task
[2025-08-08T02:39:37.068+0000] {standard_task_runner.py:90} INFO - Running: ['***', 'tasks', 'run', 'climate_data', 'create_folder', 'scheduled__2024-03-04T00:00:00+00:00', '--job-id', '500', '--raw', '--subdir', 'DAGS_FOLDER/climate_data.py', '--cfg-path', '/tmp/tmpdm4g1_z1']
[2025-08-08T02:39:37.070+0000] {standard_task_runner.py:91} INFO - Job 500: Subtask create_folder
[2025-08-08T02:39:37.081+0000] {logging_mixin.py:188} WARNING - /home/***/.local/lib/python3.9/site-packages/***/settings.py:195 DeprecationWarning: The sql_alchemy_conn option in [core] has been moved to the sql_alchemy_conn option in [database] - the old setting has been used, but please update your config.
[2025-08-08T02:39:37.117+0000] {task_command.py:426} INFO - Running <TaskInstance: climate_data.create_folder scheduled__2024-03-04T00:00:00+00:00 [running]> on host 1a6f5acf67f4
[2025-08-08T02:39:37.173+0000] {taskinstance.py:2648} INFO - Exporting env vars: AIRFLOW_CTX_DAG_OWNER='***' AIRFLOW_CTX_DAG_ID='climate_data' AIRFLOW_CTX_TASK_ID='create_folder' AIRFLOW_CTX_EXECUTION_DATE='2024-03-04T00:00:00+00:00' AIRFLOW_CTX_TRY_NUMBER='1' AIRFLOW_CTX_DAG_RUN_ID='scheduled__2024-03-04T00:00:00+00:00'
[2025-08-08T02:39:37.174+0000] {taskinstance.py:430} INFO - ::endgroup::
[2025-08-08T02:39:37.181+0000] {subprocess.py:63} INFO - Tmp dir root location: /tmp
[2025-08-08T02:39:37.182+0000] {subprocess.py:75} INFO - Running command: ['/usr/bin/bash', '-c', 'mkdir -p /home/***/host_documents/week2024-03-11']
[2025-08-08T02:39:37.189+0000] {subprocess.py:86} INFO - Output:
[2025-08-08T02:39:37.193+0000] {subprocess.py:97} INFO - Command exited with return code 0
[2025-08-08T02:39:37.194+0000] {taskinstance.py:441} INFO - ::group::Post task execution logs
[2025-08-08T02:39:37.210+0000] {taskinstance.py:1206} INFO - Marking task as SUCCESS. dag_id=climate_data, task_id=create_folder, run_id=scheduled__2024-03-04T00:00:00+00:00, execution_date=20240304T000000, start_date=20250808T023937, end_date=20250808T023937
[2025-08-08T02:39:37.240+0000] {local_task_job_runner.py:240} INFO - Task exited with return code 0
[2025-08-08T02:39:37.254+0000] {taskinstance.py:3498} INFO - 1 downstream tasks scheduled from follow-on schedule check
[2025-08-08T02:39:37.255+0000] {local_task_job_runner.py:222} INFO - ::endgroup::
[2025-08-08T02:42:38.629+0000] {local_task_job_runner.py:120} INFO - ::group::Pre task execution logs
[2025-08-08T02:42:38.649+0000] {taskinstance.py:2076} INFO - Dependencies all met for dep_context=non-requeueable deps ti=<TaskInstance: climate_data.create_folder scheduled__2024-03-04T00:00:00+00:00 [queued]>
[2025-08-08T02:42:38.657+0000] {taskinstance.py:2076} INFO - Dependencies all met for dep_context=requeueable deps ti=<TaskInstance: climate_data.create_folder scheduled__2024-03-04T00:00:00+00:00 [queued]>
[2025-08-08T02:42:38.657+0000] {taskinstance.py:2306} INFO - Starting attempt 1 of 1
[2025-08-08T02:42:38.691+0000] {taskinstance.py:2330} INFO - Executing <Task(BashOperator): create_folder> on 2024-03-04 00:00:00+00:00
[2025-08-08T02:42:38.695+0000] {standard_task_runner.py:63} INFO - Started process 2780 to run task
[2025-08-08T02:42:38.697+0000] {standard_task_runner.py:90} INFO - Running: ['***', 'tasks', 'run', 'climate_data', 'create_folder', 'scheduled__2024-03-04T00:00:00+00:00', '--job-id', '808', '--raw', '--subdir', 'DAGS_FOLDER/climate_data.py', '--cfg-path', '/tmp/tmpeqtfuobv']
[2025-08-08T02:42:38.700+0000] {standard_task_runner.py:91} INFO - Job 808: Subtask create_folder
[2025-08-08T02:42:38.713+0000] {logging_mixin.py:188} WARNING - /home/***/.local/lib/python3.9/site-packages/***/settings.py:195 DeprecationWarning: The sql_alchemy_conn option in [core] has been moved to the sql_alchemy_conn option in [database] - the old setting has been used, but please update your config.
[2025-08-08T02:42:38.755+0000] {task_command.py:426} INFO - Running <TaskInstance: climate_data.create_folder scheduled__2024-03-04T00:00:00+00:00 [running]> on host 1a6f5acf67f4
[2025-08-08T02:42:38.828+0000] {taskinstance.py:2648} INFO - Exporting env vars: AIRFLOW_CTX_DAG_OWNER='***' AIRFLOW_CTX_DAG_ID='climate_data' AIRFLOW_CTX_TASK_ID='create_folder' AIRFLOW_CTX_EXECUTION_DATE='2024-03-04T00:00:00+00:00' AIRFLOW_CTX_TRY_NUMBER='1' AIRFLOW_CTX_DAG_RUN_ID='scheduled__2024-03-04T00:00:00+00:00'
[2025-08-08T02:42:38.829+0000] {taskinstance.py:430} INFO - ::endgroup::
[2025-08-08T02:42:38.836+0000] {subprocess.py:63} INFO - Tmp dir root location: /tmp
[2025-08-08T02:42:38.837+0000] {subprocess.py:75} INFO - Running command: ['/usr/bin/bash', '-c', 'mkdir -p "/home/***/host_documents/week2024-03-11"']
[2025-08-08T02:42:38.845+0000] {subprocess.py:86} INFO - Output:
[2025-08-08T02:42:38.849+0000] {subprocess.py:97} INFO - Command exited with return code 0
[2025-08-08T02:42:38.850+0000] {taskinstance.py:441} INFO - ::group::Post task execution logs
[2025-08-08T02:42:38.872+0000] {taskinstance.py:1206} INFO - Marking task as SUCCESS. dag_id=climate_data, task_id=create_folder, run_id=scheduled__2024-03-04T00:00:00+00:00, execution_date=20240304T000000, start_date=20250808T024238, end_date=20250808T024238
[2025-08-08T02:42:38.914+0000] {local_task_job_runner.py:240} INFO - Task exited with return code 0
[2025-08-08T02:42:38.932+0000] {taskinstance.py:3498} INFO - 1 downstream tasks scheduled from follow-on schedule check
[2025-08-08T02:42:38.934+0000] {local_task_job_runner.py:222} INFO - ::endgroup::
