[2025-08-08T02:26:43.688+0000] {local_task_job_runner.py:120} INFO - ::group::Pre task execution logs
[2025-08-08T02:26:43.708+0000] {taskinstance.py:2076} INFO - Dependencies all met for dep_context=non-requeueable deps ti=<TaskInstance: climate_data.create_folder scheduled__2024-02-05T00:00:00+00:00 [queued]>
[2025-08-08T02:26:43.715+0000] {taskinstance.py:2076} INFO - Dependencies all met for dep_context=requeueable deps ti=<TaskInstance: climate_data.create_folder scheduled__2024-02-05T00:00:00+00:00 [queued]>
[2025-08-08T02:26:43.716+0000] {taskinstance.py:2306} INFO - Starting attempt 1 of 1
[2025-08-08T02:26:43.749+0000] {taskinstance.py:2330} INFO - Executing <Task(BashOperator): create_folder> on 2024-02-05 00:00:00+00:00
[2025-08-08T02:26:43.755+0000] {standard_task_runner.py:63} INFO - Started process 545 to run task
[2025-08-08T02:26:43.757+0000] {standard_task_runner.py:90} INFO - Running: ['***', 'tasks', 'run', 'climate_data', 'create_folder', 'scheduled__2024-02-05T00:00:00+00:00', '--job-id', '105', '--raw', '--subdir', 'DAGS_FOLDER/climate_data.py', '--cfg-path', '/tmp/tmpcmeoecjs']
[2025-08-08T02:26:43.762+0000] {standard_task_runner.py:91} INFO - Job 105: Subtask create_folder
[2025-08-08T02:26:43.776+0000] {logging_mixin.py:188} WARNING - /home/***/.local/lib/python3.9/site-packages/***/settings.py:195 DeprecationWarning: The sql_alchemy_conn option in [core] has been moved to the sql_alchemy_conn option in [database] - the old setting has been used, but please update your config.
[2025-08-08T02:26:43.816+0000] {task_command.py:426} INFO - Running <TaskInstance: climate_data.create_folder scheduled__2024-02-05T00:00:00+00:00 [running]> on host 3ceab82043f1
[2025-08-08T02:26:43.886+0000] {taskinstance.py:2648} INFO - Exporting env vars: AIRFLOW_CTX_DAG_OWNER='***' AIRFLOW_CTX_DAG_ID='climate_data' AIRFLOW_CTX_TASK_ID='create_folder' AIRFLOW_CTX_EXECUTION_DATE='2024-02-05T00:00:00+00:00' AIRFLOW_CTX_TRY_NUMBER='1' AIRFLOW_CTX_DAG_RUN_ID='scheduled__2024-02-05T00:00:00+00:00'
[2025-08-08T02:26:43.887+0000] {taskinstance.py:430} INFO - ::endgroup::
[2025-08-08T02:26:43.898+0000] {subprocess.py:63} INFO - Tmp dir root location: /tmp
[2025-08-08T02:26:43.899+0000] {subprocess.py:75} INFO - Running command: ['/usr/bin/bash', '-c', 'mkdir -p /home/***/host_documents/week2024-02-12"']
[2025-08-08T02:26:43.908+0000] {subprocess.py:86} INFO - Output:
[2025-08-08T02:26:43.909+0000] {subprocess.py:93} INFO - /usr/bin/bash: -c: line 1: unexpected EOF while looking for matching `"'
[2025-08-08T02:26:43.910+0000] {subprocess.py:97} INFO - Command exited with return code 2
[2025-08-08T02:26:43.913+0000] {taskinstance.py:441} INFO - ::group::Post task execution logs
[2025-08-08T02:26:43.922+0000] {taskinstance.py:2905} ERROR - Task failed with exception
Traceback (most recent call last):
  File "/home/airflow/.local/lib/python3.9/site-packages/airflow/models/taskinstance.py", line 465, in _execute_task
    result = _execute_callable(context=context, **execute_callable_kwargs)
  File "/home/airflow/.local/lib/python3.9/site-packages/airflow/models/taskinstance.py", line 432, in _execute_callable
    return execute_callable(context=context, **execute_callable_kwargs)
  File "/home/airflow/.local/lib/python3.9/site-packages/airflow/models/baseoperator.py", line 400, in wrapper
    return func(self, *args, **kwargs)
  File "/home/airflow/.local/lib/python3.9/site-packages/airflow/operators/bash.py", line 243, in execute
    raise AirflowException(
airflow.exceptions.AirflowException: Bash command failed. The command returned a non-zero exit code 2.
[2025-08-08T02:26:43.925+0000] {taskinstance.py:1206} INFO - Marking task as FAILED. dag_id=climate_data, task_id=create_folder, run_id=scheduled__2024-02-05T00:00:00+00:00, execution_date=20240205T000000, start_date=20250808T022643, end_date=20250808T022643
[2025-08-08T02:26:43.939+0000] {standard_task_runner.py:110} ERROR - Failed to execute job 105 for task create_folder (Bash command failed. The command returned a non-zero exit code 2.; 545)
[2025-08-08T02:26:43.969+0000] {local_task_job_runner.py:240} INFO - Task exited with return code 1
[2025-08-08T02:26:43.981+0000] {local_task_job_runner.py:222} INFO - ::endgroup::
[2025-08-08T02:35:02.239+0000] {local_task_job_runner.py:120} INFO - ::group::Pre task execution logs
[2025-08-08T02:35:02.257+0000] {taskinstance.py:2076} INFO - Dependencies all met for dep_context=non-requeueable deps ti=<TaskInstance: climate_data.create_folder scheduled__2024-02-05T00:00:00+00:00 [queued]>
[2025-08-08T02:35:02.263+0000] {taskinstance.py:2076} INFO - Dependencies all met for dep_context=requeueable deps ti=<TaskInstance: climate_data.create_folder scheduled__2024-02-05T00:00:00+00:00 [queued]>
[2025-08-08T02:35:02.263+0000] {taskinstance.py:2306} INFO - Starting attempt 1 of 1
[2025-08-08T02:35:02.271+0000] {taskinstance.py:2330} INFO - Executing <Task(BashOperator): create_folder> on 2024-02-05 00:00:00+00:00
[2025-08-08T02:35:02.275+0000] {standard_task_runner.py:63} INFO - Started process 569 to run task
[2025-08-08T02:35:02.278+0000] {standard_task_runner.py:90} INFO - Running: ['***', 'tasks', 'run', 'climate_data', 'create_folder', 'scheduled__2024-02-05T00:00:00+00:00', '--job-id', '261', '--raw', '--subdir', 'DAGS_FOLDER/climate_data.py', '--cfg-path', '/tmp/tmprtugew16']
[2025-08-08T02:35:02.280+0000] {standard_task_runner.py:91} INFO - Job 261: Subtask create_folder
[2025-08-08T02:35:02.291+0000] {logging_mixin.py:188} WARNING - /home/***/.local/lib/python3.9/site-packages/***/settings.py:195 DeprecationWarning: The sql_alchemy_conn option in [core] has been moved to the sql_alchemy_conn option in [database] - the old setting has been used, but please update your config.
[2025-08-08T02:35:02.325+0000] {task_command.py:426} INFO - Running <TaskInstance: climate_data.create_folder scheduled__2024-02-05T00:00:00+00:00 [running]> on host 1a6f5acf67f4
[2025-08-08T02:35:02.378+0000] {taskinstance.py:2648} INFO - Exporting env vars: AIRFLOW_CTX_DAG_OWNER='***' AIRFLOW_CTX_DAG_ID='climate_data' AIRFLOW_CTX_TASK_ID='create_folder' AIRFLOW_CTX_EXECUTION_DATE='2024-02-05T00:00:00+00:00' AIRFLOW_CTX_TRY_NUMBER='1' AIRFLOW_CTX_DAG_RUN_ID='scheduled__2024-02-05T00:00:00+00:00'
[2025-08-08T02:35:02.379+0000] {taskinstance.py:430} INFO - ::endgroup::
[2025-08-08T02:35:02.386+0000] {subprocess.py:63} INFO - Tmp dir root location: /tmp
[2025-08-08T02:35:02.387+0000] {subprocess.py:75} INFO - Running command: ['/usr/bin/bash', '-c', 'mkdir -p /home/***/host_documents/week2024-02-12"']
[2025-08-08T02:35:02.394+0000] {subprocess.py:86} INFO - Output:
[2025-08-08T02:35:02.395+0000] {subprocess.py:93} INFO - /usr/bin/bash: -c: line 1: unexpected EOF while looking for matching `"'
[2025-08-08T02:35:02.396+0000] {subprocess.py:97} INFO - Command exited with return code 2
[2025-08-08T02:35:02.397+0000] {taskinstance.py:441} INFO - ::group::Post task execution logs
[2025-08-08T02:35:02.404+0000] {taskinstance.py:2905} ERROR - Task failed with exception
Traceback (most recent call last):
  File "/home/airflow/.local/lib/python3.9/site-packages/airflow/models/taskinstance.py", line 465, in _execute_task
    result = _execute_callable(context=context, **execute_callable_kwargs)
  File "/home/airflow/.local/lib/python3.9/site-packages/airflow/models/taskinstance.py", line 432, in _execute_callable
    return execute_callable(context=context, **execute_callable_kwargs)
  File "/home/airflow/.local/lib/python3.9/site-packages/airflow/models/baseoperator.py", line 400, in wrapper
    return func(self, *args, **kwargs)
  File "/home/airflow/.local/lib/python3.9/site-packages/airflow/operators/bash.py", line 243, in execute
    raise AirflowException(
airflow.exceptions.AirflowException: Bash command failed. The command returned a non-zero exit code 2.
[2025-08-08T02:35:02.407+0000] {taskinstance.py:1206} INFO - Marking task as FAILED. dag_id=climate_data, task_id=create_folder, run_id=scheduled__2024-02-05T00:00:00+00:00, execution_date=20240205T000000, start_date=20250808T023502, end_date=20250808T023502
[2025-08-08T02:35:02.414+0000] {standard_task_runner.py:110} ERROR - Failed to execute job 261 for task create_folder (Bash command failed. The command returned a non-zero exit code 2.; 569)
[2025-08-08T02:35:02.450+0000] {local_task_job_runner.py:240} INFO - Task exited with return code 1
[2025-08-08T02:35:02.457+0000] {local_task_job_runner.py:222} INFO - ::endgroup::
[2025-08-08T02:39:35.831+0000] {local_task_job_runner.py:120} INFO - ::group::Pre task execution logs
[2025-08-08T02:39:35.853+0000] {taskinstance.py:2076} INFO - Dependencies all met for dep_context=non-requeueable deps ti=<TaskInstance: climate_data.create_folder scheduled__2024-02-05T00:00:00+00:00 [queued]>
[2025-08-08T02:39:35.862+0000] {taskinstance.py:2076} INFO - Dependencies all met for dep_context=requeueable deps ti=<TaskInstance: climate_data.create_folder scheduled__2024-02-05T00:00:00+00:00 [queued]>
[2025-08-08T02:39:35.862+0000] {taskinstance.py:2306} INFO - Starting attempt 1 of 1
[2025-08-08T02:39:35.875+0000] {taskinstance.py:2330} INFO - Executing <Task(BashOperator): create_folder> on 2024-02-05 00:00:00+00:00
[2025-08-08T02:39:35.881+0000] {standard_task_runner.py:63} INFO - Started process 1552 to run task
[2025-08-08T02:39:35.884+0000] {standard_task_runner.py:90} INFO - Running: ['***', 'tasks', 'run', 'climate_data', 'create_folder', 'scheduled__2024-02-05T00:00:00+00:00', '--job-id', '484', '--raw', '--subdir', 'DAGS_FOLDER/climate_data.py', '--cfg-path', '/tmp/tmpvt0c7t24']
[2025-08-08T02:39:35.886+0000] {standard_task_runner.py:91} INFO - Job 484: Subtask create_folder
[2025-08-08T02:39:35.901+0000] {logging_mixin.py:188} WARNING - /home/***/.local/lib/python3.9/site-packages/***/settings.py:195 DeprecationWarning: The sql_alchemy_conn option in [core] has been moved to the sql_alchemy_conn option in [database] - the old setting has been used, but please update your config.
[2025-08-08T02:39:35.957+0000] {task_command.py:426} INFO - Running <TaskInstance: climate_data.create_folder scheduled__2024-02-05T00:00:00+00:00 [running]> on host 1a6f5acf67f4
[2025-08-08T02:39:36.039+0000] {taskinstance.py:2648} INFO - Exporting env vars: AIRFLOW_CTX_DAG_OWNER='***' AIRFLOW_CTX_DAG_ID='climate_data' AIRFLOW_CTX_TASK_ID='create_folder' AIRFLOW_CTX_EXECUTION_DATE='2024-02-05T00:00:00+00:00' AIRFLOW_CTX_TRY_NUMBER='1' AIRFLOW_CTX_DAG_RUN_ID='scheduled__2024-02-05T00:00:00+00:00'
[2025-08-08T02:39:36.041+0000] {taskinstance.py:430} INFO - ::endgroup::
[2025-08-08T02:39:36.051+0000] {subprocess.py:63} INFO - Tmp dir root location: /tmp
[2025-08-08T02:39:36.052+0000] {subprocess.py:75} INFO - Running command: ['/usr/bin/bash', '-c', 'mkdir -p /home/***/host_documents/week2024-02-12']
[2025-08-08T02:39:36.062+0000] {subprocess.py:86} INFO - Output:
[2025-08-08T02:39:36.067+0000] {subprocess.py:97} INFO - Command exited with return code 0
[2025-08-08T02:39:36.068+0000] {taskinstance.py:441} INFO - ::group::Post task execution logs
[2025-08-08T02:39:36.090+0000] {taskinstance.py:1206} INFO - Marking task as SUCCESS. dag_id=climate_data, task_id=create_folder, run_id=scheduled__2024-02-05T00:00:00+00:00, execution_date=20240205T000000, start_date=20250808T023935, end_date=20250808T023936
[2025-08-08T02:39:36.137+0000] {local_task_job_runner.py:240} INFO - Task exited with return code 0
[2025-08-08T02:39:36.154+0000] {taskinstance.py:3498} INFO - 1 downstream tasks scheduled from follow-on schedule check
[2025-08-08T02:39:36.156+0000] {local_task_job_runner.py:222} INFO - ::endgroup::
[2025-08-08T02:42:34.953+0000] {local_task_job_runner.py:120} INFO - ::group::Pre task execution logs
[2025-08-08T02:42:34.977+0000] {taskinstance.py:2076} INFO - Dependencies all met for dep_context=non-requeueable deps ti=<TaskInstance: climate_data.create_folder scheduled__2024-02-05T00:00:00+00:00 [queued]>
[2025-08-08T02:42:34.985+0000] {taskinstance.py:2076} INFO - Dependencies all met for dep_context=requeueable deps ti=<TaskInstance: climate_data.create_folder scheduled__2024-02-05T00:00:00+00:00 [queued]>
[2025-08-08T02:42:34.985+0000] {taskinstance.py:2306} INFO - Starting attempt 1 of 1
[2025-08-08T02:42:34.999+0000] {taskinstance.py:2330} INFO - Executing <Task(BashOperator): create_folder> on 2024-02-05 00:00:00+00:00
[2025-08-08T02:42:35.005+0000] {standard_task_runner.py:63} INFO - Started process 2729 to run task
[2025-08-08T02:42:35.008+0000] {standard_task_runner.py:90} INFO - Running: ['***', 'tasks', 'run', 'climate_data', 'create_folder', 'scheduled__2024-02-05T00:00:00+00:00', '--job-id', '792', '--raw', '--subdir', 'DAGS_FOLDER/climate_data.py', '--cfg-path', '/tmp/tmpn5nf6fyl']
[2025-08-08T02:42:35.011+0000] {standard_task_runner.py:91} INFO - Job 792: Subtask create_folder
[2025-08-08T02:42:35.026+0000] {logging_mixin.py:188} WARNING - /home/***/.local/lib/python3.9/site-packages/***/settings.py:195 DeprecationWarning: The sql_alchemy_conn option in [core] has been moved to the sql_alchemy_conn option in [database] - the old setting has been used, but please update your config.
[2025-08-08T02:42:35.079+0000] {task_command.py:426} INFO - Running <TaskInstance: climate_data.create_folder scheduled__2024-02-05T00:00:00+00:00 [running]> on host 1a6f5acf67f4
[2025-08-08T02:42:35.156+0000] {taskinstance.py:2648} INFO - Exporting env vars: AIRFLOW_CTX_DAG_OWNER='***' AIRFLOW_CTX_DAG_ID='climate_data' AIRFLOW_CTX_TASK_ID='create_folder' AIRFLOW_CTX_EXECUTION_DATE='2024-02-05T00:00:00+00:00' AIRFLOW_CTX_TRY_NUMBER='1' AIRFLOW_CTX_DAG_RUN_ID='scheduled__2024-02-05T00:00:00+00:00'
[2025-08-08T02:42:35.158+0000] {taskinstance.py:430} INFO - ::endgroup::
[2025-08-08T02:42:35.165+0000] {subprocess.py:63} INFO - Tmp dir root location: /tmp
[2025-08-08T02:42:35.167+0000] {subprocess.py:75} INFO - Running command: ['/usr/bin/bash', '-c', 'mkdir -p "/home/***/host_documents/week2024-02-12"']
[2025-08-08T02:42:35.176+0000] {subprocess.py:86} INFO - Output:
[2025-08-08T02:42:35.179+0000] {subprocess.py:97} INFO - Command exited with return code 0
[2025-08-08T02:42:35.180+0000] {taskinstance.py:441} INFO - ::group::Post task execution logs
[2025-08-08T02:42:35.204+0000] {taskinstance.py:1206} INFO - Marking task as SUCCESS. dag_id=climate_data, task_id=create_folder, run_id=scheduled__2024-02-05T00:00:00+00:00, execution_date=20240205T000000, start_date=20250808T024234, end_date=20250808T024235
[2025-08-08T02:42:35.261+0000] {local_task_job_runner.py:240} INFO - Task exited with return code 0
[2025-08-08T02:42:35.279+0000] {taskinstance.py:3498} INFO - 1 downstream tasks scheduled from follow-on schedule check
[2025-08-08T02:42:35.282+0000] {local_task_job_runner.py:222} INFO - ::endgroup::
