[2025-08-08T02:26:19.258+0000] {local_task_job_runner.py:120} INFO - ::group::Pre task execution logs
[2025-08-08T02:26:19.281+0000] {taskinstance.py:2076} INFO - Dependencies all met for dep_context=non-requeueable deps ti=<TaskInstance: climate_data.create_folder scheduled__2022-09-12T00:00:00+00:00 [queued]>
[2025-08-08T02:26:19.294+0000] {taskinstance.py:2076} INFO - Dependencies all met for dep_context=requeueable deps ti=<TaskInstance: climate_data.create_folder scheduled__2022-09-12T00:00:00+00:00 [queued]>
[2025-08-08T02:26:19.295+0000] {taskinstance.py:2306} INFO - Starting attempt 1 of 1
[2025-08-08T02:26:19.307+0000] {taskinstance.py:2330} INFO - Executing <Task(BashOperator): create_folder> on 2022-09-12 00:00:00+00:00
[2025-08-08T02:26:19.312+0000] {standard_task_runner.py:63} INFO - Started process 233 to run task
[2025-08-08T02:26:19.315+0000] {standard_task_runner.py:90} INFO - Running: ['***', 'tasks', 'run', 'climate_data', 'create_folder', 'scheduled__2022-09-12T00:00:00+00:00', '--job-id', '32', '--raw', '--subdir', 'DAGS_FOLDER/climate_data.py', '--cfg-path', '/tmp/tmp1jdw9yuh']
[2025-08-08T02:26:19.317+0000] {standard_task_runner.py:91} INFO - Job 32: Subtask create_folder
[2025-08-08T02:26:19.334+0000] {logging_mixin.py:188} WARNING - /home/***/.local/lib/python3.9/site-packages/***/settings.py:195 DeprecationWarning: The sql_alchemy_conn option in [core] has been moved to the sql_alchemy_conn option in [database] - the old setting has been used, but please update your config.
[2025-08-08T02:26:19.387+0000] {task_command.py:426} INFO - Running <TaskInstance: climate_data.create_folder scheduled__2022-09-12T00:00:00+00:00 [running]> on host 3ceab82043f1
[2025-08-08T02:26:19.465+0000] {taskinstance.py:2648} INFO - Exporting env vars: AIRFLOW_CTX_DAG_OWNER='***' AIRFLOW_CTX_DAG_ID='climate_data' AIRFLOW_CTX_TASK_ID='create_folder' AIRFLOW_CTX_EXECUTION_DATE='2022-09-12T00:00:00+00:00' AIRFLOW_CTX_TRY_NUMBER='1' AIRFLOW_CTX_DAG_RUN_ID='scheduled__2022-09-12T00:00:00+00:00'
[2025-08-08T02:26:19.466+0000] {taskinstance.py:430} INFO - ::endgroup::
[2025-08-08T02:26:19.475+0000] {subprocess.py:63} INFO - Tmp dir root location: /tmp
[2025-08-08T02:26:19.476+0000] {subprocess.py:75} INFO - Running command: ['/usr/bin/bash', '-c', 'mkdir -p /home/***/host_documents/week2022-09-19"']
[2025-08-08T02:26:19.484+0000] {subprocess.py:86} INFO - Output:
[2025-08-08T02:26:19.486+0000] {subprocess.py:93} INFO - /usr/bin/bash: -c: line 1: unexpected EOF while looking for matching `"'
[2025-08-08T02:26:19.486+0000] {subprocess.py:97} INFO - Command exited with return code 2
[2025-08-08T02:26:19.487+0000] {taskinstance.py:441} INFO - ::group::Post task execution logs
[2025-08-08T02:26:19.497+0000] {taskinstance.py:2905} ERROR - Task failed with exception
Traceback (most recent call last):
  File "/home/airflow/.local/lib/python3.9/site-packages/airflow/models/taskinstance.py", line 465, in _execute_task
    result = _execute_callable(context=context, **execute_callable_kwargs)
  File "/home/airflow/.local/lib/python3.9/site-packages/airflow/models/taskinstance.py", line 432, in _execute_callable
    return execute_callable(context=context, **execute_callable_kwargs)
  File "/home/airflow/.local/lib/python3.9/site-packages/airflow/models/baseoperator.py", line 400, in wrapper
    return func(self, *args, **kwargs)
  File "/home/airflow/.local/lib/python3.9/site-packages/airflow/operators/bash.py", line 243, in execute
    raise AirflowException(
airflow.exceptions.AirflowException: Bash command failed. The command returned a non-zero exit code 2.
[2025-08-08T02:26:19.501+0000] {taskinstance.py:1206} INFO - Marking task as FAILED. dag_id=climate_data, task_id=create_folder, run_id=scheduled__2022-09-12T00:00:00+00:00, execution_date=20220912T000000, start_date=20250808T022619, end_date=20250808T022619
[2025-08-08T02:26:19.513+0000] {standard_task_runner.py:110} ERROR - Failed to execute job 32 for task create_folder (Bash command failed. The command returned a non-zero exit code 2.; 233)
[2025-08-08T02:26:19.530+0000] {local_task_job_runner.py:240} INFO - Task exited with return code 1
[2025-08-08T02:26:19.538+0000] {local_task_job_runner.py:222} INFO - ::endgroup::
[2025-08-08T02:34:37.758+0000] {local_task_job_runner.py:120} INFO - ::group::Pre task execution logs
[2025-08-08T02:34:37.781+0000] {taskinstance.py:2076} INFO - Dependencies all met for dep_context=non-requeueable deps ti=<TaskInstance: climate_data.create_folder scheduled__2022-09-12T00:00:00+00:00 [queued]>
[2025-08-08T02:34:37.791+0000] {taskinstance.py:2076} INFO - Dependencies all met for dep_context=requeueable deps ti=<TaskInstance: climate_data.create_folder scheduled__2022-09-12T00:00:00+00:00 [queued]>
[2025-08-08T02:34:37.792+0000] {taskinstance.py:2306} INFO - Starting attempt 1 of 1
[2025-08-08T02:34:37.807+0000] {taskinstance.py:2330} INFO - Executing <Task(BashOperator): create_folder> on 2022-09-12 00:00:00+00:00
[2025-08-08T02:34:37.811+0000] {standard_task_runner.py:63} INFO - Started process 264 to run task
[2025-08-08T02:34:37.815+0000] {standard_task_runner.py:90} INFO - Running: ['***', 'tasks', 'run', 'climate_data', 'create_folder', 'scheduled__2022-09-12T00:00:00+00:00', '--job-id', '187', '--raw', '--subdir', 'DAGS_FOLDER/climate_data.py', '--cfg-path', '/tmp/tmpiaued7t0']
[2025-08-08T02:34:37.818+0000] {standard_task_runner.py:91} INFO - Job 187: Subtask create_folder
[2025-08-08T02:34:37.835+0000] {logging_mixin.py:188} WARNING - /home/***/.local/lib/python3.9/site-packages/***/settings.py:195 DeprecationWarning: The sql_alchemy_conn option in [core] has been moved to the sql_alchemy_conn option in [database] - the old setting has been used, but please update your config.
[2025-08-08T02:34:37.880+0000] {task_command.py:426} INFO - Running <TaskInstance: climate_data.create_folder scheduled__2022-09-12T00:00:00+00:00 [running]> on host 1a6f5acf67f4
[2025-08-08T02:34:37.956+0000] {taskinstance.py:2648} INFO - Exporting env vars: AIRFLOW_CTX_DAG_OWNER='***' AIRFLOW_CTX_DAG_ID='climate_data' AIRFLOW_CTX_TASK_ID='create_folder' AIRFLOW_CTX_EXECUTION_DATE='2022-09-12T00:00:00+00:00' AIRFLOW_CTX_TRY_NUMBER='1' AIRFLOW_CTX_DAG_RUN_ID='scheduled__2022-09-12T00:00:00+00:00'
[2025-08-08T02:34:37.957+0000] {taskinstance.py:430} INFO - ::endgroup::
[2025-08-08T02:34:37.967+0000] {subprocess.py:63} INFO - Tmp dir root location: /tmp
[2025-08-08T02:34:37.967+0000] {subprocess.py:75} INFO - Running command: ['/usr/bin/bash', '-c', 'mkdir -p /home/***/host_documents/week2022-09-19"']
[2025-08-08T02:34:37.976+0000] {subprocess.py:86} INFO - Output:
[2025-08-08T02:34:37.976+0000] {subprocess.py:93} INFO - /usr/bin/bash: -c: line 1: unexpected EOF while looking for matching `"'
[2025-08-08T02:34:37.977+0000] {subprocess.py:97} INFO - Command exited with return code 2
[2025-08-08T02:34:37.978+0000] {taskinstance.py:441} INFO - ::group::Post task execution logs
[2025-08-08T02:34:37.987+0000] {taskinstance.py:2905} ERROR - Task failed with exception
Traceback (most recent call last):
  File "/home/airflow/.local/lib/python3.9/site-packages/airflow/models/taskinstance.py", line 465, in _execute_task
    result = _execute_callable(context=context, **execute_callable_kwargs)
  File "/home/airflow/.local/lib/python3.9/site-packages/airflow/models/taskinstance.py", line 432, in _execute_callable
    return execute_callable(context=context, **execute_callable_kwargs)
  File "/home/airflow/.local/lib/python3.9/site-packages/airflow/models/baseoperator.py", line 400, in wrapper
    return func(self, *args, **kwargs)
  File "/home/airflow/.local/lib/python3.9/site-packages/airflow/operators/bash.py", line 243, in execute
    raise AirflowException(
airflow.exceptions.AirflowException: Bash command failed. The command returned a non-zero exit code 2.
[2025-08-08T02:34:37.990+0000] {taskinstance.py:1206} INFO - Marking task as FAILED. dag_id=climate_data, task_id=create_folder, run_id=scheduled__2022-09-12T00:00:00+00:00, execution_date=20220912T000000, start_date=20250808T023437, end_date=20250808T023437
[2025-08-08T02:34:38.003+0000] {standard_task_runner.py:110} ERROR - Failed to execute job 187 for task create_folder (Bash command failed. The command returned a non-zero exit code 2.; 264)
[2025-08-08T02:34:38.027+0000] {local_task_job_runner.py:240} INFO - Task exited with return code 1
[2025-08-08T02:34:38.034+0000] {local_task_job_runner.py:222} INFO - ::endgroup::
[2025-08-08T02:39:13.283+0000] {local_task_job_runner.py:120} INFO - ::group::Pre task execution logs
[2025-08-08T02:39:13.307+0000] {taskinstance.py:2076} INFO - Dependencies all met for dep_context=non-requeueable deps ti=<TaskInstance: climate_data.create_folder scheduled__2022-09-12T00:00:00+00:00 [queued]>
[2025-08-08T02:39:13.314+0000] {taskinstance.py:2076} INFO - Dependencies all met for dep_context=requeueable deps ti=<TaskInstance: climate_data.create_folder scheduled__2022-09-12T00:00:00+00:00 [queued]>
[2025-08-08T02:39:13.315+0000] {taskinstance.py:2306} INFO - Starting attempt 1 of 1
[2025-08-08T02:39:13.329+0000] {taskinstance.py:2330} INFO - Executing <Task(BashOperator): create_folder> on 2022-09-12 00:00:00+00:00
[2025-08-08T02:39:13.334+0000] {standard_task_runner.py:63} INFO - Started process 1039 to run task
[2025-08-08T02:39:13.337+0000] {standard_task_runner.py:90} INFO - Running: ['***', 'tasks', 'run', 'climate_data', 'create_folder', 'scheduled__2022-09-12T00:00:00+00:00', '--job-id', '343', '--raw', '--subdir', 'DAGS_FOLDER/climate_data.py', '--cfg-path', '/tmp/tmpq80ng64s']
[2025-08-08T02:39:13.340+0000] {standard_task_runner.py:91} INFO - Job 343: Subtask create_folder
[2025-08-08T02:39:13.354+0000] {logging_mixin.py:188} WARNING - /home/***/.local/lib/python3.9/site-packages/***/settings.py:195 DeprecationWarning: The sql_alchemy_conn option in [core] has been moved to the sql_alchemy_conn option in [database] - the old setting has been used, but please update your config.
[2025-08-08T02:39:13.400+0000] {task_command.py:426} INFO - Running <TaskInstance: climate_data.create_folder scheduled__2022-09-12T00:00:00+00:00 [running]> on host 1a6f5acf67f4
[2025-08-08T02:39:13.480+0000] {taskinstance.py:2648} INFO - Exporting env vars: AIRFLOW_CTX_DAG_OWNER='***' AIRFLOW_CTX_DAG_ID='climate_data' AIRFLOW_CTX_TASK_ID='create_folder' AIRFLOW_CTX_EXECUTION_DATE='2022-09-12T00:00:00+00:00' AIRFLOW_CTX_TRY_NUMBER='1' AIRFLOW_CTX_DAG_RUN_ID='scheduled__2022-09-12T00:00:00+00:00'
[2025-08-08T02:39:13.481+0000] {taskinstance.py:430} INFO - ::endgroup::
[2025-08-08T02:39:13.490+0000] {subprocess.py:63} INFO - Tmp dir root location: /tmp
[2025-08-08T02:39:13.491+0000] {subprocess.py:75} INFO - Running command: ['/usr/bin/bash', '-c', 'mkdir -p /home/***/host_documents/week2022-09-19']
[2025-08-08T02:39:13.498+0000] {subprocess.py:86} INFO - Output:
[2025-08-08T02:39:13.501+0000] {subprocess.py:97} INFO - Command exited with return code 0
[2025-08-08T02:39:13.502+0000] {taskinstance.py:441} INFO - ::group::Post task execution logs
[2025-08-08T02:39:13.522+0000] {taskinstance.py:1206} INFO - Marking task as SUCCESS. dag_id=climate_data, task_id=create_folder, run_id=scheduled__2022-09-12T00:00:00+00:00, execution_date=20220912T000000, start_date=20250808T023913, end_date=20250808T023913
[2025-08-08T02:39:13.550+0000] {local_task_job_runner.py:240} INFO - Task exited with return code 0
[2025-08-08T02:39:13.568+0000] {taskinstance.py:3498} INFO - 1 downstream tasks scheduled from follow-on schedule check
[2025-08-08T02:39:13.570+0000] {local_task_job_runner.py:222} INFO - ::endgroup::
[2025-08-08T02:42:11.780+0000] {local_task_job_runner.py:120} INFO - ::group::Pre task execution logs
[2025-08-08T02:42:11.804+0000] {taskinstance.py:2076} INFO - Dependencies all met for dep_context=non-requeueable deps ti=<TaskInstance: climate_data.create_folder scheduled__2022-09-12T00:00:00+00:00 [queued]>
[2025-08-08T02:42:11.813+0000] {taskinstance.py:2076} INFO - Dependencies all met for dep_context=requeueable deps ti=<TaskInstance: climate_data.create_folder scheduled__2022-09-12T00:00:00+00:00 [queued]>
[2025-08-08T02:42:11.814+0000] {taskinstance.py:2306} INFO - Starting attempt 1 of 1
[2025-08-08T02:42:11.826+0000] {taskinstance.py:2330} INFO - Executing <Task(BashOperator): create_folder> on 2022-09-12 00:00:00+00:00
[2025-08-08T02:42:11.832+0000] {standard_task_runner.py:63} INFO - Started process 2210 to run task
[2025-08-08T02:42:11.835+0000] {standard_task_runner.py:90} INFO - Running: ['***', 'tasks', 'run', 'climate_data', 'create_folder', 'scheduled__2022-09-12T00:00:00+00:00', '--job-id', '651', '--raw', '--subdir', 'DAGS_FOLDER/climate_data.py', '--cfg-path', '/tmp/tmpj0r5q_fs']
[2025-08-08T02:42:11.838+0000] {standard_task_runner.py:91} INFO - Job 651: Subtask create_folder
[2025-08-08T02:42:11.856+0000] {logging_mixin.py:188} WARNING - /home/***/.local/lib/python3.9/site-packages/***/settings.py:195 DeprecationWarning: The sql_alchemy_conn option in [core] has been moved to the sql_alchemy_conn option in [database] - the old setting has been used, but please update your config.
[2025-08-08T02:42:11.905+0000] {task_command.py:426} INFO - Running <TaskInstance: climate_data.create_folder scheduled__2022-09-12T00:00:00+00:00 [running]> on host 1a6f5acf67f4
[2025-08-08T02:42:11.980+0000] {taskinstance.py:2648} INFO - Exporting env vars: AIRFLOW_CTX_DAG_OWNER='***' AIRFLOW_CTX_DAG_ID='climate_data' AIRFLOW_CTX_TASK_ID='create_folder' AIRFLOW_CTX_EXECUTION_DATE='2022-09-12T00:00:00+00:00' AIRFLOW_CTX_TRY_NUMBER='1' AIRFLOW_CTX_DAG_RUN_ID='scheduled__2022-09-12T00:00:00+00:00'
[2025-08-08T02:42:11.982+0000] {taskinstance.py:430} INFO - ::endgroup::
[2025-08-08T02:42:11.989+0000] {subprocess.py:63} INFO - Tmp dir root location: /tmp
[2025-08-08T02:42:11.990+0000] {subprocess.py:75} INFO - Running command: ['/usr/bin/bash', '-c', 'mkdir -p "/home/***/host_documents/week2022-09-19"']
[2025-08-08T02:42:11.998+0000] {subprocess.py:86} INFO - Output:
[2025-08-08T02:42:12.002+0000] {subprocess.py:97} INFO - Command exited with return code 0
[2025-08-08T02:42:12.003+0000] {taskinstance.py:441} INFO - ::group::Post task execution logs
[2025-08-08T02:42:12.020+0000] {taskinstance.py:1206} INFO - Marking task as SUCCESS. dag_id=climate_data, task_id=create_folder, run_id=scheduled__2022-09-12T00:00:00+00:00, execution_date=20220912T000000, start_date=20250808T024211, end_date=20250808T024212
[2025-08-08T02:42:12.048+0000] {local_task_job_runner.py:240} INFO - Task exited with return code 0
[2025-08-08T02:42:12.065+0000] {taskinstance.py:3498} INFO - 1 downstream tasks scheduled from follow-on schedule check
[2025-08-08T02:42:12.067+0000] {local_task_job_runner.py:222} INFO - ::endgroup::
