[2025-08-08T02:26:58.700+0000] {local_task_job_runner.py:120} INFO - ::group::Pre task execution logs
[2025-08-08T02:26:58.723+0000] {taskinstance.py:2076} INFO - Dependencies all met for dep_context=non-requeueable deps ti=<TaskInstance: climate_data.create_folder scheduled__2025-01-06T00:00:00+00:00 [queued]>
[2025-08-08T02:26:58.733+0000] {taskinstance.py:2076} INFO - Dependencies all met for dep_context=requeueable deps ti=<TaskInstance: climate_data.create_folder scheduled__2025-01-06T00:00:00+00:00 [queued]>
[2025-08-08T02:26:58.734+0000] {taskinstance.py:2306} INFO - Starting attempt 1 of 1
[2025-08-08T02:26:58.745+0000] {taskinstance.py:2330} INFO - Executing <Task(BashOperator): create_folder> on 2025-01-06 00:00:00+00:00
[2025-08-08T02:26:58.749+0000] {standard_task_runner.py:63} INFO - Started process 732 to run task
[2025-08-08T02:26:58.752+0000] {standard_task_runner.py:90} INFO - Running: ['***', 'tasks', 'run', 'climate_data', 'create_folder', 'scheduled__2025-01-06T00:00:00+00:00', '--job-id', '153', '--raw', '--subdir', 'DAGS_FOLDER/climate_data.py', '--cfg-path', '/tmp/tmpev2_7ejt']
[2025-08-08T02:26:58.754+0000] {standard_task_runner.py:91} INFO - Job 153: Subtask create_folder
[2025-08-08T02:26:58.771+0000] {logging_mixin.py:188} WARNING - /home/***/.local/lib/python3.9/site-packages/***/settings.py:195 DeprecationWarning: The sql_alchemy_conn option in [core] has been moved to the sql_alchemy_conn option in [database] - the old setting has been used, but please update your config.
[2025-08-08T02:26:58.815+0000] {task_command.py:426} INFO - Running <TaskInstance: climate_data.create_folder scheduled__2025-01-06T00:00:00+00:00 [running]> on host 3ceab82043f1
[2025-08-08T02:26:58.884+0000] {taskinstance.py:2648} INFO - Exporting env vars: AIRFLOW_CTX_DAG_OWNER='***' AIRFLOW_CTX_DAG_ID='climate_data' AIRFLOW_CTX_TASK_ID='create_folder' AIRFLOW_CTX_EXECUTION_DATE='2025-01-06T00:00:00+00:00' AIRFLOW_CTX_TRY_NUMBER='1' AIRFLOW_CTX_DAG_RUN_ID='scheduled__2025-01-06T00:00:00+00:00'
[2025-08-08T02:26:58.885+0000] {taskinstance.py:430} INFO - ::endgroup::
[2025-08-08T02:26:58.895+0000] {subprocess.py:63} INFO - Tmp dir root location: /tmp
[2025-08-08T02:26:58.896+0000] {subprocess.py:75} INFO - Running command: ['/usr/bin/bash', '-c', 'mkdir -p /home/***/host_documents/week2025-01-13"']
[2025-08-08T02:26:58.905+0000] {subprocess.py:86} INFO - Output:
[2025-08-08T02:26:58.906+0000] {subprocess.py:93} INFO - /usr/bin/bash: -c: line 1: unexpected EOF while looking for matching `"'
[2025-08-08T02:26:58.907+0000] {subprocess.py:97} INFO - Command exited with return code 2
[2025-08-08T02:26:58.907+0000] {taskinstance.py:441} INFO - ::group::Post task execution logs
[2025-08-08T02:26:58.915+0000] {taskinstance.py:2905} ERROR - Task failed with exception
Traceback (most recent call last):
  File "/home/airflow/.local/lib/python3.9/site-packages/airflow/models/taskinstance.py", line 465, in _execute_task
    result = _execute_callable(context=context, **execute_callable_kwargs)
  File "/home/airflow/.local/lib/python3.9/site-packages/airflow/models/taskinstance.py", line 432, in _execute_callable
    return execute_callable(context=context, **execute_callable_kwargs)
  File "/home/airflow/.local/lib/python3.9/site-packages/airflow/models/baseoperator.py", line 400, in wrapper
    return func(self, *args, **kwargs)
  File "/home/airflow/.local/lib/python3.9/site-packages/airflow/operators/bash.py", line 243, in execute
    raise AirflowException(
airflow.exceptions.AirflowException: Bash command failed. The command returned a non-zero exit code 2.
[2025-08-08T02:26:58.917+0000] {taskinstance.py:1206} INFO - Marking task as FAILED. dag_id=climate_data, task_id=create_folder, run_id=scheduled__2025-01-06T00:00:00+00:00, execution_date=20250106T000000, start_date=20250808T022658, end_date=20250808T022658
[2025-08-08T02:26:58.930+0000] {standard_task_runner.py:110} ERROR - Failed to execute job 153 for task create_folder (Bash command failed. The command returned a non-zero exit code 2.; 732)
[2025-08-08T02:26:58.965+0000] {local_task_job_runner.py:240} INFO - Task exited with return code 1
[2025-08-08T02:26:58.981+0000] {taskinstance.py:3498} INFO - 0 downstream tasks scheduled from follow-on schedule check
[2025-08-08T02:26:58.984+0000] {local_task_job_runner.py:222} INFO - ::endgroup::
[2025-08-08T02:35:18.729+0000] {local_task_job_runner.py:120} INFO - ::group::Pre task execution logs
[2025-08-08T02:35:18.751+0000] {taskinstance.py:2076} INFO - Dependencies all met for dep_context=non-requeueable deps ti=<TaskInstance: climate_data.create_folder scheduled__2025-01-06T00:00:00+00:00 [queued]>
[2025-08-08T02:35:18.759+0000] {taskinstance.py:2076} INFO - Dependencies all met for dep_context=requeueable deps ti=<TaskInstance: climate_data.create_folder scheduled__2025-01-06T00:00:00+00:00 [queued]>
[2025-08-08T02:35:18.760+0000] {taskinstance.py:2306} INFO - Starting attempt 1 of 1
[2025-08-08T02:35:18.771+0000] {taskinstance.py:2330} INFO - Executing <Task(BashOperator): create_folder> on 2025-01-06 00:00:00+00:00
[2025-08-08T02:35:18.775+0000] {standard_task_runner.py:63} INFO - Started process 767 to run task
[2025-08-08T02:35:18.778+0000] {standard_task_runner.py:90} INFO - Running: ['***', 'tasks', 'run', 'climate_data', 'create_folder', 'scheduled__2025-01-06T00:00:00+00:00', '--job-id', '309', '--raw', '--subdir', 'DAGS_FOLDER/climate_data.py', '--cfg-path', '/tmp/tmpwp3n6hu4']
[2025-08-08T02:35:18.780+0000] {standard_task_runner.py:91} INFO - Job 309: Subtask create_folder
[2025-08-08T02:35:18.794+0000] {logging_mixin.py:188} WARNING - /home/***/.local/lib/python3.9/site-packages/***/settings.py:195 DeprecationWarning: The sql_alchemy_conn option in [core] has been moved to the sql_alchemy_conn option in [database] - the old setting has been used, but please update your config.
[2025-08-08T02:35:18.844+0000] {task_command.py:426} INFO - Running <TaskInstance: climate_data.create_folder scheduled__2025-01-06T00:00:00+00:00 [running]> on host 1a6f5acf67f4
[2025-08-08T02:35:18.919+0000] {taskinstance.py:2648} INFO - Exporting env vars: AIRFLOW_CTX_DAG_OWNER='***' AIRFLOW_CTX_DAG_ID='climate_data' AIRFLOW_CTX_TASK_ID='create_folder' AIRFLOW_CTX_EXECUTION_DATE='2025-01-06T00:00:00+00:00' AIRFLOW_CTX_TRY_NUMBER='1' AIRFLOW_CTX_DAG_RUN_ID='scheduled__2025-01-06T00:00:00+00:00'
[2025-08-08T02:35:18.920+0000] {taskinstance.py:430} INFO - ::endgroup::
[2025-08-08T02:35:18.929+0000] {subprocess.py:63} INFO - Tmp dir root location: /tmp
[2025-08-08T02:35:18.930+0000] {subprocess.py:75} INFO - Running command: ['/usr/bin/bash', '-c', 'mkdir -p /home/***/host_documents/week2025-01-13"']
[2025-08-08T02:35:18.938+0000] {subprocess.py:86} INFO - Output:
[2025-08-08T02:35:18.939+0000] {subprocess.py:93} INFO - /usr/bin/bash: -c: line 1: unexpected EOF while looking for matching `"'
[2025-08-08T02:35:18.939+0000] {subprocess.py:97} INFO - Command exited with return code 2
[2025-08-08T02:35:18.940+0000] {taskinstance.py:441} INFO - ::group::Post task execution logs
[2025-08-08T02:35:18.948+0000] {taskinstance.py:2905} ERROR - Task failed with exception
Traceback (most recent call last):
  File "/home/airflow/.local/lib/python3.9/site-packages/airflow/models/taskinstance.py", line 465, in _execute_task
    result = _execute_callable(context=context, **execute_callable_kwargs)
  File "/home/airflow/.local/lib/python3.9/site-packages/airflow/models/taskinstance.py", line 432, in _execute_callable
    return execute_callable(context=context, **execute_callable_kwargs)
  File "/home/airflow/.local/lib/python3.9/site-packages/airflow/models/baseoperator.py", line 400, in wrapper
    return func(self, *args, **kwargs)
  File "/home/airflow/.local/lib/python3.9/site-packages/airflow/operators/bash.py", line 243, in execute
    raise AirflowException(
airflow.exceptions.AirflowException: Bash command failed. The command returned a non-zero exit code 2.
[2025-08-08T02:35:18.950+0000] {taskinstance.py:1206} INFO - Marking task as FAILED. dag_id=climate_data, task_id=create_folder, run_id=scheduled__2025-01-06T00:00:00+00:00, execution_date=20250106T000000, start_date=20250808T023518, end_date=20250808T023518
[2025-08-08T02:35:18.960+0000] {standard_task_runner.py:110} ERROR - Failed to execute job 309 for task create_folder (Bash command failed. The command returned a non-zero exit code 2.; 767)
[2025-08-08T02:35:18.991+0000] {local_task_job_runner.py:240} INFO - Task exited with return code 1
[2025-08-08T02:35:19.000+0000] {local_task_job_runner.py:222} INFO - ::endgroup::
[2025-08-08T02:39:51.439+0000] {local_task_job_runner.py:120} INFO - ::group::Pre task execution logs
[2025-08-08T02:39:51.464+0000] {taskinstance.py:2076} INFO - Dependencies all met for dep_context=non-requeueable deps ti=<TaskInstance: climate_data.create_folder scheduled__2025-01-06T00:00:00+00:00 [queued]>
[2025-08-08T02:39:51.473+0000] {taskinstance.py:2076} INFO - Dependencies all met for dep_context=requeueable deps ti=<TaskInstance: climate_data.create_folder scheduled__2025-01-06T00:00:00+00:00 [queued]>
[2025-08-08T02:39:51.474+0000] {taskinstance.py:2306} INFO - Starting attempt 1 of 1
[2025-08-08T02:39:51.490+0000] {taskinstance.py:2330} INFO - Executing <Task(BashOperator): create_folder> on 2025-01-06 00:00:00+00:00
[2025-08-08T02:39:51.496+0000] {standard_task_runner.py:63} INFO - Started process 1892 to run task
[2025-08-08T02:39:51.498+0000] {standard_task_runner.py:90} INFO - Running: ['***', 'tasks', 'run', 'climate_data', 'create_folder', 'scheduled__2025-01-06T00:00:00+00:00', '--job-id', '580', '--raw', '--subdir', 'DAGS_FOLDER/climate_data.py', '--cfg-path', '/tmp/tmpp0_wauoe']
[2025-08-08T02:39:51.500+0000] {standard_task_runner.py:91} INFO - Job 580: Subtask create_folder
[2025-08-08T02:39:51.521+0000] {logging_mixin.py:188} WARNING - /home/***/.local/lib/python3.9/site-packages/***/settings.py:195 DeprecationWarning: The sql_alchemy_conn option in [core] has been moved to the sql_alchemy_conn option in [database] - the old setting has been used, but please update your config.
[2025-08-08T02:39:51.575+0000] {task_command.py:426} INFO - Running <TaskInstance: climate_data.create_folder scheduled__2025-01-06T00:00:00+00:00 [running]> on host 1a6f5acf67f4
[2025-08-08T02:39:51.654+0000] {taskinstance.py:2648} INFO - Exporting env vars: AIRFLOW_CTX_DAG_OWNER='***' AIRFLOW_CTX_DAG_ID='climate_data' AIRFLOW_CTX_TASK_ID='create_folder' AIRFLOW_CTX_EXECUTION_DATE='2025-01-06T00:00:00+00:00' AIRFLOW_CTX_TRY_NUMBER='1' AIRFLOW_CTX_DAG_RUN_ID='scheduled__2025-01-06T00:00:00+00:00'
[2025-08-08T02:39:51.656+0000] {taskinstance.py:430} INFO - ::endgroup::
[2025-08-08T02:39:51.666+0000] {subprocess.py:63} INFO - Tmp dir root location: /tmp
[2025-08-08T02:39:51.667+0000] {subprocess.py:75} INFO - Running command: ['/usr/bin/bash', '-c', 'mkdir -p /home/***/host_documents/week2025-01-13']
[2025-08-08T02:39:51.677+0000] {subprocess.py:86} INFO - Output:
[2025-08-08T02:39:51.682+0000] {subprocess.py:97} INFO - Command exited with return code 0
[2025-08-08T02:39:51.683+0000] {taskinstance.py:441} INFO - ::group::Post task execution logs
[2025-08-08T02:39:51.707+0000] {taskinstance.py:1206} INFO - Marking task as SUCCESS. dag_id=climate_data, task_id=create_folder, run_id=scheduled__2025-01-06T00:00:00+00:00, execution_date=20250106T000000, start_date=20250808T023951, end_date=20250808T023951
[2025-08-08T02:39:51.793+0000] {local_task_job_runner.py:240} INFO - Task exited with return code 0
[2025-08-08T02:39:51.818+0000] {taskinstance.py:3498} INFO - 1 downstream tasks scheduled from follow-on schedule check
[2025-08-08T02:39:51.820+0000] {local_task_job_runner.py:222} INFO - ::endgroup::
[2025-08-08T02:42:51.317+0000] {local_task_job_runner.py:120} INFO - ::group::Pre task execution logs
[2025-08-08T02:42:51.339+0000] {taskinstance.py:2076} INFO - Dependencies all met for dep_context=non-requeueable deps ti=<TaskInstance: climate_data.create_folder scheduled__2025-01-06T00:00:00+00:00 [queued]>
[2025-08-08T02:42:51.348+0000] {taskinstance.py:2076} INFO - Dependencies all met for dep_context=requeueable deps ti=<TaskInstance: climate_data.create_folder scheduled__2025-01-06T00:00:00+00:00 [queued]>
[2025-08-08T02:42:51.349+0000] {taskinstance.py:2306} INFO - Starting attempt 1 of 1
[2025-08-08T02:42:51.359+0000] {taskinstance.py:2330} INFO - Executing <Task(BashOperator): create_folder> on 2025-01-06 00:00:00+00:00
[2025-08-08T02:42:51.363+0000] {standard_task_runner.py:63} INFO - Started process 3065 to run task
[2025-08-08T02:42:51.366+0000] {standard_task_runner.py:90} INFO - Running: ['***', 'tasks', 'run', 'climate_data', 'create_folder', 'scheduled__2025-01-06T00:00:00+00:00', '--job-id', '888', '--raw', '--subdir', 'DAGS_FOLDER/climate_data.py', '--cfg-path', '/tmp/tmppn9zyv7q']
[2025-08-08T02:42:51.370+0000] {standard_task_runner.py:91} INFO - Job 888: Subtask create_folder
[2025-08-08T02:42:51.385+0000] {logging_mixin.py:188} WARNING - /home/***/.local/lib/python3.9/site-packages/***/settings.py:195 DeprecationWarning: The sql_alchemy_conn option in [core] has been moved to the sql_alchemy_conn option in [database] - the old setting has been used, but please update your config.
[2025-08-08T02:42:51.432+0000] {task_command.py:426} INFO - Running <TaskInstance: climate_data.create_folder scheduled__2025-01-06T00:00:00+00:00 [running]> on host 1a6f5acf67f4
[2025-08-08T02:42:51.511+0000] {taskinstance.py:2648} INFO - Exporting env vars: AIRFLOW_CTX_DAG_OWNER='***' AIRFLOW_CTX_DAG_ID='climate_data' AIRFLOW_CTX_TASK_ID='create_folder' AIRFLOW_CTX_EXECUTION_DATE='2025-01-06T00:00:00+00:00' AIRFLOW_CTX_TRY_NUMBER='1' AIRFLOW_CTX_DAG_RUN_ID='scheduled__2025-01-06T00:00:00+00:00'
[2025-08-08T02:42:51.513+0000] {taskinstance.py:430} INFO - ::endgroup::
[2025-08-08T02:42:51.521+0000] {subprocess.py:63} INFO - Tmp dir root location: /tmp
[2025-08-08T02:42:51.522+0000] {subprocess.py:75} INFO - Running command: ['/usr/bin/bash', '-c', 'mkdir -p "/home/***/host_documents/week2025-01-13"']
[2025-08-08T02:42:51.533+0000] {subprocess.py:86} INFO - Output:
[2025-08-08T02:42:51.537+0000] {subprocess.py:97} INFO - Command exited with return code 0
[2025-08-08T02:42:51.538+0000] {taskinstance.py:441} INFO - ::group::Post task execution logs
[2025-08-08T02:42:51.563+0000] {taskinstance.py:1206} INFO - Marking task as SUCCESS. dag_id=climate_data, task_id=create_folder, run_id=scheduled__2025-01-06T00:00:00+00:00, execution_date=20250106T000000, start_date=20250808T024251, end_date=20250808T024251
[2025-08-08T02:42:51.664+0000] {local_task_job_runner.py:240} INFO - Task exited with return code 0
[2025-08-08T02:42:51.673+0000] {local_task_job_runner.py:222} INFO - ::endgroup::
