[2025-08-08T02:26:55.804+0000] {local_task_job_runner.py:120} INFO - ::group::Pre task execution logs
[2025-08-08T02:26:55.823+0000] {taskinstance.py:2076} INFO - Dependencies all met for dep_context=non-requeueable deps ti=<TaskInstance: climate_data.create_folder scheduled__2024-12-02T00:00:00+00:00 [queued]>
[2025-08-08T02:26:55.829+0000] {taskinstance.py:2076} INFO - Dependencies all met for dep_context=requeueable deps ti=<TaskInstance: climate_data.create_folder scheduled__2024-12-02T00:00:00+00:00 [queued]>
[2025-08-08T02:26:55.830+0000] {taskinstance.py:2306} INFO - Starting attempt 1 of 1
[2025-08-08T02:26:55.838+0000] {taskinstance.py:2330} INFO - Executing <Task(BashOperator): create_folder> on 2024-12-02 00:00:00+00:00
[2025-08-08T02:26:55.842+0000] {standard_task_runner.py:63} INFO - Started process 706 to run task
[2025-08-08T02:26:55.844+0000] {standard_task_runner.py:90} INFO - Running: ['***', 'tasks', 'run', 'climate_data', 'create_folder', 'scheduled__2024-12-02T00:00:00+00:00', '--job-id', '148', '--raw', '--subdir', 'DAGS_FOLDER/climate_data.py', '--cfg-path', '/tmp/tmpfa2irniu']
[2025-08-08T02:26:55.846+0000] {standard_task_runner.py:91} INFO - Job 148: Subtask create_folder
[2025-08-08T02:26:55.858+0000] {logging_mixin.py:188} WARNING - /home/***/.local/lib/python3.9/site-packages/***/settings.py:195 DeprecationWarning: The sql_alchemy_conn option in [core] has been moved to the sql_alchemy_conn option in [database] - the old setting has been used, but please update your config.
[2025-08-08T02:26:55.895+0000] {task_command.py:426} INFO - Running <TaskInstance: climate_data.create_folder scheduled__2024-12-02T00:00:00+00:00 [running]> on host 3ceab82043f1
[2025-08-08T02:26:55.951+0000] {taskinstance.py:2648} INFO - Exporting env vars: AIRFLOW_CTX_DAG_OWNER='***' AIRFLOW_CTX_DAG_ID='climate_data' AIRFLOW_CTX_TASK_ID='create_folder' AIRFLOW_CTX_EXECUTION_DATE='2024-12-02T00:00:00+00:00' AIRFLOW_CTX_TRY_NUMBER='1' AIRFLOW_CTX_DAG_RUN_ID='scheduled__2024-12-02T00:00:00+00:00'
[2025-08-08T02:26:55.952+0000] {taskinstance.py:430} INFO - ::endgroup::
[2025-08-08T02:26:55.959+0000] {subprocess.py:63} INFO - Tmp dir root location: /tmp
[2025-08-08T02:26:55.960+0000] {subprocess.py:75} INFO - Running command: ['/usr/bin/bash', '-c', 'mkdir -p /home/***/host_documents/week2024-12-09"']
[2025-08-08T02:26:55.967+0000] {subprocess.py:86} INFO - Output:
[2025-08-08T02:26:55.968+0000] {subprocess.py:93} INFO - /usr/bin/bash: -c: line 1: unexpected EOF while looking for matching `"'
[2025-08-08T02:26:55.968+0000] {subprocess.py:97} INFO - Command exited with return code 2
[2025-08-08T02:26:55.969+0000] {taskinstance.py:441} INFO - ::group::Post task execution logs
[2025-08-08T02:26:55.975+0000] {taskinstance.py:2905} ERROR - Task failed with exception
Traceback (most recent call last):
  File "/home/airflow/.local/lib/python3.9/site-packages/airflow/models/taskinstance.py", line 465, in _execute_task
    result = _execute_callable(context=context, **execute_callable_kwargs)
  File "/home/airflow/.local/lib/python3.9/site-packages/airflow/models/taskinstance.py", line 432, in _execute_callable
    return execute_callable(context=context, **execute_callable_kwargs)
  File "/home/airflow/.local/lib/python3.9/site-packages/airflow/models/baseoperator.py", line 400, in wrapper
    return func(self, *args, **kwargs)
  File "/home/airflow/.local/lib/python3.9/site-packages/airflow/operators/bash.py", line 243, in execute
    raise AirflowException(
airflow.exceptions.AirflowException: Bash command failed. The command returned a non-zero exit code 2.
[2025-08-08T02:26:55.978+0000] {taskinstance.py:1206} INFO - Marking task as FAILED. dag_id=climate_data, task_id=create_folder, run_id=scheduled__2024-12-02T00:00:00+00:00, execution_date=20241202T000000, start_date=20250808T022655, end_date=20250808T022655
[2025-08-08T02:26:55.986+0000] {standard_task_runner.py:110} ERROR - Failed to execute job 148 for task create_folder (Bash command failed. The command returned a non-zero exit code 2.; 706)
[2025-08-08T02:26:56.017+0000] {local_task_job_runner.py:240} INFO - Task exited with return code 1
[2025-08-08T02:26:56.030+0000] {taskinstance.py:3498} INFO - 0 downstream tasks scheduled from follow-on schedule check
[2025-08-08T02:26:56.033+0000] {local_task_job_runner.py:222} INFO - ::endgroup::
[2025-08-08T02:35:15.279+0000] {local_task_job_runner.py:120} INFO - ::group::Pre task execution logs
[2025-08-08T02:35:15.298+0000] {taskinstance.py:2076} INFO - Dependencies all met for dep_context=non-requeueable deps ti=<TaskInstance: climate_data.create_folder scheduled__2024-12-02T00:00:00+00:00 [queued]>
[2025-08-08T02:35:15.305+0000] {taskinstance.py:2076} INFO - Dependencies all met for dep_context=requeueable deps ti=<TaskInstance: climate_data.create_folder scheduled__2024-12-02T00:00:00+00:00 [queued]>
[2025-08-08T02:35:15.305+0000] {taskinstance.py:2306} INFO - Starting attempt 1 of 1
[2025-08-08T02:35:15.313+0000] {taskinstance.py:2330} INFO - Executing <Task(BashOperator): create_folder> on 2024-12-02 00:00:00+00:00
[2025-08-08T02:35:15.317+0000] {standard_task_runner.py:63} INFO - Started process 741 to run task
[2025-08-08T02:35:15.319+0000] {standard_task_runner.py:90} INFO - Running: ['***', 'tasks', 'run', 'climate_data', 'create_folder', 'scheduled__2024-12-02T00:00:00+00:00', '--job-id', '304', '--raw', '--subdir', 'DAGS_FOLDER/climate_data.py', '--cfg-path', '/tmp/tmpafrqfxwe']
[2025-08-08T02:35:15.321+0000] {standard_task_runner.py:91} INFO - Job 304: Subtask create_folder
[2025-08-08T02:35:15.332+0000] {logging_mixin.py:188} WARNING - /home/***/.local/lib/python3.9/site-packages/***/settings.py:195 DeprecationWarning: The sql_alchemy_conn option in [core] has been moved to the sql_alchemy_conn option in [database] - the old setting has been used, but please update your config.
[2025-08-08T02:35:15.371+0000] {task_command.py:426} INFO - Running <TaskInstance: climate_data.create_folder scheduled__2024-12-02T00:00:00+00:00 [running]> on host 1a6f5acf67f4
[2025-08-08T02:35:15.432+0000] {taskinstance.py:2648} INFO - Exporting env vars: AIRFLOW_CTX_DAG_OWNER='***' AIRFLOW_CTX_DAG_ID='climate_data' AIRFLOW_CTX_TASK_ID='create_folder' AIRFLOW_CTX_EXECUTION_DATE='2024-12-02T00:00:00+00:00' AIRFLOW_CTX_TRY_NUMBER='1' AIRFLOW_CTX_DAG_RUN_ID='scheduled__2024-12-02T00:00:00+00:00'
[2025-08-08T02:35:15.433+0000] {taskinstance.py:430} INFO - ::endgroup::
[2025-08-08T02:35:15.441+0000] {subprocess.py:63} INFO - Tmp dir root location: /tmp
[2025-08-08T02:35:15.441+0000] {subprocess.py:75} INFO - Running command: ['/usr/bin/bash', '-c', 'mkdir -p /home/***/host_documents/week2024-12-09"']
[2025-08-08T02:35:15.449+0000] {subprocess.py:86} INFO - Output:
[2025-08-08T02:35:15.450+0000] {subprocess.py:93} INFO - /usr/bin/bash: -c: line 1: unexpected EOF while looking for matching `"'
[2025-08-08T02:35:15.450+0000] {subprocess.py:97} INFO - Command exited with return code 2
[2025-08-08T02:35:15.451+0000] {taskinstance.py:441} INFO - ::group::Post task execution logs
[2025-08-08T02:35:15.458+0000] {taskinstance.py:2905} ERROR - Task failed with exception
Traceback (most recent call last):
  File "/home/airflow/.local/lib/python3.9/site-packages/airflow/models/taskinstance.py", line 465, in _execute_task
    result = _execute_callable(context=context, **execute_callable_kwargs)
  File "/home/airflow/.local/lib/python3.9/site-packages/airflow/models/taskinstance.py", line 432, in _execute_callable
    return execute_callable(context=context, **execute_callable_kwargs)
  File "/home/airflow/.local/lib/python3.9/site-packages/airflow/models/baseoperator.py", line 400, in wrapper
    return func(self, *args, **kwargs)
  File "/home/airflow/.local/lib/python3.9/site-packages/airflow/operators/bash.py", line 243, in execute
    raise AirflowException(
airflow.exceptions.AirflowException: Bash command failed. The command returned a non-zero exit code 2.
[2025-08-08T02:35:15.460+0000] {taskinstance.py:1206} INFO - Marking task as FAILED. dag_id=climate_data, task_id=create_folder, run_id=scheduled__2024-12-02T00:00:00+00:00, execution_date=20241202T000000, start_date=20250808T023515, end_date=20250808T023515
[2025-08-08T02:35:15.469+0000] {standard_task_runner.py:110} ERROR - Failed to execute job 304 for task create_folder (Bash command failed. The command returned a non-zero exit code 2.; 741)
[2025-08-08T02:35:15.492+0000] {local_task_job_runner.py:240} INFO - Task exited with return code 1
[2025-08-08T02:35:15.506+0000] {taskinstance.py:3498} INFO - 0 downstream tasks scheduled from follow-on schedule check
[2025-08-08T02:35:15.509+0000] {local_task_job_runner.py:222} INFO - ::endgroup::
[2025-08-08T02:39:50.942+0000] {local_task_job_runner.py:120} INFO - ::group::Pre task execution logs
[2025-08-08T02:39:50.963+0000] {taskinstance.py:2076} INFO - Dependencies all met for dep_context=non-requeueable deps ti=<TaskInstance: climate_data.create_folder scheduled__2024-12-02T00:00:00+00:00 [queued]>
[2025-08-08T02:39:50.971+0000] {taskinstance.py:2076} INFO - Dependencies all met for dep_context=requeueable deps ti=<TaskInstance: climate_data.create_folder scheduled__2024-12-02T00:00:00+00:00 [queued]>
[2025-08-08T02:39:50.971+0000] {taskinstance.py:2306} INFO - Starting attempt 1 of 1
[2025-08-08T02:39:50.983+0000] {taskinstance.py:2330} INFO - Executing <Task(BashOperator): create_folder> on 2024-12-02 00:00:00+00:00
[2025-08-08T02:39:50.988+0000] {standard_task_runner.py:63} INFO - Started process 1861 to run task
[2025-08-08T02:39:50.990+0000] {standard_task_runner.py:90} INFO - Running: ['***', 'tasks', 'run', 'climate_data', 'create_folder', 'scheduled__2024-12-02T00:00:00+00:00', '--job-id', '573', '--raw', '--subdir', 'DAGS_FOLDER/climate_data.py', '--cfg-path', '/tmp/tmp2q4lg6dy']
[2025-08-08T02:39:50.992+0000] {standard_task_runner.py:91} INFO - Job 573: Subtask create_folder
[2025-08-08T02:39:51.006+0000] {logging_mixin.py:188} WARNING - /home/***/.local/lib/python3.9/site-packages/***/settings.py:195 DeprecationWarning: The sql_alchemy_conn option in [core] has been moved to the sql_alchemy_conn option in [database] - the old setting has been used, but please update your config.
[2025-08-08T02:39:51.051+0000] {task_command.py:426} INFO - Running <TaskInstance: climate_data.create_folder scheduled__2024-12-02T00:00:00+00:00 [running]> on host 1a6f5acf67f4
[2025-08-08T02:39:51.118+0000] {taskinstance.py:2648} INFO - Exporting env vars: AIRFLOW_CTX_DAG_OWNER='***' AIRFLOW_CTX_DAG_ID='climate_data' AIRFLOW_CTX_TASK_ID='create_folder' AIRFLOW_CTX_EXECUTION_DATE='2024-12-02T00:00:00+00:00' AIRFLOW_CTX_TRY_NUMBER='1' AIRFLOW_CTX_DAG_RUN_ID='scheduled__2024-12-02T00:00:00+00:00'
[2025-08-08T02:39:51.120+0000] {taskinstance.py:430} INFO - ::endgroup::
[2025-08-08T02:39:51.131+0000] {subprocess.py:63} INFO - Tmp dir root location: /tmp
[2025-08-08T02:39:51.132+0000] {subprocess.py:75} INFO - Running command: ['/usr/bin/bash', '-c', 'mkdir -p /home/***/host_documents/week2024-12-09']
[2025-08-08T02:39:51.141+0000] {subprocess.py:86} INFO - Output:
[2025-08-08T02:39:51.145+0000] {subprocess.py:97} INFO - Command exited with return code 0
[2025-08-08T02:39:51.146+0000] {taskinstance.py:441} INFO - ::group::Post task execution logs
[2025-08-08T02:39:51.168+0000] {taskinstance.py:1206} INFO - Marking task as SUCCESS. dag_id=climate_data, task_id=create_folder, run_id=scheduled__2024-12-02T00:00:00+00:00, execution_date=20241202T000000, start_date=20250808T023950, end_date=20250808T023951
[2025-08-08T02:39:51.203+0000] {local_task_job_runner.py:240} INFO - Task exited with return code 0
[2025-08-08T02:39:51.221+0000] {taskinstance.py:3498} INFO - 1 downstream tasks scheduled from follow-on schedule check
[2025-08-08T02:39:51.224+0000] {local_task_job_runner.py:222} INFO - ::endgroup::
[2025-08-08T02:42:50.732+0000] {local_task_job_runner.py:120} INFO - ::group::Pre task execution logs
[2025-08-08T02:42:50.755+0000] {taskinstance.py:2076} INFO - Dependencies all met for dep_context=non-requeueable deps ti=<TaskInstance: climate_data.create_folder scheduled__2024-12-02T00:00:00+00:00 [queued]>
[2025-08-08T02:42:50.763+0000] {taskinstance.py:2076} INFO - Dependencies all met for dep_context=requeueable deps ti=<TaskInstance: climate_data.create_folder scheduled__2024-12-02T00:00:00+00:00 [queued]>
[2025-08-08T02:42:50.764+0000] {taskinstance.py:2306} INFO - Starting attempt 1 of 1
[2025-08-08T02:42:50.800+0000] {taskinstance.py:2330} INFO - Executing <Task(BashOperator): create_folder> on 2024-12-02 00:00:00+00:00
[2025-08-08T02:42:50.805+0000] {standard_task_runner.py:63} INFO - Started process 3033 to run task
[2025-08-08T02:42:50.808+0000] {standard_task_runner.py:90} INFO - Running: ['***', 'tasks', 'run', 'climate_data', 'create_folder', 'scheduled__2024-12-02T00:00:00+00:00', '--job-id', '879', '--raw', '--subdir', 'DAGS_FOLDER/climate_data.py', '--cfg-path', '/tmp/tmpj1hkwp7i']
[2025-08-08T02:42:50.810+0000] {standard_task_runner.py:91} INFO - Job 879: Subtask create_folder
[2025-08-08T02:42:50.827+0000] {logging_mixin.py:188} WARNING - /home/***/.local/lib/python3.9/site-packages/***/settings.py:195 DeprecationWarning: The sql_alchemy_conn option in [core] has been moved to the sql_alchemy_conn option in [database] - the old setting has been used, but please update your config.
[2025-08-08T02:42:50.874+0000] {task_command.py:426} INFO - Running <TaskInstance: climate_data.create_folder scheduled__2024-12-02T00:00:00+00:00 [running]> on host 1a6f5acf67f4
[2025-08-08T02:42:50.948+0000] {taskinstance.py:2648} INFO - Exporting env vars: AIRFLOW_CTX_DAG_OWNER='***' AIRFLOW_CTX_DAG_ID='climate_data' AIRFLOW_CTX_TASK_ID='create_folder' AIRFLOW_CTX_EXECUTION_DATE='2024-12-02T00:00:00+00:00' AIRFLOW_CTX_TRY_NUMBER='1' AIRFLOW_CTX_DAG_RUN_ID='scheduled__2024-12-02T00:00:00+00:00'
[2025-08-08T02:42:50.949+0000] {taskinstance.py:430} INFO - ::endgroup::
[2025-08-08T02:42:50.960+0000] {subprocess.py:63} INFO - Tmp dir root location: /tmp
[2025-08-08T02:42:50.961+0000] {subprocess.py:75} INFO - Running command: ['/usr/bin/bash', '-c', 'mkdir -p "/home/***/host_documents/week2024-12-09"']
[2025-08-08T02:42:50.969+0000] {subprocess.py:86} INFO - Output:
[2025-08-08T02:42:50.974+0000] {subprocess.py:97} INFO - Command exited with return code 0
[2025-08-08T02:42:50.975+0000] {taskinstance.py:441} INFO - ::group::Post task execution logs
[2025-08-08T02:42:51.000+0000] {taskinstance.py:1206} INFO - Marking task as SUCCESS. dag_id=climate_data, task_id=create_folder, run_id=scheduled__2024-12-02T00:00:00+00:00, execution_date=20241202T000000, start_date=20250808T024250, end_date=20250808T024251
[2025-08-08T02:42:51.101+0000] {local_task_job_runner.py:240} INFO - Task exited with return code 0
[2025-08-08T02:42:51.123+0000] {taskinstance.py:3498} INFO - 1 downstream tasks scheduled from follow-on schedule check
[2025-08-08T02:42:51.126+0000] {local_task_job_runner.py:222} INFO - ::endgroup::
