[2025-08-08T01:43:02.039+0000] {local_task_job_runner.py:120} INFO - ::group::Pre task execution logs
[2025-08-08T01:43:02.058+0000] {taskinstance.py:2076} INFO - Dependencies all met for dep_context=non-requeueable deps ti=<TaskInstance: first_dag.create_folder manual__2025-08-08T01:42:59.875580+00:00 [queued]>
[2025-08-08T01:43:02.063+0000] {taskinstance.py:2076} INFO - Dependencies all met for dep_context=requeueable deps ti=<TaskInstance: first_dag.create_folder manual__2025-08-08T01:42:59.875580+00:00 [queued]>
[2025-08-08T01:43:02.064+0000] {taskinstance.py:2306} INFO - Starting attempt 1 of 1
[2025-08-08T01:43:02.073+0000] {taskinstance.py:2330} INFO - Executing <Task(BashOperator): create_folder> on 2025-08-08 01:42:59.875580+00:00
[2025-08-08T01:43:02.076+0000] {standard_task_runner.py:63} INFO - Started process 186 to run task
[2025-08-08T01:43:02.078+0000] {standard_task_runner.py:90} INFO - Running: ['***', 'tasks', 'run', 'first_dag', 'create_folder', 'manual__2025-08-08T01:42:59.875580+00:00', '--job-id', '14', '--raw', '--subdir', 'DAGS_FOLDER/first_dag.py', '--cfg-path', '/tmp/tmp6on5gcnv']
[2025-08-08T01:43:02.080+0000] {standard_task_runner.py:91} INFO - Job 14: Subtask create_folder
[2025-08-08T01:43:02.092+0000] {logging_mixin.py:188} WARNING - /home/***/.local/lib/python3.9/site-packages/***/settings.py:195 DeprecationWarning: The sql_alchemy_conn option in [core] has been moved to the sql_alchemy_conn option in [database] - the old setting has been used, but please update your config.
[2025-08-08T01:43:02.122+0000] {task_command.py:426} INFO - Running <TaskInstance: first_dag.create_folder manual__2025-08-08T01:42:59.875580+00:00 [running]> on host c79a68857a4c
[2025-08-08T01:43:02.181+0000] {taskinstance.py:2648} INFO - Exporting env vars: AIRFLOW_CTX_DAG_OWNER='***' AIRFLOW_CTX_DAG_ID='first_dag' AIRFLOW_CTX_TASK_ID='create_folder' AIRFLOW_CTX_EXECUTION_DATE='2025-08-08T01:42:59.875580+00:00' AIRFLOW_CTX_TRY_NUMBER='1' AIRFLOW_CTX_DAG_RUN_ID='manual__2025-08-08T01:42:59.875580+00:00'
[2025-08-08T01:43:02.182+0000] {taskinstance.py:430} INFO - ::endgroup::
[2025-08-08T01:43:02.204+0000] {subprocess.py:63} INFO - Tmp dir root location: /tmp
[2025-08-08T01:43:02.205+0000] {subprocess.py:75} INFO - Running command: ['/usr/bin/bash', '-c', 'mkdir -p /home/***/host_documents/pasta']
[2025-08-08T01:43:02.210+0000] {subprocess.py:86} INFO - Output:
[2025-08-08T01:43:02.214+0000] {subprocess.py:97} INFO - Command exited with return code 0
[2025-08-08T01:43:02.214+0000] {taskinstance.py:441} INFO - ::group::Post task execution logs
[2025-08-08T01:43:02.230+0000] {taskinstance.py:1206} INFO - Marking task as SUCCESS. dag_id=first_dag, task_id=create_folder, run_id=manual__2025-08-08T01:42:59.875580+00:00, execution_date=20250808T014259, start_date=20250808T014302, end_date=20250808T014302
[2025-08-08T01:43:02.251+0000] {local_task_job_runner.py:240} INFO - Task exited with return code 0
[2025-08-08T01:43:02.260+0000] {taskinstance.py:3498} INFO - 0 downstream tasks scheduled from follow-on schedule check
[2025-08-08T01:43:02.261+0000] {local_task_job_runner.py:222} INFO - ::endgroup::
