[2025-08-08T02:26:55.697+0000] {local_task_job_runner.py:120} INFO - ::group::Pre task execution logs
[2025-08-08T02:26:55.716+0000] {taskinstance.py:2076} INFO - Dependencies all met for dep_context=non-requeueable deps ti=<TaskInstance: climate_data.create_folder scheduled__2024-11-25T00:00:00+00:00 [queued]>
[2025-08-08T02:26:55.726+0000] {taskinstance.py:2076} INFO - Dependencies all met for dep_context=requeueable deps ti=<TaskInstance: climate_data.create_folder scheduled__2024-11-25T00:00:00+00:00 [queued]>
[2025-08-08T02:26:55.727+0000] {taskinstance.py:2306} INFO - Starting attempt 1 of 1
[2025-08-08T02:26:55.737+0000] {taskinstance.py:2330} INFO - Executing <Task(BashOperator): create_folder> on 2024-11-25 00:00:00+00:00
[2025-08-08T02:26:55.741+0000] {standard_task_runner.py:63} INFO - Started process 704 to run task
[2025-08-08T02:26:55.743+0000] {standard_task_runner.py:90} INFO - Running: ['***', 'tasks', 'run', 'climate_data', 'create_folder', 'scheduled__2024-11-25T00:00:00+00:00', '--job-id', '147', '--raw', '--subdir', 'DAGS_FOLDER/climate_data.py', '--cfg-path', '/tmp/tmp7hi1swdg']
[2025-08-08T02:26:55.746+0000] {standard_task_runner.py:91} INFO - Job 147: Subtask create_folder
[2025-08-08T02:26:55.757+0000] {logging_mixin.py:188} WARNING - /home/***/.local/lib/python3.9/site-packages/***/settings.py:195 DeprecationWarning: The sql_alchemy_conn option in [core] has been moved to the sql_alchemy_conn option in [database] - the old setting has been used, but please update your config.
[2025-08-08T02:26:55.796+0000] {task_command.py:426} INFO - Running <TaskInstance: climate_data.create_folder scheduled__2024-11-25T00:00:00+00:00 [running]> on host 3ceab82043f1
[2025-08-08T02:26:55.854+0000] {taskinstance.py:2648} INFO - Exporting env vars: AIRFLOW_CTX_DAG_OWNER='***' AIRFLOW_CTX_DAG_ID='climate_data' AIRFLOW_CTX_TASK_ID='create_folder' AIRFLOW_CTX_EXECUTION_DATE='2024-11-25T00:00:00+00:00' AIRFLOW_CTX_TRY_NUMBER='1' AIRFLOW_CTX_DAG_RUN_ID='scheduled__2024-11-25T00:00:00+00:00'
[2025-08-08T02:26:55.855+0000] {taskinstance.py:430} INFO - ::endgroup::
[2025-08-08T02:26:55.866+0000] {subprocess.py:63} INFO - Tmp dir root location: /tmp
[2025-08-08T02:26:55.867+0000] {subprocess.py:75} INFO - Running command: ['/usr/bin/bash', '-c', 'mkdir -p /home/***/host_documents/week2024-12-02"']
[2025-08-08T02:26:55.874+0000] {subprocess.py:86} INFO - Output:
[2025-08-08T02:26:55.875+0000] {subprocess.py:93} INFO - /usr/bin/bash: -c: line 1: unexpected EOF while looking for matching `"'
[2025-08-08T02:26:55.876+0000] {subprocess.py:97} INFO - Command exited with return code 2
[2025-08-08T02:26:55.876+0000] {taskinstance.py:441} INFO - ::group::Post task execution logs
[2025-08-08T02:26:55.883+0000] {taskinstance.py:2905} ERROR - Task failed with exception
Traceback (most recent call last):
  File "/home/airflow/.local/lib/python3.9/site-packages/airflow/models/taskinstance.py", line 465, in _execute_task
    result = _execute_callable(context=context, **execute_callable_kwargs)
  File "/home/airflow/.local/lib/python3.9/site-packages/airflow/models/taskinstance.py", line 432, in _execute_callable
    return execute_callable(context=context, **execute_callable_kwargs)
  File "/home/airflow/.local/lib/python3.9/site-packages/airflow/models/baseoperator.py", line 400, in wrapper
    return func(self, *args, **kwargs)
  File "/home/airflow/.local/lib/python3.9/site-packages/airflow/operators/bash.py", line 243, in execute
    raise AirflowException(
airflow.exceptions.AirflowException: Bash command failed. The command returned a non-zero exit code 2.
[2025-08-08T02:26:55.886+0000] {taskinstance.py:1206} INFO - Marking task as FAILED. dag_id=climate_data, task_id=create_folder, run_id=scheduled__2024-11-25T00:00:00+00:00, execution_date=20241125T000000, start_date=20250808T022655, end_date=20250808T022655
[2025-08-08T02:26:55.893+0000] {standard_task_runner.py:110} ERROR - Failed to execute job 147 for task create_folder (Bash command failed. The command returned a non-zero exit code 2.; 704)
[2025-08-08T02:26:55.916+0000] {local_task_job_runner.py:240} INFO - Task exited with return code 1
[2025-08-08T02:26:55.931+0000] {taskinstance.py:3498} INFO - 0 downstream tasks scheduled from follow-on schedule check
[2025-08-08T02:26:55.934+0000] {local_task_job_runner.py:222} INFO - ::endgroup::
[2025-08-08T02:35:15.188+0000] {local_task_job_runner.py:120} INFO - ::group::Pre task execution logs
[2025-08-08T02:35:15.207+0000] {taskinstance.py:2076} INFO - Dependencies all met for dep_context=non-requeueable deps ti=<TaskInstance: climate_data.create_folder scheduled__2024-11-25T00:00:00+00:00 [queued]>
[2025-08-08T02:35:15.213+0000] {taskinstance.py:2076} INFO - Dependencies all met for dep_context=requeueable deps ti=<TaskInstance: climate_data.create_folder scheduled__2024-11-25T00:00:00+00:00 [queued]>
[2025-08-08T02:35:15.214+0000] {taskinstance.py:2306} INFO - Starting attempt 1 of 1
[2025-08-08T02:35:15.222+0000] {taskinstance.py:2330} INFO - Executing <Task(BashOperator): create_folder> on 2024-11-25 00:00:00+00:00
[2025-08-08T02:35:15.226+0000] {standard_task_runner.py:63} INFO - Started process 739 to run task
[2025-08-08T02:35:15.229+0000] {standard_task_runner.py:90} INFO - Running: ['***', 'tasks', 'run', 'climate_data', 'create_folder', 'scheduled__2024-11-25T00:00:00+00:00', '--job-id', '303', '--raw', '--subdir', 'DAGS_FOLDER/climate_data.py', '--cfg-path', '/tmp/tmpe2hxmg3d']
[2025-08-08T02:35:15.230+0000] {standard_task_runner.py:91} INFO - Job 303: Subtask create_folder
[2025-08-08T02:35:15.242+0000] {logging_mixin.py:188} WARNING - /home/***/.local/lib/python3.9/site-packages/***/settings.py:195 DeprecationWarning: The sql_alchemy_conn option in [core] has been moved to the sql_alchemy_conn option in [database] - the old setting has been used, but please update your config.
[2025-08-08T02:35:15.279+0000] {task_command.py:426} INFO - Running <TaskInstance: climate_data.create_folder scheduled__2024-11-25T00:00:00+00:00 [running]> on host 1a6f5acf67f4
[2025-08-08T02:35:15.335+0000] {taskinstance.py:2648} INFO - Exporting env vars: AIRFLOW_CTX_DAG_OWNER='***' AIRFLOW_CTX_DAG_ID='climate_data' AIRFLOW_CTX_TASK_ID='create_folder' AIRFLOW_CTX_EXECUTION_DATE='2024-11-25T00:00:00+00:00' AIRFLOW_CTX_TRY_NUMBER='1' AIRFLOW_CTX_DAG_RUN_ID='scheduled__2024-11-25T00:00:00+00:00'
[2025-08-08T02:35:15.336+0000] {taskinstance.py:430} INFO - ::endgroup::
[2025-08-08T02:35:15.344+0000] {subprocess.py:63} INFO - Tmp dir root location: /tmp
[2025-08-08T02:35:15.344+0000] {subprocess.py:75} INFO - Running command: ['/usr/bin/bash', '-c', 'mkdir -p /home/***/host_documents/week2024-12-02"']
[2025-08-08T02:35:15.352+0000] {subprocess.py:86} INFO - Output:
[2025-08-08T02:35:15.353+0000] {subprocess.py:93} INFO - /usr/bin/bash: -c: line 1: unexpected EOF while looking for matching `"'
[2025-08-08T02:35:15.353+0000] {subprocess.py:97} INFO - Command exited with return code 2
[2025-08-08T02:35:15.354+0000] {taskinstance.py:441} INFO - ::group::Post task execution logs
[2025-08-08T02:35:15.361+0000] {taskinstance.py:2905} ERROR - Task failed with exception
Traceback (most recent call last):
  File "/home/airflow/.local/lib/python3.9/site-packages/airflow/models/taskinstance.py", line 465, in _execute_task
    result = _execute_callable(context=context, **execute_callable_kwargs)
  File "/home/airflow/.local/lib/python3.9/site-packages/airflow/models/taskinstance.py", line 432, in _execute_callable
    return execute_callable(context=context, **execute_callable_kwargs)
  File "/home/airflow/.local/lib/python3.9/site-packages/airflow/models/baseoperator.py", line 400, in wrapper
    return func(self, *args, **kwargs)
  File "/home/airflow/.local/lib/python3.9/site-packages/airflow/operators/bash.py", line 243, in execute
    raise AirflowException(
airflow.exceptions.AirflowException: Bash command failed. The command returned a non-zero exit code 2.
[2025-08-08T02:35:15.363+0000] {taskinstance.py:1206} INFO - Marking task as FAILED. dag_id=climate_data, task_id=create_folder, run_id=scheduled__2024-11-25T00:00:00+00:00, execution_date=20241125T000000, start_date=20250808T023515, end_date=20250808T023515
[2025-08-08T02:35:15.372+0000] {standard_task_runner.py:110} ERROR - Failed to execute job 303 for task create_folder (Bash command failed. The command returned a non-zero exit code 2.; 739)
[2025-08-08T02:35:15.402+0000] {local_task_job_runner.py:240} INFO - Task exited with return code 1
[2025-08-08T02:35:15.418+0000] {taskinstance.py:3498} INFO - 0 downstream tasks scheduled from follow-on schedule check
[2025-08-08T02:35:15.421+0000] {local_task_job_runner.py:222} INFO - ::endgroup::
[2025-08-08T02:39:50.860+0000] {local_task_job_runner.py:120} INFO - ::group::Pre task execution logs
[2025-08-08T02:39:50.883+0000] {taskinstance.py:2076} INFO - Dependencies all met for dep_context=non-requeueable deps ti=<TaskInstance: climate_data.create_folder scheduled__2024-11-25T00:00:00+00:00 [queued]>
[2025-08-08T02:39:50.890+0000] {taskinstance.py:2076} INFO - Dependencies all met for dep_context=requeueable deps ti=<TaskInstance: climate_data.create_folder scheduled__2024-11-25T00:00:00+00:00 [queued]>
[2025-08-08T02:39:50.891+0000] {taskinstance.py:2306} INFO - Starting attempt 1 of 1
[2025-08-08T02:39:50.901+0000] {taskinstance.py:2330} INFO - Executing <Task(BashOperator): create_folder> on 2024-11-25 00:00:00+00:00
[2025-08-08T02:39:50.904+0000] {standard_task_runner.py:63} INFO - Started process 1855 to run task
[2025-08-08T02:39:50.908+0000] {standard_task_runner.py:90} INFO - Running: ['***', 'tasks', 'run', 'climate_data', 'create_folder', 'scheduled__2024-11-25T00:00:00+00:00', '--job-id', '572', '--raw', '--subdir', 'DAGS_FOLDER/climate_data.py', '--cfg-path', '/tmp/tmpqt0r7pdv']
[2025-08-08T02:39:50.909+0000] {standard_task_runner.py:91} INFO - Job 572: Subtask create_folder
[2025-08-08T02:39:50.921+0000] {logging_mixin.py:188} WARNING - /home/***/.local/lib/python3.9/site-packages/***/settings.py:195 DeprecationWarning: The sql_alchemy_conn option in [core] has been moved to the sql_alchemy_conn option in [database] - the old setting has been used, but please update your config.
[2025-08-08T02:39:50.959+0000] {task_command.py:426} INFO - Running <TaskInstance: climate_data.create_folder scheduled__2024-11-25T00:00:00+00:00 [running]> on host 1a6f5acf67f4
[2025-08-08T02:39:51.029+0000] {taskinstance.py:2648} INFO - Exporting env vars: AIRFLOW_CTX_DAG_OWNER='***' AIRFLOW_CTX_DAG_ID='climate_data' AIRFLOW_CTX_TASK_ID='create_folder' AIRFLOW_CTX_EXECUTION_DATE='2024-11-25T00:00:00+00:00' AIRFLOW_CTX_TRY_NUMBER='1' AIRFLOW_CTX_DAG_RUN_ID='scheduled__2024-11-25T00:00:00+00:00'
[2025-08-08T02:39:51.030+0000] {taskinstance.py:430} INFO - ::endgroup::
[2025-08-08T02:39:51.039+0000] {subprocess.py:63} INFO - Tmp dir root location: /tmp
[2025-08-08T02:39:51.041+0000] {subprocess.py:75} INFO - Running command: ['/usr/bin/bash', '-c', 'mkdir -p /home/***/host_documents/week2024-12-02']
[2025-08-08T02:39:51.050+0000] {subprocess.py:86} INFO - Output:
[2025-08-08T02:39:51.053+0000] {subprocess.py:97} INFO - Command exited with return code 0
[2025-08-08T02:39:51.054+0000] {taskinstance.py:441} INFO - ::group::Post task execution logs
[2025-08-08T02:39:51.075+0000] {taskinstance.py:1206} INFO - Marking task as SUCCESS. dag_id=climate_data, task_id=create_folder, run_id=scheduled__2024-11-25T00:00:00+00:00, execution_date=20241125T000000, start_date=20250808T023950, end_date=20250808T023951
[2025-08-08T02:39:51.120+0000] {local_task_job_runner.py:240} INFO - Task exited with return code 0
[2025-08-08T02:39:51.128+0000] {local_task_job_runner.py:222} INFO - ::endgroup::
[2025-08-08T02:42:50.635+0000] {local_task_job_runner.py:120} INFO - ::group::Pre task execution logs
[2025-08-08T02:42:50.658+0000] {taskinstance.py:2076} INFO - Dependencies all met for dep_context=non-requeueable deps ti=<TaskInstance: climate_data.create_folder scheduled__2024-11-25T00:00:00+00:00 [queued]>
[2025-08-08T02:42:50.666+0000] {taskinstance.py:2076} INFO - Dependencies all met for dep_context=requeueable deps ti=<TaskInstance: climate_data.create_folder scheduled__2024-11-25T00:00:00+00:00 [queued]>
[2025-08-08T02:42:50.666+0000] {taskinstance.py:2306} INFO - Starting attempt 1 of 1
[2025-08-08T02:42:50.677+0000] {taskinstance.py:2330} INFO - Executing <Task(BashOperator): create_folder> on 2024-11-25 00:00:00+00:00
[2025-08-08T02:42:50.681+0000] {standard_task_runner.py:63} INFO - Started process 3024 to run task
[2025-08-08T02:42:50.685+0000] {standard_task_runner.py:90} INFO - Running: ['***', 'tasks', 'run', 'climate_data', 'create_folder', 'scheduled__2024-11-25T00:00:00+00:00', '--job-id', '878', '--raw', '--subdir', 'DAGS_FOLDER/climate_data.py', '--cfg-path', '/tmp/tmpd_5qlf85']
[2025-08-08T02:42:50.688+0000] {standard_task_runner.py:91} INFO - Job 878: Subtask create_folder
[2025-08-08T02:42:50.702+0000] {logging_mixin.py:188} WARNING - /home/***/.local/lib/python3.9/site-packages/***/settings.py:195 DeprecationWarning: The sql_alchemy_conn option in [core] has been moved to the sql_alchemy_conn option in [database] - the old setting has been used, but please update your config.
[2025-08-08T02:42:50.747+0000] {task_command.py:426} INFO - Running <TaskInstance: climate_data.create_folder scheduled__2024-11-25T00:00:00+00:00 [running]> on host 1a6f5acf67f4
[2025-08-08T02:42:50.818+0000] {taskinstance.py:2648} INFO - Exporting env vars: AIRFLOW_CTX_DAG_OWNER='***' AIRFLOW_CTX_DAG_ID='climate_data' AIRFLOW_CTX_TASK_ID='create_folder' AIRFLOW_CTX_EXECUTION_DATE='2024-11-25T00:00:00+00:00' AIRFLOW_CTX_TRY_NUMBER='1' AIRFLOW_CTX_DAG_RUN_ID='scheduled__2024-11-25T00:00:00+00:00'
[2025-08-08T02:42:50.820+0000] {taskinstance.py:430} INFO - ::endgroup::
[2025-08-08T02:42:50.828+0000] {subprocess.py:63} INFO - Tmp dir root location: /tmp
[2025-08-08T02:42:50.828+0000] {subprocess.py:75} INFO - Running command: ['/usr/bin/bash', '-c', 'mkdir -p "/home/***/host_documents/week2024-12-02"']
[2025-08-08T02:42:50.839+0000] {subprocess.py:86} INFO - Output:
[2025-08-08T02:42:50.842+0000] {subprocess.py:97} INFO - Command exited with return code 0
[2025-08-08T02:42:50.843+0000] {taskinstance.py:441} INFO - ::group::Post task execution logs
[2025-08-08T02:42:50.867+0000] {taskinstance.py:1206} INFO - Marking task as SUCCESS. dag_id=climate_data, task_id=create_folder, run_id=scheduled__2024-11-25T00:00:00+00:00, execution_date=20241125T000000, start_date=20250808T024250, end_date=20250808T024250
[2025-08-08T02:42:50.937+0000] {local_task_job_runner.py:240} INFO - Task exited with return code 0
[2025-08-08T02:42:50.956+0000] {taskinstance.py:3498} INFO - 1 downstream tasks scheduled from follow-on schedule check
[2025-08-08T02:42:50.958+0000] {local_task_job_runner.py:222} INFO - ::endgroup::
