[2025-08-08T02:26:51.589+0000] {local_task_job_runner.py:120} INFO - ::group::Pre task execution logs
[2025-08-08T02:26:51.609+0000] {taskinstance.py:2076} INFO - Dependencies all met for dep_context=non-requeueable deps ti=<TaskInstance: climate_data.create_folder scheduled__2024-09-02T00:00:00+00:00 [queued]>
[2025-08-08T02:26:51.615+0000] {taskinstance.py:2076} INFO - Dependencies all met for dep_context=requeueable deps ti=<TaskInstance: climate_data.create_folder scheduled__2024-09-02T00:00:00+00:00 [queued]>
[2025-08-08T02:26:51.616+0000] {taskinstance.py:2306} INFO - Starting attempt 1 of 1
[2025-08-08T02:26:51.625+0000] {taskinstance.py:2330} INFO - Executing <Task(BashOperator): create_folder> on 2024-09-02 00:00:00+00:00
[2025-08-08T02:26:51.629+0000] {standard_task_runner.py:63} INFO - Started process 658 to run task
[2025-08-08T02:26:51.632+0000] {standard_task_runner.py:90} INFO - Running: ['***', 'tasks', 'run', 'climate_data', 'create_folder', 'scheduled__2024-09-02T00:00:00+00:00', '--job-id', '135', '--raw', '--subdir', 'DAGS_FOLDER/climate_data.py', '--cfg-path', '/tmp/tmpqnec1wv0']
[2025-08-08T02:26:51.635+0000] {standard_task_runner.py:91} INFO - Job 135: Subtask create_folder
[2025-08-08T02:26:51.647+0000] {logging_mixin.py:188} WARNING - /home/***/.local/lib/python3.9/site-packages/***/settings.py:195 DeprecationWarning: The sql_alchemy_conn option in [core] has been moved to the sql_alchemy_conn option in [database] - the old setting has been used, but please update your config.
[2025-08-08T02:26:51.681+0000] {task_command.py:426} INFO - Running <TaskInstance: climate_data.create_folder scheduled__2024-09-02T00:00:00+00:00 [running]> on host 3ceab82043f1
[2025-08-08T02:26:51.736+0000] {taskinstance.py:2648} INFO - Exporting env vars: AIRFLOW_CTX_DAG_OWNER='***' AIRFLOW_CTX_DAG_ID='climate_data' AIRFLOW_CTX_TASK_ID='create_folder' AIRFLOW_CTX_EXECUTION_DATE='2024-09-02T00:00:00+00:00' AIRFLOW_CTX_TRY_NUMBER='1' AIRFLOW_CTX_DAG_RUN_ID='scheduled__2024-09-02T00:00:00+00:00'
[2025-08-08T02:26:51.737+0000] {taskinstance.py:430} INFO - ::endgroup::
[2025-08-08T02:26:51.745+0000] {subprocess.py:63} INFO - Tmp dir root location: /tmp
[2025-08-08T02:26:51.745+0000] {subprocess.py:75} INFO - Running command: ['/usr/bin/bash', '-c', 'mkdir -p /home/***/host_documents/week2024-09-09"']
[2025-08-08T02:26:51.752+0000] {subprocess.py:86} INFO - Output:
[2025-08-08T02:26:51.753+0000] {subprocess.py:93} INFO - /usr/bin/bash: -c: line 1: unexpected EOF while looking for matching `"'
[2025-08-08T02:26:51.754+0000] {subprocess.py:97} INFO - Command exited with return code 2
[2025-08-08T02:26:51.754+0000] {taskinstance.py:441} INFO - ::group::Post task execution logs
[2025-08-08T02:26:51.761+0000] {taskinstance.py:2905} ERROR - Task failed with exception
Traceback (most recent call last):
  File "/home/airflow/.local/lib/python3.9/site-packages/airflow/models/taskinstance.py", line 465, in _execute_task
    result = _execute_callable(context=context, **execute_callable_kwargs)
  File "/home/airflow/.local/lib/python3.9/site-packages/airflow/models/taskinstance.py", line 432, in _execute_callable
    return execute_callable(context=context, **execute_callable_kwargs)
  File "/home/airflow/.local/lib/python3.9/site-packages/airflow/models/baseoperator.py", line 400, in wrapper
    return func(self, *args, **kwargs)
  File "/home/airflow/.local/lib/python3.9/site-packages/airflow/operators/bash.py", line 243, in execute
    raise AirflowException(
airflow.exceptions.AirflowException: Bash command failed. The command returned a non-zero exit code 2.
[2025-08-08T02:26:51.764+0000] {taskinstance.py:1206} INFO - Marking task as FAILED. dag_id=climate_data, task_id=create_folder, run_id=scheduled__2024-09-02T00:00:00+00:00, execution_date=20240902T000000, start_date=20250808T022651, end_date=20250808T022651
[2025-08-08T02:26:51.771+0000] {standard_task_runner.py:110} ERROR - Failed to execute job 135 for task create_folder (Bash command failed. The command returned a non-zero exit code 2.; 658)
[2025-08-08T02:26:51.804+0000] {local_task_job_runner.py:240} INFO - Task exited with return code 1
[2025-08-08T02:26:51.819+0000] {taskinstance.py:3498} INFO - 0 downstream tasks scheduled from follow-on schedule check
[2025-08-08T02:26:51.822+0000] {local_task_job_runner.py:222} INFO - ::endgroup::
[2025-08-08T02:35:12.335+0000] {local_task_job_runner.py:120} INFO - ::group::Pre task execution logs
[2025-08-08T02:35:12.354+0000] {taskinstance.py:2076} INFO - Dependencies all met for dep_context=non-requeueable deps ti=<TaskInstance: climate_data.create_folder scheduled__2024-09-02T00:00:00+00:00 [queued]>
[2025-08-08T02:35:12.361+0000] {taskinstance.py:2076} INFO - Dependencies all met for dep_context=requeueable deps ti=<TaskInstance: climate_data.create_folder scheduled__2024-09-02T00:00:00+00:00 [queued]>
[2025-08-08T02:35:12.362+0000] {taskinstance.py:2306} INFO - Starting attempt 1 of 1
[2025-08-08T02:35:12.372+0000] {taskinstance.py:2330} INFO - Executing <Task(BashOperator): create_folder> on 2024-09-02 00:00:00+00:00
[2025-08-08T02:35:12.376+0000] {standard_task_runner.py:63} INFO - Started process 693 to run task
[2025-08-08T02:35:12.378+0000] {standard_task_runner.py:90} INFO - Running: ['***', 'tasks', 'run', 'climate_data', 'create_folder', 'scheduled__2024-09-02T00:00:00+00:00', '--job-id', '291', '--raw', '--subdir', 'DAGS_FOLDER/climate_data.py', '--cfg-path', '/tmp/tmpjklt5c2b']
[2025-08-08T02:35:12.380+0000] {standard_task_runner.py:91} INFO - Job 291: Subtask create_folder
[2025-08-08T02:35:12.392+0000] {logging_mixin.py:188} WARNING - /home/***/.local/lib/python3.9/site-packages/***/settings.py:195 DeprecationWarning: The sql_alchemy_conn option in [core] has been moved to the sql_alchemy_conn option in [database] - the old setting has been used, but please update your config.
[2025-08-08T02:35:12.433+0000] {task_command.py:426} INFO - Running <TaskInstance: climate_data.create_folder scheduled__2024-09-02T00:00:00+00:00 [running]> on host 1a6f5acf67f4
[2025-08-08T02:35:12.493+0000] {taskinstance.py:2648} INFO - Exporting env vars: AIRFLOW_CTX_DAG_OWNER='***' AIRFLOW_CTX_DAG_ID='climate_data' AIRFLOW_CTX_TASK_ID='create_folder' AIRFLOW_CTX_EXECUTION_DATE='2024-09-02T00:00:00+00:00' AIRFLOW_CTX_TRY_NUMBER='1' AIRFLOW_CTX_DAG_RUN_ID='scheduled__2024-09-02T00:00:00+00:00'
[2025-08-08T02:35:12.494+0000] {taskinstance.py:430} INFO - ::endgroup::
[2025-08-08T02:35:12.502+0000] {subprocess.py:63} INFO - Tmp dir root location: /tmp
[2025-08-08T02:35:12.503+0000] {subprocess.py:75} INFO - Running command: ['/usr/bin/bash', '-c', 'mkdir -p /home/***/host_documents/week2024-09-09"']
[2025-08-08T02:35:12.510+0000] {subprocess.py:86} INFO - Output:
[2025-08-08T02:35:12.511+0000] {subprocess.py:93} INFO - /usr/bin/bash: -c: line 1: unexpected EOF while looking for matching `"'
[2025-08-08T02:35:12.512+0000] {subprocess.py:97} INFO - Command exited with return code 2
[2025-08-08T02:35:12.512+0000] {taskinstance.py:441} INFO - ::group::Post task execution logs
[2025-08-08T02:35:12.520+0000] {taskinstance.py:2905} ERROR - Task failed with exception
Traceback (most recent call last):
  File "/home/airflow/.local/lib/python3.9/site-packages/airflow/models/taskinstance.py", line 465, in _execute_task
    result = _execute_callable(context=context, **execute_callable_kwargs)
  File "/home/airflow/.local/lib/python3.9/site-packages/airflow/models/taskinstance.py", line 432, in _execute_callable
    return execute_callable(context=context, **execute_callable_kwargs)
  File "/home/airflow/.local/lib/python3.9/site-packages/airflow/models/baseoperator.py", line 400, in wrapper
    return func(self, *args, **kwargs)
  File "/home/airflow/.local/lib/python3.9/site-packages/airflow/operators/bash.py", line 243, in execute
    raise AirflowException(
airflow.exceptions.AirflowException: Bash command failed. The command returned a non-zero exit code 2.
[2025-08-08T02:35:12.522+0000] {taskinstance.py:1206} INFO - Marking task as FAILED. dag_id=climate_data, task_id=create_folder, run_id=scheduled__2024-09-02T00:00:00+00:00, execution_date=20240902T000000, start_date=20250808T023512, end_date=20250808T023512
[2025-08-08T02:35:12.530+0000] {standard_task_runner.py:110} ERROR - Failed to execute job 291 for task create_folder (Bash command failed. The command returned a non-zero exit code 2.; 693)
[2025-08-08T02:35:12.551+0000] {local_task_job_runner.py:240} INFO - Task exited with return code 1
[2025-08-08T02:35:12.562+0000] {taskinstance.py:3498} INFO - 0 downstream tasks scheduled from follow-on schedule check
[2025-08-08T02:35:12.564+0000] {local_task_job_runner.py:222} INFO - ::endgroup::
[2025-08-08T02:39:46.161+0000] {local_task_job_runner.py:120} INFO - ::group::Pre task execution logs
[2025-08-08T02:39:46.183+0000] {taskinstance.py:2076} INFO - Dependencies all met for dep_context=non-requeueable deps ti=<TaskInstance: climate_data.create_folder scheduled__2024-09-02T00:00:00+00:00 [queued]>
[2025-08-08T02:39:46.191+0000] {taskinstance.py:2076} INFO - Dependencies all met for dep_context=requeueable deps ti=<TaskInstance: climate_data.create_folder scheduled__2024-09-02T00:00:00+00:00 [queued]>
[2025-08-08T02:39:46.192+0000] {taskinstance.py:2306} INFO - Starting attempt 1 of 1
[2025-08-08T02:39:46.269+0000] {taskinstance.py:2330} INFO - Executing <Task(BashOperator): create_folder> on 2024-09-02 00:00:00+00:00
[2025-08-08T02:39:46.274+0000] {standard_task_runner.py:63} INFO - Started process 1767 to run task
[2025-08-08T02:39:46.277+0000] {standard_task_runner.py:90} INFO - Running: ['***', 'tasks', 'run', 'climate_data', 'create_folder', 'scheduled__2024-09-02T00:00:00+00:00', '--job-id', '544', '--raw', '--subdir', 'DAGS_FOLDER/climate_data.py', '--cfg-path', '/tmp/tmpouw3aend']
[2025-08-08T02:39:46.282+0000] {standard_task_runner.py:91} INFO - Job 544: Subtask create_folder
[2025-08-08T02:39:46.297+0000] {logging_mixin.py:188} WARNING - /home/***/.local/lib/python3.9/site-packages/***/settings.py:195 DeprecationWarning: The sql_alchemy_conn option in [core] has been moved to the sql_alchemy_conn option in [database] - the old setting has been used, but please update your config.
[2025-08-08T02:39:46.341+0000] {task_command.py:426} INFO - Running <TaskInstance: climate_data.create_folder scheduled__2024-09-02T00:00:00+00:00 [running]> on host 1a6f5acf67f4
[2025-08-08T02:39:46.418+0000] {taskinstance.py:2648} INFO - Exporting env vars: AIRFLOW_CTX_DAG_OWNER='***' AIRFLOW_CTX_DAG_ID='climate_data' AIRFLOW_CTX_TASK_ID='create_folder' AIRFLOW_CTX_EXECUTION_DATE='2024-09-02T00:00:00+00:00' AIRFLOW_CTX_TRY_NUMBER='1' AIRFLOW_CTX_DAG_RUN_ID='scheduled__2024-09-02T00:00:00+00:00'
[2025-08-08T02:39:46.421+0000] {taskinstance.py:430} INFO - ::endgroup::
[2025-08-08T02:39:46.432+0000] {subprocess.py:63} INFO - Tmp dir root location: /tmp
[2025-08-08T02:39:46.433+0000] {subprocess.py:75} INFO - Running command: ['/usr/bin/bash', '-c', 'mkdir -p /home/***/host_documents/week2024-09-09']
[2025-08-08T02:39:46.444+0000] {subprocess.py:86} INFO - Output:
[2025-08-08T02:39:46.449+0000] {subprocess.py:97} INFO - Command exited with return code 0
[2025-08-08T02:39:46.450+0000] {taskinstance.py:441} INFO - ::group::Post task execution logs
[2025-08-08T02:39:46.477+0000] {taskinstance.py:1206} INFO - Marking task as SUCCESS. dag_id=climate_data, task_id=create_folder, run_id=scheduled__2024-09-02T00:00:00+00:00, execution_date=20240902T000000, start_date=20250808T023946, end_date=20250808T023946
[2025-08-08T02:39:46.571+0000] {local_task_job_runner.py:240} INFO - Task exited with return code 0
[2025-08-08T02:39:46.593+0000] {taskinstance.py:3498} INFO - 1 downstream tasks scheduled from follow-on schedule check
[2025-08-08T02:39:46.595+0000] {local_task_job_runner.py:222} INFO - ::endgroup::
[2025-08-08T02:42:45.009+0000] {local_task_job_runner.py:120} INFO - ::group::Pre task execution logs
[2025-08-08T02:42:45.031+0000] {taskinstance.py:2076} INFO - Dependencies all met for dep_context=non-requeueable deps ti=<TaskInstance: climate_data.create_folder scheduled__2024-09-02T00:00:00+00:00 [queued]>
[2025-08-08T02:42:45.042+0000] {taskinstance.py:2076} INFO - Dependencies all met for dep_context=requeueable deps ti=<TaskInstance: climate_data.create_folder scheduled__2024-09-02T00:00:00+00:00 [queued]>
[2025-08-08T02:42:45.043+0000] {taskinstance.py:2306} INFO - Starting attempt 1 of 1
[2025-08-08T02:42:45.058+0000] {taskinstance.py:2330} INFO - Executing <Task(BashOperator): create_folder> on 2024-09-02 00:00:00+00:00
[2025-08-08T02:42:45.067+0000] {standard_task_runner.py:63} INFO - Started process 2941 to run task
[2025-08-08T02:42:45.072+0000] {standard_task_runner.py:90} INFO - Running: ['***', 'tasks', 'run', 'climate_data', 'create_folder', 'scheduled__2024-09-02T00:00:00+00:00', '--job-id', '853', '--raw', '--subdir', 'DAGS_FOLDER/climate_data.py', '--cfg-path', '/tmp/tmp2fl56pbm']
[2025-08-08T02:42:45.077+0000] {standard_task_runner.py:91} INFO - Job 853: Subtask create_folder
[2025-08-08T02:42:45.092+0000] {logging_mixin.py:188} WARNING - /home/***/.local/lib/python3.9/site-packages/***/settings.py:195 DeprecationWarning: The sql_alchemy_conn option in [core] has been moved to the sql_alchemy_conn option in [database] - the old setting has been used, but please update your config.
[2025-08-08T02:42:45.138+0000] {task_command.py:426} INFO - Running <TaskInstance: climate_data.create_folder scheduled__2024-09-02T00:00:00+00:00 [running]> on host 1a6f5acf67f4
[2025-08-08T02:42:45.214+0000] {taskinstance.py:2648} INFO - Exporting env vars: AIRFLOW_CTX_DAG_OWNER='***' AIRFLOW_CTX_DAG_ID='climate_data' AIRFLOW_CTX_TASK_ID='create_folder' AIRFLOW_CTX_EXECUTION_DATE='2024-09-02T00:00:00+00:00' AIRFLOW_CTX_TRY_NUMBER='1' AIRFLOW_CTX_DAG_RUN_ID='scheduled__2024-09-02T00:00:00+00:00'
[2025-08-08T02:42:45.216+0000] {taskinstance.py:430} INFO - ::endgroup::
[2025-08-08T02:42:45.229+0000] {subprocess.py:63} INFO - Tmp dir root location: /tmp
[2025-08-08T02:42:45.231+0000] {subprocess.py:75} INFO - Running command: ['/usr/bin/bash', '-c', 'mkdir -p "/home/***/host_documents/week2024-09-09"']
[2025-08-08T02:42:45.244+0000] {subprocess.py:86} INFO - Output:
[2025-08-08T02:42:45.248+0000] {subprocess.py:97} INFO - Command exited with return code 0
[2025-08-08T02:42:45.248+0000] {taskinstance.py:441} INFO - ::group::Post task execution logs
[2025-08-08T02:42:45.273+0000] {taskinstance.py:1206} INFO - Marking task as SUCCESS. dag_id=climate_data, task_id=create_folder, run_id=scheduled__2024-09-02T00:00:00+00:00, execution_date=20240902T000000, start_date=20250808T024245, end_date=20250808T024245
[2025-08-08T02:42:45.368+0000] {local_task_job_runner.py:240} INFO - Task exited with return code 0
[2025-08-08T02:42:45.388+0000] {taskinstance.py:3498} INFO - 1 downstream tasks scheduled from follow-on schedule check
[2025-08-08T02:42:45.390+0000] {local_task_job_runner.py:222} INFO - ::endgroup::
