[2025-08-08T02:26:55.609+0000] {local_task_job_runner.py:120} INFO - ::group::Pre task execution logs
[2025-08-08T02:26:55.631+0000] {taskinstance.py:2076} INFO - Dependencies all met for dep_context=non-requeueable deps ti=<TaskInstance: climate_data.create_folder scheduled__2024-11-18T00:00:00+00:00 [queued]>
[2025-08-08T02:26:55.638+0000] {taskinstance.py:2076} INFO - Dependencies all met for dep_context=requeueable deps ti=<TaskInstance: climate_data.create_folder scheduled__2024-11-18T00:00:00+00:00 [queued]>
[2025-08-08T02:26:55.639+0000] {taskinstance.py:2306} INFO - Starting attempt 1 of 1
[2025-08-08T02:26:55.649+0000] {taskinstance.py:2330} INFO - Executing <Task(BashOperator): create_folder> on 2024-11-18 00:00:00+00:00
[2025-08-08T02:26:55.653+0000] {standard_task_runner.py:63} INFO - Started process 702 to run task
[2025-08-08T02:26:55.656+0000] {standard_task_runner.py:90} INFO - Running: ['***', 'tasks', 'run', 'climate_data', 'create_folder', 'scheduled__2024-11-18T00:00:00+00:00', '--job-id', '146', '--raw', '--subdir', 'DAGS_FOLDER/climate_data.py', '--cfg-path', '/tmp/tmpj33w7l48']
[2025-08-08T02:26:55.658+0000] {standard_task_runner.py:91} INFO - Job 146: Subtask create_folder
[2025-08-08T02:26:55.670+0000] {logging_mixin.py:188} WARNING - /home/***/.local/lib/python3.9/site-packages/***/settings.py:195 DeprecationWarning: The sql_alchemy_conn option in [core] has been moved to the sql_alchemy_conn option in [database] - the old setting has been used, but please update your config.
[2025-08-08T02:26:55.707+0000] {task_command.py:426} INFO - Running <TaskInstance: climate_data.create_folder scheduled__2024-11-18T00:00:00+00:00 [running]> on host 3ceab82043f1
[2025-08-08T02:26:55.771+0000] {taskinstance.py:2648} INFO - Exporting env vars: AIRFLOW_CTX_DAG_OWNER='***' AIRFLOW_CTX_DAG_ID='climate_data' AIRFLOW_CTX_TASK_ID='create_folder' AIRFLOW_CTX_EXECUTION_DATE='2024-11-18T00:00:00+00:00' AIRFLOW_CTX_TRY_NUMBER='1' AIRFLOW_CTX_DAG_RUN_ID='scheduled__2024-11-18T00:00:00+00:00'
[2025-08-08T02:26:55.772+0000] {taskinstance.py:430} INFO - ::endgroup::
[2025-08-08T02:26:55.785+0000] {subprocess.py:63} INFO - Tmp dir root location: /tmp
[2025-08-08T02:26:55.786+0000] {subprocess.py:75} INFO - Running command: ['/usr/bin/bash', '-c', 'mkdir -p /home/***/host_documents/week2024-11-25"']
[2025-08-08T02:26:55.793+0000] {subprocess.py:86} INFO - Output:
[2025-08-08T02:26:55.794+0000] {subprocess.py:93} INFO - /usr/bin/bash: -c: line 1: unexpected EOF while looking for matching `"'
[2025-08-08T02:26:55.795+0000] {subprocess.py:97} INFO - Command exited with return code 2
[2025-08-08T02:26:55.796+0000] {taskinstance.py:441} INFO - ::group::Post task execution logs
[2025-08-08T02:26:55.803+0000] {taskinstance.py:2905} ERROR - Task failed with exception
Traceback (most recent call last):
  File "/home/airflow/.local/lib/python3.9/site-packages/airflow/models/taskinstance.py", line 465, in _execute_task
    result = _execute_callable(context=context, **execute_callable_kwargs)
  File "/home/airflow/.local/lib/python3.9/site-packages/airflow/models/taskinstance.py", line 432, in _execute_callable
    return execute_callable(context=context, **execute_callable_kwargs)
  File "/home/airflow/.local/lib/python3.9/site-packages/airflow/models/baseoperator.py", line 400, in wrapper
    return func(self, *args, **kwargs)
  File "/home/airflow/.local/lib/python3.9/site-packages/airflow/operators/bash.py", line 243, in execute
    raise AirflowException(
airflow.exceptions.AirflowException: Bash command failed. The command returned a non-zero exit code 2.
[2025-08-08T02:26:55.806+0000] {taskinstance.py:1206} INFO - Marking task as FAILED. dag_id=climate_data, task_id=create_folder, run_id=scheduled__2024-11-18T00:00:00+00:00, execution_date=20241118T000000, start_date=20250808T022655, end_date=20250808T022655
[2025-08-08T02:26:55.815+0000] {standard_task_runner.py:110} ERROR - Failed to execute job 146 for task create_folder (Bash command failed. The command returned a non-zero exit code 2.; 702)
[2025-08-08T02:26:55.828+0000] {local_task_job_runner.py:240} INFO - Task exited with return code 1
[2025-08-08T02:26:55.841+0000] {taskinstance.py:3498} INFO - 0 downstream tasks scheduled from follow-on schedule check
[2025-08-08T02:26:55.845+0000] {local_task_job_runner.py:222} INFO - ::endgroup::
[2025-08-08T02:35:15.085+0000] {local_task_job_runner.py:120} INFO - ::group::Pre task execution logs
[2025-08-08T02:35:15.104+0000] {taskinstance.py:2076} INFO - Dependencies all met for dep_context=non-requeueable deps ti=<TaskInstance: climate_data.create_folder scheduled__2024-11-18T00:00:00+00:00 [queued]>
[2025-08-08T02:35:15.111+0000] {taskinstance.py:2076} INFO - Dependencies all met for dep_context=requeueable deps ti=<TaskInstance: climate_data.create_folder scheduled__2024-11-18T00:00:00+00:00 [queued]>
[2025-08-08T02:35:15.111+0000] {taskinstance.py:2306} INFO - Starting attempt 1 of 1
[2025-08-08T02:35:15.122+0000] {taskinstance.py:2330} INFO - Executing <Task(BashOperator): create_folder> on 2024-11-18 00:00:00+00:00
[2025-08-08T02:35:15.126+0000] {standard_task_runner.py:63} INFO - Started process 737 to run task
[2025-08-08T02:35:15.129+0000] {standard_task_runner.py:90} INFO - Running: ['***', 'tasks', 'run', 'climate_data', 'create_folder', 'scheduled__2024-11-18T00:00:00+00:00', '--job-id', '302', '--raw', '--subdir', 'DAGS_FOLDER/climate_data.py', '--cfg-path', '/tmp/tmpa0cd1rzk']
[2025-08-08T02:35:15.131+0000] {standard_task_runner.py:91} INFO - Job 302: Subtask create_folder
[2025-08-08T02:35:15.142+0000] {logging_mixin.py:188} WARNING - /home/***/.local/lib/python3.9/site-packages/***/settings.py:195 DeprecationWarning: The sql_alchemy_conn option in [core] has been moved to the sql_alchemy_conn option in [database] - the old setting has been used, but please update your config.
[2025-08-08T02:35:15.179+0000] {task_command.py:426} INFO - Running <TaskInstance: climate_data.create_folder scheduled__2024-11-18T00:00:00+00:00 [running]> on host 1a6f5acf67f4
[2025-08-08T02:35:15.237+0000] {taskinstance.py:2648} INFO - Exporting env vars: AIRFLOW_CTX_DAG_OWNER='***' AIRFLOW_CTX_DAG_ID='climate_data' AIRFLOW_CTX_TASK_ID='create_folder' AIRFLOW_CTX_EXECUTION_DATE='2024-11-18T00:00:00+00:00' AIRFLOW_CTX_TRY_NUMBER='1' AIRFLOW_CTX_DAG_RUN_ID='scheduled__2024-11-18T00:00:00+00:00'
[2025-08-08T02:35:15.238+0000] {taskinstance.py:430} INFO - ::endgroup::
[2025-08-08T02:35:15.245+0000] {subprocess.py:63} INFO - Tmp dir root location: /tmp
[2025-08-08T02:35:15.246+0000] {subprocess.py:75} INFO - Running command: ['/usr/bin/bash', '-c', 'mkdir -p /home/***/host_documents/week2024-11-25"']
[2025-08-08T02:35:15.254+0000] {subprocess.py:86} INFO - Output:
[2025-08-08T02:35:15.255+0000] {subprocess.py:93} INFO - /usr/bin/bash: -c: line 1: unexpected EOF while looking for matching `"'
[2025-08-08T02:35:15.255+0000] {subprocess.py:97} INFO - Command exited with return code 2
[2025-08-08T02:35:15.257+0000] {taskinstance.py:441} INFO - ::group::Post task execution logs
[2025-08-08T02:35:15.265+0000] {taskinstance.py:2905} ERROR - Task failed with exception
Traceback (most recent call last):
  File "/home/airflow/.local/lib/python3.9/site-packages/airflow/models/taskinstance.py", line 465, in _execute_task
    result = _execute_callable(context=context, **execute_callable_kwargs)
  File "/home/airflow/.local/lib/python3.9/site-packages/airflow/models/taskinstance.py", line 432, in _execute_callable
    return execute_callable(context=context, **execute_callable_kwargs)
  File "/home/airflow/.local/lib/python3.9/site-packages/airflow/models/baseoperator.py", line 400, in wrapper
    return func(self, *args, **kwargs)
  File "/home/airflow/.local/lib/python3.9/site-packages/airflow/operators/bash.py", line 243, in execute
    raise AirflowException(
airflow.exceptions.AirflowException: Bash command failed. The command returned a non-zero exit code 2.
[2025-08-08T02:35:15.267+0000] {taskinstance.py:1206} INFO - Marking task as FAILED. dag_id=climate_data, task_id=create_folder, run_id=scheduled__2024-11-18T00:00:00+00:00, execution_date=20241118T000000, start_date=20250808T023515, end_date=20250808T023515
[2025-08-08T02:35:15.275+0000] {standard_task_runner.py:110} ERROR - Failed to execute job 302 for task create_folder (Bash command failed. The command returned a non-zero exit code 2.; 737)
[2025-08-08T02:35:15.302+0000] {local_task_job_runner.py:240} INFO - Task exited with return code 1
[2025-08-08T02:35:15.315+0000] {taskinstance.py:3498} INFO - 0 downstream tasks scheduled from follow-on schedule check
[2025-08-08T02:35:15.318+0000] {local_task_job_runner.py:222} INFO - ::endgroup::
[2025-08-08T02:39:50.790+0000] {local_task_job_runner.py:120} INFO - ::group::Pre task execution logs
[2025-08-08T02:39:50.814+0000] {taskinstance.py:2076} INFO - Dependencies all met for dep_context=non-requeueable deps ti=<TaskInstance: climate_data.create_folder scheduled__2024-11-18T00:00:00+00:00 [queued]>
[2025-08-08T02:39:50.821+0000] {taskinstance.py:2076} INFO - Dependencies all met for dep_context=requeueable deps ti=<TaskInstance: climate_data.create_folder scheduled__2024-11-18T00:00:00+00:00 [queued]>
[2025-08-08T02:39:50.822+0000] {taskinstance.py:2306} INFO - Starting attempt 1 of 1
[2025-08-08T02:39:50.869+0000] {taskinstance.py:2330} INFO - Executing <Task(BashOperator): create_folder> on 2024-11-18 00:00:00+00:00
[2025-08-08T02:39:50.875+0000] {standard_task_runner.py:63} INFO - Started process 1853 to run task
[2025-08-08T02:39:50.878+0000] {standard_task_runner.py:90} INFO - Running: ['***', 'tasks', 'run', 'climate_data', 'create_folder', 'scheduled__2024-11-18T00:00:00+00:00', '--job-id', '571', '--raw', '--subdir', 'DAGS_FOLDER/climate_data.py', '--cfg-path', '/tmp/tmp4w5gjv6q']
[2025-08-08T02:39:50.880+0000] {standard_task_runner.py:91} INFO - Job 571: Subtask create_folder
[2025-08-08T02:39:50.893+0000] {logging_mixin.py:188} WARNING - /home/***/.local/lib/python3.9/site-packages/***/settings.py:195 DeprecationWarning: The sql_alchemy_conn option in [core] has been moved to the sql_alchemy_conn option in [database] - the old setting has been used, but please update your config.
[2025-08-08T02:39:50.939+0000] {task_command.py:426} INFO - Running <TaskInstance: climate_data.create_folder scheduled__2024-11-18T00:00:00+00:00 [running]> on host 1a6f5acf67f4
[2025-08-08T02:39:51.006+0000] {taskinstance.py:2648} INFO - Exporting env vars: AIRFLOW_CTX_DAG_OWNER='***' AIRFLOW_CTX_DAG_ID='climate_data' AIRFLOW_CTX_TASK_ID='create_folder' AIRFLOW_CTX_EXECUTION_DATE='2024-11-18T00:00:00+00:00' AIRFLOW_CTX_TRY_NUMBER='1' AIRFLOW_CTX_DAG_RUN_ID='scheduled__2024-11-18T00:00:00+00:00'
[2025-08-08T02:39:51.007+0000] {taskinstance.py:430} INFO - ::endgroup::
[2025-08-08T02:39:51.015+0000] {subprocess.py:63} INFO - Tmp dir root location: /tmp
[2025-08-08T02:39:51.019+0000] {subprocess.py:75} INFO - Running command: ['/usr/bin/bash', '-c', 'mkdir -p /home/***/host_documents/week2024-11-25']
[2025-08-08T02:39:51.028+0000] {subprocess.py:86} INFO - Output:
[2025-08-08T02:39:51.033+0000] {subprocess.py:97} INFO - Command exited with return code 0
[2025-08-08T02:39:51.035+0000] {taskinstance.py:441} INFO - ::group::Post task execution logs
[2025-08-08T02:39:51.058+0000] {taskinstance.py:1206} INFO - Marking task as SUCCESS. dag_id=climate_data, task_id=create_folder, run_id=scheduled__2024-11-18T00:00:00+00:00, execution_date=20241118T000000, start_date=20250808T023950, end_date=20250808T023951
[2025-08-08T02:39:51.090+0000] {local_task_job_runner.py:240} INFO - Task exited with return code 0
[2025-08-08T02:39:51.106+0000] {taskinstance.py:3498} INFO - 1 downstream tasks scheduled from follow-on schedule check
[2025-08-08T02:39:51.108+0000] {local_task_job_runner.py:222} INFO - ::endgroup::
[2025-08-08T02:42:50.550+0000] {local_task_job_runner.py:120} INFO - ::group::Pre task execution logs
[2025-08-08T02:42:50.572+0000] {taskinstance.py:2076} INFO - Dependencies all met for dep_context=non-requeueable deps ti=<TaskInstance: climate_data.create_folder scheduled__2024-11-18T00:00:00+00:00 [queued]>
[2025-08-08T02:42:50.580+0000] {taskinstance.py:2076} INFO - Dependencies all met for dep_context=requeueable deps ti=<TaskInstance: climate_data.create_folder scheduled__2024-11-18T00:00:00+00:00 [queued]>
[2025-08-08T02:42:50.580+0000] {taskinstance.py:2306} INFO - Starting attempt 1 of 1
[2025-08-08T02:42:50.593+0000] {taskinstance.py:2330} INFO - Executing <Task(BashOperator): create_folder> on 2024-11-18 00:00:00+00:00
[2025-08-08T02:42:50.597+0000] {standard_task_runner.py:63} INFO - Started process 3020 to run task
[2025-08-08T02:42:50.599+0000] {standard_task_runner.py:90} INFO - Running: ['***', 'tasks', 'run', 'climate_data', 'create_folder', 'scheduled__2024-11-18T00:00:00+00:00', '--job-id', '877', '--raw', '--subdir', 'DAGS_FOLDER/climate_data.py', '--cfg-path', '/tmp/tmp7ea3wsaf']
[2025-08-08T02:42:50.602+0000] {standard_task_runner.py:91} INFO - Job 877: Subtask create_folder
[2025-08-08T02:42:50.617+0000] {logging_mixin.py:188} WARNING - /home/***/.local/lib/python3.9/site-packages/***/settings.py:195 DeprecationWarning: The sql_alchemy_conn option in [core] has been moved to the sql_alchemy_conn option in [database] - the old setting has been used, but please update your config.
[2025-08-08T02:42:50.663+0000] {task_command.py:426} INFO - Running <TaskInstance: climate_data.create_folder scheduled__2024-11-18T00:00:00+00:00 [running]> on host 1a6f5acf67f4
[2025-08-08T02:42:50.736+0000] {taskinstance.py:2648} INFO - Exporting env vars: AIRFLOW_CTX_DAG_OWNER='***' AIRFLOW_CTX_DAG_ID='climate_data' AIRFLOW_CTX_TASK_ID='create_folder' AIRFLOW_CTX_EXECUTION_DATE='2024-11-18T00:00:00+00:00' AIRFLOW_CTX_TRY_NUMBER='1' AIRFLOW_CTX_DAG_RUN_ID='scheduled__2024-11-18T00:00:00+00:00'
[2025-08-08T02:42:50.737+0000] {taskinstance.py:430} INFO - ::endgroup::
[2025-08-08T02:42:50.744+0000] {subprocess.py:63} INFO - Tmp dir root location: /tmp
[2025-08-08T02:42:50.745+0000] {subprocess.py:75} INFO - Running command: ['/usr/bin/bash', '-c', 'mkdir -p "/home/***/host_documents/week2024-11-25"']
[2025-08-08T02:42:50.755+0000] {subprocess.py:86} INFO - Output:
[2025-08-08T02:42:50.760+0000] {subprocess.py:97} INFO - Command exited with return code 0
[2025-08-08T02:42:50.760+0000] {taskinstance.py:441} INFO - ::group::Post task execution logs
[2025-08-08T02:42:50.781+0000] {taskinstance.py:1206} INFO - Marking task as SUCCESS. dag_id=climate_data, task_id=create_folder, run_id=scheduled__2024-11-18T00:00:00+00:00, execution_date=20241118T000000, start_date=20250808T024250, end_date=20250808T024250
[2025-08-08T02:42:50.813+0000] {local_task_job_runner.py:240} INFO - Task exited with return code 0
[2025-08-08T02:42:50.830+0000] {taskinstance.py:3498} INFO - 1 downstream tasks scheduled from follow-on schedule check
[2025-08-08T02:42:50.832+0000] {local_task_job_runner.py:222} INFO - ::endgroup::
