[2025-08-08T02:26:19.820+0000] {local_task_job_runner.py:120} INFO - ::group::Pre task execution logs
[2025-08-08T02:26:19.838+0000] {taskinstance.py:2076} INFO - Dependencies all met for dep_context=non-requeueable deps ti=<TaskInstance: climate_data.create_folder scheduled__2022-10-31T00:00:00+00:00 [queued]>
[2025-08-08T02:26:19.846+0000] {taskinstance.py:2076} INFO - Dependencies all met for dep_context=requeueable deps ti=<TaskInstance: climate_data.create_folder scheduled__2022-10-31T00:00:00+00:00 [queued]>
[2025-08-08T02:26:19.847+0000] {taskinstance.py:2306} INFO - Starting attempt 1 of 1
[2025-08-08T02:26:19.856+0000] {taskinstance.py:2330} INFO - Executing <Task(BashOperator): create_folder> on 2022-10-31 00:00:00+00:00
[2025-08-08T02:26:19.860+0000] {standard_task_runner.py:63} INFO - Started process 254 to run task
[2025-08-08T02:26:19.862+0000] {standard_task_runner.py:90} INFO - Running: ['***', 'tasks', 'run', 'climate_data', 'create_folder', 'scheduled__2022-10-31T00:00:00+00:00', '--job-id', '39', '--raw', '--subdir', 'DAGS_FOLDER/climate_data.py', '--cfg-path', '/tmp/tmpd6xux07d']
[2025-08-08T02:26:19.864+0000] {standard_task_runner.py:91} INFO - Job 39: Subtask create_folder
[2025-08-08T02:26:19.874+0000] {logging_mixin.py:188} WARNING - /home/***/.local/lib/python3.9/site-packages/***/settings.py:195 DeprecationWarning: The sql_alchemy_conn option in [core] has been moved to the sql_alchemy_conn option in [database] - the old setting has been used, but please update your config.
[2025-08-08T02:26:19.911+0000] {task_command.py:426} INFO - Running <TaskInstance: climate_data.create_folder scheduled__2022-10-31T00:00:00+00:00 [running]> on host 3ceab82043f1
[2025-08-08T02:26:19.971+0000] {taskinstance.py:2648} INFO - Exporting env vars: AIRFLOW_CTX_DAG_OWNER='***' AIRFLOW_CTX_DAG_ID='climate_data' AIRFLOW_CTX_TASK_ID='create_folder' AIRFLOW_CTX_EXECUTION_DATE='2022-10-31T00:00:00+00:00' AIRFLOW_CTX_TRY_NUMBER='1' AIRFLOW_CTX_DAG_RUN_ID='scheduled__2022-10-31T00:00:00+00:00'
[2025-08-08T02:26:19.972+0000] {taskinstance.py:430} INFO - ::endgroup::
[2025-08-08T02:26:19.981+0000] {subprocess.py:63} INFO - Tmp dir root location: /tmp
[2025-08-08T02:26:19.981+0000] {subprocess.py:75} INFO - Running command: ['/usr/bin/bash', '-c', 'mkdir -p /home/***/host_documents/week2022-11-07"']
[2025-08-08T02:26:19.989+0000] {subprocess.py:86} INFO - Output:
[2025-08-08T02:26:19.990+0000] {subprocess.py:93} INFO - /usr/bin/bash: -c: line 1: unexpected EOF while looking for matching `"'
[2025-08-08T02:26:19.990+0000] {subprocess.py:97} INFO - Command exited with return code 2
[2025-08-08T02:26:19.991+0000] {taskinstance.py:441} INFO - ::group::Post task execution logs
[2025-08-08T02:26:19.999+0000] {taskinstance.py:2905} ERROR - Task failed with exception
Traceback (most recent call last):
  File "/home/airflow/.local/lib/python3.9/site-packages/airflow/models/taskinstance.py", line 465, in _execute_task
    result = _execute_callable(context=context, **execute_callable_kwargs)
  File "/home/airflow/.local/lib/python3.9/site-packages/airflow/models/taskinstance.py", line 432, in _execute_callable
    return execute_callable(context=context, **execute_callable_kwargs)
  File "/home/airflow/.local/lib/python3.9/site-packages/airflow/models/baseoperator.py", line 400, in wrapper
    return func(self, *args, **kwargs)
  File "/home/airflow/.local/lib/python3.9/site-packages/airflow/operators/bash.py", line 243, in execute
    raise AirflowException(
airflow.exceptions.AirflowException: Bash command failed. The command returned a non-zero exit code 2.
[2025-08-08T02:26:20.002+0000] {taskinstance.py:1206} INFO - Marking task as FAILED. dag_id=climate_data, task_id=create_folder, run_id=scheduled__2022-10-31T00:00:00+00:00, execution_date=20221031T000000, start_date=20250808T022619, end_date=20250808T022620
[2025-08-08T02:26:20.011+0000] {standard_task_runner.py:110} ERROR - Failed to execute job 39 for task create_folder (Bash command failed. The command returned a non-zero exit code 2.; 254)
[2025-08-08T02:26:20.034+0000] {local_task_job_runner.py:240} INFO - Task exited with return code 1
[2025-08-08T02:26:20.050+0000] {taskinstance.py:3498} INFO - 0 downstream tasks scheduled from follow-on schedule check
[2025-08-08T02:26:20.053+0000] {local_task_job_runner.py:222} INFO - ::endgroup::
[2025-08-08T02:34:38.310+0000] {local_task_job_runner.py:120} INFO - ::group::Pre task execution logs
[2025-08-08T02:34:38.329+0000] {taskinstance.py:2076} INFO - Dependencies all met for dep_context=non-requeueable deps ti=<TaskInstance: climate_data.create_folder scheduled__2022-10-31T00:00:00+00:00 [queued]>
[2025-08-08T02:34:38.335+0000] {taskinstance.py:2076} INFO - Dependencies all met for dep_context=requeueable deps ti=<TaskInstance: climate_data.create_folder scheduled__2022-10-31T00:00:00+00:00 [queued]>
[2025-08-08T02:34:38.335+0000] {taskinstance.py:2306} INFO - Starting attempt 1 of 1
[2025-08-08T02:34:38.343+0000] {taskinstance.py:2330} INFO - Executing <Task(BashOperator): create_folder> on 2022-10-31 00:00:00+00:00
[2025-08-08T02:34:38.347+0000] {standard_task_runner.py:63} INFO - Started process 287 to run task
[2025-08-08T02:34:38.349+0000] {standard_task_runner.py:90} INFO - Running: ['***', 'tasks', 'run', 'climate_data', 'create_folder', 'scheduled__2022-10-31T00:00:00+00:00', '--job-id', '194', '--raw', '--subdir', 'DAGS_FOLDER/climate_data.py', '--cfg-path', '/tmp/tmp9_zs20w7']
[2025-08-08T02:34:38.351+0000] {standard_task_runner.py:91} INFO - Job 194: Subtask create_folder
[2025-08-08T02:34:38.361+0000] {logging_mixin.py:188} WARNING - /home/***/.local/lib/python3.9/site-packages/***/settings.py:195 DeprecationWarning: The sql_alchemy_conn option in [core] has been moved to the sql_alchemy_conn option in [database] - the old setting has been used, but please update your config.
[2025-08-08T02:34:38.395+0000] {task_command.py:426} INFO - Running <TaskInstance: climate_data.create_folder scheduled__2022-10-31T00:00:00+00:00 [running]> on host 1a6f5acf67f4
[2025-08-08T02:34:38.446+0000] {taskinstance.py:2648} INFO - Exporting env vars: AIRFLOW_CTX_DAG_OWNER='***' AIRFLOW_CTX_DAG_ID='climate_data' AIRFLOW_CTX_TASK_ID='create_folder' AIRFLOW_CTX_EXECUTION_DATE='2022-10-31T00:00:00+00:00' AIRFLOW_CTX_TRY_NUMBER='1' AIRFLOW_CTX_DAG_RUN_ID='scheduled__2022-10-31T00:00:00+00:00'
[2025-08-08T02:34:38.447+0000] {taskinstance.py:430} INFO - ::endgroup::
[2025-08-08T02:34:38.454+0000] {subprocess.py:63} INFO - Tmp dir root location: /tmp
[2025-08-08T02:34:38.455+0000] {subprocess.py:75} INFO - Running command: ['/usr/bin/bash', '-c', 'mkdir -p /home/***/host_documents/week2022-11-07"']
[2025-08-08T02:34:38.464+0000] {subprocess.py:86} INFO - Output:
[2025-08-08T02:34:38.465+0000] {subprocess.py:93} INFO - /usr/bin/bash: -c: line 1: unexpected EOF while looking for matching `"'
[2025-08-08T02:34:38.466+0000] {subprocess.py:97} INFO - Command exited with return code 2
[2025-08-08T02:34:38.466+0000] {taskinstance.py:441} INFO - ::group::Post task execution logs
[2025-08-08T02:34:38.474+0000] {taskinstance.py:2905} ERROR - Task failed with exception
Traceback (most recent call last):
  File "/home/airflow/.local/lib/python3.9/site-packages/airflow/models/taskinstance.py", line 465, in _execute_task
    result = _execute_callable(context=context, **execute_callable_kwargs)
  File "/home/airflow/.local/lib/python3.9/site-packages/airflow/models/taskinstance.py", line 432, in _execute_callable
    return execute_callable(context=context, **execute_callable_kwargs)
  File "/home/airflow/.local/lib/python3.9/site-packages/airflow/models/baseoperator.py", line 400, in wrapper
    return func(self, *args, **kwargs)
  File "/home/airflow/.local/lib/python3.9/site-packages/airflow/operators/bash.py", line 243, in execute
    raise AirflowException(
airflow.exceptions.AirflowException: Bash command failed. The command returned a non-zero exit code 2.
[2025-08-08T02:34:38.476+0000] {taskinstance.py:1206} INFO - Marking task as FAILED. dag_id=climate_data, task_id=create_folder, run_id=scheduled__2022-10-31T00:00:00+00:00, execution_date=20221031T000000, start_date=20250808T023438, end_date=20250808T023438
[2025-08-08T02:34:38.483+0000] {standard_task_runner.py:110} ERROR - Failed to execute job 194 for task create_folder (Bash command failed. The command returned a non-zero exit code 2.; 287)
[2025-08-08T02:34:38.522+0000] {local_task_job_runner.py:240} INFO - Task exited with return code 1
[2025-08-08T02:34:38.536+0000] {taskinstance.py:3498} INFO - 0 downstream tasks scheduled from follow-on schedule check
[2025-08-08T02:34:38.539+0000] {local_task_job_runner.py:222} INFO - ::endgroup::
[2025-08-08T02:39:13.930+0000] {local_task_job_runner.py:120} INFO - ::group::Pre task execution logs
[2025-08-08T02:39:13.954+0000] {taskinstance.py:2076} INFO - Dependencies all met for dep_context=non-requeueable deps ti=<TaskInstance: climate_data.create_folder scheduled__2022-10-31T00:00:00+00:00 [queued]>
[2025-08-08T02:39:13.964+0000] {taskinstance.py:2076} INFO - Dependencies all met for dep_context=requeueable deps ti=<TaskInstance: climate_data.create_folder scheduled__2022-10-31T00:00:00+00:00 [queued]>
[2025-08-08T02:39:13.964+0000] {taskinstance.py:2306} INFO - Starting attempt 1 of 1
[2025-08-08T02:39:14.048+0000] {taskinstance.py:2330} INFO - Executing <Task(BashOperator): create_folder> on 2022-10-31 00:00:00+00:00
[2025-08-08T02:39:14.054+0000] {standard_task_runner.py:63} INFO - Started process 1079 to run task
[2025-08-08T02:39:14.057+0000] {standard_task_runner.py:90} INFO - Running: ['***', 'tasks', 'run', 'climate_data', 'create_folder', 'scheduled__2022-10-31T00:00:00+00:00', '--job-id', '350', '--raw', '--subdir', 'DAGS_FOLDER/climate_data.py', '--cfg-path', '/tmp/tmpwijjyycm']
[2025-08-08T02:39:14.060+0000] {standard_task_runner.py:91} INFO - Job 350: Subtask create_folder
[2025-08-08T02:39:14.079+0000] {logging_mixin.py:188} WARNING - /home/***/.local/lib/python3.9/site-packages/***/settings.py:195 DeprecationWarning: The sql_alchemy_conn option in [core] has been moved to the sql_alchemy_conn option in [database] - the old setting has been used, but please update your config.
[2025-08-08T02:39:14.136+0000] {task_command.py:426} INFO - Running <TaskInstance: climate_data.create_folder scheduled__2022-10-31T00:00:00+00:00 [running]> on host 1a6f5acf67f4
[2025-08-08T02:39:14.223+0000] {taskinstance.py:2648} INFO - Exporting env vars: AIRFLOW_CTX_DAG_OWNER='***' AIRFLOW_CTX_DAG_ID='climate_data' AIRFLOW_CTX_TASK_ID='create_folder' AIRFLOW_CTX_EXECUTION_DATE='2022-10-31T00:00:00+00:00' AIRFLOW_CTX_TRY_NUMBER='1' AIRFLOW_CTX_DAG_RUN_ID='scheduled__2022-10-31T00:00:00+00:00'
[2025-08-08T02:39:14.239+0000] {taskinstance.py:430} INFO - ::endgroup::
[2025-08-08T02:39:14.250+0000] {subprocess.py:63} INFO - Tmp dir root location: /tmp
[2025-08-08T02:39:14.251+0000] {subprocess.py:75} INFO - Running command: ['/usr/bin/bash', '-c', 'mkdir -p /home/***/host_documents/week2022-11-07']
[2025-08-08T02:39:14.263+0000] {subprocess.py:86} INFO - Output:
[2025-08-08T02:39:14.267+0000] {subprocess.py:97} INFO - Command exited with return code 0
[2025-08-08T02:39:14.268+0000] {taskinstance.py:441} INFO - ::group::Post task execution logs
[2025-08-08T02:39:14.293+0000] {taskinstance.py:1206} INFO - Marking task as SUCCESS. dag_id=climate_data, task_id=create_folder, run_id=scheduled__2022-10-31T00:00:00+00:00, execution_date=20221031T000000, start_date=20250808T023913, end_date=20250808T023914
[2025-08-08T02:39:14.351+0000] {local_task_job_runner.py:240} INFO - Task exited with return code 0
[2025-08-08T02:39:14.373+0000] {taskinstance.py:3498} INFO - 1 downstream tasks scheduled from follow-on schedule check
[2025-08-08T02:39:14.375+0000] {local_task_job_runner.py:222} INFO - ::endgroup::
[2025-08-08T02:42:12.510+0000] {local_task_job_runner.py:120} INFO - ::group::Pre task execution logs
[2025-08-08T02:42:12.538+0000] {taskinstance.py:2076} INFO - Dependencies all met for dep_context=non-requeueable deps ti=<TaskInstance: climate_data.create_folder scheduled__2022-10-31T00:00:00+00:00 [queued]>
[2025-08-08T02:42:12.552+0000] {taskinstance.py:2076} INFO - Dependencies all met for dep_context=requeueable deps ti=<TaskInstance: climate_data.create_folder scheduled__2022-10-31T00:00:00+00:00 [queued]>
[2025-08-08T02:42:12.553+0000] {taskinstance.py:2306} INFO - Starting attempt 1 of 1
[2025-08-08T02:42:12.629+0000] {taskinstance.py:2330} INFO - Executing <Task(BashOperator): create_folder> on 2022-10-31 00:00:00+00:00
[2025-08-08T02:42:12.635+0000] {standard_task_runner.py:63} INFO - Started process 2258 to run task
[2025-08-08T02:42:12.639+0000] {standard_task_runner.py:90} INFO - Running: ['***', 'tasks', 'run', 'climate_data', 'create_folder', 'scheduled__2022-10-31T00:00:00+00:00', '--job-id', '659', '--raw', '--subdir', 'DAGS_FOLDER/climate_data.py', '--cfg-path', '/tmp/tmpyxgq39pn']
[2025-08-08T02:42:12.641+0000] {standard_task_runner.py:91} INFO - Job 659: Subtask create_folder
[2025-08-08T02:42:12.659+0000] {logging_mixin.py:188} WARNING - /home/***/.local/lib/python3.9/site-packages/***/settings.py:195 DeprecationWarning: The sql_alchemy_conn option in [core] has been moved to the sql_alchemy_conn option in [database] - the old setting has been used, but please update your config.
[2025-08-08T02:42:12.709+0000] {task_command.py:426} INFO - Running <TaskInstance: climate_data.create_folder scheduled__2022-10-31T00:00:00+00:00 [running]> on host 1a6f5acf67f4
[2025-08-08T02:42:12.785+0000] {taskinstance.py:2648} INFO - Exporting env vars: AIRFLOW_CTX_DAG_OWNER='***' AIRFLOW_CTX_DAG_ID='climate_data' AIRFLOW_CTX_TASK_ID='create_folder' AIRFLOW_CTX_EXECUTION_DATE='2022-10-31T00:00:00+00:00' AIRFLOW_CTX_TRY_NUMBER='1' AIRFLOW_CTX_DAG_RUN_ID='scheduled__2022-10-31T00:00:00+00:00'
[2025-08-08T02:42:12.786+0000] {taskinstance.py:430} INFO - ::endgroup::
[2025-08-08T02:42:12.795+0000] {subprocess.py:63} INFO - Tmp dir root location: /tmp
[2025-08-08T02:42:12.796+0000] {subprocess.py:75} INFO - Running command: ['/usr/bin/bash', '-c', 'mkdir -p "/home/***/host_documents/week2022-11-07"']
[2025-08-08T02:42:12.808+0000] {subprocess.py:86} INFO - Output:
[2025-08-08T02:42:12.812+0000] {subprocess.py:97} INFO - Command exited with return code 0
[2025-08-08T02:42:12.814+0000] {taskinstance.py:441} INFO - ::group::Post task execution logs
[2025-08-08T02:42:12.837+0000] {taskinstance.py:1206} INFO - Marking task as SUCCESS. dag_id=climate_data, task_id=create_folder, run_id=scheduled__2022-10-31T00:00:00+00:00, execution_date=20221031T000000, start_date=20250808T024212, end_date=20250808T024212
[2025-08-08T02:42:12.892+0000] {local_task_job_runner.py:240} INFO - Task exited with return code 0
[2025-08-08T02:42:12.912+0000] {taskinstance.py:3498} INFO - 1 downstream tasks scheduled from follow-on schedule check
[2025-08-08T02:42:12.914+0000] {local_task_job_runner.py:222} INFO - ::endgroup::
