[2025-08-08T02:26:35.919+0000] {local_task_job_runner.py:120} INFO - ::group::Pre task execution logs
[2025-08-08T02:26:35.937+0000] {taskinstance.py:2076} INFO - Dependencies all met for dep_context=non-requeueable deps ti=<TaskInstance: climate_data.create_folder scheduled__2023-09-04T00:00:00+00:00 [queued]>
[2025-08-08T02:26:35.943+0000] {taskinstance.py:2076} INFO - Dependencies all met for dep_context=requeueable deps ti=<TaskInstance: climate_data.create_folder scheduled__2023-09-04T00:00:00+00:00 [queued]>
[2025-08-08T02:26:35.943+0000] {taskinstance.py:2306} INFO - Starting attempt 1 of 1
[2025-08-08T02:26:35.952+0000] {taskinstance.py:2330} INFO - Executing <Task(BashOperator): create_folder> on 2023-09-04 00:00:00+00:00
[2025-08-08T02:26:35.956+0000] {standard_task_runner.py:63} INFO - Started process 430 to run task
[2025-08-08T02:26:35.958+0000] {standard_task_runner.py:90} INFO - Running: ['***', 'tasks', 'run', 'climate_data', 'create_folder', 'scheduled__2023-09-04T00:00:00+00:00', '--job-id', '83', '--raw', '--subdir', 'DAGS_FOLDER/climate_data.py', '--cfg-path', '/tmp/tmpn3u09ly9']
[2025-08-08T02:26:35.960+0000] {standard_task_runner.py:91} INFO - Job 83: Subtask create_folder
[2025-08-08T02:26:35.970+0000] {logging_mixin.py:188} WARNING - /home/***/.local/lib/python3.9/site-packages/***/settings.py:195 DeprecationWarning: The sql_alchemy_conn option in [core] has been moved to the sql_alchemy_conn option in [database] - the old setting has been used, but please update your config.
[2025-08-08T02:26:36.003+0000] {task_command.py:426} INFO - Running <TaskInstance: climate_data.create_folder scheduled__2023-09-04T00:00:00+00:00 [running]> on host 3ceab82043f1
[2025-08-08T02:26:36.069+0000] {taskinstance.py:2648} INFO - Exporting env vars: AIRFLOW_CTX_DAG_OWNER='***' AIRFLOW_CTX_DAG_ID='climate_data' AIRFLOW_CTX_TASK_ID='create_folder' AIRFLOW_CTX_EXECUTION_DATE='2023-09-04T00:00:00+00:00' AIRFLOW_CTX_TRY_NUMBER='1' AIRFLOW_CTX_DAG_RUN_ID='scheduled__2023-09-04T00:00:00+00:00'
[2025-08-08T02:26:36.070+0000] {taskinstance.py:430} INFO - ::endgroup::
[2025-08-08T02:26:36.077+0000] {subprocess.py:63} INFO - Tmp dir root location: /tmp
[2025-08-08T02:26:36.077+0000] {subprocess.py:75} INFO - Running command: ['/usr/bin/bash', '-c', 'mkdir -p /home/***/host_documents/week2023-09-11"']
[2025-08-08T02:26:36.085+0000] {subprocess.py:86} INFO - Output:
[2025-08-08T02:26:36.086+0000] {subprocess.py:93} INFO - /usr/bin/bash: -c: line 1: unexpected EOF while looking for matching `"'
[2025-08-08T02:26:36.086+0000] {subprocess.py:97} INFO - Command exited with return code 2
[2025-08-08T02:26:36.086+0000] {taskinstance.py:441} INFO - ::group::Post task execution logs
[2025-08-08T02:26:36.094+0000] {taskinstance.py:2905} ERROR - Task failed with exception
Traceback (most recent call last):
  File "/home/airflow/.local/lib/python3.9/site-packages/airflow/models/taskinstance.py", line 465, in _execute_task
    result = _execute_callable(context=context, **execute_callable_kwargs)
  File "/home/airflow/.local/lib/python3.9/site-packages/airflow/models/taskinstance.py", line 432, in _execute_callable
    return execute_callable(context=context, **execute_callable_kwargs)
  File "/home/airflow/.local/lib/python3.9/site-packages/airflow/models/baseoperator.py", line 400, in wrapper
    return func(self, *args, **kwargs)
  File "/home/airflow/.local/lib/python3.9/site-packages/airflow/operators/bash.py", line 243, in execute
    raise AirflowException(
airflow.exceptions.AirflowException: Bash command failed. The command returned a non-zero exit code 2.
[2025-08-08T02:26:36.097+0000] {taskinstance.py:1206} INFO - Marking task as FAILED. dag_id=climate_data, task_id=create_folder, run_id=scheduled__2023-09-04T00:00:00+00:00, execution_date=20230904T000000, start_date=20250808T022635, end_date=20250808T022636
[2025-08-08T02:26:36.106+0000] {standard_task_runner.py:110} ERROR - Failed to execute job 83 for task create_folder (Bash command failed. The command returned a non-zero exit code 2.; 430)
[2025-08-08T02:26:36.133+0000] {local_task_job_runner.py:240} INFO - Task exited with return code 1
[2025-08-08T02:26:36.147+0000] {taskinstance.py:3498} INFO - 0 downstream tasks scheduled from follow-on schedule check
[2025-08-08T02:26:36.151+0000] {local_task_job_runner.py:222} INFO - ::endgroup::
[2025-08-08T02:34:52.863+0000] {local_task_job_runner.py:120} INFO - ::group::Pre task execution logs
[2025-08-08T02:34:52.881+0000] {taskinstance.py:2076} INFO - Dependencies all met for dep_context=non-requeueable deps ti=<TaskInstance: climate_data.create_folder scheduled__2023-09-04T00:00:00+00:00 [queued]>
[2025-08-08T02:34:52.887+0000] {taskinstance.py:2076} INFO - Dependencies all met for dep_context=requeueable deps ti=<TaskInstance: climate_data.create_folder scheduled__2023-09-04T00:00:00+00:00 [queued]>
[2025-08-08T02:34:52.887+0000] {taskinstance.py:2306} INFO - Starting attempt 1 of 1
[2025-08-08T02:34:52.896+0000] {taskinstance.py:2330} INFO - Executing <Task(BashOperator): create_folder> on 2023-09-04 00:00:00+00:00
[2025-08-08T02:34:52.899+0000] {standard_task_runner.py:63} INFO - Started process 463 to run task
[2025-08-08T02:34:52.902+0000] {standard_task_runner.py:90} INFO - Running: ['***', 'tasks', 'run', 'climate_data', 'create_folder', 'scheduled__2023-09-04T00:00:00+00:00', '--job-id', '238', '--raw', '--subdir', 'DAGS_FOLDER/climate_data.py', '--cfg-path', '/tmp/tmpwy_l9bqm']
[2025-08-08T02:34:52.903+0000] {standard_task_runner.py:91} INFO - Job 238: Subtask create_folder
[2025-08-08T02:34:52.914+0000] {logging_mixin.py:188} WARNING - /home/***/.local/lib/python3.9/site-packages/***/settings.py:195 DeprecationWarning: The sql_alchemy_conn option in [core] has been moved to the sql_alchemy_conn option in [database] - the old setting has been used, but please update your config.
[2025-08-08T02:34:52.949+0000] {task_command.py:426} INFO - Running <TaskInstance: climate_data.create_folder scheduled__2023-09-04T00:00:00+00:00 [running]> on host 1a6f5acf67f4
[2025-08-08T02:34:53.010+0000] {taskinstance.py:2648} INFO - Exporting env vars: AIRFLOW_CTX_DAG_OWNER='***' AIRFLOW_CTX_DAG_ID='climate_data' AIRFLOW_CTX_TASK_ID='create_folder' AIRFLOW_CTX_EXECUTION_DATE='2023-09-04T00:00:00+00:00' AIRFLOW_CTX_TRY_NUMBER='1' AIRFLOW_CTX_DAG_RUN_ID='scheduled__2023-09-04T00:00:00+00:00'
[2025-08-08T02:34:53.011+0000] {taskinstance.py:430} INFO - ::endgroup::
[2025-08-08T02:34:53.019+0000] {subprocess.py:63} INFO - Tmp dir root location: /tmp
[2025-08-08T02:34:53.020+0000] {subprocess.py:75} INFO - Running command: ['/usr/bin/bash', '-c', 'mkdir -p /home/***/host_documents/week2023-09-11"']
[2025-08-08T02:34:53.027+0000] {subprocess.py:86} INFO - Output:
[2025-08-08T02:34:53.028+0000] {subprocess.py:93} INFO - /usr/bin/bash: -c: line 1: unexpected EOF while looking for matching `"'
[2025-08-08T02:34:53.029+0000] {subprocess.py:97} INFO - Command exited with return code 2
[2025-08-08T02:34:53.029+0000] {taskinstance.py:441} INFO - ::group::Post task execution logs
[2025-08-08T02:34:53.036+0000] {taskinstance.py:2905} ERROR - Task failed with exception
Traceback (most recent call last):
  File "/home/airflow/.local/lib/python3.9/site-packages/airflow/models/taskinstance.py", line 465, in _execute_task
    result = _execute_callable(context=context, **execute_callable_kwargs)
  File "/home/airflow/.local/lib/python3.9/site-packages/airflow/models/taskinstance.py", line 432, in _execute_callable
    return execute_callable(context=context, **execute_callable_kwargs)
  File "/home/airflow/.local/lib/python3.9/site-packages/airflow/models/baseoperator.py", line 400, in wrapper
    return func(self, *args, **kwargs)
  File "/home/airflow/.local/lib/python3.9/site-packages/airflow/operators/bash.py", line 243, in execute
    raise AirflowException(
airflow.exceptions.AirflowException: Bash command failed. The command returned a non-zero exit code 2.
[2025-08-08T02:34:53.039+0000] {taskinstance.py:1206} INFO - Marking task as FAILED. dag_id=climate_data, task_id=create_folder, run_id=scheduled__2023-09-04T00:00:00+00:00, execution_date=20230904T000000, start_date=20250808T023452, end_date=20250808T023453
[2025-08-08T02:34:53.047+0000] {standard_task_runner.py:110} ERROR - Failed to execute job 238 for task create_folder (Bash command failed. The command returned a non-zero exit code 2.; 463)
[2025-08-08T02:34:53.074+0000] {local_task_job_runner.py:240} INFO - Task exited with return code 1
[2025-08-08T02:34:53.089+0000] {taskinstance.py:3498} INFO - 0 downstream tasks scheduled from follow-on schedule check
[2025-08-08T02:34:53.091+0000] {local_task_job_runner.py:222} INFO - ::endgroup::
[2025-08-08T02:39:29.514+0000] {local_task_job_runner.py:120} INFO - ::group::Pre task execution logs
[2025-08-08T02:39:29.536+0000] {taskinstance.py:2076} INFO - Dependencies all met for dep_context=non-requeueable deps ti=<TaskInstance: climate_data.create_folder scheduled__2023-09-04T00:00:00+00:00 [queued]>
[2025-08-08T02:39:29.543+0000] {taskinstance.py:2076} INFO - Dependencies all met for dep_context=requeueable deps ti=<TaskInstance: climate_data.create_folder scheduled__2023-09-04T00:00:00+00:00 [queued]>
[2025-08-08T02:39:29.544+0000] {taskinstance.py:2306} INFO - Starting attempt 1 of 1
[2025-08-08T02:39:29.554+0000] {taskinstance.py:2330} INFO - Executing <Task(BashOperator): create_folder> on 2023-09-04 00:00:00+00:00
[2025-08-08T02:39:29.558+0000] {standard_task_runner.py:63} INFO - Started process 1396 to run task
[2025-08-08T02:39:29.561+0000] {standard_task_runner.py:90} INFO - Running: ['***', 'tasks', 'run', 'climate_data', 'create_folder', 'scheduled__2023-09-04T00:00:00+00:00', '--job-id', '442', '--raw', '--subdir', 'DAGS_FOLDER/climate_data.py', '--cfg-path', '/tmp/tmp9_eo54o_']
[2025-08-08T02:39:29.563+0000] {standard_task_runner.py:91} INFO - Job 442: Subtask create_folder
[2025-08-08T02:39:29.578+0000] {logging_mixin.py:188} WARNING - /home/***/.local/lib/python3.9/site-packages/***/settings.py:195 DeprecationWarning: The sql_alchemy_conn option in [core] has been moved to the sql_alchemy_conn option in [database] - the old setting has been used, but please update your config.
[2025-08-08T02:39:29.632+0000] {task_command.py:426} INFO - Running <TaskInstance: climate_data.create_folder scheduled__2023-09-04T00:00:00+00:00 [running]> on host 1a6f5acf67f4
[2025-08-08T02:39:29.706+0000] {taskinstance.py:2648} INFO - Exporting env vars: AIRFLOW_CTX_DAG_OWNER='***' AIRFLOW_CTX_DAG_ID='climate_data' AIRFLOW_CTX_TASK_ID='create_folder' AIRFLOW_CTX_EXECUTION_DATE='2023-09-04T00:00:00+00:00' AIRFLOW_CTX_TRY_NUMBER='1' AIRFLOW_CTX_DAG_RUN_ID='scheduled__2023-09-04T00:00:00+00:00'
[2025-08-08T02:39:29.708+0000] {taskinstance.py:430} INFO - ::endgroup::
[2025-08-08T02:39:29.719+0000] {subprocess.py:63} INFO - Tmp dir root location: /tmp
[2025-08-08T02:39:29.720+0000] {subprocess.py:75} INFO - Running command: ['/usr/bin/bash', '-c', 'mkdir -p /home/***/host_documents/week2023-09-11']
[2025-08-08T02:39:29.734+0000] {subprocess.py:86} INFO - Output:
[2025-08-08T02:39:29.740+0000] {subprocess.py:97} INFO - Command exited with return code 0
[2025-08-08T02:39:29.741+0000] {taskinstance.py:441} INFO - ::group::Post task execution logs
[2025-08-08T02:39:29.768+0000] {taskinstance.py:1206} INFO - Marking task as SUCCESS. dag_id=climate_data, task_id=create_folder, run_id=scheduled__2023-09-04T00:00:00+00:00, execution_date=20230904T000000, start_date=20250808T023929, end_date=20250808T023929
[2025-08-08T02:39:29.855+0000] {local_task_job_runner.py:240} INFO - Task exited with return code 0
[2025-08-08T02:39:29.867+0000] {local_task_job_runner.py:222} INFO - ::endgroup::
[2025-08-08T02:42:28.155+0000] {local_task_job_runner.py:120} INFO - ::group::Pre task execution logs
[2025-08-08T02:42:28.177+0000] {taskinstance.py:2076} INFO - Dependencies all met for dep_context=non-requeueable deps ti=<TaskInstance: climate_data.create_folder scheduled__2023-09-04T00:00:00+00:00 [queued]>
[2025-08-08T02:42:28.184+0000] {taskinstance.py:2076} INFO - Dependencies all met for dep_context=requeueable deps ti=<TaskInstance: climate_data.create_folder scheduled__2023-09-04T00:00:00+00:00 [queued]>
[2025-08-08T02:42:28.187+0000] {taskinstance.py:2306} INFO - Starting attempt 1 of 1
[2025-08-08T02:42:28.203+0000] {taskinstance.py:2330} INFO - Executing <Task(BashOperator): create_folder> on 2023-09-04 00:00:00+00:00
[2025-08-08T02:42:28.207+0000] {standard_task_runner.py:63} INFO - Started process 2566 to run task
[2025-08-08T02:42:28.210+0000] {standard_task_runner.py:90} INFO - Running: ['***', 'tasks', 'run', 'climate_data', 'create_folder', 'scheduled__2023-09-04T00:00:00+00:00', '--job-id', '750', '--raw', '--subdir', 'DAGS_FOLDER/climate_data.py', '--cfg-path', '/tmp/tmp9qjwmw4p']
[2025-08-08T02:42:28.211+0000] {standard_task_runner.py:91} INFO - Job 750: Subtask create_folder
[2025-08-08T02:42:28.225+0000] {logging_mixin.py:188} WARNING - /home/***/.local/lib/python3.9/site-packages/***/settings.py:195 DeprecationWarning: The sql_alchemy_conn option in [core] has been moved to the sql_alchemy_conn option in [database] - the old setting has been used, but please update your config.
[2025-08-08T02:42:28.269+0000] {task_command.py:426} INFO - Running <TaskInstance: climate_data.create_folder scheduled__2023-09-04T00:00:00+00:00 [running]> on host 1a6f5acf67f4
[2025-08-08T02:42:28.343+0000] {taskinstance.py:2648} INFO - Exporting env vars: AIRFLOW_CTX_DAG_OWNER='***' AIRFLOW_CTX_DAG_ID='climate_data' AIRFLOW_CTX_TASK_ID='create_folder' AIRFLOW_CTX_EXECUTION_DATE='2023-09-04T00:00:00+00:00' AIRFLOW_CTX_TRY_NUMBER='1' AIRFLOW_CTX_DAG_RUN_ID='scheduled__2023-09-04T00:00:00+00:00'
[2025-08-08T02:42:28.344+0000] {taskinstance.py:430} INFO - ::endgroup::
[2025-08-08T02:42:28.352+0000] {subprocess.py:63} INFO - Tmp dir root location: /tmp
[2025-08-08T02:42:28.354+0000] {subprocess.py:75} INFO - Running command: ['/usr/bin/bash', '-c', 'mkdir -p "/home/***/host_documents/week2023-09-11"']
[2025-08-08T02:42:28.363+0000] {subprocess.py:86} INFO - Output:
[2025-08-08T02:42:28.367+0000] {subprocess.py:97} INFO - Command exited with return code 0
[2025-08-08T02:42:28.368+0000] {taskinstance.py:441} INFO - ::group::Post task execution logs
[2025-08-08T02:42:28.395+0000] {taskinstance.py:1206} INFO - Marking task as SUCCESS. dag_id=climate_data, task_id=create_folder, run_id=scheduled__2023-09-04T00:00:00+00:00, execution_date=20230904T000000, start_date=20250808T024228, end_date=20250808T024228
[2025-08-08T02:42:28.503+0000] {local_task_job_runner.py:240} INFO - Task exited with return code 0
[2025-08-08T02:42:28.524+0000] {taskinstance.py:3498} INFO - 1 downstream tasks scheduled from follow-on schedule check
[2025-08-08T02:42:28.527+0000] {local_task_job_runner.py:222} INFO - ::endgroup::
