[2025-08-08T02:26:51.293+0000] {local_task_job_runner.py:120} INFO - ::group::Pre task execution logs
[2025-08-08T02:26:51.318+0000] {taskinstance.py:2076} INFO - Dependencies all met for dep_context=non-requeueable deps ti=<TaskInstance: climate_data.create_folder scheduled__2024-08-12T00:00:00+00:00 [queued]>
[2025-08-08T02:26:51.326+0000] {taskinstance.py:2076} INFO - Dependencies all met for dep_context=requeueable deps ti=<TaskInstance: climate_data.create_folder scheduled__2024-08-12T00:00:00+00:00 [queued]>
[2025-08-08T02:26:51.327+0000] {taskinstance.py:2306} INFO - Starting attempt 1 of 1
[2025-08-08T02:26:51.338+0000] {taskinstance.py:2330} INFO - Executing <Task(BashOperator): create_folder> on 2024-08-12 00:00:00+00:00
[2025-08-08T02:26:51.341+0000] {standard_task_runner.py:63} INFO - Started process 648 to run task
[2025-08-08T02:26:51.345+0000] {standard_task_runner.py:90} INFO - Running: ['***', 'tasks', 'run', 'climate_data', 'create_folder', 'scheduled__2024-08-12T00:00:00+00:00', '--job-id', '132', '--raw', '--subdir', 'DAGS_FOLDER/climate_data.py', '--cfg-path', '/tmp/tmp1hjnab5e']
[2025-08-08T02:26:51.347+0000] {standard_task_runner.py:91} INFO - Job 132: Subtask create_folder
[2025-08-08T02:26:51.360+0000] {logging_mixin.py:188} WARNING - /home/***/.local/lib/python3.9/site-packages/***/settings.py:195 DeprecationWarning: The sql_alchemy_conn option in [core] has been moved to the sql_alchemy_conn option in [database] - the old setting has been used, but please update your config.
[2025-08-08T02:26:51.406+0000] {task_command.py:426} INFO - Running <TaskInstance: climate_data.create_folder scheduled__2024-08-12T00:00:00+00:00 [running]> on host 3ceab82043f1
[2025-08-08T02:26:51.478+0000] {taskinstance.py:2648} INFO - Exporting env vars: AIRFLOW_CTX_DAG_OWNER='***' AIRFLOW_CTX_DAG_ID='climate_data' AIRFLOW_CTX_TASK_ID='create_folder' AIRFLOW_CTX_EXECUTION_DATE='2024-08-12T00:00:00+00:00' AIRFLOW_CTX_TRY_NUMBER='1' AIRFLOW_CTX_DAG_RUN_ID='scheduled__2024-08-12T00:00:00+00:00'
[2025-08-08T02:26:51.480+0000] {taskinstance.py:430} INFO - ::endgroup::
[2025-08-08T02:26:51.490+0000] {subprocess.py:63} INFO - Tmp dir root location: /tmp
[2025-08-08T02:26:51.491+0000] {subprocess.py:75} INFO - Running command: ['/usr/bin/bash', '-c', 'mkdir -p /home/***/host_documents/week2024-08-19"']
[2025-08-08T02:26:51.499+0000] {subprocess.py:86} INFO - Output:
[2025-08-08T02:26:51.500+0000] {subprocess.py:93} INFO - /usr/bin/bash: -c: line 1: unexpected EOF while looking for matching `"'
[2025-08-08T02:26:51.501+0000] {subprocess.py:97} INFO - Command exited with return code 2
[2025-08-08T02:26:51.501+0000] {taskinstance.py:441} INFO - ::group::Post task execution logs
[2025-08-08T02:26:51.509+0000] {taskinstance.py:2905} ERROR - Task failed with exception
Traceback (most recent call last):
  File "/home/airflow/.local/lib/python3.9/site-packages/airflow/models/taskinstance.py", line 465, in _execute_task
    result = _execute_callable(context=context, **execute_callable_kwargs)
  File "/home/airflow/.local/lib/python3.9/site-packages/airflow/models/taskinstance.py", line 432, in _execute_callable
    return execute_callable(context=context, **execute_callable_kwargs)
  File "/home/airflow/.local/lib/python3.9/site-packages/airflow/models/baseoperator.py", line 400, in wrapper
    return func(self, *args, **kwargs)
  File "/home/airflow/.local/lib/python3.9/site-packages/airflow/operators/bash.py", line 243, in execute
    raise AirflowException(
airflow.exceptions.AirflowException: Bash command failed. The command returned a non-zero exit code 2.
[2025-08-08T02:26:51.512+0000] {taskinstance.py:1206} INFO - Marking task as FAILED. dag_id=climate_data, task_id=create_folder, run_id=scheduled__2024-08-12T00:00:00+00:00, execution_date=20240812T000000, start_date=20250808T022651, end_date=20250808T022651
[2025-08-08T02:26:51.535+0000] {standard_task_runner.py:110} ERROR - Failed to execute job 132 for task create_folder (Bash command failed. The command returned a non-zero exit code 2.; 648)
[2025-08-08T02:26:51.557+0000] {local_task_job_runner.py:240} INFO - Task exited with return code 1
[2025-08-08T02:26:51.571+0000] {taskinstance.py:3498} INFO - 0 downstream tasks scheduled from follow-on schedule check
[2025-08-08T02:26:51.574+0000] {local_task_job_runner.py:222} INFO - ::endgroup::
[2025-08-08T02:35:12.036+0000] {local_task_job_runner.py:120} INFO - ::group::Pre task execution logs
[2025-08-08T02:35:12.057+0000] {taskinstance.py:2076} INFO - Dependencies all met for dep_context=non-requeueable deps ti=<TaskInstance: climate_data.create_folder scheduled__2024-08-12T00:00:00+00:00 [queued]>
[2025-08-08T02:35:12.066+0000] {taskinstance.py:2076} INFO - Dependencies all met for dep_context=requeueable deps ti=<TaskInstance: climate_data.create_folder scheduled__2024-08-12T00:00:00+00:00 [queued]>
[2025-08-08T02:35:12.067+0000] {taskinstance.py:2306} INFO - Starting attempt 1 of 1
[2025-08-08T02:35:12.079+0000] {taskinstance.py:2330} INFO - Executing <Task(BashOperator): create_folder> on 2024-08-12 00:00:00+00:00
[2025-08-08T02:35:12.084+0000] {standard_task_runner.py:63} INFO - Started process 683 to run task
[2025-08-08T02:35:12.086+0000] {standard_task_runner.py:90} INFO - Running: ['***', 'tasks', 'run', 'climate_data', 'create_folder', 'scheduled__2024-08-12T00:00:00+00:00', '--job-id', '288', '--raw', '--subdir', 'DAGS_FOLDER/climate_data.py', '--cfg-path', '/tmp/tmptif3zpsp']
[2025-08-08T02:35:12.088+0000] {standard_task_runner.py:91} INFO - Job 288: Subtask create_folder
[2025-08-08T02:35:12.104+0000] {logging_mixin.py:188} WARNING - /home/***/.local/lib/python3.9/site-packages/***/settings.py:195 DeprecationWarning: The sql_alchemy_conn option in [core] has been moved to the sql_alchemy_conn option in [database] - the old setting has been used, but please update your config.
[2025-08-08T02:35:12.147+0000] {task_command.py:426} INFO - Running <TaskInstance: climate_data.create_folder scheduled__2024-08-12T00:00:00+00:00 [running]> on host 1a6f5acf67f4
[2025-08-08T02:35:12.218+0000] {taskinstance.py:2648} INFO - Exporting env vars: AIRFLOW_CTX_DAG_OWNER='***' AIRFLOW_CTX_DAG_ID='climate_data' AIRFLOW_CTX_TASK_ID='create_folder' AIRFLOW_CTX_EXECUTION_DATE='2024-08-12T00:00:00+00:00' AIRFLOW_CTX_TRY_NUMBER='1' AIRFLOW_CTX_DAG_RUN_ID='scheduled__2024-08-12T00:00:00+00:00'
[2025-08-08T02:35:12.219+0000] {taskinstance.py:430} INFO - ::endgroup::
[2025-08-08T02:35:12.227+0000] {subprocess.py:63} INFO - Tmp dir root location: /tmp
[2025-08-08T02:35:12.228+0000] {subprocess.py:75} INFO - Running command: ['/usr/bin/bash', '-c', 'mkdir -p /home/***/host_documents/week2024-08-19"']
[2025-08-08T02:35:12.237+0000] {subprocess.py:86} INFO - Output:
[2025-08-08T02:35:12.238+0000] {subprocess.py:93} INFO - /usr/bin/bash: -c: line 1: unexpected EOF while looking for matching `"'
[2025-08-08T02:35:12.239+0000] {subprocess.py:97} INFO - Command exited with return code 2
[2025-08-08T02:35:12.240+0000] {taskinstance.py:441} INFO - ::group::Post task execution logs
[2025-08-08T02:35:12.252+0000] {taskinstance.py:2905} ERROR - Task failed with exception
Traceback (most recent call last):
  File "/home/airflow/.local/lib/python3.9/site-packages/airflow/models/taskinstance.py", line 465, in _execute_task
    result = _execute_callable(context=context, **execute_callable_kwargs)
  File "/home/airflow/.local/lib/python3.9/site-packages/airflow/models/taskinstance.py", line 432, in _execute_callable
    return execute_callable(context=context, **execute_callable_kwargs)
  File "/home/airflow/.local/lib/python3.9/site-packages/airflow/models/baseoperator.py", line 400, in wrapper
    return func(self, *args, **kwargs)
  File "/home/airflow/.local/lib/python3.9/site-packages/airflow/operators/bash.py", line 243, in execute
    raise AirflowException(
airflow.exceptions.AirflowException: Bash command failed. The command returned a non-zero exit code 2.
[2025-08-08T02:35:12.256+0000] {taskinstance.py:1206} INFO - Marking task as FAILED. dag_id=climate_data, task_id=create_folder, run_id=scheduled__2024-08-12T00:00:00+00:00, execution_date=20240812T000000, start_date=20250808T023512, end_date=20250808T023512
[2025-08-08T02:35:12.279+0000] {standard_task_runner.py:110} ERROR - Failed to execute job 288 for task create_folder (Bash command failed. The command returned a non-zero exit code 2.; 683)
[2025-08-08T02:35:12.299+0000] {local_task_job_runner.py:240} INFO - Task exited with return code 1
[2025-08-08T02:35:12.315+0000] {taskinstance.py:3498} INFO - 0 downstream tasks scheduled from follow-on schedule check
[2025-08-08T02:35:12.319+0000] {local_task_job_runner.py:222} INFO - ::endgroup::
[2025-08-08T02:39:45.888+0000] {local_task_job_runner.py:120} INFO - ::group::Pre task execution logs
[2025-08-08T02:39:45.907+0000] {taskinstance.py:2076} INFO - Dependencies all met for dep_context=non-requeueable deps ti=<TaskInstance: climate_data.create_folder scheduled__2024-08-12T00:00:00+00:00 [queued]>
[2025-08-08T02:39:45.915+0000] {taskinstance.py:2076} INFO - Dependencies all met for dep_context=requeueable deps ti=<TaskInstance: climate_data.create_folder scheduled__2024-08-12T00:00:00+00:00 [queued]>
[2025-08-08T02:39:45.915+0000] {taskinstance.py:2306} INFO - Starting attempt 1 of 1
[2025-08-08T02:39:45.927+0000] {taskinstance.py:2330} INFO - Executing <Task(BashOperator): create_folder> on 2024-08-12 00:00:00+00:00
[2025-08-08T02:39:45.931+0000] {standard_task_runner.py:63} INFO - Started process 1748 to run task
[2025-08-08T02:39:45.933+0000] {standard_task_runner.py:90} INFO - Running: ['***', 'tasks', 'run', 'climate_data', 'create_folder', 'scheduled__2024-08-12T00:00:00+00:00', '--job-id', '541', '--raw', '--subdir', 'DAGS_FOLDER/climate_data.py', '--cfg-path', '/tmp/tmpek86h3i3']
[2025-08-08T02:39:45.937+0000] {standard_task_runner.py:91} INFO - Job 541: Subtask create_folder
[2025-08-08T02:39:45.949+0000] {logging_mixin.py:188} WARNING - /home/***/.local/lib/python3.9/site-packages/***/settings.py:195 DeprecationWarning: The sql_alchemy_conn option in [core] has been moved to the sql_alchemy_conn option in [database] - the old setting has been used, but please update your config.
[2025-08-08T02:39:45.993+0000] {task_command.py:426} INFO - Running <TaskInstance: climate_data.create_folder scheduled__2024-08-12T00:00:00+00:00 [running]> on host 1a6f5acf67f4
[2025-08-08T02:39:46.065+0000] {taskinstance.py:2648} INFO - Exporting env vars: AIRFLOW_CTX_DAG_OWNER='***' AIRFLOW_CTX_DAG_ID='climate_data' AIRFLOW_CTX_TASK_ID='create_folder' AIRFLOW_CTX_EXECUTION_DATE='2024-08-12T00:00:00+00:00' AIRFLOW_CTX_TRY_NUMBER='1' AIRFLOW_CTX_DAG_RUN_ID='scheduled__2024-08-12T00:00:00+00:00'
[2025-08-08T02:39:46.067+0000] {taskinstance.py:430} INFO - ::endgroup::
[2025-08-08T02:39:46.078+0000] {subprocess.py:63} INFO - Tmp dir root location: /tmp
[2025-08-08T02:39:46.079+0000] {subprocess.py:75} INFO - Running command: ['/usr/bin/bash', '-c', 'mkdir -p /home/***/host_documents/week2024-08-19']
[2025-08-08T02:39:46.091+0000] {subprocess.py:86} INFO - Output:
[2025-08-08T02:39:46.096+0000] {subprocess.py:97} INFO - Command exited with return code 0
[2025-08-08T02:39:46.097+0000] {taskinstance.py:441} INFO - ::group::Post task execution logs
[2025-08-08T02:39:46.119+0000] {taskinstance.py:1206} INFO - Marking task as SUCCESS. dag_id=climate_data, task_id=create_folder, run_id=scheduled__2024-08-12T00:00:00+00:00, execution_date=20240812T000000, start_date=20250808T023945, end_date=20250808T023946
[2025-08-08T02:39:46.186+0000] {local_task_job_runner.py:240} INFO - Task exited with return code 0
[2025-08-08T02:39:46.203+0000] {taskinstance.py:3498} INFO - 1 downstream tasks scheduled from follow-on schedule check
[2025-08-08T02:39:46.205+0000] {local_task_job_runner.py:222} INFO - ::endgroup::
[2025-08-08T02:42:44.623+0000] {local_task_job_runner.py:120} INFO - ::group::Pre task execution logs
[2025-08-08T02:42:44.648+0000] {taskinstance.py:2076} INFO - Dependencies all met for dep_context=non-requeueable deps ti=<TaskInstance: climate_data.create_folder scheduled__2024-08-12T00:00:00+00:00 [queued]>
[2025-08-08T02:42:44.658+0000] {taskinstance.py:2076} INFO - Dependencies all met for dep_context=requeueable deps ti=<TaskInstance: climate_data.create_folder scheduled__2024-08-12T00:00:00+00:00 [queued]>
[2025-08-08T02:42:44.659+0000] {taskinstance.py:2306} INFO - Starting attempt 1 of 1
[2025-08-08T02:42:44.729+0000] {taskinstance.py:2330} INFO - Executing <Task(BashOperator): create_folder> on 2024-08-12 00:00:00+00:00
[2025-08-08T02:42:44.734+0000] {standard_task_runner.py:63} INFO - Started process 2921 to run task
[2025-08-08T02:42:44.738+0000] {standard_task_runner.py:90} INFO - Running: ['***', 'tasks', 'run', 'climate_data', 'create_folder', 'scheduled__2024-08-12T00:00:00+00:00', '--job-id', '847', '--raw', '--subdir', 'DAGS_FOLDER/climate_data.py', '--cfg-path', '/tmp/tmpt9zlf6pl']
[2025-08-08T02:42:44.740+0000] {standard_task_runner.py:91} INFO - Job 847: Subtask create_folder
[2025-08-08T02:42:44.757+0000] {logging_mixin.py:188} WARNING - /home/***/.local/lib/python3.9/site-packages/***/settings.py:195 DeprecationWarning: The sql_alchemy_conn option in [core] has been moved to the sql_alchemy_conn option in [database] - the old setting has been used, but please update your config.
[2025-08-08T02:42:44.812+0000] {task_command.py:426} INFO - Running <TaskInstance: climate_data.create_folder scheduled__2024-08-12T00:00:00+00:00 [running]> on host 1a6f5acf67f4
[2025-08-08T02:42:44.893+0000] {taskinstance.py:2648} INFO - Exporting env vars: AIRFLOW_CTX_DAG_OWNER='***' AIRFLOW_CTX_DAG_ID='climate_data' AIRFLOW_CTX_TASK_ID='create_folder' AIRFLOW_CTX_EXECUTION_DATE='2024-08-12T00:00:00+00:00' AIRFLOW_CTX_TRY_NUMBER='1' AIRFLOW_CTX_DAG_RUN_ID='scheduled__2024-08-12T00:00:00+00:00'
[2025-08-08T02:42:44.895+0000] {taskinstance.py:430} INFO - ::endgroup::
[2025-08-08T02:42:44.907+0000] {subprocess.py:63} INFO - Tmp dir root location: /tmp
[2025-08-08T02:42:44.910+0000] {subprocess.py:75} INFO - Running command: ['/usr/bin/bash', '-c', 'mkdir -p "/home/***/host_documents/week2024-08-19"']
[2025-08-08T02:42:44.925+0000] {subprocess.py:86} INFO - Output:
[2025-08-08T02:42:44.935+0000] {subprocess.py:97} INFO - Command exited with return code 0
[2025-08-08T02:42:44.936+0000] {taskinstance.py:441} INFO - ::group::Post task execution logs
[2025-08-08T02:42:44.963+0000] {taskinstance.py:1206} INFO - Marking task as SUCCESS. dag_id=climate_data, task_id=create_folder, run_id=scheduled__2024-08-12T00:00:00+00:00, execution_date=20240812T000000, start_date=20250808T024244, end_date=20250808T024244
[2025-08-08T02:42:45.071+0000] {local_task_job_runner.py:240} INFO - Task exited with return code 0
[2025-08-08T02:42:45.093+0000] {taskinstance.py:3498} INFO - 1 downstream tasks scheduled from follow-on schedule check
[2025-08-08T02:42:45.095+0000] {local_task_job_runner.py:222} INFO - ::endgroup::
