[2025-08-08T02:26:59.060+0000] {local_task_job_runner.py:120} INFO - ::group::Pre task execution logs
[2025-08-08T02:26:59.081+0000] {taskinstance.py:2076} INFO - Dependencies all met for dep_context=non-requeueable deps ti=<TaskInstance: climate_data.create_folder scheduled__2025-02-03T00:00:00+00:00 [queued]>
[2025-08-08T02:26:59.089+0000] {taskinstance.py:2076} INFO - Dependencies all met for dep_context=requeueable deps ti=<TaskInstance: climate_data.create_folder scheduled__2025-02-03T00:00:00+00:00 [queued]>
[2025-08-08T02:26:59.090+0000] {taskinstance.py:2306} INFO - Starting attempt 1 of 1
[2025-08-08T02:26:59.098+0000] {taskinstance.py:2330} INFO - Executing <Task(BashOperator): create_folder> on 2025-02-03 00:00:00+00:00
[2025-08-08T02:26:59.102+0000] {standard_task_runner.py:63} INFO - Started process 744 to run task
[2025-08-08T02:26:59.105+0000] {standard_task_runner.py:90} INFO - Running: ['***', 'tasks', 'run', 'climate_data', 'create_folder', 'scheduled__2025-02-03T00:00:00+00:00', '--job-id', '157', '--raw', '--subdir', 'DAGS_FOLDER/climate_data.py', '--cfg-path', '/tmp/tmps6p4f_xb']
[2025-08-08T02:26:59.106+0000] {standard_task_runner.py:91} INFO - Job 157: Subtask create_folder
[2025-08-08T02:26:59.117+0000] {logging_mixin.py:188} WARNING - /home/***/.local/lib/python3.9/site-packages/***/settings.py:195 DeprecationWarning: The sql_alchemy_conn option in [core] has been moved to the sql_alchemy_conn option in [database] - the old setting has been used, but please update your config.
[2025-08-08T02:26:59.151+0000] {task_command.py:426} INFO - Running <TaskInstance: climate_data.create_folder scheduled__2025-02-03T00:00:00+00:00 [running]> on host 3ceab82043f1
[2025-08-08T02:26:59.206+0000] {taskinstance.py:2648} INFO - Exporting env vars: AIRFLOW_CTX_DAG_OWNER='***' AIRFLOW_CTX_DAG_ID='climate_data' AIRFLOW_CTX_TASK_ID='create_folder' AIRFLOW_CTX_EXECUTION_DATE='2025-02-03T00:00:00+00:00' AIRFLOW_CTX_TRY_NUMBER='1' AIRFLOW_CTX_DAG_RUN_ID='scheduled__2025-02-03T00:00:00+00:00'
[2025-08-08T02:26:59.207+0000] {taskinstance.py:430} INFO - ::endgroup::
[2025-08-08T02:26:59.215+0000] {subprocess.py:63} INFO - Tmp dir root location: /tmp
[2025-08-08T02:26:59.215+0000] {subprocess.py:75} INFO - Running command: ['/usr/bin/bash', '-c', 'mkdir -p /home/***/host_documents/week2025-02-10"']
[2025-08-08T02:26:59.222+0000] {subprocess.py:86} INFO - Output:
[2025-08-08T02:26:59.223+0000] {subprocess.py:93} INFO - /usr/bin/bash: -c: line 1: unexpected EOF while looking for matching `"'
[2025-08-08T02:26:59.224+0000] {subprocess.py:97} INFO - Command exited with return code 2
[2025-08-08T02:26:59.224+0000] {taskinstance.py:441} INFO - ::group::Post task execution logs
[2025-08-08T02:26:59.232+0000] {taskinstance.py:2905} ERROR - Task failed with exception
Traceback (most recent call last):
  File "/home/airflow/.local/lib/python3.9/site-packages/airflow/models/taskinstance.py", line 465, in _execute_task
    result = _execute_callable(context=context, **execute_callable_kwargs)
  File "/home/airflow/.local/lib/python3.9/site-packages/airflow/models/taskinstance.py", line 432, in _execute_callable
    return execute_callable(context=context, **execute_callable_kwargs)
  File "/home/airflow/.local/lib/python3.9/site-packages/airflow/models/baseoperator.py", line 400, in wrapper
    return func(self, *args, **kwargs)
  File "/home/airflow/.local/lib/python3.9/site-packages/airflow/operators/bash.py", line 243, in execute
    raise AirflowException(
airflow.exceptions.AirflowException: Bash command failed. The command returned a non-zero exit code 2.
[2025-08-08T02:26:59.234+0000] {taskinstance.py:1206} INFO - Marking task as FAILED. dag_id=climate_data, task_id=create_folder, run_id=scheduled__2025-02-03T00:00:00+00:00, execution_date=20250203T000000, start_date=20250808T022659, end_date=20250808T022659
[2025-08-08T02:26:59.243+0000] {standard_task_runner.py:110} ERROR - Failed to execute job 157 for task create_folder (Bash command failed. The command returned a non-zero exit code 2.; 744)
[2025-08-08T02:26:59.276+0000] {local_task_job_runner.py:240} INFO - Task exited with return code 1
[2025-08-08T02:26:59.290+0000] {taskinstance.py:3498} INFO - 0 downstream tasks scheduled from follow-on schedule check
[2025-08-08T02:26:59.293+0000] {local_task_job_runner.py:222} INFO - ::endgroup::
[2025-08-08T02:35:19.080+0000] {local_task_job_runner.py:120} INFO - ::group::Pre task execution logs
[2025-08-08T02:35:19.100+0000] {taskinstance.py:2076} INFO - Dependencies all met for dep_context=non-requeueable deps ti=<TaskInstance: climate_data.create_folder scheduled__2025-02-03T00:00:00+00:00 [queued]>
[2025-08-08T02:35:19.108+0000] {taskinstance.py:2076} INFO - Dependencies all met for dep_context=requeueable deps ti=<TaskInstance: climate_data.create_folder scheduled__2025-02-03T00:00:00+00:00 [queued]>
[2025-08-08T02:35:19.109+0000] {taskinstance.py:2306} INFO - Starting attempt 1 of 1
[2025-08-08T02:35:19.119+0000] {taskinstance.py:2330} INFO - Executing <Task(BashOperator): create_folder> on 2025-02-03 00:00:00+00:00
[2025-08-08T02:35:19.123+0000] {standard_task_runner.py:63} INFO - Started process 781 to run task
[2025-08-08T02:35:19.125+0000] {standard_task_runner.py:90} INFO - Running: ['***', 'tasks', 'run', 'climate_data', 'create_folder', 'scheduled__2025-02-03T00:00:00+00:00', '--job-id', '313', '--raw', '--subdir', 'DAGS_FOLDER/climate_data.py', '--cfg-path', '/tmp/tmp_xkvyh75']
[2025-08-08T02:35:19.129+0000] {standard_task_runner.py:91} INFO - Job 313: Subtask create_folder
[2025-08-08T02:35:19.141+0000] {logging_mixin.py:188} WARNING - /home/***/.local/lib/python3.9/site-packages/***/settings.py:195 DeprecationWarning: The sql_alchemy_conn option in [core] has been moved to the sql_alchemy_conn option in [database] - the old setting has been used, but please update your config.
[2025-08-08T02:35:19.179+0000] {task_command.py:426} INFO - Running <TaskInstance: climate_data.create_folder scheduled__2025-02-03T00:00:00+00:00 [running]> on host 1a6f5acf67f4
[2025-08-08T02:35:19.235+0000] {taskinstance.py:2648} INFO - Exporting env vars: AIRFLOW_CTX_DAG_OWNER='***' AIRFLOW_CTX_DAG_ID='climate_data' AIRFLOW_CTX_TASK_ID='create_folder' AIRFLOW_CTX_EXECUTION_DATE='2025-02-03T00:00:00+00:00' AIRFLOW_CTX_TRY_NUMBER='1' AIRFLOW_CTX_DAG_RUN_ID='scheduled__2025-02-03T00:00:00+00:00'
[2025-08-08T02:35:19.236+0000] {taskinstance.py:430} INFO - ::endgroup::
[2025-08-08T02:35:19.243+0000] {subprocess.py:63} INFO - Tmp dir root location: /tmp
[2025-08-08T02:35:19.243+0000] {subprocess.py:75} INFO - Running command: ['/usr/bin/bash', '-c', 'mkdir -p /home/***/host_documents/week2025-02-10"']
[2025-08-08T02:35:19.251+0000] {subprocess.py:86} INFO - Output:
[2025-08-08T02:35:19.252+0000] {subprocess.py:93} INFO - /usr/bin/bash: -c: line 1: unexpected EOF while looking for matching `"'
[2025-08-08T02:35:19.253+0000] {subprocess.py:97} INFO - Command exited with return code 2
[2025-08-08T02:35:19.253+0000] {taskinstance.py:441} INFO - ::group::Post task execution logs
[2025-08-08T02:35:19.260+0000] {taskinstance.py:2905} ERROR - Task failed with exception
Traceback (most recent call last):
  File "/home/airflow/.local/lib/python3.9/site-packages/airflow/models/taskinstance.py", line 465, in _execute_task
    result = _execute_callable(context=context, **execute_callable_kwargs)
  File "/home/airflow/.local/lib/python3.9/site-packages/airflow/models/taskinstance.py", line 432, in _execute_callable
    return execute_callable(context=context, **execute_callable_kwargs)
  File "/home/airflow/.local/lib/python3.9/site-packages/airflow/models/baseoperator.py", line 400, in wrapper
    return func(self, *args, **kwargs)
  File "/home/airflow/.local/lib/python3.9/site-packages/airflow/operators/bash.py", line 243, in execute
    raise AirflowException(
airflow.exceptions.AirflowException: Bash command failed. The command returned a non-zero exit code 2.
[2025-08-08T02:35:19.262+0000] {taskinstance.py:1206} INFO - Marking task as FAILED. dag_id=climate_data, task_id=create_folder, run_id=scheduled__2025-02-03T00:00:00+00:00, execution_date=20250203T000000, start_date=20250808T023519, end_date=20250808T023519
[2025-08-08T02:35:19.270+0000] {standard_task_runner.py:110} ERROR - Failed to execute job 313 for task create_folder (Bash command failed. The command returned a non-zero exit code 2.; 781)
[2025-08-08T02:35:19.298+0000] {local_task_job_runner.py:240} INFO - Task exited with return code 1
[2025-08-08T02:35:19.312+0000] {taskinstance.py:3498} INFO - 0 downstream tasks scheduled from follow-on schedule check
[2025-08-08T02:35:19.315+0000] {local_task_job_runner.py:222} INFO - ::endgroup::
[2025-08-08T02:39:52.028+0000] {local_task_job_runner.py:120} INFO - ::group::Pre task execution logs
[2025-08-08T02:39:52.049+0000] {taskinstance.py:2076} INFO - Dependencies all met for dep_context=non-requeueable deps ti=<TaskInstance: climate_data.create_folder scheduled__2025-02-03T00:00:00+00:00 [queued]>
[2025-08-08T02:39:52.057+0000] {taskinstance.py:2076} INFO - Dependencies all met for dep_context=requeueable deps ti=<TaskInstance: climate_data.create_folder scheduled__2025-02-03T00:00:00+00:00 [queued]>
[2025-08-08T02:39:52.058+0000] {taskinstance.py:2306} INFO - Starting attempt 1 of 1
[2025-08-08T02:39:52.069+0000] {taskinstance.py:2330} INFO - Executing <Task(BashOperator): create_folder> on 2025-02-03 00:00:00+00:00
[2025-08-08T02:39:52.073+0000] {standard_task_runner.py:63} INFO - Started process 1921 to run task
[2025-08-08T02:39:52.076+0000] {standard_task_runner.py:90} INFO - Running: ['***', 'tasks', 'run', 'climate_data', 'create_folder', 'scheduled__2025-02-03T00:00:00+00:00', '--job-id', '589', '--raw', '--subdir', 'DAGS_FOLDER/climate_data.py', '--cfg-path', '/tmp/tmp25knrkae']
[2025-08-08T02:39:52.079+0000] {standard_task_runner.py:91} INFO - Job 589: Subtask create_folder
[2025-08-08T02:39:52.095+0000] {logging_mixin.py:188} WARNING - /home/***/.local/lib/python3.9/site-packages/***/settings.py:195 DeprecationWarning: The sql_alchemy_conn option in [core] has been moved to the sql_alchemy_conn option in [database] - the old setting has been used, but please update your config.
[2025-08-08T02:39:52.141+0000] {task_command.py:426} INFO - Running <TaskInstance: climate_data.create_folder scheduled__2025-02-03T00:00:00+00:00 [running]> on host 1a6f5acf67f4
[2025-08-08T02:39:52.210+0000] {taskinstance.py:2648} INFO - Exporting env vars: AIRFLOW_CTX_DAG_OWNER='***' AIRFLOW_CTX_DAG_ID='climate_data' AIRFLOW_CTX_TASK_ID='create_folder' AIRFLOW_CTX_EXECUTION_DATE='2025-02-03T00:00:00+00:00' AIRFLOW_CTX_TRY_NUMBER='1' AIRFLOW_CTX_DAG_RUN_ID='scheduled__2025-02-03T00:00:00+00:00'
[2025-08-08T02:39:52.211+0000] {taskinstance.py:430} INFO - ::endgroup::
[2025-08-08T02:39:52.220+0000] {subprocess.py:63} INFO - Tmp dir root location: /tmp
[2025-08-08T02:39:52.220+0000] {subprocess.py:75} INFO - Running command: ['/usr/bin/bash', '-c', 'mkdir -p /home/***/host_documents/week2025-02-10']
[2025-08-08T02:39:52.229+0000] {subprocess.py:86} INFO - Output:
[2025-08-08T02:39:52.232+0000] {subprocess.py:97} INFO - Command exited with return code 0
[2025-08-08T02:39:52.233+0000] {taskinstance.py:441} INFO - ::group::Post task execution logs
[2025-08-08T02:39:52.251+0000] {taskinstance.py:1206} INFO - Marking task as SUCCESS. dag_id=climate_data, task_id=create_folder, run_id=scheduled__2025-02-03T00:00:00+00:00, execution_date=20250203T000000, start_date=20250808T023952, end_date=20250808T023952
[2025-08-08T02:39:52.289+0000] {local_task_job_runner.py:240} INFO - Task exited with return code 0
[2025-08-08T02:39:52.305+0000] {taskinstance.py:3498} INFO - 1 downstream tasks scheduled from follow-on schedule check
[2025-08-08T02:39:52.308+0000] {local_task_job_runner.py:222} INFO - ::endgroup::
[2025-08-08T02:42:54.687+0000] {local_task_job_runner.py:120} INFO - ::group::Pre task execution logs
[2025-08-08T02:42:54.708+0000] {taskinstance.py:2076} INFO - Dependencies all met for dep_context=non-requeueable deps ti=<TaskInstance: climate_data.create_folder scheduled__2025-02-03T00:00:00+00:00 [queued]>
[2025-08-08T02:42:54.715+0000] {taskinstance.py:2076} INFO - Dependencies all met for dep_context=requeueable deps ti=<TaskInstance: climate_data.create_folder scheduled__2025-02-03T00:00:00+00:00 [queued]>
[2025-08-08T02:42:54.715+0000] {taskinstance.py:2306} INFO - Starting attempt 1 of 1
[2025-08-08T02:42:54.731+0000] {taskinstance.py:2330} INFO - Executing <Task(BashOperator): create_folder> on 2025-02-03 00:00:00+00:00
[2025-08-08T02:42:54.736+0000] {standard_task_runner.py:63} INFO - Started process 3116 to run task
[2025-08-08T02:42:54.738+0000] {standard_task_runner.py:90} INFO - Running: ['***', 'tasks', 'run', 'climate_data', 'create_folder', 'scheduled__2025-02-03T00:00:00+00:00', '--job-id', '904', '--raw', '--subdir', 'DAGS_FOLDER/climate_data.py', '--cfg-path', '/tmp/tmpxxm8rk8d']
[2025-08-08T02:42:54.740+0000] {standard_task_runner.py:91} INFO - Job 904: Subtask create_folder
[2025-08-08T02:42:54.752+0000] {logging_mixin.py:188} WARNING - /home/***/.local/lib/python3.9/site-packages/***/settings.py:195 DeprecationWarning: The sql_alchemy_conn option in [core] has been moved to the sql_alchemy_conn option in [database] - the old setting has been used, but please update your config.
[2025-08-08T02:42:54.795+0000] {task_command.py:426} INFO - Running <TaskInstance: climate_data.create_folder scheduled__2025-02-03T00:00:00+00:00 [running]> on host 1a6f5acf67f4
[2025-08-08T02:42:54.860+0000] {taskinstance.py:2648} INFO - Exporting env vars: AIRFLOW_CTX_DAG_OWNER='***' AIRFLOW_CTX_DAG_ID='climate_data' AIRFLOW_CTX_TASK_ID='create_folder' AIRFLOW_CTX_EXECUTION_DATE='2025-02-03T00:00:00+00:00' AIRFLOW_CTX_TRY_NUMBER='1' AIRFLOW_CTX_DAG_RUN_ID='scheduled__2025-02-03T00:00:00+00:00'
[2025-08-08T02:42:54.861+0000] {taskinstance.py:430} INFO - ::endgroup::
[2025-08-08T02:42:54.869+0000] {subprocess.py:63} INFO - Tmp dir root location: /tmp
[2025-08-08T02:42:54.870+0000] {subprocess.py:75} INFO - Running command: ['/usr/bin/bash', '-c', 'mkdir -p "/home/***/host_documents/week2025-02-10"']
[2025-08-08T02:42:54.881+0000] {subprocess.py:86} INFO - Output:
[2025-08-08T02:42:54.886+0000] {subprocess.py:97} INFO - Command exited with return code 0
[2025-08-08T02:42:54.887+0000] {taskinstance.py:441} INFO - ::group::Post task execution logs
[2025-08-08T02:42:54.906+0000] {taskinstance.py:1206} INFO - Marking task as SUCCESS. dag_id=climate_data, task_id=create_folder, run_id=scheduled__2025-02-03T00:00:00+00:00, execution_date=20250203T000000, start_date=20250808T024254, end_date=20250808T024254
[2025-08-08T02:42:54.951+0000] {local_task_job_runner.py:240} INFO - Task exited with return code 0
[2025-08-08T02:42:54.959+0000] {local_task_job_runner.py:222} INFO - ::endgroup::
