[2025-08-08T02:26:19.130+0000] {local_task_job_runner.py:120} INFO - ::group::Pre task execution logs
[2025-08-08T02:26:19.150+0000] {taskinstance.py:2076} INFO - Dependencies all met for dep_context=non-requeueable deps ti=<TaskInstance: climate_data.create_folder scheduled__2022-08-29T00:00:00+00:00 [queued]>
[2025-08-08T02:26:19.158+0000] {taskinstance.py:2076} INFO - Dependencies all met for dep_context=requeueable deps ti=<TaskInstance: climate_data.create_folder scheduled__2022-08-29T00:00:00+00:00 [queued]>
[2025-08-08T02:26:19.159+0000] {taskinstance.py:2306} INFO - Starting attempt 1 of 1
[2025-08-08T02:26:19.181+0000] {taskinstance.py:2330} INFO - Executing <Task(BashOperator): create_folder> on 2022-08-29 00:00:00+00:00
[2025-08-08T02:26:19.186+0000] {standard_task_runner.py:63} INFO - Started process 228 to run task
[2025-08-08T02:26:19.189+0000] {standard_task_runner.py:90} INFO - Running: ['***', 'tasks', 'run', 'climate_data', 'create_folder', 'scheduled__2022-08-29T00:00:00+00:00', '--job-id', '30', '--raw', '--subdir', 'DAGS_FOLDER/climate_data.py', '--cfg-path', '/tmp/tmp8m8lavmu']
[2025-08-08T02:26:19.192+0000] {standard_task_runner.py:91} INFO - Job 30: Subtask create_folder
[2025-08-08T02:26:19.204+0000] {logging_mixin.py:188} WARNING - /home/***/.local/lib/python3.9/site-packages/***/settings.py:195 DeprecationWarning: The sql_alchemy_conn option in [core] has been moved to the sql_alchemy_conn option in [database] - the old setting has been used, but please update your config.
[2025-08-08T02:26:19.251+0000] {task_command.py:426} INFO - Running <TaskInstance: climate_data.create_folder scheduled__2022-08-29T00:00:00+00:00 [running]> on host 3ceab82043f1
[2025-08-08T02:26:19.333+0000] {taskinstance.py:2648} INFO - Exporting env vars: AIRFLOW_CTX_DAG_OWNER='***' AIRFLOW_CTX_DAG_ID='climate_data' AIRFLOW_CTX_TASK_ID='create_folder' AIRFLOW_CTX_EXECUTION_DATE='2022-08-29T00:00:00+00:00' AIRFLOW_CTX_TRY_NUMBER='1' AIRFLOW_CTX_DAG_RUN_ID='scheduled__2022-08-29T00:00:00+00:00'
[2025-08-08T02:26:19.334+0000] {taskinstance.py:430} INFO - ::endgroup::
[2025-08-08T02:26:19.352+0000] {subprocess.py:63} INFO - Tmp dir root location: /tmp
[2025-08-08T02:26:19.352+0000] {subprocess.py:75} INFO - Running command: ['/usr/bin/bash', '-c', 'mkdir -p /home/***/host_documents/week2022-09-05"']
[2025-08-08T02:26:19.361+0000] {subprocess.py:86} INFO - Output:
[2025-08-08T02:26:19.363+0000] {subprocess.py:93} INFO - /usr/bin/bash: -c: line 1: unexpected EOF while looking for matching `"'
[2025-08-08T02:26:19.364+0000] {subprocess.py:97} INFO - Command exited with return code 2
[2025-08-08T02:26:19.364+0000] {taskinstance.py:441} INFO - ::group::Post task execution logs
[2025-08-08T02:26:19.373+0000] {taskinstance.py:2905} ERROR - Task failed with exception
Traceback (most recent call last):
  File "/home/airflow/.local/lib/python3.9/site-packages/airflow/models/taskinstance.py", line 465, in _execute_task
    result = _execute_callable(context=context, **execute_callable_kwargs)
  File "/home/airflow/.local/lib/python3.9/site-packages/airflow/models/taskinstance.py", line 432, in _execute_callable
    return execute_callable(context=context, **execute_callable_kwargs)
  File "/home/airflow/.local/lib/python3.9/site-packages/airflow/models/baseoperator.py", line 400, in wrapper
    return func(self, *args, **kwargs)
  File "/home/airflow/.local/lib/python3.9/site-packages/airflow/operators/bash.py", line 243, in execute
    raise AirflowException(
airflow.exceptions.AirflowException: Bash command failed. The command returned a non-zero exit code 2.
[2025-08-08T02:26:19.377+0000] {taskinstance.py:1206} INFO - Marking task as FAILED. dag_id=climate_data, task_id=create_folder, run_id=scheduled__2022-08-29T00:00:00+00:00, execution_date=20220829T000000, start_date=20250808T022619, end_date=20250808T022619
[2025-08-08T02:26:19.390+0000] {standard_task_runner.py:110} ERROR - Failed to execute job 30 for task create_folder (Bash command failed. The command returned a non-zero exit code 2.; 228)
[2025-08-08T02:26:19.404+0000] {local_task_job_runner.py:240} INFO - Task exited with return code 1
[2025-08-08T02:26:19.426+0000] {taskinstance.py:3498} INFO - 0 downstream tasks scheduled from follow-on schedule check
[2025-08-08T02:26:19.430+0000] {local_task_job_runner.py:222} INFO - ::endgroup::
[2025-08-08T02:34:37.650+0000] {local_task_job_runner.py:120} INFO - ::group::Pre task execution logs
[2025-08-08T02:34:37.670+0000] {taskinstance.py:2076} INFO - Dependencies all met for dep_context=non-requeueable deps ti=<TaskInstance: climate_data.create_folder scheduled__2022-08-29T00:00:00+00:00 [queued]>
[2025-08-08T02:34:37.676+0000] {taskinstance.py:2076} INFO - Dependencies all met for dep_context=requeueable deps ti=<TaskInstance: climate_data.create_folder scheduled__2022-08-29T00:00:00+00:00 [queued]>
[2025-08-08T02:34:37.677+0000] {taskinstance.py:2306} INFO - Starting attempt 1 of 1
[2025-08-08T02:34:37.689+0000] {taskinstance.py:2330} INFO - Executing <Task(BashOperator): create_folder> on 2022-08-29 00:00:00+00:00
[2025-08-08T02:34:37.696+0000] {standard_task_runner.py:63} INFO - Started process 260 to run task
[2025-08-08T02:34:37.699+0000] {standard_task_runner.py:90} INFO - Running: ['***', 'tasks', 'run', 'climate_data', 'create_folder', 'scheduled__2022-08-29T00:00:00+00:00', '--job-id', '185', '--raw', '--subdir', 'DAGS_FOLDER/climate_data.py', '--cfg-path', '/tmp/tmpn5isvwli']
[2025-08-08T02:34:37.701+0000] {standard_task_runner.py:91} INFO - Job 185: Subtask create_folder
[2025-08-08T02:34:37.719+0000] {logging_mixin.py:188} WARNING - /home/***/.local/lib/python3.9/site-packages/***/settings.py:195 DeprecationWarning: The sql_alchemy_conn option in [core] has been moved to the sql_alchemy_conn option in [database] - the old setting has been used, but please update your config.
[2025-08-08T02:34:37.767+0000] {task_command.py:426} INFO - Running <TaskInstance: climate_data.create_folder scheduled__2022-08-29T00:00:00+00:00 [running]> on host 1a6f5acf67f4
[2025-08-08T02:34:37.846+0000] {taskinstance.py:2648} INFO - Exporting env vars: AIRFLOW_CTX_DAG_OWNER='***' AIRFLOW_CTX_DAG_ID='climate_data' AIRFLOW_CTX_TASK_ID='create_folder' AIRFLOW_CTX_EXECUTION_DATE='2022-08-29T00:00:00+00:00' AIRFLOW_CTX_TRY_NUMBER='1' AIRFLOW_CTX_DAG_RUN_ID='scheduled__2022-08-29T00:00:00+00:00'
[2025-08-08T02:34:37.847+0000] {taskinstance.py:430} INFO - ::endgroup::
[2025-08-08T02:34:37.860+0000] {subprocess.py:63} INFO - Tmp dir root location: /tmp
[2025-08-08T02:34:37.862+0000] {subprocess.py:75} INFO - Running command: ['/usr/bin/bash', '-c', 'mkdir -p /home/***/host_documents/week2022-09-05"']
[2025-08-08T02:34:37.870+0000] {subprocess.py:86} INFO - Output:
[2025-08-08T02:34:37.871+0000] {subprocess.py:93} INFO - /usr/bin/bash: -c: line 1: unexpected EOF while looking for matching `"'
[2025-08-08T02:34:37.871+0000] {subprocess.py:97} INFO - Command exited with return code 2
[2025-08-08T02:34:37.872+0000] {taskinstance.py:441} INFO - ::group::Post task execution logs
[2025-08-08T02:34:37.883+0000] {taskinstance.py:2905} ERROR - Task failed with exception
Traceback (most recent call last):
  File "/home/airflow/.local/lib/python3.9/site-packages/airflow/models/taskinstance.py", line 465, in _execute_task
    result = _execute_callable(context=context, **execute_callable_kwargs)
  File "/home/airflow/.local/lib/python3.9/site-packages/airflow/models/taskinstance.py", line 432, in _execute_callable
    return execute_callable(context=context, **execute_callable_kwargs)
  File "/home/airflow/.local/lib/python3.9/site-packages/airflow/models/baseoperator.py", line 400, in wrapper
    return func(self, *args, **kwargs)
  File "/home/airflow/.local/lib/python3.9/site-packages/airflow/operators/bash.py", line 243, in execute
    raise AirflowException(
airflow.exceptions.AirflowException: Bash command failed. The command returned a non-zero exit code 2.
[2025-08-08T02:34:37.886+0000] {taskinstance.py:1206} INFO - Marking task as FAILED. dag_id=climate_data, task_id=create_folder, run_id=scheduled__2022-08-29T00:00:00+00:00, execution_date=20220829T000000, start_date=20250808T023437, end_date=20250808T023437
[2025-08-08T02:34:37.898+0000] {standard_task_runner.py:110} ERROR - Failed to execute job 185 for task create_folder (Bash command failed. The command returned a non-zero exit code 2.; 260)
[2025-08-08T02:34:37.911+0000] {local_task_job_runner.py:240} INFO - Task exited with return code 1
[2025-08-08T02:34:37.920+0000] {local_task_job_runner.py:222} INFO - ::endgroup::
[2025-08-08T02:39:13.169+0000] {local_task_job_runner.py:120} INFO - ::group::Pre task execution logs
[2025-08-08T02:39:13.196+0000] {taskinstance.py:2076} INFO - Dependencies all met for dep_context=non-requeueable deps ti=<TaskInstance: climate_data.create_folder scheduled__2022-08-29T00:00:00+00:00 [queued]>
[2025-08-08T02:39:13.204+0000] {taskinstance.py:2076} INFO - Dependencies all met for dep_context=requeueable deps ti=<TaskInstance: climate_data.create_folder scheduled__2022-08-29T00:00:00+00:00 [queued]>
[2025-08-08T02:39:13.205+0000] {taskinstance.py:2306} INFO - Starting attempt 1 of 1
[2025-08-08T02:39:13.226+0000] {taskinstance.py:2330} INFO - Executing <Task(BashOperator): create_folder> on 2022-08-29 00:00:00+00:00
[2025-08-08T02:39:13.231+0000] {standard_task_runner.py:63} INFO - Started process 1033 to run task
[2025-08-08T02:39:13.234+0000] {standard_task_runner.py:90} INFO - Running: ['***', 'tasks', 'run', 'climate_data', 'create_folder', 'scheduled__2022-08-29T00:00:00+00:00', '--job-id', '341', '--raw', '--subdir', 'DAGS_FOLDER/climate_data.py', '--cfg-path', '/tmp/tmpxc66y4gx']
[2025-08-08T02:39:13.236+0000] {standard_task_runner.py:91} INFO - Job 341: Subtask create_folder
[2025-08-08T02:39:13.250+0000] {logging_mixin.py:188} WARNING - /home/***/.local/lib/python3.9/site-packages/***/settings.py:195 DeprecationWarning: The sql_alchemy_conn option in [core] has been moved to the sql_alchemy_conn option in [database] - the old setting has been used, but please update your config.
[2025-08-08T02:39:13.297+0000] {task_command.py:426} INFO - Running <TaskInstance: climate_data.create_folder scheduled__2022-08-29T00:00:00+00:00 [running]> on host 1a6f5acf67f4
[2025-08-08T02:39:13.374+0000] {taskinstance.py:2648} INFO - Exporting env vars: AIRFLOW_CTX_DAG_OWNER='***' AIRFLOW_CTX_DAG_ID='climate_data' AIRFLOW_CTX_TASK_ID='create_folder' AIRFLOW_CTX_EXECUTION_DATE='2022-08-29T00:00:00+00:00' AIRFLOW_CTX_TRY_NUMBER='1' AIRFLOW_CTX_DAG_RUN_ID='scheduled__2022-08-29T00:00:00+00:00'
[2025-08-08T02:39:13.375+0000] {taskinstance.py:430} INFO - ::endgroup::
[2025-08-08T02:39:13.387+0000] {subprocess.py:63} INFO - Tmp dir root location: /tmp
[2025-08-08T02:39:13.389+0000] {subprocess.py:75} INFO - Running command: ['/usr/bin/bash', '-c', 'mkdir -p /home/***/host_documents/week2022-09-05']
[2025-08-08T02:39:13.396+0000] {subprocess.py:86} INFO - Output:
[2025-08-08T02:39:13.401+0000] {subprocess.py:97} INFO - Command exited with return code 0
[2025-08-08T02:39:13.402+0000] {taskinstance.py:441} INFO - ::group::Post task execution logs
[2025-08-08T02:39:13.427+0000] {taskinstance.py:1206} INFO - Marking task as SUCCESS. dag_id=climate_data, task_id=create_folder, run_id=scheduled__2022-08-29T00:00:00+00:00, execution_date=20220829T000000, start_date=20250808T023913, end_date=20250808T023913
[2025-08-08T02:39:13.446+0000] {local_task_job_runner.py:240} INFO - Task exited with return code 0
[2025-08-08T02:39:13.459+0000] {local_task_job_runner.py:222} INFO - ::endgroup::
[2025-08-08T02:42:11.679+0000] {local_task_job_runner.py:120} INFO - ::group::Pre task execution logs
[2025-08-08T02:42:11.700+0000] {taskinstance.py:2076} INFO - Dependencies all met for dep_context=non-requeueable deps ti=<TaskInstance: climate_data.create_folder scheduled__2022-08-29T00:00:00+00:00 [queued]>
[2025-08-08T02:42:11.708+0000] {taskinstance.py:2076} INFO - Dependencies all met for dep_context=requeueable deps ti=<TaskInstance: climate_data.create_folder scheduled__2022-08-29T00:00:00+00:00 [queued]>
[2025-08-08T02:42:11.708+0000] {taskinstance.py:2306} INFO - Starting attempt 1 of 1
[2025-08-08T02:42:11.718+0000] {taskinstance.py:2330} INFO - Executing <Task(BashOperator): create_folder> on 2022-08-29 00:00:00+00:00
[2025-08-08T02:42:11.723+0000] {standard_task_runner.py:63} INFO - Started process 2208 to run task
[2025-08-08T02:42:11.725+0000] {standard_task_runner.py:90} INFO - Running: ['***', 'tasks', 'run', 'climate_data', 'create_folder', 'scheduled__2022-08-29T00:00:00+00:00', '--job-id', '649', '--raw', '--subdir', 'DAGS_FOLDER/climate_data.py', '--cfg-path', '/tmp/tmpdb3j9n7s']
[2025-08-08T02:42:11.727+0000] {standard_task_runner.py:91} INFO - Job 649: Subtask create_folder
[2025-08-08T02:42:11.742+0000] {logging_mixin.py:188} WARNING - /home/***/.local/lib/python3.9/site-packages/***/settings.py:195 DeprecationWarning: The sql_alchemy_conn option in [core] has been moved to the sql_alchemy_conn option in [database] - the old setting has been used, but please update your config.
[2025-08-08T02:42:11.783+0000] {task_command.py:426} INFO - Running <TaskInstance: climate_data.create_folder scheduled__2022-08-29T00:00:00+00:00 [running]> on host 1a6f5acf67f4
[2025-08-08T02:42:11.861+0000] {taskinstance.py:2648} INFO - Exporting env vars: AIRFLOW_CTX_DAG_OWNER='***' AIRFLOW_CTX_DAG_ID='climate_data' AIRFLOW_CTX_TASK_ID='create_folder' AIRFLOW_CTX_EXECUTION_DATE='2022-08-29T00:00:00+00:00' AIRFLOW_CTX_TRY_NUMBER='1' AIRFLOW_CTX_DAG_RUN_ID='scheduled__2022-08-29T00:00:00+00:00'
[2025-08-08T02:42:11.862+0000] {taskinstance.py:430} INFO - ::endgroup::
[2025-08-08T02:42:11.872+0000] {subprocess.py:63} INFO - Tmp dir root location: /tmp
[2025-08-08T02:42:11.873+0000] {subprocess.py:75} INFO - Running command: ['/usr/bin/bash', '-c', 'mkdir -p "/home/***/host_documents/week2022-09-05"']
[2025-08-08T02:42:11.883+0000] {subprocess.py:86} INFO - Output:
[2025-08-08T02:42:11.888+0000] {subprocess.py:97} INFO - Command exited with return code 0
[2025-08-08T02:42:11.889+0000] {taskinstance.py:441} INFO - ::group::Post task execution logs
[2025-08-08T02:42:11.912+0000] {taskinstance.py:1206} INFO - Marking task as SUCCESS. dag_id=climate_data, task_id=create_folder, run_id=scheduled__2022-08-29T00:00:00+00:00, execution_date=20220829T000000, start_date=20250808T024211, end_date=20250808T024211
[2025-08-08T02:42:11.938+0000] {local_task_job_runner.py:240} INFO - Task exited with return code 0
[2025-08-08T02:42:11.956+0000] {taskinstance.py:3498} INFO - 1 downstream tasks scheduled from follow-on schedule check
[2025-08-08T02:42:11.958+0000] {local_task_job_runner.py:222} INFO - ::endgroup::
