[2025-08-08T02:26:40.992+0000] {local_task_job_runner.py:120} INFO - ::group::Pre task execution logs
[2025-08-08T02:26:41.014+0000] {taskinstance.py:2076} INFO - Dependencies all met for dep_context=non-requeueable deps ti=<TaskInstance: climate_data.create_folder scheduled__2023-12-18T00:00:00+00:00 [queued]>
[2025-08-08T02:26:41.021+0000] {taskinstance.py:2076} INFO - Dependencies all met for dep_context=requeueable deps ti=<TaskInstance: climate_data.create_folder scheduled__2023-12-18T00:00:00+00:00 [queued]>
[2025-08-08T02:26:41.022+0000] {taskinstance.py:2306} INFO - Starting attempt 1 of 1
[2025-08-08T02:26:41.071+0000] {taskinstance.py:2330} INFO - Executing <Task(BashOperator): create_folder> on 2023-12-18 00:00:00+00:00
[2025-08-08T02:26:41.075+0000] {standard_task_runner.py:63} INFO - Started process 498 to run task
[2025-08-08T02:26:41.078+0000] {standard_task_runner.py:90} INFO - Running: ['***', 'tasks', 'run', 'climate_data', 'create_folder', 'scheduled__2023-12-18T00:00:00+00:00', '--job-id', '98', '--raw', '--subdir', 'DAGS_FOLDER/climate_data.py', '--cfg-path', '/tmp/tmp71slbwc6']
[2025-08-08T02:26:41.081+0000] {standard_task_runner.py:91} INFO - Job 98: Subtask create_folder
[2025-08-08T02:26:41.093+0000] {logging_mixin.py:188} WARNING - /home/***/.local/lib/python3.9/site-packages/***/settings.py:195 DeprecationWarning: The sql_alchemy_conn option in [core] has been moved to the sql_alchemy_conn option in [database] - the old setting has been used, but please update your config.
[2025-08-08T02:26:41.135+0000] {task_command.py:426} INFO - Running <TaskInstance: climate_data.create_folder scheduled__2023-12-18T00:00:00+00:00 [running]> on host 3ceab82043f1
[2025-08-08T02:26:41.203+0000] {taskinstance.py:2648} INFO - Exporting env vars: AIRFLOW_CTX_DAG_OWNER='***' AIRFLOW_CTX_DAG_ID='climate_data' AIRFLOW_CTX_TASK_ID='create_folder' AIRFLOW_CTX_EXECUTION_DATE='2023-12-18T00:00:00+00:00' AIRFLOW_CTX_TRY_NUMBER='1' AIRFLOW_CTX_DAG_RUN_ID='scheduled__2023-12-18T00:00:00+00:00'
[2025-08-08T02:26:41.204+0000] {taskinstance.py:430} INFO - ::endgroup::
[2025-08-08T02:26:41.214+0000] {subprocess.py:63} INFO - Tmp dir root location: /tmp
[2025-08-08T02:26:41.215+0000] {subprocess.py:75} INFO - Running command: ['/usr/bin/bash', '-c', 'mkdir -p /home/***/host_documents/week2023-12-25"']
[2025-08-08T02:26:41.224+0000] {subprocess.py:86} INFO - Output:
[2025-08-08T02:26:41.225+0000] {subprocess.py:93} INFO - /usr/bin/bash: -c: line 1: unexpected EOF while looking for matching `"'
[2025-08-08T02:26:41.226+0000] {subprocess.py:97} INFO - Command exited with return code 2
[2025-08-08T02:26:41.227+0000] {taskinstance.py:441} INFO - ::group::Post task execution logs
[2025-08-08T02:26:41.236+0000] {taskinstance.py:2905} ERROR - Task failed with exception
Traceback (most recent call last):
  File "/home/airflow/.local/lib/python3.9/site-packages/airflow/models/taskinstance.py", line 465, in _execute_task
    result = _execute_callable(context=context, **execute_callable_kwargs)
  File "/home/airflow/.local/lib/python3.9/site-packages/airflow/models/taskinstance.py", line 432, in _execute_callable
    return execute_callable(context=context, **execute_callable_kwargs)
  File "/home/airflow/.local/lib/python3.9/site-packages/airflow/models/baseoperator.py", line 400, in wrapper
    return func(self, *args, **kwargs)
  File "/home/airflow/.local/lib/python3.9/site-packages/airflow/operators/bash.py", line 243, in execute
    raise AirflowException(
airflow.exceptions.AirflowException: Bash command failed. The command returned a non-zero exit code 2.
[2025-08-08T02:26:41.239+0000] {taskinstance.py:1206} INFO - Marking task as FAILED. dag_id=climate_data, task_id=create_folder, run_id=scheduled__2023-12-18T00:00:00+00:00, execution_date=20231218T000000, start_date=20250808T022641, end_date=20250808T022641
[2025-08-08T02:26:41.263+0000] {standard_task_runner.py:110} ERROR - Failed to execute job 98 for task create_folder (Bash command failed. The command returned a non-zero exit code 2.; 498)
[2025-08-08T02:26:41.291+0000] {local_task_job_runner.py:240} INFO - Task exited with return code 1
[2025-08-08T02:26:41.307+0000] {taskinstance.py:3498} INFO - 0 downstream tasks scheduled from follow-on schedule check
[2025-08-08T02:26:41.312+0000] {local_task_job_runner.py:222} INFO - ::endgroup::
[2025-08-08T02:35:01.619+0000] {local_task_job_runner.py:120} INFO - ::group::Pre task execution logs
[2025-08-08T02:35:01.645+0000] {taskinstance.py:2076} INFO - Dependencies all met for dep_context=non-requeueable deps ti=<TaskInstance: climate_data.create_folder scheduled__2023-12-18T00:00:00+00:00 [queued]>
[2025-08-08T02:35:01.654+0000] {taskinstance.py:2076} INFO - Dependencies all met for dep_context=requeueable deps ti=<TaskInstance: climate_data.create_folder scheduled__2023-12-18T00:00:00+00:00 [queued]>
[2025-08-08T02:35:01.655+0000] {taskinstance.py:2306} INFO - Starting attempt 1 of 1
[2025-08-08T02:35:01.693+0000] {taskinstance.py:2330} INFO - Executing <Task(BashOperator): create_folder> on 2023-12-18 00:00:00+00:00
[2025-08-08T02:35:01.698+0000] {standard_task_runner.py:63} INFO - Started process 549 to run task
[2025-08-08T02:35:01.702+0000] {standard_task_runner.py:90} INFO - Running: ['***', 'tasks', 'run', 'climate_data', 'create_folder', 'scheduled__2023-12-18T00:00:00+00:00', '--job-id', '254', '--raw', '--subdir', 'DAGS_FOLDER/climate_data.py', '--cfg-path', '/tmp/tmpxca667l3']
[2025-08-08T02:35:01.704+0000] {standard_task_runner.py:91} INFO - Job 254: Subtask create_folder
[2025-08-08T02:35:01.721+0000] {logging_mixin.py:188} WARNING - /home/***/.local/lib/python3.9/site-packages/***/settings.py:195 DeprecationWarning: The sql_alchemy_conn option in [core] has been moved to the sql_alchemy_conn option in [database] - the old setting has been used, but please update your config.
[2025-08-08T02:35:01.765+0000] {task_command.py:426} INFO - Running <TaskInstance: climate_data.create_folder scheduled__2023-12-18T00:00:00+00:00 [running]> on host 1a6f5acf67f4
[2025-08-08T02:35:01.829+0000] {taskinstance.py:2648} INFO - Exporting env vars: AIRFLOW_CTX_DAG_OWNER='***' AIRFLOW_CTX_DAG_ID='climate_data' AIRFLOW_CTX_TASK_ID='create_folder' AIRFLOW_CTX_EXECUTION_DATE='2023-12-18T00:00:00+00:00' AIRFLOW_CTX_TRY_NUMBER='1' AIRFLOW_CTX_DAG_RUN_ID='scheduled__2023-12-18T00:00:00+00:00'
[2025-08-08T02:35:01.830+0000] {taskinstance.py:430} INFO - ::endgroup::
[2025-08-08T02:35:01.838+0000] {subprocess.py:63} INFO - Tmp dir root location: /tmp
[2025-08-08T02:35:01.839+0000] {subprocess.py:75} INFO - Running command: ['/usr/bin/bash', '-c', 'mkdir -p /home/***/host_documents/week2023-12-25"']
[2025-08-08T02:35:01.849+0000] {subprocess.py:86} INFO - Output:
[2025-08-08T02:35:01.850+0000] {subprocess.py:93} INFO - /usr/bin/bash: -c: line 1: unexpected EOF while looking for matching `"'
[2025-08-08T02:35:01.850+0000] {subprocess.py:97} INFO - Command exited with return code 2
[2025-08-08T02:35:01.851+0000] {taskinstance.py:441} INFO - ::group::Post task execution logs
[2025-08-08T02:35:01.859+0000] {taskinstance.py:2905} ERROR - Task failed with exception
Traceback (most recent call last):
  File "/home/airflow/.local/lib/python3.9/site-packages/airflow/models/taskinstance.py", line 465, in _execute_task
    result = _execute_callable(context=context, **execute_callable_kwargs)
  File "/home/airflow/.local/lib/python3.9/site-packages/airflow/models/taskinstance.py", line 432, in _execute_callable
    return execute_callable(context=context, **execute_callable_kwargs)
  File "/home/airflow/.local/lib/python3.9/site-packages/airflow/models/baseoperator.py", line 400, in wrapper
    return func(self, *args, **kwargs)
  File "/home/airflow/.local/lib/python3.9/site-packages/airflow/operators/bash.py", line 243, in execute
    raise AirflowException(
airflow.exceptions.AirflowException: Bash command failed. The command returned a non-zero exit code 2.
[2025-08-08T02:35:01.862+0000] {taskinstance.py:1206} INFO - Marking task as FAILED. dag_id=climate_data, task_id=create_folder, run_id=scheduled__2023-12-18T00:00:00+00:00, execution_date=20231218T000000, start_date=20250808T023501, end_date=20250808T023501
[2025-08-08T02:35:01.908+0000] {standard_task_runner.py:110} ERROR - Failed to execute job 254 for task create_folder (Bash command failed. The command returned a non-zero exit code 2.; 549)
[2025-08-08T02:35:01.954+0000] {local_task_job_runner.py:240} INFO - Task exited with return code 1
[2025-08-08T02:35:01.963+0000] {local_task_job_runner.py:222} INFO - ::endgroup::
[2025-08-08T02:39:35.104+0000] {local_task_job_runner.py:120} INFO - ::group::Pre task execution logs
[2025-08-08T02:39:35.125+0000] {taskinstance.py:2076} INFO - Dependencies all met for dep_context=non-requeueable deps ti=<TaskInstance: climate_data.create_folder scheduled__2023-12-18T00:00:00+00:00 [queued]>
[2025-08-08T02:39:35.131+0000] {taskinstance.py:2076} INFO - Dependencies all met for dep_context=requeueable deps ti=<TaskInstance: climate_data.create_folder scheduled__2023-12-18T00:00:00+00:00 [queued]>
[2025-08-08T02:39:35.132+0000] {taskinstance.py:2306} INFO - Starting attempt 1 of 1
[2025-08-08T02:39:35.196+0000] {taskinstance.py:2330} INFO - Executing <Task(BashOperator): create_folder> on 2023-12-18 00:00:00+00:00
[2025-08-08T02:39:35.200+0000] {standard_task_runner.py:63} INFO - Started process 1508 to run task
[2025-08-08T02:39:35.203+0000] {standard_task_runner.py:90} INFO - Running: ['***', 'tasks', 'run', 'climate_data', 'create_folder', 'scheduled__2023-12-18T00:00:00+00:00', '--job-id', '474', '--raw', '--subdir', 'DAGS_FOLDER/climate_data.py', '--cfg-path', '/tmp/tmpa963br7r']
[2025-08-08T02:39:35.205+0000] {standard_task_runner.py:91} INFO - Job 474: Subtask create_folder
[2025-08-08T02:39:35.217+0000] {logging_mixin.py:188} WARNING - /home/***/.local/lib/python3.9/site-packages/***/settings.py:195 DeprecationWarning: The sql_alchemy_conn option in [core] has been moved to the sql_alchemy_conn option in [database] - the old setting has been used, but please update your config.
[2025-08-08T02:39:35.259+0000] {task_command.py:426} INFO - Running <TaskInstance: climate_data.create_folder scheduled__2023-12-18T00:00:00+00:00 [running]> on host 1a6f5acf67f4
[2025-08-08T02:39:35.326+0000] {taskinstance.py:2648} INFO - Exporting env vars: AIRFLOW_CTX_DAG_OWNER='***' AIRFLOW_CTX_DAG_ID='climate_data' AIRFLOW_CTX_TASK_ID='create_folder' AIRFLOW_CTX_EXECUTION_DATE='2023-12-18T00:00:00+00:00' AIRFLOW_CTX_TRY_NUMBER='1' AIRFLOW_CTX_DAG_RUN_ID='scheduled__2023-12-18T00:00:00+00:00'
[2025-08-08T02:39:35.328+0000] {taskinstance.py:430} INFO - ::endgroup::
[2025-08-08T02:39:35.336+0000] {subprocess.py:63} INFO - Tmp dir root location: /tmp
[2025-08-08T02:39:35.339+0000] {subprocess.py:75} INFO - Running command: ['/usr/bin/bash', '-c', 'mkdir -p /home/***/host_documents/week2023-12-25']
[2025-08-08T02:39:35.348+0000] {subprocess.py:86} INFO - Output:
[2025-08-08T02:39:35.352+0000] {subprocess.py:97} INFO - Command exited with return code 0
[2025-08-08T02:39:35.353+0000] {taskinstance.py:441} INFO - ::group::Post task execution logs
[2025-08-08T02:39:35.377+0000] {taskinstance.py:1206} INFO - Marking task as SUCCESS. dag_id=climate_data, task_id=create_folder, run_id=scheduled__2023-12-18T00:00:00+00:00, execution_date=20231218T000000, start_date=20250808T023935, end_date=20250808T023935
[2025-08-08T02:39:35.455+0000] {local_task_job_runner.py:240} INFO - Task exited with return code 0
[2025-08-08T02:39:35.473+0000] {taskinstance.py:3498} INFO - 1 downstream tasks scheduled from follow-on schedule check
[2025-08-08T02:39:35.475+0000] {local_task_job_runner.py:222} INFO - ::endgroup::
[2025-08-08T02:42:34.163+0000] {local_task_job_runner.py:120} INFO - ::group::Pre task execution logs
[2025-08-08T02:42:34.182+0000] {taskinstance.py:2076} INFO - Dependencies all met for dep_context=non-requeueable deps ti=<TaskInstance: climate_data.create_folder scheduled__2023-12-18T00:00:00+00:00 [queued]>
[2025-08-08T02:42:34.190+0000] {taskinstance.py:2076} INFO - Dependencies all met for dep_context=requeueable deps ti=<TaskInstance: climate_data.create_folder scheduled__2023-12-18T00:00:00+00:00 [queued]>
[2025-08-08T02:42:34.191+0000] {taskinstance.py:2306} INFO - Starting attempt 1 of 1
[2025-08-08T02:42:34.204+0000] {taskinstance.py:2330} INFO - Executing <Task(BashOperator): create_folder> on 2023-12-18 00:00:00+00:00
[2025-08-08T02:42:34.207+0000] {standard_task_runner.py:63} INFO - Started process 2686 to run task
[2025-08-08T02:42:34.210+0000] {standard_task_runner.py:90} INFO - Running: ['***', 'tasks', 'run', 'climate_data', 'create_folder', 'scheduled__2023-12-18T00:00:00+00:00', '--job-id', '782', '--raw', '--subdir', 'DAGS_FOLDER/climate_data.py', '--cfg-path', '/tmp/tmplc7p3mxq']
[2025-08-08T02:42:34.212+0000] {standard_task_runner.py:91} INFO - Job 782: Subtask create_folder
[2025-08-08T02:42:34.226+0000] {logging_mixin.py:188} WARNING - /home/***/.local/lib/python3.9/site-packages/***/settings.py:195 DeprecationWarning: The sql_alchemy_conn option in [core] has been moved to the sql_alchemy_conn option in [database] - the old setting has been used, but please update your config.
[2025-08-08T02:42:34.269+0000] {task_command.py:426} INFO - Running <TaskInstance: climate_data.create_folder scheduled__2023-12-18T00:00:00+00:00 [running]> on host 1a6f5acf67f4
[2025-08-08T02:42:34.332+0000] {taskinstance.py:2648} INFO - Exporting env vars: AIRFLOW_CTX_DAG_OWNER='***' AIRFLOW_CTX_DAG_ID='climate_data' AIRFLOW_CTX_TASK_ID='create_folder' AIRFLOW_CTX_EXECUTION_DATE='2023-12-18T00:00:00+00:00' AIRFLOW_CTX_TRY_NUMBER='1' AIRFLOW_CTX_DAG_RUN_ID='scheduled__2023-12-18T00:00:00+00:00'
[2025-08-08T02:42:34.333+0000] {taskinstance.py:430} INFO - ::endgroup::
[2025-08-08T02:42:34.341+0000] {subprocess.py:63} INFO - Tmp dir root location: /tmp
[2025-08-08T02:42:34.342+0000] {subprocess.py:75} INFO - Running command: ['/usr/bin/bash', '-c', 'mkdir -p "/home/***/host_documents/week2023-12-25"']
[2025-08-08T02:42:34.352+0000] {subprocess.py:86} INFO - Output:
[2025-08-08T02:42:34.356+0000] {subprocess.py:97} INFO - Command exited with return code 0
[2025-08-08T02:42:34.357+0000] {taskinstance.py:441} INFO - ::group::Post task execution logs
[2025-08-08T02:42:34.377+0000] {taskinstance.py:1206} INFO - Marking task as SUCCESS. dag_id=climate_data, task_id=create_folder, run_id=scheduled__2023-12-18T00:00:00+00:00, execution_date=20231218T000000, start_date=20250808T024234, end_date=20250808T024234
[2025-08-08T02:42:34.424+0000] {local_task_job_runner.py:240} INFO - Task exited with return code 0
[2025-08-08T02:42:34.442+0000] {taskinstance.py:3498} INFO - 1 downstream tasks scheduled from follow-on schedule check
[2025-08-08T02:42:34.444+0000] {local_task_job_runner.py:222} INFO - ::endgroup::
