[2025-08-08T02:26:27.203+0000] {local_task_job_runner.py:120} INFO - ::group::Pre task execution logs
[2025-08-08T02:26:27.224+0000] {taskinstance.py:2076} INFO - Dependencies all met for dep_context=non-requeueable deps ti=<TaskInstance: climate_data.create_folder scheduled__2023-02-13T00:00:00+00:00 [queued]>
[2025-08-08T02:26:27.233+0000] {taskinstance.py:2076} INFO - Dependencies all met for dep_context=requeueable deps ti=<TaskInstance: climate_data.create_folder scheduled__2023-02-13T00:00:00+00:00 [queued]>
[2025-08-08T02:26:27.234+0000] {taskinstance.py:2306} INFO - Starting attempt 1 of 1
[2025-08-08T02:26:27.263+0000] {taskinstance.py:2330} INFO - Executing <Task(BashOperator): create_folder> on 2023-02-13 00:00:00+00:00
[2025-08-08T02:26:27.268+0000] {standard_task_runner.py:63} INFO - Started process 321 to run task
[2025-08-08T02:26:27.270+0000] {standard_task_runner.py:90} INFO - Running: ['***', 'tasks', 'run', 'climate_data', 'create_folder', 'scheduled__2023-02-13T00:00:00+00:00', '--job-id', '54', '--raw', '--subdir', 'DAGS_FOLDER/climate_data.py', '--cfg-path', '/tmp/tmpwtvjergt']
[2025-08-08T02:26:27.272+0000] {standard_task_runner.py:91} INFO - Job 54: Subtask create_folder
[2025-08-08T02:26:27.287+0000] {logging_mixin.py:188} WARNING - /home/***/.local/lib/python3.9/site-packages/***/settings.py:195 DeprecationWarning: The sql_alchemy_conn option in [core] has been moved to the sql_alchemy_conn option in [database] - the old setting has been used, but please update your config.
[2025-08-08T02:26:27.345+0000] {task_command.py:426} INFO - Running <TaskInstance: climate_data.create_folder scheduled__2023-02-13T00:00:00+00:00 [running]> on host 3ceab82043f1
[2025-08-08T02:26:27.414+0000] {taskinstance.py:2648} INFO - Exporting env vars: AIRFLOW_CTX_DAG_OWNER='***' AIRFLOW_CTX_DAG_ID='climate_data' AIRFLOW_CTX_TASK_ID='create_folder' AIRFLOW_CTX_EXECUTION_DATE='2023-02-13T00:00:00+00:00' AIRFLOW_CTX_TRY_NUMBER='1' AIRFLOW_CTX_DAG_RUN_ID='scheduled__2023-02-13T00:00:00+00:00'
[2025-08-08T02:26:27.416+0000] {taskinstance.py:430} INFO - ::endgroup::
[2025-08-08T02:26:27.423+0000] {subprocess.py:63} INFO - Tmp dir root location: /tmp
[2025-08-08T02:26:27.424+0000] {subprocess.py:75} INFO - Running command: ['/usr/bin/bash', '-c', 'mkdir -p /home/***/host_documents/week2023-02-20"']
[2025-08-08T02:26:27.435+0000] {subprocess.py:86} INFO - Output:
[2025-08-08T02:26:27.437+0000] {subprocess.py:93} INFO - /usr/bin/bash: -c: line 1: unexpected EOF while looking for matching `"'
[2025-08-08T02:26:27.437+0000] {subprocess.py:97} INFO - Command exited with return code 2
[2025-08-08T02:26:27.438+0000] {taskinstance.py:441} INFO - ::group::Post task execution logs
[2025-08-08T02:26:27.447+0000] {taskinstance.py:2905} ERROR - Task failed with exception
Traceback (most recent call last):
  File "/home/airflow/.local/lib/python3.9/site-packages/airflow/models/taskinstance.py", line 465, in _execute_task
    result = _execute_callable(context=context, **execute_callable_kwargs)
  File "/home/airflow/.local/lib/python3.9/site-packages/airflow/models/taskinstance.py", line 432, in _execute_callable
    return execute_callable(context=context, **execute_callable_kwargs)
  File "/home/airflow/.local/lib/python3.9/site-packages/airflow/models/baseoperator.py", line 400, in wrapper
    return func(self, *args, **kwargs)
  File "/home/airflow/.local/lib/python3.9/site-packages/airflow/operators/bash.py", line 243, in execute
    raise AirflowException(
airflow.exceptions.AirflowException: Bash command failed. The command returned a non-zero exit code 2.
[2025-08-08T02:26:27.454+0000] {taskinstance.py:1206} INFO - Marking task as FAILED. dag_id=climate_data, task_id=create_folder, run_id=scheduled__2023-02-13T00:00:00+00:00, execution_date=20230213T000000, start_date=20250808T022627, end_date=20250808T022627
[2025-08-08T02:26:27.480+0000] {standard_task_runner.py:110} ERROR - Failed to execute job 54 for task create_folder (Bash command failed. The command returned a non-zero exit code 2.; 321)
[2025-08-08T02:26:27.523+0000] {local_task_job_runner.py:240} INFO - Task exited with return code 1
[2025-08-08T02:26:27.532+0000] {local_task_job_runner.py:222} INFO - ::endgroup::
[2025-08-08T02:34:45.301+0000] {local_task_job_runner.py:120} INFO - ::group::Pre task execution logs
[2025-08-08T02:34:45.326+0000] {taskinstance.py:2076} INFO - Dependencies all met for dep_context=non-requeueable deps ti=<TaskInstance: climate_data.create_folder scheduled__2023-02-13T00:00:00+00:00 [queued]>
[2025-08-08T02:34:45.333+0000] {taskinstance.py:2076} INFO - Dependencies all met for dep_context=requeueable deps ti=<TaskInstance: climate_data.create_folder scheduled__2023-02-13T00:00:00+00:00 [queued]>
[2025-08-08T02:34:45.333+0000] {taskinstance.py:2306} INFO - Starting attempt 1 of 1
[2025-08-08T02:34:45.345+0000] {taskinstance.py:2330} INFO - Executing <Task(BashOperator): create_folder> on 2023-02-13 00:00:00+00:00
[2025-08-08T02:34:45.349+0000] {standard_task_runner.py:63} INFO - Started process 353 to run task
[2025-08-08T02:34:45.353+0000] {standard_task_runner.py:90} INFO - Running: ['***', 'tasks', 'run', 'climate_data', 'create_folder', 'scheduled__2023-02-13T00:00:00+00:00', '--job-id', '209', '--raw', '--subdir', 'DAGS_FOLDER/climate_data.py', '--cfg-path', '/tmp/tmplke7qy07']
[2025-08-08T02:34:45.358+0000] {standard_task_runner.py:91} INFO - Job 209: Subtask create_folder
[2025-08-08T02:34:45.373+0000] {logging_mixin.py:188} WARNING - /home/***/.local/lib/python3.9/site-packages/***/settings.py:195 DeprecationWarning: The sql_alchemy_conn option in [core] has been moved to the sql_alchemy_conn option in [database] - the old setting has been used, but please update your config.
[2025-08-08T02:34:45.420+0000] {task_command.py:426} INFO - Running <TaskInstance: climate_data.create_folder scheduled__2023-02-13T00:00:00+00:00 [running]> on host 1a6f5acf67f4
[2025-08-08T02:34:45.485+0000] {taskinstance.py:2648} INFO - Exporting env vars: AIRFLOW_CTX_DAG_OWNER='***' AIRFLOW_CTX_DAG_ID='climate_data' AIRFLOW_CTX_TASK_ID='create_folder' AIRFLOW_CTX_EXECUTION_DATE='2023-02-13T00:00:00+00:00' AIRFLOW_CTX_TRY_NUMBER='1' AIRFLOW_CTX_DAG_RUN_ID='scheduled__2023-02-13T00:00:00+00:00'
[2025-08-08T02:34:45.487+0000] {taskinstance.py:430} INFO - ::endgroup::
[2025-08-08T02:34:45.495+0000] {subprocess.py:63} INFO - Tmp dir root location: /tmp
[2025-08-08T02:34:45.496+0000] {subprocess.py:75} INFO - Running command: ['/usr/bin/bash', '-c', 'mkdir -p /home/***/host_documents/week2023-02-20"']
[2025-08-08T02:34:45.507+0000] {subprocess.py:86} INFO - Output:
[2025-08-08T02:34:45.509+0000] {subprocess.py:93} INFO - /usr/bin/bash: -c: line 1: unexpected EOF while looking for matching `"'
[2025-08-08T02:34:45.509+0000] {subprocess.py:97} INFO - Command exited with return code 2
[2025-08-08T02:34:45.510+0000] {taskinstance.py:441} INFO - ::group::Post task execution logs
[2025-08-08T02:34:45.518+0000] {taskinstance.py:2905} ERROR - Task failed with exception
Traceback (most recent call last):
  File "/home/airflow/.local/lib/python3.9/site-packages/airflow/models/taskinstance.py", line 465, in _execute_task
    result = _execute_callable(context=context, **execute_callable_kwargs)
  File "/home/airflow/.local/lib/python3.9/site-packages/airflow/models/taskinstance.py", line 432, in _execute_callable
    return execute_callable(context=context, **execute_callable_kwargs)
  File "/home/airflow/.local/lib/python3.9/site-packages/airflow/models/baseoperator.py", line 400, in wrapper
    return func(self, *args, **kwargs)
  File "/home/airflow/.local/lib/python3.9/site-packages/airflow/operators/bash.py", line 243, in execute
    raise AirflowException(
airflow.exceptions.AirflowException: Bash command failed. The command returned a non-zero exit code 2.
[2025-08-08T02:34:45.521+0000] {taskinstance.py:1206} INFO - Marking task as FAILED. dag_id=climate_data, task_id=create_folder, run_id=scheduled__2023-02-13T00:00:00+00:00, execution_date=20230213T000000, start_date=20250808T023445, end_date=20250808T023445
[2025-08-08T02:34:45.531+0000] {standard_task_runner.py:110} ERROR - Failed to execute job 209 for task create_folder (Bash command failed. The command returned a non-zero exit code 2.; 353)
[2025-08-08T02:34:45.565+0000] {local_task_job_runner.py:240} INFO - Task exited with return code 1
[2025-08-08T02:34:45.572+0000] {local_task_job_runner.py:222} INFO - ::endgroup::
[2025-08-08T02:39:19.269+0000] {local_task_job_runner.py:120} INFO - ::group::Pre task execution logs
[2025-08-08T02:39:19.295+0000] {taskinstance.py:2076} INFO - Dependencies all met for dep_context=non-requeueable deps ti=<TaskInstance: climate_data.create_folder scheduled__2023-02-13T00:00:00+00:00 [queued]>
[2025-08-08T02:39:19.305+0000] {taskinstance.py:2076} INFO - Dependencies all met for dep_context=requeueable deps ti=<TaskInstance: climate_data.create_folder scheduled__2023-02-13T00:00:00+00:00 [queued]>
[2025-08-08T02:39:19.306+0000] {taskinstance.py:2306} INFO - Starting attempt 1 of 1
[2025-08-08T02:39:19.358+0000] {taskinstance.py:2330} INFO - Executing <Task(BashOperator): create_folder> on 2023-02-13 00:00:00+00:00
[2025-08-08T02:39:19.363+0000] {standard_task_runner.py:63} INFO - Started process 1183 to run task
[2025-08-08T02:39:19.366+0000] {standard_task_runner.py:90} INFO - Running: ['***', 'tasks', 'run', 'climate_data', 'create_folder', 'scheduled__2023-02-13T00:00:00+00:00', '--job-id', '381', '--raw', '--subdir', 'DAGS_FOLDER/climate_data.py', '--cfg-path', '/tmp/tmpfmp5gee0']
[2025-08-08T02:39:19.368+0000] {standard_task_runner.py:91} INFO - Job 381: Subtask create_folder
[2025-08-08T02:39:19.384+0000] {logging_mixin.py:188} WARNING - /home/***/.local/lib/python3.9/site-packages/***/settings.py:195 DeprecationWarning: The sql_alchemy_conn option in [core] has been moved to the sql_alchemy_conn option in [database] - the old setting has been used, but please update your config.
[2025-08-08T02:39:19.435+0000] {task_command.py:426} INFO - Running <TaskInstance: climate_data.create_folder scheduled__2023-02-13T00:00:00+00:00 [running]> on host 1a6f5acf67f4
[2025-08-08T02:39:19.511+0000] {taskinstance.py:2648} INFO - Exporting env vars: AIRFLOW_CTX_DAG_OWNER='***' AIRFLOW_CTX_DAG_ID='climate_data' AIRFLOW_CTX_TASK_ID='create_folder' AIRFLOW_CTX_EXECUTION_DATE='2023-02-13T00:00:00+00:00' AIRFLOW_CTX_TRY_NUMBER='1' AIRFLOW_CTX_DAG_RUN_ID='scheduled__2023-02-13T00:00:00+00:00'
[2025-08-08T02:39:19.512+0000] {taskinstance.py:430} INFO - ::endgroup::
[2025-08-08T02:39:19.524+0000] {subprocess.py:63} INFO - Tmp dir root location: /tmp
[2025-08-08T02:39:19.526+0000] {subprocess.py:75} INFO - Running command: ['/usr/bin/bash', '-c', 'mkdir -p /home/***/host_documents/week2023-02-20']
[2025-08-08T02:39:19.539+0000] {subprocess.py:86} INFO - Output:
[2025-08-08T02:39:19.545+0000] {subprocess.py:97} INFO - Command exited with return code 0
[2025-08-08T02:39:19.546+0000] {taskinstance.py:441} INFO - ::group::Post task execution logs
[2025-08-08T02:39:19.571+0000] {taskinstance.py:1206} INFO - Marking task as SUCCESS. dag_id=climate_data, task_id=create_folder, run_id=scheduled__2023-02-13T00:00:00+00:00, execution_date=20230213T000000, start_date=20250808T023919, end_date=20250808T023919
[2025-08-08T02:39:19.659+0000] {local_task_job_runner.py:240} INFO - Task exited with return code 0
[2025-08-08T02:39:19.678+0000] {taskinstance.py:3498} INFO - 1 downstream tasks scheduled from follow-on schedule check
[2025-08-08T02:39:19.680+0000] {local_task_job_runner.py:222} INFO - ::endgroup::
[2025-08-08T02:42:17.223+0000] {local_task_job_runner.py:120} INFO - ::group::Pre task execution logs
[2025-08-08T02:42:17.248+0000] {taskinstance.py:2076} INFO - Dependencies all met for dep_context=non-requeueable deps ti=<TaskInstance: climate_data.create_folder scheduled__2023-02-13T00:00:00+00:00 [queued]>
[2025-08-08T02:42:17.257+0000] {taskinstance.py:2076} INFO - Dependencies all met for dep_context=requeueable deps ti=<TaskInstance: climate_data.create_folder scheduled__2023-02-13T00:00:00+00:00 [queued]>
[2025-08-08T02:42:17.257+0000] {taskinstance.py:2306} INFO - Starting attempt 1 of 1
[2025-08-08T02:42:17.315+0000] {taskinstance.py:2330} INFO - Executing <Task(BashOperator): create_folder> on 2023-02-13 00:00:00+00:00
[2025-08-08T02:42:17.321+0000] {standard_task_runner.py:63} INFO - Started process 2359 to run task
[2025-08-08T02:42:17.325+0000] {standard_task_runner.py:90} INFO - Running: ['***', 'tasks', 'run', 'climate_data', 'create_folder', 'scheduled__2023-02-13T00:00:00+00:00', '--job-id', '689', '--raw', '--subdir', 'DAGS_FOLDER/climate_data.py', '--cfg-path', '/tmp/tmppu1uc54a']
[2025-08-08T02:42:17.327+0000] {standard_task_runner.py:91} INFO - Job 689: Subtask create_folder
[2025-08-08T02:42:17.344+0000] {logging_mixin.py:188} WARNING - /home/***/.local/lib/python3.9/site-packages/***/settings.py:195 DeprecationWarning: The sql_alchemy_conn option in [core] has been moved to the sql_alchemy_conn option in [database] - the old setting has been used, but please update your config.
[2025-08-08T02:42:17.397+0000] {task_command.py:426} INFO - Running <TaskInstance: climate_data.create_folder scheduled__2023-02-13T00:00:00+00:00 [running]> on host 1a6f5acf67f4
[2025-08-08T02:42:17.473+0000] {taskinstance.py:2648} INFO - Exporting env vars: AIRFLOW_CTX_DAG_OWNER='***' AIRFLOW_CTX_DAG_ID='climate_data' AIRFLOW_CTX_TASK_ID='create_folder' AIRFLOW_CTX_EXECUTION_DATE='2023-02-13T00:00:00+00:00' AIRFLOW_CTX_TRY_NUMBER='1' AIRFLOW_CTX_DAG_RUN_ID='scheduled__2023-02-13T00:00:00+00:00'
[2025-08-08T02:42:17.474+0000] {taskinstance.py:430} INFO - ::endgroup::
[2025-08-08T02:42:17.488+0000] {subprocess.py:63} INFO - Tmp dir root location: /tmp
[2025-08-08T02:42:17.489+0000] {subprocess.py:75} INFO - Running command: ['/usr/bin/bash', '-c', 'mkdir -p "/home/***/host_documents/week2023-02-20"']
[2025-08-08T02:42:17.506+0000] {subprocess.py:86} INFO - Output:
[2025-08-08T02:42:17.511+0000] {subprocess.py:97} INFO - Command exited with return code 0
[2025-08-08T02:42:17.512+0000] {taskinstance.py:441} INFO - ::group::Post task execution logs
[2025-08-08T02:42:17.537+0000] {taskinstance.py:1206} INFO - Marking task as SUCCESS. dag_id=climate_data, task_id=create_folder, run_id=scheduled__2023-02-13T00:00:00+00:00, execution_date=20230213T000000, start_date=20250808T024217, end_date=20250808T024217
[2025-08-08T02:42:17.618+0000] {local_task_job_runner.py:240} INFO - Task exited with return code 0
[2025-08-08T02:42:17.639+0000] {taskinstance.py:3498} INFO - 1 downstream tasks scheduled from follow-on schedule check
[2025-08-08T02:42:17.641+0000] {local_task_job_runner.py:222} INFO - ::endgroup::
