[2025-08-08T02:26:47.679+0000] {local_task_job_runner.py:120} INFO - ::group::Pre task execution logs
[2025-08-08T02:26:47.703+0000] {taskinstance.py:2076} INFO - Dependencies all met for dep_context=non-requeueable deps ti=<TaskInstance: climate_data.create_folder scheduled__2024-06-03T00:00:00+00:00 [queued]>
[2025-08-08T02:26:47.710+0000] {taskinstance.py:2076} INFO - Dependencies all met for dep_context=requeueable deps ti=<TaskInstance: climate_data.create_folder scheduled__2024-06-03T00:00:00+00:00 [queued]>
[2025-08-08T02:26:47.711+0000] {taskinstance.py:2306} INFO - Starting attempt 1 of 1
[2025-08-08T02:26:47.723+0000] {taskinstance.py:2330} INFO - Executing <Task(BashOperator): create_folder> on 2024-06-03 00:00:00+00:00
[2025-08-08T02:26:47.727+0000] {standard_task_runner.py:63} INFO - Started process 609 to run task
[2025-08-08T02:26:47.730+0000] {standard_task_runner.py:90} INFO - Running: ['***', 'tasks', 'run', 'climate_data', 'create_folder', 'scheduled__2024-06-03T00:00:00+00:00', '--job-id', '122', '--raw', '--subdir', 'DAGS_FOLDER/climate_data.py', '--cfg-path', '/tmp/tmpnc7rgc7y']
[2025-08-08T02:26:47.733+0000] {standard_task_runner.py:91} INFO - Job 122: Subtask create_folder
[2025-08-08T02:26:47.747+0000] {logging_mixin.py:188} WARNING - /home/***/.local/lib/python3.9/site-packages/***/settings.py:195 DeprecationWarning: The sql_alchemy_conn option in [core] has been moved to the sql_alchemy_conn option in [database] - the old setting has been used, but please update your config.
[2025-08-08T02:26:47.786+0000] {task_command.py:426} INFO - Running <TaskInstance: climate_data.create_folder scheduled__2024-06-03T00:00:00+00:00 [running]> on host 3ceab82043f1
[2025-08-08T02:26:47.849+0000] {taskinstance.py:2648} INFO - Exporting env vars: AIRFLOW_CTX_DAG_OWNER='***' AIRFLOW_CTX_DAG_ID='climate_data' AIRFLOW_CTX_TASK_ID='create_folder' AIRFLOW_CTX_EXECUTION_DATE='2024-06-03T00:00:00+00:00' AIRFLOW_CTX_TRY_NUMBER='1' AIRFLOW_CTX_DAG_RUN_ID='scheduled__2024-06-03T00:00:00+00:00'
[2025-08-08T02:26:47.850+0000] {taskinstance.py:430} INFO - ::endgroup::
[2025-08-08T02:26:47.858+0000] {subprocess.py:63} INFO - Tmp dir root location: /tmp
[2025-08-08T02:26:47.859+0000] {subprocess.py:75} INFO - Running command: ['/usr/bin/bash', '-c', 'mkdir -p /home/***/host_documents/week2024-06-10"']
[2025-08-08T02:26:47.868+0000] {subprocess.py:86} INFO - Output:
[2025-08-08T02:26:47.869+0000] {subprocess.py:93} INFO - /usr/bin/bash: -c: line 1: unexpected EOF while looking for matching `"'
[2025-08-08T02:26:47.869+0000] {subprocess.py:97} INFO - Command exited with return code 2
[2025-08-08T02:26:47.870+0000] {taskinstance.py:441} INFO - ::group::Post task execution logs
[2025-08-08T02:26:47.877+0000] {taskinstance.py:2905} ERROR - Task failed with exception
Traceback (most recent call last):
  File "/home/airflow/.local/lib/python3.9/site-packages/airflow/models/taskinstance.py", line 465, in _execute_task
    result = _execute_callable(context=context, **execute_callable_kwargs)
  File "/home/airflow/.local/lib/python3.9/site-packages/airflow/models/taskinstance.py", line 432, in _execute_callable
    return execute_callable(context=context, **execute_callable_kwargs)
  File "/home/airflow/.local/lib/python3.9/site-packages/airflow/models/baseoperator.py", line 400, in wrapper
    return func(self, *args, **kwargs)
  File "/home/airflow/.local/lib/python3.9/site-packages/airflow/operators/bash.py", line 243, in execute
    raise AirflowException(
airflow.exceptions.AirflowException: Bash command failed. The command returned a non-zero exit code 2.
[2025-08-08T02:26:47.880+0000] {taskinstance.py:1206} INFO - Marking task as FAILED. dag_id=climate_data, task_id=create_folder, run_id=scheduled__2024-06-03T00:00:00+00:00, execution_date=20240603T000000, start_date=20250808T022647, end_date=20250808T022647
[2025-08-08T02:26:47.890+0000] {standard_task_runner.py:110} ERROR - Failed to execute job 122 for task create_folder (Bash command failed. The command returned a non-zero exit code 2.; 609)
[2025-08-08T02:26:47.902+0000] {local_task_job_runner.py:240} INFO - Task exited with return code 1
[2025-08-08T02:26:47.917+0000] {taskinstance.py:3498} INFO - 0 downstream tasks scheduled from follow-on schedule check
[2025-08-08T02:26:47.920+0000] {local_task_job_runner.py:222} INFO - ::endgroup::
[2025-08-08T02:35:08.074+0000] {local_task_job_runner.py:120} INFO - ::group::Pre task execution logs
[2025-08-08T02:35:08.096+0000] {taskinstance.py:2076} INFO - Dependencies all met for dep_context=non-requeueable deps ti=<TaskInstance: climate_data.create_folder scheduled__2024-06-03T00:00:00+00:00 [queued]>
[2025-08-08T02:35:08.104+0000] {taskinstance.py:2076} INFO - Dependencies all met for dep_context=requeueable deps ti=<TaskInstance: climate_data.create_folder scheduled__2024-06-03T00:00:00+00:00 [queued]>
[2025-08-08T02:35:08.104+0000] {taskinstance.py:2306} INFO - Starting attempt 1 of 1
[2025-08-08T02:35:08.115+0000] {taskinstance.py:2330} INFO - Executing <Task(BashOperator): create_folder> on 2024-06-03 00:00:00+00:00
[2025-08-08T02:35:08.122+0000] {standard_task_runner.py:63} INFO - Started process 644 to run task
[2025-08-08T02:35:08.124+0000] {standard_task_runner.py:90} INFO - Running: ['***', 'tasks', 'run', 'climate_data', 'create_folder', 'scheduled__2024-06-03T00:00:00+00:00', '--job-id', '278', '--raw', '--subdir', 'DAGS_FOLDER/climate_data.py', '--cfg-path', '/tmp/tmps73ozg6y']
[2025-08-08T02:35:08.127+0000] {standard_task_runner.py:91} INFO - Job 278: Subtask create_folder
[2025-08-08T02:35:08.141+0000] {logging_mixin.py:188} WARNING - /home/***/.local/lib/python3.9/site-packages/***/settings.py:195 DeprecationWarning: The sql_alchemy_conn option in [core] has been moved to the sql_alchemy_conn option in [database] - the old setting has been used, but please update your config.
[2025-08-08T02:35:08.183+0000] {task_command.py:426} INFO - Running <TaskInstance: climate_data.create_folder scheduled__2024-06-03T00:00:00+00:00 [running]> on host 1a6f5acf67f4
[2025-08-08T02:35:08.245+0000] {taskinstance.py:2648} INFO - Exporting env vars: AIRFLOW_CTX_DAG_OWNER='***' AIRFLOW_CTX_DAG_ID='climate_data' AIRFLOW_CTX_TASK_ID='create_folder' AIRFLOW_CTX_EXECUTION_DATE='2024-06-03T00:00:00+00:00' AIRFLOW_CTX_TRY_NUMBER='1' AIRFLOW_CTX_DAG_RUN_ID='scheduled__2024-06-03T00:00:00+00:00'
[2025-08-08T02:35:08.246+0000] {taskinstance.py:430} INFO - ::endgroup::
[2025-08-08T02:35:08.253+0000] {subprocess.py:63} INFO - Tmp dir root location: /tmp
[2025-08-08T02:35:08.253+0000] {subprocess.py:75} INFO - Running command: ['/usr/bin/bash', '-c', 'mkdir -p /home/***/host_documents/week2024-06-10"']
[2025-08-08T02:35:08.261+0000] {subprocess.py:86} INFO - Output:
[2025-08-08T02:35:08.262+0000] {subprocess.py:93} INFO - /usr/bin/bash: -c: line 1: unexpected EOF while looking for matching `"'
[2025-08-08T02:35:08.263+0000] {subprocess.py:97} INFO - Command exited with return code 2
[2025-08-08T02:35:08.263+0000] {taskinstance.py:441} INFO - ::group::Post task execution logs
[2025-08-08T02:35:08.271+0000] {taskinstance.py:2905} ERROR - Task failed with exception
Traceback (most recent call last):
  File "/home/airflow/.local/lib/python3.9/site-packages/airflow/models/taskinstance.py", line 465, in _execute_task
    result = _execute_callable(context=context, **execute_callable_kwargs)
  File "/home/airflow/.local/lib/python3.9/site-packages/airflow/models/taskinstance.py", line 432, in _execute_callable
    return execute_callable(context=context, **execute_callable_kwargs)
  File "/home/airflow/.local/lib/python3.9/site-packages/airflow/models/baseoperator.py", line 400, in wrapper
    return func(self, *args, **kwargs)
  File "/home/airflow/.local/lib/python3.9/site-packages/airflow/operators/bash.py", line 243, in execute
    raise AirflowException(
airflow.exceptions.AirflowException: Bash command failed. The command returned a non-zero exit code 2.
[2025-08-08T02:35:08.274+0000] {taskinstance.py:1206} INFO - Marking task as FAILED. dag_id=climate_data, task_id=create_folder, run_id=scheduled__2024-06-03T00:00:00+00:00, execution_date=20240603T000000, start_date=20250808T023508, end_date=20250808T023508
[2025-08-08T02:35:08.284+0000] {standard_task_runner.py:110} ERROR - Failed to execute job 278 for task create_folder (Bash command failed. The command returned a non-zero exit code 2.; 644)
[2025-08-08T02:35:08.297+0000] {local_task_job_runner.py:240} INFO - Task exited with return code 1
[2025-08-08T02:35:08.312+0000] {taskinstance.py:3498} INFO - 0 downstream tasks scheduled from follow-on schedule check
[2025-08-08T02:35:08.316+0000] {local_task_job_runner.py:222} INFO - ::endgroup::
[2025-08-08T02:39:42.518+0000] {local_task_job_runner.py:120} INFO - ::group::Pre task execution logs
[2025-08-08T02:39:42.541+0000] {taskinstance.py:2076} INFO - Dependencies all met for dep_context=non-requeueable deps ti=<TaskInstance: climate_data.create_folder scheduled__2024-06-03T00:00:00+00:00 [queued]>
[2025-08-08T02:39:42.552+0000] {taskinstance.py:2076} INFO - Dependencies all met for dep_context=requeueable deps ti=<TaskInstance: climate_data.create_folder scheduled__2024-06-03T00:00:00+00:00 [queued]>
[2025-08-08T02:39:42.555+0000] {taskinstance.py:2306} INFO - Starting attempt 1 of 1
[2025-08-08T02:39:42.568+0000] {taskinstance.py:2330} INFO - Executing <Task(BashOperator): create_folder> on 2024-06-03 00:00:00+00:00
[2025-08-08T02:39:42.575+0000] {standard_task_runner.py:63} INFO - Started process 1677 to run task
[2025-08-08T02:39:42.580+0000] {standard_task_runner.py:90} INFO - Running: ['***', 'tasks', 'run', 'climate_data', 'create_folder', 'scheduled__2024-06-03T00:00:00+00:00', '--job-id', '519', '--raw', '--subdir', 'DAGS_FOLDER/climate_data.py', '--cfg-path', '/tmp/tmpn_q0amfw']
[2025-08-08T02:39:42.583+0000] {standard_task_runner.py:91} INFO - Job 519: Subtask create_folder
[2025-08-08T02:39:42.598+0000] {logging_mixin.py:188} WARNING - /home/***/.local/lib/python3.9/site-packages/***/settings.py:195 DeprecationWarning: The sql_alchemy_conn option in [core] has been moved to the sql_alchemy_conn option in [database] - the old setting has been used, but please update your config.
[2025-08-08T02:39:42.648+0000] {task_command.py:426} INFO - Running <TaskInstance: climate_data.create_folder scheduled__2024-06-03T00:00:00+00:00 [running]> on host 1a6f5acf67f4
[2025-08-08T02:39:42.719+0000] {taskinstance.py:2648} INFO - Exporting env vars: AIRFLOW_CTX_DAG_OWNER='***' AIRFLOW_CTX_DAG_ID='climate_data' AIRFLOW_CTX_TASK_ID='create_folder' AIRFLOW_CTX_EXECUTION_DATE='2024-06-03T00:00:00+00:00' AIRFLOW_CTX_TRY_NUMBER='1' AIRFLOW_CTX_DAG_RUN_ID='scheduled__2024-06-03T00:00:00+00:00'
[2025-08-08T02:39:42.721+0000] {taskinstance.py:430} INFO - ::endgroup::
[2025-08-08T02:39:42.729+0000] {subprocess.py:63} INFO - Tmp dir root location: /tmp
[2025-08-08T02:39:42.731+0000] {subprocess.py:75} INFO - Running command: ['/usr/bin/bash', '-c', 'mkdir -p /home/***/host_documents/week2024-06-10']
[2025-08-08T02:39:42.741+0000] {subprocess.py:86} INFO - Output:
[2025-08-08T02:39:42.746+0000] {subprocess.py:97} INFO - Command exited with return code 0
[2025-08-08T02:39:42.747+0000] {taskinstance.py:441} INFO - ::group::Post task execution logs
[2025-08-08T02:39:42.775+0000] {taskinstance.py:1206} INFO - Marking task as SUCCESS. dag_id=climate_data, task_id=create_folder, run_id=scheduled__2024-06-03T00:00:00+00:00, execution_date=20240603T000000, start_date=20250808T023942, end_date=20250808T023942
[2025-08-08T02:39:42.833+0000] {local_task_job_runner.py:240} INFO - Task exited with return code 0
[2025-08-08T02:39:42.857+0000] {taskinstance.py:3498} INFO - 1 downstream tasks scheduled from follow-on schedule check
[2025-08-08T02:39:42.859+0000] {local_task_job_runner.py:222} INFO - ::endgroup::
[2025-08-08T02:42:39.924+0000] {local_task_job_runner.py:120} INFO - ::group::Pre task execution logs
[2025-08-08T02:42:39.943+0000] {taskinstance.py:2076} INFO - Dependencies all met for dep_context=non-requeueable deps ti=<TaskInstance: climate_data.create_folder scheduled__2024-06-03T00:00:00+00:00 [queued]>
[2025-08-08T02:42:39.953+0000] {taskinstance.py:2076} INFO - Dependencies all met for dep_context=requeueable deps ti=<TaskInstance: climate_data.create_folder scheduled__2024-06-03T00:00:00+00:00 [queued]>
[2025-08-08T02:42:39.953+0000] {taskinstance.py:2306} INFO - Starting attempt 1 of 1
[2025-08-08T02:42:39.964+0000] {taskinstance.py:2330} INFO - Executing <Task(BashOperator): create_folder> on 2024-06-03 00:00:00+00:00
[2025-08-08T02:42:39.969+0000] {standard_task_runner.py:63} INFO - Started process 2853 to run task
[2025-08-08T02:42:39.972+0000] {standard_task_runner.py:90} INFO - Running: ['***', 'tasks', 'run', 'climate_data', 'create_folder', 'scheduled__2024-06-03T00:00:00+00:00', '--job-id', '828', '--raw', '--subdir', 'DAGS_FOLDER/climate_data.py', '--cfg-path', '/tmp/tmpb1_g0h56']
[2025-08-08T02:42:39.974+0000] {standard_task_runner.py:91} INFO - Job 828: Subtask create_folder
[2025-08-08T02:42:39.988+0000] {logging_mixin.py:188} WARNING - /home/***/.local/lib/python3.9/site-packages/***/settings.py:195 DeprecationWarning: The sql_alchemy_conn option in [core] has been moved to the sql_alchemy_conn option in [database] - the old setting has been used, but please update your config.
[2025-08-08T02:42:40.034+0000] {task_command.py:426} INFO - Running <TaskInstance: climate_data.create_folder scheduled__2024-06-03T00:00:00+00:00 [running]> on host 1a6f5acf67f4
[2025-08-08T02:42:40.104+0000] {taskinstance.py:2648} INFO - Exporting env vars: AIRFLOW_CTX_DAG_OWNER='***' AIRFLOW_CTX_DAG_ID='climate_data' AIRFLOW_CTX_TASK_ID='create_folder' AIRFLOW_CTX_EXECUTION_DATE='2024-06-03T00:00:00+00:00' AIRFLOW_CTX_TRY_NUMBER='1' AIRFLOW_CTX_DAG_RUN_ID='scheduled__2024-06-03T00:00:00+00:00'
[2025-08-08T02:42:40.106+0000] {taskinstance.py:430} INFO - ::endgroup::
[2025-08-08T02:42:40.115+0000] {subprocess.py:63} INFO - Tmp dir root location: /tmp
[2025-08-08T02:42:40.117+0000] {subprocess.py:75} INFO - Running command: ['/usr/bin/bash', '-c', 'mkdir -p "/home/***/host_documents/week2024-06-10"']
[2025-08-08T02:42:40.127+0000] {subprocess.py:86} INFO - Output:
[2025-08-08T02:42:40.131+0000] {subprocess.py:97} INFO - Command exited with return code 0
[2025-08-08T02:42:40.132+0000] {taskinstance.py:441} INFO - ::group::Post task execution logs
[2025-08-08T02:42:40.153+0000] {taskinstance.py:1206} INFO - Marking task as SUCCESS. dag_id=climate_data, task_id=create_folder, run_id=scheduled__2024-06-03T00:00:00+00:00, execution_date=20240603T000000, start_date=20250808T024239, end_date=20250808T024240
[2025-08-08T02:42:40.225+0000] {local_task_job_runner.py:240} INFO - Task exited with return code 0
[2025-08-08T02:42:40.244+0000] {taskinstance.py:3498} INFO - 1 downstream tasks scheduled from follow-on schedule check
[2025-08-08T02:42:40.246+0000] {local_task_job_runner.py:222} INFO - ::endgroup::
