[2025-08-08T02:26:40.865+0000] {local_task_job_runner.py:120} INFO - ::group::Pre task execution logs
[2025-08-08T02:26:40.887+0000] {taskinstance.py:2076} INFO - Dependencies all met for dep_context=non-requeueable deps ti=<TaskInstance: climate_data.create_folder scheduled__2023-12-04T00:00:00+00:00 [queued]>
[2025-08-08T02:26:40.894+0000] {taskinstance.py:2076} INFO - Dependencies all met for dep_context=requeueable deps ti=<TaskInstance: climate_data.create_folder scheduled__2023-12-04T00:00:00+00:00 [queued]>
[2025-08-08T02:26:40.896+0000] {taskinstance.py:2306} INFO - Starting attempt 1 of 1
[2025-08-08T02:26:40.906+0000] {taskinstance.py:2330} INFO - Executing <Task(BashOperator): create_folder> on 2023-12-04 00:00:00+00:00
[2025-08-08T02:26:40.910+0000] {standard_task_runner.py:63} INFO - Started process 491 to run task
[2025-08-08T02:26:40.913+0000] {standard_task_runner.py:90} INFO - Running: ['***', 'tasks', 'run', 'climate_data', 'create_folder', 'scheduled__2023-12-04T00:00:00+00:00', '--job-id', '96', '--raw', '--subdir', 'DAGS_FOLDER/climate_data.py', '--cfg-path', '/tmp/tmpabiyr8qt']
[2025-08-08T02:26:40.915+0000] {standard_task_runner.py:91} INFO - Job 96: Subtask create_folder
[2025-08-08T02:26:40.929+0000] {logging_mixin.py:188} WARNING - /home/***/.local/lib/python3.9/site-packages/***/settings.py:195 DeprecationWarning: The sql_alchemy_conn option in [core] has been moved to the sql_alchemy_conn option in [database] - the old setting has been used, but please update your config.
[2025-08-08T02:26:40.970+0000] {task_command.py:426} INFO - Running <TaskInstance: climate_data.create_folder scheduled__2023-12-04T00:00:00+00:00 [running]> on host 3ceab82043f1
[2025-08-08T02:26:41.038+0000] {taskinstance.py:2648} INFO - Exporting env vars: AIRFLOW_CTX_DAG_OWNER='***' AIRFLOW_CTX_DAG_ID='climate_data' AIRFLOW_CTX_TASK_ID='create_folder' AIRFLOW_CTX_EXECUTION_DATE='2023-12-04T00:00:00+00:00' AIRFLOW_CTX_TRY_NUMBER='1' AIRFLOW_CTX_DAG_RUN_ID='scheduled__2023-12-04T00:00:00+00:00'
[2025-08-08T02:26:41.039+0000] {taskinstance.py:430} INFO - ::endgroup::
[2025-08-08T02:26:41.047+0000] {subprocess.py:63} INFO - Tmp dir root location: /tmp
[2025-08-08T02:26:41.048+0000] {subprocess.py:75} INFO - Running command: ['/usr/bin/bash', '-c', 'mkdir -p /home/***/host_documents/week2023-12-11"']
[2025-08-08T02:26:41.056+0000] {subprocess.py:86} INFO - Output:
[2025-08-08T02:26:41.057+0000] {subprocess.py:93} INFO - /usr/bin/bash: -c: line 1: unexpected EOF while looking for matching `"'
[2025-08-08T02:26:41.058+0000] {subprocess.py:97} INFO - Command exited with return code 2
[2025-08-08T02:26:41.058+0000] {taskinstance.py:441} INFO - ::group::Post task execution logs
[2025-08-08T02:26:41.067+0000] {taskinstance.py:2905} ERROR - Task failed with exception
Traceback (most recent call last):
  File "/home/airflow/.local/lib/python3.9/site-packages/airflow/models/taskinstance.py", line 465, in _execute_task
    result = _execute_callable(context=context, **execute_callable_kwargs)
  File "/home/airflow/.local/lib/python3.9/site-packages/airflow/models/taskinstance.py", line 432, in _execute_callable
    return execute_callable(context=context, **execute_callable_kwargs)
  File "/home/airflow/.local/lib/python3.9/site-packages/airflow/models/baseoperator.py", line 400, in wrapper
    return func(self, *args, **kwargs)
  File "/home/airflow/.local/lib/python3.9/site-packages/airflow/operators/bash.py", line 243, in execute
    raise AirflowException(
airflow.exceptions.AirflowException: Bash command failed. The command returned a non-zero exit code 2.
[2025-08-08T02:26:41.069+0000] {taskinstance.py:1206} INFO - Marking task as FAILED. dag_id=climate_data, task_id=create_folder, run_id=scheduled__2023-12-04T00:00:00+00:00, execution_date=20231204T000000, start_date=20250808T022640, end_date=20250808T022641
[2025-08-08T02:26:41.081+0000] {standard_task_runner.py:110} ERROR - Failed to execute job 96 for task create_folder (Bash command failed. The command returned a non-zero exit code 2.; 491)
[2025-08-08T02:26:41.088+0000] {local_task_job_runner.py:240} INFO - Task exited with return code 1
[2025-08-08T02:26:41.106+0000] {taskinstance.py:3498} INFO - 0 downstream tasks scheduled from follow-on schedule check
[2025-08-08T02:26:41.110+0000] {local_task_job_runner.py:222} INFO - ::endgroup::
[2025-08-08T02:35:01.451+0000] {local_task_job_runner.py:120} INFO - ::group::Pre task execution logs
[2025-08-08T02:35:01.473+0000] {taskinstance.py:2076} INFO - Dependencies all met for dep_context=non-requeueable deps ti=<TaskInstance: climate_data.create_folder scheduled__2023-12-04T00:00:00+00:00 [queued]>
[2025-08-08T02:35:01.483+0000] {taskinstance.py:2076} INFO - Dependencies all met for dep_context=requeueable deps ti=<TaskInstance: climate_data.create_folder scheduled__2023-12-04T00:00:00+00:00 [queued]>
[2025-08-08T02:35:01.484+0000] {taskinstance.py:2306} INFO - Starting attempt 1 of 1
[2025-08-08T02:35:01.498+0000] {taskinstance.py:2330} INFO - Executing <Task(BashOperator): create_folder> on 2023-12-04 00:00:00+00:00
[2025-08-08T02:35:01.503+0000] {standard_task_runner.py:63} INFO - Started process 541 to run task
[2025-08-08T02:35:01.506+0000] {standard_task_runner.py:90} INFO - Running: ['***', 'tasks', 'run', 'climate_data', 'create_folder', 'scheduled__2023-12-04T00:00:00+00:00', '--job-id', '251', '--raw', '--subdir', 'DAGS_FOLDER/climate_data.py', '--cfg-path', '/tmp/tmplgev3tvm']
[2025-08-08T02:35:01.509+0000] {standard_task_runner.py:91} INFO - Job 251: Subtask create_folder
[2025-08-08T02:35:01.524+0000] {logging_mixin.py:188} WARNING - /home/***/.local/lib/python3.9/site-packages/***/settings.py:195 DeprecationWarning: The sql_alchemy_conn option in [core] has been moved to the sql_alchemy_conn option in [database] - the old setting has been used, but please update your config.
[2025-08-08T02:35:01.578+0000] {task_command.py:426} INFO - Running <TaskInstance: climate_data.create_folder scheduled__2023-12-04T00:00:00+00:00 [running]> on host 1a6f5acf67f4
[2025-08-08T02:35:01.660+0000] {taskinstance.py:2648} INFO - Exporting env vars: AIRFLOW_CTX_DAG_OWNER='***' AIRFLOW_CTX_DAG_ID='climate_data' AIRFLOW_CTX_TASK_ID='create_folder' AIRFLOW_CTX_EXECUTION_DATE='2023-12-04T00:00:00+00:00' AIRFLOW_CTX_TRY_NUMBER='1' AIRFLOW_CTX_DAG_RUN_ID='scheduled__2023-12-04T00:00:00+00:00'
[2025-08-08T02:35:01.661+0000] {taskinstance.py:430} INFO - ::endgroup::
[2025-08-08T02:35:01.672+0000] {subprocess.py:63} INFO - Tmp dir root location: /tmp
[2025-08-08T02:35:01.674+0000] {subprocess.py:75} INFO - Running command: ['/usr/bin/bash', '-c', 'mkdir -p /home/***/host_documents/week2023-12-11"']
[2025-08-08T02:35:01.683+0000] {subprocess.py:86} INFO - Output:
[2025-08-08T02:35:01.684+0000] {subprocess.py:93} INFO - /usr/bin/bash: -c: line 1: unexpected EOF while looking for matching `"'
[2025-08-08T02:35:01.684+0000] {subprocess.py:97} INFO - Command exited with return code 2
[2025-08-08T02:35:01.685+0000] {taskinstance.py:441} INFO - ::group::Post task execution logs
[2025-08-08T02:35:01.693+0000] {taskinstance.py:2905} ERROR - Task failed with exception
Traceback (most recent call last):
  File "/home/airflow/.local/lib/python3.9/site-packages/airflow/models/taskinstance.py", line 465, in _execute_task
    result = _execute_callable(context=context, **execute_callable_kwargs)
  File "/home/airflow/.local/lib/python3.9/site-packages/airflow/models/taskinstance.py", line 432, in _execute_callable
    return execute_callable(context=context, **execute_callable_kwargs)
  File "/home/airflow/.local/lib/python3.9/site-packages/airflow/models/baseoperator.py", line 400, in wrapper
    return func(self, *args, **kwargs)
  File "/home/airflow/.local/lib/python3.9/site-packages/airflow/operators/bash.py", line 243, in execute
    raise AirflowException(
airflow.exceptions.AirflowException: Bash command failed. The command returned a non-zero exit code 2.
[2025-08-08T02:35:01.696+0000] {taskinstance.py:1206} INFO - Marking task as FAILED. dag_id=climate_data, task_id=create_folder, run_id=scheduled__2023-12-04T00:00:00+00:00, execution_date=20231204T000000, start_date=20250808T023501, end_date=20250808T023501
[2025-08-08T02:35:01.707+0000] {standard_task_runner.py:110} ERROR - Failed to execute job 251 for task create_folder (Bash command failed. The command returned a non-zero exit code 2.; 541)
[2025-08-08T02:35:01.719+0000] {local_task_job_runner.py:240} INFO - Task exited with return code 1
[2025-08-08T02:35:01.738+0000] {taskinstance.py:3498} INFO - 0 downstream tasks scheduled from follow-on schedule check
[2025-08-08T02:35:01.742+0000] {local_task_job_runner.py:222} INFO - ::endgroup::
[2025-08-08T02:39:34.979+0000] {local_task_job_runner.py:120} INFO - ::group::Pre task execution logs
[2025-08-08T02:39:34.998+0000] {taskinstance.py:2076} INFO - Dependencies all met for dep_context=non-requeueable deps ti=<TaskInstance: climate_data.create_folder scheduled__2023-12-04T00:00:00+00:00 [queued]>
[2025-08-08T02:39:35.006+0000] {taskinstance.py:2076} INFO - Dependencies all met for dep_context=requeueable deps ti=<TaskInstance: climate_data.create_folder scheduled__2023-12-04T00:00:00+00:00 [queued]>
[2025-08-08T02:39:35.006+0000] {taskinstance.py:2306} INFO - Starting attempt 1 of 1
[2025-08-08T02:39:35.017+0000] {taskinstance.py:2330} INFO - Executing <Task(BashOperator): create_folder> on 2023-12-04 00:00:00+00:00
[2025-08-08T02:39:35.021+0000] {standard_task_runner.py:63} INFO - Started process 1500 to run task
[2025-08-08T02:39:35.024+0000] {standard_task_runner.py:90} INFO - Running: ['***', 'tasks', 'run', 'climate_data', 'create_folder', 'scheduled__2023-12-04T00:00:00+00:00', '--job-id', '472', '--raw', '--subdir', 'DAGS_FOLDER/climate_data.py', '--cfg-path', '/tmp/tmpq_smmfcv']
[2025-08-08T02:39:35.026+0000] {standard_task_runner.py:91} INFO - Job 472: Subtask create_folder
[2025-08-08T02:39:35.038+0000] {logging_mixin.py:188} WARNING - /home/***/.local/lib/python3.9/site-packages/***/settings.py:195 DeprecationWarning: The sql_alchemy_conn option in [core] has been moved to the sql_alchemy_conn option in [database] - the old setting has been used, but please update your config.
[2025-08-08T02:39:35.079+0000] {task_command.py:426} INFO - Running <TaskInstance: climate_data.create_folder scheduled__2023-12-04T00:00:00+00:00 [running]> on host 1a6f5acf67f4
[2025-08-08T02:39:35.140+0000] {taskinstance.py:2648} INFO - Exporting env vars: AIRFLOW_CTX_DAG_OWNER='***' AIRFLOW_CTX_DAG_ID='climate_data' AIRFLOW_CTX_TASK_ID='create_folder' AIRFLOW_CTX_EXECUTION_DATE='2023-12-04T00:00:00+00:00' AIRFLOW_CTX_TRY_NUMBER='1' AIRFLOW_CTX_DAG_RUN_ID='scheduled__2023-12-04T00:00:00+00:00'
[2025-08-08T02:39:35.141+0000] {taskinstance.py:430} INFO - ::endgroup::
[2025-08-08T02:39:35.148+0000] {subprocess.py:63} INFO - Tmp dir root location: /tmp
[2025-08-08T02:39:35.149+0000] {subprocess.py:75} INFO - Running command: ['/usr/bin/bash', '-c', 'mkdir -p /home/***/host_documents/week2023-12-11']
[2025-08-08T02:39:35.156+0000] {subprocess.py:86} INFO - Output:
[2025-08-08T02:39:35.161+0000] {subprocess.py:97} INFO - Command exited with return code 0
[2025-08-08T02:39:35.162+0000] {taskinstance.py:441} INFO - ::group::Post task execution logs
[2025-08-08T02:39:35.184+0000] {taskinstance.py:1206} INFO - Marking task as SUCCESS. dag_id=climate_data, task_id=create_folder, run_id=scheduled__2023-12-04T00:00:00+00:00, execution_date=20231204T000000, start_date=20250808T023934, end_date=20250808T023935
[2025-08-08T02:39:35.238+0000] {local_task_job_runner.py:240} INFO - Task exited with return code 0
[2025-08-08T02:39:35.248+0000] {local_task_job_runner.py:222} INFO - ::endgroup::
[2025-08-08T02:42:34.028+0000] {local_task_job_runner.py:120} INFO - ::group::Pre task execution logs
[2025-08-08T02:42:34.047+0000] {taskinstance.py:2076} INFO - Dependencies all met for dep_context=non-requeueable deps ti=<TaskInstance: climate_data.create_folder scheduled__2023-12-04T00:00:00+00:00 [queued]>
[2025-08-08T02:42:34.054+0000] {taskinstance.py:2076} INFO - Dependencies all met for dep_context=requeueable deps ti=<TaskInstance: climate_data.create_folder scheduled__2023-12-04T00:00:00+00:00 [queued]>
[2025-08-08T02:42:34.054+0000] {taskinstance.py:2306} INFO - Starting attempt 1 of 1
[2025-08-08T02:42:34.091+0000] {taskinstance.py:2330} INFO - Executing <Task(BashOperator): create_folder> on 2023-12-04 00:00:00+00:00
[2025-08-08T02:42:34.095+0000] {standard_task_runner.py:63} INFO - Started process 2679 to run task
[2025-08-08T02:42:34.099+0000] {standard_task_runner.py:90} INFO - Running: ['***', 'tasks', 'run', 'climate_data', 'create_folder', 'scheduled__2023-12-04T00:00:00+00:00', '--job-id', '780', '--raw', '--subdir', 'DAGS_FOLDER/climate_data.py', '--cfg-path', '/tmp/tmpg2sp9x02']
[2025-08-08T02:42:34.101+0000] {standard_task_runner.py:91} INFO - Job 780: Subtask create_folder
[2025-08-08T02:42:34.115+0000] {logging_mixin.py:188} WARNING - /home/***/.local/lib/python3.9/site-packages/***/settings.py:195 DeprecationWarning: The sql_alchemy_conn option in [core] has been moved to the sql_alchemy_conn option in [database] - the old setting has been used, but please update your config.
[2025-08-08T02:42:34.161+0000] {task_command.py:426} INFO - Running <TaskInstance: climate_data.create_folder scheduled__2023-12-04T00:00:00+00:00 [running]> on host 1a6f5acf67f4
[2025-08-08T02:42:34.229+0000] {taskinstance.py:2648} INFO - Exporting env vars: AIRFLOW_CTX_DAG_OWNER='***' AIRFLOW_CTX_DAG_ID='climate_data' AIRFLOW_CTX_TASK_ID='create_folder' AIRFLOW_CTX_EXECUTION_DATE='2023-12-04T00:00:00+00:00' AIRFLOW_CTX_TRY_NUMBER='1' AIRFLOW_CTX_DAG_RUN_ID='scheduled__2023-12-04T00:00:00+00:00'
[2025-08-08T02:42:34.230+0000] {taskinstance.py:430} INFO - ::endgroup::
[2025-08-08T02:42:34.238+0000] {subprocess.py:63} INFO - Tmp dir root location: /tmp
[2025-08-08T02:42:34.239+0000] {subprocess.py:75} INFO - Running command: ['/usr/bin/bash', '-c', 'mkdir -p "/home/***/host_documents/week2023-12-11"']
[2025-08-08T02:42:34.247+0000] {subprocess.py:86} INFO - Output:
[2025-08-08T02:42:34.251+0000] {subprocess.py:97} INFO - Command exited with return code 0
[2025-08-08T02:42:34.252+0000] {taskinstance.py:441} INFO - ::group::Post task execution logs
[2025-08-08T02:42:34.274+0000] {taskinstance.py:1206} INFO - Marking task as SUCCESS. dag_id=climate_data, task_id=create_folder, run_id=scheduled__2023-12-04T00:00:00+00:00, execution_date=20231204T000000, start_date=20250808T024234, end_date=20250808T024234
[2025-08-08T02:42:34.311+0000] {local_task_job_runner.py:240} INFO - Task exited with return code 0
[2025-08-08T02:42:34.330+0000] {taskinstance.py:3498} INFO - 1 downstream tasks scheduled from follow-on schedule check
[2025-08-08T02:42:34.332+0000] {local_task_job_runner.py:222} INFO - ::endgroup::
