[2025-08-08T02:26:38.849+0000] {local_task_job_runner.py:120} INFO - ::group::Pre task execution logs
[2025-08-08T02:26:38.868+0000] {taskinstance.py:2076} INFO - Dependencies all met for dep_context=non-requeueable deps ti=<TaskInstance: climate_data.create_folder scheduled__2023-11-06T00:00:00+00:00 [queued]>
[2025-08-08T02:26:38.875+0000] {taskinstance.py:2076} INFO - Dependencies all met for dep_context=requeueable deps ti=<TaskInstance: climate_data.create_folder scheduled__2023-11-06T00:00:00+00:00 [queued]>
[2025-08-08T02:26:38.876+0000] {taskinstance.py:2306} INFO - Starting attempt 1 of 1
[2025-08-08T02:26:38.886+0000] {taskinstance.py:2330} INFO - Executing <Task(BashOperator): create_folder> on 2023-11-06 00:00:00+00:00
[2025-08-08T02:26:38.889+0000] {standard_task_runner.py:63} INFO - Started process 470 to run task
[2025-08-08T02:26:38.892+0000] {standard_task_runner.py:90} INFO - Running: ['***', 'tasks', 'run', 'climate_data', 'create_folder', 'scheduled__2023-11-06T00:00:00+00:00', '--job-id', '92', '--raw', '--subdir', 'DAGS_FOLDER/climate_data.py', '--cfg-path', '/tmp/tmpb5z91t7j']
[2025-08-08T02:26:38.894+0000] {standard_task_runner.py:91} INFO - Job 92: Subtask create_folder
[2025-08-08T02:26:38.904+0000] {logging_mixin.py:188} WARNING - /home/***/.local/lib/python3.9/site-packages/***/settings.py:195 DeprecationWarning: The sql_alchemy_conn option in [core] has been moved to the sql_alchemy_conn option in [database] - the old setting has been used, but please update your config.
[2025-08-08T02:26:38.941+0000] {task_command.py:426} INFO - Running <TaskInstance: climate_data.create_folder scheduled__2023-11-06T00:00:00+00:00 [running]> on host 3ceab82043f1
[2025-08-08T02:26:39.000+0000] {taskinstance.py:2648} INFO - Exporting env vars: AIRFLOW_CTX_DAG_OWNER='***' AIRFLOW_CTX_DAG_ID='climate_data' AIRFLOW_CTX_TASK_ID='create_folder' AIRFLOW_CTX_EXECUTION_DATE='2023-11-06T00:00:00+00:00' AIRFLOW_CTX_TRY_NUMBER='1' AIRFLOW_CTX_DAG_RUN_ID='scheduled__2023-11-06T00:00:00+00:00'
[2025-08-08T02:26:39.001+0000] {taskinstance.py:430} INFO - ::endgroup::
[2025-08-08T02:26:39.009+0000] {subprocess.py:63} INFO - Tmp dir root location: /tmp
[2025-08-08T02:26:39.010+0000] {subprocess.py:75} INFO - Running command: ['/usr/bin/bash', '-c', 'mkdir -p /home/***/host_documents/week2023-11-13"']
[2025-08-08T02:26:39.017+0000] {subprocess.py:86} INFO - Output:
[2025-08-08T02:26:39.018+0000] {subprocess.py:93} INFO - /usr/bin/bash: -c: line 1: unexpected EOF while looking for matching `"'
[2025-08-08T02:26:39.019+0000] {subprocess.py:97} INFO - Command exited with return code 2
[2025-08-08T02:26:39.019+0000] {taskinstance.py:441} INFO - ::group::Post task execution logs
[2025-08-08T02:26:39.026+0000] {taskinstance.py:2905} ERROR - Task failed with exception
Traceback (most recent call last):
  File "/home/airflow/.local/lib/python3.9/site-packages/airflow/models/taskinstance.py", line 465, in _execute_task
    result = _execute_callable(context=context, **execute_callable_kwargs)
  File "/home/airflow/.local/lib/python3.9/site-packages/airflow/models/taskinstance.py", line 432, in _execute_callable
    return execute_callable(context=context, **execute_callable_kwargs)
  File "/home/airflow/.local/lib/python3.9/site-packages/airflow/models/baseoperator.py", line 400, in wrapper
    return func(self, *args, **kwargs)
  File "/home/airflow/.local/lib/python3.9/site-packages/airflow/operators/bash.py", line 243, in execute
    raise AirflowException(
airflow.exceptions.AirflowException: Bash command failed. The command returned a non-zero exit code 2.
[2025-08-08T02:26:39.029+0000] {taskinstance.py:1206} INFO - Marking task as FAILED. dag_id=climate_data, task_id=create_folder, run_id=scheduled__2023-11-06T00:00:00+00:00, execution_date=20231106T000000, start_date=20250808T022638, end_date=20250808T022639
[2025-08-08T02:26:39.037+0000] {standard_task_runner.py:110} ERROR - Failed to execute job 92 for task create_folder (Bash command failed. The command returned a non-zero exit code 2.; 470)
[2025-08-08T02:26:39.064+0000] {local_task_job_runner.py:240} INFO - Task exited with return code 1
[2025-08-08T02:26:39.079+0000] {taskinstance.py:3498} INFO - 0 downstream tasks scheduled from follow-on schedule check
[2025-08-08T02:26:39.082+0000] {local_task_job_runner.py:222} INFO - ::endgroup::
[2025-08-08T02:34:57.959+0000] {local_task_job_runner.py:120} INFO - ::group::Pre task execution logs
[2025-08-08T02:34:57.980+0000] {taskinstance.py:2076} INFO - Dependencies all met for dep_context=non-requeueable deps ti=<TaskInstance: climate_data.create_folder scheduled__2023-11-06T00:00:00+00:00 [queued]>
[2025-08-08T02:34:57.987+0000] {taskinstance.py:2076} INFO - Dependencies all met for dep_context=requeueable deps ti=<TaskInstance: climate_data.create_folder scheduled__2023-11-06T00:00:00+00:00 [queued]>
[2025-08-08T02:34:57.987+0000] {taskinstance.py:2306} INFO - Starting attempt 1 of 1
[2025-08-08T02:34:57.997+0000] {taskinstance.py:2330} INFO - Executing <Task(BashOperator): create_folder> on 2023-11-06 00:00:00+00:00
[2025-08-08T02:34:58.002+0000] {standard_task_runner.py:63} INFO - Started process 519 to run task
[2025-08-08T02:34:58.005+0000] {standard_task_runner.py:90} INFO - Running: ['***', 'tasks', 'run', 'climate_data', 'create_folder', 'scheduled__2023-11-06T00:00:00+00:00', '--job-id', '247', '--raw', '--subdir', 'DAGS_FOLDER/climate_data.py', '--cfg-path', '/tmp/tmpdheyxglq']
[2025-08-08T02:34:58.006+0000] {standard_task_runner.py:91} INFO - Job 247: Subtask create_folder
[2025-08-08T02:34:58.018+0000] {logging_mixin.py:188} WARNING - /home/***/.local/lib/python3.9/site-packages/***/settings.py:195 DeprecationWarning: The sql_alchemy_conn option in [core] has been moved to the sql_alchemy_conn option in [database] - the old setting has been used, but please update your config.
[2025-08-08T02:34:58.055+0000] {task_command.py:426} INFO - Running <TaskInstance: climate_data.create_folder scheduled__2023-11-06T00:00:00+00:00 [running]> on host 1a6f5acf67f4
[2025-08-08T02:34:58.117+0000] {taskinstance.py:2648} INFO - Exporting env vars: AIRFLOW_CTX_DAG_OWNER='***' AIRFLOW_CTX_DAG_ID='climate_data' AIRFLOW_CTX_TASK_ID='create_folder' AIRFLOW_CTX_EXECUTION_DATE='2023-11-06T00:00:00+00:00' AIRFLOW_CTX_TRY_NUMBER='1' AIRFLOW_CTX_DAG_RUN_ID='scheduled__2023-11-06T00:00:00+00:00'
[2025-08-08T02:34:58.118+0000] {taskinstance.py:430} INFO - ::endgroup::
[2025-08-08T02:34:58.126+0000] {subprocess.py:63} INFO - Tmp dir root location: /tmp
[2025-08-08T02:34:58.127+0000] {subprocess.py:75} INFO - Running command: ['/usr/bin/bash', '-c', 'mkdir -p /home/***/host_documents/week2023-11-13"']
[2025-08-08T02:34:58.135+0000] {subprocess.py:86} INFO - Output:
[2025-08-08T02:34:58.136+0000] {subprocess.py:93} INFO - /usr/bin/bash: -c: line 1: unexpected EOF while looking for matching `"'
[2025-08-08T02:34:58.137+0000] {subprocess.py:97} INFO - Command exited with return code 2
[2025-08-08T02:34:58.137+0000] {taskinstance.py:441} INFO - ::group::Post task execution logs
[2025-08-08T02:34:58.144+0000] {taskinstance.py:2905} ERROR - Task failed with exception
Traceback (most recent call last):
  File "/home/airflow/.local/lib/python3.9/site-packages/airflow/models/taskinstance.py", line 465, in _execute_task
    result = _execute_callable(context=context, **execute_callable_kwargs)
  File "/home/airflow/.local/lib/python3.9/site-packages/airflow/models/taskinstance.py", line 432, in _execute_callable
    return execute_callable(context=context, **execute_callable_kwargs)
  File "/home/airflow/.local/lib/python3.9/site-packages/airflow/models/baseoperator.py", line 400, in wrapper
    return func(self, *args, **kwargs)
  File "/home/airflow/.local/lib/python3.9/site-packages/airflow/operators/bash.py", line 243, in execute
    raise AirflowException(
airflow.exceptions.AirflowException: Bash command failed. The command returned a non-zero exit code 2.
[2025-08-08T02:34:58.147+0000] {taskinstance.py:1206} INFO - Marking task as FAILED. dag_id=climate_data, task_id=create_folder, run_id=scheduled__2023-11-06T00:00:00+00:00, execution_date=20231106T000000, start_date=20250808T023457, end_date=20250808T023458
[2025-08-08T02:34:58.156+0000] {standard_task_runner.py:110} ERROR - Failed to execute job 247 for task create_folder (Bash command failed. The command returned a non-zero exit code 2.; 519)
[2025-08-08T02:34:58.177+0000] {local_task_job_runner.py:240} INFO - Task exited with return code 1
[2025-08-08T02:34:58.192+0000] {taskinstance.py:3498} INFO - 0 downstream tasks scheduled from follow-on schedule check
[2025-08-08T02:34:58.196+0000] {local_task_job_runner.py:222} INFO - ::endgroup::
[2025-08-08T02:39:30.665+0000] {local_task_job_runner.py:120} INFO - ::group::Pre task execution logs
[2025-08-08T02:39:30.690+0000] {taskinstance.py:2076} INFO - Dependencies all met for dep_context=non-requeueable deps ti=<TaskInstance: climate_data.create_folder scheduled__2023-11-06T00:00:00+00:00 [queued]>
[2025-08-08T02:39:30.699+0000] {taskinstance.py:2076} INFO - Dependencies all met for dep_context=requeueable deps ti=<TaskInstance: climate_data.create_folder scheduled__2023-11-06T00:00:00+00:00 [queued]>
[2025-08-08T02:39:30.699+0000] {taskinstance.py:2306} INFO - Starting attempt 1 of 1
[2025-08-08T02:39:30.777+0000] {taskinstance.py:2330} INFO - Executing <Task(BashOperator): create_folder> on 2023-11-06 00:00:00+00:00
[2025-08-08T02:39:30.781+0000] {standard_task_runner.py:63} INFO - Started process 1460 to run task
[2025-08-08T02:39:30.784+0000] {standard_task_runner.py:90} INFO - Running: ['***', 'tasks', 'run', 'climate_data', 'create_folder', 'scheduled__2023-11-06T00:00:00+00:00', '--job-id', '459', '--raw', '--subdir', 'DAGS_FOLDER/climate_data.py', '--cfg-path', '/tmp/tmpupprpmut']
[2025-08-08T02:39:30.786+0000] {standard_task_runner.py:91} INFO - Job 459: Subtask create_folder
[2025-08-08T02:39:30.799+0000] {logging_mixin.py:188} WARNING - /home/***/.local/lib/python3.9/site-packages/***/settings.py:195 DeprecationWarning: The sql_alchemy_conn option in [core] has been moved to the sql_alchemy_conn option in [database] - the old setting has been used, but please update your config.
[2025-08-08T02:39:30.842+0000] {task_command.py:426} INFO - Running <TaskInstance: climate_data.create_folder scheduled__2023-11-06T00:00:00+00:00 [running]> on host 1a6f5acf67f4
[2025-08-08T02:39:30.906+0000] {taskinstance.py:2648} INFO - Exporting env vars: AIRFLOW_CTX_DAG_OWNER='***' AIRFLOW_CTX_DAG_ID='climate_data' AIRFLOW_CTX_TASK_ID='create_folder' AIRFLOW_CTX_EXECUTION_DATE='2023-11-06T00:00:00+00:00' AIRFLOW_CTX_TRY_NUMBER='1' AIRFLOW_CTX_DAG_RUN_ID='scheduled__2023-11-06T00:00:00+00:00'
[2025-08-08T02:39:30.908+0000] {taskinstance.py:430} INFO - ::endgroup::
[2025-08-08T02:39:30.916+0000] {subprocess.py:63} INFO - Tmp dir root location: /tmp
[2025-08-08T02:39:30.917+0000] {subprocess.py:75} INFO - Running command: ['/usr/bin/bash', '-c', 'mkdir -p /home/***/host_documents/week2023-11-13']
[2025-08-08T02:39:30.925+0000] {subprocess.py:86} INFO - Output:
[2025-08-08T02:39:30.929+0000] {subprocess.py:97} INFO - Command exited with return code 0
[2025-08-08T02:39:30.930+0000] {taskinstance.py:441} INFO - ::group::Post task execution logs
[2025-08-08T02:39:30.959+0000] {taskinstance.py:1206} INFO - Marking task as SUCCESS. dag_id=climate_data, task_id=create_folder, run_id=scheduled__2023-11-06T00:00:00+00:00, execution_date=20231106T000000, start_date=20250808T023930, end_date=20250808T023930
[2025-08-08T02:39:31.037+0000] {local_task_job_runner.py:240} INFO - Task exited with return code 0
[2025-08-08T02:39:31.052+0000] {taskinstance.py:3498} INFO - 1 downstream tasks scheduled from follow-on schedule check
[2025-08-08T02:39:31.054+0000] {local_task_job_runner.py:222} INFO - ::endgroup::
[2025-08-08T02:42:29.310+0000] {local_task_job_runner.py:120} INFO - ::group::Pre task execution logs
[2025-08-08T02:42:29.335+0000] {taskinstance.py:2076} INFO - Dependencies all met for dep_context=non-requeueable deps ti=<TaskInstance: climate_data.create_folder scheduled__2023-11-06T00:00:00+00:00 [queued]>
[2025-08-08T02:42:29.347+0000] {taskinstance.py:2076} INFO - Dependencies all met for dep_context=requeueable deps ti=<TaskInstance: climate_data.create_folder scheduled__2023-11-06T00:00:00+00:00 [queued]>
[2025-08-08T02:42:29.348+0000] {taskinstance.py:2306} INFO - Starting attempt 1 of 1
[2025-08-08T02:42:29.439+0000] {taskinstance.py:2330} INFO - Executing <Task(BashOperator): create_folder> on 2023-11-06 00:00:00+00:00
[2025-08-08T02:42:29.446+0000] {standard_task_runner.py:63} INFO - Started process 2642 to run task
[2025-08-08T02:42:29.449+0000] {standard_task_runner.py:90} INFO - Running: ['***', 'tasks', 'run', 'climate_data', 'create_folder', 'scheduled__2023-11-06T00:00:00+00:00', '--job-id', '769', '--raw', '--subdir', 'DAGS_FOLDER/climate_data.py', '--cfg-path', '/tmp/tmpnu1a4rwh']
[2025-08-08T02:42:29.451+0000] {standard_task_runner.py:91} INFO - Job 769: Subtask create_folder
[2025-08-08T02:42:29.468+0000] {logging_mixin.py:188} WARNING - /home/***/.local/lib/python3.9/site-packages/***/settings.py:195 DeprecationWarning: The sql_alchemy_conn option in [core] has been moved to the sql_alchemy_conn option in [database] - the old setting has been used, but please update your config.
[2025-08-08T02:42:29.521+0000] {task_command.py:426} INFO - Running <TaskInstance: climate_data.create_folder scheduled__2023-11-06T00:00:00+00:00 [running]> on host 1a6f5acf67f4
[2025-08-08T02:42:29.593+0000] {taskinstance.py:2648} INFO - Exporting env vars: AIRFLOW_CTX_DAG_OWNER='***' AIRFLOW_CTX_DAG_ID='climate_data' AIRFLOW_CTX_TASK_ID='create_folder' AIRFLOW_CTX_EXECUTION_DATE='2023-11-06T00:00:00+00:00' AIRFLOW_CTX_TRY_NUMBER='1' AIRFLOW_CTX_DAG_RUN_ID='scheduled__2023-11-06T00:00:00+00:00'
[2025-08-08T02:42:29.594+0000] {taskinstance.py:430} INFO - ::endgroup::
[2025-08-08T02:42:29.604+0000] {subprocess.py:63} INFO - Tmp dir root location: /tmp
[2025-08-08T02:42:29.605+0000] {subprocess.py:75} INFO - Running command: ['/usr/bin/bash', '-c', 'mkdir -p "/home/***/host_documents/week2023-11-13"']
[2025-08-08T02:42:29.613+0000] {subprocess.py:86} INFO - Output:
[2025-08-08T02:42:29.616+0000] {subprocess.py:97} INFO - Command exited with return code 0
[2025-08-08T02:42:29.617+0000] {taskinstance.py:441} INFO - ::group::Post task execution logs
[2025-08-08T02:42:29.637+0000] {taskinstance.py:1206} INFO - Marking task as SUCCESS. dag_id=climate_data, task_id=create_folder, run_id=scheduled__2023-11-06T00:00:00+00:00, execution_date=20231106T000000, start_date=20250808T024229, end_date=20250808T024229
[2025-08-08T02:42:29.702+0000] {local_task_job_runner.py:240} INFO - Task exited with return code 0
[2025-08-08T02:42:29.719+0000] {taskinstance.py:3498} INFO - 1 downstream tasks scheduled from follow-on schedule check
[2025-08-08T02:42:29.721+0000] {local_task_job_runner.py:222} INFO - ::endgroup::
