[2025-08-08T02:26:41.506+0000] {local_task_job_runner.py:120} INFO - ::group::Pre task execution logs
[2025-08-08T02:26:41.525+0000] {taskinstance.py:2076} INFO - Dependencies all met for dep_context=non-requeueable deps ti=<TaskInstance: climate_data.create_folder scheduled__2024-01-29T00:00:00+00:00 [queued]>
[2025-08-08T02:26:41.531+0000] {taskinstance.py:2076} INFO - Dependencies all met for dep_context=requeueable deps ti=<TaskInstance: climate_data.create_folder scheduled__2024-01-29T00:00:00+00:00 [queued]>
[2025-08-08T02:26:41.533+0000] {taskinstance.py:2306} INFO - Starting attempt 1 of 1
[2025-08-08T02:26:41.541+0000] {taskinstance.py:2330} INFO - Executing <Task(BashOperator): create_folder> on 2024-01-29 00:00:00+00:00
[2025-08-08T02:26:41.545+0000] {standard_task_runner.py:63} INFO - Started process 514 to run task
[2025-08-08T02:26:41.547+0000] {standard_task_runner.py:90} INFO - Running: ['***', 'tasks', 'run', 'climate_data', 'create_folder', 'scheduled__2024-01-29T00:00:00+00:00', '--job-id', '104', '--raw', '--subdir', 'DAGS_FOLDER/climate_data.py', '--cfg-path', '/tmp/tmpakyro_58']
[2025-08-08T02:26:41.549+0000] {standard_task_runner.py:91} INFO - Job 104: Subtask create_folder
[2025-08-08T02:26:41.559+0000] {logging_mixin.py:188} WARNING - /home/***/.local/lib/python3.9/site-packages/***/settings.py:195 DeprecationWarning: The sql_alchemy_conn option in [core] has been moved to the sql_alchemy_conn option in [database] - the old setting has been used, but please update your config.
[2025-08-08T02:26:41.594+0000] {task_command.py:426} INFO - Running <TaskInstance: climate_data.create_folder scheduled__2024-01-29T00:00:00+00:00 [running]> on host 3ceab82043f1
[2025-08-08T02:26:41.653+0000] {taskinstance.py:2648} INFO - Exporting env vars: AIRFLOW_CTX_DAG_OWNER='***' AIRFLOW_CTX_DAG_ID='climate_data' AIRFLOW_CTX_TASK_ID='create_folder' AIRFLOW_CTX_EXECUTION_DATE='2024-01-29T00:00:00+00:00' AIRFLOW_CTX_TRY_NUMBER='1' AIRFLOW_CTX_DAG_RUN_ID='scheduled__2024-01-29T00:00:00+00:00'
[2025-08-08T02:26:41.654+0000] {taskinstance.py:430} INFO - ::endgroup::
[2025-08-08T02:26:41.661+0000] {subprocess.py:63} INFO - Tmp dir root location: /tmp
[2025-08-08T02:26:41.662+0000] {subprocess.py:75} INFO - Running command: ['/usr/bin/bash', '-c', 'mkdir -p /home/***/host_documents/week2024-02-05"']
[2025-08-08T02:26:41.669+0000] {subprocess.py:86} INFO - Output:
[2025-08-08T02:26:41.670+0000] {subprocess.py:93} INFO - /usr/bin/bash: -c: line 1: unexpected EOF while looking for matching `"'
[2025-08-08T02:26:41.671+0000] {subprocess.py:97} INFO - Command exited with return code 2
[2025-08-08T02:26:41.671+0000] {taskinstance.py:441} INFO - ::group::Post task execution logs
[2025-08-08T02:26:41.679+0000] {taskinstance.py:2905} ERROR - Task failed with exception
Traceback (most recent call last):
  File "/home/airflow/.local/lib/python3.9/site-packages/airflow/models/taskinstance.py", line 465, in _execute_task
    result = _execute_callable(context=context, **execute_callable_kwargs)
  File "/home/airflow/.local/lib/python3.9/site-packages/airflow/models/taskinstance.py", line 432, in _execute_callable
    return execute_callable(context=context, **execute_callable_kwargs)
  File "/home/airflow/.local/lib/python3.9/site-packages/airflow/models/baseoperator.py", line 400, in wrapper
    return func(self, *args, **kwargs)
  File "/home/airflow/.local/lib/python3.9/site-packages/airflow/operators/bash.py", line 243, in execute
    raise AirflowException(
airflow.exceptions.AirflowException: Bash command failed. The command returned a non-zero exit code 2.
[2025-08-08T02:26:41.682+0000] {taskinstance.py:1206} INFO - Marking task as FAILED. dag_id=climate_data, task_id=create_folder, run_id=scheduled__2024-01-29T00:00:00+00:00, execution_date=20240129T000000, start_date=20250808T022641, end_date=20250808T022641
[2025-08-08T02:26:41.691+0000] {standard_task_runner.py:110} ERROR - Failed to execute job 104 for task create_folder (Bash command failed. The command returned a non-zero exit code 2.; 514)
[2025-08-08T02:26:41.719+0000] {local_task_job_runner.py:240} INFO - Task exited with return code 1
[2025-08-08T02:26:41.734+0000] {taskinstance.py:3498} INFO - 0 downstream tasks scheduled from follow-on schedule check
[2025-08-08T02:26:41.737+0000] {local_task_job_runner.py:222} INFO - ::endgroup::
[2025-08-08T02:35:02.132+0000] {local_task_job_runner.py:120} INFO - ::group::Pre task execution logs
[2025-08-08T02:35:02.151+0000] {taskinstance.py:2076} INFO - Dependencies all met for dep_context=non-requeueable deps ti=<TaskInstance: climate_data.create_folder scheduled__2024-01-29T00:00:00+00:00 [queued]>
[2025-08-08T02:35:02.158+0000] {taskinstance.py:2076} INFO - Dependencies all met for dep_context=requeueable deps ti=<TaskInstance: climate_data.create_folder scheduled__2024-01-29T00:00:00+00:00 [queued]>
[2025-08-08T02:35:02.159+0000] {taskinstance.py:2306} INFO - Starting attempt 1 of 1
[2025-08-08T02:35:02.169+0000] {taskinstance.py:2330} INFO - Executing <Task(BashOperator): create_folder> on 2024-01-29 00:00:00+00:00
[2025-08-08T02:35:02.173+0000] {standard_task_runner.py:63} INFO - Started process 567 to run task
[2025-08-08T02:35:02.175+0000] {standard_task_runner.py:90} INFO - Running: ['***', 'tasks', 'run', 'climate_data', 'create_folder', 'scheduled__2024-01-29T00:00:00+00:00', '--job-id', '260', '--raw', '--subdir', 'DAGS_FOLDER/climate_data.py', '--cfg-path', '/tmp/tmprz70ohtu']
[2025-08-08T02:35:02.177+0000] {standard_task_runner.py:91} INFO - Job 260: Subtask create_folder
[2025-08-08T02:35:02.188+0000] {logging_mixin.py:188} WARNING - /home/***/.local/lib/python3.9/site-packages/***/settings.py:195 DeprecationWarning: The sql_alchemy_conn option in [core] has been moved to the sql_alchemy_conn option in [database] - the old setting has been used, but please update your config.
[2025-08-08T02:35:02.225+0000] {task_command.py:426} INFO - Running <TaskInstance: climate_data.create_folder scheduled__2024-01-29T00:00:00+00:00 [running]> on host 1a6f5acf67f4
[2025-08-08T02:35:02.282+0000] {taskinstance.py:2648} INFO - Exporting env vars: AIRFLOW_CTX_DAG_OWNER='***' AIRFLOW_CTX_DAG_ID='climate_data' AIRFLOW_CTX_TASK_ID='create_folder' AIRFLOW_CTX_EXECUTION_DATE='2024-01-29T00:00:00+00:00' AIRFLOW_CTX_TRY_NUMBER='1' AIRFLOW_CTX_DAG_RUN_ID='scheduled__2024-01-29T00:00:00+00:00'
[2025-08-08T02:35:02.283+0000] {taskinstance.py:430} INFO - ::endgroup::
[2025-08-08T02:35:02.290+0000] {subprocess.py:63} INFO - Tmp dir root location: /tmp
[2025-08-08T02:35:02.291+0000] {subprocess.py:75} INFO - Running command: ['/usr/bin/bash', '-c', 'mkdir -p /home/***/host_documents/week2024-02-05"']
[2025-08-08T02:35:02.298+0000] {subprocess.py:86} INFO - Output:
[2025-08-08T02:35:02.299+0000] {subprocess.py:93} INFO - /usr/bin/bash: -c: line 1: unexpected EOF while looking for matching `"'
[2025-08-08T02:35:02.300+0000] {subprocess.py:97} INFO - Command exited with return code 2
[2025-08-08T02:35:02.300+0000] {taskinstance.py:441} INFO - ::group::Post task execution logs
[2025-08-08T02:35:02.307+0000] {taskinstance.py:2905} ERROR - Task failed with exception
Traceback (most recent call last):
  File "/home/airflow/.local/lib/python3.9/site-packages/airflow/models/taskinstance.py", line 465, in _execute_task
    result = _execute_callable(context=context, **execute_callable_kwargs)
  File "/home/airflow/.local/lib/python3.9/site-packages/airflow/models/taskinstance.py", line 432, in _execute_callable
    return execute_callable(context=context, **execute_callable_kwargs)
  File "/home/airflow/.local/lib/python3.9/site-packages/airflow/models/baseoperator.py", line 400, in wrapper
    return func(self, *args, **kwargs)
  File "/home/airflow/.local/lib/python3.9/site-packages/airflow/operators/bash.py", line 243, in execute
    raise AirflowException(
airflow.exceptions.AirflowException: Bash command failed. The command returned a non-zero exit code 2.
[2025-08-08T02:35:02.309+0000] {taskinstance.py:1206} INFO - Marking task as FAILED. dag_id=climate_data, task_id=create_folder, run_id=scheduled__2024-01-29T00:00:00+00:00, execution_date=20240129T000000, start_date=20250808T023502, end_date=20250808T023502
[2025-08-08T02:35:02.317+0000] {standard_task_runner.py:110} ERROR - Failed to execute job 260 for task create_folder (Bash command failed. The command returned a non-zero exit code 2.; 567)
[2025-08-08T02:35:02.347+0000] {local_task_job_runner.py:240} INFO - Task exited with return code 1
[2025-08-08T02:35:02.361+0000] {taskinstance.py:3498} INFO - 0 downstream tasks scheduled from follow-on schedule check
[2025-08-08T02:35:02.364+0000] {local_task_job_runner.py:222} INFO - ::endgroup::
[2025-08-08T02:39:35.700+0000] {local_task_job_runner.py:120} INFO - ::group::Pre task execution logs
[2025-08-08T02:39:35.727+0000] {taskinstance.py:2076} INFO - Dependencies all met for dep_context=non-requeueable deps ti=<TaskInstance: climate_data.create_folder scheduled__2024-01-29T00:00:00+00:00 [queued]>
[2025-08-08T02:39:35.736+0000] {taskinstance.py:2076} INFO - Dependencies all met for dep_context=requeueable deps ti=<TaskInstance: climate_data.create_folder scheduled__2024-01-29T00:00:00+00:00 [queued]>
[2025-08-08T02:39:35.738+0000] {taskinstance.py:2306} INFO - Starting attempt 1 of 1
[2025-08-08T02:39:35.753+0000] {taskinstance.py:2330} INFO - Executing <Task(BashOperator): create_folder> on 2024-01-29 00:00:00+00:00
[2025-08-08T02:39:35.759+0000] {standard_task_runner.py:63} INFO - Started process 1544 to run task
[2025-08-08T02:39:35.764+0000] {standard_task_runner.py:90} INFO - Running: ['***', 'tasks', 'run', 'climate_data', 'create_folder', 'scheduled__2024-01-29T00:00:00+00:00', '--job-id', '482', '--raw', '--subdir', 'DAGS_FOLDER/climate_data.py', '--cfg-path', '/tmp/tmpws0141c3']
[2025-08-08T02:39:35.767+0000] {standard_task_runner.py:91} INFO - Job 482: Subtask create_folder
[2025-08-08T02:39:35.785+0000] {logging_mixin.py:188} WARNING - /home/***/.local/lib/python3.9/site-packages/***/settings.py:195 DeprecationWarning: The sql_alchemy_conn option in [core] has been moved to the sql_alchemy_conn option in [database] - the old setting has been used, but please update your config.
[2025-08-08T02:39:35.834+0000] {task_command.py:426} INFO - Running <TaskInstance: climate_data.create_folder scheduled__2024-01-29T00:00:00+00:00 [running]> on host 1a6f5acf67f4
[2025-08-08T02:39:35.910+0000] {taskinstance.py:2648} INFO - Exporting env vars: AIRFLOW_CTX_DAG_OWNER='***' AIRFLOW_CTX_DAG_ID='climate_data' AIRFLOW_CTX_TASK_ID='create_folder' AIRFLOW_CTX_EXECUTION_DATE='2024-01-29T00:00:00+00:00' AIRFLOW_CTX_TRY_NUMBER='1' AIRFLOW_CTX_DAG_RUN_ID='scheduled__2024-01-29T00:00:00+00:00'
[2025-08-08T02:39:35.911+0000] {taskinstance.py:430} INFO - ::endgroup::
[2025-08-08T02:39:35.920+0000] {subprocess.py:63} INFO - Tmp dir root location: /tmp
[2025-08-08T02:39:35.922+0000] {subprocess.py:75} INFO - Running command: ['/usr/bin/bash', '-c', 'mkdir -p /home/***/host_documents/week2024-02-05']
[2025-08-08T02:39:35.934+0000] {subprocess.py:86} INFO - Output:
[2025-08-08T02:39:35.940+0000] {subprocess.py:97} INFO - Command exited with return code 0
[2025-08-08T02:39:35.941+0000] {taskinstance.py:441} INFO - ::group::Post task execution logs
[2025-08-08T02:39:35.964+0000] {taskinstance.py:1206} INFO - Marking task as SUCCESS. dag_id=climate_data, task_id=create_folder, run_id=scheduled__2024-01-29T00:00:00+00:00, execution_date=20240129T000000, start_date=20250808T023935, end_date=20250808T023935
[2025-08-08T02:39:36.015+0000] {local_task_job_runner.py:240} INFO - Task exited with return code 0
[2025-08-08T02:39:36.035+0000] {taskinstance.py:3498} INFO - 1 downstream tasks scheduled from follow-on schedule check
[2025-08-08T02:39:36.036+0000] {local_task_job_runner.py:222} INFO - ::endgroup::
[2025-08-08T02:42:34.821+0000] {local_task_job_runner.py:120} INFO - ::group::Pre task execution logs
[2025-08-08T02:42:34.847+0000] {taskinstance.py:2076} INFO - Dependencies all met for dep_context=non-requeueable deps ti=<TaskInstance: climate_data.create_folder scheduled__2024-01-29T00:00:00+00:00 [queued]>
[2025-08-08T02:42:34.862+0000] {taskinstance.py:2076} INFO - Dependencies all met for dep_context=requeueable deps ti=<TaskInstance: climate_data.create_folder scheduled__2024-01-29T00:00:00+00:00 [queued]>
[2025-08-08T02:42:34.863+0000] {taskinstance.py:2306} INFO - Starting attempt 1 of 1
[2025-08-08T02:42:34.877+0000] {taskinstance.py:2330} INFO - Executing <Task(BashOperator): create_folder> on 2024-01-29 00:00:00+00:00
[2025-08-08T02:42:34.884+0000] {standard_task_runner.py:63} INFO - Started process 2723 to run task
[2025-08-08T02:42:34.888+0000] {standard_task_runner.py:90} INFO - Running: ['***', 'tasks', 'run', 'climate_data', 'create_folder', 'scheduled__2024-01-29T00:00:00+00:00', '--job-id', '790', '--raw', '--subdir', 'DAGS_FOLDER/climate_data.py', '--cfg-path', '/tmp/tmpr1pyig40']
[2025-08-08T02:42:34.891+0000] {standard_task_runner.py:91} INFO - Job 790: Subtask create_folder
[2025-08-08T02:42:34.909+0000] {logging_mixin.py:188} WARNING - /home/***/.local/lib/python3.9/site-packages/***/settings.py:195 DeprecationWarning: The sql_alchemy_conn option in [core] has been moved to the sql_alchemy_conn option in [database] - the old setting has been used, but please update your config.
[2025-08-08T02:42:34.963+0000] {task_command.py:426} INFO - Running <TaskInstance: climate_data.create_folder scheduled__2024-01-29T00:00:00+00:00 [running]> on host 1a6f5acf67f4
[2025-08-08T02:42:35.045+0000] {taskinstance.py:2648} INFO - Exporting env vars: AIRFLOW_CTX_DAG_OWNER='***' AIRFLOW_CTX_DAG_ID='climate_data' AIRFLOW_CTX_TASK_ID='create_folder' AIRFLOW_CTX_EXECUTION_DATE='2024-01-29T00:00:00+00:00' AIRFLOW_CTX_TRY_NUMBER='1' AIRFLOW_CTX_DAG_RUN_ID='scheduled__2024-01-29T00:00:00+00:00'
[2025-08-08T02:42:35.047+0000] {taskinstance.py:430} INFO - ::endgroup::
[2025-08-08T02:42:35.058+0000] {subprocess.py:63} INFO - Tmp dir root location: /tmp
[2025-08-08T02:42:35.060+0000] {subprocess.py:75} INFO - Running command: ['/usr/bin/bash', '-c', 'mkdir -p "/home/***/host_documents/week2024-02-05"']
[2025-08-08T02:42:35.074+0000] {subprocess.py:86} INFO - Output:
[2025-08-08T02:42:35.080+0000] {subprocess.py:97} INFO - Command exited with return code 0
[2025-08-08T02:42:35.080+0000] {taskinstance.py:441} INFO - ::group::Post task execution logs
[2025-08-08T02:42:35.106+0000] {taskinstance.py:1206} INFO - Marking task as SUCCESS. dag_id=climate_data, task_id=create_folder, run_id=scheduled__2024-01-29T00:00:00+00:00, execution_date=20240129T000000, start_date=20250808T024234, end_date=20250808T024235
[2025-08-08T02:42:35.181+0000] {local_task_job_runner.py:240} INFO - Task exited with return code 0
[2025-08-08T02:42:35.192+0000] {local_task_job_runner.py:222} INFO - ::endgroup::
