[2025-08-08T02:26:47.380+0000] {local_task_job_runner.py:120} INFO - ::group::Pre task execution logs
[2025-08-08T02:26:47.399+0000] {taskinstance.py:2076} INFO - Dependencies all met for dep_context=non-requeueable deps ti=<TaskInstance: climate_data.create_folder scheduled__2024-05-06T00:00:00+00:00 [queued]>
[2025-08-08T02:26:47.406+0000] {taskinstance.py:2076} INFO - Dependencies all met for dep_context=requeueable deps ti=<TaskInstance: climate_data.create_folder scheduled__2024-05-06T00:00:00+00:00 [queued]>
[2025-08-08T02:26:47.407+0000] {taskinstance.py:2306} INFO - Starting attempt 1 of 1
[2025-08-08T02:26:47.417+0000] {taskinstance.py:2330} INFO - Executing <Task(BashOperator): create_folder> on 2024-05-06 00:00:00+00:00
[2025-08-08T02:26:47.423+0000] {standard_task_runner.py:63} INFO - Started process 594 to run task
[2025-08-08T02:26:47.426+0000] {standard_task_runner.py:90} INFO - Running: ['***', 'tasks', 'run', 'climate_data', 'create_folder', 'scheduled__2024-05-06T00:00:00+00:00', '--job-id', '118', '--raw', '--subdir', 'DAGS_FOLDER/climate_data.py', '--cfg-path', '/tmp/tmpmvf9m6k7']
[2025-08-08T02:26:47.428+0000] {standard_task_runner.py:91} INFO - Job 118: Subtask create_folder
[2025-08-08T02:26:47.442+0000] {logging_mixin.py:188} WARNING - /home/***/.local/lib/python3.9/site-packages/***/settings.py:195 DeprecationWarning: The sql_alchemy_conn option in [core] has been moved to the sql_alchemy_conn option in [database] - the old setting has been used, but please update your config.
[2025-08-08T02:26:47.481+0000] {task_command.py:426} INFO - Running <TaskInstance: climate_data.create_folder scheduled__2024-05-06T00:00:00+00:00 [running]> on host 3ceab82043f1
[2025-08-08T02:26:47.550+0000] {taskinstance.py:2648} INFO - Exporting env vars: AIRFLOW_CTX_DAG_OWNER='***' AIRFLOW_CTX_DAG_ID='climate_data' AIRFLOW_CTX_TASK_ID='create_folder' AIRFLOW_CTX_EXECUTION_DATE='2024-05-06T00:00:00+00:00' AIRFLOW_CTX_TRY_NUMBER='1' AIRFLOW_CTX_DAG_RUN_ID='scheduled__2024-05-06T00:00:00+00:00'
[2025-08-08T02:26:47.551+0000] {taskinstance.py:430} INFO - ::endgroup::
[2025-08-08T02:26:47.562+0000] {subprocess.py:63} INFO - Tmp dir root location: /tmp
[2025-08-08T02:26:47.563+0000] {subprocess.py:75} INFO - Running command: ['/usr/bin/bash', '-c', 'mkdir -p /home/***/host_documents/week2024-05-13"']
[2025-08-08T02:26:47.571+0000] {subprocess.py:86} INFO - Output:
[2025-08-08T02:26:47.573+0000] {subprocess.py:93} INFO - /usr/bin/bash: -c: line 1: unexpected EOF while looking for matching `"'
[2025-08-08T02:26:47.573+0000] {subprocess.py:97} INFO - Command exited with return code 2
[2025-08-08T02:26:47.574+0000] {taskinstance.py:441} INFO - ::group::Post task execution logs
[2025-08-08T02:26:47.584+0000] {taskinstance.py:2905} ERROR - Task failed with exception
Traceback (most recent call last):
  File "/home/airflow/.local/lib/python3.9/site-packages/airflow/models/taskinstance.py", line 465, in _execute_task
    result = _execute_callable(context=context, **execute_callable_kwargs)
  File "/home/airflow/.local/lib/python3.9/site-packages/airflow/models/taskinstance.py", line 432, in _execute_callable
    return execute_callable(context=context, **execute_callable_kwargs)
  File "/home/airflow/.local/lib/python3.9/site-packages/airflow/models/baseoperator.py", line 400, in wrapper
    return func(self, *args, **kwargs)
  File "/home/airflow/.local/lib/python3.9/site-packages/airflow/operators/bash.py", line 243, in execute
    raise AirflowException(
airflow.exceptions.AirflowException: Bash command failed. The command returned a non-zero exit code 2.
[2025-08-08T02:26:47.586+0000] {taskinstance.py:1206} INFO - Marking task as FAILED. dag_id=climate_data, task_id=create_folder, run_id=scheduled__2024-05-06T00:00:00+00:00, execution_date=20240506T000000, start_date=20250808T022647, end_date=20250808T022647
[2025-08-08T02:26:47.610+0000] {standard_task_runner.py:110} ERROR - Failed to execute job 118 for task create_folder (Bash command failed. The command returned a non-zero exit code 2.; 594)
[2025-08-08T02:26:47.640+0000] {local_task_job_runner.py:240} INFO - Task exited with return code 1
[2025-08-08T02:26:47.658+0000] {taskinstance.py:3498} INFO - 0 downstream tasks scheduled from follow-on schedule check
[2025-08-08T02:26:47.663+0000] {local_task_job_runner.py:222} INFO - ::endgroup::
[2025-08-08T02:35:07.765+0000] {local_task_job_runner.py:120} INFO - ::group::Pre task execution logs
[2025-08-08T02:35:07.786+0000] {taskinstance.py:2076} INFO - Dependencies all met for dep_context=non-requeueable deps ti=<TaskInstance: climate_data.create_folder scheduled__2024-05-06T00:00:00+00:00 [queued]>
[2025-08-08T02:35:07.793+0000] {taskinstance.py:2076} INFO - Dependencies all met for dep_context=requeueable deps ti=<TaskInstance: climate_data.create_folder scheduled__2024-05-06T00:00:00+00:00 [queued]>
[2025-08-08T02:35:07.794+0000] {taskinstance.py:2306} INFO - Starting attempt 1 of 1
[2025-08-08T02:35:07.805+0000] {taskinstance.py:2330} INFO - Executing <Task(BashOperator): create_folder> on 2024-05-06 00:00:00+00:00
[2025-08-08T02:35:07.809+0000] {standard_task_runner.py:63} INFO - Started process 629 to run task
[2025-08-08T02:35:07.813+0000] {standard_task_runner.py:90} INFO - Running: ['***', 'tasks', 'run', 'climate_data', 'create_folder', 'scheduled__2024-05-06T00:00:00+00:00', '--job-id', '274', '--raw', '--subdir', 'DAGS_FOLDER/climate_data.py', '--cfg-path', '/tmp/tmpqlrha9ve']
[2025-08-08T02:35:07.816+0000] {standard_task_runner.py:91} INFO - Job 274: Subtask create_folder
[2025-08-08T02:35:07.829+0000] {logging_mixin.py:188} WARNING - /home/***/.local/lib/python3.9/site-packages/***/settings.py:195 DeprecationWarning: The sql_alchemy_conn option in [core] has been moved to the sql_alchemy_conn option in [database] - the old setting has been used, but please update your config.
[2025-08-08T02:35:07.877+0000] {task_command.py:426} INFO - Running <TaskInstance: climate_data.create_folder scheduled__2024-05-06T00:00:00+00:00 [running]> on host 1a6f5acf67f4
[2025-08-08T02:35:07.948+0000] {taskinstance.py:2648} INFO - Exporting env vars: AIRFLOW_CTX_DAG_OWNER='***' AIRFLOW_CTX_DAG_ID='climate_data' AIRFLOW_CTX_TASK_ID='create_folder' AIRFLOW_CTX_EXECUTION_DATE='2024-05-06T00:00:00+00:00' AIRFLOW_CTX_TRY_NUMBER='1' AIRFLOW_CTX_DAG_RUN_ID='scheduled__2024-05-06T00:00:00+00:00'
[2025-08-08T02:35:07.950+0000] {taskinstance.py:430} INFO - ::endgroup::
[2025-08-08T02:35:07.959+0000] {subprocess.py:63} INFO - Tmp dir root location: /tmp
[2025-08-08T02:35:07.960+0000] {subprocess.py:75} INFO - Running command: ['/usr/bin/bash', '-c', 'mkdir -p /home/***/host_documents/week2024-05-13"']
[2025-08-08T02:35:07.970+0000] {subprocess.py:86} INFO - Output:
[2025-08-08T02:35:07.972+0000] {subprocess.py:93} INFO - /usr/bin/bash: -c: line 1: unexpected EOF while looking for matching `"'
[2025-08-08T02:35:07.973+0000] {subprocess.py:97} INFO - Command exited with return code 2
[2025-08-08T02:35:07.974+0000] {taskinstance.py:441} INFO - ::group::Post task execution logs
[2025-08-08T02:35:07.983+0000] {taskinstance.py:2905} ERROR - Task failed with exception
Traceback (most recent call last):
  File "/home/airflow/.local/lib/python3.9/site-packages/airflow/models/taskinstance.py", line 465, in _execute_task
    result = _execute_callable(context=context, **execute_callable_kwargs)
  File "/home/airflow/.local/lib/python3.9/site-packages/airflow/models/taskinstance.py", line 432, in _execute_callable
    return execute_callable(context=context, **execute_callable_kwargs)
  File "/home/airflow/.local/lib/python3.9/site-packages/airflow/models/baseoperator.py", line 400, in wrapper
    return func(self, *args, **kwargs)
  File "/home/airflow/.local/lib/python3.9/site-packages/airflow/operators/bash.py", line 243, in execute
    raise AirflowException(
airflow.exceptions.AirflowException: Bash command failed. The command returned a non-zero exit code 2.
[2025-08-08T02:35:07.986+0000] {taskinstance.py:1206} INFO - Marking task as FAILED. dag_id=climate_data, task_id=create_folder, run_id=scheduled__2024-05-06T00:00:00+00:00, execution_date=20240506T000000, start_date=20250808T023507, end_date=20250808T023507
[2025-08-08T02:35:07.995+0000] {standard_task_runner.py:110} ERROR - Failed to execute job 274 for task create_folder (Bash command failed. The command returned a non-zero exit code 2.; 629)
[2025-08-08T02:35:08.024+0000] {local_task_job_runner.py:240} INFO - Task exited with return code 1
[2025-08-08T02:35:08.041+0000] {taskinstance.py:3498} INFO - 0 downstream tasks scheduled from follow-on schedule check
[2025-08-08T02:35:08.044+0000] {local_task_job_runner.py:222} INFO - ::endgroup::
[2025-08-08T02:39:42.061+0000] {local_task_job_runner.py:120} INFO - ::group::Pre task execution logs
[2025-08-08T02:39:42.085+0000] {taskinstance.py:2076} INFO - Dependencies all met for dep_context=non-requeueable deps ti=<TaskInstance: climate_data.create_folder scheduled__2024-05-06T00:00:00+00:00 [queued]>
[2025-08-08T02:39:42.094+0000] {taskinstance.py:2076} INFO - Dependencies all met for dep_context=requeueable deps ti=<TaskInstance: climate_data.create_folder scheduled__2024-05-06T00:00:00+00:00 [queued]>
[2025-08-08T02:39:42.095+0000] {taskinstance.py:2306} INFO - Starting attempt 1 of 1
[2025-08-08T02:39:42.142+0000] {taskinstance.py:2330} INFO - Executing <Task(BashOperator): create_folder> on 2024-05-06 00:00:00+00:00
[2025-08-08T02:39:42.148+0000] {standard_task_runner.py:63} INFO - Started process 1650 to run task
[2025-08-08T02:39:42.151+0000] {standard_task_runner.py:90} INFO - Running: ['***', 'tasks', 'run', 'climate_data', 'create_folder', 'scheduled__2024-05-06T00:00:00+00:00', '--job-id', '512', '--raw', '--subdir', 'DAGS_FOLDER/climate_data.py', '--cfg-path', '/tmp/tmprp36xz2k']
[2025-08-08T02:39:42.153+0000] {standard_task_runner.py:91} INFO - Job 512: Subtask create_folder
[2025-08-08T02:39:42.167+0000] {logging_mixin.py:188} WARNING - /home/***/.local/lib/python3.9/site-packages/***/settings.py:195 DeprecationWarning: The sql_alchemy_conn option in [core] has been moved to the sql_alchemy_conn option in [database] - the old setting has been used, but please update your config.
[2025-08-08T02:39:42.210+0000] {task_command.py:426} INFO - Running <TaskInstance: climate_data.create_folder scheduled__2024-05-06T00:00:00+00:00 [running]> on host 1a6f5acf67f4
[2025-08-08T02:39:42.273+0000] {taskinstance.py:2648} INFO - Exporting env vars: AIRFLOW_CTX_DAG_OWNER='***' AIRFLOW_CTX_DAG_ID='climate_data' AIRFLOW_CTX_TASK_ID='create_folder' AIRFLOW_CTX_EXECUTION_DATE='2024-05-06T00:00:00+00:00' AIRFLOW_CTX_TRY_NUMBER='1' AIRFLOW_CTX_DAG_RUN_ID='scheduled__2024-05-06T00:00:00+00:00'
[2025-08-08T02:39:42.276+0000] {taskinstance.py:430} INFO - ::endgroup::
[2025-08-08T02:39:42.286+0000] {subprocess.py:63} INFO - Tmp dir root location: /tmp
[2025-08-08T02:39:42.287+0000] {subprocess.py:75} INFO - Running command: ['/usr/bin/bash', '-c', 'mkdir -p /home/***/host_documents/week2024-05-13']
[2025-08-08T02:39:42.296+0000] {subprocess.py:86} INFO - Output:
[2025-08-08T02:39:42.300+0000] {subprocess.py:97} INFO - Command exited with return code 0
[2025-08-08T02:39:42.301+0000] {taskinstance.py:441} INFO - ::group::Post task execution logs
[2025-08-08T02:39:42.323+0000] {taskinstance.py:1206} INFO - Marking task as SUCCESS. dag_id=climate_data, task_id=create_folder, run_id=scheduled__2024-05-06T00:00:00+00:00, execution_date=20240506T000000, start_date=20250808T023942, end_date=20250808T023942
[2025-08-08T02:39:42.404+0000] {local_task_job_runner.py:240} INFO - Task exited with return code 0
[2025-08-08T02:39:42.424+0000] {taskinstance.py:3498} INFO - 1 downstream tasks scheduled from follow-on schedule check
[2025-08-08T02:39:42.427+0000] {local_task_job_runner.py:222} INFO - ::endgroup::
[2025-08-08T02:42:39.369+0000] {local_task_job_runner.py:120} INFO - ::group::Pre task execution logs
[2025-08-08T02:42:39.396+0000] {taskinstance.py:2076} INFO - Dependencies all met for dep_context=non-requeueable deps ti=<TaskInstance: climate_data.create_folder scheduled__2024-05-06T00:00:00+00:00 [queued]>
[2025-08-08T02:42:39.405+0000] {taskinstance.py:2076} INFO - Dependencies all met for dep_context=requeueable deps ti=<TaskInstance: climate_data.create_folder scheduled__2024-05-06T00:00:00+00:00 [queued]>
[2025-08-08T02:42:39.405+0000] {taskinstance.py:2306} INFO - Starting attempt 1 of 1
[2025-08-08T02:42:39.417+0000] {taskinstance.py:2330} INFO - Executing <Task(BashOperator): create_folder> on 2024-05-06 00:00:00+00:00
[2025-08-08T02:42:39.423+0000] {standard_task_runner.py:63} INFO - Started process 2821 to run task
[2025-08-08T02:42:39.427+0000] {standard_task_runner.py:90} INFO - Running: ['***', 'tasks', 'run', 'climate_data', 'create_folder', 'scheduled__2024-05-06T00:00:00+00:00', '--job-id', '819', '--raw', '--subdir', 'DAGS_FOLDER/climate_data.py', '--cfg-path', '/tmp/tmpx2ycpstp']
[2025-08-08T02:42:39.430+0000] {standard_task_runner.py:91} INFO - Job 819: Subtask create_folder
[2025-08-08T02:42:39.446+0000] {logging_mixin.py:188} WARNING - /home/***/.local/lib/python3.9/site-packages/***/settings.py:195 DeprecationWarning: The sql_alchemy_conn option in [core] has been moved to the sql_alchemy_conn option in [database] - the old setting has been used, but please update your config.
[2025-08-08T02:42:39.494+0000] {task_command.py:426} INFO - Running <TaskInstance: climate_data.create_folder scheduled__2024-05-06T00:00:00+00:00 [running]> on host 1a6f5acf67f4
[2025-08-08T02:42:39.582+0000] {taskinstance.py:2648} INFO - Exporting env vars: AIRFLOW_CTX_DAG_OWNER='***' AIRFLOW_CTX_DAG_ID='climate_data' AIRFLOW_CTX_TASK_ID='create_folder' AIRFLOW_CTX_EXECUTION_DATE='2024-05-06T00:00:00+00:00' AIRFLOW_CTX_TRY_NUMBER='1' AIRFLOW_CTX_DAG_RUN_ID='scheduled__2024-05-06T00:00:00+00:00'
[2025-08-08T02:42:39.583+0000] {taskinstance.py:430} INFO - ::endgroup::
[2025-08-08T02:42:39.595+0000] {subprocess.py:63} INFO - Tmp dir root location: /tmp
[2025-08-08T02:42:39.597+0000] {subprocess.py:75} INFO - Running command: ['/usr/bin/bash', '-c', 'mkdir -p "/home/***/host_documents/week2024-05-13"']
[2025-08-08T02:42:39.606+0000] {subprocess.py:86} INFO - Output:
[2025-08-08T02:42:39.610+0000] {subprocess.py:97} INFO - Command exited with return code 0
[2025-08-08T02:42:39.611+0000] {taskinstance.py:441} INFO - ::group::Post task execution logs
[2025-08-08T02:42:39.632+0000] {taskinstance.py:1206} INFO - Marking task as SUCCESS. dag_id=climate_data, task_id=create_folder, run_id=scheduled__2024-05-06T00:00:00+00:00, execution_date=20240506T000000, start_date=20250808T024239, end_date=20250808T024239
[2025-08-08T02:42:39.680+0000] {local_task_job_runner.py:240} INFO - Task exited with return code 0
[2025-08-08T02:42:39.703+0000] {taskinstance.py:3498} INFO - 1 downstream tasks scheduled from follow-on schedule check
[2025-08-08T02:42:39.706+0000] {local_task_job_runner.py:222} INFO - ::endgroup::
