[2025-08-08T02:26:34.990+0000] {local_task_job_runner.py:120} INFO - ::group::Pre task execution logs
[2025-08-08T02:26:35.013+0000] {taskinstance.py:2076} INFO - Dependencies all met for dep_context=non-requeueable deps ti=<TaskInstance: climate_data.create_folder scheduled__2023-06-26T00:00:00+00:00 [queued]>
[2025-08-08T02:26:35.020+0000] {taskinstance.py:2076} INFO - Dependencies all met for dep_context=requeueable deps ti=<TaskInstance: climate_data.create_folder scheduled__2023-06-26T00:00:00+00:00 [queued]>
[2025-08-08T02:26:35.021+0000] {taskinstance.py:2306} INFO - Starting attempt 1 of 1
[2025-08-08T02:26:35.056+0000] {taskinstance.py:2330} INFO - Executing <Task(BashOperator): create_folder> on 2023-06-26 00:00:00+00:00
[2025-08-08T02:26:35.061+0000] {standard_task_runner.py:63} INFO - Started process 401 to run task
[2025-08-08T02:26:35.063+0000] {standard_task_runner.py:90} INFO - Running: ['***', 'tasks', 'run', 'climate_data', 'create_folder', 'scheduled__2023-06-26T00:00:00+00:00', '--job-id', '73', '--raw', '--subdir', 'DAGS_FOLDER/climate_data.py', '--cfg-path', '/tmp/tmpiz60arfn']
[2025-08-08T02:26:35.065+0000] {standard_task_runner.py:91} INFO - Job 73: Subtask create_folder
[2025-08-08T02:26:35.079+0000] {logging_mixin.py:188} WARNING - /home/***/.local/lib/python3.9/site-packages/***/settings.py:195 DeprecationWarning: The sql_alchemy_conn option in [core] has been moved to the sql_alchemy_conn option in [database] - the old setting has been used, but please update your config.
[2025-08-08T02:26:35.137+0000] {task_command.py:426} INFO - Running <TaskInstance: climate_data.create_folder scheduled__2023-06-26T00:00:00+00:00 [running]> on host 3ceab82043f1
[2025-08-08T02:26:35.241+0000] {taskinstance.py:2648} INFO - Exporting env vars: AIRFLOW_CTX_DAG_OWNER='***' AIRFLOW_CTX_DAG_ID='climate_data' AIRFLOW_CTX_TASK_ID='create_folder' AIRFLOW_CTX_EXECUTION_DATE='2023-06-26T00:00:00+00:00' AIRFLOW_CTX_TRY_NUMBER='1' AIRFLOW_CTX_DAG_RUN_ID='scheduled__2023-06-26T00:00:00+00:00'
[2025-08-08T02:26:35.243+0000] {taskinstance.py:430} INFO - ::endgroup::
[2025-08-08T02:26:35.254+0000] {subprocess.py:63} INFO - Tmp dir root location: /tmp
[2025-08-08T02:26:35.254+0000] {subprocess.py:75} INFO - Running command: ['/usr/bin/bash', '-c', 'mkdir -p /home/***/host_documents/week2023-07-03"']
[2025-08-08T02:26:35.265+0000] {subprocess.py:86} INFO - Output:
[2025-08-08T02:26:35.267+0000] {subprocess.py:93} INFO - /usr/bin/bash: -c: line 1: unexpected EOF while looking for matching `"'
[2025-08-08T02:26:35.267+0000] {subprocess.py:97} INFO - Command exited with return code 2
[2025-08-08T02:26:35.268+0000] {taskinstance.py:441} INFO - ::group::Post task execution logs
[2025-08-08T02:26:35.279+0000] {taskinstance.py:2905} ERROR - Task failed with exception
Traceback (most recent call last):
  File "/home/airflow/.local/lib/python3.9/site-packages/airflow/models/taskinstance.py", line 465, in _execute_task
    result = _execute_callable(context=context, **execute_callable_kwargs)
  File "/home/airflow/.local/lib/python3.9/site-packages/airflow/models/taskinstance.py", line 432, in _execute_callable
    return execute_callable(context=context, **execute_callable_kwargs)
  File "/home/airflow/.local/lib/python3.9/site-packages/airflow/models/baseoperator.py", line 400, in wrapper
    return func(self, *args, **kwargs)
  File "/home/airflow/.local/lib/python3.9/site-packages/airflow/operators/bash.py", line 243, in execute
    raise AirflowException(
airflow.exceptions.AirflowException: Bash command failed. The command returned a non-zero exit code 2.
[2025-08-08T02:26:35.282+0000] {taskinstance.py:1206} INFO - Marking task as FAILED. dag_id=climate_data, task_id=create_folder, run_id=scheduled__2023-06-26T00:00:00+00:00, execution_date=20230626T000000, start_date=20250808T022635, end_date=20250808T022635
[2025-08-08T02:26:35.293+0000] {standard_task_runner.py:110} ERROR - Failed to execute job 73 for task create_folder (Bash command failed. The command returned a non-zero exit code 2.; 401)
[2025-08-08T02:26:35.318+0000] {local_task_job_runner.py:240} INFO - Task exited with return code 1
[2025-08-08T02:26:35.339+0000] {taskinstance.py:3498} INFO - 0 downstream tasks scheduled from follow-on schedule check
[2025-08-08T02:26:35.343+0000] {local_task_job_runner.py:222} INFO - ::endgroup::
[2025-08-08T02:34:48.937+0000] {local_task_job_runner.py:120} INFO - ::group::Pre task execution logs
[2025-08-08T02:34:48.955+0000] {taskinstance.py:2076} INFO - Dependencies all met for dep_context=non-requeueable deps ti=<TaskInstance: climate_data.create_folder scheduled__2023-06-26T00:00:00+00:00 [queued]>
[2025-08-08T02:34:48.960+0000] {taskinstance.py:2076} INFO - Dependencies all met for dep_context=requeueable deps ti=<TaskInstance: climate_data.create_folder scheduled__2023-06-26T00:00:00+00:00 [queued]>
[2025-08-08T02:34:48.961+0000] {taskinstance.py:2306} INFO - Starting attempt 1 of 1
[2025-08-08T02:34:48.970+0000] {taskinstance.py:2330} INFO - Executing <Task(BashOperator): create_folder> on 2023-06-26 00:00:00+00:00
[2025-08-08T02:34:48.973+0000] {standard_task_runner.py:63} INFO - Started process 421 to run task
[2025-08-08T02:34:48.976+0000] {standard_task_runner.py:90} INFO - Running: ['***', 'tasks', 'run', 'climate_data', 'create_folder', 'scheduled__2023-06-26T00:00:00+00:00', '--job-id', '228', '--raw', '--subdir', 'DAGS_FOLDER/climate_data.py', '--cfg-path', '/tmp/tmpvpaj23tx']
[2025-08-08T02:34:48.977+0000] {standard_task_runner.py:91} INFO - Job 228: Subtask create_folder
[2025-08-08T02:34:48.988+0000] {logging_mixin.py:188} WARNING - /home/***/.local/lib/python3.9/site-packages/***/settings.py:195 DeprecationWarning: The sql_alchemy_conn option in [core] has been moved to the sql_alchemy_conn option in [database] - the old setting has been used, but please update your config.
[2025-08-08T02:34:49.022+0000] {task_command.py:426} INFO - Running <TaskInstance: climate_data.create_folder scheduled__2023-06-26T00:00:00+00:00 [running]> on host 1a6f5acf67f4
[2025-08-08T02:34:49.077+0000] {taskinstance.py:2648} INFO - Exporting env vars: AIRFLOW_CTX_DAG_OWNER='***' AIRFLOW_CTX_DAG_ID='climate_data' AIRFLOW_CTX_TASK_ID='create_folder' AIRFLOW_CTX_EXECUTION_DATE='2023-06-26T00:00:00+00:00' AIRFLOW_CTX_TRY_NUMBER='1' AIRFLOW_CTX_DAG_RUN_ID='scheduled__2023-06-26T00:00:00+00:00'
[2025-08-08T02:34:49.077+0000] {taskinstance.py:430} INFO - ::endgroup::
[2025-08-08T02:34:49.085+0000] {subprocess.py:63} INFO - Tmp dir root location: /tmp
[2025-08-08T02:34:49.085+0000] {subprocess.py:75} INFO - Running command: ['/usr/bin/bash', '-c', 'mkdir -p /home/***/host_documents/week2023-07-03"']
[2025-08-08T02:34:49.094+0000] {subprocess.py:86} INFO - Output:
[2025-08-08T02:34:49.095+0000] {subprocess.py:93} INFO - /usr/bin/bash: -c: line 1: unexpected EOF while looking for matching `"'
[2025-08-08T02:34:49.095+0000] {subprocess.py:97} INFO - Command exited with return code 2
[2025-08-08T02:34:49.095+0000] {taskinstance.py:441} INFO - ::group::Post task execution logs
[2025-08-08T02:34:49.102+0000] {taskinstance.py:2905} ERROR - Task failed with exception
Traceback (most recent call last):
  File "/home/airflow/.local/lib/python3.9/site-packages/airflow/models/taskinstance.py", line 465, in _execute_task
    result = _execute_callable(context=context, **execute_callable_kwargs)
  File "/home/airflow/.local/lib/python3.9/site-packages/airflow/models/taskinstance.py", line 432, in _execute_callable
    return execute_callable(context=context, **execute_callable_kwargs)
  File "/home/airflow/.local/lib/python3.9/site-packages/airflow/models/baseoperator.py", line 400, in wrapper
    return func(self, *args, **kwargs)
  File "/home/airflow/.local/lib/python3.9/site-packages/airflow/operators/bash.py", line 243, in execute
    raise AirflowException(
airflow.exceptions.AirflowException: Bash command failed. The command returned a non-zero exit code 2.
[2025-08-08T02:34:49.104+0000] {taskinstance.py:1206} INFO - Marking task as FAILED. dag_id=climate_data, task_id=create_folder, run_id=scheduled__2023-06-26T00:00:00+00:00, execution_date=20230626T000000, start_date=20250808T023448, end_date=20250808T023449
[2025-08-08T02:34:49.111+0000] {standard_task_runner.py:110} ERROR - Failed to execute job 228 for task create_folder (Bash command failed. The command returned a non-zero exit code 2.; 421)
[2025-08-08T02:34:49.148+0000] {local_task_job_runner.py:240} INFO - Task exited with return code 1
[2025-08-08T02:34:49.163+0000] {taskinstance.py:3498} INFO - 0 downstream tasks scheduled from follow-on schedule check
[2025-08-08T02:34:49.166+0000] {local_task_job_runner.py:222} INFO - ::endgroup::
[2025-08-08T02:39:24.762+0000] {local_task_job_runner.py:120} INFO - ::group::Pre task execution logs
[2025-08-08T02:39:24.786+0000] {taskinstance.py:2076} INFO - Dependencies all met for dep_context=non-requeueable deps ti=<TaskInstance: climate_data.create_folder scheduled__2023-06-26T00:00:00+00:00 [queued]>
[2025-08-08T02:39:24.795+0000] {taskinstance.py:2076} INFO - Dependencies all met for dep_context=requeueable deps ti=<TaskInstance: climate_data.create_folder scheduled__2023-06-26T00:00:00+00:00 [queued]>
[2025-08-08T02:39:24.796+0000] {taskinstance.py:2306} INFO - Starting attempt 1 of 1
[2025-08-08T02:39:24.811+0000] {taskinstance.py:2330} INFO - Executing <Task(BashOperator): create_folder> on 2023-06-26 00:00:00+00:00
[2025-08-08T02:39:24.817+0000] {standard_task_runner.py:63} INFO - Started process 1319 to run task
[2025-08-08T02:39:24.821+0000] {standard_task_runner.py:90} INFO - Running: ['***', 'tasks', 'run', 'climate_data', 'create_folder', 'scheduled__2023-06-26T00:00:00+00:00', '--job-id', '422', '--raw', '--subdir', 'DAGS_FOLDER/climate_data.py', '--cfg-path', '/tmp/tmpy3ea0_f7']
[2025-08-08T02:39:24.825+0000] {standard_task_runner.py:91} INFO - Job 422: Subtask create_folder
[2025-08-08T02:39:24.841+0000] {logging_mixin.py:188} WARNING - /home/***/.local/lib/python3.9/site-packages/***/settings.py:195 DeprecationWarning: The sql_alchemy_conn option in [core] has been moved to the sql_alchemy_conn option in [database] - the old setting has been used, but please update your config.
[2025-08-08T02:39:24.897+0000] {task_command.py:426} INFO - Running <TaskInstance: climate_data.create_folder scheduled__2023-06-26T00:00:00+00:00 [running]> on host 1a6f5acf67f4
[2025-08-08T02:39:24.979+0000] {taskinstance.py:2648} INFO - Exporting env vars: AIRFLOW_CTX_DAG_OWNER='***' AIRFLOW_CTX_DAG_ID='climate_data' AIRFLOW_CTX_TASK_ID='create_folder' AIRFLOW_CTX_EXECUTION_DATE='2023-06-26T00:00:00+00:00' AIRFLOW_CTX_TRY_NUMBER='1' AIRFLOW_CTX_DAG_RUN_ID='scheduled__2023-06-26T00:00:00+00:00'
[2025-08-08T02:39:24.980+0000] {taskinstance.py:430} INFO - ::endgroup::
[2025-08-08T02:39:24.989+0000] {subprocess.py:63} INFO - Tmp dir root location: /tmp
[2025-08-08T02:39:24.990+0000] {subprocess.py:75} INFO - Running command: ['/usr/bin/bash', '-c', 'mkdir -p /home/***/host_documents/week2023-07-03']
[2025-08-08T02:39:24.999+0000] {subprocess.py:86} INFO - Output:
[2025-08-08T02:39:25.004+0000] {subprocess.py:97} INFO - Command exited with return code 0
[2025-08-08T02:39:25.005+0000] {taskinstance.py:441} INFO - ::group::Post task execution logs
[2025-08-08T02:39:25.027+0000] {taskinstance.py:1206} INFO - Marking task as SUCCESS. dag_id=climate_data, task_id=create_folder, run_id=scheduled__2023-06-26T00:00:00+00:00, execution_date=20230626T000000, start_date=20250808T023924, end_date=20250808T023925
[2025-08-08T02:39:25.114+0000] {local_task_job_runner.py:240} INFO - Task exited with return code 0
[2025-08-08T02:39:25.123+0000] {local_task_job_runner.py:222} INFO - ::endgroup::
[2025-08-08T02:42:22.617+0000] {local_task_job_runner.py:120} INFO - ::group::Pre task execution logs
[2025-08-08T02:42:22.639+0000] {taskinstance.py:2076} INFO - Dependencies all met for dep_context=non-requeueable deps ti=<TaskInstance: climate_data.create_folder scheduled__2023-06-26T00:00:00+00:00 [queued]>
[2025-08-08T02:42:22.646+0000] {taskinstance.py:2076} INFO - Dependencies all met for dep_context=requeueable deps ti=<TaskInstance: climate_data.create_folder scheduled__2023-06-26T00:00:00+00:00 [queued]>
[2025-08-08T02:42:22.647+0000] {taskinstance.py:2306} INFO - Starting attempt 1 of 1
[2025-08-08T02:42:22.658+0000] {taskinstance.py:2330} INFO - Executing <Task(BashOperator): create_folder> on 2023-06-26 00:00:00+00:00
[2025-08-08T02:42:22.661+0000] {standard_task_runner.py:63} INFO - Started process 2489 to run task
[2025-08-08T02:42:22.664+0000] {standard_task_runner.py:90} INFO - Running: ['***', 'tasks', 'run', 'climate_data', 'create_folder', 'scheduled__2023-06-26T00:00:00+00:00', '--job-id', '729', '--raw', '--subdir', 'DAGS_FOLDER/climate_data.py', '--cfg-path', '/tmp/tmp9juzubjx']
[2025-08-08T02:42:22.667+0000] {standard_task_runner.py:91} INFO - Job 729: Subtask create_folder
[2025-08-08T02:42:22.683+0000] {logging_mixin.py:188} WARNING - /home/***/.local/lib/python3.9/site-packages/***/settings.py:195 DeprecationWarning: The sql_alchemy_conn option in [core] has been moved to the sql_alchemy_conn option in [database] - the old setting has been used, but please update your config.
[2025-08-08T02:42:22.736+0000] {task_command.py:426} INFO - Running <TaskInstance: climate_data.create_folder scheduled__2023-06-26T00:00:00+00:00 [running]> on host 1a6f5acf67f4
[2025-08-08T02:42:22.821+0000] {taskinstance.py:2648} INFO - Exporting env vars: AIRFLOW_CTX_DAG_OWNER='***' AIRFLOW_CTX_DAG_ID='climate_data' AIRFLOW_CTX_TASK_ID='create_folder' AIRFLOW_CTX_EXECUTION_DATE='2023-06-26T00:00:00+00:00' AIRFLOW_CTX_TRY_NUMBER='1' AIRFLOW_CTX_DAG_RUN_ID='scheduled__2023-06-26T00:00:00+00:00'
[2025-08-08T02:42:22.822+0000] {taskinstance.py:430} INFO - ::endgroup::
[2025-08-08T02:42:22.833+0000] {subprocess.py:63} INFO - Tmp dir root location: /tmp
[2025-08-08T02:42:22.835+0000] {subprocess.py:75} INFO - Running command: ['/usr/bin/bash', '-c', 'mkdir -p "/home/***/host_documents/week2023-07-03"']
[2025-08-08T02:42:22.846+0000] {subprocess.py:86} INFO - Output:
[2025-08-08T02:42:22.850+0000] {subprocess.py:97} INFO - Command exited with return code 0
[2025-08-08T02:42:22.851+0000] {taskinstance.py:441} INFO - ::group::Post task execution logs
[2025-08-08T02:42:22.876+0000] {taskinstance.py:1206} INFO - Marking task as SUCCESS. dag_id=climate_data, task_id=create_folder, run_id=scheduled__2023-06-26T00:00:00+00:00, execution_date=20230626T000000, start_date=20250808T024222, end_date=20250808T024222
[2025-08-08T02:42:22.961+0000] {local_task_job_runner.py:240} INFO - Task exited with return code 0
[2025-08-08T02:42:22.984+0000] {taskinstance.py:3498} INFO - 1 downstream tasks scheduled from follow-on schedule check
[2025-08-08T02:42:22.987+0000] {local_task_job_runner.py:222} INFO - ::endgroup::
