[2025-08-08T02:26:35.298+0000] {local_task_job_runner.py:120} INFO - ::group::Pre task execution logs
[2025-08-08T02:26:35.323+0000] {taskinstance.py:2076} INFO - Dependencies all met for dep_context=non-requeueable deps ti=<TaskInstance: climate_data.create_folder scheduled__2023-07-24T00:00:00+00:00 [queued]>
[2025-08-08T02:26:35.332+0000] {taskinstance.py:2076} INFO - Dependencies all met for dep_context=requeueable deps ti=<TaskInstance: climate_data.create_folder scheduled__2023-07-24T00:00:00+00:00 [queued]>
[2025-08-08T02:26:35.332+0000] {taskinstance.py:2306} INFO - Starting attempt 1 of 1
[2025-08-08T02:26:35.413+0000] {taskinstance.py:2330} INFO - Executing <Task(BashOperator): create_folder> on 2023-07-24 00:00:00+00:00
[2025-08-08T02:26:35.418+0000] {standard_task_runner.py:63} INFO - Started process 414 to run task
[2025-08-08T02:26:35.421+0000] {standard_task_runner.py:90} INFO - Running: ['***', 'tasks', 'run', 'climate_data', 'create_folder', 'scheduled__2023-07-24T00:00:00+00:00', '--job-id', '77', '--raw', '--subdir', 'DAGS_FOLDER/climate_data.py', '--cfg-path', '/tmp/tmpvffdkt45']
[2025-08-08T02:26:35.423+0000] {standard_task_runner.py:91} INFO - Job 77: Subtask create_folder
[2025-08-08T02:26:35.438+0000] {logging_mixin.py:188} WARNING - /home/***/.local/lib/python3.9/site-packages/***/settings.py:195 DeprecationWarning: The sql_alchemy_conn option in [core] has been moved to the sql_alchemy_conn option in [database] - the old setting has been used, but please update your config.
[2025-08-08T02:26:35.487+0000] {task_command.py:426} INFO - Running <TaskInstance: climate_data.create_folder scheduled__2023-07-24T00:00:00+00:00 [running]> on host 3ceab82043f1
[2025-08-08T02:26:35.564+0000] {taskinstance.py:2648} INFO - Exporting env vars: AIRFLOW_CTX_DAG_OWNER='***' AIRFLOW_CTX_DAG_ID='climate_data' AIRFLOW_CTX_TASK_ID='create_folder' AIRFLOW_CTX_EXECUTION_DATE='2023-07-24T00:00:00+00:00' AIRFLOW_CTX_TRY_NUMBER='1' AIRFLOW_CTX_DAG_RUN_ID='scheduled__2023-07-24T00:00:00+00:00'
[2025-08-08T02:26:35.566+0000] {taskinstance.py:430} INFO - ::endgroup::
[2025-08-08T02:26:35.576+0000] {subprocess.py:63} INFO - Tmp dir root location: /tmp
[2025-08-08T02:26:35.578+0000] {subprocess.py:75} INFO - Running command: ['/usr/bin/bash', '-c', 'mkdir -p /home/***/host_documents/week2023-07-31"']
[2025-08-08T02:26:35.587+0000] {subprocess.py:86} INFO - Output:
[2025-08-08T02:26:35.588+0000] {subprocess.py:93} INFO - /usr/bin/bash: -c: line 1: unexpected EOF while looking for matching `"'
[2025-08-08T02:26:35.588+0000] {subprocess.py:97} INFO - Command exited with return code 2
[2025-08-08T02:26:35.589+0000] {taskinstance.py:441} INFO - ::group::Post task execution logs
[2025-08-08T02:26:35.600+0000] {taskinstance.py:2905} ERROR - Task failed with exception
Traceback (most recent call last):
  File "/home/airflow/.local/lib/python3.9/site-packages/airflow/models/taskinstance.py", line 465, in _execute_task
    result = _execute_callable(context=context, **execute_callable_kwargs)
  File "/home/airflow/.local/lib/python3.9/site-packages/airflow/models/taskinstance.py", line 432, in _execute_callable
    return execute_callable(context=context, **execute_callable_kwargs)
  File "/home/airflow/.local/lib/python3.9/site-packages/airflow/models/baseoperator.py", line 400, in wrapper
    return func(self, *args, **kwargs)
  File "/home/airflow/.local/lib/python3.9/site-packages/airflow/operators/bash.py", line 243, in execute
    raise AirflowException(
airflow.exceptions.AirflowException: Bash command failed. The command returned a non-zero exit code 2.
[2025-08-08T02:26:35.603+0000] {taskinstance.py:1206} INFO - Marking task as FAILED. dag_id=climate_data, task_id=create_folder, run_id=scheduled__2023-07-24T00:00:00+00:00, execution_date=20230724T000000, start_date=20250808T022635, end_date=20250808T022635
[2025-08-08T02:26:35.648+0000] {standard_task_runner.py:110} ERROR - Failed to execute job 77 for task create_folder (Bash command failed. The command returned a non-zero exit code 2.; 414)
[2025-08-08T02:26:35.673+0000] {local_task_job_runner.py:240} INFO - Task exited with return code 1
[2025-08-08T02:26:35.696+0000] {taskinstance.py:3498} INFO - 0 downstream tasks scheduled from follow-on schedule check
[2025-08-08T02:26:35.700+0000] {local_task_job_runner.py:222} INFO - ::endgroup::
[2025-08-08T02:34:52.326+0000] {local_task_job_runner.py:120} INFO - ::group::Pre task execution logs
[2025-08-08T02:34:52.348+0000] {taskinstance.py:2076} INFO - Dependencies all met for dep_context=non-requeueable deps ti=<TaskInstance: climate_data.create_folder scheduled__2023-07-24T00:00:00+00:00 [queued]>
[2025-08-08T02:34:52.356+0000] {taskinstance.py:2076} INFO - Dependencies all met for dep_context=requeueable deps ti=<TaskInstance: climate_data.create_folder scheduled__2023-07-24T00:00:00+00:00 [queued]>
[2025-08-08T02:34:52.357+0000] {taskinstance.py:2306} INFO - Starting attempt 1 of 1
[2025-08-08T02:34:52.409+0000] {taskinstance.py:2330} INFO - Executing <Task(BashOperator): create_folder> on 2023-07-24 00:00:00+00:00
[2025-08-08T02:34:52.414+0000] {standard_task_runner.py:63} INFO - Started process 445 to run task
[2025-08-08T02:34:52.416+0000] {standard_task_runner.py:90} INFO - Running: ['***', 'tasks', 'run', 'climate_data', 'create_folder', 'scheduled__2023-07-24T00:00:00+00:00', '--job-id', '232', '--raw', '--subdir', 'DAGS_FOLDER/climate_data.py', '--cfg-path', '/tmp/tmp83ul2xt7']
[2025-08-08T02:34:52.420+0000] {standard_task_runner.py:91} INFO - Job 232: Subtask create_folder
[2025-08-08T02:34:52.436+0000] {logging_mixin.py:188} WARNING - /home/***/.local/lib/python3.9/site-packages/***/settings.py:195 DeprecationWarning: The sql_alchemy_conn option in [core] has been moved to the sql_alchemy_conn option in [database] - the old setting has been used, but please update your config.
[2025-08-08T02:34:52.481+0000] {task_command.py:426} INFO - Running <TaskInstance: climate_data.create_folder scheduled__2023-07-24T00:00:00+00:00 [running]> on host 1a6f5acf67f4
[2025-08-08T02:34:52.551+0000] {taskinstance.py:2648} INFO - Exporting env vars: AIRFLOW_CTX_DAG_OWNER='***' AIRFLOW_CTX_DAG_ID='climate_data' AIRFLOW_CTX_TASK_ID='create_folder' AIRFLOW_CTX_EXECUTION_DATE='2023-07-24T00:00:00+00:00' AIRFLOW_CTX_TRY_NUMBER='1' AIRFLOW_CTX_DAG_RUN_ID='scheduled__2023-07-24T00:00:00+00:00'
[2025-08-08T02:34:52.552+0000] {taskinstance.py:430} INFO - ::endgroup::
[2025-08-08T02:34:52.561+0000] {subprocess.py:63} INFO - Tmp dir root location: /tmp
[2025-08-08T02:34:52.563+0000] {subprocess.py:75} INFO - Running command: ['/usr/bin/bash', '-c', 'mkdir -p /home/***/host_documents/week2023-07-31"']
[2025-08-08T02:34:52.573+0000] {subprocess.py:86} INFO - Output:
[2025-08-08T02:34:52.574+0000] {subprocess.py:93} INFO - /usr/bin/bash: -c: line 1: unexpected EOF while looking for matching `"'
[2025-08-08T02:34:52.575+0000] {subprocess.py:97} INFO - Command exited with return code 2
[2025-08-08T02:34:52.576+0000] {taskinstance.py:441} INFO - ::group::Post task execution logs
[2025-08-08T02:34:52.587+0000] {taskinstance.py:2905} ERROR - Task failed with exception
Traceback (most recent call last):
  File "/home/airflow/.local/lib/python3.9/site-packages/airflow/models/taskinstance.py", line 465, in _execute_task
    result = _execute_callable(context=context, **execute_callable_kwargs)
  File "/home/airflow/.local/lib/python3.9/site-packages/airflow/models/taskinstance.py", line 432, in _execute_callable
    return execute_callable(context=context, **execute_callable_kwargs)
  File "/home/airflow/.local/lib/python3.9/site-packages/airflow/models/baseoperator.py", line 400, in wrapper
    return func(self, *args, **kwargs)
  File "/home/airflow/.local/lib/python3.9/site-packages/airflow/operators/bash.py", line 243, in execute
    raise AirflowException(
airflow.exceptions.AirflowException: Bash command failed. The command returned a non-zero exit code 2.
[2025-08-08T02:34:52.590+0000] {taskinstance.py:1206} INFO - Marking task as FAILED. dag_id=climate_data, task_id=create_folder, run_id=scheduled__2023-07-24T00:00:00+00:00, execution_date=20230724T000000, start_date=20250808T023452, end_date=20250808T023452
[2025-08-08T02:34:52.640+0000] {standard_task_runner.py:110} ERROR - Failed to execute job 232 for task create_folder (Bash command failed. The command returned a non-zero exit code 2.; 445)
[2025-08-08T02:34:52.670+0000] {local_task_job_runner.py:240} INFO - Task exited with return code 1
[2025-08-08T02:34:52.679+0000] {local_task_job_runner.py:222} INFO - ::endgroup::
[2025-08-08T02:39:29.120+0000] {local_task_job_runner.py:120} INFO - ::group::Pre task execution logs
[2025-08-08T02:39:29.139+0000] {taskinstance.py:2076} INFO - Dependencies all met for dep_context=non-requeueable deps ti=<TaskInstance: climate_data.create_folder scheduled__2023-07-24T00:00:00+00:00 [queued]>
[2025-08-08T02:39:29.146+0000] {taskinstance.py:2076} INFO - Dependencies all met for dep_context=requeueable deps ti=<TaskInstance: climate_data.create_folder scheduled__2023-07-24T00:00:00+00:00 [queued]>
[2025-08-08T02:39:29.147+0000] {taskinstance.py:2306} INFO - Starting attempt 1 of 1
[2025-08-08T02:39:29.181+0000] {taskinstance.py:2330} INFO - Executing <Task(BashOperator): create_folder> on 2023-07-24 00:00:00+00:00
[2025-08-08T02:39:29.186+0000] {standard_task_runner.py:63} INFO - Started process 1376 to run task
[2025-08-08T02:39:29.188+0000] {standard_task_runner.py:90} INFO - Running: ['***', 'tasks', 'run', 'climate_data', 'create_folder', 'scheduled__2023-07-24T00:00:00+00:00', '--job-id', '436', '--raw', '--subdir', 'DAGS_FOLDER/climate_data.py', '--cfg-path', '/tmp/tmp6kuv7huc']
[2025-08-08T02:39:29.191+0000] {standard_task_runner.py:91} INFO - Job 436: Subtask create_folder
[2025-08-08T02:39:29.204+0000] {logging_mixin.py:188} WARNING - /home/***/.local/lib/python3.9/site-packages/***/settings.py:195 DeprecationWarning: The sql_alchemy_conn option in [core] has been moved to the sql_alchemy_conn option in [database] - the old setting has been used, but please update your config.
[2025-08-08T02:39:29.246+0000] {task_command.py:426} INFO - Running <TaskInstance: climate_data.create_folder scheduled__2023-07-24T00:00:00+00:00 [running]> on host 1a6f5acf67f4
[2025-08-08T02:39:29.310+0000] {taskinstance.py:2648} INFO - Exporting env vars: AIRFLOW_CTX_DAG_OWNER='***' AIRFLOW_CTX_DAG_ID='climate_data' AIRFLOW_CTX_TASK_ID='create_folder' AIRFLOW_CTX_EXECUTION_DATE='2023-07-24T00:00:00+00:00' AIRFLOW_CTX_TRY_NUMBER='1' AIRFLOW_CTX_DAG_RUN_ID='scheduled__2023-07-24T00:00:00+00:00'
[2025-08-08T02:39:29.312+0000] {taskinstance.py:430} INFO - ::endgroup::
[2025-08-08T02:39:29.322+0000] {subprocess.py:63} INFO - Tmp dir root location: /tmp
[2025-08-08T02:39:29.323+0000] {subprocess.py:75} INFO - Running command: ['/usr/bin/bash', '-c', 'mkdir -p /home/***/host_documents/week2023-07-31']
[2025-08-08T02:39:29.332+0000] {subprocess.py:86} INFO - Output:
[2025-08-08T02:39:29.336+0000] {subprocess.py:97} INFO - Command exited with return code 0
[2025-08-08T02:39:29.337+0000] {taskinstance.py:441} INFO - ::group::Post task execution logs
[2025-08-08T02:39:29.359+0000] {taskinstance.py:1206} INFO - Marking task as SUCCESS. dag_id=climate_data, task_id=create_folder, run_id=scheduled__2023-07-24T00:00:00+00:00, execution_date=20230724T000000, start_date=20250808T023929, end_date=20250808T023929
[2025-08-08T02:39:29.401+0000] {local_task_job_runner.py:240} INFO - Task exited with return code 0
[2025-08-08T02:39:29.409+0000] {local_task_job_runner.py:222} INFO - ::endgroup::
[2025-08-08T02:42:27.777+0000] {local_task_job_runner.py:120} INFO - ::group::Pre task execution logs
[2025-08-08T02:42:27.798+0000] {taskinstance.py:2076} INFO - Dependencies all met for dep_context=non-requeueable deps ti=<TaskInstance: climate_data.create_folder scheduled__2023-07-24T00:00:00+00:00 [queued]>
[2025-08-08T02:42:27.805+0000] {taskinstance.py:2076} INFO - Dependencies all met for dep_context=requeueable deps ti=<TaskInstance: climate_data.create_folder scheduled__2023-07-24T00:00:00+00:00 [queued]>
[2025-08-08T02:42:27.806+0000] {taskinstance.py:2306} INFO - Starting attempt 1 of 1
[2025-08-08T02:42:27.821+0000] {taskinstance.py:2330} INFO - Executing <Task(BashOperator): create_folder> on 2023-07-24 00:00:00+00:00
[2025-08-08T02:42:27.825+0000] {standard_task_runner.py:63} INFO - Started process 2546 to run task
[2025-08-08T02:42:27.828+0000] {standard_task_runner.py:90} INFO - Running: ['***', 'tasks', 'run', 'climate_data', 'create_folder', 'scheduled__2023-07-24T00:00:00+00:00', '--job-id', '744', '--raw', '--subdir', 'DAGS_FOLDER/climate_data.py', '--cfg-path', '/tmp/tmplatqshvy']
[2025-08-08T02:42:27.830+0000] {standard_task_runner.py:91} INFO - Job 744: Subtask create_folder
[2025-08-08T02:42:27.843+0000] {logging_mixin.py:188} WARNING - /home/***/.local/lib/python3.9/site-packages/***/settings.py:195 DeprecationWarning: The sql_alchemy_conn option in [core] has been moved to the sql_alchemy_conn option in [database] - the old setting has been used, but please update your config.
[2025-08-08T02:42:27.884+0000] {task_command.py:426} INFO - Running <TaskInstance: climate_data.create_folder scheduled__2023-07-24T00:00:00+00:00 [running]> on host 1a6f5acf67f4
[2025-08-08T02:42:27.947+0000] {taskinstance.py:2648} INFO - Exporting env vars: AIRFLOW_CTX_DAG_OWNER='***' AIRFLOW_CTX_DAG_ID='climate_data' AIRFLOW_CTX_TASK_ID='create_folder' AIRFLOW_CTX_EXECUTION_DATE='2023-07-24T00:00:00+00:00' AIRFLOW_CTX_TRY_NUMBER='1' AIRFLOW_CTX_DAG_RUN_ID='scheduled__2023-07-24T00:00:00+00:00'
[2025-08-08T02:42:27.948+0000] {taskinstance.py:430} INFO - ::endgroup::
[2025-08-08T02:42:27.956+0000] {subprocess.py:63} INFO - Tmp dir root location: /tmp
[2025-08-08T02:42:27.957+0000] {subprocess.py:75} INFO - Running command: ['/usr/bin/bash', '-c', 'mkdir -p "/home/***/host_documents/week2023-07-31"']
[2025-08-08T02:42:27.965+0000] {subprocess.py:86} INFO - Output:
[2025-08-08T02:42:27.969+0000] {subprocess.py:97} INFO - Command exited with return code 0
[2025-08-08T02:42:27.970+0000] {taskinstance.py:441} INFO - ::group::Post task execution logs
[2025-08-08T02:42:27.989+0000] {taskinstance.py:1206} INFO - Marking task as SUCCESS. dag_id=climate_data, task_id=create_folder, run_id=scheduled__2023-07-24T00:00:00+00:00, execution_date=20230724T000000, start_date=20250808T024227, end_date=20250808T024227
[2025-08-08T02:42:28.040+0000] {local_task_job_runner.py:240} INFO - Task exited with return code 0
[2025-08-08T02:42:28.049+0000] {local_task_job_runner.py:222} INFO - ::endgroup::
