[2025-08-08T02:26:19.103+0000] {local_task_job_runner.py:120} INFO - ::group::Pre task execution logs
[2025-08-08T02:26:19.124+0000] {taskinstance.py:2076} INFO - Dependencies all met for dep_context=non-requeueable deps ti=<TaskInstance: climate_data.create_folder scheduled__2022-08-22T00:00:00+00:00 [queued]>
[2025-08-08T02:26:19.131+0000] {taskinstance.py:2076} INFO - Dependencies all met for dep_context=requeueable deps ti=<TaskInstance: climate_data.create_folder scheduled__2022-08-22T00:00:00+00:00 [queued]>
[2025-08-08T02:26:19.132+0000] {taskinstance.py:2306} INFO - Starting attempt 1 of 1
[2025-08-08T02:26:19.182+0000] {taskinstance.py:2330} INFO - Executing <Task(BashOperator): create_folder> on 2022-08-22 00:00:00+00:00
[2025-08-08T02:26:19.186+0000] {standard_task_runner.py:63} INFO - Started process 227 to run task
[2025-08-08T02:26:19.189+0000] {standard_task_runner.py:90} INFO - Running: ['***', 'tasks', 'run', 'climate_data', 'create_folder', 'scheduled__2022-08-22T00:00:00+00:00', '--job-id', '29', '--raw', '--subdir', 'DAGS_FOLDER/climate_data.py', '--cfg-path', '/tmp/tmpuay51ojh']
[2025-08-08T02:26:19.191+0000] {standard_task_runner.py:91} INFO - Job 29: Subtask create_folder
[2025-08-08T02:26:19.205+0000] {logging_mixin.py:188} WARNING - /home/***/.local/lib/python3.9/site-packages/***/settings.py:195 DeprecationWarning: The sql_alchemy_conn option in [core] has been moved to the sql_alchemy_conn option in [database] - the old setting has been used, but please update your config.
[2025-08-08T02:26:19.251+0000] {task_command.py:426} INFO - Running <TaskInstance: climate_data.create_folder scheduled__2022-08-22T00:00:00+00:00 [running]> on host 3ceab82043f1
[2025-08-08T02:26:19.331+0000] {taskinstance.py:2648} INFO - Exporting env vars: AIRFLOW_CTX_DAG_OWNER='***' AIRFLOW_CTX_DAG_ID='climate_data' AIRFLOW_CTX_TASK_ID='create_folder' AIRFLOW_CTX_EXECUTION_DATE='2022-08-22T00:00:00+00:00' AIRFLOW_CTX_TRY_NUMBER='1' AIRFLOW_CTX_DAG_RUN_ID='scheduled__2022-08-22T00:00:00+00:00'
[2025-08-08T02:26:19.332+0000] {taskinstance.py:430} INFO - ::endgroup::
[2025-08-08T02:26:19.351+0000] {subprocess.py:63} INFO - Tmp dir root location: /tmp
[2025-08-08T02:26:19.352+0000] {subprocess.py:75} INFO - Running command: ['/usr/bin/bash', '-c', 'mkdir -p /home/***/host_documents/week2022-08-29"']
[2025-08-08T02:26:19.362+0000] {subprocess.py:86} INFO - Output:
[2025-08-08T02:26:19.364+0000] {subprocess.py:93} INFO - /usr/bin/bash: -c: line 1: unexpected EOF while looking for matching `"'
[2025-08-08T02:26:19.364+0000] {subprocess.py:97} INFO - Command exited with return code 2
[2025-08-08T02:26:19.365+0000] {taskinstance.py:441} INFO - ::group::Post task execution logs
[2025-08-08T02:26:19.375+0000] {taskinstance.py:2905} ERROR - Task failed with exception
Traceback (most recent call last):
  File "/home/airflow/.local/lib/python3.9/site-packages/airflow/models/taskinstance.py", line 465, in _execute_task
    result = _execute_callable(context=context, **execute_callable_kwargs)
  File "/home/airflow/.local/lib/python3.9/site-packages/airflow/models/taskinstance.py", line 432, in _execute_callable
    return execute_callable(context=context, **execute_callable_kwargs)
  File "/home/airflow/.local/lib/python3.9/site-packages/airflow/models/baseoperator.py", line 400, in wrapper
    return func(self, *args, **kwargs)
  File "/home/airflow/.local/lib/python3.9/site-packages/airflow/operators/bash.py", line 243, in execute
    raise AirflowException(
airflow.exceptions.AirflowException: Bash command failed. The command returned a non-zero exit code 2.
[2025-08-08T02:26:19.378+0000] {taskinstance.py:1206} INFO - Marking task as FAILED. dag_id=climate_data, task_id=create_folder, run_id=scheduled__2022-08-22T00:00:00+00:00, execution_date=20220822T000000, start_date=20250808T022619, end_date=20250808T022619
[2025-08-08T02:26:19.391+0000] {standard_task_runner.py:110} ERROR - Failed to execute job 29 for task create_folder (Bash command failed. The command returned a non-zero exit code 2.; 227)
[2025-08-08T02:26:19.403+0000] {local_task_job_runner.py:240} INFO - Task exited with return code 1
[2025-08-08T02:26:19.424+0000] {taskinstance.py:3498} INFO - 0 downstream tasks scheduled from follow-on schedule check
[2025-08-08T02:26:19.428+0000] {local_task_job_runner.py:222} INFO - ::endgroup::
[2025-08-08T02:34:37.611+0000] {local_task_job_runner.py:120} INFO - ::group::Pre task execution logs
[2025-08-08T02:34:37.634+0000] {taskinstance.py:2076} INFO - Dependencies all met for dep_context=non-requeueable deps ti=<TaskInstance: climate_data.create_folder scheduled__2022-08-22T00:00:00+00:00 [queued]>
[2025-08-08T02:34:37.642+0000] {taskinstance.py:2076} INFO - Dependencies all met for dep_context=requeueable deps ti=<TaskInstance: climate_data.create_folder scheduled__2022-08-22T00:00:00+00:00 [queued]>
[2025-08-08T02:34:37.643+0000] {taskinstance.py:2306} INFO - Starting attempt 1 of 1
[2025-08-08T02:34:37.683+0000] {taskinstance.py:2330} INFO - Executing <Task(BashOperator): create_folder> on 2022-08-22 00:00:00+00:00
[2025-08-08T02:34:37.687+0000] {standard_task_runner.py:63} INFO - Started process 258 to run task
[2025-08-08T02:34:37.690+0000] {standard_task_runner.py:90} INFO - Running: ['***', 'tasks', 'run', 'climate_data', 'create_folder', 'scheduled__2022-08-22T00:00:00+00:00', '--job-id', '184', '--raw', '--subdir', 'DAGS_FOLDER/climate_data.py', '--cfg-path', '/tmp/tmp2jjq2r_o']
[2025-08-08T02:34:37.692+0000] {standard_task_runner.py:91} INFO - Job 184: Subtask create_folder
[2025-08-08T02:34:37.709+0000] {logging_mixin.py:188} WARNING - /home/***/.local/lib/python3.9/site-packages/***/settings.py:195 DeprecationWarning: The sql_alchemy_conn option in [core] has been moved to the sql_alchemy_conn option in [database] - the old setting has been used, but please update your config.
[2025-08-08T02:34:37.762+0000] {task_command.py:426} INFO - Running <TaskInstance: climate_data.create_folder scheduled__2022-08-22T00:00:00+00:00 [running]> on host 1a6f5acf67f4
[2025-08-08T02:34:37.843+0000] {taskinstance.py:2648} INFO - Exporting env vars: AIRFLOW_CTX_DAG_OWNER='***' AIRFLOW_CTX_DAG_ID='climate_data' AIRFLOW_CTX_TASK_ID='create_folder' AIRFLOW_CTX_EXECUTION_DATE='2022-08-22T00:00:00+00:00' AIRFLOW_CTX_TRY_NUMBER='1' AIRFLOW_CTX_DAG_RUN_ID='scheduled__2022-08-22T00:00:00+00:00'
[2025-08-08T02:34:37.845+0000] {taskinstance.py:430} INFO - ::endgroup::
[2025-08-08T02:34:37.860+0000] {subprocess.py:63} INFO - Tmp dir root location: /tmp
[2025-08-08T02:34:37.862+0000] {subprocess.py:75} INFO - Running command: ['/usr/bin/bash', '-c', 'mkdir -p /home/***/host_documents/week2022-08-29"']
[2025-08-08T02:34:37.870+0000] {subprocess.py:86} INFO - Output:
[2025-08-08T02:34:37.871+0000] {subprocess.py:93} INFO - /usr/bin/bash: -c: line 1: unexpected EOF while looking for matching `"'
[2025-08-08T02:34:37.871+0000] {subprocess.py:97} INFO - Command exited with return code 2
[2025-08-08T02:34:37.872+0000] {taskinstance.py:441} INFO - ::group::Post task execution logs
[2025-08-08T02:34:37.881+0000] {taskinstance.py:2905} ERROR - Task failed with exception
Traceback (most recent call last):
  File "/home/airflow/.local/lib/python3.9/site-packages/airflow/models/taskinstance.py", line 465, in _execute_task
    result = _execute_callable(context=context, **execute_callable_kwargs)
  File "/home/airflow/.local/lib/python3.9/site-packages/airflow/models/taskinstance.py", line 432, in _execute_callable
    return execute_callable(context=context, **execute_callable_kwargs)
  File "/home/airflow/.local/lib/python3.9/site-packages/airflow/models/baseoperator.py", line 400, in wrapper
    return func(self, *args, **kwargs)
  File "/home/airflow/.local/lib/python3.9/site-packages/airflow/operators/bash.py", line 243, in execute
    raise AirflowException(
airflow.exceptions.AirflowException: Bash command failed. The command returned a non-zero exit code 2.
[2025-08-08T02:34:37.884+0000] {taskinstance.py:1206} INFO - Marking task as FAILED. dag_id=climate_data, task_id=create_folder, run_id=scheduled__2022-08-22T00:00:00+00:00, execution_date=20220822T000000, start_date=20250808T023437, end_date=20250808T023437
[2025-08-08T02:34:37.896+0000] {standard_task_runner.py:110} ERROR - Failed to execute job 184 for task create_folder (Bash command failed. The command returned a non-zero exit code 2.; 258)
[2025-08-08T02:34:37.904+0000] {local_task_job_runner.py:240} INFO - Task exited with return code 1
[2025-08-08T02:34:37.921+0000] {taskinstance.py:3498} INFO - 0 downstream tasks scheduled from follow-on schedule check
[2025-08-08T02:34:37.926+0000] {local_task_job_runner.py:222} INFO - ::endgroup::
[2025-08-08T02:39:13.117+0000] {local_task_job_runner.py:120} INFO - ::group::Pre task execution logs
[2025-08-08T02:39:13.137+0000] {taskinstance.py:2076} INFO - Dependencies all met for dep_context=non-requeueable deps ti=<TaskInstance: climate_data.create_folder scheduled__2022-08-22T00:00:00+00:00 [queued]>
[2025-08-08T02:39:13.144+0000] {taskinstance.py:2076} INFO - Dependencies all met for dep_context=requeueable deps ti=<TaskInstance: climate_data.create_folder scheduled__2022-08-22T00:00:00+00:00 [queued]>
[2025-08-08T02:39:13.144+0000] {taskinstance.py:2306} INFO - Starting attempt 1 of 1
[2025-08-08T02:39:13.155+0000] {taskinstance.py:2330} INFO - Executing <Task(BashOperator): create_folder> on 2022-08-22 00:00:00+00:00
[2025-08-08T02:39:13.159+0000] {standard_task_runner.py:63} INFO - Started process 1031 to run task
[2025-08-08T02:39:13.162+0000] {standard_task_runner.py:90} INFO - Running: ['***', 'tasks', 'run', 'climate_data', 'create_folder', 'scheduled__2022-08-22T00:00:00+00:00', '--job-id', '340', '--raw', '--subdir', 'DAGS_FOLDER/climate_data.py', '--cfg-path', '/tmp/tmp8u8vs_z_']
[2025-08-08T02:39:13.164+0000] {standard_task_runner.py:91} INFO - Job 340: Subtask create_folder
[2025-08-08T02:39:13.181+0000] {logging_mixin.py:188} WARNING - /home/***/.local/lib/python3.9/site-packages/***/settings.py:195 DeprecationWarning: The sql_alchemy_conn option in [core] has been moved to the sql_alchemy_conn option in [database] - the old setting has been used, but please update your config.
[2025-08-08T02:39:13.230+0000] {task_command.py:426} INFO - Running <TaskInstance: climate_data.create_folder scheduled__2022-08-22T00:00:00+00:00 [running]> on host 1a6f5acf67f4
[2025-08-08T02:39:13.303+0000] {taskinstance.py:2648} INFO - Exporting env vars: AIRFLOW_CTX_DAG_OWNER='***' AIRFLOW_CTX_DAG_ID='climate_data' AIRFLOW_CTX_TASK_ID='create_folder' AIRFLOW_CTX_EXECUTION_DATE='2022-08-22T00:00:00+00:00' AIRFLOW_CTX_TRY_NUMBER='1' AIRFLOW_CTX_DAG_RUN_ID='scheduled__2022-08-22T00:00:00+00:00'
[2025-08-08T02:39:13.304+0000] {taskinstance.py:430} INFO - ::endgroup::
[2025-08-08T02:39:13.313+0000] {subprocess.py:63} INFO - Tmp dir root location: /tmp
[2025-08-08T02:39:13.314+0000] {subprocess.py:75} INFO - Running command: ['/usr/bin/bash', '-c', 'mkdir -p /home/***/host_documents/week2022-08-29']
[2025-08-08T02:39:13.324+0000] {subprocess.py:86} INFO - Output:
[2025-08-08T02:39:13.333+0000] {subprocess.py:97} INFO - Command exited with return code 0
[2025-08-08T02:39:13.334+0000] {taskinstance.py:441} INFO - ::group::Post task execution logs
[2025-08-08T02:39:13.356+0000] {taskinstance.py:1206} INFO - Marking task as SUCCESS. dag_id=climate_data, task_id=create_folder, run_id=scheduled__2022-08-22T00:00:00+00:00, execution_date=20220822T000000, start_date=20250808T023913, end_date=20250808T023913
[2025-08-08T02:39:13.455+0000] {local_task_job_runner.py:240} INFO - Task exited with return code 0
[2025-08-08T02:39:13.464+0000] {local_task_job_runner.py:222} INFO - ::endgroup::
[2025-08-08T02:42:11.626+0000] {local_task_job_runner.py:120} INFO - ::group::Pre task execution logs
[2025-08-08T02:42:11.646+0000] {taskinstance.py:2076} INFO - Dependencies all met for dep_context=non-requeueable deps ti=<TaskInstance: climate_data.create_folder scheduled__2022-08-22T00:00:00+00:00 [queued]>
[2025-08-08T02:42:11.654+0000] {taskinstance.py:2076} INFO - Dependencies all met for dep_context=requeueable deps ti=<TaskInstance: climate_data.create_folder scheduled__2022-08-22T00:00:00+00:00 [queued]>
[2025-08-08T02:42:11.655+0000] {taskinstance.py:2306} INFO - Starting attempt 1 of 1
[2025-08-08T02:42:11.666+0000] {taskinstance.py:2330} INFO - Executing <Task(BashOperator): create_folder> on 2022-08-22 00:00:00+00:00
[2025-08-08T02:42:11.670+0000] {standard_task_runner.py:63} INFO - Started process 2205 to run task
[2025-08-08T02:42:11.673+0000] {standard_task_runner.py:90} INFO - Running: ['***', 'tasks', 'run', 'climate_data', 'create_folder', 'scheduled__2022-08-22T00:00:00+00:00', '--job-id', '648', '--raw', '--subdir', 'DAGS_FOLDER/climate_data.py', '--cfg-path', '/tmp/tmpc7sv2884']
[2025-08-08T02:42:11.675+0000] {standard_task_runner.py:91} INFO - Job 648: Subtask create_folder
[2025-08-08T02:42:11.688+0000] {logging_mixin.py:188} WARNING - /home/***/.local/lib/python3.9/site-packages/***/settings.py:195 DeprecationWarning: The sql_alchemy_conn option in [core] has been moved to the sql_alchemy_conn option in [database] - the old setting has been used, but please update your config.
[2025-08-08T02:42:11.732+0000] {task_command.py:426} INFO - Running <TaskInstance: climate_data.create_folder scheduled__2022-08-22T00:00:00+00:00 [running]> on host 1a6f5acf67f4
[2025-08-08T02:42:11.978+0000] {taskinstance.py:2648} INFO - Exporting env vars: AIRFLOW_CTX_DAG_OWNER='***' AIRFLOW_CTX_DAG_ID='climate_data' AIRFLOW_CTX_TASK_ID='create_folder' AIRFLOW_CTX_EXECUTION_DATE='2022-08-22T00:00:00+00:00' AIRFLOW_CTX_TRY_NUMBER='1' AIRFLOW_CTX_DAG_RUN_ID='scheduled__2022-08-22T00:00:00+00:00'
[2025-08-08T02:42:11.979+0000] {taskinstance.py:430} INFO - ::endgroup::
[2025-08-08T02:42:11.987+0000] {subprocess.py:63} INFO - Tmp dir root location: /tmp
[2025-08-08T02:42:11.988+0000] {subprocess.py:75} INFO - Running command: ['/usr/bin/bash', '-c', 'mkdir -p "/home/***/host_documents/week2022-08-29"']
[2025-08-08T02:42:11.996+0000] {subprocess.py:86} INFO - Output:
[2025-08-08T02:42:12.000+0000] {subprocess.py:97} INFO - Command exited with return code 0
[2025-08-08T02:42:12.001+0000] {taskinstance.py:441} INFO - ::group::Post task execution logs
[2025-08-08T02:42:12.021+0000] {taskinstance.py:1206} INFO - Marking task as SUCCESS. dag_id=climate_data, task_id=create_folder, run_id=scheduled__2022-08-22T00:00:00+00:00, execution_date=20220822T000000, start_date=20250808T024211, end_date=20250808T024212
[2025-08-08T02:42:12.049+0000] {local_task_job_runner.py:240} INFO - Task exited with return code 0
[2025-08-08T02:42:12.065+0000] {taskinstance.py:3498} INFO - 1 downstream tasks scheduled from follow-on schedule check
[2025-08-08T02:42:12.067+0000] {local_task_job_runner.py:222} INFO - ::endgroup::
