[2025-08-08T02:26:27.275+0000] {local_task_job_runner.py:120} INFO - ::group::Pre task execution logs
[2025-08-08T02:26:27.299+0000] {taskinstance.py:2076} INFO - Dependencies all met for dep_context=non-requeueable deps ti=<TaskInstance: climate_data.create_folder scheduled__2023-02-20T00:00:00+00:00 [queued]>
[2025-08-08T02:26:27.310+0000] {taskinstance.py:2076} INFO - Dependencies all met for dep_context=requeueable deps ti=<TaskInstance: climate_data.create_folder scheduled__2023-02-20T00:00:00+00:00 [queued]>
[2025-08-08T02:26:27.311+0000] {taskinstance.py:2306} INFO - Starting attempt 1 of 1
[2025-08-08T02:26:27.376+0000] {taskinstance.py:2330} INFO - Executing <Task(BashOperator): create_folder> on 2023-02-20 00:00:00+00:00
[2025-08-08T02:26:27.380+0000] {standard_task_runner.py:63} INFO - Started process 326 to run task
[2025-08-08T02:26:27.384+0000] {standard_task_runner.py:90} INFO - Running: ['***', 'tasks', 'run', 'climate_data', 'create_folder', 'scheduled__2023-02-20T00:00:00+00:00', '--job-id', '55', '--raw', '--subdir', 'DAGS_FOLDER/climate_data.py', '--cfg-path', '/tmp/tmpw4ksub97']
[2025-08-08T02:26:27.386+0000] {standard_task_runner.py:91} INFO - Job 55: Subtask create_folder
[2025-08-08T02:26:27.399+0000] {logging_mixin.py:188} WARNING - /home/***/.local/lib/python3.9/site-packages/***/settings.py:195 DeprecationWarning: The sql_alchemy_conn option in [core] has been moved to the sql_alchemy_conn option in [database] - the old setting has been used, but please update your config.
[2025-08-08T02:26:27.441+0000] {task_command.py:426} INFO - Running <TaskInstance: climate_data.create_folder scheduled__2023-02-20T00:00:00+00:00 [running]> on host 3ceab82043f1
[2025-08-08T02:26:27.510+0000] {taskinstance.py:2648} INFO - Exporting env vars: AIRFLOW_CTX_DAG_OWNER='***' AIRFLOW_CTX_DAG_ID='climate_data' AIRFLOW_CTX_TASK_ID='create_folder' AIRFLOW_CTX_EXECUTION_DATE='2023-02-20T00:00:00+00:00' AIRFLOW_CTX_TRY_NUMBER='1' AIRFLOW_CTX_DAG_RUN_ID='scheduled__2023-02-20T00:00:00+00:00'
[2025-08-08T02:26:27.511+0000] {taskinstance.py:430} INFO - ::endgroup::
[2025-08-08T02:26:27.519+0000] {subprocess.py:63} INFO - Tmp dir root location: /tmp
[2025-08-08T02:26:27.521+0000] {subprocess.py:75} INFO - Running command: ['/usr/bin/bash', '-c', 'mkdir -p /home/***/host_documents/week2023-02-27"']
[2025-08-08T02:26:27.529+0000] {subprocess.py:86} INFO - Output:
[2025-08-08T02:26:27.530+0000] {subprocess.py:93} INFO - /usr/bin/bash: -c: line 1: unexpected EOF while looking for matching `"'
[2025-08-08T02:26:27.531+0000] {subprocess.py:97} INFO - Command exited with return code 2
[2025-08-08T02:26:27.532+0000] {taskinstance.py:441} INFO - ::group::Post task execution logs
[2025-08-08T02:26:27.541+0000] {taskinstance.py:2905} ERROR - Task failed with exception
Traceback (most recent call last):
  File "/home/airflow/.local/lib/python3.9/site-packages/airflow/models/taskinstance.py", line 465, in _execute_task
    result = _execute_callable(context=context, **execute_callable_kwargs)
  File "/home/airflow/.local/lib/python3.9/site-packages/airflow/models/taskinstance.py", line 432, in _execute_callable
    return execute_callable(context=context, **execute_callable_kwargs)
  File "/home/airflow/.local/lib/python3.9/site-packages/airflow/models/baseoperator.py", line 400, in wrapper
    return func(self, *args, **kwargs)
  File "/home/airflow/.local/lib/python3.9/site-packages/airflow/operators/bash.py", line 243, in execute
    raise AirflowException(
airflow.exceptions.AirflowException: Bash command failed. The command returned a non-zero exit code 2.
[2025-08-08T02:26:27.545+0000] {taskinstance.py:1206} INFO - Marking task as FAILED. dag_id=climate_data, task_id=create_folder, run_id=scheduled__2023-02-20T00:00:00+00:00, execution_date=20230220T000000, start_date=20250808T022627, end_date=20250808T022627
[2025-08-08T02:26:27.572+0000] {standard_task_runner.py:110} ERROR - Failed to execute job 55 for task create_folder (Bash command failed. The command returned a non-zero exit code 2.; 326)
[2025-08-08T02:26:27.597+0000] {local_task_job_runner.py:240} INFO - Task exited with return code 1
[2025-08-08T02:26:27.615+0000] {taskinstance.py:3498} INFO - 0 downstream tasks scheduled from follow-on schedule check
[2025-08-08T02:26:27.619+0000] {local_task_job_runner.py:222} INFO - ::endgroup::
[2025-08-08T02:34:45.362+0000] {local_task_job_runner.py:120} INFO - ::group::Pre task execution logs
[2025-08-08T02:34:45.384+0000] {taskinstance.py:2076} INFO - Dependencies all met for dep_context=non-requeueable deps ti=<TaskInstance: climate_data.create_folder scheduled__2023-02-20T00:00:00+00:00 [queued]>
[2025-08-08T02:34:45.391+0000] {taskinstance.py:2076} INFO - Dependencies all met for dep_context=requeueable deps ti=<TaskInstance: climate_data.create_folder scheduled__2023-02-20T00:00:00+00:00 [queued]>
[2025-08-08T02:34:45.392+0000] {taskinstance.py:2306} INFO - Starting attempt 1 of 1
[2025-08-08T02:34:45.404+0000] {taskinstance.py:2330} INFO - Executing <Task(BashOperator): create_folder> on 2023-02-20 00:00:00+00:00
[2025-08-08T02:34:45.410+0000] {standard_task_runner.py:63} INFO - Started process 356 to run task
[2025-08-08T02:34:45.413+0000] {standard_task_runner.py:90} INFO - Running: ['***', 'tasks', 'run', 'climate_data', 'create_folder', 'scheduled__2023-02-20T00:00:00+00:00', '--job-id', '210', '--raw', '--subdir', 'DAGS_FOLDER/climate_data.py', '--cfg-path', '/tmp/tmpe3ytti80']
[2025-08-08T02:34:45.416+0000] {standard_task_runner.py:91} INFO - Job 210: Subtask create_folder
[2025-08-08T02:34:45.433+0000] {logging_mixin.py:188} WARNING - /home/***/.local/lib/python3.9/site-packages/***/settings.py:195 DeprecationWarning: The sql_alchemy_conn option in [core] has been moved to the sql_alchemy_conn option in [database] - the old setting has been used, but please update your config.
[2025-08-08T02:34:45.475+0000] {task_command.py:426} INFO - Running <TaskInstance: climate_data.create_folder scheduled__2023-02-20T00:00:00+00:00 [running]> on host 1a6f5acf67f4
[2025-08-08T02:34:45.547+0000] {taskinstance.py:2648} INFO - Exporting env vars: AIRFLOW_CTX_DAG_OWNER='***' AIRFLOW_CTX_DAG_ID='climate_data' AIRFLOW_CTX_TASK_ID='create_folder' AIRFLOW_CTX_EXECUTION_DATE='2023-02-20T00:00:00+00:00' AIRFLOW_CTX_TRY_NUMBER='1' AIRFLOW_CTX_DAG_RUN_ID='scheduled__2023-02-20T00:00:00+00:00'
[2025-08-08T02:34:45.548+0000] {taskinstance.py:430} INFO - ::endgroup::
[2025-08-08T02:34:45.555+0000] {subprocess.py:63} INFO - Tmp dir root location: /tmp
[2025-08-08T02:34:45.557+0000] {subprocess.py:75} INFO - Running command: ['/usr/bin/bash', '-c', 'mkdir -p /home/***/host_documents/week2023-02-27"']
[2025-08-08T02:34:45.566+0000] {subprocess.py:86} INFO - Output:
[2025-08-08T02:34:45.567+0000] {subprocess.py:93} INFO - /usr/bin/bash: -c: line 1: unexpected EOF while looking for matching `"'
[2025-08-08T02:34:45.569+0000] {subprocess.py:97} INFO - Command exited with return code 2
[2025-08-08T02:34:45.570+0000] {taskinstance.py:441} INFO - ::group::Post task execution logs
[2025-08-08T02:34:45.577+0000] {taskinstance.py:2905} ERROR - Task failed with exception
Traceback (most recent call last):
  File "/home/airflow/.local/lib/python3.9/site-packages/airflow/models/taskinstance.py", line 465, in _execute_task
    result = _execute_callable(context=context, **execute_callable_kwargs)
  File "/home/airflow/.local/lib/python3.9/site-packages/airflow/models/taskinstance.py", line 432, in _execute_callable
    return execute_callable(context=context, **execute_callable_kwargs)
  File "/home/airflow/.local/lib/python3.9/site-packages/airflow/models/baseoperator.py", line 400, in wrapper
    return func(self, *args, **kwargs)
  File "/home/airflow/.local/lib/python3.9/site-packages/airflow/operators/bash.py", line 243, in execute
    raise AirflowException(
airflow.exceptions.AirflowException: Bash command failed. The command returned a non-zero exit code 2.
[2025-08-08T02:34:45.580+0000] {taskinstance.py:1206} INFO - Marking task as FAILED. dag_id=climate_data, task_id=create_folder, run_id=scheduled__2023-02-20T00:00:00+00:00, execution_date=20230220T000000, start_date=20250808T023445, end_date=20250808T023445
[2025-08-08T02:34:45.590+0000] {standard_task_runner.py:110} ERROR - Failed to execute job 210 for task create_folder (Bash command failed. The command returned a non-zero exit code 2.; 356)
[2025-08-08T02:34:45.627+0000] {local_task_job_runner.py:240} INFO - Task exited with return code 1
[2025-08-08T02:34:45.636+0000] {local_task_job_runner.py:222} INFO - ::endgroup::
[2025-08-08T02:39:19.368+0000] {local_task_job_runner.py:120} INFO - ::group::Pre task execution logs
[2025-08-08T02:39:19.394+0000] {taskinstance.py:2076} INFO - Dependencies all met for dep_context=non-requeueable deps ti=<TaskInstance: climate_data.create_folder scheduled__2023-02-20T00:00:00+00:00 [queued]>
[2025-08-08T02:39:19.403+0000] {taskinstance.py:2076} INFO - Dependencies all met for dep_context=requeueable deps ti=<TaskInstance: climate_data.create_folder scheduled__2023-02-20T00:00:00+00:00 [queued]>
[2025-08-08T02:39:19.404+0000] {taskinstance.py:2306} INFO - Starting attempt 1 of 1
[2025-08-08T02:39:19.487+0000] {taskinstance.py:2330} INFO - Executing <Task(BashOperator): create_folder> on 2023-02-20 00:00:00+00:00
[2025-08-08T02:39:19.493+0000] {standard_task_runner.py:63} INFO - Started process 1192 to run task
[2025-08-08T02:39:19.497+0000] {standard_task_runner.py:90} INFO - Running: ['***', 'tasks', 'run', 'climate_data', 'create_folder', 'scheduled__2023-02-20T00:00:00+00:00', '--job-id', '383', '--raw', '--subdir', 'DAGS_FOLDER/climate_data.py', '--cfg-path', '/tmp/tmprh8o310l']
[2025-08-08T02:39:19.499+0000] {standard_task_runner.py:91} INFO - Job 383: Subtask create_folder
[2025-08-08T02:39:19.515+0000] {logging_mixin.py:188} WARNING - /home/***/.local/lib/python3.9/site-packages/***/settings.py:195 DeprecationWarning: The sql_alchemy_conn option in [core] has been moved to the sql_alchemy_conn option in [database] - the old setting has been used, but please update your config.
[2025-08-08T02:39:19.571+0000] {task_command.py:426} INFO - Running <TaskInstance: climate_data.create_folder scheduled__2023-02-20T00:00:00+00:00 [running]> on host 1a6f5acf67f4
[2025-08-08T02:39:19.650+0000] {taskinstance.py:2648} INFO - Exporting env vars: AIRFLOW_CTX_DAG_OWNER='***' AIRFLOW_CTX_DAG_ID='climate_data' AIRFLOW_CTX_TASK_ID='create_folder' AIRFLOW_CTX_EXECUTION_DATE='2023-02-20T00:00:00+00:00' AIRFLOW_CTX_TRY_NUMBER='1' AIRFLOW_CTX_DAG_RUN_ID='scheduled__2023-02-20T00:00:00+00:00'
[2025-08-08T02:39:19.652+0000] {taskinstance.py:430} INFO - ::endgroup::
[2025-08-08T02:39:19.663+0000] {subprocess.py:63} INFO - Tmp dir root location: /tmp
[2025-08-08T02:39:19.665+0000] {subprocess.py:75} INFO - Running command: ['/usr/bin/bash', '-c', 'mkdir -p /home/***/host_documents/week2023-02-27']
[2025-08-08T02:39:19.676+0000] {subprocess.py:86} INFO - Output:
[2025-08-08T02:39:19.681+0000] {subprocess.py:97} INFO - Command exited with return code 0
[2025-08-08T02:39:19.682+0000] {taskinstance.py:441} INFO - ::group::Post task execution logs
[2025-08-08T02:39:19.705+0000] {taskinstance.py:1206} INFO - Marking task as SUCCESS. dag_id=climate_data, task_id=create_folder, run_id=scheduled__2023-02-20T00:00:00+00:00, execution_date=20230220T000000, start_date=20250808T023919, end_date=20250808T023919
[2025-08-08T02:39:19.790+0000] {local_task_job_runner.py:240} INFO - Task exited with return code 0
[2025-08-08T02:39:19.803+0000] {local_task_job_runner.py:222} INFO - ::endgroup::
[2025-08-08T02:42:17.320+0000] {local_task_job_runner.py:120} INFO - ::group::Pre task execution logs
[2025-08-08T02:42:17.347+0000] {taskinstance.py:2076} INFO - Dependencies all met for dep_context=non-requeueable deps ti=<TaskInstance: climate_data.create_folder scheduled__2023-02-20T00:00:00+00:00 [queued]>
[2025-08-08T02:42:17.360+0000] {taskinstance.py:2076} INFO - Dependencies all met for dep_context=requeueable deps ti=<TaskInstance: climate_data.create_folder scheduled__2023-02-20T00:00:00+00:00 [queued]>
[2025-08-08T02:42:17.362+0000] {taskinstance.py:2306} INFO - Starting attempt 1 of 1
[2025-08-08T02:42:17.452+0000] {taskinstance.py:2330} INFO - Executing <Task(BashOperator): create_folder> on 2023-02-20 00:00:00+00:00
[2025-08-08T02:42:17.457+0000] {standard_task_runner.py:63} INFO - Started process 2368 to run task
[2025-08-08T02:42:17.460+0000] {standard_task_runner.py:90} INFO - Running: ['***', 'tasks', 'run', 'climate_data', 'create_folder', 'scheduled__2023-02-20T00:00:00+00:00', '--job-id', '693', '--raw', '--subdir', 'DAGS_FOLDER/climate_data.py', '--cfg-path', '/tmp/tmpf71yc4u1']
[2025-08-08T02:42:17.465+0000] {standard_task_runner.py:91} INFO - Job 693: Subtask create_folder
[2025-08-08T02:42:17.481+0000] {logging_mixin.py:188} WARNING - /home/***/.local/lib/python3.9/site-packages/***/settings.py:195 DeprecationWarning: The sql_alchemy_conn option in [core] has been moved to the sql_alchemy_conn option in [database] - the old setting has been used, but please update your config.
[2025-08-08T02:42:17.534+0000] {task_command.py:426} INFO - Running <TaskInstance: climate_data.create_folder scheduled__2023-02-20T00:00:00+00:00 [running]> on host 1a6f5acf67f4
[2025-08-08T02:42:17.614+0000] {taskinstance.py:2648} INFO - Exporting env vars: AIRFLOW_CTX_DAG_OWNER='***' AIRFLOW_CTX_DAG_ID='climate_data' AIRFLOW_CTX_TASK_ID='create_folder' AIRFLOW_CTX_EXECUTION_DATE='2023-02-20T00:00:00+00:00' AIRFLOW_CTX_TRY_NUMBER='1' AIRFLOW_CTX_DAG_RUN_ID='scheduled__2023-02-20T00:00:00+00:00'
[2025-08-08T02:42:17.616+0000] {taskinstance.py:430} INFO - ::endgroup::
[2025-08-08T02:42:17.626+0000] {subprocess.py:63} INFO - Tmp dir root location: /tmp
[2025-08-08T02:42:17.627+0000] {subprocess.py:75} INFO - Running command: ['/usr/bin/bash', '-c', 'mkdir -p "/home/***/host_documents/week2023-02-27"']
[2025-08-08T02:42:17.638+0000] {subprocess.py:86} INFO - Output:
[2025-08-08T02:42:17.643+0000] {subprocess.py:97} INFO - Command exited with return code 0
[2025-08-08T02:42:17.644+0000] {taskinstance.py:441} INFO - ::group::Post task execution logs
[2025-08-08T02:42:17.666+0000] {taskinstance.py:1206} INFO - Marking task as SUCCESS. dag_id=climate_data, task_id=create_folder, run_id=scheduled__2023-02-20T00:00:00+00:00, execution_date=20230220T000000, start_date=20250808T024217, end_date=20250808T024217
[2025-08-08T02:42:17.754+0000] {local_task_job_runner.py:240} INFO - Task exited with return code 0
[2025-08-08T02:42:17.763+0000] {local_task_job_runner.py:222} INFO - ::endgroup::
