[2025-08-08T02:27:06.143+0000] {local_task_job_runner.py:120} INFO - ::group::Pre task execution logs
[2025-08-08T02:27:06.166+0000] {taskinstance.py:2076} INFO - Dependencies all met for dep_context=non-requeueable deps ti=<TaskInstance: climate_data.create_folder scheduled__2025-07-07T00:00:00+00:00 [queued]>
[2025-08-08T02:27:06.173+0000] {taskinstance.py:2076} INFO - Dependencies all met for dep_context=requeueable deps ti=<TaskInstance: climate_data.create_folder scheduled__2025-07-07T00:00:00+00:00 [queued]>
[2025-08-08T02:27:06.174+0000] {taskinstance.py:2306} INFO - Starting attempt 1 of 1
[2025-08-08T02:27:06.182+0000] {taskinstance.py:2330} INFO - Executing <Task(BashOperator): create_folder> on 2025-07-07 00:00:00+00:00
[2025-08-08T02:27:06.186+0000] {standard_task_runner.py:63} INFO - Started process 832 to run task
[2025-08-08T02:27:06.188+0000] {standard_task_runner.py:90} INFO - Running: ['***', 'tasks', 'run', 'climate_data', 'create_folder', 'scheduled__2025-07-07T00:00:00+00:00', '--job-id', '179', '--raw', '--subdir', 'DAGS_FOLDER/climate_data.py', '--cfg-path', '/tmp/tmp5jd2usb_']
[2025-08-08T02:27:06.190+0000] {standard_task_runner.py:91} INFO - Job 179: Subtask create_folder
[2025-08-08T02:27:06.201+0000] {logging_mixin.py:188} WARNING - /home/***/.local/lib/python3.9/site-packages/***/settings.py:195 DeprecationWarning: The sql_alchemy_conn option in [core] has been moved to the sql_alchemy_conn option in [database] - the old setting has been used, but please update your config.
[2025-08-08T02:27:06.243+0000] {task_command.py:426} INFO - Running <TaskInstance: climate_data.create_folder scheduled__2025-07-07T00:00:00+00:00 [running]> on host 3ceab82043f1
[2025-08-08T02:27:06.307+0000] {taskinstance.py:2648} INFO - Exporting env vars: AIRFLOW_CTX_DAG_OWNER='***' AIRFLOW_CTX_DAG_ID='climate_data' AIRFLOW_CTX_TASK_ID='create_folder' AIRFLOW_CTX_EXECUTION_DATE='2025-07-07T00:00:00+00:00' AIRFLOW_CTX_TRY_NUMBER='1' AIRFLOW_CTX_DAG_RUN_ID='scheduled__2025-07-07T00:00:00+00:00'
[2025-08-08T02:27:06.308+0000] {taskinstance.py:430} INFO - ::endgroup::
[2025-08-08T02:27:06.315+0000] {subprocess.py:63} INFO - Tmp dir root location: /tmp
[2025-08-08T02:27:06.316+0000] {subprocess.py:75} INFO - Running command: ['/usr/bin/bash', '-c', 'mkdir -p /home/***/host_documents/week2025-07-14"']
[2025-08-08T02:27:06.323+0000] {subprocess.py:86} INFO - Output:
[2025-08-08T02:27:06.326+0000] {subprocess.py:93} INFO - /usr/bin/bash: -c: line 1: unexpected EOF while looking for matching `"'
[2025-08-08T02:27:06.327+0000] {subprocess.py:97} INFO - Command exited with return code 2
[2025-08-08T02:27:06.328+0000] {taskinstance.py:441} INFO - ::group::Post task execution logs
[2025-08-08T02:27:06.336+0000] {taskinstance.py:2905} ERROR - Task failed with exception
Traceback (most recent call last):
  File "/home/airflow/.local/lib/python3.9/site-packages/airflow/models/taskinstance.py", line 465, in _execute_task
    result = _execute_callable(context=context, **execute_callable_kwargs)
  File "/home/airflow/.local/lib/python3.9/site-packages/airflow/models/taskinstance.py", line 432, in _execute_callable
    return execute_callable(context=context, **execute_callable_kwargs)
  File "/home/airflow/.local/lib/python3.9/site-packages/airflow/models/baseoperator.py", line 400, in wrapper
    return func(self, *args, **kwargs)
  File "/home/airflow/.local/lib/python3.9/site-packages/airflow/operators/bash.py", line 243, in execute
    raise AirflowException(
airflow.exceptions.AirflowException: Bash command failed. The command returned a non-zero exit code 2.
[2025-08-08T02:27:06.338+0000] {taskinstance.py:1206} INFO - Marking task as FAILED. dag_id=climate_data, task_id=create_folder, run_id=scheduled__2025-07-07T00:00:00+00:00, execution_date=20250707T000000, start_date=20250808T022706, end_date=20250808T022706
[2025-08-08T02:27:06.346+0000] {standard_task_runner.py:110} ERROR - Failed to execute job 179 for task create_folder (Bash command failed. The command returned a non-zero exit code 2.; 832)
[2025-08-08T02:27:06.360+0000] {local_task_job_runner.py:240} INFO - Task exited with return code 1
[2025-08-08T02:27:06.374+0000] {taskinstance.py:3498} INFO - 0 downstream tasks scheduled from follow-on schedule check
[2025-08-08T02:27:06.378+0000] {local_task_job_runner.py:222} INFO - ::endgroup::
[2025-08-08T02:35:27.409+0000] {local_task_job_runner.py:120} INFO - ::group::Pre task execution logs
[2025-08-08T02:35:27.430+0000] {taskinstance.py:2076} INFO - Dependencies all met for dep_context=non-requeueable deps ti=<TaskInstance: climate_data.create_folder scheduled__2025-07-07T00:00:00+00:00 [queued]>
[2025-08-08T02:35:27.437+0000] {taskinstance.py:2076} INFO - Dependencies all met for dep_context=requeueable deps ti=<TaskInstance: climate_data.create_folder scheduled__2025-07-07T00:00:00+00:00 [queued]>
[2025-08-08T02:35:27.437+0000] {taskinstance.py:2306} INFO - Starting attempt 1 of 1
[2025-08-08T02:35:27.447+0000] {taskinstance.py:2330} INFO - Executing <Task(BashOperator): create_folder> on 2025-07-07 00:00:00+00:00
[2025-08-08T02:35:27.451+0000] {standard_task_runner.py:63} INFO - Started process 881 to run task
[2025-08-08T02:35:27.453+0000] {standard_task_runner.py:90} INFO - Running: ['***', 'tasks', 'run', 'climate_data', 'create_folder', 'scheduled__2025-07-07T00:00:00+00:00', '--job-id', '335', '--raw', '--subdir', 'DAGS_FOLDER/climate_data.py', '--cfg-path', '/tmp/tmpr7evv5ji']
[2025-08-08T02:35:27.455+0000] {standard_task_runner.py:91} INFO - Job 335: Subtask create_folder
[2025-08-08T02:35:27.466+0000] {logging_mixin.py:188} WARNING - /home/***/.local/lib/python3.9/site-packages/***/settings.py:195 DeprecationWarning: The sql_alchemy_conn option in [core] has been moved to the sql_alchemy_conn option in [database] - the old setting has been used, but please update your config.
[2025-08-08T02:35:27.504+0000] {task_command.py:426} INFO - Running <TaskInstance: climate_data.create_folder scheduled__2025-07-07T00:00:00+00:00 [running]> on host 1a6f5acf67f4
[2025-08-08T02:35:27.572+0000] {taskinstance.py:2648} INFO - Exporting env vars: AIRFLOW_CTX_DAG_OWNER='***' AIRFLOW_CTX_DAG_ID='climate_data' AIRFLOW_CTX_TASK_ID='create_folder' AIRFLOW_CTX_EXECUTION_DATE='2025-07-07T00:00:00+00:00' AIRFLOW_CTX_TRY_NUMBER='1' AIRFLOW_CTX_DAG_RUN_ID='scheduled__2025-07-07T00:00:00+00:00'
[2025-08-08T02:35:27.573+0000] {taskinstance.py:430} INFO - ::endgroup::
[2025-08-08T02:35:27.582+0000] {subprocess.py:63} INFO - Tmp dir root location: /tmp
[2025-08-08T02:35:27.583+0000] {subprocess.py:75} INFO - Running command: ['/usr/bin/bash', '-c', 'mkdir -p /home/***/host_documents/week2025-07-14"']
[2025-08-08T02:35:27.591+0000] {subprocess.py:86} INFO - Output:
[2025-08-08T02:35:27.593+0000] {subprocess.py:93} INFO - /usr/bin/bash: -c: line 1: unexpected EOF while looking for matching `"'
[2025-08-08T02:35:27.593+0000] {subprocess.py:97} INFO - Command exited with return code 2
[2025-08-08T02:35:27.594+0000] {taskinstance.py:441} INFO - ::group::Post task execution logs
[2025-08-08T02:35:27.601+0000] {taskinstance.py:2905} ERROR - Task failed with exception
Traceback (most recent call last):
  File "/home/airflow/.local/lib/python3.9/site-packages/airflow/models/taskinstance.py", line 465, in _execute_task
    result = _execute_callable(context=context, **execute_callable_kwargs)
  File "/home/airflow/.local/lib/python3.9/site-packages/airflow/models/taskinstance.py", line 432, in _execute_callable
    return execute_callable(context=context, **execute_callable_kwargs)
  File "/home/airflow/.local/lib/python3.9/site-packages/airflow/models/baseoperator.py", line 400, in wrapper
    return func(self, *args, **kwargs)
  File "/home/airflow/.local/lib/python3.9/site-packages/airflow/operators/bash.py", line 243, in execute
    raise AirflowException(
airflow.exceptions.AirflowException: Bash command failed. The command returned a non-zero exit code 2.
[2025-08-08T02:35:27.603+0000] {taskinstance.py:1206} INFO - Marking task as FAILED. dag_id=climate_data, task_id=create_folder, run_id=scheduled__2025-07-07T00:00:00+00:00, execution_date=20250707T000000, start_date=20250808T023527, end_date=20250808T023527
[2025-08-08T02:35:27.611+0000] {standard_task_runner.py:110} ERROR - Failed to execute job 335 for task create_folder (Bash command failed. The command returned a non-zero exit code 2.; 881)
[2025-08-08T02:35:27.626+0000] {local_task_job_runner.py:240} INFO - Task exited with return code 1
[2025-08-08T02:35:27.641+0000] {taskinstance.py:3498} INFO - 0 downstream tasks scheduled from follow-on schedule check
[2025-08-08T02:35:27.644+0000] {local_task_job_runner.py:222} INFO - ::endgroup::
[2025-08-08T02:40:00.999+0000] {local_task_job_runner.py:120} INFO - ::group::Pre task execution logs
[2025-08-08T02:40:01.019+0000] {taskinstance.py:2076} INFO - Dependencies all met for dep_context=non-requeueable deps ti=<TaskInstance: climate_data.create_folder scheduled__2025-07-07T00:00:00+00:00 [queued]>
[2025-08-08T02:40:01.026+0000] {taskinstance.py:2076} INFO - Dependencies all met for dep_context=requeueable deps ti=<TaskInstance: climate_data.create_folder scheduled__2025-07-07T00:00:00+00:00 [queued]>
[2025-08-08T02:40:01.026+0000] {taskinstance.py:2306} INFO - Starting attempt 1 of 1
[2025-08-08T02:40:01.037+0000] {taskinstance.py:2330} INFO - Executing <Task(BashOperator): create_folder> on 2025-07-07 00:00:00+00:00
[2025-08-08T02:40:01.041+0000] {standard_task_runner.py:63} INFO - Started process 2088 to run task
[2025-08-08T02:40:01.044+0000] {standard_task_runner.py:90} INFO - Running: ['***', 'tasks', 'run', 'climate_data', 'create_folder', 'scheduled__2025-07-07T00:00:00+00:00', '--job-id', '636', '--raw', '--subdir', 'DAGS_FOLDER/climate_data.py', '--cfg-path', '/tmp/tmp5_tgbrug']
[2025-08-08T02:40:01.046+0000] {standard_task_runner.py:91} INFO - Job 636: Subtask create_folder
[2025-08-08T02:40:01.058+0000] {logging_mixin.py:188} WARNING - /home/***/.local/lib/python3.9/site-packages/***/settings.py:195 DeprecationWarning: The sql_alchemy_conn option in [core] has been moved to the sql_alchemy_conn option in [database] - the old setting has been used, but please update your config.
[2025-08-08T02:40:01.099+0000] {task_command.py:426} INFO - Running <TaskInstance: climate_data.create_folder scheduled__2025-07-07T00:00:00+00:00 [running]> on host 1a6f5acf67f4
[2025-08-08T02:40:01.158+0000] {taskinstance.py:2648} INFO - Exporting env vars: AIRFLOW_CTX_DAG_OWNER='***' AIRFLOW_CTX_DAG_ID='climate_data' AIRFLOW_CTX_TASK_ID='create_folder' AIRFLOW_CTX_EXECUTION_DATE='2025-07-07T00:00:00+00:00' AIRFLOW_CTX_TRY_NUMBER='1' AIRFLOW_CTX_DAG_RUN_ID='scheduled__2025-07-07T00:00:00+00:00'
[2025-08-08T02:40:01.159+0000] {taskinstance.py:430} INFO - ::endgroup::
[2025-08-08T02:40:01.167+0000] {subprocess.py:63} INFO - Tmp dir root location: /tmp
[2025-08-08T02:40:01.167+0000] {subprocess.py:75} INFO - Running command: ['/usr/bin/bash', '-c', 'mkdir -p /home/***/host_documents/week2025-07-14']
[2025-08-08T02:40:01.174+0000] {subprocess.py:86} INFO - Output:
[2025-08-08T02:40:01.178+0000] {subprocess.py:97} INFO - Command exited with return code 0
[2025-08-08T02:40:01.178+0000] {taskinstance.py:441} INFO - ::group::Post task execution logs
[2025-08-08T02:40:01.194+0000] {taskinstance.py:1206} INFO - Marking task as SUCCESS. dag_id=climate_data, task_id=create_folder, run_id=scheduled__2025-07-07T00:00:00+00:00, execution_date=20250707T000000, start_date=20250808T024001, end_date=20250808T024001
[2025-08-08T02:40:01.218+0000] {local_task_job_runner.py:240} INFO - Task exited with return code 0
[2025-08-08T02:40:01.231+0000] {taskinstance.py:3498} INFO - 1 downstream tasks scheduled from follow-on schedule check
[2025-08-08T02:40:01.233+0000] {local_task_job_runner.py:222} INFO - ::endgroup::
[2025-08-08T02:42:59.827+0000] {local_task_job_runner.py:120} INFO - ::group::Pre task execution logs
[2025-08-08T02:42:59.849+0000] {taskinstance.py:2076} INFO - Dependencies all met for dep_context=non-requeueable deps ti=<TaskInstance: climate_data.create_folder scheduled__2025-07-07T00:00:00+00:00 [queued]>
[2025-08-08T02:42:59.857+0000] {taskinstance.py:2076} INFO - Dependencies all met for dep_context=requeueable deps ti=<TaskInstance: climate_data.create_folder scheduled__2025-07-07T00:00:00+00:00 [queued]>
[2025-08-08T02:42:59.857+0000] {taskinstance.py:2306} INFO - Starting attempt 1 of 1
[2025-08-08T02:42:59.868+0000] {taskinstance.py:2330} INFO - Executing <Task(BashOperator): create_folder> on 2025-07-07 00:00:00+00:00
[2025-08-08T02:42:59.872+0000] {standard_task_runner.py:63} INFO - Started process 3267 to run task
[2025-08-08T02:42:59.875+0000] {standard_task_runner.py:90} INFO - Running: ['***', 'tasks', 'run', 'climate_data', 'create_folder', 'scheduled__2025-07-07T00:00:00+00:00', '--job-id', '943', '--raw', '--subdir', 'DAGS_FOLDER/climate_data.py', '--cfg-path', '/tmp/tmpa4mnpkrb']
[2025-08-08T02:42:59.877+0000] {standard_task_runner.py:91} INFO - Job 943: Subtask create_folder
[2025-08-08T02:42:59.888+0000] {logging_mixin.py:188} WARNING - /home/***/.local/lib/python3.9/site-packages/***/settings.py:195 DeprecationWarning: The sql_alchemy_conn option in [core] has been moved to the sql_alchemy_conn option in [database] - the old setting has been used, but please update your config.
[2025-08-08T02:42:59.931+0000] {task_command.py:426} INFO - Running <TaskInstance: climate_data.create_folder scheduled__2025-07-07T00:00:00+00:00 [running]> on host 1a6f5acf67f4
[2025-08-08T02:42:59.996+0000] {taskinstance.py:2648} INFO - Exporting env vars: AIRFLOW_CTX_DAG_OWNER='***' AIRFLOW_CTX_DAG_ID='climate_data' AIRFLOW_CTX_TASK_ID='create_folder' AIRFLOW_CTX_EXECUTION_DATE='2025-07-07T00:00:00+00:00' AIRFLOW_CTX_TRY_NUMBER='1' AIRFLOW_CTX_DAG_RUN_ID='scheduled__2025-07-07T00:00:00+00:00'
[2025-08-08T02:42:59.997+0000] {taskinstance.py:430} INFO - ::endgroup::
[2025-08-08T02:43:00.008+0000] {subprocess.py:63} INFO - Tmp dir root location: /tmp
[2025-08-08T02:43:00.009+0000] {subprocess.py:75} INFO - Running command: ['/usr/bin/bash', '-c', 'mkdir -p "/home/***/host_documents/week2025-07-14"']
[2025-08-08T02:43:00.018+0000] {subprocess.py:86} INFO - Output:
[2025-08-08T02:43:00.023+0000] {subprocess.py:97} INFO - Command exited with return code 0
[2025-08-08T02:43:00.024+0000] {taskinstance.py:441} INFO - ::group::Post task execution logs
[2025-08-08T02:43:00.046+0000] {taskinstance.py:1206} INFO - Marking task as SUCCESS. dag_id=climate_data, task_id=create_folder, run_id=scheduled__2025-07-07T00:00:00+00:00, execution_date=20250707T000000, start_date=20250808T024259, end_date=20250808T024300
[2025-08-08T02:43:00.088+0000] {local_task_job_runner.py:240} INFO - Task exited with return code 0
[2025-08-08T02:43:00.097+0000] {local_task_job_runner.py:222} INFO - ::endgroup::
[2025-08-08T02:48:28.836+0000] {local_task_job_runner.py:120} INFO - ::group::Pre task execution logs
[2025-08-08T02:48:28.856+0000] {taskinstance.py:2076} INFO - Dependencies all met for dep_context=non-requeueable deps ti=<TaskInstance: climate_data.create_folder scheduled__2025-07-07T00:00:00+00:00 [queued]>
[2025-08-08T02:48:28.862+0000] {taskinstance.py:2076} INFO - Dependencies all met for dep_context=requeueable deps ti=<TaskInstance: climate_data.create_folder scheduled__2025-07-07T00:00:00+00:00 [queued]>
[2025-08-08T02:48:28.863+0000] {taskinstance.py:2306} INFO - Starting attempt 1 of 1
[2025-08-08T02:48:28.872+0000] {taskinstance.py:2330} INFO - Executing <Task(BashOperator): create_folder> on 2025-07-07 00:00:00+00:00
[2025-08-08T02:48:28.876+0000] {standard_task_runner.py:63} INFO - Started process 3488 to run task
[2025-08-08T02:48:28.879+0000] {standard_task_runner.py:90} INFO - Running: ['***', 'tasks', 'run', 'climate_data', 'create_folder', 'scheduled__2025-07-07T00:00:00+00:00', '--job-id', '960', '--raw', '--subdir', 'DAGS_FOLDER/climate_data.py', '--cfg-path', '/tmp/tmpz0jvshc6']
[2025-08-08T02:48:28.881+0000] {standard_task_runner.py:91} INFO - Job 960: Subtask create_folder
[2025-08-08T02:48:28.893+0000] {logging_mixin.py:188} WARNING - /home/***/.local/lib/python3.9/site-packages/***/settings.py:195 DeprecationWarning: The sql_alchemy_conn option in [core] has been moved to the sql_alchemy_conn option in [database] - the old setting has been used, but please update your config.
[2025-08-08T02:48:28.936+0000] {task_command.py:426} INFO - Running <TaskInstance: climate_data.create_folder scheduled__2025-07-07T00:00:00+00:00 [running]> on host 1a6f5acf67f4
[2025-08-08T02:48:28.992+0000] {taskinstance.py:2648} INFO - Exporting env vars: AIRFLOW_CTX_DAG_OWNER='***' AIRFLOW_CTX_DAG_ID='climate_data' AIRFLOW_CTX_TASK_ID='create_folder' AIRFLOW_CTX_EXECUTION_DATE='2025-07-07T00:00:00+00:00' AIRFLOW_CTX_TRY_NUMBER='1' AIRFLOW_CTX_DAG_RUN_ID='scheduled__2025-07-07T00:00:00+00:00'
[2025-08-08T02:48:28.993+0000] {taskinstance.py:430} INFO - ::endgroup::
[2025-08-08T02:48:29.000+0000] {subprocess.py:63} INFO - Tmp dir root location: /tmp
[2025-08-08T02:48:29.001+0000] {subprocess.py:75} INFO - Running command: ['/usr/bin/bash', '-c', 'mkdir -p "/home/***/host_documents/week2025-07-14"']
[2025-08-08T02:48:29.008+0000] {subprocess.py:86} INFO - Output:
[2025-08-08T02:48:29.012+0000] {subprocess.py:97} INFO - Command exited with return code 0
[2025-08-08T02:48:29.012+0000] {taskinstance.py:441} INFO - ::group::Post task execution logs
[2025-08-08T02:48:29.027+0000] {taskinstance.py:1206} INFO - Marking task as SUCCESS. dag_id=climate_data, task_id=create_folder, run_id=scheduled__2025-07-07T00:00:00+00:00, execution_date=20250707T000000, start_date=20250808T024828, end_date=20250808T024829
[2025-08-08T02:48:29.051+0000] {local_task_job_runner.py:240} INFO - Task exited with return code 0
[2025-08-08T02:48:29.063+0000] {taskinstance.py:3498} INFO - 1 downstream tasks scheduled from follow-on schedule check
[2025-08-08T02:48:29.065+0000] {local_task_job_runner.py:222} INFO - ::endgroup::
[2025-08-08T02:54:53.963+0000] {local_task_job_runner.py:120} INFO - ::group::Pre task execution logs
[2025-08-08T02:54:53.982+0000] {taskinstance.py:2076} INFO - Dependencies all met for dep_context=non-requeueable deps ti=<TaskInstance: climate_data.create_folder scheduled__2025-07-07T00:00:00+00:00 [queued]>
[2025-08-08T02:54:53.989+0000] {taskinstance.py:2076} INFO - Dependencies all met for dep_context=requeueable deps ti=<TaskInstance: climate_data.create_folder scheduled__2025-07-07T00:00:00+00:00 [queued]>
[2025-08-08T02:54:53.990+0000] {taskinstance.py:2306} INFO - Starting attempt 1 of 1
[2025-08-08T02:54:54.001+0000] {taskinstance.py:2330} INFO - Executing <Task(BashOperator): create_folder> on 2025-07-07 00:00:00+00:00
[2025-08-08T02:54:54.005+0000] {standard_task_runner.py:63} INFO - Started process 3738 to run task
[2025-08-08T02:54:54.008+0000] {standard_task_runner.py:90} INFO - Running: ['***', 'tasks', 'run', 'climate_data', 'create_folder', 'scheduled__2025-07-07T00:00:00+00:00', '--job-id', '972', '--raw', '--subdir', 'DAGS_FOLDER/climate_data.py', '--cfg-path', '/tmp/tmpe17qkrzd']
[2025-08-08T02:54:54.010+0000] {standard_task_runner.py:91} INFO - Job 972: Subtask create_folder
[2025-08-08T02:54:54.023+0000] {logging_mixin.py:188} WARNING - /home/***/.local/lib/python3.9/site-packages/***/settings.py:195 DeprecationWarning: The sql_alchemy_conn option in [core] has been moved to the sql_alchemy_conn option in [database] - the old setting has been used, but please update your config.
[2025-08-08T02:54:54.063+0000] {task_command.py:426} INFO - Running <TaskInstance: climate_data.create_folder scheduled__2025-07-07T00:00:00+00:00 [running]> on host 1a6f5acf67f4
[2025-08-08T02:54:54.125+0000] {taskinstance.py:2648} INFO - Exporting env vars: AIRFLOW_CTX_DAG_OWNER='***' AIRFLOW_CTX_DAG_ID='climate_data' AIRFLOW_CTX_TASK_ID='create_folder' AIRFLOW_CTX_EXECUTION_DATE='2025-07-07T00:00:00+00:00' AIRFLOW_CTX_TRY_NUMBER='1' AIRFLOW_CTX_DAG_RUN_ID='scheduled__2025-07-07T00:00:00+00:00'
[2025-08-08T02:54:54.127+0000] {taskinstance.py:430} INFO - ::endgroup::
[2025-08-08T02:54:54.136+0000] {subprocess.py:63} INFO - Tmp dir root location: /tmp
[2025-08-08T02:54:54.137+0000] {subprocess.py:75} INFO - Running command: ['/usr/bin/bash', '-c', 'mkdir -p "/home/***/host_documents/week2025-07-14"']
[2025-08-08T02:54:54.144+0000] {subprocess.py:86} INFO - Output:
[2025-08-08T02:54:54.147+0000] {subprocess.py:97} INFO - Command exited with return code 0
[2025-08-08T02:54:54.148+0000] {taskinstance.py:441} INFO - ::group::Post task execution logs
[2025-08-08T02:54:54.164+0000] {taskinstance.py:1206} INFO - Marking task as SUCCESS. dag_id=climate_data, task_id=create_folder, run_id=scheduled__2025-07-07T00:00:00+00:00, execution_date=20250707T000000, start_date=20250808T025453, end_date=20250808T025454
[2025-08-08T02:54:54.182+0000] {local_task_job_runner.py:240} INFO - Task exited with return code 0
[2025-08-08T02:54:54.197+0000] {taskinstance.py:3498} INFO - 1 downstream tasks scheduled from follow-on schedule check
[2025-08-08T02:54:54.198+0000] {local_task_job_runner.py:222} INFO - ::endgroup::
[2025-08-08T02:57:08.021+0000] {local_task_job_runner.py:120} INFO - ::group::Pre task execution logs
[2025-08-08T02:57:08.041+0000] {taskinstance.py:2076} INFO - Dependencies all met for dep_context=non-requeueable deps ti=<TaskInstance: climate_data.create_folder scheduled__2025-07-07T00:00:00+00:00 [queued]>
[2025-08-08T02:57:08.048+0000] {taskinstance.py:2076} INFO - Dependencies all met for dep_context=requeueable deps ti=<TaskInstance: climate_data.create_folder scheduled__2025-07-07T00:00:00+00:00 [queued]>
[2025-08-08T02:57:08.049+0000] {taskinstance.py:2306} INFO - Starting attempt 1 of 1
[2025-08-08T02:57:08.058+0000] {taskinstance.py:2330} INFO - Executing <Task(BashOperator): create_folder> on 2025-07-07 00:00:00+00:00
[2025-08-08T02:57:08.062+0000] {standard_task_runner.py:63} INFO - Started process 3866 to run task
[2025-08-08T02:57:08.065+0000] {standard_task_runner.py:90} INFO - Running: ['***', 'tasks', 'run', 'climate_data', 'create_folder', 'scheduled__2025-07-07T00:00:00+00:00', '--job-id', '984', '--raw', '--subdir', 'DAGS_FOLDER/climate_data.py', '--cfg-path', '/tmp/tmpojsws4gp']
[2025-08-08T02:57:08.067+0000] {standard_task_runner.py:91} INFO - Job 984: Subtask create_folder
[2025-08-08T02:57:08.079+0000] {logging_mixin.py:188} WARNING - /home/***/.local/lib/python3.9/site-packages/***/settings.py:195 DeprecationWarning: The sql_alchemy_conn option in [core] has been moved to the sql_alchemy_conn option in [database] - the old setting has been used, but please update your config.
[2025-08-08T02:57:08.120+0000] {task_command.py:426} INFO - Running <TaskInstance: climate_data.create_folder scheduled__2025-07-07T00:00:00+00:00 [running]> on host 1a6f5acf67f4
[2025-08-08T02:57:08.179+0000] {taskinstance.py:2648} INFO - Exporting env vars: AIRFLOW_CTX_DAG_OWNER='***' AIRFLOW_CTX_DAG_ID='climate_data' AIRFLOW_CTX_TASK_ID='create_folder' AIRFLOW_CTX_EXECUTION_DATE='2025-07-07T00:00:00+00:00' AIRFLOW_CTX_TRY_NUMBER='1' AIRFLOW_CTX_DAG_RUN_ID='scheduled__2025-07-07T00:00:00+00:00'
[2025-08-08T02:57:08.180+0000] {taskinstance.py:430} INFO - ::endgroup::
[2025-08-08T02:57:08.187+0000] {subprocess.py:63} INFO - Tmp dir root location: /tmp
[2025-08-08T02:57:08.188+0000] {subprocess.py:75} INFO - Running command: ['/usr/bin/bash', '-c', 'mkdir -p "/home/***/host_documents/week2025-07-14"']
[2025-08-08T02:57:08.195+0000] {subprocess.py:86} INFO - Output:
[2025-08-08T02:57:08.198+0000] {subprocess.py:97} INFO - Command exited with return code 0
[2025-08-08T02:57:08.199+0000] {taskinstance.py:441} INFO - ::group::Post task execution logs
[2025-08-08T02:57:08.216+0000] {taskinstance.py:1206} INFO - Marking task as SUCCESS. dag_id=climate_data, task_id=create_folder, run_id=scheduled__2025-07-07T00:00:00+00:00, execution_date=20250707T000000, start_date=20250808T025708, end_date=20250808T025708
[2025-08-08T02:57:08.237+0000] {local_task_job_runner.py:240} INFO - Task exited with return code 0
[2025-08-08T02:57:08.251+0000] {taskinstance.py:3498} INFO - 1 downstream tasks scheduled from follow-on schedule check
[2025-08-08T02:57:08.252+0000] {local_task_job_runner.py:222} INFO - ::endgroup::
[2025-08-08T03:07:10.067+0000] {local_task_job_runner.py:120} INFO - ::group::Pre task execution logs
[2025-08-08T03:07:10.087+0000] {taskinstance.py:2076} INFO - Dependencies all met for dep_context=non-requeueable deps ti=<TaskInstance: climate_data.create_folder scheduled__2025-07-07T00:00:00+00:00 [queued]>
[2025-08-08T03:07:10.093+0000] {taskinstance.py:2076} INFO - Dependencies all met for dep_context=requeueable deps ti=<TaskInstance: climate_data.create_folder scheduled__2025-07-07T00:00:00+00:00 [queued]>
[2025-08-08T03:07:10.094+0000] {taskinstance.py:2306} INFO - Starting attempt 1 of 1
[2025-08-08T03:07:10.103+0000] {taskinstance.py:2330} INFO - Executing <Task(BashOperator): create_folder> on 2025-07-07 00:00:00+00:00
[2025-08-08T03:07:10.108+0000] {standard_task_runner.py:63} INFO - Started process 4218 to run task
[2025-08-08T03:07:10.110+0000] {standard_task_runner.py:90} INFO - Running: ['***', 'tasks', 'run', 'climate_data', 'create_folder', 'scheduled__2025-07-07T00:00:00+00:00', '--job-id', '996', '--raw', '--subdir', 'DAGS_FOLDER/climate_data.py', '--cfg-path', '/tmp/tmprqagdnhl']
[2025-08-08T03:07:10.112+0000] {standard_task_runner.py:91} INFO - Job 996: Subtask create_folder
[2025-08-08T03:07:10.125+0000] {logging_mixin.py:188} WARNING - /home/***/.local/lib/python3.9/site-packages/***/settings.py:195 DeprecationWarning: The sql_alchemy_conn option in [core] has been moved to the sql_alchemy_conn option in [database] - the old setting has been used, but please update your config.
[2025-08-08T03:07:10.167+0000] {task_command.py:426} INFO - Running <TaskInstance: climate_data.create_folder scheduled__2025-07-07T00:00:00+00:00 [running]> on host 1a6f5acf67f4
[2025-08-08T03:07:10.225+0000] {taskinstance.py:2648} INFO - Exporting env vars: AIRFLOW_CTX_DAG_OWNER='***' AIRFLOW_CTX_DAG_ID='climate_data' AIRFLOW_CTX_TASK_ID='create_folder' AIRFLOW_CTX_EXECUTION_DATE='2025-07-07T00:00:00+00:00' AIRFLOW_CTX_TRY_NUMBER='1' AIRFLOW_CTX_DAG_RUN_ID='scheduled__2025-07-07T00:00:00+00:00'
[2025-08-08T03:07:10.226+0000] {taskinstance.py:430} INFO - ::endgroup::
[2025-08-08T03:07:10.233+0000] {subprocess.py:63} INFO - Tmp dir root location: /tmp
[2025-08-08T03:07:10.234+0000] {subprocess.py:75} INFO - Running command: ['/usr/bin/bash', '-c', 'mkdir -p "/home/***/host_documents/week2025-07-14"']
[2025-08-08T03:07:10.241+0000] {subprocess.py:86} INFO - Output:
[2025-08-08T03:07:10.244+0000] {subprocess.py:97} INFO - Command exited with return code 0
[2025-08-08T03:07:10.245+0000] {taskinstance.py:441} INFO - ::group::Post task execution logs
[2025-08-08T03:07:10.261+0000] {taskinstance.py:1206} INFO - Marking task as SUCCESS. dag_id=climate_data, task_id=create_folder, run_id=scheduled__2025-07-07T00:00:00+00:00, execution_date=20250707T000000, start_date=20250808T030710, end_date=20250808T030710
[2025-08-08T03:07:10.283+0000] {local_task_job_runner.py:240} INFO - Task exited with return code 0
[2025-08-08T03:07:10.297+0000] {taskinstance.py:3498} INFO - 1 downstream tasks scheduled from follow-on schedule check
[2025-08-08T03:07:10.299+0000] {local_task_job_runner.py:222} INFO - ::endgroup::
[2025-08-08T03:09:37.996+0000] {local_task_job_runner.py:120} INFO - ::group::Pre task execution logs
[2025-08-08T03:09:38.021+0000] {taskinstance.py:2076} INFO - Dependencies all met for dep_context=non-requeueable deps ti=<TaskInstance: climate_data.create_folder scheduled__2025-07-07T00:00:00+00:00 [queued]>
[2025-08-08T03:09:38.028+0000] {taskinstance.py:2076} INFO - Dependencies all met for dep_context=requeueable deps ti=<TaskInstance: climate_data.create_folder scheduled__2025-07-07T00:00:00+00:00 [queued]>
[2025-08-08T03:09:38.029+0000] {taskinstance.py:2306} INFO - Starting attempt 1 of 1
[2025-08-08T03:09:38.038+0000] {taskinstance.py:2330} INFO - Executing <Task(BashOperator): create_folder> on 2025-07-07 00:00:00+00:00
[2025-08-08T03:09:38.042+0000] {standard_task_runner.py:63} INFO - Started process 4340 to run task
[2025-08-08T03:09:38.045+0000] {standard_task_runner.py:90} INFO - Running: ['***', 'tasks', 'run', 'climate_data', 'create_folder', 'scheduled__2025-07-07T00:00:00+00:00', '--job-id', '1008', '--raw', '--subdir', 'DAGS_FOLDER/climate_data.py', '--cfg-path', '/tmp/tmpmor3o5_8']
[2025-08-08T03:09:38.048+0000] {standard_task_runner.py:91} INFO - Job 1008: Subtask create_folder
[2025-08-08T03:09:38.062+0000] {logging_mixin.py:188} WARNING - /home/***/.local/lib/python3.9/site-packages/***/settings.py:195 DeprecationWarning: The sql_alchemy_conn option in [core] has been moved to the sql_alchemy_conn option in [database] - the old setting has been used, but please update your config.
[2025-08-08T03:09:38.104+0000] {task_command.py:426} INFO - Running <TaskInstance: climate_data.create_folder scheduled__2025-07-07T00:00:00+00:00 [running]> on host 1a6f5acf67f4
[2025-08-08T03:09:38.166+0000] {taskinstance.py:2648} INFO - Exporting env vars: AIRFLOW_CTX_DAG_OWNER='***' AIRFLOW_CTX_DAG_ID='climate_data' AIRFLOW_CTX_TASK_ID='create_folder' AIRFLOW_CTX_EXECUTION_DATE='2025-07-07T00:00:00+00:00' AIRFLOW_CTX_TRY_NUMBER='1' AIRFLOW_CTX_DAG_RUN_ID='scheduled__2025-07-07T00:00:00+00:00'
[2025-08-08T03:09:38.167+0000] {taskinstance.py:430} INFO - ::endgroup::
[2025-08-08T03:09:38.175+0000] {subprocess.py:63} INFO - Tmp dir root location: /tmp
[2025-08-08T03:09:38.176+0000] {subprocess.py:75} INFO - Running command: ['/usr/bin/bash', '-c', 'mkdir -p "/home/***/host_documents/week2025-07-14"']
[2025-08-08T03:09:38.183+0000] {subprocess.py:86} INFO - Output:
[2025-08-08T03:09:38.186+0000] {subprocess.py:97} INFO - Command exited with return code 0
[2025-08-08T03:09:38.186+0000] {taskinstance.py:441} INFO - ::group::Post task execution logs
[2025-08-08T03:09:38.202+0000] {taskinstance.py:1206} INFO - Marking task as SUCCESS. dag_id=climate_data, task_id=create_folder, run_id=scheduled__2025-07-07T00:00:00+00:00, execution_date=20250707T000000, start_date=20250808T030938, end_date=20250808T030938
[2025-08-08T03:09:38.218+0000] {local_task_job_runner.py:240} INFO - Task exited with return code 0
[2025-08-08T03:09:38.232+0000] {taskinstance.py:3498} INFO - 1 downstream tasks scheduled from follow-on schedule check
[2025-08-08T03:09:38.233+0000] {local_task_job_runner.py:222} INFO - ::endgroup::
