[2025-08-08T02:26:38.657+0000] {local_task_job_runner.py:120} INFO - ::group::Pre task execution logs
[2025-08-08T02:26:38.677+0000] {taskinstance.py:2076} INFO - Dependencies all met for dep_context=non-requeueable deps ti=<TaskInstance: climate_data.create_folder scheduled__2023-10-23T00:00:00+00:00 [queued]>
[2025-08-08T02:26:38.685+0000] {taskinstance.py:2076} INFO - Dependencies all met for dep_context=requeueable deps ti=<TaskInstance: climate_data.create_folder scheduled__2023-10-23T00:00:00+00:00 [queued]>
[2025-08-08T02:26:38.685+0000] {taskinstance.py:2306} INFO - Starting attempt 1 of 1
[2025-08-08T02:26:38.704+0000] {taskinstance.py:2330} INFO - Executing <Task(BashOperator): create_folder> on 2023-10-23 00:00:00+00:00
[2025-08-08T02:26:38.708+0000] {standard_task_runner.py:63} INFO - Started process 464 to run task
[2025-08-08T02:26:38.710+0000] {standard_task_runner.py:90} INFO - Running: ['***', 'tasks', 'run', 'climate_data', 'create_folder', 'scheduled__2023-10-23T00:00:00+00:00', '--job-id', '90', '--raw', '--subdir', 'DAGS_FOLDER/climate_data.py', '--cfg-path', '/tmp/tmpz5h6jli0']
[2025-08-08T02:26:38.712+0000] {standard_task_runner.py:91} INFO - Job 90: Subtask create_folder
[2025-08-08T02:26:38.724+0000] {logging_mixin.py:188} WARNING - /home/***/.local/lib/python3.9/site-packages/***/settings.py:195 DeprecationWarning: The sql_alchemy_conn option in [core] has been moved to the sql_alchemy_conn option in [database] - the old setting has been used, but please update your config.
[2025-08-08T02:26:38.770+0000] {task_command.py:426} INFO - Running <TaskInstance: climate_data.create_folder scheduled__2023-10-23T00:00:00+00:00 [running]> on host 3ceab82043f1
[2025-08-08T02:26:38.835+0000] {taskinstance.py:2648} INFO - Exporting env vars: AIRFLOW_CTX_DAG_OWNER='***' AIRFLOW_CTX_DAG_ID='climate_data' AIRFLOW_CTX_TASK_ID='create_folder' AIRFLOW_CTX_EXECUTION_DATE='2023-10-23T00:00:00+00:00' AIRFLOW_CTX_TRY_NUMBER='1' AIRFLOW_CTX_DAG_RUN_ID='scheduled__2023-10-23T00:00:00+00:00'
[2025-08-08T02:26:38.836+0000] {taskinstance.py:430} INFO - ::endgroup::
[2025-08-08T02:26:38.844+0000] {subprocess.py:63} INFO - Tmp dir root location: /tmp
[2025-08-08T02:26:38.845+0000] {subprocess.py:75} INFO - Running command: ['/usr/bin/bash', '-c', 'mkdir -p /home/***/host_documents/week2023-10-30"']
[2025-08-08T02:26:38.853+0000] {subprocess.py:86} INFO - Output:
[2025-08-08T02:26:38.854+0000] {subprocess.py:93} INFO - /usr/bin/bash: -c: line 1: unexpected EOF while looking for matching `"'
[2025-08-08T02:26:38.854+0000] {subprocess.py:97} INFO - Command exited with return code 2
[2025-08-08T02:26:38.858+0000] {taskinstance.py:441} INFO - ::group::Post task execution logs
[2025-08-08T02:26:38.867+0000] {taskinstance.py:2905} ERROR - Task failed with exception
Traceback (most recent call last):
  File "/home/airflow/.local/lib/python3.9/site-packages/airflow/models/taskinstance.py", line 465, in _execute_task
    result = _execute_callable(context=context, **execute_callable_kwargs)
  File "/home/airflow/.local/lib/python3.9/site-packages/airflow/models/taskinstance.py", line 432, in _execute_callable
    return execute_callable(context=context, **execute_callable_kwargs)
  File "/home/airflow/.local/lib/python3.9/site-packages/airflow/models/baseoperator.py", line 400, in wrapper
    return func(self, *args, **kwargs)
  File "/home/airflow/.local/lib/python3.9/site-packages/airflow/operators/bash.py", line 243, in execute
    raise AirflowException(
airflow.exceptions.AirflowException: Bash command failed. The command returned a non-zero exit code 2.
[2025-08-08T02:26:38.870+0000] {taskinstance.py:1206} INFO - Marking task as FAILED. dag_id=climate_data, task_id=create_folder, run_id=scheduled__2023-10-23T00:00:00+00:00, execution_date=20231023T000000, start_date=20250808T022638, end_date=20250808T022638
[2025-08-08T02:26:38.879+0000] {standard_task_runner.py:110} ERROR - Failed to execute job 90 for task create_folder (Bash command failed. The command returned a non-zero exit code 2.; 464)
[2025-08-08T02:26:38.885+0000] {local_task_job_runner.py:240} INFO - Task exited with return code 1
[2025-08-08T02:26:38.900+0000] {taskinstance.py:3498} INFO - 0 downstream tasks scheduled from follow-on schedule check
[2025-08-08T02:26:38.904+0000] {local_task_job_runner.py:222} INFO - ::endgroup::
[2025-08-08T02:34:57.775+0000] {local_task_job_runner.py:120} INFO - ::group::Pre task execution logs
[2025-08-08T02:34:57.797+0000] {taskinstance.py:2076} INFO - Dependencies all met for dep_context=non-requeueable deps ti=<TaskInstance: climate_data.create_folder scheduled__2023-10-23T00:00:00+00:00 [queued]>
[2025-08-08T02:34:57.804+0000] {taskinstance.py:2076} INFO - Dependencies all met for dep_context=requeueable deps ti=<TaskInstance: climate_data.create_folder scheduled__2023-10-23T00:00:00+00:00 [queued]>
[2025-08-08T02:34:57.804+0000] {taskinstance.py:2306} INFO - Starting attempt 1 of 1
[2025-08-08T02:34:57.815+0000] {taskinstance.py:2330} INFO - Executing <Task(BashOperator): create_folder> on 2023-10-23 00:00:00+00:00
[2025-08-08T02:34:57.819+0000] {standard_task_runner.py:63} INFO - Started process 511 to run task
[2025-08-08T02:34:57.822+0000] {standard_task_runner.py:90} INFO - Running: ['***', 'tasks', 'run', 'climate_data', 'create_folder', 'scheduled__2023-10-23T00:00:00+00:00', '--job-id', '245', '--raw', '--subdir', 'DAGS_FOLDER/climate_data.py', '--cfg-path', '/tmp/tmppbusqd53']
[2025-08-08T02:34:57.824+0000] {standard_task_runner.py:91} INFO - Job 245: Subtask create_folder
[2025-08-08T02:34:57.838+0000] {logging_mixin.py:188} WARNING - /home/***/.local/lib/python3.9/site-packages/***/settings.py:195 DeprecationWarning: The sql_alchemy_conn option in [core] has been moved to the sql_alchemy_conn option in [database] - the old setting has been used, but please update your config.
[2025-08-08T02:34:57.882+0000] {task_command.py:426} INFO - Running <TaskInstance: climate_data.create_folder scheduled__2023-10-23T00:00:00+00:00 [running]> on host 1a6f5acf67f4
[2025-08-08T02:34:57.945+0000] {taskinstance.py:2648} INFO - Exporting env vars: AIRFLOW_CTX_DAG_OWNER='***' AIRFLOW_CTX_DAG_ID='climate_data' AIRFLOW_CTX_TASK_ID='create_folder' AIRFLOW_CTX_EXECUTION_DATE='2023-10-23T00:00:00+00:00' AIRFLOW_CTX_TRY_NUMBER='1' AIRFLOW_CTX_DAG_RUN_ID='scheduled__2023-10-23T00:00:00+00:00'
[2025-08-08T02:34:57.946+0000] {taskinstance.py:430} INFO - ::endgroup::
[2025-08-08T02:34:57.954+0000] {subprocess.py:63} INFO - Tmp dir root location: /tmp
[2025-08-08T02:34:57.954+0000] {subprocess.py:75} INFO - Running command: ['/usr/bin/bash', '-c', 'mkdir -p /home/***/host_documents/week2023-10-30"']
[2025-08-08T02:34:57.963+0000] {subprocess.py:86} INFO - Output:
[2025-08-08T02:34:57.965+0000] {subprocess.py:93} INFO - /usr/bin/bash: -c: line 1: unexpected EOF while looking for matching `"'
[2025-08-08T02:34:57.966+0000] {subprocess.py:97} INFO - Command exited with return code 2
[2025-08-08T02:34:57.966+0000] {taskinstance.py:441} INFO - ::group::Post task execution logs
[2025-08-08T02:34:57.973+0000] {taskinstance.py:2905} ERROR - Task failed with exception
Traceback (most recent call last):
  File "/home/airflow/.local/lib/python3.9/site-packages/airflow/models/taskinstance.py", line 465, in _execute_task
    result = _execute_callable(context=context, **execute_callable_kwargs)
  File "/home/airflow/.local/lib/python3.9/site-packages/airflow/models/taskinstance.py", line 432, in _execute_callable
    return execute_callable(context=context, **execute_callable_kwargs)
  File "/home/airflow/.local/lib/python3.9/site-packages/airflow/models/baseoperator.py", line 400, in wrapper
    return func(self, *args, **kwargs)
  File "/home/airflow/.local/lib/python3.9/site-packages/airflow/operators/bash.py", line 243, in execute
    raise AirflowException(
airflow.exceptions.AirflowException: Bash command failed. The command returned a non-zero exit code 2.
[2025-08-08T02:34:57.976+0000] {taskinstance.py:1206} INFO - Marking task as FAILED. dag_id=climate_data, task_id=create_folder, run_id=scheduled__2023-10-23T00:00:00+00:00, execution_date=20231023T000000, start_date=20250808T023457, end_date=20250808T023457
[2025-08-08T02:34:57.995+0000] {standard_task_runner.py:110} ERROR - Failed to execute job 245 for task create_folder (Bash command failed. The command returned a non-zero exit code 2.; 511)
[2025-08-08T02:34:58.035+0000] {local_task_job_runner.py:240} INFO - Task exited with return code 1
[2025-08-08T02:34:58.049+0000] {taskinstance.py:3498} INFO - 0 downstream tasks scheduled from follow-on schedule check
[2025-08-08T02:34:58.052+0000] {local_task_job_runner.py:222} INFO - ::endgroup::
[2025-08-08T02:39:30.383+0000] {local_task_job_runner.py:120} INFO - ::group::Pre task execution logs
[2025-08-08T02:39:30.407+0000] {taskinstance.py:2076} INFO - Dependencies all met for dep_context=non-requeueable deps ti=<TaskInstance: climate_data.create_folder scheduled__2023-10-23T00:00:00+00:00 [queued]>
[2025-08-08T02:39:30.418+0000] {taskinstance.py:2076} INFO - Dependencies all met for dep_context=requeueable deps ti=<TaskInstance: climate_data.create_folder scheduled__2023-10-23T00:00:00+00:00 [queued]>
[2025-08-08T02:39:30.420+0000] {taskinstance.py:2306} INFO - Starting attempt 1 of 1
[2025-08-08T02:39:30.433+0000] {taskinstance.py:2330} INFO - Executing <Task(BashOperator): create_folder> on 2023-10-23 00:00:00+00:00
[2025-08-08T02:39:30.438+0000] {standard_task_runner.py:63} INFO - Started process 1447 to run task
[2025-08-08T02:39:30.441+0000] {standard_task_runner.py:90} INFO - Running: ['***', 'tasks', 'run', 'climate_data', 'create_folder', 'scheduled__2023-10-23T00:00:00+00:00', '--job-id', '455', '--raw', '--subdir', 'DAGS_FOLDER/climate_data.py', '--cfg-path', '/tmp/tmpvg4e_yi3']
[2025-08-08T02:39:30.443+0000] {standard_task_runner.py:91} INFO - Job 455: Subtask create_folder
[2025-08-08T02:39:30.459+0000] {logging_mixin.py:188} WARNING - /home/***/.local/lib/python3.9/site-packages/***/settings.py:195 DeprecationWarning: The sql_alchemy_conn option in [core] has been moved to the sql_alchemy_conn option in [database] - the old setting has been used, but please update your config.
[2025-08-08T02:39:30.507+0000] {task_command.py:426} INFO - Running <TaskInstance: climate_data.create_folder scheduled__2023-10-23T00:00:00+00:00 [running]> on host 1a6f5acf67f4
[2025-08-08T02:39:30.579+0000] {taskinstance.py:2648} INFO - Exporting env vars: AIRFLOW_CTX_DAG_OWNER='***' AIRFLOW_CTX_DAG_ID='climate_data' AIRFLOW_CTX_TASK_ID='create_folder' AIRFLOW_CTX_EXECUTION_DATE='2023-10-23T00:00:00+00:00' AIRFLOW_CTX_TRY_NUMBER='1' AIRFLOW_CTX_DAG_RUN_ID='scheduled__2023-10-23T00:00:00+00:00'
[2025-08-08T02:39:30.580+0000] {taskinstance.py:430} INFO - ::endgroup::
[2025-08-08T02:39:30.591+0000] {subprocess.py:63} INFO - Tmp dir root location: /tmp
[2025-08-08T02:39:30.593+0000] {subprocess.py:75} INFO - Running command: ['/usr/bin/bash', '-c', 'mkdir -p /home/***/host_documents/week2023-10-30']
[2025-08-08T02:39:30.605+0000] {subprocess.py:86} INFO - Output:
[2025-08-08T02:39:30.609+0000] {subprocess.py:97} INFO - Command exited with return code 0
[2025-08-08T02:39:30.610+0000] {taskinstance.py:441} INFO - ::group::Post task execution logs
[2025-08-08T02:39:30.630+0000] {taskinstance.py:1206} INFO - Marking task as SUCCESS. dag_id=climate_data, task_id=create_folder, run_id=scheduled__2023-10-23T00:00:00+00:00, execution_date=20231023T000000, start_date=20250808T023930, end_date=20250808T023930
[2025-08-08T02:39:30.695+0000] {local_task_job_runner.py:240} INFO - Task exited with return code 0
[2025-08-08T02:39:30.706+0000] {local_task_job_runner.py:222} INFO - ::endgroup::
[2025-08-08T02:42:29.014+0000] {local_task_job_runner.py:120} INFO - ::group::Pre task execution logs
[2025-08-08T02:42:29.046+0000] {taskinstance.py:2076} INFO - Dependencies all met for dep_context=non-requeueable deps ti=<TaskInstance: climate_data.create_folder scheduled__2023-10-23T00:00:00+00:00 [queued]>
[2025-08-08T02:42:29.055+0000] {taskinstance.py:2076} INFO - Dependencies all met for dep_context=requeueable deps ti=<TaskInstance: climate_data.create_folder scheduled__2023-10-23T00:00:00+00:00 [queued]>
[2025-08-08T02:42:29.059+0000] {taskinstance.py:2306} INFO - Starting attempt 1 of 1
[2025-08-08T02:42:29.077+0000] {taskinstance.py:2330} INFO - Executing <Task(BashOperator): create_folder> on 2023-10-23 00:00:00+00:00
[2025-08-08T02:42:29.081+0000] {standard_task_runner.py:63} INFO - Started process 2627 to run task
[2025-08-08T02:42:29.084+0000] {standard_task_runner.py:90} INFO - Running: ['***', 'tasks', 'run', 'climate_data', 'create_folder', 'scheduled__2023-10-23T00:00:00+00:00', '--job-id', '763', '--raw', '--subdir', 'DAGS_FOLDER/climate_data.py', '--cfg-path', '/tmp/tmpu33domn8']
[2025-08-08T02:42:29.086+0000] {standard_task_runner.py:91} INFO - Job 763: Subtask create_folder
[2025-08-08T02:42:29.102+0000] {logging_mixin.py:188} WARNING - /home/***/.local/lib/python3.9/site-packages/***/settings.py:195 DeprecationWarning: The sql_alchemy_conn option in [core] has been moved to the sql_alchemy_conn option in [database] - the old setting has been used, but please update your config.
[2025-08-08T02:42:29.152+0000] {task_command.py:426} INFO - Running <TaskInstance: climate_data.create_folder scheduled__2023-10-23T00:00:00+00:00 [running]> on host 1a6f5acf67f4
[2025-08-08T02:42:29.221+0000] {taskinstance.py:2648} INFO - Exporting env vars: AIRFLOW_CTX_DAG_OWNER='***' AIRFLOW_CTX_DAG_ID='climate_data' AIRFLOW_CTX_TASK_ID='create_folder' AIRFLOW_CTX_EXECUTION_DATE='2023-10-23T00:00:00+00:00' AIRFLOW_CTX_TRY_NUMBER='1' AIRFLOW_CTX_DAG_RUN_ID='scheduled__2023-10-23T00:00:00+00:00'
[2025-08-08T02:42:29.222+0000] {taskinstance.py:430} INFO - ::endgroup::
[2025-08-08T02:42:29.231+0000] {subprocess.py:63} INFO - Tmp dir root location: /tmp
[2025-08-08T02:42:29.232+0000] {subprocess.py:75} INFO - Running command: ['/usr/bin/bash', '-c', 'mkdir -p "/home/***/host_documents/week2023-10-30"']
[2025-08-08T02:42:29.243+0000] {subprocess.py:86} INFO - Output:
[2025-08-08T02:42:29.247+0000] {subprocess.py:97} INFO - Command exited with return code 0
[2025-08-08T02:42:29.248+0000] {taskinstance.py:441} INFO - ::group::Post task execution logs
[2025-08-08T02:42:29.268+0000] {taskinstance.py:1206} INFO - Marking task as SUCCESS. dag_id=climate_data, task_id=create_folder, run_id=scheduled__2023-10-23T00:00:00+00:00, execution_date=20231023T000000, start_date=20250808T024229, end_date=20250808T024229
[2025-08-08T02:42:29.337+0000] {local_task_job_runner.py:240} INFO - Task exited with return code 0
[2025-08-08T02:42:29.360+0000] {taskinstance.py:3498} INFO - 1 downstream tasks scheduled from follow-on schedule check
[2025-08-08T02:42:29.362+0000] {local_task_job_runner.py:222} INFO - ::endgroup::
