[2025-08-08T02:27:01.523+0000] {local_task_job_runner.py:120} INFO - ::group::Pre task execution logs
[2025-08-08T02:27:01.548+0000] {taskinstance.py:2076} INFO - Dependencies all met for dep_context=non-requeueable deps ti=<TaskInstance: climate_data.create_folder scheduled__2025-03-03T00:00:00+00:00 [queued]>
[2025-08-08T02:27:01.556+0000] {taskinstance.py:2076} INFO - Dependencies all met for dep_context=requeueable deps ti=<TaskInstance: climate_data.create_folder scheduled__2025-03-03T00:00:00+00:00 [queued]>
[2025-08-08T02:27:01.556+0000] {taskinstance.py:2306} INFO - Starting attempt 1 of 1
[2025-08-08T02:27:01.581+0000] {taskinstance.py:2330} INFO - Executing <Task(BashOperator): create_folder> on 2025-03-03 00:00:00+00:00
[2025-08-08T02:27:01.585+0000] {standard_task_runner.py:63} INFO - Started process 765 to run task
[2025-08-08T02:27:01.588+0000] {standard_task_runner.py:90} INFO - Running: ['***', 'tasks', 'run', 'climate_data', 'create_folder', 'scheduled__2025-03-03T00:00:00+00:00', '--job-id', '161', '--raw', '--subdir', 'DAGS_FOLDER/climate_data.py', '--cfg-path', '/tmp/tmpoayrlj1e']
[2025-08-08T02:27:01.590+0000] {standard_task_runner.py:91} INFO - Job 161: Subtask create_folder
[2025-08-08T02:27:01.607+0000] {logging_mixin.py:188} WARNING - /home/***/.local/lib/python3.9/site-packages/***/settings.py:195 DeprecationWarning: The sql_alchemy_conn option in [core] has been moved to the sql_alchemy_conn option in [database] - the old setting has been used, but please update your config.
[2025-08-08T02:27:01.652+0000] {task_command.py:426} INFO - Running <TaskInstance: climate_data.create_folder scheduled__2025-03-03T00:00:00+00:00 [running]> on host 3ceab82043f1
[2025-08-08T02:27:01.722+0000] {taskinstance.py:2648} INFO - Exporting env vars: AIRFLOW_CTX_DAG_OWNER='***' AIRFLOW_CTX_DAG_ID='climate_data' AIRFLOW_CTX_TASK_ID='create_folder' AIRFLOW_CTX_EXECUTION_DATE='2025-03-03T00:00:00+00:00' AIRFLOW_CTX_TRY_NUMBER='1' AIRFLOW_CTX_DAG_RUN_ID='scheduled__2025-03-03T00:00:00+00:00'
[2025-08-08T02:27:01.723+0000] {taskinstance.py:430} INFO - ::endgroup::
[2025-08-08T02:27:01.733+0000] {subprocess.py:63} INFO - Tmp dir root location: /tmp
[2025-08-08T02:27:01.735+0000] {subprocess.py:75} INFO - Running command: ['/usr/bin/bash', '-c', 'mkdir -p /home/***/host_documents/week2025-03-10"']
[2025-08-08T02:27:01.745+0000] {subprocess.py:86} INFO - Output:
[2025-08-08T02:27:01.747+0000] {subprocess.py:93} INFO - /usr/bin/bash: -c: line 1: unexpected EOF while looking for matching `"'
[2025-08-08T02:27:01.747+0000] {subprocess.py:97} INFO - Command exited with return code 2
[2025-08-08T02:27:01.749+0000] {taskinstance.py:441} INFO - ::group::Post task execution logs
[2025-08-08T02:27:01.760+0000] {taskinstance.py:2905} ERROR - Task failed with exception
Traceback (most recent call last):
  File "/home/airflow/.local/lib/python3.9/site-packages/airflow/models/taskinstance.py", line 465, in _execute_task
    result = _execute_callable(context=context, **execute_callable_kwargs)
  File "/home/airflow/.local/lib/python3.9/site-packages/airflow/models/taskinstance.py", line 432, in _execute_callable
    return execute_callable(context=context, **execute_callable_kwargs)
  File "/home/airflow/.local/lib/python3.9/site-packages/airflow/models/baseoperator.py", line 400, in wrapper
    return func(self, *args, **kwargs)
  File "/home/airflow/.local/lib/python3.9/site-packages/airflow/operators/bash.py", line 243, in execute
    raise AirflowException(
airflow.exceptions.AirflowException: Bash command failed. The command returned a non-zero exit code 2.
[2025-08-08T02:27:01.765+0000] {taskinstance.py:1206} INFO - Marking task as FAILED. dag_id=climate_data, task_id=create_folder, run_id=scheduled__2025-03-03T00:00:00+00:00, execution_date=20250303T000000, start_date=20250808T022701, end_date=20250808T022701
[2025-08-08T02:27:01.790+0000] {standard_task_runner.py:110} ERROR - Failed to execute job 161 for task create_folder (Bash command failed. The command returned a non-zero exit code 2.; 765)
[2025-08-08T02:27:01.802+0000] {local_task_job_runner.py:240} INFO - Task exited with return code 1
[2025-08-08T02:27:01.819+0000] {taskinstance.py:3498} INFO - 0 downstream tasks scheduled from follow-on schedule check
[2025-08-08T02:27:01.824+0000] {local_task_job_runner.py:222} INFO - ::endgroup::
[2025-08-08T02:35:22.536+0000] {local_task_job_runner.py:120} INFO - ::group::Pre task execution logs
[2025-08-08T02:35:22.555+0000] {taskinstance.py:2076} INFO - Dependencies all met for dep_context=non-requeueable deps ti=<TaskInstance: climate_data.create_folder scheduled__2025-03-03T00:00:00+00:00 [queued]>
[2025-08-08T02:35:22.562+0000] {taskinstance.py:2076} INFO - Dependencies all met for dep_context=requeueable deps ti=<TaskInstance: climate_data.create_folder scheduled__2025-03-03T00:00:00+00:00 [queued]>
[2025-08-08T02:35:22.562+0000] {taskinstance.py:2306} INFO - Starting attempt 1 of 1
[2025-08-08T02:35:22.572+0000] {taskinstance.py:2330} INFO - Executing <Task(BashOperator): create_folder> on 2025-03-03 00:00:00+00:00
[2025-08-08T02:35:22.576+0000] {standard_task_runner.py:63} INFO - Started process 802 to run task
[2025-08-08T02:35:22.579+0000] {standard_task_runner.py:90} INFO - Running: ['***', 'tasks', 'run', 'climate_data', 'create_folder', 'scheduled__2025-03-03T00:00:00+00:00', '--job-id', '317', '--raw', '--subdir', 'DAGS_FOLDER/climate_data.py', '--cfg-path', '/tmp/tmpnhg07lx3']
[2025-08-08T02:35:22.582+0000] {standard_task_runner.py:91} INFO - Job 317: Subtask create_folder
[2025-08-08T02:35:22.596+0000] {logging_mixin.py:188} WARNING - /home/***/.local/lib/python3.9/site-packages/***/settings.py:195 DeprecationWarning: The sql_alchemy_conn option in [core] has been moved to the sql_alchemy_conn option in [database] - the old setting has been used, but please update your config.
[2025-08-08T02:35:22.640+0000] {task_command.py:426} INFO - Running <TaskInstance: climate_data.create_folder scheduled__2025-03-03T00:00:00+00:00 [running]> on host 1a6f5acf67f4
[2025-08-08T02:35:22.708+0000] {taskinstance.py:2648} INFO - Exporting env vars: AIRFLOW_CTX_DAG_OWNER='***' AIRFLOW_CTX_DAG_ID='climate_data' AIRFLOW_CTX_TASK_ID='create_folder' AIRFLOW_CTX_EXECUTION_DATE='2025-03-03T00:00:00+00:00' AIRFLOW_CTX_TRY_NUMBER='1' AIRFLOW_CTX_DAG_RUN_ID='scheduled__2025-03-03T00:00:00+00:00'
[2025-08-08T02:35:22.709+0000] {taskinstance.py:430} INFO - ::endgroup::
[2025-08-08T02:35:22.717+0000] {subprocess.py:63} INFO - Tmp dir root location: /tmp
[2025-08-08T02:35:22.718+0000] {subprocess.py:75} INFO - Running command: ['/usr/bin/bash', '-c', 'mkdir -p /home/***/host_documents/week2025-03-10"']
[2025-08-08T02:35:22.725+0000] {subprocess.py:86} INFO - Output:
[2025-08-08T02:35:22.726+0000] {subprocess.py:93} INFO - /usr/bin/bash: -c: line 1: unexpected EOF while looking for matching `"'
[2025-08-08T02:35:22.727+0000] {subprocess.py:97} INFO - Command exited with return code 2
[2025-08-08T02:35:22.727+0000] {taskinstance.py:441} INFO - ::group::Post task execution logs
[2025-08-08T02:35:22.736+0000] {taskinstance.py:2905} ERROR - Task failed with exception
Traceback (most recent call last):
  File "/home/airflow/.local/lib/python3.9/site-packages/airflow/models/taskinstance.py", line 465, in _execute_task
    result = _execute_callable(context=context, **execute_callable_kwargs)
  File "/home/airflow/.local/lib/python3.9/site-packages/airflow/models/taskinstance.py", line 432, in _execute_callable
    return execute_callable(context=context, **execute_callable_kwargs)
  File "/home/airflow/.local/lib/python3.9/site-packages/airflow/models/baseoperator.py", line 400, in wrapper
    return func(self, *args, **kwargs)
  File "/home/airflow/.local/lib/python3.9/site-packages/airflow/operators/bash.py", line 243, in execute
    raise AirflowException(
airflow.exceptions.AirflowException: Bash command failed. The command returned a non-zero exit code 2.
[2025-08-08T02:35:22.740+0000] {taskinstance.py:1206} INFO - Marking task as FAILED. dag_id=climate_data, task_id=create_folder, run_id=scheduled__2025-03-03T00:00:00+00:00, execution_date=20250303T000000, start_date=20250808T023522, end_date=20250808T023522
[2025-08-08T02:35:22.752+0000] {standard_task_runner.py:110} ERROR - Failed to execute job 317 for task create_folder (Bash command failed. The command returned a non-zero exit code 2.; 802)
[2025-08-08T02:35:22.792+0000] {local_task_job_runner.py:240} INFO - Task exited with return code 1
[2025-08-08T02:35:22.801+0000] {local_task_job_runner.py:222} INFO - ::endgroup::
[2025-08-08T02:39:55.812+0000] {local_task_job_runner.py:120} INFO - ::group::Pre task execution logs
[2025-08-08T02:39:55.832+0000] {taskinstance.py:2076} INFO - Dependencies all met for dep_context=non-requeueable deps ti=<TaskInstance: climate_data.create_folder scheduled__2025-03-03T00:00:00+00:00 [queued]>
[2025-08-08T02:39:55.838+0000] {taskinstance.py:2076} INFO - Dependencies all met for dep_context=requeueable deps ti=<TaskInstance: climate_data.create_folder scheduled__2025-03-03T00:00:00+00:00 [queued]>
[2025-08-08T02:39:55.839+0000] {taskinstance.py:2306} INFO - Starting attempt 1 of 1
[2025-08-08T02:39:55.848+0000] {taskinstance.py:2330} INFO - Executing <Task(BashOperator): create_folder> on 2025-03-03 00:00:00+00:00
[2025-08-08T02:39:55.853+0000] {standard_task_runner.py:63} INFO - Started process 1960 to run task
[2025-08-08T02:39:55.855+0000] {standard_task_runner.py:90} INFO - Running: ['***', 'tasks', 'run', 'climate_data', 'create_folder', 'scheduled__2025-03-03T00:00:00+00:00', '--job-id', '602', '--raw', '--subdir', 'DAGS_FOLDER/climate_data.py', '--cfg-path', '/tmp/tmptr5lixwd']
[2025-08-08T02:39:55.857+0000] {standard_task_runner.py:91} INFO - Job 602: Subtask create_folder
[2025-08-08T02:39:55.870+0000] {logging_mixin.py:188} WARNING - /home/***/.local/lib/python3.9/site-packages/***/settings.py:195 DeprecationWarning: The sql_alchemy_conn option in [core] has been moved to the sql_alchemy_conn option in [database] - the old setting has been used, but please update your config.
[2025-08-08T02:39:55.910+0000] {task_command.py:426} INFO - Running <TaskInstance: climate_data.create_folder scheduled__2025-03-03T00:00:00+00:00 [running]> on host 1a6f5acf67f4
[2025-08-08T02:39:55.976+0000] {taskinstance.py:2648} INFO - Exporting env vars: AIRFLOW_CTX_DAG_OWNER='***' AIRFLOW_CTX_DAG_ID='climate_data' AIRFLOW_CTX_TASK_ID='create_folder' AIRFLOW_CTX_EXECUTION_DATE='2025-03-03T00:00:00+00:00' AIRFLOW_CTX_TRY_NUMBER='1' AIRFLOW_CTX_DAG_RUN_ID='scheduled__2025-03-03T00:00:00+00:00'
[2025-08-08T02:39:55.977+0000] {taskinstance.py:430} INFO - ::endgroup::
[2025-08-08T02:39:55.985+0000] {subprocess.py:63} INFO - Tmp dir root location: /tmp
[2025-08-08T02:39:55.985+0000] {subprocess.py:75} INFO - Running command: ['/usr/bin/bash', '-c', 'mkdir -p /home/***/host_documents/week2025-03-10']
[2025-08-08T02:39:55.993+0000] {subprocess.py:86} INFO - Output:
[2025-08-08T02:39:55.998+0000] {subprocess.py:97} INFO - Command exited with return code 0
[2025-08-08T02:39:55.998+0000] {taskinstance.py:441} INFO - ::group::Post task execution logs
[2025-08-08T02:39:56.018+0000] {taskinstance.py:1206} INFO - Marking task as SUCCESS. dag_id=climate_data, task_id=create_folder, run_id=scheduled__2025-03-03T00:00:00+00:00, execution_date=20250303T000000, start_date=20250808T023955, end_date=20250808T023956
[2025-08-08T02:39:56.068+0000] {local_task_job_runner.py:240} INFO - Task exited with return code 0
[2025-08-08T02:39:56.085+0000] {taskinstance.py:3498} INFO - 1 downstream tasks scheduled from follow-on schedule check
[2025-08-08T02:39:56.088+0000] {local_task_job_runner.py:222} INFO - ::endgroup::
[2025-08-08T02:42:54.921+0000] {local_task_job_runner.py:120} INFO - ::group::Pre task execution logs
[2025-08-08T02:42:54.942+0000] {taskinstance.py:2076} INFO - Dependencies all met for dep_context=non-requeueable deps ti=<TaskInstance: climate_data.create_folder scheduled__2025-03-03T00:00:00+00:00 [queued]>
[2025-08-08T02:42:54.951+0000] {taskinstance.py:2076} INFO - Dependencies all met for dep_context=requeueable deps ti=<TaskInstance: climate_data.create_folder scheduled__2025-03-03T00:00:00+00:00 [queued]>
[2025-08-08T02:42:54.951+0000] {taskinstance.py:2306} INFO - Starting attempt 1 of 1
[2025-08-08T02:42:55.026+0000] {taskinstance.py:2330} INFO - Executing <Task(BashOperator): create_folder> on 2025-03-03 00:00:00+00:00
[2025-08-08T02:42:55.030+0000] {standard_task_runner.py:63} INFO - Started process 3129 to run task
[2025-08-08T02:42:55.033+0000] {standard_task_runner.py:90} INFO - Running: ['***', 'tasks', 'run', 'climate_data', 'create_folder', 'scheduled__2025-03-03T00:00:00+00:00', '--job-id', '908', '--raw', '--subdir', 'DAGS_FOLDER/climate_data.py', '--cfg-path', '/tmp/tmpyf6_4_zz']
[2025-08-08T02:42:55.036+0000] {standard_task_runner.py:91} INFO - Job 908: Subtask create_folder
[2025-08-08T02:42:55.051+0000] {logging_mixin.py:188} WARNING - /home/***/.local/lib/python3.9/site-packages/***/settings.py:195 DeprecationWarning: The sql_alchemy_conn option in [core] has been moved to the sql_alchemy_conn option in [database] - the old setting has been used, but please update your config.
[2025-08-08T02:42:55.098+0000] {task_command.py:426} INFO - Running <TaskInstance: climate_data.create_folder scheduled__2025-03-03T00:00:00+00:00 [running]> on host 1a6f5acf67f4
[2025-08-08T02:42:55.163+0000] {taskinstance.py:2648} INFO - Exporting env vars: AIRFLOW_CTX_DAG_OWNER='***' AIRFLOW_CTX_DAG_ID='climate_data' AIRFLOW_CTX_TASK_ID='create_folder' AIRFLOW_CTX_EXECUTION_DATE='2025-03-03T00:00:00+00:00' AIRFLOW_CTX_TRY_NUMBER='1' AIRFLOW_CTX_DAG_RUN_ID='scheduled__2025-03-03T00:00:00+00:00'
[2025-08-08T02:42:55.165+0000] {taskinstance.py:430} INFO - ::endgroup::
[2025-08-08T02:42:55.173+0000] {subprocess.py:63} INFO - Tmp dir root location: /tmp
[2025-08-08T02:42:55.174+0000] {subprocess.py:75} INFO - Running command: ['/usr/bin/bash', '-c', 'mkdir -p "/home/***/host_documents/week2025-03-10"']
[2025-08-08T02:42:55.183+0000] {subprocess.py:86} INFO - Output:
[2025-08-08T02:42:55.187+0000] {subprocess.py:97} INFO - Command exited with return code 0
[2025-08-08T02:42:55.187+0000] {taskinstance.py:441} INFO - ::group::Post task execution logs
[2025-08-08T02:42:55.209+0000] {taskinstance.py:1206} INFO - Marking task as SUCCESS. dag_id=climate_data, task_id=create_folder, run_id=scheduled__2025-03-03T00:00:00+00:00, execution_date=20250303T000000, start_date=20250808T024254, end_date=20250808T024255
[2025-08-08T02:42:55.286+0000] {local_task_job_runner.py:240} INFO - Task exited with return code 0
[2025-08-08T02:42:55.305+0000] {taskinstance.py:3498} INFO - 1 downstream tasks scheduled from follow-on schedule check
[2025-08-08T02:42:55.309+0000] {local_task_job_runner.py:222} INFO - ::endgroup::
