[2025-08-08T02:26:47.442+0000] {local_task_job_runner.py:120} INFO - ::group::Pre task execution logs
[2025-08-08T02:26:47.464+0000] {taskinstance.py:2076} INFO - Dependencies all met for dep_context=non-requeueable deps ti=<TaskInstance: climate_data.create_folder scheduled__2024-05-13T00:00:00+00:00 [queued]>
[2025-08-08T02:26:47.472+0000] {taskinstance.py:2076} INFO - Dependencies all met for dep_context=requeueable deps ti=<TaskInstance: climate_data.create_folder scheduled__2024-05-13T00:00:00+00:00 [queued]>
[2025-08-08T02:26:47.473+0000] {taskinstance.py:2306} INFO - Starting attempt 1 of 1
[2025-08-08T02:26:47.509+0000] {taskinstance.py:2330} INFO - Executing <Task(BashOperator): create_folder> on 2024-05-13 00:00:00+00:00
[2025-08-08T02:26:47.513+0000] {standard_task_runner.py:63} INFO - Started process 597 to run task
[2025-08-08T02:26:47.518+0000] {standard_task_runner.py:90} INFO - Running: ['***', 'tasks', 'run', 'climate_data', 'create_folder', 'scheduled__2024-05-13T00:00:00+00:00', '--job-id', '119', '--raw', '--subdir', 'DAGS_FOLDER/climate_data.py', '--cfg-path', '/tmp/tmpgojugkoa']
[2025-08-08T02:26:47.520+0000] {standard_task_runner.py:91} INFO - Job 119: Subtask create_folder
[2025-08-08T02:26:47.533+0000] {logging_mixin.py:188} WARNING - /home/***/.local/lib/python3.9/site-packages/***/settings.py:195 DeprecationWarning: The sql_alchemy_conn option in [core] has been moved to the sql_alchemy_conn option in [database] - the old setting has been used, but please update your config.
[2025-08-08T02:26:47.578+0000] {task_command.py:426} INFO - Running <TaskInstance: climate_data.create_folder scheduled__2024-05-13T00:00:00+00:00 [running]> on host 3ceab82043f1
[2025-08-08T02:26:47.644+0000] {taskinstance.py:2648} INFO - Exporting env vars: AIRFLOW_CTX_DAG_OWNER='***' AIRFLOW_CTX_DAG_ID='climate_data' AIRFLOW_CTX_TASK_ID='create_folder' AIRFLOW_CTX_EXECUTION_DATE='2024-05-13T00:00:00+00:00' AIRFLOW_CTX_TRY_NUMBER='1' AIRFLOW_CTX_DAG_RUN_ID='scheduled__2024-05-13T00:00:00+00:00'
[2025-08-08T02:26:47.645+0000] {taskinstance.py:430} INFO - ::endgroup::
[2025-08-08T02:26:47.655+0000] {subprocess.py:63} INFO - Tmp dir root location: /tmp
[2025-08-08T02:26:47.657+0000] {subprocess.py:75} INFO - Running command: ['/usr/bin/bash', '-c', 'mkdir -p /home/***/host_documents/week2024-05-20"']
[2025-08-08T02:26:47.666+0000] {subprocess.py:86} INFO - Output:
[2025-08-08T02:26:47.667+0000] {subprocess.py:93} INFO - /usr/bin/bash: -c: line 1: unexpected EOF while looking for matching `"'
[2025-08-08T02:26:47.668+0000] {subprocess.py:97} INFO - Command exited with return code 2
[2025-08-08T02:26:47.669+0000] {taskinstance.py:441} INFO - ::group::Post task execution logs
[2025-08-08T02:26:47.678+0000] {taskinstance.py:2905} ERROR - Task failed with exception
Traceback (most recent call last):
  File "/home/airflow/.local/lib/python3.9/site-packages/airflow/models/taskinstance.py", line 465, in _execute_task
    result = _execute_callable(context=context, **execute_callable_kwargs)
  File "/home/airflow/.local/lib/python3.9/site-packages/airflow/models/taskinstance.py", line 432, in _execute_callable
    return execute_callable(context=context, **execute_callable_kwargs)
  File "/home/airflow/.local/lib/python3.9/site-packages/airflow/models/baseoperator.py", line 400, in wrapper
    return func(self, *args, **kwargs)
  File "/home/airflow/.local/lib/python3.9/site-packages/airflow/operators/bash.py", line 243, in execute
    raise AirflowException(
airflow.exceptions.AirflowException: Bash command failed. The command returned a non-zero exit code 2.
[2025-08-08T02:26:47.682+0000] {taskinstance.py:1206} INFO - Marking task as FAILED. dag_id=climate_data, task_id=create_folder, run_id=scheduled__2024-05-13T00:00:00+00:00, execution_date=20240513T000000, start_date=20250808T022647, end_date=20250808T022647
[2025-08-08T02:26:47.714+0000] {standard_task_runner.py:110} ERROR - Failed to execute job 119 for task create_folder (Bash command failed. The command returned a non-zero exit code 2.; 597)
[2025-08-08T02:26:47.728+0000] {local_task_job_runner.py:240} INFO - Task exited with return code 1
[2025-08-08T02:26:47.748+0000] {taskinstance.py:3498} INFO - 0 downstream tasks scheduled from follow-on schedule check
[2025-08-08T02:26:47.752+0000] {local_task_job_runner.py:222} INFO - ::endgroup::
[2025-08-08T02:35:07.836+0000] {local_task_job_runner.py:120} INFO - ::group::Pre task execution logs
[2025-08-08T02:35:07.858+0000] {taskinstance.py:2076} INFO - Dependencies all met for dep_context=non-requeueable deps ti=<TaskInstance: climate_data.create_folder scheduled__2024-05-13T00:00:00+00:00 [queued]>
[2025-08-08T02:35:07.865+0000] {taskinstance.py:2076} INFO - Dependencies all met for dep_context=requeueable deps ti=<TaskInstance: climate_data.create_folder scheduled__2024-05-13T00:00:00+00:00 [queued]>
[2025-08-08T02:35:07.866+0000] {taskinstance.py:2306} INFO - Starting attempt 1 of 1
[2025-08-08T02:35:07.890+0000] {taskinstance.py:2330} INFO - Executing <Task(BashOperator): create_folder> on 2024-05-13 00:00:00+00:00
[2025-08-08T02:35:07.894+0000] {standard_task_runner.py:63} INFO - Started process 633 to run task
[2025-08-08T02:35:07.897+0000] {standard_task_runner.py:90} INFO - Running: ['***', 'tasks', 'run', 'climate_data', 'create_folder', 'scheduled__2024-05-13T00:00:00+00:00', '--job-id', '275', '--raw', '--subdir', 'DAGS_FOLDER/climate_data.py', '--cfg-path', '/tmp/tmp7i6p_0tj']
[2025-08-08T02:35:07.899+0000] {standard_task_runner.py:91} INFO - Job 275: Subtask create_folder
[2025-08-08T02:35:07.911+0000] {logging_mixin.py:188} WARNING - /home/***/.local/lib/python3.9/site-packages/***/settings.py:195 DeprecationWarning: The sql_alchemy_conn option in [core] has been moved to the sql_alchemy_conn option in [database] - the old setting has been used, but please update your config.
[2025-08-08T02:35:07.956+0000] {task_command.py:426} INFO - Running <TaskInstance: climate_data.create_folder scheduled__2024-05-13T00:00:00+00:00 [running]> on host 1a6f5acf67f4
[2025-08-08T02:35:08.026+0000] {taskinstance.py:2648} INFO - Exporting env vars: AIRFLOW_CTX_DAG_OWNER='***' AIRFLOW_CTX_DAG_ID='climate_data' AIRFLOW_CTX_TASK_ID='create_folder' AIRFLOW_CTX_EXECUTION_DATE='2024-05-13T00:00:00+00:00' AIRFLOW_CTX_TRY_NUMBER='1' AIRFLOW_CTX_DAG_RUN_ID='scheduled__2024-05-13T00:00:00+00:00'
[2025-08-08T02:35:08.027+0000] {taskinstance.py:430} INFO - ::endgroup::
[2025-08-08T02:35:08.036+0000] {subprocess.py:63} INFO - Tmp dir root location: /tmp
[2025-08-08T02:35:08.038+0000] {subprocess.py:75} INFO - Running command: ['/usr/bin/bash', '-c', 'mkdir -p /home/***/host_documents/week2024-05-20"']
[2025-08-08T02:35:08.048+0000] {subprocess.py:86} INFO - Output:
[2025-08-08T02:35:08.049+0000] {subprocess.py:93} INFO - /usr/bin/bash: -c: line 1: unexpected EOF while looking for matching `"'
[2025-08-08T02:35:08.050+0000] {subprocess.py:97} INFO - Command exited with return code 2
[2025-08-08T02:35:08.051+0000] {taskinstance.py:441} INFO - ::group::Post task execution logs
[2025-08-08T02:35:08.060+0000] {taskinstance.py:2905} ERROR - Task failed with exception
Traceback (most recent call last):
  File "/home/airflow/.local/lib/python3.9/site-packages/airflow/models/taskinstance.py", line 465, in _execute_task
    result = _execute_callable(context=context, **execute_callable_kwargs)
  File "/home/airflow/.local/lib/python3.9/site-packages/airflow/models/taskinstance.py", line 432, in _execute_callable
    return execute_callable(context=context, **execute_callable_kwargs)
  File "/home/airflow/.local/lib/python3.9/site-packages/airflow/models/baseoperator.py", line 400, in wrapper
    return func(self, *args, **kwargs)
  File "/home/airflow/.local/lib/python3.9/site-packages/airflow/operators/bash.py", line 243, in execute
    raise AirflowException(
airflow.exceptions.AirflowException: Bash command failed. The command returned a non-zero exit code 2.
[2025-08-08T02:35:08.065+0000] {taskinstance.py:1206} INFO - Marking task as FAILED. dag_id=climate_data, task_id=create_folder, run_id=scheduled__2024-05-13T00:00:00+00:00, execution_date=20240513T000000, start_date=20250808T023507, end_date=20250808T023508
[2025-08-08T02:35:08.108+0000] {standard_task_runner.py:110} ERROR - Failed to execute job 275 for task create_folder (Bash command failed. The command returned a non-zero exit code 2.; 633)
[2025-08-08T02:35:08.150+0000] {local_task_job_runner.py:240} INFO - Task exited with return code 1
[2025-08-08T02:35:08.158+0000] {local_task_job_runner.py:222} INFO - ::endgroup::
[2025-08-08T02:39:42.177+0000] {local_task_job_runner.py:120} INFO - ::group::Pre task execution logs
[2025-08-08T02:39:42.197+0000] {taskinstance.py:2076} INFO - Dependencies all met for dep_context=non-requeueable deps ti=<TaskInstance: climate_data.create_folder scheduled__2024-05-13T00:00:00+00:00 [queued]>
[2025-08-08T02:39:42.207+0000] {taskinstance.py:2076} INFO - Dependencies all met for dep_context=requeueable deps ti=<TaskInstance: climate_data.create_folder scheduled__2024-05-13T00:00:00+00:00 [queued]>
[2025-08-08T02:39:42.208+0000] {taskinstance.py:2306} INFO - Starting attempt 1 of 1
[2025-08-08T02:39:42.254+0000] {taskinstance.py:2330} INFO - Executing <Task(BashOperator): create_folder> on 2024-05-13 00:00:00+00:00
[2025-08-08T02:39:42.258+0000] {standard_task_runner.py:63} INFO - Started process 1656 to run task
[2025-08-08T02:39:42.261+0000] {standard_task_runner.py:90} INFO - Running: ['***', 'tasks', 'run', 'climate_data', 'create_folder', 'scheduled__2024-05-13T00:00:00+00:00', '--job-id', '513', '--raw', '--subdir', 'DAGS_FOLDER/climate_data.py', '--cfg-path', '/tmp/tmpcts0oob3']
[2025-08-08T02:39:42.263+0000] {standard_task_runner.py:91} INFO - Job 513: Subtask create_folder
[2025-08-08T02:39:42.278+0000] {logging_mixin.py:188} WARNING - /home/***/.local/lib/python3.9/site-packages/***/settings.py:195 DeprecationWarning: The sql_alchemy_conn option in [core] has been moved to the sql_alchemy_conn option in [database] - the old setting has been used, but please update your config.
[2025-08-08T02:39:42.324+0000] {task_command.py:426} INFO - Running <TaskInstance: climate_data.create_folder scheduled__2024-05-13T00:00:00+00:00 [running]> on host 1a6f5acf67f4
[2025-08-08T02:39:42.399+0000] {taskinstance.py:2648} INFO - Exporting env vars: AIRFLOW_CTX_DAG_OWNER='***' AIRFLOW_CTX_DAG_ID='climate_data' AIRFLOW_CTX_TASK_ID='create_folder' AIRFLOW_CTX_EXECUTION_DATE='2024-05-13T00:00:00+00:00' AIRFLOW_CTX_TRY_NUMBER='1' AIRFLOW_CTX_DAG_RUN_ID='scheduled__2024-05-13T00:00:00+00:00'
[2025-08-08T02:39:42.401+0000] {taskinstance.py:430} INFO - ::endgroup::
[2025-08-08T02:39:42.413+0000] {subprocess.py:63} INFO - Tmp dir root location: /tmp
[2025-08-08T02:39:42.414+0000] {subprocess.py:75} INFO - Running command: ['/usr/bin/bash', '-c', 'mkdir -p /home/***/host_documents/week2024-05-20']
[2025-08-08T02:39:42.425+0000] {subprocess.py:86} INFO - Output:
[2025-08-08T02:39:42.430+0000] {subprocess.py:97} INFO - Command exited with return code 0
[2025-08-08T02:39:42.431+0000] {taskinstance.py:441} INFO - ::group::Post task execution logs
[2025-08-08T02:39:42.457+0000] {taskinstance.py:1206} INFO - Marking task as SUCCESS. dag_id=climate_data, task_id=create_folder, run_id=scheduled__2024-05-13T00:00:00+00:00, execution_date=20240513T000000, start_date=20250808T023942, end_date=20250808T023942
[2025-08-08T02:39:42.555+0000] {local_task_job_runner.py:240} INFO - Task exited with return code 0
[2025-08-08T02:39:42.578+0000] {taskinstance.py:3498} INFO - 1 downstream tasks scheduled from follow-on schedule check
[2025-08-08T02:39:42.580+0000] {local_task_job_runner.py:222} INFO - ::endgroup::
[2025-08-08T02:42:39.507+0000] {local_task_job_runner.py:120} INFO - ::group::Pre task execution logs
[2025-08-08T02:42:39.532+0000] {taskinstance.py:2076} INFO - Dependencies all met for dep_context=non-requeueable deps ti=<TaskInstance: climate_data.create_folder scheduled__2024-05-13T00:00:00+00:00 [queued]>
[2025-08-08T02:42:39.543+0000] {taskinstance.py:2076} INFO - Dependencies all met for dep_context=requeueable deps ti=<TaskInstance: climate_data.create_folder scheduled__2024-05-13T00:00:00+00:00 [queued]>
[2025-08-08T02:42:39.544+0000] {taskinstance.py:2306} INFO - Starting attempt 1 of 1
[2025-08-08T02:42:39.558+0000] {taskinstance.py:2330} INFO - Executing <Task(BashOperator): create_folder> on 2024-05-13 00:00:00+00:00
[2025-08-08T02:42:39.563+0000] {standard_task_runner.py:63} INFO - Started process 2829 to run task
[2025-08-08T02:42:39.567+0000] {standard_task_runner.py:90} INFO - Running: ['***', 'tasks', 'run', 'climate_data', 'create_folder', 'scheduled__2024-05-13T00:00:00+00:00', '--job-id', '820', '--raw', '--subdir', 'DAGS_FOLDER/climate_data.py', '--cfg-path', '/tmp/tmp87qn18l8']
[2025-08-08T02:42:39.571+0000] {standard_task_runner.py:91} INFO - Job 820: Subtask create_folder
[2025-08-08T02:42:39.587+0000] {logging_mixin.py:188} WARNING - /home/***/.local/lib/python3.9/site-packages/***/settings.py:195 DeprecationWarning: The sql_alchemy_conn option in [core] has been moved to the sql_alchemy_conn option in [database] - the old setting has been used, but please update your config.
[2025-08-08T02:42:39.637+0000] {task_command.py:426} INFO - Running <TaskInstance: climate_data.create_folder scheduled__2024-05-13T00:00:00+00:00 [running]> on host 1a6f5acf67f4
[2025-08-08T02:42:39.714+0000] {taskinstance.py:2648} INFO - Exporting env vars: AIRFLOW_CTX_DAG_OWNER='***' AIRFLOW_CTX_DAG_ID='climate_data' AIRFLOW_CTX_TASK_ID='create_folder' AIRFLOW_CTX_EXECUTION_DATE='2024-05-13T00:00:00+00:00' AIRFLOW_CTX_TRY_NUMBER='1' AIRFLOW_CTX_DAG_RUN_ID='scheduled__2024-05-13T00:00:00+00:00'
[2025-08-08T02:42:39.715+0000] {taskinstance.py:430} INFO - ::endgroup::
[2025-08-08T02:42:39.725+0000] {subprocess.py:63} INFO - Tmp dir root location: /tmp
[2025-08-08T02:42:39.727+0000] {subprocess.py:75} INFO - Running command: ['/usr/bin/bash', '-c', 'mkdir -p "/home/***/host_documents/week2024-05-20"']
[2025-08-08T02:42:39.740+0000] {subprocess.py:86} INFO - Output:
[2025-08-08T02:42:39.746+0000] {subprocess.py:97} INFO - Command exited with return code 0
[2025-08-08T02:42:39.747+0000] {taskinstance.py:441} INFO - ::group::Post task execution logs
[2025-08-08T02:42:39.774+0000] {taskinstance.py:1206} INFO - Marking task as SUCCESS. dag_id=climate_data, task_id=create_folder, run_id=scheduled__2024-05-13T00:00:00+00:00, execution_date=20240513T000000, start_date=20250808T024239, end_date=20250808T024239
[2025-08-08T02:42:39.859+0000] {local_task_job_runner.py:240} INFO - Task exited with return code 0
[2025-08-08T02:42:39.869+0000] {local_task_job_runner.py:222} INFO - ::endgroup::
