[2025-08-08T02:27:01.770+0000] {local_task_job_runner.py:120} INFO - ::group::Pre task execution logs
[2025-08-08T02:27:01.793+0000] {taskinstance.py:2076} INFO - Dependencies all met for dep_context=non-requeueable deps ti=<TaskInstance: climate_data.create_folder scheduled__2025-03-24T00:00:00+00:00 [queued]>
[2025-08-08T02:27:01.802+0000] {taskinstance.py:2076} INFO - Dependencies all met for dep_context=requeueable deps ti=<TaskInstance: climate_data.create_folder scheduled__2025-03-24T00:00:00+00:00 [queued]>
[2025-08-08T02:27:01.803+0000] {taskinstance.py:2306} INFO - Starting attempt 1 of 1
[2025-08-08T02:27:01.813+0000] {taskinstance.py:2330} INFO - Executing <Task(BashOperator): create_folder> on 2025-03-24 00:00:00+00:00
[2025-08-08T02:27:01.817+0000] {standard_task_runner.py:63} INFO - Started process 776 to run task
[2025-08-08T02:27:01.820+0000] {standard_task_runner.py:90} INFO - Running: ['***', 'tasks', 'run', 'climate_data', 'create_folder', 'scheduled__2025-03-24T00:00:00+00:00', '--job-id', '164', '--raw', '--subdir', 'DAGS_FOLDER/climate_data.py', '--cfg-path', '/tmp/tmp_qrav8ks']
[2025-08-08T02:27:01.822+0000] {standard_task_runner.py:91} INFO - Job 164: Subtask create_folder
[2025-08-08T02:27:01.834+0000] {logging_mixin.py:188} WARNING - /home/***/.local/lib/python3.9/site-packages/***/settings.py:195 DeprecationWarning: The sql_alchemy_conn option in [core] has been moved to the sql_alchemy_conn option in [database] - the old setting has been used, but please update your config.
[2025-08-08T02:27:01.874+0000] {task_command.py:426} INFO - Running <TaskInstance: climate_data.create_folder scheduled__2025-03-24T00:00:00+00:00 [running]> on host 3ceab82043f1
[2025-08-08T02:27:01.942+0000] {taskinstance.py:2648} INFO - Exporting env vars: AIRFLOW_CTX_DAG_OWNER='***' AIRFLOW_CTX_DAG_ID='climate_data' AIRFLOW_CTX_TASK_ID='create_folder' AIRFLOW_CTX_EXECUTION_DATE='2025-03-24T00:00:00+00:00' AIRFLOW_CTX_TRY_NUMBER='1' AIRFLOW_CTX_DAG_RUN_ID='scheduled__2025-03-24T00:00:00+00:00'
[2025-08-08T02:27:01.944+0000] {taskinstance.py:430} INFO - ::endgroup::
[2025-08-08T02:27:01.952+0000] {subprocess.py:63} INFO - Tmp dir root location: /tmp
[2025-08-08T02:27:01.953+0000] {subprocess.py:75} INFO - Running command: ['/usr/bin/bash', '-c', 'mkdir -p /home/***/host_documents/week2025-03-31"']
[2025-08-08T02:27:01.964+0000] {subprocess.py:86} INFO - Output:
[2025-08-08T02:27:01.965+0000] {subprocess.py:93} INFO - /usr/bin/bash: -c: line 1: unexpected EOF while looking for matching `"'
[2025-08-08T02:27:01.966+0000] {subprocess.py:97} INFO - Command exited with return code 2
[2025-08-08T02:27:01.967+0000] {taskinstance.py:441} INFO - ::group::Post task execution logs
[2025-08-08T02:27:01.974+0000] {taskinstance.py:2905} ERROR - Task failed with exception
Traceback (most recent call last):
  File "/home/airflow/.local/lib/python3.9/site-packages/airflow/models/taskinstance.py", line 465, in _execute_task
    result = _execute_callable(context=context, **execute_callable_kwargs)
  File "/home/airflow/.local/lib/python3.9/site-packages/airflow/models/taskinstance.py", line 432, in _execute_callable
    return execute_callable(context=context, **execute_callable_kwargs)
  File "/home/airflow/.local/lib/python3.9/site-packages/airflow/models/baseoperator.py", line 400, in wrapper
    return func(self, *args, **kwargs)
  File "/home/airflow/.local/lib/python3.9/site-packages/airflow/operators/bash.py", line 243, in execute
    raise AirflowException(
airflow.exceptions.AirflowException: Bash command failed. The command returned a non-zero exit code 2.
[2025-08-08T02:27:01.977+0000] {taskinstance.py:1206} INFO - Marking task as FAILED. dag_id=climate_data, task_id=create_folder, run_id=scheduled__2025-03-24T00:00:00+00:00, execution_date=20250324T000000, start_date=20250808T022701, end_date=20250808T022701
[2025-08-08T02:27:01.988+0000] {standard_task_runner.py:110} ERROR - Failed to execute job 164 for task create_folder (Bash command failed. The command returned a non-zero exit code 2.; 776)
[2025-08-08T02:27:02.033+0000] {local_task_job_runner.py:240} INFO - Task exited with return code 1
[2025-08-08T02:27:02.047+0000] {taskinstance.py:3498} INFO - 0 downstream tasks scheduled from follow-on schedule check
[2025-08-08T02:27:02.050+0000] {local_task_job_runner.py:222} INFO - ::endgroup::
[2025-08-08T02:35:22.725+0000] {local_task_job_runner.py:120} INFO - ::group::Pre task execution logs
[2025-08-08T02:35:22.747+0000] {taskinstance.py:2076} INFO - Dependencies all met for dep_context=non-requeueable deps ti=<TaskInstance: climate_data.create_folder scheduled__2025-03-24T00:00:00+00:00 [queued]>
[2025-08-08T02:35:22.756+0000] {taskinstance.py:2076} INFO - Dependencies all met for dep_context=requeueable deps ti=<TaskInstance: climate_data.create_folder scheduled__2025-03-24T00:00:00+00:00 [queued]>
[2025-08-08T02:35:22.757+0000] {taskinstance.py:2306} INFO - Starting attempt 1 of 1
[2025-08-08T02:35:22.768+0000] {taskinstance.py:2330} INFO - Executing <Task(BashOperator): create_folder> on 2025-03-24 00:00:00+00:00
[2025-08-08T02:35:22.771+0000] {standard_task_runner.py:63} INFO - Started process 811 to run task
[2025-08-08T02:35:22.774+0000] {standard_task_runner.py:90} INFO - Running: ['***', 'tasks', 'run', 'climate_data', 'create_folder', 'scheduled__2025-03-24T00:00:00+00:00', '--job-id', '320', '--raw', '--subdir', 'DAGS_FOLDER/climate_data.py', '--cfg-path', '/tmp/tmpkz4vp9ok']
[2025-08-08T02:35:22.776+0000] {standard_task_runner.py:91} INFO - Job 320: Subtask create_folder
[2025-08-08T02:35:22.790+0000] {logging_mixin.py:188} WARNING - /home/***/.local/lib/python3.9/site-packages/***/settings.py:195 DeprecationWarning: The sql_alchemy_conn option in [core] has been moved to the sql_alchemy_conn option in [database] - the old setting has been used, but please update your config.
[2025-08-08T02:35:22.833+0000] {task_command.py:426} INFO - Running <TaskInstance: climate_data.create_folder scheduled__2025-03-24T00:00:00+00:00 [running]> on host 1a6f5acf67f4
[2025-08-08T02:35:22.908+0000] {taskinstance.py:2648} INFO - Exporting env vars: AIRFLOW_CTX_DAG_OWNER='***' AIRFLOW_CTX_DAG_ID='climate_data' AIRFLOW_CTX_TASK_ID='create_folder' AIRFLOW_CTX_EXECUTION_DATE='2025-03-24T00:00:00+00:00' AIRFLOW_CTX_TRY_NUMBER='1' AIRFLOW_CTX_DAG_RUN_ID='scheduled__2025-03-24T00:00:00+00:00'
[2025-08-08T02:35:22.909+0000] {taskinstance.py:430} INFO - ::endgroup::
[2025-08-08T02:35:22.916+0000] {subprocess.py:63} INFO - Tmp dir root location: /tmp
[2025-08-08T02:35:22.917+0000] {subprocess.py:75} INFO - Running command: ['/usr/bin/bash', '-c', 'mkdir -p /home/***/host_documents/week2025-03-31"']
[2025-08-08T02:35:22.926+0000] {subprocess.py:86} INFO - Output:
[2025-08-08T02:35:22.928+0000] {subprocess.py:93} INFO - /usr/bin/bash: -c: line 1: unexpected EOF while looking for matching `"'
[2025-08-08T02:35:22.929+0000] {subprocess.py:97} INFO - Command exited with return code 2
[2025-08-08T02:35:22.929+0000] {taskinstance.py:441} INFO - ::group::Post task execution logs
[2025-08-08T02:35:22.939+0000] {taskinstance.py:2905} ERROR - Task failed with exception
Traceback (most recent call last):
  File "/home/airflow/.local/lib/python3.9/site-packages/airflow/models/taskinstance.py", line 465, in _execute_task
    result = _execute_callable(context=context, **execute_callable_kwargs)
  File "/home/airflow/.local/lib/python3.9/site-packages/airflow/models/taskinstance.py", line 432, in _execute_callable
    return execute_callable(context=context, **execute_callable_kwargs)
  File "/home/airflow/.local/lib/python3.9/site-packages/airflow/models/baseoperator.py", line 400, in wrapper
    return func(self, *args, **kwargs)
  File "/home/airflow/.local/lib/python3.9/site-packages/airflow/operators/bash.py", line 243, in execute
    raise AirflowException(
airflow.exceptions.AirflowException: Bash command failed. The command returned a non-zero exit code 2.
[2025-08-08T02:35:22.942+0000] {taskinstance.py:1206} INFO - Marking task as FAILED. dag_id=climate_data, task_id=create_folder, run_id=scheduled__2025-03-24T00:00:00+00:00, execution_date=20250324T000000, start_date=20250808T023522, end_date=20250808T023522
[2025-08-08T02:35:22.954+0000] {standard_task_runner.py:110} ERROR - Failed to execute job 320 for task create_folder (Bash command failed. The command returned a non-zero exit code 2.; 811)
[2025-08-08T02:35:22.987+0000] {local_task_job_runner.py:240} INFO - Task exited with return code 1
[2025-08-08T02:35:22.996+0000] {local_task_job_runner.py:222} INFO - ::endgroup::
[2025-08-08T02:39:56.015+0000] {local_task_job_runner.py:120} INFO - ::group::Pre task execution logs
[2025-08-08T02:39:56.040+0000] {taskinstance.py:2076} INFO - Dependencies all met for dep_context=non-requeueable deps ti=<TaskInstance: climate_data.create_folder scheduled__2025-03-24T00:00:00+00:00 [queued]>
[2025-08-08T02:39:56.049+0000] {taskinstance.py:2076} INFO - Dependencies all met for dep_context=requeueable deps ti=<TaskInstance: climate_data.create_folder scheduled__2025-03-24T00:00:00+00:00 [queued]>
[2025-08-08T02:39:56.050+0000] {taskinstance.py:2306} INFO - Starting attempt 1 of 1
[2025-08-08T02:39:56.066+0000] {taskinstance.py:2330} INFO - Executing <Task(BashOperator): create_folder> on 2025-03-24 00:00:00+00:00
[2025-08-08T02:39:56.072+0000] {standard_task_runner.py:63} INFO - Started process 1973 to run task
[2025-08-08T02:39:56.076+0000] {standard_task_runner.py:90} INFO - Running: ['***', 'tasks', 'run', 'climate_data', 'create_folder', 'scheduled__2025-03-24T00:00:00+00:00', '--job-id', '605', '--raw', '--subdir', 'DAGS_FOLDER/climate_data.py', '--cfg-path', '/tmp/tmpbb06n6dy']
[2025-08-08T02:39:56.077+0000] {standard_task_runner.py:91} INFO - Job 605: Subtask create_folder
[2025-08-08T02:39:56.093+0000] {logging_mixin.py:188} WARNING - /home/***/.local/lib/python3.9/site-packages/***/settings.py:195 DeprecationWarning: The sql_alchemy_conn option in [core] has been moved to the sql_alchemy_conn option in [database] - the old setting has been used, but please update your config.
[2025-08-08T02:39:56.140+0000] {task_command.py:426} INFO - Running <TaskInstance: climate_data.create_folder scheduled__2025-03-24T00:00:00+00:00 [running]> on host 1a6f5acf67f4
[2025-08-08T02:39:56.213+0000] {taskinstance.py:2648} INFO - Exporting env vars: AIRFLOW_CTX_DAG_OWNER='***' AIRFLOW_CTX_DAG_ID='climate_data' AIRFLOW_CTX_TASK_ID='create_folder' AIRFLOW_CTX_EXECUTION_DATE='2025-03-24T00:00:00+00:00' AIRFLOW_CTX_TRY_NUMBER='1' AIRFLOW_CTX_DAG_RUN_ID='scheduled__2025-03-24T00:00:00+00:00'
[2025-08-08T02:39:56.215+0000] {taskinstance.py:430} INFO - ::endgroup::
[2025-08-08T02:39:56.223+0000] {subprocess.py:63} INFO - Tmp dir root location: /tmp
[2025-08-08T02:39:56.224+0000] {subprocess.py:75} INFO - Running command: ['/usr/bin/bash', '-c', 'mkdir -p /home/***/host_documents/week2025-03-31']
[2025-08-08T02:39:56.233+0000] {subprocess.py:86} INFO - Output:
[2025-08-08T02:39:56.237+0000] {subprocess.py:97} INFO - Command exited with return code 0
[2025-08-08T02:39:56.238+0000] {taskinstance.py:441} INFO - ::group::Post task execution logs
[2025-08-08T02:39:56.259+0000] {taskinstance.py:1206} INFO - Marking task as SUCCESS. dag_id=climate_data, task_id=create_folder, run_id=scheduled__2025-03-24T00:00:00+00:00, execution_date=20250324T000000, start_date=20250808T023956, end_date=20250808T023956
[2025-08-08T02:39:56.288+0000] {local_task_job_runner.py:240} INFO - Task exited with return code 0
[2025-08-08T02:39:56.308+0000] {taskinstance.py:3498} INFO - 1 downstream tasks scheduled from follow-on schedule check
[2025-08-08T02:39:56.313+0000] {local_task_job_runner.py:222} INFO - ::endgroup::
[2025-08-08T02:42:55.183+0000] {local_task_job_runner.py:120} INFO - ::group::Pre task execution logs
[2025-08-08T02:42:55.206+0000] {taskinstance.py:2076} INFO - Dependencies all met for dep_context=non-requeueable deps ti=<TaskInstance: climate_data.create_folder scheduled__2025-03-24T00:00:00+00:00 [queued]>
[2025-08-08T02:42:55.217+0000] {taskinstance.py:2076} INFO - Dependencies all met for dep_context=requeueable deps ti=<TaskInstance: climate_data.create_folder scheduled__2025-03-24T00:00:00+00:00 [queued]>
[2025-08-08T02:42:55.217+0000] {taskinstance.py:2306} INFO - Starting attempt 1 of 1
[2025-08-08T02:42:55.261+0000] {taskinstance.py:2330} INFO - Executing <Task(BashOperator): create_folder> on 2025-03-24 00:00:00+00:00
[2025-08-08T02:42:55.265+0000] {standard_task_runner.py:63} INFO - Started process 3145 to run task
[2025-08-08T02:42:55.268+0000] {standard_task_runner.py:90} INFO - Running: ['***', 'tasks', 'run', 'climate_data', 'create_folder', 'scheduled__2025-03-24T00:00:00+00:00', '--job-id', '911', '--raw', '--subdir', 'DAGS_FOLDER/climate_data.py', '--cfg-path', '/tmp/tmpm0bnyblq']
[2025-08-08T02:42:55.270+0000] {standard_task_runner.py:91} INFO - Job 911: Subtask create_folder
[2025-08-08T02:42:55.285+0000] {logging_mixin.py:188} WARNING - /home/***/.local/lib/python3.9/site-packages/***/settings.py:195 DeprecationWarning: The sql_alchemy_conn option in [core] has been moved to the sql_alchemy_conn option in [database] - the old setting has been used, but please update your config.
[2025-08-08T02:42:55.331+0000] {task_command.py:426} INFO - Running <TaskInstance: climate_data.create_folder scheduled__2025-03-24T00:00:00+00:00 [running]> on host 1a6f5acf67f4
[2025-08-08T02:42:55.407+0000] {taskinstance.py:2648} INFO - Exporting env vars: AIRFLOW_CTX_DAG_OWNER='***' AIRFLOW_CTX_DAG_ID='climate_data' AIRFLOW_CTX_TASK_ID='create_folder' AIRFLOW_CTX_EXECUTION_DATE='2025-03-24T00:00:00+00:00' AIRFLOW_CTX_TRY_NUMBER='1' AIRFLOW_CTX_DAG_RUN_ID='scheduled__2025-03-24T00:00:00+00:00'
[2025-08-08T02:42:55.408+0000] {taskinstance.py:430} INFO - ::endgroup::
[2025-08-08T02:42:55.417+0000] {subprocess.py:63} INFO - Tmp dir root location: /tmp
[2025-08-08T02:42:55.422+0000] {subprocess.py:75} INFO - Running command: ['/usr/bin/bash', '-c', 'mkdir -p "/home/***/host_documents/week2025-03-31"']
[2025-08-08T02:42:55.432+0000] {subprocess.py:86} INFO - Output:
[2025-08-08T02:42:55.436+0000] {subprocess.py:97} INFO - Command exited with return code 0
[2025-08-08T02:42:55.437+0000] {taskinstance.py:441} INFO - ::group::Post task execution logs
[2025-08-08T02:42:55.461+0000] {taskinstance.py:1206} INFO - Marking task as SUCCESS. dag_id=climate_data, task_id=create_folder, run_id=scheduled__2025-03-24T00:00:00+00:00, execution_date=20250324T000000, start_date=20250808T024255, end_date=20250808T024255
[2025-08-08T02:42:55.561+0000] {local_task_job_runner.py:240} INFO - Task exited with return code 0
[2025-08-08T02:42:55.581+0000] {taskinstance.py:3498} INFO - 1 downstream tasks scheduled from follow-on schedule check
[2025-08-08T02:42:55.588+0000] {local_task_job_runner.py:222} INFO - ::endgroup::
