[2025-08-08T02:26:19.487+0000] {local_task_job_runner.py:120} INFO - ::group::Pre task execution logs
[2025-08-08T02:26:19.510+0000] {taskinstance.py:2076} INFO - Dependencies all met for dep_context=non-requeueable deps ti=<TaskInstance: climate_data.create_folder scheduled__2022-10-03T00:00:00+00:00 [queued]>
[2025-08-08T02:26:19.519+0000] {taskinstance.py:2076} INFO - Dependencies all met for dep_context=requeueable deps ti=<TaskInstance: climate_data.create_folder scheduled__2022-10-03T00:00:00+00:00 [queued]>
[2025-08-08T02:26:19.520+0000] {taskinstance.py:2306} INFO - Starting attempt 1 of 1
[2025-08-08T02:26:19.532+0000] {taskinstance.py:2330} INFO - Executing <Task(BashOperator): create_folder> on 2022-10-03 00:00:00+00:00
[2025-08-08T02:26:19.537+0000] {standard_task_runner.py:63} INFO - Started process 244 to run task
[2025-08-08T02:26:19.540+0000] {standard_task_runner.py:90} INFO - Running: ['***', 'tasks', 'run', 'climate_data', 'create_folder', 'scheduled__2022-10-03T00:00:00+00:00', '--job-id', '35', '--raw', '--subdir', 'DAGS_FOLDER/climate_data.py', '--cfg-path', '/tmp/tmplamt3mcq']
[2025-08-08T02:26:19.542+0000] {standard_task_runner.py:91} INFO - Job 35: Subtask create_folder
[2025-08-08T02:26:19.557+0000] {logging_mixin.py:188} WARNING - /home/***/.local/lib/python3.9/site-packages/***/settings.py:195 DeprecationWarning: The sql_alchemy_conn option in [core] has been moved to the sql_alchemy_conn option in [database] - the old setting has been used, but please update your config.
[2025-08-08T02:26:19.599+0000] {task_command.py:426} INFO - Running <TaskInstance: climate_data.create_folder scheduled__2022-10-03T00:00:00+00:00 [running]> on host 3ceab82043f1
[2025-08-08T02:26:19.659+0000] {taskinstance.py:2648} INFO - Exporting env vars: AIRFLOW_CTX_DAG_OWNER='***' AIRFLOW_CTX_DAG_ID='climate_data' AIRFLOW_CTX_TASK_ID='create_folder' AIRFLOW_CTX_EXECUTION_DATE='2022-10-03T00:00:00+00:00' AIRFLOW_CTX_TRY_NUMBER='1' AIRFLOW_CTX_DAG_RUN_ID='scheduled__2022-10-03T00:00:00+00:00'
[2025-08-08T02:26:19.660+0000] {taskinstance.py:430} INFO - ::endgroup::
[2025-08-08T02:26:19.667+0000] {subprocess.py:63} INFO - Tmp dir root location: /tmp
[2025-08-08T02:26:19.668+0000] {subprocess.py:75} INFO - Running command: ['/usr/bin/bash', '-c', 'mkdir -p /home/***/host_documents/week2022-10-10"']
[2025-08-08T02:26:19.675+0000] {subprocess.py:86} INFO - Output:
[2025-08-08T02:26:19.676+0000] {subprocess.py:93} INFO - /usr/bin/bash: -c: line 1: unexpected EOF while looking for matching `"'
[2025-08-08T02:26:19.676+0000] {subprocess.py:97} INFO - Command exited with return code 2
[2025-08-08T02:26:19.677+0000] {taskinstance.py:441} INFO - ::group::Post task execution logs
[2025-08-08T02:26:19.684+0000] {taskinstance.py:2905} ERROR - Task failed with exception
Traceback (most recent call last):
  File "/home/airflow/.local/lib/python3.9/site-packages/airflow/models/taskinstance.py", line 465, in _execute_task
    result = _execute_callable(context=context, **execute_callable_kwargs)
  File "/home/airflow/.local/lib/python3.9/site-packages/airflow/models/taskinstance.py", line 432, in _execute_callable
    return execute_callable(context=context, **execute_callable_kwargs)
  File "/home/airflow/.local/lib/python3.9/site-packages/airflow/models/baseoperator.py", line 400, in wrapper
    return func(self, *args, **kwargs)
  File "/home/airflow/.local/lib/python3.9/site-packages/airflow/operators/bash.py", line 243, in execute
    raise AirflowException(
airflow.exceptions.AirflowException: Bash command failed. The command returned a non-zero exit code 2.
[2025-08-08T02:26:19.686+0000] {taskinstance.py:1206} INFO - Marking task as FAILED. dag_id=climate_data, task_id=create_folder, run_id=scheduled__2022-10-03T00:00:00+00:00, execution_date=20221003T000000, start_date=20250808T022619, end_date=20250808T022619
[2025-08-08T02:26:19.694+0000] {standard_task_runner.py:110} ERROR - Failed to execute job 35 for task create_folder (Bash command failed. The command returned a non-zero exit code 2.; 244)
[2025-08-08T02:26:19.712+0000] {local_task_job_runner.py:240} INFO - Task exited with return code 1
[2025-08-08T02:26:19.728+0000] {taskinstance.py:3498} INFO - 0 downstream tasks scheduled from follow-on schedule check
[2025-08-08T02:26:19.731+0000] {local_task_job_runner.py:222} INFO - ::endgroup::
[2025-08-08T02:34:37.985+0000] {local_task_job_runner.py:120} INFO - ::group::Pre task execution logs
[2025-08-08T02:34:38.011+0000] {taskinstance.py:2076} INFO - Dependencies all met for dep_context=non-requeueable deps ti=<TaskInstance: climate_data.create_folder scheduled__2022-10-03T00:00:00+00:00 [queued]>
[2025-08-08T02:34:38.020+0000] {taskinstance.py:2076} INFO - Dependencies all met for dep_context=requeueable deps ti=<TaskInstance: climate_data.create_folder scheduled__2022-10-03T00:00:00+00:00 [queued]>
[2025-08-08T02:34:38.020+0000] {taskinstance.py:2306} INFO - Starting attempt 1 of 1
[2025-08-08T02:34:38.086+0000] {taskinstance.py:2330} INFO - Executing <Task(BashOperator): create_folder> on 2022-10-03 00:00:00+00:00
[2025-08-08T02:34:38.091+0000] {standard_task_runner.py:63} INFO - Started process 277 to run task
[2025-08-08T02:34:38.094+0000] {standard_task_runner.py:90} INFO - Running: ['***', 'tasks', 'run', 'climate_data', 'create_folder', 'scheduled__2022-10-03T00:00:00+00:00', '--job-id', '190', '--raw', '--subdir', 'DAGS_FOLDER/climate_data.py', '--cfg-path', '/tmp/tmp9lmh_yyl']
[2025-08-08T02:34:38.096+0000] {standard_task_runner.py:91} INFO - Job 190: Subtask create_folder
[2025-08-08T02:34:38.109+0000] {logging_mixin.py:188} WARNING - /home/***/.local/lib/python3.9/site-packages/***/settings.py:195 DeprecationWarning: The sql_alchemy_conn option in [core] has been moved to the sql_alchemy_conn option in [database] - the old setting has been used, but please update your config.
[2025-08-08T02:34:38.149+0000] {task_command.py:426} INFO - Running <TaskInstance: climate_data.create_folder scheduled__2022-10-03T00:00:00+00:00 [running]> on host 1a6f5acf67f4
[2025-08-08T02:34:38.210+0000] {taskinstance.py:2648} INFO - Exporting env vars: AIRFLOW_CTX_DAG_OWNER='***' AIRFLOW_CTX_DAG_ID='climate_data' AIRFLOW_CTX_TASK_ID='create_folder' AIRFLOW_CTX_EXECUTION_DATE='2022-10-03T00:00:00+00:00' AIRFLOW_CTX_TRY_NUMBER='1' AIRFLOW_CTX_DAG_RUN_ID='scheduled__2022-10-03T00:00:00+00:00'
[2025-08-08T02:34:38.210+0000] {taskinstance.py:430} INFO - ::endgroup::
[2025-08-08T02:34:38.218+0000] {subprocess.py:63} INFO - Tmp dir root location: /tmp
[2025-08-08T02:34:38.218+0000] {subprocess.py:75} INFO - Running command: ['/usr/bin/bash', '-c', 'mkdir -p /home/***/host_documents/week2022-10-10"']
[2025-08-08T02:34:38.226+0000] {subprocess.py:86} INFO - Output:
[2025-08-08T02:34:38.227+0000] {subprocess.py:93} INFO - /usr/bin/bash: -c: line 1: unexpected EOF while looking for matching `"'
[2025-08-08T02:34:38.227+0000] {subprocess.py:97} INFO - Command exited with return code 2
[2025-08-08T02:34:38.228+0000] {taskinstance.py:441} INFO - ::group::Post task execution logs
[2025-08-08T02:34:38.236+0000] {taskinstance.py:2905} ERROR - Task failed with exception
Traceback (most recent call last):
  File "/home/airflow/.local/lib/python3.9/site-packages/airflow/models/taskinstance.py", line 465, in _execute_task
    result = _execute_callable(context=context, **execute_callable_kwargs)
  File "/home/airflow/.local/lib/python3.9/site-packages/airflow/models/taskinstance.py", line 432, in _execute_callable
    return execute_callable(context=context, **execute_callable_kwargs)
  File "/home/airflow/.local/lib/python3.9/site-packages/airflow/models/baseoperator.py", line 400, in wrapper
    return func(self, *args, **kwargs)
  File "/home/airflow/.local/lib/python3.9/site-packages/airflow/operators/bash.py", line 243, in execute
    raise AirflowException(
airflow.exceptions.AirflowException: Bash command failed. The command returned a non-zero exit code 2.
[2025-08-08T02:34:38.239+0000] {taskinstance.py:1206} INFO - Marking task as FAILED. dag_id=climate_data, task_id=create_folder, run_id=scheduled__2022-10-03T00:00:00+00:00, execution_date=20221003T000000, start_date=20250808T023438, end_date=20250808T023438
[2025-08-08T02:34:38.247+0000] {standard_task_runner.py:110} ERROR - Failed to execute job 190 for task create_folder (Bash command failed. The command returned a non-zero exit code 2.; 277)
[2025-08-08T02:34:38.267+0000] {local_task_job_runner.py:240} INFO - Task exited with return code 1
[2025-08-08T02:34:38.282+0000] {taskinstance.py:3498} INFO - 0 downstream tasks scheduled from follow-on schedule check
[2025-08-08T02:34:38.285+0000] {local_task_job_runner.py:222} INFO - ::endgroup::
[2025-08-08T02:39:13.518+0000] {local_task_job_runner.py:120} INFO - ::group::Pre task execution logs
[2025-08-08T02:39:13.548+0000] {taskinstance.py:2076} INFO - Dependencies all met for dep_context=non-requeueable deps ti=<TaskInstance: climate_data.create_folder scheduled__2022-10-03T00:00:00+00:00 [queued]>
[2025-08-08T02:39:13.558+0000] {taskinstance.py:2076} INFO - Dependencies all met for dep_context=requeueable deps ti=<TaskInstance: climate_data.create_folder scheduled__2022-10-03T00:00:00+00:00 [queued]>
[2025-08-08T02:39:13.559+0000] {taskinstance.py:2306} INFO - Starting attempt 1 of 1
[2025-08-08T02:39:13.569+0000] {taskinstance.py:2330} INFO - Executing <Task(BashOperator): create_folder> on 2022-10-03 00:00:00+00:00
[2025-08-08T02:39:13.574+0000] {standard_task_runner.py:63} INFO - Started process 1051 to run task
[2025-08-08T02:39:13.578+0000] {standard_task_runner.py:90} INFO - Running: ['***', 'tasks', 'run', 'climate_data', 'create_folder', 'scheduled__2022-10-03T00:00:00+00:00', '--job-id', '346', '--raw', '--subdir', 'DAGS_FOLDER/climate_data.py', '--cfg-path', '/tmp/tmp9k4t2f8i']
[2025-08-08T02:39:13.580+0000] {standard_task_runner.py:91} INFO - Job 346: Subtask create_folder
[2025-08-08T02:39:13.596+0000] {logging_mixin.py:188} WARNING - /home/***/.local/lib/python3.9/site-packages/***/settings.py:195 DeprecationWarning: The sql_alchemy_conn option in [core] has been moved to the sql_alchemy_conn option in [database] - the old setting has been used, but please update your config.
[2025-08-08T02:39:13.643+0000] {task_command.py:426} INFO - Running <TaskInstance: climate_data.create_folder scheduled__2022-10-03T00:00:00+00:00 [running]> on host 1a6f5acf67f4
[2025-08-08T02:39:13.728+0000] {taskinstance.py:2648} INFO - Exporting env vars: AIRFLOW_CTX_DAG_OWNER='***' AIRFLOW_CTX_DAG_ID='climate_data' AIRFLOW_CTX_TASK_ID='create_folder' AIRFLOW_CTX_EXECUTION_DATE='2022-10-03T00:00:00+00:00' AIRFLOW_CTX_TRY_NUMBER='1' AIRFLOW_CTX_DAG_RUN_ID='scheduled__2022-10-03T00:00:00+00:00'
[2025-08-08T02:39:13.729+0000] {taskinstance.py:430} INFO - ::endgroup::
[2025-08-08T02:39:13.739+0000] {subprocess.py:63} INFO - Tmp dir root location: /tmp
[2025-08-08T02:39:13.740+0000] {subprocess.py:75} INFO - Running command: ['/usr/bin/bash', '-c', 'mkdir -p /home/***/host_documents/week2022-10-10']
[2025-08-08T02:39:13.749+0000] {subprocess.py:86} INFO - Output:
[2025-08-08T02:39:13.752+0000] {subprocess.py:97} INFO - Command exited with return code 0
[2025-08-08T02:39:13.753+0000] {taskinstance.py:441} INFO - ::group::Post task execution logs
[2025-08-08T02:39:13.779+0000] {taskinstance.py:1206} INFO - Marking task as SUCCESS. dag_id=climate_data, task_id=create_folder, run_id=scheduled__2022-10-03T00:00:00+00:00, execution_date=20221003T000000, start_date=20250808T023913, end_date=20250808T023913
[2025-08-08T02:39:13.831+0000] {local_task_job_runner.py:240} INFO - Task exited with return code 0
[2025-08-08T02:39:13.844+0000] {local_task_job_runner.py:222} INFO - ::endgroup::
[2025-08-08T02:42:12.017+0000] {local_task_job_runner.py:120} INFO - ::group::Pre task execution logs
[2025-08-08T02:42:12.041+0000] {taskinstance.py:2076} INFO - Dependencies all met for dep_context=non-requeueable deps ti=<TaskInstance: climate_data.create_folder scheduled__2022-10-03T00:00:00+00:00 [queued]>
[2025-08-08T02:42:12.050+0000] {taskinstance.py:2076} INFO - Dependencies all met for dep_context=requeueable deps ti=<TaskInstance: climate_data.create_folder scheduled__2022-10-03T00:00:00+00:00 [queued]>
[2025-08-08T02:42:12.050+0000] {taskinstance.py:2306} INFO - Starting attempt 1 of 1
[2025-08-08T02:42:12.062+0000] {taskinstance.py:2330} INFO - Executing <Task(BashOperator): create_folder> on 2022-10-03 00:00:00+00:00
[2025-08-08T02:42:12.066+0000] {standard_task_runner.py:63} INFO - Started process 2222 to run task
[2025-08-08T02:42:12.069+0000] {standard_task_runner.py:90} INFO - Running: ['***', 'tasks', 'run', 'climate_data', 'create_folder', 'scheduled__2022-10-03T00:00:00+00:00', '--job-id', '654', '--raw', '--subdir', 'DAGS_FOLDER/climate_data.py', '--cfg-path', '/tmp/tmpw_quv24j']
[2025-08-08T02:42:12.071+0000] {standard_task_runner.py:91} INFO - Job 654: Subtask create_folder
[2025-08-08T02:42:12.085+0000] {logging_mixin.py:188} WARNING - /home/***/.local/lib/python3.9/site-packages/***/settings.py:195 DeprecationWarning: The sql_alchemy_conn option in [core] has been moved to the sql_alchemy_conn option in [database] - the old setting has been used, but please update your config.
[2025-08-08T02:42:12.125+0000] {task_command.py:426} INFO - Running <TaskInstance: climate_data.create_folder scheduled__2022-10-03T00:00:00+00:00 [running]> on host 1a6f5acf67f4
[2025-08-08T02:42:12.194+0000] {taskinstance.py:2648} INFO - Exporting env vars: AIRFLOW_CTX_DAG_OWNER='***' AIRFLOW_CTX_DAG_ID='climate_data' AIRFLOW_CTX_TASK_ID='create_folder' AIRFLOW_CTX_EXECUTION_DATE='2022-10-03T00:00:00+00:00' AIRFLOW_CTX_TRY_NUMBER='1' AIRFLOW_CTX_DAG_RUN_ID='scheduled__2022-10-03T00:00:00+00:00'
[2025-08-08T02:42:12.195+0000] {taskinstance.py:430} INFO - ::endgroup::
[2025-08-08T02:42:12.204+0000] {subprocess.py:63} INFO - Tmp dir root location: /tmp
[2025-08-08T02:42:12.205+0000] {subprocess.py:75} INFO - Running command: ['/usr/bin/bash', '-c', 'mkdir -p "/home/***/host_documents/week2022-10-10"']
[2025-08-08T02:42:12.214+0000] {subprocess.py:86} INFO - Output:
[2025-08-08T02:42:12.218+0000] {subprocess.py:97} INFO - Command exited with return code 0
[2025-08-08T02:42:12.219+0000] {taskinstance.py:441} INFO - ::group::Post task execution logs
[2025-08-08T02:42:12.240+0000] {taskinstance.py:1206} INFO - Marking task as SUCCESS. dag_id=climate_data, task_id=create_folder, run_id=scheduled__2022-10-03T00:00:00+00:00, execution_date=20221003T000000, start_date=20250808T024212, end_date=20250808T024212
[2025-08-08T02:42:12.282+0000] {local_task_job_runner.py:240} INFO - Task exited with return code 0
[2025-08-08T02:42:12.296+0000] {local_task_job_runner.py:222} INFO - ::endgroup::
