[2025-08-08T02:26:55.260+0000] {local_task_job_runner.py:120} INFO - ::group::Pre task execution logs
[2025-08-08T02:26:55.283+0000] {taskinstance.py:2076} INFO - Dependencies all met for dep_context=non-requeueable deps ti=<TaskInstance: climate_data.create_folder scheduled__2024-10-21T00:00:00+00:00 [queued]>
[2025-08-08T02:26:55.291+0000] {taskinstance.py:2076} INFO - Dependencies all met for dep_context=requeueable deps ti=<TaskInstance: climate_data.create_folder scheduled__2024-10-21T00:00:00+00:00 [queued]>
[2025-08-08T02:26:55.291+0000] {taskinstance.py:2306} INFO - Starting attempt 1 of 1
[2025-08-08T02:26:55.351+0000] {taskinstance.py:2330} INFO - Executing <Task(BashOperator): create_folder> on 2024-10-21 00:00:00+00:00
[2025-08-08T02:26:55.356+0000] {standard_task_runner.py:63} INFO - Started process 690 to run task
[2025-08-08T02:26:55.359+0000] {standard_task_runner.py:90} INFO - Running: ['***', 'tasks', 'run', 'climate_data', 'create_folder', 'scheduled__2024-10-21T00:00:00+00:00', '--job-id', '142', '--raw', '--subdir', 'DAGS_FOLDER/climate_data.py', '--cfg-path', '/tmp/tmp764mbneu']
[2025-08-08T02:26:55.361+0000] {standard_task_runner.py:91} INFO - Job 142: Subtask create_folder
[2025-08-08T02:26:55.374+0000] {logging_mixin.py:188} WARNING - /home/***/.local/lib/python3.9/site-packages/***/settings.py:195 DeprecationWarning: The sql_alchemy_conn option in [core] has been moved to the sql_alchemy_conn option in [database] - the old setting has been used, but please update your config.
[2025-08-08T02:26:55.415+0000] {task_command.py:426} INFO - Running <TaskInstance: climate_data.create_folder scheduled__2024-10-21T00:00:00+00:00 [running]> on host 3ceab82043f1
[2025-08-08T02:26:55.483+0000] {taskinstance.py:2648} INFO - Exporting env vars: AIRFLOW_CTX_DAG_OWNER='***' AIRFLOW_CTX_DAG_ID='climate_data' AIRFLOW_CTX_TASK_ID='create_folder' AIRFLOW_CTX_EXECUTION_DATE='2024-10-21T00:00:00+00:00' AIRFLOW_CTX_TRY_NUMBER='1' AIRFLOW_CTX_DAG_RUN_ID='scheduled__2024-10-21T00:00:00+00:00'
[2025-08-08T02:26:55.484+0000] {taskinstance.py:430} INFO - ::endgroup::
[2025-08-08T02:26:55.493+0000] {subprocess.py:63} INFO - Tmp dir root location: /tmp
[2025-08-08T02:26:55.496+0000] {subprocess.py:75} INFO - Running command: ['/usr/bin/bash', '-c', 'mkdir -p /home/***/host_documents/week2024-10-28"']
[2025-08-08T02:26:55.508+0000] {subprocess.py:86} INFO - Output:
[2025-08-08T02:26:55.510+0000] {subprocess.py:93} INFO - /usr/bin/bash: -c: line 1: unexpected EOF while looking for matching `"'
[2025-08-08T02:26:55.511+0000] {subprocess.py:97} INFO - Command exited with return code 2
[2025-08-08T02:26:55.512+0000] {taskinstance.py:441} INFO - ::group::Post task execution logs
[2025-08-08T02:26:55.521+0000] {taskinstance.py:2905} ERROR - Task failed with exception
Traceback (most recent call last):
  File "/home/airflow/.local/lib/python3.9/site-packages/airflow/models/taskinstance.py", line 465, in _execute_task
    result = _execute_callable(context=context, **execute_callable_kwargs)
  File "/home/airflow/.local/lib/python3.9/site-packages/airflow/models/taskinstance.py", line 432, in _execute_callable
    return execute_callable(context=context, **execute_callable_kwargs)
  File "/home/airflow/.local/lib/python3.9/site-packages/airflow/models/baseoperator.py", line 400, in wrapper
    return func(self, *args, **kwargs)
  File "/home/airflow/.local/lib/python3.9/site-packages/airflow/operators/bash.py", line 243, in execute
    raise AirflowException(
airflow.exceptions.AirflowException: Bash command failed. The command returned a non-zero exit code 2.
[2025-08-08T02:26:55.524+0000] {taskinstance.py:1206} INFO - Marking task as FAILED. dag_id=climate_data, task_id=create_folder, run_id=scheduled__2024-10-21T00:00:00+00:00, execution_date=20241021T000000, start_date=20250808T022655, end_date=20250808T022655
[2025-08-08T02:26:55.556+0000] {standard_task_runner.py:110} ERROR - Failed to execute job 142 for task create_folder (Bash command failed. The command returned a non-zero exit code 2.; 690)
[2025-08-08T02:26:55.571+0000] {local_task_job_runner.py:240} INFO - Task exited with return code 1
[2025-08-08T02:26:55.588+0000] {taskinstance.py:3498} INFO - 0 downstream tasks scheduled from follow-on schedule check
[2025-08-08T02:26:55.592+0000] {local_task_job_runner.py:222} INFO - ::endgroup::
[2025-08-08T02:35:14.759+0000] {local_task_job_runner.py:120} INFO - ::group::Pre task execution logs
[2025-08-08T02:35:14.783+0000] {taskinstance.py:2076} INFO - Dependencies all met for dep_context=non-requeueable deps ti=<TaskInstance: climate_data.create_folder scheduled__2024-10-21T00:00:00+00:00 [queued]>
[2025-08-08T02:35:14.790+0000] {taskinstance.py:2076} INFO - Dependencies all met for dep_context=requeueable deps ti=<TaskInstance: climate_data.create_folder scheduled__2024-10-21T00:00:00+00:00 [queued]>
[2025-08-08T02:35:14.791+0000] {taskinstance.py:2306} INFO - Starting attempt 1 of 1
[2025-08-08T02:35:14.851+0000] {taskinstance.py:2330} INFO - Executing <Task(BashOperator): create_folder> on 2024-10-21 00:00:00+00:00
[2025-08-08T02:35:14.855+0000] {standard_task_runner.py:63} INFO - Started process 725 to run task
[2025-08-08T02:35:14.859+0000] {standard_task_runner.py:90} INFO - Running: ['***', 'tasks', 'run', 'climate_data', 'create_folder', 'scheduled__2024-10-21T00:00:00+00:00', '--job-id', '298', '--raw', '--subdir', 'DAGS_FOLDER/climate_data.py', '--cfg-path', '/tmp/tmpngykj0ec']
[2025-08-08T02:35:14.860+0000] {standard_task_runner.py:91} INFO - Job 298: Subtask create_folder
[2025-08-08T02:35:14.874+0000] {logging_mixin.py:188} WARNING - /home/***/.local/lib/python3.9/site-packages/***/settings.py:195 DeprecationWarning: The sql_alchemy_conn option in [core] has been moved to the sql_alchemy_conn option in [database] - the old setting has been used, but please update your config.
[2025-08-08T02:35:14.919+0000] {task_command.py:426} INFO - Running <TaskInstance: climate_data.create_folder scheduled__2024-10-21T00:00:00+00:00 [running]> on host 1a6f5acf67f4
[2025-08-08T02:35:14.984+0000] {taskinstance.py:2648} INFO - Exporting env vars: AIRFLOW_CTX_DAG_OWNER='***' AIRFLOW_CTX_DAG_ID='climate_data' AIRFLOW_CTX_TASK_ID='create_folder' AIRFLOW_CTX_EXECUTION_DATE='2024-10-21T00:00:00+00:00' AIRFLOW_CTX_TRY_NUMBER='1' AIRFLOW_CTX_DAG_RUN_ID='scheduled__2024-10-21T00:00:00+00:00'
[2025-08-08T02:35:14.985+0000] {taskinstance.py:430} INFO - ::endgroup::
[2025-08-08T02:35:14.994+0000] {subprocess.py:63} INFO - Tmp dir root location: /tmp
[2025-08-08T02:35:14.996+0000] {subprocess.py:75} INFO - Running command: ['/usr/bin/bash', '-c', 'mkdir -p /home/***/host_documents/week2024-10-28"']
[2025-08-08T02:35:15.007+0000] {subprocess.py:86} INFO - Output:
[2025-08-08T02:35:15.008+0000] {subprocess.py:93} INFO - /usr/bin/bash: -c: line 1: unexpected EOF while looking for matching `"'
[2025-08-08T02:35:15.009+0000] {subprocess.py:97} INFO - Command exited with return code 2
[2025-08-08T02:35:15.009+0000] {taskinstance.py:441} INFO - ::group::Post task execution logs
[2025-08-08T02:35:15.020+0000] {taskinstance.py:2905} ERROR - Task failed with exception
Traceback (most recent call last):
  File "/home/airflow/.local/lib/python3.9/site-packages/airflow/models/taskinstance.py", line 465, in _execute_task
    result = _execute_callable(context=context, **execute_callable_kwargs)
  File "/home/airflow/.local/lib/python3.9/site-packages/airflow/models/taskinstance.py", line 432, in _execute_callable
    return execute_callable(context=context, **execute_callable_kwargs)
  File "/home/airflow/.local/lib/python3.9/site-packages/airflow/models/baseoperator.py", line 400, in wrapper
    return func(self, *args, **kwargs)
  File "/home/airflow/.local/lib/python3.9/site-packages/airflow/operators/bash.py", line 243, in execute
    raise AirflowException(
airflow.exceptions.AirflowException: Bash command failed. The command returned a non-zero exit code 2.
[2025-08-08T02:35:15.022+0000] {taskinstance.py:1206} INFO - Marking task as FAILED. dag_id=climate_data, task_id=create_folder, run_id=scheduled__2024-10-21T00:00:00+00:00, execution_date=20241021T000000, start_date=20250808T023514, end_date=20250808T023515
[2025-08-08T02:35:15.053+0000] {standard_task_runner.py:110} ERROR - Failed to execute job 298 for task create_folder (Bash command failed. The command returned a non-zero exit code 2.; 725)
[2025-08-08T02:35:15.070+0000] {local_task_job_runner.py:240} INFO - Task exited with return code 1
[2025-08-08T02:35:15.085+0000] {taskinstance.py:3498} INFO - 0 downstream tasks scheduled from follow-on schedule check
[2025-08-08T02:35:15.088+0000] {local_task_job_runner.py:222} INFO - ::endgroup::
[2025-08-08T02:39:47.073+0000] {local_task_job_runner.py:120} INFO - ::group::Pre task execution logs
[2025-08-08T02:39:47.091+0000] {taskinstance.py:2076} INFO - Dependencies all met for dep_context=non-requeueable deps ti=<TaskInstance: climate_data.create_folder scheduled__2024-10-21T00:00:00+00:00 [queued]>
[2025-08-08T02:39:47.100+0000] {taskinstance.py:2076} INFO - Dependencies all met for dep_context=requeueable deps ti=<TaskInstance: climate_data.create_folder scheduled__2024-10-21T00:00:00+00:00 [queued]>
[2025-08-08T02:39:47.101+0000] {taskinstance.py:2306} INFO - Starting attempt 1 of 1
[2025-08-08T02:39:47.112+0000] {taskinstance.py:2330} INFO - Executing <Task(BashOperator): create_folder> on 2024-10-21 00:00:00+00:00
[2025-08-08T02:39:47.116+0000] {standard_task_runner.py:63} INFO - Started process 1814 to run task
[2025-08-08T02:39:47.118+0000] {standard_task_runner.py:90} INFO - Running: ['***', 'tasks', 'run', 'climate_data', 'create_folder', 'scheduled__2024-10-21T00:00:00+00:00', '--job-id', '559', '--raw', '--subdir', 'DAGS_FOLDER/climate_data.py', '--cfg-path', '/tmp/tmpetpuvlg9']
[2025-08-08T02:39:47.120+0000] {standard_task_runner.py:91} INFO - Job 559: Subtask create_folder
[2025-08-08T02:39:47.135+0000] {logging_mixin.py:188} WARNING - /home/***/.local/lib/python3.9/site-packages/***/settings.py:195 DeprecationWarning: The sql_alchemy_conn option in [core] has been moved to the sql_alchemy_conn option in [database] - the old setting has been used, but please update your config.
[2025-08-08T02:39:47.180+0000] {task_command.py:426} INFO - Running <TaskInstance: climate_data.create_folder scheduled__2024-10-21T00:00:00+00:00 [running]> on host 1a6f5acf67f4
[2025-08-08T02:39:47.244+0000] {taskinstance.py:2648} INFO - Exporting env vars: AIRFLOW_CTX_DAG_OWNER='***' AIRFLOW_CTX_DAG_ID='climate_data' AIRFLOW_CTX_TASK_ID='create_folder' AIRFLOW_CTX_EXECUTION_DATE='2024-10-21T00:00:00+00:00' AIRFLOW_CTX_TRY_NUMBER='1' AIRFLOW_CTX_DAG_RUN_ID='scheduled__2024-10-21T00:00:00+00:00'
[2025-08-08T02:39:47.245+0000] {taskinstance.py:430} INFO - ::endgroup::
[2025-08-08T02:39:47.253+0000] {subprocess.py:63} INFO - Tmp dir root location: /tmp
[2025-08-08T02:39:47.254+0000] {subprocess.py:75} INFO - Running command: ['/usr/bin/bash', '-c', 'mkdir -p /home/***/host_documents/week2024-10-28']
[2025-08-08T02:39:47.262+0000] {subprocess.py:86} INFO - Output:
[2025-08-08T02:39:47.266+0000] {subprocess.py:97} INFO - Command exited with return code 0
[2025-08-08T02:39:47.267+0000] {taskinstance.py:441} INFO - ::group::Post task execution logs
[2025-08-08T02:39:47.285+0000] {taskinstance.py:1206} INFO - Marking task as SUCCESS. dag_id=climate_data, task_id=create_folder, run_id=scheduled__2024-10-21T00:00:00+00:00, execution_date=20241021T000000, start_date=20250808T023947, end_date=20250808T023947
[2025-08-08T02:39:47.332+0000] {local_task_job_runner.py:240} INFO - Task exited with return code 0
[2025-08-08T02:39:47.340+0000] {local_task_job_runner.py:222} INFO - ::endgroup::
[2025-08-08T02:42:50.301+0000] {local_task_job_runner.py:120} INFO - ::group::Pre task execution logs
[2025-08-08T02:42:50.320+0000] {taskinstance.py:2076} INFO - Dependencies all met for dep_context=non-requeueable deps ti=<TaskInstance: climate_data.create_folder scheduled__2024-10-21T00:00:00+00:00 [queued]>
[2025-08-08T02:42:50.328+0000] {taskinstance.py:2076} INFO - Dependencies all met for dep_context=requeueable deps ti=<TaskInstance: climate_data.create_folder scheduled__2024-10-21T00:00:00+00:00 [queued]>
[2025-08-08T02:42:50.329+0000] {taskinstance.py:2306} INFO - Starting attempt 1 of 1
[2025-08-08T02:42:50.379+0000] {taskinstance.py:2330} INFO - Executing <Task(BashOperator): create_folder> on 2024-10-21 00:00:00+00:00
[2025-08-08T02:42:50.384+0000] {standard_task_runner.py:63} INFO - Started process 3007 to run task
[2025-08-08T02:42:50.388+0000] {standard_task_runner.py:90} INFO - Running: ['***', 'tasks', 'run', 'climate_data', 'create_folder', 'scheduled__2024-10-21T00:00:00+00:00', '--job-id', '873', '--raw', '--subdir', 'DAGS_FOLDER/climate_data.py', '--cfg-path', '/tmp/tmp51e5d6e9']
[2025-08-08T02:42:50.390+0000] {standard_task_runner.py:91} INFO - Job 873: Subtask create_folder
[2025-08-08T02:42:50.405+0000] {logging_mixin.py:188} WARNING - /home/***/.local/lib/python3.9/site-packages/***/settings.py:195 DeprecationWarning: The sql_alchemy_conn option in [core] has been moved to the sql_alchemy_conn option in [database] - the old setting has been used, but please update your config.
[2025-08-08T02:42:50.447+0000] {task_command.py:426} INFO - Running <TaskInstance: climate_data.create_folder scheduled__2024-10-21T00:00:00+00:00 [running]> on host 1a6f5acf67f4
[2025-08-08T02:42:50.513+0000] {taskinstance.py:2648} INFO - Exporting env vars: AIRFLOW_CTX_DAG_OWNER='***' AIRFLOW_CTX_DAG_ID='climate_data' AIRFLOW_CTX_TASK_ID='create_folder' AIRFLOW_CTX_EXECUTION_DATE='2024-10-21T00:00:00+00:00' AIRFLOW_CTX_TRY_NUMBER='1' AIRFLOW_CTX_DAG_RUN_ID='scheduled__2024-10-21T00:00:00+00:00'
[2025-08-08T02:42:50.515+0000] {taskinstance.py:430} INFO - ::endgroup::
[2025-08-08T02:42:50.522+0000] {subprocess.py:63} INFO - Tmp dir root location: /tmp
[2025-08-08T02:42:50.523+0000] {subprocess.py:75} INFO - Running command: ['/usr/bin/bash', '-c', 'mkdir -p "/home/***/host_documents/week2024-10-28"']
[2025-08-08T02:42:50.531+0000] {subprocess.py:86} INFO - Output:
[2025-08-08T02:42:50.535+0000] {subprocess.py:97} INFO - Command exited with return code 0
[2025-08-08T02:42:50.536+0000] {taskinstance.py:441} INFO - ::group::Post task execution logs
[2025-08-08T02:42:50.556+0000] {taskinstance.py:1206} INFO - Marking task as SUCCESS. dag_id=climate_data, task_id=create_folder, run_id=scheduled__2024-10-21T00:00:00+00:00, execution_date=20241021T000000, start_date=20250808T024250, end_date=20250808T024250
[2025-08-08T02:42:50.600+0000] {local_task_job_runner.py:240} INFO - Task exited with return code 0
[2025-08-08T02:42:50.618+0000] {taskinstance.py:3498} INFO - 1 downstream tasks scheduled from follow-on schedule check
[2025-08-08T02:42:50.620+0000] {local_task_job_runner.py:222} INFO - ::endgroup::
