[2025-08-08T02:26:31.281+0000] {local_task_job_runner.py:120} INFO - ::group::Pre task execution logs
[2025-08-08T02:26:31.302+0000] {taskinstance.py:2076} INFO - Dependencies all met for dep_context=non-requeueable deps ti=<TaskInstance: climate_data.create_folder scheduled__2023-05-15T00:00:00+00:00 [queued]>
[2025-08-08T02:26:31.310+0000] {taskinstance.py:2076} INFO - Dependencies all met for dep_context=requeueable deps ti=<TaskInstance: climate_data.create_folder scheduled__2023-05-15T00:00:00+00:00 [queued]>
[2025-08-08T02:26:31.311+0000] {taskinstance.py:2306} INFO - Starting attempt 1 of 1
[2025-08-08T02:26:31.321+0000] {taskinstance.py:2330} INFO - Executing <Task(BashOperator): create_folder> on 2023-05-15 00:00:00+00:00
[2025-08-08T02:26:31.326+0000] {standard_task_runner.py:63} INFO - Started process 372 to run task
[2025-08-08T02:26:31.329+0000] {standard_task_runner.py:90} INFO - Running: ['***', 'tasks', 'run', 'climate_data', 'create_folder', 'scheduled__2023-05-15T00:00:00+00:00', '--job-id', '67', '--raw', '--subdir', 'DAGS_FOLDER/climate_data.py', '--cfg-path', '/tmp/tmpq0q_ljhc']
[2025-08-08T02:26:31.331+0000] {standard_task_runner.py:91} INFO - Job 67: Subtask create_folder
[2025-08-08T02:26:31.344+0000] {logging_mixin.py:188} WARNING - /home/***/.local/lib/python3.9/site-packages/***/settings.py:195 DeprecationWarning: The sql_alchemy_conn option in [core] has been moved to the sql_alchemy_conn option in [database] - the old setting has been used, but please update your config.
[2025-08-08T02:26:31.385+0000] {task_command.py:426} INFO - Running <TaskInstance: climate_data.create_folder scheduled__2023-05-15T00:00:00+00:00 [running]> on host 3ceab82043f1
[2025-08-08T02:26:31.448+0000] {taskinstance.py:2648} INFO - Exporting env vars: AIRFLOW_CTX_DAG_OWNER='***' AIRFLOW_CTX_DAG_ID='climate_data' AIRFLOW_CTX_TASK_ID='create_folder' AIRFLOW_CTX_EXECUTION_DATE='2023-05-15T00:00:00+00:00' AIRFLOW_CTX_TRY_NUMBER='1' AIRFLOW_CTX_DAG_RUN_ID='scheduled__2023-05-15T00:00:00+00:00'
[2025-08-08T02:26:31.449+0000] {taskinstance.py:430} INFO - ::endgroup::
[2025-08-08T02:26:31.457+0000] {subprocess.py:63} INFO - Tmp dir root location: /tmp
[2025-08-08T02:26:31.458+0000] {subprocess.py:75} INFO - Running command: ['/usr/bin/bash', '-c', 'mkdir -p /home/***/host_documents/week2023-05-22"']
[2025-08-08T02:26:31.469+0000] {subprocess.py:86} INFO - Output:
[2025-08-08T02:26:31.470+0000] {subprocess.py:93} INFO - /usr/bin/bash: -c: line 1: unexpected EOF while looking for matching `"'
[2025-08-08T02:26:31.470+0000] {subprocess.py:97} INFO - Command exited with return code 2
[2025-08-08T02:26:31.471+0000] {taskinstance.py:441} INFO - ::group::Post task execution logs
[2025-08-08T02:26:31.480+0000] {taskinstance.py:2905} ERROR - Task failed with exception
Traceback (most recent call last):
  File "/home/airflow/.local/lib/python3.9/site-packages/airflow/models/taskinstance.py", line 465, in _execute_task
    result = _execute_callable(context=context, **execute_callable_kwargs)
  File "/home/airflow/.local/lib/python3.9/site-packages/airflow/models/taskinstance.py", line 432, in _execute_callable
    return execute_callable(context=context, **execute_callable_kwargs)
  File "/home/airflow/.local/lib/python3.9/site-packages/airflow/models/baseoperator.py", line 400, in wrapper
    return func(self, *args, **kwargs)
  File "/home/airflow/.local/lib/python3.9/site-packages/airflow/operators/bash.py", line 243, in execute
    raise AirflowException(
airflow.exceptions.AirflowException: Bash command failed. The command returned a non-zero exit code 2.
[2025-08-08T02:26:31.484+0000] {taskinstance.py:1206} INFO - Marking task as FAILED. dag_id=climate_data, task_id=create_folder, run_id=scheduled__2023-05-15T00:00:00+00:00, execution_date=20230515T000000, start_date=20250808T022631, end_date=20250808T022631
[2025-08-08T02:26:31.502+0000] {standard_task_runner.py:110} ERROR - Failed to execute job 67 for task create_folder (Bash command failed. The command returned a non-zero exit code 2.; 372)
[2025-08-08T02:26:31.542+0000] {local_task_job_runner.py:240} INFO - Task exited with return code 1
[2025-08-08T02:26:31.558+0000] {taskinstance.py:3498} INFO - 0 downstream tasks scheduled from follow-on schedule check
[2025-08-08T02:26:31.561+0000] {local_task_job_runner.py:222} INFO - ::endgroup::
[2025-08-08T02:34:48.424+0000] {local_task_job_runner.py:120} INFO - ::group::Pre task execution logs
[2025-08-08T02:34:48.447+0000] {taskinstance.py:2076} INFO - Dependencies all met for dep_context=non-requeueable deps ti=<TaskInstance: climate_data.create_folder scheduled__2023-05-15T00:00:00+00:00 [queued]>
[2025-08-08T02:34:48.455+0000] {taskinstance.py:2076} INFO - Dependencies all met for dep_context=requeueable deps ti=<TaskInstance: climate_data.create_folder scheduled__2023-05-15T00:00:00+00:00 [queued]>
[2025-08-08T02:34:48.456+0000] {taskinstance.py:2306} INFO - Starting attempt 1 of 1
[2025-08-08T02:34:48.524+0000] {taskinstance.py:2330} INFO - Executing <Task(BashOperator): create_folder> on 2023-05-15 00:00:00+00:00
[2025-08-08T02:34:48.528+0000] {standard_task_runner.py:63} INFO - Started process 406 to run task
[2025-08-08T02:34:48.532+0000] {standard_task_runner.py:90} INFO - Running: ['***', 'tasks', 'run', 'climate_data', 'create_folder', 'scheduled__2023-05-15T00:00:00+00:00', '--job-id', '222', '--raw', '--subdir', 'DAGS_FOLDER/climate_data.py', '--cfg-path', '/tmp/tmp_q9hr96v']
[2025-08-08T02:34:48.534+0000] {standard_task_runner.py:91} INFO - Job 222: Subtask create_folder
[2025-08-08T02:34:48.547+0000] {logging_mixin.py:188} WARNING - /home/***/.local/lib/python3.9/site-packages/***/settings.py:195 DeprecationWarning: The sql_alchemy_conn option in [core] has been moved to the sql_alchemy_conn option in [database] - the old setting has been used, but please update your config.
[2025-08-08T02:34:48.587+0000] {task_command.py:426} INFO - Running <TaskInstance: climate_data.create_folder scheduled__2023-05-15T00:00:00+00:00 [running]> on host 1a6f5acf67f4
[2025-08-08T02:34:48.649+0000] {taskinstance.py:2648} INFO - Exporting env vars: AIRFLOW_CTX_DAG_OWNER='***' AIRFLOW_CTX_DAG_ID='climate_data' AIRFLOW_CTX_TASK_ID='create_folder' AIRFLOW_CTX_EXECUTION_DATE='2023-05-15T00:00:00+00:00' AIRFLOW_CTX_TRY_NUMBER='1' AIRFLOW_CTX_DAG_RUN_ID='scheduled__2023-05-15T00:00:00+00:00'
[2025-08-08T02:34:48.649+0000] {taskinstance.py:430} INFO - ::endgroup::
[2025-08-08T02:34:48.659+0000] {subprocess.py:63} INFO - Tmp dir root location: /tmp
[2025-08-08T02:34:48.659+0000] {subprocess.py:75} INFO - Running command: ['/usr/bin/bash', '-c', 'mkdir -p /home/***/host_documents/week2023-05-22"']
[2025-08-08T02:34:48.668+0000] {subprocess.py:86} INFO - Output:
[2025-08-08T02:34:48.669+0000] {subprocess.py:93} INFO - /usr/bin/bash: -c: line 1: unexpected EOF while looking for matching `"'
[2025-08-08T02:34:48.669+0000] {subprocess.py:97} INFO - Command exited with return code 2
[2025-08-08T02:34:48.670+0000] {taskinstance.py:441} INFO - ::group::Post task execution logs
[2025-08-08T02:34:48.677+0000] {taskinstance.py:2905} ERROR - Task failed with exception
Traceback (most recent call last):
  File "/home/airflow/.local/lib/python3.9/site-packages/airflow/models/taskinstance.py", line 465, in _execute_task
    result = _execute_callable(context=context, **execute_callable_kwargs)
  File "/home/airflow/.local/lib/python3.9/site-packages/airflow/models/taskinstance.py", line 432, in _execute_callable
    return execute_callable(context=context, **execute_callable_kwargs)
  File "/home/airflow/.local/lib/python3.9/site-packages/airflow/models/baseoperator.py", line 400, in wrapper
    return func(self, *args, **kwargs)
  File "/home/airflow/.local/lib/python3.9/site-packages/airflow/operators/bash.py", line 243, in execute
    raise AirflowException(
airflow.exceptions.AirflowException: Bash command failed. The command returned a non-zero exit code 2.
[2025-08-08T02:34:48.681+0000] {taskinstance.py:1206} INFO - Marking task as FAILED. dag_id=climate_data, task_id=create_folder, run_id=scheduled__2023-05-15T00:00:00+00:00, execution_date=20230515T000000, start_date=20250808T023448, end_date=20250808T023448
[2025-08-08T02:34:48.707+0000] {standard_task_runner.py:110} ERROR - Failed to execute job 222 for task create_folder (Bash command failed. The command returned a non-zero exit code 2.; 406)
[2025-08-08T02:34:48.744+0000] {local_task_job_runner.py:240} INFO - Task exited with return code 1
[2025-08-08T02:34:48.759+0000] {taskinstance.py:3498} INFO - 0 downstream tasks scheduled from follow-on schedule check
[2025-08-08T02:34:48.762+0000] {local_task_job_runner.py:222} INFO - ::endgroup::
[2025-08-08T02:39:24.065+0000] {local_task_job_runner.py:120} INFO - ::group::Pre task execution logs
[2025-08-08T02:39:24.089+0000] {taskinstance.py:2076} INFO - Dependencies all met for dep_context=non-requeueable deps ti=<TaskInstance: climate_data.create_folder scheduled__2023-05-15T00:00:00+00:00 [queued]>
[2025-08-08T02:39:24.099+0000] {taskinstance.py:2076} INFO - Dependencies all met for dep_context=requeueable deps ti=<TaskInstance: climate_data.create_folder scheduled__2023-05-15T00:00:00+00:00 [queued]>
[2025-08-08T02:39:24.100+0000] {taskinstance.py:2306} INFO - Starting attempt 1 of 1
[2025-08-08T02:39:24.119+0000] {taskinstance.py:2330} INFO - Executing <Task(BashOperator): create_folder> on 2023-05-15 00:00:00+00:00
[2025-08-08T02:39:24.123+0000] {standard_task_runner.py:63} INFO - Started process 1277 to run task
[2025-08-08T02:39:24.126+0000] {standard_task_runner.py:90} INFO - Running: ['***', 'tasks', 'run', 'climate_data', 'create_folder', 'scheduled__2023-05-15T00:00:00+00:00', '--job-id', '410', '--raw', '--subdir', 'DAGS_FOLDER/climate_data.py', '--cfg-path', '/tmp/tmpo15hdc5d']
[2025-08-08T02:39:24.129+0000] {standard_task_runner.py:91} INFO - Job 410: Subtask create_folder
[2025-08-08T02:39:24.145+0000] {logging_mixin.py:188} WARNING - /home/***/.local/lib/python3.9/site-packages/***/settings.py:195 DeprecationWarning: The sql_alchemy_conn option in [core] has been moved to the sql_alchemy_conn option in [database] - the old setting has been used, but please update your config.
[2025-08-08T02:39:24.188+0000] {task_command.py:426} INFO - Running <TaskInstance: climate_data.create_folder scheduled__2023-05-15T00:00:00+00:00 [running]> on host 1a6f5acf67f4
[2025-08-08T02:39:24.262+0000] {taskinstance.py:2648} INFO - Exporting env vars: AIRFLOW_CTX_DAG_OWNER='***' AIRFLOW_CTX_DAG_ID='climate_data' AIRFLOW_CTX_TASK_ID='create_folder' AIRFLOW_CTX_EXECUTION_DATE='2023-05-15T00:00:00+00:00' AIRFLOW_CTX_TRY_NUMBER='1' AIRFLOW_CTX_DAG_RUN_ID='scheduled__2023-05-15T00:00:00+00:00'
[2025-08-08T02:39:24.263+0000] {taskinstance.py:430} INFO - ::endgroup::
[2025-08-08T02:39:24.272+0000] {subprocess.py:63} INFO - Tmp dir root location: /tmp
[2025-08-08T02:39:24.273+0000] {subprocess.py:75} INFO - Running command: ['/usr/bin/bash', '-c', 'mkdir -p /home/***/host_documents/week2023-05-22']
[2025-08-08T02:39:24.285+0000] {subprocess.py:86} INFO - Output:
[2025-08-08T02:39:24.290+0000] {subprocess.py:97} INFO - Command exited with return code 0
[2025-08-08T02:39:24.291+0000] {taskinstance.py:441} INFO - ::group::Post task execution logs
[2025-08-08T02:39:24.315+0000] {taskinstance.py:1206} INFO - Marking task as SUCCESS. dag_id=climate_data, task_id=create_folder, run_id=scheduled__2023-05-15T00:00:00+00:00, execution_date=20230515T000000, start_date=20250808T023924, end_date=20250808T023924
[2025-08-08T02:39:24.380+0000] {local_task_job_runner.py:240} INFO - Task exited with return code 0
[2025-08-08T02:39:24.401+0000] {taskinstance.py:3498} INFO - 1 downstream tasks scheduled from follow-on schedule check
[2025-08-08T02:39:24.403+0000] {local_task_job_runner.py:222} INFO - ::endgroup::
[2025-08-08T02:42:21.911+0000] {local_task_job_runner.py:120} INFO - ::group::Pre task execution logs
[2025-08-08T02:42:21.941+0000] {taskinstance.py:2076} INFO - Dependencies all met for dep_context=non-requeueable deps ti=<TaskInstance: climate_data.create_folder scheduled__2023-05-15T00:00:00+00:00 [queued]>
[2025-08-08T02:42:21.952+0000] {taskinstance.py:2076} INFO - Dependencies all met for dep_context=requeueable deps ti=<TaskInstance: climate_data.create_folder scheduled__2023-05-15T00:00:00+00:00 [queued]>
[2025-08-08T02:42:21.953+0000] {taskinstance.py:2306} INFO - Starting attempt 1 of 1
[2025-08-08T02:42:21.965+0000] {taskinstance.py:2330} INFO - Executing <Task(BashOperator): create_folder> on 2023-05-15 00:00:00+00:00
[2025-08-08T02:42:21.970+0000] {standard_task_runner.py:63} INFO - Started process 2450 to run task
[2025-08-08T02:42:21.973+0000] {standard_task_runner.py:90} INFO - Running: ['***', 'tasks', 'run', 'climate_data', 'create_folder', 'scheduled__2023-05-15T00:00:00+00:00', '--job-id', '718', '--raw', '--subdir', 'DAGS_FOLDER/climate_data.py', '--cfg-path', '/tmp/tmpsyps1ass']
[2025-08-08T02:42:21.975+0000] {standard_task_runner.py:91} INFO - Job 718: Subtask create_folder
[2025-08-08T02:42:21.989+0000] {logging_mixin.py:188} WARNING - /home/***/.local/lib/python3.9/site-packages/***/settings.py:195 DeprecationWarning: The sql_alchemy_conn option in [core] has been moved to the sql_alchemy_conn option in [database] - the old setting has been used, but please update your config.
[2025-08-08T02:42:22.041+0000] {task_command.py:426} INFO - Running <TaskInstance: climate_data.create_folder scheduled__2023-05-15T00:00:00+00:00 [running]> on host 1a6f5acf67f4
[2025-08-08T02:42:22.118+0000] {taskinstance.py:2648} INFO - Exporting env vars: AIRFLOW_CTX_DAG_OWNER='***' AIRFLOW_CTX_DAG_ID='climate_data' AIRFLOW_CTX_TASK_ID='create_folder' AIRFLOW_CTX_EXECUTION_DATE='2023-05-15T00:00:00+00:00' AIRFLOW_CTX_TRY_NUMBER='1' AIRFLOW_CTX_DAG_RUN_ID='scheduled__2023-05-15T00:00:00+00:00'
[2025-08-08T02:42:22.119+0000] {taskinstance.py:430} INFO - ::endgroup::
[2025-08-08T02:42:22.129+0000] {subprocess.py:63} INFO - Tmp dir root location: /tmp
[2025-08-08T02:42:22.130+0000] {subprocess.py:75} INFO - Running command: ['/usr/bin/bash', '-c', 'mkdir -p "/home/***/host_documents/week2023-05-22"']
[2025-08-08T02:42:22.140+0000] {subprocess.py:86} INFO - Output:
[2025-08-08T02:42:22.144+0000] {subprocess.py:97} INFO - Command exited with return code 0
[2025-08-08T02:42:22.145+0000] {taskinstance.py:441} INFO - ::group::Post task execution logs
[2025-08-08T02:42:22.169+0000] {taskinstance.py:1206} INFO - Marking task as SUCCESS. dag_id=climate_data, task_id=create_folder, run_id=scheduled__2023-05-15T00:00:00+00:00, execution_date=20230515T000000, start_date=20250808T024221, end_date=20250808T024222
[2025-08-08T02:42:22.226+0000] {local_task_job_runner.py:240} INFO - Task exited with return code 0
[2025-08-08T02:42:22.247+0000] {taskinstance.py:3498} INFO - 1 downstream tasks scheduled from follow-on schedule check
[2025-08-08T02:42:22.249+0000] {local_task_job_runner.py:222} INFO - ::endgroup::
