[2025-08-08T01:47:32.453+0000] {processor.py:161} INFO - Started process (PID=239) to work on /opt/airflow/dags/desafio.py
[2025-08-08T01:47:32.454+0000] {processor.py:830} INFO - Processing file /opt/airflow/dags/desafio.py for tasks to queue
[2025-08-08T01:47:32.457+0000] {logging_mixin.py:188} INFO - [2025-08-08T01:47:32.456+0000] {dagbag.py:545} INFO - Filling up the DagBag from /opt/airflow/dags/desafio.py
[2025-08-08T01:47:32.469+0000] {logging_mixin.py:188} INFO - [2025-08-08T01:47:32.468+0000] {dagbag.py:355} ERROR - Failed to import: /opt/airflow/dags/desafio.py
Traceback (most recent call last):
  File "/home/airflow/.local/lib/python3.9/site-packages/airflow/models/dagbag.py", line 351, in parse
    loader.exec_module(new_module)
  File "<frozen importlib._bootstrap_external>", line 846, in exec_module
  File "<frozen importlib._bootstrap_external>", line 983, in get_code
  File "<frozen importlib._bootstrap_external>", line 913, in source_to_code
  File "<frozen importlib._bootstrap>", line 228, in _call_with_frames_removed
  File "/opt/airflow/dags/desafio.py", line 3
    for airflow.utils.dates import days_ago
                            ^
SyntaxError: invalid syntax
[2025-08-08T01:47:32.469+0000] {processor.py:842} WARNING - No viable dags retrieved from /opt/airflow/dags/desafio.py
[2025-08-08T01:47:32.483+0000] {processor.py:183} INFO - Processing /opt/airflow/dags/desafio.py took 0.034 seconds
[2025-08-08T01:48:02.682+0000] {processor.py:161} INFO - Started process (PID=249) to work on /opt/airflow/dags/desafio.py
[2025-08-08T01:48:02.682+0000] {processor.py:830} INFO - Processing file /opt/airflow/dags/desafio.py for tasks to queue
[2025-08-08T01:48:02.684+0000] {logging_mixin.py:188} INFO - [2025-08-08T01:48:02.684+0000] {dagbag.py:545} INFO - Filling up the DagBag from /opt/airflow/dags/desafio.py
[2025-08-08T01:48:02.691+0000] {logging_mixin.py:188} INFO - [2025-08-08T01:48:02.691+0000] {dagbag.py:355} ERROR - Failed to import: /opt/airflow/dags/desafio.py
Traceback (most recent call last):
  File "/home/airflow/.local/lib/python3.9/site-packages/airflow/models/dagbag.py", line 351, in parse
    loader.exec_module(new_module)
  File "<frozen importlib._bootstrap_external>", line 846, in exec_module
  File "<frozen importlib._bootstrap_external>", line 983, in get_code
  File "<frozen importlib._bootstrap_external>", line 913, in source_to_code
  File "<frozen importlib._bootstrap>", line 228, in _call_with_frames_removed
  File "/opt/airflow/dags/desafio.py", line 3
    for airflow.utils.dates import days_ago
                            ^
SyntaxError: invalid syntax
[2025-08-08T01:48:02.692+0000] {processor.py:842} WARNING - No viable dags retrieved from /opt/airflow/dags/desafio.py
[2025-08-08T01:48:02.712+0000] {processor.py:183} INFO - Processing /opt/airflow/dags/desafio.py took 0.036 seconds
[2025-08-08T01:48:32.931+0000] {processor.py:161} INFO - Started process (PID=259) to work on /opt/airflow/dags/desafio.py
[2025-08-08T01:48:32.932+0000] {processor.py:830} INFO - Processing file /opt/airflow/dags/desafio.py for tasks to queue
[2025-08-08T01:48:32.934+0000] {logging_mixin.py:188} INFO - [2025-08-08T01:48:32.934+0000] {dagbag.py:545} INFO - Filling up the DagBag from /opt/airflow/dags/desafio.py
[2025-08-08T01:48:32.945+0000] {logging_mixin.py:188} INFO - [2025-08-08T01:48:32.944+0000] {dagbag.py:355} ERROR - Failed to import: /opt/airflow/dags/desafio.py
Traceback (most recent call last):
  File "/home/airflow/.local/lib/python3.9/site-packages/airflow/models/dagbag.py", line 351, in parse
    loader.exec_module(new_module)
  File "<frozen importlib._bootstrap_external>", line 846, in exec_module
  File "<frozen importlib._bootstrap_external>", line 983, in get_code
  File "<frozen importlib._bootstrap_external>", line 913, in source_to_code
  File "<frozen importlib._bootstrap>", line 228, in _call_with_frames_removed
  File "/opt/airflow/dags/desafio.py", line 3
    for airflow.utils.dates import days_ago
                            ^
SyntaxError: invalid syntax
[2025-08-08T01:48:32.945+0000] {processor.py:842} WARNING - No viable dags retrieved from /opt/airflow/dags/desafio.py
[2025-08-08T01:48:32.959+0000] {processor.py:183} INFO - Processing /opt/airflow/dags/desafio.py took 0.032 seconds
[2025-08-08T01:48:42.031+0000] {processor.py:161} INFO - Started process (PID=269) to work on /opt/airflow/dags/desafio.py
[2025-08-08T01:48:42.032+0000] {processor.py:830} INFO - Processing file /opt/airflow/dags/desafio.py for tasks to queue
[2025-08-08T01:48:42.033+0000] {logging_mixin.py:188} INFO - [2025-08-08T01:48:42.033+0000] {dagbag.py:545} INFO - Filling up the DagBag from /opt/airflow/dags/desafio.py
[2025-08-08T01:48:42.041+0000] {logging_mixin.py:188} INFO - [2025-08-08T01:48:42.041+0000] {dagbag.py:355} ERROR - Failed to import: /opt/airflow/dags/desafio.py
Traceback (most recent call last):
  File "/home/airflow/.local/lib/python3.9/site-packages/airflow/models/dagbag.py", line 351, in parse
    loader.exec_module(new_module)
  File "<frozen importlib._bootstrap_external>", line 846, in exec_module
  File "<frozen importlib._bootstrap_external>", line 983, in get_code
  File "<frozen importlib._bootstrap_external>", line 913, in source_to_code
  File "<frozen importlib._bootstrap>", line 228, in _call_with_frames_removed
  File "/opt/airflow/dags/desafio.py", line 5
    def greet():
IndentationError: unexpected indent
[2025-08-08T01:48:42.042+0000] {processor.py:842} WARNING - No viable dags retrieved from /opt/airflow/dags/desafio.py
[2025-08-08T01:48:42.062+0000] {processor.py:183} INFO - Processing /opt/airflow/dags/desafio.py took 0.035 seconds
[2025-08-08T01:49:12.305+0000] {processor.py:161} INFO - Started process (PID=279) to work on /opt/airflow/dags/desafio.py
[2025-08-08T01:49:12.307+0000] {processor.py:830} INFO - Processing file /opt/airflow/dags/desafio.py for tasks to queue
[2025-08-08T01:49:12.308+0000] {logging_mixin.py:188} INFO - [2025-08-08T01:49:12.308+0000] {dagbag.py:545} INFO - Filling up the DagBag from /opt/airflow/dags/desafio.py
[2025-08-08T01:49:12.318+0000] {logging_mixin.py:188} INFO - [2025-08-08T01:49:12.318+0000] {dagbag.py:355} ERROR - Failed to import: /opt/airflow/dags/desafio.py
Traceback (most recent call last):
  File "/home/airflow/.local/lib/python3.9/site-packages/airflow/models/dagbag.py", line 351, in parse
    loader.exec_module(new_module)
  File "<frozen importlib._bootstrap_external>", line 846, in exec_module
  File "<frozen importlib._bootstrap_external>", line 983, in get_code
  File "<frozen importlib._bootstrap_external>", line 913, in source_to_code
  File "<frozen importlib._bootstrap>", line 228, in _call_with_frames_removed
  File "/opt/airflow/dags/desafio.py", line 5
    def greet():
IndentationError: unexpected indent
[2025-08-08T01:49:12.319+0000] {processor.py:842} WARNING - No viable dags retrieved from /opt/airflow/dags/desafio.py
[2025-08-08T01:49:12.338+0000] {processor.py:183} INFO - Processing /opt/airflow/dags/desafio.py took 0.038 seconds
[2025-08-08T01:49:42.511+0000] {processor.py:161} INFO - Started process (PID=289) to work on /opt/airflow/dags/desafio.py
[2025-08-08T01:49:42.512+0000] {processor.py:830} INFO - Processing file /opt/airflow/dags/desafio.py for tasks to queue
[2025-08-08T01:49:42.513+0000] {logging_mixin.py:188} INFO - [2025-08-08T01:49:42.513+0000] {dagbag.py:545} INFO - Filling up the DagBag from /opt/airflow/dags/desafio.py
[2025-08-08T01:49:42.521+0000] {logging_mixin.py:188} INFO - [2025-08-08T01:49:42.520+0000] {dagbag.py:355} ERROR - Failed to import: /opt/airflow/dags/desafio.py
Traceback (most recent call last):
  File "/home/airflow/.local/lib/python3.9/site-packages/airflow/models/dagbag.py", line 351, in parse
    loader.exec_module(new_module)
  File "<frozen importlib._bootstrap_external>", line 846, in exec_module
  File "<frozen importlib._bootstrap_external>", line 983, in get_code
  File "<frozen importlib._bootstrap_external>", line 913, in source_to_code
  File "<frozen importlib._bootstrap>", line 228, in _call_with_frames_removed
  File "/opt/airflow/dags/desafio.py", line 5
    def greet():
IndentationError: unexpected indent
[2025-08-08T01:49:42.521+0000] {processor.py:842} WARNING - No viable dags retrieved from /opt/airflow/dags/desafio.py
[2025-08-08T01:49:42.539+0000] {processor.py:183} INFO - Processing /opt/airflow/dags/desafio.py took 0.034 seconds
[2025-08-08T01:50:12.701+0000] {processor.py:161} INFO - Started process (PID=299) to work on /opt/airflow/dags/desafio.py
[2025-08-08T01:50:12.702+0000] {processor.py:830} INFO - Processing file /opt/airflow/dags/desafio.py for tasks to queue
[2025-08-08T01:50:12.704+0000] {logging_mixin.py:188} INFO - [2025-08-08T01:50:12.703+0000] {dagbag.py:545} INFO - Filling up the DagBag from /opt/airflow/dags/desafio.py
[2025-08-08T01:50:12.712+0000] {logging_mixin.py:188} INFO - [2025-08-08T01:50:12.712+0000] {dagbag.py:355} ERROR - Failed to import: /opt/airflow/dags/desafio.py
Traceback (most recent call last):
  File "/home/airflow/.local/lib/python3.9/site-packages/airflow/models/dagbag.py", line 351, in parse
    loader.exec_module(new_module)
  File "<frozen importlib._bootstrap_external>", line 846, in exec_module
  File "<frozen importlib._bootstrap_external>", line 983, in get_code
  File "<frozen importlib._bootstrap_external>", line 913, in source_to_code
  File "<frozen importlib._bootstrap>", line 228, in _call_with_frames_removed
  File "/opt/airflow/dags/desafio.py", line 5
    def greet():
IndentationError: unexpected indent
[2025-08-08T01:50:12.712+0000] {processor.py:842} WARNING - No viable dags retrieved from /opt/airflow/dags/desafio.py
[2025-08-08T01:50:12.733+0000] {processor.py:183} INFO - Processing /opt/airflow/dags/desafio.py took 0.037 seconds
[2025-08-08T01:50:42.885+0000] {processor.py:161} INFO - Started process (PID=309) to work on /opt/airflow/dags/desafio.py
[2025-08-08T01:50:42.886+0000] {processor.py:830} INFO - Processing file /opt/airflow/dags/desafio.py for tasks to queue
[2025-08-08T01:50:42.887+0000] {logging_mixin.py:188} INFO - [2025-08-08T01:50:42.887+0000] {dagbag.py:545} INFO - Filling up the DagBag from /opt/airflow/dags/desafio.py
[2025-08-08T01:50:42.897+0000] {logging_mixin.py:188} INFO - [2025-08-08T01:50:42.896+0000] {dagbag.py:355} ERROR - Failed to import: /opt/airflow/dags/desafio.py
Traceback (most recent call last):
  File "/home/airflow/.local/lib/python3.9/site-packages/airflow/models/dagbag.py", line 351, in parse
    loader.exec_module(new_module)
  File "<frozen importlib._bootstrap_external>", line 846, in exec_module
  File "<frozen importlib._bootstrap_external>", line 983, in get_code
  File "<frozen importlib._bootstrap_external>", line 913, in source_to_code
  File "<frozen importlib._bootstrap>", line 228, in _call_with_frames_removed
  File "/opt/airflow/dags/desafio.py", line 5
    def greet():
IndentationError: unexpected indent
[2025-08-08T01:50:42.897+0000] {processor.py:842} WARNING - No viable dags retrieved from /opt/airflow/dags/desafio.py
[2025-08-08T01:50:42.915+0000] {processor.py:183} INFO - Processing /opt/airflow/dags/desafio.py took 0.034 seconds
[2025-08-08T01:50:53.263+0000] {processor.py:161} INFO - Started process (PID=180) to work on /opt/airflow/dags/desafio.py
[2025-08-08T01:50:53.264+0000] {processor.py:830} INFO - Processing file /opt/airflow/dags/desafio.py for tasks to queue
[2025-08-08T01:50:53.265+0000] {logging_mixin.py:188} INFO - [2025-08-08T01:50:53.265+0000] {dagbag.py:545} INFO - Filling up the DagBag from /opt/airflow/dags/desafio.py
[2025-08-08T01:50:53.272+0000] {logging_mixin.py:188} INFO - [2025-08-08T01:50:53.272+0000] {dagbag.py:355} ERROR - Failed to import: /opt/airflow/dags/desafio.py
Traceback (most recent call last):
  File "/home/airflow/.local/lib/python3.9/site-packages/airflow/models/dagbag.py", line 351, in parse
    loader.exec_module(new_module)
  File "<frozen importlib._bootstrap_external>", line 846, in exec_module
  File "<frozen importlib._bootstrap_external>", line 983, in get_code
  File "<frozen importlib._bootstrap_external>", line 913, in source_to_code
  File "<frozen importlib._bootstrap>", line 228, in _call_with_frames_removed
  File "/opt/airflow/dags/desafio.py", line 5
    def greet():
IndentationError: unexpected indent
[2025-08-08T01:50:53.273+0000] {processor.py:842} WARNING - No viable dags retrieved from /opt/airflow/dags/desafio.py
[2025-08-08T01:50:53.292+0000] {processor.py:183} INFO - Processing /opt/airflow/dags/desafio.py took 0.035 seconds
[2025-08-08T01:51:23.455+0000] {processor.py:161} INFO - Started process (PID=190) to work on /opt/airflow/dags/desafio.py
[2025-08-08T01:51:23.457+0000] {processor.py:830} INFO - Processing file /opt/airflow/dags/desafio.py for tasks to queue
[2025-08-08T01:51:23.459+0000] {logging_mixin.py:188} INFO - [2025-08-08T01:51:23.458+0000] {dagbag.py:545} INFO - Filling up the DagBag from /opt/airflow/dags/desafio.py
[2025-08-08T01:51:23.469+0000] {logging_mixin.py:188} INFO - [2025-08-08T01:51:23.468+0000] {dagbag.py:355} ERROR - Failed to import: /opt/airflow/dags/desafio.py
Traceback (most recent call last):
  File "/home/airflow/.local/lib/python3.9/site-packages/airflow/models/dagbag.py", line 351, in parse
    loader.exec_module(new_module)
  File "<frozen importlib._bootstrap_external>", line 846, in exec_module
  File "<frozen importlib._bootstrap_external>", line 983, in get_code
  File "<frozen importlib._bootstrap_external>", line 913, in source_to_code
  File "<frozen importlib._bootstrap>", line 228, in _call_with_frames_removed
  File "/opt/airflow/dags/desafio.py", line 5
    def greet():
IndentationError: unexpected indent
[2025-08-08T01:51:23.469+0000] {processor.py:842} WARNING - No viable dags retrieved from /opt/airflow/dags/desafio.py
[2025-08-08T01:51:23.488+0000] {processor.py:183} INFO - Processing /opt/airflow/dags/desafio.py took 0.039 seconds
[2025-08-08T01:51:30.562+0000] {processor.py:161} INFO - Started process (PID=200) to work on /opt/airflow/dags/desafio.py
[2025-08-08T01:51:30.564+0000] {processor.py:830} INFO - Processing file /opt/airflow/dags/desafio.py for tasks to queue
[2025-08-08T01:51:30.565+0000] {logging_mixin.py:188} INFO - [2025-08-08T01:51:30.565+0000] {dagbag.py:545} INFO - Filling up the DagBag from /opt/airflow/dags/desafio.py
[2025-08-08T01:51:30.582+0000] {processor.py:840} INFO - DAG(s) 'desafio' retrieved from /opt/airflow/dags/desafio.py
[2025-08-08T01:51:30.659+0000] {logging_mixin.py:188} INFO - [2025-08-08T01:51:30.659+0000] {override.py:1829} INFO - Created Permission View: can read on DAG:desafio
[2025-08-08T01:51:30.666+0000] {logging_mixin.py:188} INFO - [2025-08-08T01:51:30.666+0000] {override.py:1829} INFO - Created Permission View: can edit on DAG:desafio
[2025-08-08T01:51:30.671+0000] {logging_mixin.py:188} INFO - [2025-08-08T01:51:30.671+0000] {override.py:1829} INFO - Created Permission View: can delete on DAG:desafio
[2025-08-08T01:51:30.671+0000] {logging_mixin.py:188} INFO - [2025-08-08T01:51:30.671+0000] {dag.py:3096} INFO - Sync 1 DAGs
[2025-08-08T01:51:30.679+0000] {logging_mixin.py:188} INFO - [2025-08-08T01:51:30.678+0000] {dag.py:3118} INFO - Creating ORM DAG for desafio
[2025-08-08T01:51:30.687+0000] {logging_mixin.py:188} INFO - [2025-08-08T01:51:30.687+0000] {dag.py:3954} INFO - Setting next_dagrun for desafio to 2025-08-07 00:00:00+00:00, run_after=2025-08-08 00:00:00+00:00
[2025-08-08T01:51:30.701+0000] {processor.py:183} INFO - Processing /opt/airflow/dags/desafio.py took 0.144 seconds
[2025-08-08T01:52:00.867+0000] {processor.py:161} INFO - Started process (PID=214) to work on /opt/airflow/dags/desafio.py
[2025-08-08T01:52:00.868+0000] {processor.py:830} INFO - Processing file /opt/airflow/dags/desafio.py for tasks to queue
[2025-08-08T01:52:00.870+0000] {logging_mixin.py:188} INFO - [2025-08-08T01:52:00.869+0000] {dagbag.py:545} INFO - Filling up the DagBag from /opt/airflow/dags/desafio.py
[2025-08-08T01:52:00.884+0000] {processor.py:840} INFO - DAG(s) 'desafio' retrieved from /opt/airflow/dags/desafio.py
[2025-08-08T01:52:00.902+0000] {logging_mixin.py:188} INFO - [2025-08-08T01:52:00.902+0000] {dag.py:3096} INFO - Sync 1 DAGs
[2025-08-08T01:52:00.918+0000] {logging_mixin.py:188} INFO - [2025-08-08T01:52:00.918+0000] {dag.py:3954} INFO - Setting next_dagrun for desafio to 2025-08-08 00:00:00+00:00, run_after=2025-08-09 00:00:00+00:00
[2025-08-08T01:52:00.936+0000] {processor.py:183} INFO - Processing /opt/airflow/dags/desafio.py took 0.074 seconds
[2025-08-08T01:52:31.095+0000] {processor.py:161} INFO - Started process (PID=226) to work on /opt/airflow/dags/desafio.py
[2025-08-08T01:52:31.096+0000] {processor.py:830} INFO - Processing file /opt/airflow/dags/desafio.py for tasks to queue
[2025-08-08T01:52:31.097+0000] {logging_mixin.py:188} INFO - [2025-08-08T01:52:31.097+0000] {dagbag.py:545} INFO - Filling up the DagBag from /opt/airflow/dags/desafio.py
[2025-08-08T01:52:31.111+0000] {processor.py:840} INFO - DAG(s) 'desafio' retrieved from /opt/airflow/dags/desafio.py
[2025-08-08T01:52:31.130+0000] {logging_mixin.py:188} INFO - [2025-08-08T01:52:31.130+0000] {dag.py:3096} INFO - Sync 1 DAGs
[2025-08-08T01:52:31.146+0000] {logging_mixin.py:188} INFO - [2025-08-08T01:52:31.146+0000] {dag.py:3954} INFO - Setting next_dagrun for desafio to 2025-08-08 00:00:00+00:00, run_after=2025-08-09 00:00:00+00:00
[2025-08-08T01:52:31.165+0000] {processor.py:183} INFO - Processing /opt/airflow/dags/desafio.py took 0.075 seconds
[2025-08-08T01:53:01.321+0000] {processor.py:161} INFO - Started process (PID=236) to work on /opt/airflow/dags/desafio.py
[2025-08-08T01:53:01.322+0000] {processor.py:830} INFO - Processing file /opt/airflow/dags/desafio.py for tasks to queue
[2025-08-08T01:53:01.324+0000] {logging_mixin.py:188} INFO - [2025-08-08T01:53:01.323+0000] {dagbag.py:545} INFO - Filling up the DagBag from /opt/airflow/dags/desafio.py
[2025-08-08T01:53:01.337+0000] {processor.py:840} INFO - DAG(s) 'desafio' retrieved from /opt/airflow/dags/desafio.py
[2025-08-08T01:53:01.357+0000] {logging_mixin.py:188} INFO - [2025-08-08T01:53:01.356+0000] {dag.py:3096} INFO - Sync 1 DAGs
[2025-08-08T01:53:01.373+0000] {logging_mixin.py:188} INFO - [2025-08-08T01:53:01.373+0000] {dag.py:3954} INFO - Setting next_dagrun for desafio to 2025-08-08 00:00:00+00:00, run_after=2025-08-09 00:00:00+00:00
[2025-08-08T01:53:01.385+0000] {processor.py:183} INFO - Processing /opt/airflow/dags/desafio.py took 0.069 seconds
[2025-08-08T01:53:31.521+0000] {processor.py:161} INFO - Started process (PID=246) to work on /opt/airflow/dags/desafio.py
[2025-08-08T01:53:31.522+0000] {processor.py:830} INFO - Processing file /opt/airflow/dags/desafio.py for tasks to queue
[2025-08-08T01:53:31.524+0000] {logging_mixin.py:188} INFO - [2025-08-08T01:53:31.524+0000] {dagbag.py:545} INFO - Filling up the DagBag from /opt/airflow/dags/desafio.py
[2025-08-08T01:53:31.537+0000] {processor.py:840} INFO - DAG(s) 'desafio' retrieved from /opt/airflow/dags/desafio.py
[2025-08-08T01:53:31.557+0000] {logging_mixin.py:188} INFO - [2025-08-08T01:53:31.557+0000] {dag.py:3096} INFO - Sync 1 DAGs
[2025-08-08T01:53:31.573+0000] {logging_mixin.py:188} INFO - [2025-08-08T01:53:31.573+0000] {dag.py:3954} INFO - Setting next_dagrun for desafio to 2025-08-08 00:00:00+00:00, run_after=2025-08-09 00:00:00+00:00
[2025-08-08T01:53:31.592+0000] {processor.py:183} INFO - Processing /opt/airflow/dags/desafio.py took 0.075 seconds
[2025-08-08T01:54:01.763+0000] {processor.py:161} INFO - Started process (PID=256) to work on /opt/airflow/dags/desafio.py
[2025-08-08T01:54:01.764+0000] {processor.py:830} INFO - Processing file /opt/airflow/dags/desafio.py for tasks to queue
[2025-08-08T01:54:01.766+0000] {logging_mixin.py:188} INFO - [2025-08-08T01:54:01.766+0000] {dagbag.py:545} INFO - Filling up the DagBag from /opt/airflow/dags/desafio.py
[2025-08-08T01:54:01.780+0000] {processor.py:840} INFO - DAG(s) 'desafio' retrieved from /opt/airflow/dags/desafio.py
[2025-08-08T01:54:01.800+0000] {logging_mixin.py:188} INFO - [2025-08-08T01:54:01.800+0000] {dag.py:3096} INFO - Sync 1 DAGs
[2025-08-08T01:54:01.816+0000] {logging_mixin.py:188} INFO - [2025-08-08T01:54:01.815+0000] {dag.py:3954} INFO - Setting next_dagrun for desafio to 2025-08-08 00:00:00+00:00, run_after=2025-08-09 00:00:00+00:00
[2025-08-08T01:54:01.836+0000] {processor.py:183} INFO - Processing /opt/airflow/dags/desafio.py took 0.079 seconds
[2025-08-08T01:54:32.012+0000] {processor.py:161} INFO - Started process (PID=266) to work on /opt/airflow/dags/desafio.py
[2025-08-08T01:54:32.014+0000] {processor.py:830} INFO - Processing file /opt/airflow/dags/desafio.py for tasks to queue
[2025-08-08T01:54:32.016+0000] {logging_mixin.py:188} INFO - [2025-08-08T01:54:32.016+0000] {dagbag.py:545} INFO - Filling up the DagBag from /opt/airflow/dags/desafio.py
[2025-08-08T01:54:32.034+0000] {processor.py:840} INFO - DAG(s) 'desafio' retrieved from /opt/airflow/dags/desafio.py
[2025-08-08T01:54:32.057+0000] {logging_mixin.py:188} INFO - [2025-08-08T01:54:32.057+0000] {dag.py:3096} INFO - Sync 1 DAGs
[2025-08-08T01:54:32.075+0000] {logging_mixin.py:188} INFO - [2025-08-08T01:54:32.075+0000] {dag.py:3954} INFO - Setting next_dagrun for desafio to 2025-08-08 00:00:00+00:00, run_after=2025-08-09 00:00:00+00:00
[2025-08-08T01:54:32.088+0000] {processor.py:183} INFO - Processing /opt/airflow/dags/desafio.py took 0.081 seconds
[2025-08-08T01:55:02.271+0000] {processor.py:161} INFO - Started process (PID=278) to work on /opt/airflow/dags/desafio.py
[2025-08-08T01:55:02.272+0000] {processor.py:830} INFO - Processing file /opt/airflow/dags/desafio.py for tasks to queue
[2025-08-08T01:55:02.274+0000] {logging_mixin.py:188} INFO - [2025-08-08T01:55:02.274+0000] {dagbag.py:545} INFO - Filling up the DagBag from /opt/airflow/dags/desafio.py
[2025-08-08T01:55:02.289+0000] {processor.py:840} INFO - DAG(s) 'desafio' retrieved from /opt/airflow/dags/desafio.py
[2025-08-08T01:55:02.310+0000] {logging_mixin.py:188} INFO - [2025-08-08T01:55:02.309+0000] {dag.py:3096} INFO - Sync 1 DAGs
[2025-08-08T01:55:02.326+0000] {logging_mixin.py:188} INFO - [2025-08-08T01:55:02.325+0000] {dag.py:3954} INFO - Setting next_dagrun for desafio to 2025-08-08 00:00:00+00:00, run_after=2025-08-09 00:00:00+00:00
[2025-08-08T01:55:02.344+0000] {processor.py:183} INFO - Processing /opt/airflow/dags/desafio.py took 0.078 seconds
[2025-08-08T01:55:32.490+0000] {processor.py:161} INFO - Started process (PID=288) to work on /opt/airflow/dags/desafio.py
[2025-08-08T01:55:32.491+0000] {processor.py:830} INFO - Processing file /opt/airflow/dags/desafio.py for tasks to queue
[2025-08-08T01:55:32.492+0000] {logging_mixin.py:188} INFO - [2025-08-08T01:55:32.492+0000] {dagbag.py:545} INFO - Filling up the DagBag from /opt/airflow/dags/desafio.py
[2025-08-08T01:55:32.508+0000] {processor.py:840} INFO - DAG(s) 'desafio' retrieved from /opt/airflow/dags/desafio.py
[2025-08-08T01:55:32.528+0000] {logging_mixin.py:188} INFO - [2025-08-08T01:55:32.528+0000] {dag.py:3096} INFO - Sync 1 DAGs
[2025-08-08T01:55:32.545+0000] {logging_mixin.py:188} INFO - [2025-08-08T01:55:32.544+0000] {dag.py:3954} INFO - Setting next_dagrun for desafio to 2025-08-08 00:00:00+00:00, run_after=2025-08-09 00:00:00+00:00
[2025-08-08T01:55:32.563+0000] {processor.py:183} INFO - Processing /opt/airflow/dags/desafio.py took 0.078 seconds
[2025-08-08T01:56:02.750+0000] {processor.py:161} INFO - Started process (PID=298) to work on /opt/airflow/dags/desafio.py
[2025-08-08T01:56:02.751+0000] {processor.py:830} INFO - Processing file /opt/airflow/dags/desafio.py for tasks to queue
[2025-08-08T01:56:02.753+0000] {logging_mixin.py:188} INFO - [2025-08-08T01:56:02.753+0000] {dagbag.py:545} INFO - Filling up the DagBag from /opt/airflow/dags/desafio.py
[2025-08-08T01:56:02.769+0000] {processor.py:840} INFO - DAG(s) 'desafio' retrieved from /opt/airflow/dags/desafio.py
[2025-08-08T01:56:02.791+0000] {logging_mixin.py:188} INFO - [2025-08-08T01:56:02.791+0000] {dag.py:3096} INFO - Sync 1 DAGs
[2025-08-08T01:56:02.809+0000] {logging_mixin.py:188} INFO - [2025-08-08T01:56:02.809+0000] {dag.py:3954} INFO - Setting next_dagrun for desafio to 2025-08-08 00:00:00+00:00, run_after=2025-08-09 00:00:00+00:00
[2025-08-08T01:56:02.828+0000] {processor.py:183} INFO - Processing /opt/airflow/dags/desafio.py took 0.084 seconds
[2025-08-08T01:56:32.996+0000] {processor.py:161} INFO - Started process (PID=308) to work on /opt/airflow/dags/desafio.py
[2025-08-08T01:56:32.997+0000] {processor.py:830} INFO - Processing file /opt/airflow/dags/desafio.py for tasks to queue
[2025-08-08T01:56:32.999+0000] {logging_mixin.py:188} INFO - [2025-08-08T01:56:32.998+0000] {dagbag.py:545} INFO - Filling up the DagBag from /opt/airflow/dags/desafio.py
[2025-08-08T01:56:33.013+0000] {processor.py:840} INFO - DAG(s) 'desafio' retrieved from /opt/airflow/dags/desafio.py
[2025-08-08T01:56:33.034+0000] {logging_mixin.py:188} INFO - [2025-08-08T01:56:33.034+0000] {dag.py:3096} INFO - Sync 1 DAGs
[2025-08-08T01:56:33.051+0000] {logging_mixin.py:188} INFO - [2025-08-08T01:56:33.051+0000] {dag.py:3954} INFO - Setting next_dagrun for desafio to 2025-08-08 00:00:00+00:00, run_after=2025-08-09 00:00:00+00:00
[2025-08-08T01:56:33.070+0000] {processor.py:183} INFO - Processing /opt/airflow/dags/desafio.py took 0.081 seconds
[2025-08-08T01:57:03.244+0000] {processor.py:161} INFO - Started process (PID=318) to work on /opt/airflow/dags/desafio.py
[2025-08-08T01:57:03.245+0000] {processor.py:830} INFO - Processing file /opt/airflow/dags/desafio.py for tasks to queue
[2025-08-08T01:57:03.248+0000] {logging_mixin.py:188} INFO - [2025-08-08T01:57:03.248+0000] {dagbag.py:545} INFO - Filling up the DagBag from /opt/airflow/dags/desafio.py
[2025-08-08T01:57:03.291+0000] {processor.py:840} INFO - DAG(s) 'desafio' retrieved from /opt/airflow/dags/desafio.py
[2025-08-08T01:57:03.311+0000] {logging_mixin.py:188} INFO - [2025-08-08T01:57:03.311+0000] {dag.py:3096} INFO - Sync 1 DAGs
[2025-08-08T01:57:03.327+0000] {logging_mixin.py:188} INFO - [2025-08-08T01:57:03.327+0000] {dag.py:3954} INFO - Setting next_dagrun for desafio to 2025-08-08 00:00:00+00:00, run_after=2025-08-09 00:00:00+00:00
[2025-08-08T01:57:03.344+0000] {processor.py:183} INFO - Processing /opt/airflow/dags/desafio.py took 0.107 seconds
[2025-08-08T01:57:33.486+0000] {processor.py:161} INFO - Started process (PID=328) to work on /opt/airflow/dags/desafio.py
[2025-08-08T01:57:33.487+0000] {processor.py:830} INFO - Processing file /opt/airflow/dags/desafio.py for tasks to queue
[2025-08-08T01:57:33.488+0000] {logging_mixin.py:188} INFO - [2025-08-08T01:57:33.488+0000] {dagbag.py:545} INFO - Filling up the DagBag from /opt/airflow/dags/desafio.py
[2025-08-08T01:57:33.501+0000] {processor.py:840} INFO - DAG(s) 'desafio' retrieved from /opt/airflow/dags/desafio.py
[2025-08-08T01:57:33.521+0000] {logging_mixin.py:188} INFO - [2025-08-08T01:57:33.521+0000] {dag.py:3096} INFO - Sync 1 DAGs
[2025-08-08T01:57:33.536+0000] {logging_mixin.py:188} INFO - [2025-08-08T01:57:33.536+0000] {dag.py:3954} INFO - Setting next_dagrun for desafio to 2025-08-08 00:00:00+00:00, run_after=2025-08-09 00:00:00+00:00
[2025-08-08T01:57:33.554+0000] {processor.py:183} INFO - Processing /opt/airflow/dags/desafio.py took 0.074 seconds
[2025-08-08T01:58:03.721+0000] {processor.py:161} INFO - Started process (PID=338) to work on /opt/airflow/dags/desafio.py
[2025-08-08T01:58:03.722+0000] {processor.py:830} INFO - Processing file /opt/airflow/dags/desafio.py for tasks to queue
[2025-08-08T01:58:03.723+0000] {logging_mixin.py:188} INFO - [2025-08-08T01:58:03.723+0000] {dagbag.py:545} INFO - Filling up the DagBag from /opt/airflow/dags/desafio.py
[2025-08-08T01:58:03.736+0000] {processor.py:840} INFO - DAG(s) 'desafio' retrieved from /opt/airflow/dags/desafio.py
[2025-08-08T01:58:03.755+0000] {logging_mixin.py:188} INFO - [2025-08-08T01:58:03.754+0000] {dag.py:3096} INFO - Sync 1 DAGs
[2025-08-08T01:58:03.770+0000] {logging_mixin.py:188} INFO - [2025-08-08T01:58:03.770+0000] {dag.py:3954} INFO - Setting next_dagrun for desafio to 2025-08-08 00:00:00+00:00, run_after=2025-08-09 00:00:00+00:00
[2025-08-08T01:58:03.787+0000] {processor.py:183} INFO - Processing /opt/airflow/dags/desafio.py took 0.071 seconds
[2025-08-08T01:58:33.975+0000] {processor.py:161} INFO - Started process (PID=348) to work on /opt/airflow/dags/desafio.py
[2025-08-08T01:58:33.975+0000] {processor.py:830} INFO - Processing file /opt/airflow/dags/desafio.py for tasks to queue
[2025-08-08T01:58:33.977+0000] {logging_mixin.py:188} INFO - [2025-08-08T01:58:33.977+0000] {dagbag.py:545} INFO - Filling up the DagBag from /opt/airflow/dags/desafio.py
[2025-08-08T01:58:33.991+0000] {processor.py:840} INFO - DAG(s) 'desafio' retrieved from /opt/airflow/dags/desafio.py
[2025-08-08T01:58:34.011+0000] {logging_mixin.py:188} INFO - [2025-08-08T01:58:34.010+0000] {dag.py:3096} INFO - Sync 1 DAGs
[2025-08-08T01:58:34.028+0000] {logging_mixin.py:188} INFO - [2025-08-08T01:58:34.028+0000] {dag.py:3954} INFO - Setting next_dagrun for desafio to 2025-08-08 00:00:00+00:00, run_after=2025-08-09 00:00:00+00:00
[2025-08-08T01:58:34.041+0000] {processor.py:183} INFO - Processing /opt/airflow/dags/desafio.py took 0.071 seconds
[2025-08-08T01:59:04.207+0000] {processor.py:161} INFO - Started process (PID=358) to work on /opt/airflow/dags/desafio.py
[2025-08-08T01:59:04.209+0000] {processor.py:830} INFO - Processing file /opt/airflow/dags/desafio.py for tasks to queue
[2025-08-08T01:59:04.211+0000] {logging_mixin.py:188} INFO - [2025-08-08T01:59:04.210+0000] {dagbag.py:545} INFO - Filling up the DagBag from /opt/airflow/dags/desafio.py
[2025-08-08T01:59:04.226+0000] {processor.py:840} INFO - DAG(s) 'desafio' retrieved from /opt/airflow/dags/desafio.py
[2025-08-08T01:59:04.246+0000] {logging_mixin.py:188} INFO - [2025-08-08T01:59:04.246+0000] {dag.py:3096} INFO - Sync 1 DAGs
[2025-08-08T01:59:04.263+0000] {logging_mixin.py:188} INFO - [2025-08-08T01:59:04.263+0000] {dag.py:3954} INFO - Setting next_dagrun for desafio to 2025-08-08 00:00:00+00:00, run_after=2025-08-09 00:00:00+00:00
[2025-08-08T01:59:04.281+0000] {processor.py:183} INFO - Processing /opt/airflow/dags/desafio.py took 0.080 seconds
[2025-08-08T01:59:34.551+0000] {processor.py:161} INFO - Started process (PID=373) to work on /opt/airflow/dags/desafio.py
[2025-08-08T01:59:34.552+0000] {processor.py:830} INFO - Processing file /opt/airflow/dags/desafio.py for tasks to queue
[2025-08-08T01:59:34.554+0000] {logging_mixin.py:188} INFO - [2025-08-08T01:59:34.554+0000] {dagbag.py:545} INFO - Filling up the DagBag from /opt/airflow/dags/desafio.py
[2025-08-08T01:59:34.569+0000] {processor.py:840} INFO - DAG(s) 'desafio' retrieved from /opt/airflow/dags/desafio.py
[2025-08-08T01:59:34.590+0000] {logging_mixin.py:188} INFO - [2025-08-08T01:59:34.590+0000] {dag.py:3096} INFO - Sync 1 DAGs
[2025-08-08T01:59:34.607+0000] {logging_mixin.py:188} INFO - [2025-08-08T01:59:34.607+0000] {dag.py:3954} INFO - Setting next_dagrun for desafio to 2025-08-08 00:00:00+00:00, run_after=2025-08-09 00:00:00+00:00
[2025-08-08T01:59:34.621+0000] {processor.py:183} INFO - Processing /opt/airflow/dags/desafio.py took 0.075 seconds
[2025-08-08T01:59:55.585+0000] {processor.py:161} INFO - Started process (PID=183) to work on /opt/airflow/dags/desafio.py
[2025-08-08T01:59:55.587+0000] {processor.py:830} INFO - Processing file /opt/airflow/dags/desafio.py for tasks to queue
[2025-08-08T01:59:55.589+0000] {logging_mixin.py:188} INFO - [2025-08-08T01:59:55.588+0000] {dagbag.py:545} INFO - Filling up the DagBag from /opt/airflow/dags/desafio.py
[2025-08-08T01:59:55.601+0000] {processor.py:840} INFO - DAG(s) 'desafio' retrieved from /opt/airflow/dags/desafio.py
[2025-08-08T01:59:55.629+0000] {logging_mixin.py:188} INFO - [2025-08-08T01:59:55.629+0000] {dag.py:3096} INFO - Sync 1 DAGs
[2025-08-08T01:59:55.644+0000] {logging_mixin.py:188} INFO - [2025-08-08T01:59:55.644+0000] {dag.py:3954} INFO - Setting next_dagrun for desafio to 2025-08-08 00:00:00+00:00, run_after=2025-08-09 00:00:00+00:00
[2025-08-08T01:59:55.658+0000] {processor.py:183} INFO - Processing /opt/airflow/dags/desafio.py took 0.077 seconds
[2025-08-08T02:00:25.765+0000] {processor.py:161} INFO - Started process (PID=199) to work on /opt/airflow/dags/desafio.py
[2025-08-08T02:00:25.765+0000] {processor.py:830} INFO - Processing file /opt/airflow/dags/desafio.py for tasks to queue
[2025-08-08T02:00:25.767+0000] {logging_mixin.py:188} INFO - [2025-08-08T02:00:25.766+0000] {dagbag.py:545} INFO - Filling up the DagBag from /opt/airflow/dags/desafio.py
[2025-08-08T02:00:25.781+0000] {processor.py:840} INFO - DAG(s) 'desafio' retrieved from /opt/airflow/dags/desafio.py
[2025-08-08T02:00:25.807+0000] {logging_mixin.py:188} INFO - [2025-08-08T02:00:25.807+0000] {dag.py:3096} INFO - Sync 1 DAGs
[2025-08-08T02:00:25.826+0000] {logging_mixin.py:188} INFO - [2025-08-08T02:00:25.826+0000] {dag.py:3954} INFO - Setting next_dagrun for desafio to 2025-08-08 00:00:00+00:00, run_after=2025-08-09 00:00:00+00:00
[2025-08-08T02:00:25.845+0000] {processor.py:183} INFO - Processing /opt/airflow/dags/desafio.py took 0.085 seconds
[2025-08-08T02:00:56.017+0000] {processor.py:161} INFO - Started process (PID=211) to work on /opt/airflow/dags/desafio.py
[2025-08-08T02:00:56.018+0000] {processor.py:830} INFO - Processing file /opt/airflow/dags/desafio.py for tasks to queue
[2025-08-08T02:00:56.020+0000] {logging_mixin.py:188} INFO - [2025-08-08T02:00:56.019+0000] {dagbag.py:545} INFO - Filling up the DagBag from /opt/airflow/dags/desafio.py
[2025-08-08T02:00:56.034+0000] {processor.py:840} INFO - DAG(s) 'desafio' retrieved from /opt/airflow/dags/desafio.py
[2025-08-08T02:00:56.105+0000] {logging_mixin.py:188} INFO - [2025-08-08T02:00:56.105+0000] {dag.py:3096} INFO - Sync 1 DAGs
[2025-08-08T02:00:56.113+0000] {logging_mixin.py:188} INFO - [2025-08-08T02:00:56.113+0000] {dag.py:3118} INFO - Creating ORM DAG for desafio
[2025-08-08T02:00:56.120+0000] {logging_mixin.py:188} INFO - [2025-08-08T02:00:56.120+0000] {dag.py:3954} INFO - Setting next_dagrun for desafio to 2025-08-07 00:00:00+00:00, run_after=2025-08-08 00:00:00+00:00
[2025-08-08T02:00:56.139+0000] {processor.py:183} INFO - Processing /opt/airflow/dags/desafio.py took 0.127 seconds
[2025-08-08T02:01:26.302+0000] {processor.py:161} INFO - Started process (PID=230) to work on /opt/airflow/dags/desafio.py
[2025-08-08T02:01:26.303+0000] {processor.py:830} INFO - Processing file /opt/airflow/dags/desafio.py for tasks to queue
[2025-08-08T02:01:26.304+0000] {logging_mixin.py:188} INFO - [2025-08-08T02:01:26.304+0000] {dagbag.py:545} INFO - Filling up the DagBag from /opt/airflow/dags/desafio.py
[2025-08-08T02:01:26.318+0000] {processor.py:840} INFO - DAG(s) 'desafio' retrieved from /opt/airflow/dags/desafio.py
[2025-08-08T02:01:26.336+0000] {logging_mixin.py:188} INFO - [2025-08-08T02:01:26.336+0000] {dag.py:3096} INFO - Sync 1 DAGs
[2025-08-08T02:01:26.351+0000] {logging_mixin.py:188} INFO - [2025-08-08T02:01:26.350+0000] {dag.py:3954} INFO - Setting next_dagrun for desafio to 2025-08-07 00:00:00+00:00, run_after=2025-08-08 00:00:00+00:00
[2025-08-08T02:01:26.369+0000] {processor.py:183} INFO - Processing /opt/airflow/dags/desafio.py took 0.071 seconds
[2025-08-08T02:01:56.520+0000] {processor.py:161} INFO - Started process (PID=240) to work on /opt/airflow/dags/desafio.py
[2025-08-08T02:01:56.520+0000] {processor.py:830} INFO - Processing file /opt/airflow/dags/desafio.py for tasks to queue
[2025-08-08T02:01:56.522+0000] {logging_mixin.py:188} INFO - [2025-08-08T02:01:56.521+0000] {dagbag.py:545} INFO - Filling up the DagBag from /opt/airflow/dags/desafio.py
[2025-08-08T02:01:56.534+0000] {processor.py:840} INFO - DAG(s) 'desafio' retrieved from /opt/airflow/dags/desafio.py
[2025-08-08T02:01:56.552+0000] {logging_mixin.py:188} INFO - [2025-08-08T02:01:56.552+0000] {dag.py:3096} INFO - Sync 1 DAGs
[2025-08-08T02:01:56.567+0000] {logging_mixin.py:188} INFO - [2025-08-08T02:01:56.567+0000] {dag.py:3954} INFO - Setting next_dagrun for desafio to 2025-08-07 00:00:00+00:00, run_after=2025-08-08 00:00:00+00:00
[2025-08-08T02:01:56.579+0000] {processor.py:183} INFO - Processing /opt/airflow/dags/desafio.py took 0.064 seconds
[2025-08-08T02:02:26.761+0000] {processor.py:161} INFO - Started process (PID=250) to work on /opt/airflow/dags/desafio.py
[2025-08-08T02:02:26.761+0000] {processor.py:830} INFO - Processing file /opt/airflow/dags/desafio.py for tasks to queue
[2025-08-08T02:02:26.763+0000] {logging_mixin.py:188} INFO - [2025-08-08T02:02:26.762+0000] {dagbag.py:545} INFO - Filling up the DagBag from /opt/airflow/dags/desafio.py
[2025-08-08T02:02:26.774+0000] {processor.py:840} INFO - DAG(s) 'desafio' retrieved from /opt/airflow/dags/desafio.py
[2025-08-08T02:02:26.792+0000] {logging_mixin.py:188} INFO - [2025-08-08T02:02:26.792+0000] {dag.py:3096} INFO - Sync 1 DAGs
[2025-08-08T02:02:26.809+0000] {logging_mixin.py:188} INFO - [2025-08-08T02:02:26.809+0000] {dag.py:3954} INFO - Setting next_dagrun for desafio to 2025-08-07 00:00:00+00:00, run_after=2025-08-08 00:00:00+00:00
[2025-08-08T02:02:26.826+0000] {processor.py:183} INFO - Processing /opt/airflow/dags/desafio.py took 0.069 seconds
