[2025-08-08T01:08:08.170+0000] {processor.py:161} INFO - Started process (PID=183) to work on /opt/airflow/dags/firstdag.py
[2025-08-08T01:08:08.181+0000] {processor.py:830} INFO - Processing file /opt/airflow/dags/firstdag.py for tasks to queue
[2025-08-08T01:08:08.183+0000] {logging_mixin.py:188} INFO - [2025-08-08T01:08:08.183+0000] {dagbag.py:545} INFO - Filling up the DagBag from /opt/airflow/dags/firstdag.py
[2025-08-08T01:08:08.218+0000] {logging_mixin.py:188} INFO - [2025-08-08T01:08:08.214+0000] {dagbag.py:355} ERROR - Failed to import: /opt/airflow/dags/firstdag.py
Traceback (most recent call last):
  File "/home/airflow/.local/lib/python3.9/site-packages/airflow/models/dagbag.py", line 351, in parse
    loader.exec_module(new_module)
  File "<frozen importlib._bootstrap_external>", line 846, in exec_module
  File "<frozen importlib._bootstrap_external>", line 983, in get_code
  File "<frozen importlib._bootstrap_external>", line 913, in source_to_code
  File "<frozen importlib._bootstrap>", line 228, in _call_with_frames_removed
  File "/opt/airflow/dags/firstdag.py", line 8
    ) as dag:
             ^
IndentationError: expected an indented block
[2025-08-08T01:08:08.220+0000] {processor.py:842} WARNING - No viable dags retrieved from /opt/airflow/dags/firstdag.py
[2025-08-08T01:08:08.255+0000] {processor.py:183} INFO - Processing /opt/airflow/dags/firstdag.py took 0.126 seconds
[2025-08-08T01:08:38.362+0000] {processor.py:161} INFO - Started process (PID=193) to work on /opt/airflow/dags/firstdag.py
[2025-08-08T01:08:38.363+0000] {processor.py:830} INFO - Processing file /opt/airflow/dags/firstdag.py for tasks to queue
[2025-08-08T01:08:38.364+0000] {logging_mixin.py:188} INFO - [2025-08-08T01:08:38.364+0000] {dagbag.py:545} INFO - Filling up the DagBag from /opt/airflow/dags/firstdag.py
[2025-08-08T01:08:38.371+0000] {logging_mixin.py:188} INFO - [2025-08-08T01:08:38.371+0000] {dagbag.py:355} ERROR - Failed to import: /opt/airflow/dags/firstdag.py
Traceback (most recent call last):
  File "/home/airflow/.local/lib/python3.9/site-packages/airflow/models/dagbag.py", line 351, in parse
    loader.exec_module(new_module)
  File "<frozen importlib._bootstrap_external>", line 846, in exec_module
  File "<frozen importlib._bootstrap_external>", line 983, in get_code
  File "<frozen importlib._bootstrap_external>", line 913, in source_to_code
  File "<frozen importlib._bootstrap>", line 228, in _call_with_frames_removed
  File "/opt/airflow/dags/firstdag.py", line 8
    ) as dag:
             ^
IndentationError: expected an indented block
[2025-08-08T01:08:38.372+0000] {processor.py:842} WARNING - No viable dags retrieved from /opt/airflow/dags/firstdag.py
[2025-08-08T01:08:38.386+0000] {processor.py:183} INFO - Processing /opt/airflow/dags/firstdag.py took 0.029 seconds
[2025-08-08T01:09:08.501+0000] {processor.py:161} INFO - Started process (PID=200) to work on /opt/airflow/dags/firstdag.py
[2025-08-08T01:09:08.502+0000] {processor.py:830} INFO - Processing file /opt/airflow/dags/firstdag.py for tasks to queue
[2025-08-08T01:09:08.503+0000] {logging_mixin.py:188} INFO - [2025-08-08T01:09:08.502+0000] {dagbag.py:545} INFO - Filling up the DagBag from /opt/airflow/dags/firstdag.py
[2025-08-08T01:09:08.511+0000] {logging_mixin.py:188} INFO - [2025-08-08T01:09:08.510+0000] {dagbag.py:355} ERROR - Failed to import: /opt/airflow/dags/firstdag.py
Traceback (most recent call last):
  File "/home/airflow/.local/lib/python3.9/site-packages/airflow/models/dagbag.py", line 351, in parse
    loader.exec_module(new_module)
  File "<frozen importlib._bootstrap_external>", line 846, in exec_module
  File "<frozen importlib._bootstrap_external>", line 983, in get_code
  File "<frozen importlib._bootstrap_external>", line 913, in source_to_code
  File "<frozen importlib._bootstrap>", line 228, in _call_with_frames_removed
  File "/opt/airflow/dags/firstdag.py", line 8
    ) as dag:
             ^
IndentationError: expected an indented block
[2025-08-08T01:09:08.511+0000] {processor.py:842} WARNING - No viable dags retrieved from /opt/airflow/dags/firstdag.py
[2025-08-08T01:09:08.531+0000] {processor.py:183} INFO - Processing /opt/airflow/dags/firstdag.py took 0.035 seconds
[2025-08-08T01:09:38.652+0000] {processor.py:161} INFO - Started process (PID=205) to work on /opt/airflow/dags/firstdag.py
[2025-08-08T01:09:38.653+0000] {processor.py:830} INFO - Processing file /opt/airflow/dags/firstdag.py for tasks to queue
[2025-08-08T01:09:38.654+0000] {logging_mixin.py:188} INFO - [2025-08-08T01:09:38.653+0000] {dagbag.py:545} INFO - Filling up the DagBag from /opt/airflow/dags/firstdag.py
[2025-08-08T01:09:38.662+0000] {logging_mixin.py:188} INFO - [2025-08-08T01:09:38.662+0000] {dagbag.py:355} ERROR - Failed to import: /opt/airflow/dags/firstdag.py
Traceback (most recent call last):
  File "/home/airflow/.local/lib/python3.9/site-packages/airflow/models/dagbag.py", line 351, in parse
    loader.exec_module(new_module)
  File "<frozen importlib._bootstrap_external>", line 846, in exec_module
  File "<frozen importlib._bootstrap_external>", line 983, in get_code
  File "<frozen importlib._bootstrap_external>", line 913, in source_to_code
  File "<frozen importlib._bootstrap>", line 228, in _call_with_frames_removed
  File "/opt/airflow/dags/firstdag.py", line 8
    ) as dag:
             ^
IndentationError: expected an indented block
[2025-08-08T01:09:38.662+0000] {processor.py:842} WARNING - No viable dags retrieved from /opt/airflow/dags/firstdag.py
[2025-08-08T01:09:38.682+0000] {processor.py:183} INFO - Processing /opt/airflow/dags/firstdag.py took 0.035 seconds
[2025-08-08T01:10:08.791+0000] {processor.py:161} INFO - Started process (PID=210) to work on /opt/airflow/dags/firstdag.py
[2025-08-08T01:10:08.791+0000] {processor.py:830} INFO - Processing file /opt/airflow/dags/firstdag.py for tasks to queue
[2025-08-08T01:10:08.792+0000] {logging_mixin.py:188} INFO - [2025-08-08T01:10:08.792+0000] {dagbag.py:545} INFO - Filling up the DagBag from /opt/airflow/dags/firstdag.py
[2025-08-08T01:10:08.801+0000] {logging_mixin.py:188} INFO - [2025-08-08T01:10:08.800+0000] {dagbag.py:355} ERROR - Failed to import: /opt/airflow/dags/firstdag.py
Traceback (most recent call last):
  File "/home/airflow/.local/lib/python3.9/site-packages/airflow/models/dagbag.py", line 351, in parse
    loader.exec_module(new_module)
  File "<frozen importlib._bootstrap_external>", line 846, in exec_module
  File "<frozen importlib._bootstrap_external>", line 983, in get_code
  File "<frozen importlib._bootstrap_external>", line 913, in source_to_code
  File "<frozen importlib._bootstrap>", line 228, in _call_with_frames_removed
  File "/opt/airflow/dags/firstdag.py", line 8
    ) as dag:
             ^
IndentationError: expected an indented block
[2025-08-08T01:10:08.801+0000] {processor.py:842} WARNING - No viable dags retrieved from /opt/airflow/dags/firstdag.py
[2025-08-08T01:10:08.821+0000] {processor.py:183} INFO - Processing /opt/airflow/dags/firstdag.py took 0.036 seconds
[2025-08-08T01:10:38.937+0000] {processor.py:161} INFO - Started process (PID=215) to work on /opt/airflow/dags/firstdag.py
[2025-08-08T01:10:38.938+0000] {processor.py:830} INFO - Processing file /opt/airflow/dags/firstdag.py for tasks to queue
[2025-08-08T01:10:38.938+0000] {logging_mixin.py:188} INFO - [2025-08-08T01:10:38.938+0000] {dagbag.py:545} INFO - Filling up the DagBag from /opt/airflow/dags/firstdag.py
[2025-08-08T01:10:38.945+0000] {logging_mixin.py:188} INFO - [2025-08-08T01:10:38.945+0000] {dagbag.py:355} ERROR - Failed to import: /opt/airflow/dags/firstdag.py
Traceback (most recent call last):
  File "/home/airflow/.local/lib/python3.9/site-packages/airflow/models/dagbag.py", line 351, in parse
    loader.exec_module(new_module)
  File "<frozen importlib._bootstrap_external>", line 846, in exec_module
  File "<frozen importlib._bootstrap_external>", line 983, in get_code
  File "<frozen importlib._bootstrap_external>", line 913, in source_to_code
  File "<frozen importlib._bootstrap>", line 228, in _call_with_frames_removed
  File "/opt/airflow/dags/firstdag.py", line 8
    ) as dag:
             ^
IndentationError: expected an indented block
[2025-08-08T01:10:38.946+0000] {processor.py:842} WARNING - No viable dags retrieved from /opt/airflow/dags/firstdag.py
[2025-08-08T01:10:38.964+0000] {processor.py:183} INFO - Processing /opt/airflow/dags/firstdag.py took 0.031 seconds
[2025-08-08T01:11:09.084+0000] {processor.py:161} INFO - Started process (PID=220) to work on /opt/airflow/dags/firstdag.py
[2025-08-08T01:11:09.085+0000] {processor.py:830} INFO - Processing file /opt/airflow/dags/firstdag.py for tasks to queue
[2025-08-08T01:11:09.086+0000] {logging_mixin.py:188} INFO - [2025-08-08T01:11:09.085+0000] {dagbag.py:545} INFO - Filling up the DagBag from /opt/airflow/dags/firstdag.py
[2025-08-08T01:11:09.096+0000] {logging_mixin.py:188} INFO - [2025-08-08T01:11:09.095+0000] {dagbag.py:355} ERROR - Failed to import: /opt/airflow/dags/firstdag.py
Traceback (most recent call last):
  File "/home/airflow/.local/lib/python3.9/site-packages/airflow/models/dagbag.py", line 351, in parse
    loader.exec_module(new_module)
  File "<frozen importlib._bootstrap_external>", line 846, in exec_module
  File "<frozen importlib._bootstrap_external>", line 983, in get_code
  File "<frozen importlib._bootstrap_external>", line 913, in source_to_code
  File "<frozen importlib._bootstrap>", line 228, in _call_with_frames_removed
  File "/opt/airflow/dags/firstdag.py", line 8
    ) as dag:
             ^
IndentationError: expected an indented block
[2025-08-08T01:11:09.097+0000] {processor.py:842} WARNING - No viable dags retrieved from /opt/airflow/dags/firstdag.py
[2025-08-08T01:11:09.114+0000] {processor.py:183} INFO - Processing /opt/airflow/dags/firstdag.py took 0.035 seconds
[2025-08-08T01:11:39.210+0000] {processor.py:161} INFO - Started process (PID=225) to work on /opt/airflow/dags/firstdag.py
[2025-08-08T01:11:39.211+0000] {processor.py:830} INFO - Processing file /opt/airflow/dags/firstdag.py for tasks to queue
[2025-08-08T01:11:39.212+0000] {logging_mixin.py:188} INFO - [2025-08-08T01:11:39.211+0000] {dagbag.py:545} INFO - Filling up the DagBag from /opt/airflow/dags/firstdag.py
[2025-08-08T01:11:39.220+0000] {logging_mixin.py:188} INFO - [2025-08-08T01:11:39.220+0000] {dagbag.py:355} ERROR - Failed to import: /opt/airflow/dags/firstdag.py
Traceback (most recent call last):
  File "/home/airflow/.local/lib/python3.9/site-packages/airflow/models/dagbag.py", line 351, in parse
    loader.exec_module(new_module)
  File "<frozen importlib._bootstrap_external>", line 846, in exec_module
  File "<frozen importlib._bootstrap_external>", line 983, in get_code
  File "<frozen importlib._bootstrap_external>", line 913, in source_to_code
  File "<frozen importlib._bootstrap>", line 228, in _call_with_frames_removed
  File "/opt/airflow/dags/firstdag.py", line 8
    ) as dag:
             ^
IndentationError: expected an indented block
[2025-08-08T01:11:39.220+0000] {processor.py:842} WARNING - No viable dags retrieved from /opt/airflow/dags/firstdag.py
[2025-08-08T01:11:39.234+0000] {processor.py:183} INFO - Processing /opt/airflow/dags/firstdag.py took 0.029 seconds
[2025-08-08T01:12:09.360+0000] {processor.py:161} INFO - Started process (PID=230) to work on /opt/airflow/dags/firstdag.py
[2025-08-08T01:12:09.361+0000] {processor.py:830} INFO - Processing file /opt/airflow/dags/firstdag.py for tasks to queue
[2025-08-08T01:12:09.362+0000] {logging_mixin.py:188} INFO - [2025-08-08T01:12:09.362+0000] {dagbag.py:545} INFO - Filling up the DagBag from /opt/airflow/dags/firstdag.py
[2025-08-08T01:12:09.371+0000] {logging_mixin.py:188} INFO - [2025-08-08T01:12:09.370+0000] {dagbag.py:355} ERROR - Failed to import: /opt/airflow/dags/firstdag.py
Traceback (most recent call last):
  File "/home/airflow/.local/lib/python3.9/site-packages/airflow/models/dagbag.py", line 351, in parse
    loader.exec_module(new_module)
  File "<frozen importlib._bootstrap_external>", line 846, in exec_module
  File "<frozen importlib._bootstrap_external>", line 983, in get_code
  File "<frozen importlib._bootstrap_external>", line 913, in source_to_code
  File "<frozen importlib._bootstrap>", line 228, in _call_with_frames_removed
  File "/opt/airflow/dags/firstdag.py", line 8
    ) as dag:
             ^
IndentationError: expected an indented block
[2025-08-08T01:12:09.371+0000] {processor.py:842} WARNING - No viable dags retrieved from /opt/airflow/dags/firstdag.py
[2025-08-08T01:12:09.386+0000] {processor.py:183} INFO - Processing /opt/airflow/dags/firstdag.py took 0.030 seconds
[2025-08-08T01:12:39.502+0000] {processor.py:161} INFO - Started process (PID=235) to work on /opt/airflow/dags/firstdag.py
[2025-08-08T01:12:39.503+0000] {processor.py:830} INFO - Processing file /opt/airflow/dags/firstdag.py for tasks to queue
[2025-08-08T01:12:39.504+0000] {logging_mixin.py:188} INFO - [2025-08-08T01:12:39.503+0000] {dagbag.py:545} INFO - Filling up the DagBag from /opt/airflow/dags/firstdag.py
[2025-08-08T01:12:39.513+0000] {logging_mixin.py:188} INFO - [2025-08-08T01:12:39.512+0000] {dagbag.py:355} ERROR - Failed to import: /opt/airflow/dags/firstdag.py
Traceback (most recent call last):
  File "/home/airflow/.local/lib/python3.9/site-packages/airflow/models/dagbag.py", line 351, in parse
    loader.exec_module(new_module)
  File "<frozen importlib._bootstrap_external>", line 846, in exec_module
  File "<frozen importlib._bootstrap_external>", line 983, in get_code
  File "<frozen importlib._bootstrap_external>", line 913, in source_to_code
  File "<frozen importlib._bootstrap>", line 228, in _call_with_frames_removed
  File "/opt/airflow/dags/firstdag.py", line 8
    ) as dag:
             ^
IndentationError: expected an indented block
[2025-08-08T01:12:39.513+0000] {processor.py:842} WARNING - No viable dags retrieved from /opt/airflow/dags/firstdag.py
[2025-08-08T01:12:39.532+0000] {processor.py:183} INFO - Processing /opt/airflow/dags/firstdag.py took 0.035 seconds
[2025-08-08T01:13:09.668+0000] {processor.py:161} INFO - Started process (PID=240) to work on /opt/airflow/dags/firstdag.py
[2025-08-08T01:13:09.669+0000] {processor.py:830} INFO - Processing file /opt/airflow/dags/firstdag.py for tasks to queue
[2025-08-08T01:13:09.669+0000] {logging_mixin.py:188} INFO - [2025-08-08T01:13:09.669+0000] {dagbag.py:545} INFO - Filling up the DagBag from /opt/airflow/dags/firstdag.py
[2025-08-08T01:13:09.679+0000] {logging_mixin.py:188} INFO - [2025-08-08T01:13:09.679+0000] {dagbag.py:355} ERROR - Failed to import: /opt/airflow/dags/firstdag.py
Traceback (most recent call last):
  File "/home/airflow/.local/lib/python3.9/site-packages/airflow/models/dagbag.py", line 351, in parse
    loader.exec_module(new_module)
  File "<frozen importlib._bootstrap_external>", line 846, in exec_module
  File "<frozen importlib._bootstrap_external>", line 983, in get_code
  File "<frozen importlib._bootstrap_external>", line 913, in source_to_code
  File "<frozen importlib._bootstrap>", line 228, in _call_with_frames_removed
  File "/opt/airflow/dags/firstdag.py", line 8
    ) as dag:
             ^
IndentationError: expected an indented block
[2025-08-08T01:13:09.680+0000] {processor.py:842} WARNING - No viable dags retrieved from /opt/airflow/dags/firstdag.py
[2025-08-08T01:13:09.699+0000] {processor.py:183} INFO - Processing /opt/airflow/dags/firstdag.py took 0.037 seconds
[2025-08-08T01:13:39.822+0000] {processor.py:161} INFO - Started process (PID=245) to work on /opt/airflow/dags/firstdag.py
[2025-08-08T01:13:39.822+0000] {processor.py:830} INFO - Processing file /opt/airflow/dags/firstdag.py for tasks to queue
[2025-08-08T01:13:39.823+0000] {logging_mixin.py:188} INFO - [2025-08-08T01:13:39.823+0000] {dagbag.py:545} INFO - Filling up the DagBag from /opt/airflow/dags/firstdag.py
[2025-08-08T01:13:39.832+0000] {logging_mixin.py:188} INFO - [2025-08-08T01:13:39.831+0000] {dagbag.py:355} ERROR - Failed to import: /opt/airflow/dags/firstdag.py
Traceback (most recent call last):
  File "/home/airflow/.local/lib/python3.9/site-packages/airflow/models/dagbag.py", line 351, in parse
    loader.exec_module(new_module)
  File "<frozen importlib._bootstrap_external>", line 846, in exec_module
  File "<frozen importlib._bootstrap_external>", line 983, in get_code
  File "<frozen importlib._bootstrap_external>", line 913, in source_to_code
  File "<frozen importlib._bootstrap>", line 228, in _call_with_frames_removed
  File "/opt/airflow/dags/firstdag.py", line 8
    ) as dag:
             ^
IndentationError: expected an indented block
[2025-08-08T01:13:39.832+0000] {processor.py:842} WARNING - No viable dags retrieved from /opt/airflow/dags/firstdag.py
[2025-08-08T01:13:39.846+0000] {processor.py:183} INFO - Processing /opt/airflow/dags/firstdag.py took 0.029 seconds
[2025-08-08T01:14:09.988+0000] {processor.py:161} INFO - Started process (PID=250) to work on /opt/airflow/dags/firstdag.py
[2025-08-08T01:14:09.989+0000] {processor.py:830} INFO - Processing file /opt/airflow/dags/firstdag.py for tasks to queue
[2025-08-08T01:14:09.990+0000] {logging_mixin.py:188} INFO - [2025-08-08T01:14:09.989+0000] {dagbag.py:545} INFO - Filling up the DagBag from /opt/airflow/dags/firstdag.py
[2025-08-08T01:14:09.999+0000] {logging_mixin.py:188} INFO - [2025-08-08T01:14:09.999+0000] {dagbag.py:355} ERROR - Failed to import: /opt/airflow/dags/firstdag.py
Traceback (most recent call last):
  File "/home/airflow/.local/lib/python3.9/site-packages/airflow/models/dagbag.py", line 351, in parse
    loader.exec_module(new_module)
  File "<frozen importlib._bootstrap_external>", line 846, in exec_module
  File "<frozen importlib._bootstrap_external>", line 983, in get_code
  File "<frozen importlib._bootstrap_external>", line 913, in source_to_code
  File "<frozen importlib._bootstrap>", line 228, in _call_with_frames_removed
  File "/opt/airflow/dags/firstdag.py", line 8
    ) as dag:
             ^
IndentationError: expected an indented block
[2025-08-08T01:14:10.000+0000] {processor.py:842} WARNING - No viable dags retrieved from /opt/airflow/dags/firstdag.py
[2025-08-08T01:14:10.018+0000] {processor.py:183} INFO - Processing /opt/airflow/dags/firstdag.py took 0.034 seconds
[2025-08-08T01:14:40.140+0000] {processor.py:161} INFO - Started process (PID=255) to work on /opt/airflow/dags/firstdag.py
[2025-08-08T01:14:40.140+0000] {processor.py:830} INFO - Processing file /opt/airflow/dags/firstdag.py for tasks to queue
[2025-08-08T01:14:40.141+0000] {logging_mixin.py:188} INFO - [2025-08-08T01:14:40.141+0000] {dagbag.py:545} INFO - Filling up the DagBag from /opt/airflow/dags/firstdag.py
[2025-08-08T01:14:40.149+0000] {logging_mixin.py:188} INFO - [2025-08-08T01:14:40.148+0000] {dagbag.py:355} ERROR - Failed to import: /opt/airflow/dags/firstdag.py
Traceback (most recent call last):
  File "/home/airflow/.local/lib/python3.9/site-packages/airflow/models/dagbag.py", line 351, in parse
    loader.exec_module(new_module)
  File "<frozen importlib._bootstrap_external>", line 846, in exec_module
  File "<frozen importlib._bootstrap_external>", line 983, in get_code
  File "<frozen importlib._bootstrap_external>", line 913, in source_to_code
  File "<frozen importlib._bootstrap>", line 228, in _call_with_frames_removed
  File "/opt/airflow/dags/firstdag.py", line 8
    ) as dag:
             ^
IndentationError: expected an indented block
[2025-08-08T01:14:40.149+0000] {processor.py:842} WARNING - No viable dags retrieved from /opt/airflow/dags/firstdag.py
[2025-08-08T01:14:40.167+0000] {processor.py:183} INFO - Processing /opt/airflow/dags/firstdag.py took 0.032 seconds
[2025-08-08T01:15:10.309+0000] {processor.py:161} INFO - Started process (PID=260) to work on /opt/airflow/dags/firstdag.py
[2025-08-08T01:15:10.309+0000] {processor.py:830} INFO - Processing file /opt/airflow/dags/firstdag.py for tasks to queue
[2025-08-08T01:15:10.310+0000] {logging_mixin.py:188} INFO - [2025-08-08T01:15:10.310+0000] {dagbag.py:545} INFO - Filling up the DagBag from /opt/airflow/dags/firstdag.py
[2025-08-08T01:15:10.320+0000] {logging_mixin.py:188} INFO - [2025-08-08T01:15:10.320+0000] {dagbag.py:355} ERROR - Failed to import: /opt/airflow/dags/firstdag.py
Traceback (most recent call last):
  File "/home/airflow/.local/lib/python3.9/site-packages/airflow/models/dagbag.py", line 351, in parse
    loader.exec_module(new_module)
  File "<frozen importlib._bootstrap_external>", line 846, in exec_module
  File "<frozen importlib._bootstrap_external>", line 983, in get_code
  File "<frozen importlib._bootstrap_external>", line 913, in source_to_code
  File "<frozen importlib._bootstrap>", line 228, in _call_with_frames_removed
  File "/opt/airflow/dags/firstdag.py", line 8
    ) as dag:
             ^
IndentationError: expected an indented block
[2025-08-08T01:15:10.321+0000] {processor.py:842} WARNING - No viable dags retrieved from /opt/airflow/dags/firstdag.py
[2025-08-08T01:15:10.335+0000] {processor.py:183} INFO - Processing /opt/airflow/dags/firstdag.py took 0.030 seconds
[2025-08-08T01:15:40.447+0000] {processor.py:161} INFO - Started process (PID=265) to work on /opt/airflow/dags/firstdag.py
[2025-08-08T01:15:40.448+0000] {processor.py:830} INFO - Processing file /opt/airflow/dags/firstdag.py for tasks to queue
[2025-08-08T01:15:40.448+0000] {logging_mixin.py:188} INFO - [2025-08-08T01:15:40.448+0000] {dagbag.py:545} INFO - Filling up the DagBag from /opt/airflow/dags/firstdag.py
[2025-08-08T01:15:40.457+0000] {logging_mixin.py:188} INFO - [2025-08-08T01:15:40.456+0000] {dagbag.py:355} ERROR - Failed to import: /opt/airflow/dags/firstdag.py
Traceback (most recent call last):
  File "/home/airflow/.local/lib/python3.9/site-packages/airflow/models/dagbag.py", line 351, in parse
    loader.exec_module(new_module)
  File "<frozen importlib._bootstrap_external>", line 846, in exec_module
  File "<frozen importlib._bootstrap_external>", line 983, in get_code
  File "<frozen importlib._bootstrap_external>", line 913, in source_to_code
  File "<frozen importlib._bootstrap>", line 228, in _call_with_frames_removed
  File "/opt/airflow/dags/firstdag.py", line 8
    ) as dag:
             ^
IndentationError: expected an indented block
[2025-08-08T01:15:40.457+0000] {processor.py:842} WARNING - No viable dags retrieved from /opt/airflow/dags/firstdag.py
[2025-08-08T01:15:40.476+0000] {processor.py:183} INFO - Processing /opt/airflow/dags/firstdag.py took 0.034 seconds
[2025-08-08T01:16:10.589+0000] {processor.py:161} INFO - Started process (PID=270) to work on /opt/airflow/dags/firstdag.py
[2025-08-08T01:16:10.590+0000] {processor.py:830} INFO - Processing file /opt/airflow/dags/firstdag.py for tasks to queue
[2025-08-08T01:16:10.590+0000] {logging_mixin.py:188} INFO - [2025-08-08T01:16:10.590+0000] {dagbag.py:545} INFO - Filling up the DagBag from /opt/airflow/dags/firstdag.py
[2025-08-08T01:16:10.597+0000] {logging_mixin.py:188} INFO - [2025-08-08T01:16:10.597+0000] {dagbag.py:355} ERROR - Failed to import: /opt/airflow/dags/firstdag.py
Traceback (most recent call last):
  File "/home/airflow/.local/lib/python3.9/site-packages/airflow/models/dagbag.py", line 351, in parse
    loader.exec_module(new_module)
  File "<frozen importlib._bootstrap_external>", line 846, in exec_module
  File "<frozen importlib._bootstrap_external>", line 983, in get_code
  File "<frozen importlib._bootstrap_external>", line 913, in source_to_code
  File "<frozen importlib._bootstrap>", line 228, in _call_with_frames_removed
  File "/opt/airflow/dags/firstdag.py", line 8
    ) as dag:
             ^
IndentationError: expected an indented block
[2025-08-08T01:16:10.598+0000] {processor.py:842} WARNING - No viable dags retrieved from /opt/airflow/dags/firstdag.py
[2025-08-08T01:16:10.615+0000] {processor.py:183} INFO - Processing /opt/airflow/dags/firstdag.py took 0.030 seconds
[2025-08-08T01:16:40.725+0000] {processor.py:161} INFO - Started process (PID=275) to work on /opt/airflow/dags/firstdag.py
[2025-08-08T01:16:40.726+0000] {processor.py:830} INFO - Processing file /opt/airflow/dags/firstdag.py for tasks to queue
[2025-08-08T01:16:40.727+0000] {logging_mixin.py:188} INFO - [2025-08-08T01:16:40.727+0000] {dagbag.py:545} INFO - Filling up the DagBag from /opt/airflow/dags/firstdag.py
[2025-08-08T01:16:40.734+0000] {logging_mixin.py:188} INFO - [2025-08-08T01:16:40.734+0000] {dagbag.py:355} ERROR - Failed to import: /opt/airflow/dags/firstdag.py
Traceback (most recent call last):
  File "/home/airflow/.local/lib/python3.9/site-packages/airflow/models/dagbag.py", line 351, in parse
    loader.exec_module(new_module)
  File "<frozen importlib._bootstrap_external>", line 846, in exec_module
  File "<frozen importlib._bootstrap_external>", line 983, in get_code
  File "<frozen importlib._bootstrap_external>", line 913, in source_to_code
  File "<frozen importlib._bootstrap>", line 228, in _call_with_frames_removed
  File "/opt/airflow/dags/firstdag.py", line 8
    ) as dag:
             ^
IndentationError: expected an indented block
[2025-08-08T01:16:40.734+0000] {processor.py:842} WARNING - No viable dags retrieved from /opt/airflow/dags/firstdag.py
[2025-08-08T01:16:40.752+0000] {processor.py:183} INFO - Processing /opt/airflow/dags/firstdag.py took 0.033 seconds
[2025-08-08T01:16:50.782+0000] {processor.py:161} INFO - Started process (PID=280) to work on /opt/airflow/dags/firstdag.py
[2025-08-08T01:16:50.783+0000] {processor.py:830} INFO - Processing file /opt/airflow/dags/firstdag.py for tasks to queue
[2025-08-08T01:16:50.784+0000] {logging_mixin.py:188} INFO - [2025-08-08T01:16:50.784+0000] {dagbag.py:545} INFO - Filling up the DagBag from /opt/airflow/dags/firstdag.py
[2025-08-08T01:16:50.792+0000] {logging_mixin.py:188} INFO - [2025-08-08T01:16:50.791+0000] {dagbag.py:355} ERROR - Failed to import: /opt/airflow/dags/firstdag.py
Traceback (most recent call last):
  File "/home/airflow/.local/lib/python3.9/site-packages/airflow/models/dagbag.py", line 351, in parse
    loader.exec_module(new_module)
  File "<frozen importlib._bootstrap_external>", line 846, in exec_module
  File "<frozen importlib._bootstrap_external>", line 983, in get_code
  File "<frozen importlib._bootstrap_external>", line 913, in source_to_code
  File "<frozen importlib._bootstrap>", line 228, in _call_with_frames_removed
  File "/opt/airflow/dags/firstdag.py", line 15
    task_id='create_folder',]
                            ^
SyntaxError: closing parenthesis ']' does not match opening parenthesis '(' on line 14
[2025-08-08T01:16:50.792+0000] {processor.py:842} WARNING - No viable dags retrieved from /opt/airflow/dags/firstdag.py
[2025-08-08T01:16:50.812+0000] {processor.py:183} INFO - Processing /opt/airflow/dags/firstdag.py took 0.035 seconds
[2025-08-08T01:17:20.962+0000] {processor.py:161} INFO - Started process (PID=285) to work on /opt/airflow/dags/firstdag.py
[2025-08-08T01:17:20.963+0000] {processor.py:830} INFO - Processing file /opt/airflow/dags/firstdag.py for tasks to queue
[2025-08-08T01:17:20.963+0000] {logging_mixin.py:188} INFO - [2025-08-08T01:17:20.963+0000] {dagbag.py:545} INFO - Filling up the DagBag from /opt/airflow/dags/firstdag.py
[2025-08-08T01:17:20.973+0000] {logging_mixin.py:188} INFO - [2025-08-08T01:17:20.972+0000] {dagbag.py:355} ERROR - Failed to import: /opt/airflow/dags/firstdag.py
Traceback (most recent call last):
  File "/home/airflow/.local/lib/python3.9/site-packages/airflow/models/dagbag.py", line 351, in parse
    loader.exec_module(new_module)
  File "<frozen importlib._bootstrap_external>", line 846, in exec_module
  File "<frozen importlib._bootstrap_external>", line 983, in get_code
  File "<frozen importlib._bootstrap_external>", line 913, in source_to_code
  File "<frozen importlib._bootstrap>", line 228, in _call_with_frames_removed
  File "/opt/airflow/dags/firstdag.py", line 15
    task_id='create_folder',]
                            ^
SyntaxError: closing parenthesis ']' does not match opening parenthesis '(' on line 14
[2025-08-08T01:17:20.974+0000] {processor.py:842} WARNING - No viable dags retrieved from /opt/airflow/dags/firstdag.py
[2025-08-08T01:17:20.987+0000] {processor.py:183} INFO - Processing /opt/airflow/dags/firstdag.py took 0.031 seconds
[2025-08-08T01:17:51.101+0000] {processor.py:161} INFO - Started process (PID=290) to work on /opt/airflow/dags/firstdag.py
[2025-08-08T01:17:51.102+0000] {processor.py:830} INFO - Processing file /opt/airflow/dags/firstdag.py for tasks to queue
[2025-08-08T01:17:51.103+0000] {logging_mixin.py:188} INFO - [2025-08-08T01:17:51.103+0000] {dagbag.py:545} INFO - Filling up the DagBag from /opt/airflow/dags/firstdag.py
[2025-08-08T01:17:51.109+0000] {logging_mixin.py:188} INFO - [2025-08-08T01:17:51.109+0000] {dagbag.py:355} ERROR - Failed to import: /opt/airflow/dags/firstdag.py
Traceback (most recent call last):
  File "/home/airflow/.local/lib/python3.9/site-packages/airflow/models/dagbag.py", line 351, in parse
    loader.exec_module(new_module)
  File "<frozen importlib._bootstrap_external>", line 846, in exec_module
  File "<frozen importlib._bootstrap_external>", line 983, in get_code
  File "<frozen importlib._bootstrap_external>", line 913, in source_to_code
  File "<frozen importlib._bootstrap>", line 228, in _call_with_frames_removed
  File "/opt/airflow/dags/firstdag.py", line 15
    task_id='create_folder',]
                            ^
SyntaxError: closing parenthesis ']' does not match opening parenthesis '(' on line 14
[2025-08-08T01:17:51.110+0000] {processor.py:842} WARNING - No viable dags retrieved from /opt/airflow/dags/firstdag.py
[2025-08-08T01:17:51.127+0000] {processor.py:183} INFO - Processing /opt/airflow/dags/firstdag.py took 0.030 seconds
[2025-08-08T01:19:35.591+0000] {processor.py:161} INFO - Started process (PID=180) to work on /opt/airflow/dags/firstdag.py
[2025-08-08T01:19:35.598+0000] {processor.py:830} INFO - Processing file /opt/airflow/dags/firstdag.py for tasks to queue
[2025-08-08T01:19:35.601+0000] {logging_mixin.py:188} INFO - [2025-08-08T01:19:35.600+0000] {dagbag.py:545} INFO - Filling up the DagBag from /opt/airflow/dags/firstdag.py
[2025-08-08T01:19:35.625+0000] {logging_mixin.py:188} INFO - [2025-08-08T01:19:35.624+0000] {dagbag.py:355} ERROR - Failed to import: /opt/airflow/dags/firstdag.py
Traceback (most recent call last):
  File "/home/airflow/.local/lib/python3.9/site-packages/airflow/models/dagbag.py", line 351, in parse
    loader.exec_module(new_module)
  File "<frozen importlib._bootstrap_external>", line 846, in exec_module
  File "<frozen importlib._bootstrap_external>", line 983, in get_code
  File "<frozen importlib._bootstrap_external>", line 913, in source_to_code
  File "<frozen importlib._bootstrap>", line 228, in _call_with_frames_removed
  File "/opt/airflow/dags/firstdag.py", line 15
    task_id='create_folder',]
                            ^
SyntaxError: closing parenthesis ']' does not match opening parenthesis '(' on line 14
[2025-08-08T01:19:35.626+0000] {processor.py:842} WARNING - No viable dags retrieved from /opt/airflow/dags/firstdag.py
[2025-08-08T01:19:35.653+0000] {processor.py:183} INFO - Processing /opt/airflow/dags/firstdag.py took 0.072 seconds
[2025-08-08T01:20:05.814+0000] {processor.py:161} INFO - Started process (PID=185) to work on /opt/airflow/dags/firstdag.py
[2025-08-08T01:20:05.815+0000] {processor.py:830} INFO - Processing file /opt/airflow/dags/firstdag.py for tasks to queue
[2025-08-08T01:20:05.816+0000] {logging_mixin.py:188} INFO - [2025-08-08T01:20:05.816+0000] {dagbag.py:545} INFO - Filling up the DagBag from /opt/airflow/dags/firstdag.py
[2025-08-08T01:20:05.824+0000] {logging_mixin.py:188} INFO - [2025-08-08T01:20:05.824+0000] {dagbag.py:355} ERROR - Failed to import: /opt/airflow/dags/firstdag.py
Traceback (most recent call last):
  File "/home/airflow/.local/lib/python3.9/site-packages/airflow/models/dagbag.py", line 351, in parse
    loader.exec_module(new_module)
  File "<frozen importlib._bootstrap_external>", line 846, in exec_module
  File "<frozen importlib._bootstrap_external>", line 983, in get_code
  File "<frozen importlib._bootstrap_external>", line 913, in source_to_code
  File "<frozen importlib._bootstrap>", line 228, in _call_with_frames_removed
  File "/opt/airflow/dags/firstdag.py", line 15
    task_id='create_folder',]
                            ^
SyntaxError: closing parenthesis ']' does not match opening parenthesis '(' on line 14
[2025-08-08T01:20:05.824+0000] {processor.py:842} WARNING - No viable dags retrieved from /opt/airflow/dags/firstdag.py
[2025-08-08T01:20:05.843+0000] {processor.py:183} INFO - Processing /opt/airflow/dags/firstdag.py took 0.034 seconds
[2025-08-08T01:20:35.981+0000] {processor.py:161} INFO - Started process (PID=190) to work on /opt/airflow/dags/firstdag.py
[2025-08-08T01:20:35.981+0000] {processor.py:830} INFO - Processing file /opt/airflow/dags/firstdag.py for tasks to queue
[2025-08-08T01:20:35.983+0000] {logging_mixin.py:188} INFO - [2025-08-08T01:20:35.983+0000] {dagbag.py:545} INFO - Filling up the DagBag from /opt/airflow/dags/firstdag.py
[2025-08-08T01:20:35.989+0000] {logging_mixin.py:188} INFO - [2025-08-08T01:20:35.989+0000] {dagbag.py:355} ERROR - Failed to import: /opt/airflow/dags/firstdag.py
Traceback (most recent call last):
  File "/home/airflow/.local/lib/python3.9/site-packages/airflow/models/dagbag.py", line 351, in parse
    loader.exec_module(new_module)
  File "<frozen importlib._bootstrap_external>", line 846, in exec_module
  File "<frozen importlib._bootstrap_external>", line 983, in get_code
  File "<frozen importlib._bootstrap_external>", line 913, in source_to_code
  File "<frozen importlib._bootstrap>", line 228, in _call_with_frames_removed
  File "/opt/airflow/dags/firstdag.py", line 15
    task_id='create_folder',]
                            ^
SyntaxError: closing parenthesis ']' does not match opening parenthesis '(' on line 14
[2025-08-08T01:20:35.989+0000] {processor.py:842} WARNING - No viable dags retrieved from /opt/airflow/dags/firstdag.py
[2025-08-08T01:20:36.007+0000] {processor.py:183} INFO - Processing /opt/airflow/dags/firstdag.py took 0.031 seconds
[2025-08-08T01:20:57.112+0000] {processor.py:161} INFO - Started process (PID=195) to work on /opt/airflow/dags/firstdag.py
[2025-08-08T01:20:57.113+0000] {processor.py:830} INFO - Processing file /opt/airflow/dags/firstdag.py for tasks to queue
[2025-08-08T01:20:57.114+0000] {logging_mixin.py:188} INFO - [2025-08-08T01:20:57.114+0000] {dagbag.py:545} INFO - Filling up the DagBag from /opt/airflow/dags/firstdag.py
[2025-08-08T01:20:57.125+0000] {logging_mixin.py:188} INFO - [2025-08-08T01:20:57.124+0000] {dagbag.py:355} ERROR - Failed to import: /opt/airflow/dags/firstdag.py
Traceback (most recent call last):
  File "/home/airflow/.local/lib/python3.9/site-packages/airflow/models/dagbag.py", line 351, in parse
    loader.exec_module(new_module)
  File "<frozen importlib._bootstrap_external>", line 846, in exec_module
  File "<frozen importlib._bootstrap_external>", line 983, in get_code
  File "<frozen importlib._bootstrap_external>", line 913, in source_to_code
  File "<frozen importlib._bootstrap>", line 228, in _call_with_frames_removed
  File "/opt/airflow/dags/firstdag.py", line 17
    )
    ^
SyntaxError: (unicode error) 'unicodeescape' codec can't decode bytes in position 12-13: truncated \UXXXXXXXX escape
[2025-08-08T01:20:57.126+0000] {processor.py:842} WARNING - No viable dags retrieved from /opt/airflow/dags/firstdag.py
[2025-08-08T01:20:57.140+0000] {processor.py:183} INFO - Processing /opt/airflow/dags/firstdag.py took 0.032 seconds
[2025-08-08T01:21:27.264+0000] {processor.py:161} INFO - Started process (PID=200) to work on /opt/airflow/dags/firstdag.py
[2025-08-08T01:21:27.265+0000] {processor.py:830} INFO - Processing file /opt/airflow/dags/firstdag.py for tasks to queue
[2025-08-08T01:21:27.266+0000] {logging_mixin.py:188} INFO - [2025-08-08T01:21:27.266+0000] {dagbag.py:545} INFO - Filling up the DagBag from /opt/airflow/dags/firstdag.py
[2025-08-08T01:21:27.276+0000] {logging_mixin.py:188} INFO - [2025-08-08T01:21:27.275+0000] {dagbag.py:355} ERROR - Failed to import: /opt/airflow/dags/firstdag.py
Traceback (most recent call last):
  File "/home/airflow/.local/lib/python3.9/site-packages/airflow/models/dagbag.py", line 351, in parse
    loader.exec_module(new_module)
  File "<frozen importlib._bootstrap_external>", line 846, in exec_module
  File "<frozen importlib._bootstrap_external>", line 983, in get_code
  File "<frozen importlib._bootstrap_external>", line 913, in source_to_code
  File "<frozen importlib._bootstrap>", line 228, in _call_with_frames_removed
  File "/opt/airflow/dags/firstdag.py", line 17
    )
    ^
SyntaxError: (unicode error) 'unicodeescape' codec can't decode bytes in position 12-13: truncated \UXXXXXXXX escape
[2025-08-08T01:21:27.276+0000] {processor.py:842} WARNING - No viable dags retrieved from /opt/airflow/dags/firstdag.py
[2025-08-08T01:21:27.293+0000] {processor.py:183} INFO - Processing /opt/airflow/dags/firstdag.py took 0.034 seconds
[2025-08-08T01:21:57.411+0000] {processor.py:161} INFO - Started process (PID=205) to work on /opt/airflow/dags/firstdag.py
[2025-08-08T01:21:57.412+0000] {processor.py:830} INFO - Processing file /opt/airflow/dags/firstdag.py for tasks to queue
[2025-08-08T01:21:57.414+0000] {logging_mixin.py:188} INFO - [2025-08-08T01:21:57.414+0000] {dagbag.py:545} INFO - Filling up the DagBag from /opt/airflow/dags/firstdag.py
[2025-08-08T01:21:57.423+0000] {logging_mixin.py:188} INFO - [2025-08-08T01:21:57.422+0000] {dagbag.py:355} ERROR - Failed to import: /opt/airflow/dags/firstdag.py
Traceback (most recent call last):
  File "/home/airflow/.local/lib/python3.9/site-packages/airflow/models/dagbag.py", line 351, in parse
    loader.exec_module(new_module)
  File "<frozen importlib._bootstrap_external>", line 846, in exec_module
  File "<frozen importlib._bootstrap_external>", line 983, in get_code
  File "<frozen importlib._bootstrap_external>", line 913, in source_to_code
  File "<frozen importlib._bootstrap>", line 228, in _call_with_frames_removed
  File "/opt/airflow/dags/firstdag.py", line 17
    )
    ^
SyntaxError: (unicode error) 'unicodeescape' codec can't decode bytes in position 12-13: truncated \UXXXXXXXX escape
[2025-08-08T01:21:57.423+0000] {processor.py:842} WARNING - No viable dags retrieved from /opt/airflow/dags/firstdag.py
[2025-08-08T01:21:57.436+0000] {processor.py:183} INFO - Processing /opt/airflow/dags/firstdag.py took 0.029 seconds
[2025-08-08T01:22:27.546+0000] {processor.py:161} INFO - Started process (PID=210) to work on /opt/airflow/dags/firstdag.py
[2025-08-08T01:22:27.547+0000] {processor.py:830} INFO - Processing file /opt/airflow/dags/firstdag.py for tasks to queue
[2025-08-08T01:22:27.548+0000] {logging_mixin.py:188} INFO - [2025-08-08T01:22:27.548+0000] {dagbag.py:545} INFO - Filling up the DagBag from /opt/airflow/dags/firstdag.py
[2025-08-08T01:22:27.557+0000] {logging_mixin.py:188} INFO - [2025-08-08T01:22:27.557+0000] {dagbag.py:355} ERROR - Failed to import: /opt/airflow/dags/firstdag.py
Traceback (most recent call last):
  File "/home/airflow/.local/lib/python3.9/site-packages/airflow/models/dagbag.py", line 351, in parse
    loader.exec_module(new_module)
  File "<frozen importlib._bootstrap_external>", line 846, in exec_module
  File "<frozen importlib._bootstrap_external>", line 983, in get_code
  File "<frozen importlib._bootstrap_external>", line 913, in source_to_code
  File "<frozen importlib._bootstrap>", line 228, in _call_with_frames_removed
  File "/opt/airflow/dags/firstdag.py", line 17
    )
    ^
SyntaxError: (unicode error) 'unicodeescape' codec can't decode bytes in position 12-13: truncated \UXXXXXXXX escape
[2025-08-08T01:22:27.557+0000] {processor.py:842} WARNING - No viable dags retrieved from /opt/airflow/dags/firstdag.py
[2025-08-08T01:22:27.572+0000] {processor.py:183} INFO - Processing /opt/airflow/dags/firstdag.py took 0.032 seconds
[2025-08-08T01:22:49.673+0000] {processor.py:161} INFO - Started process (PID=215) to work on /opt/airflow/dags/firstdag.py
[2025-08-08T01:22:49.674+0000] {processor.py:830} INFO - Processing file /opt/airflow/dags/firstdag.py for tasks to queue
[2025-08-08T01:22:49.675+0000] {logging_mixin.py:188} INFO - [2025-08-08T01:22:49.675+0000] {dagbag.py:545} INFO - Filling up the DagBag from /opt/airflow/dags/firstdag.py
[2025-08-08T01:22:49.704+0000] {processor.py:840} INFO - DAG(s) 'first_dag' retrieved from /opt/airflow/dags/firstdag.py
[2025-08-08T01:22:49.859+0000] {logging_mixin.py:188} INFO - [2025-08-08T01:22:49.859+0000] {override.py:1829} INFO - Created Permission View: can edit on DAG:first_dag
[2025-08-08T01:22:49.871+0000] {logging_mixin.py:188} INFO - [2025-08-08T01:22:49.870+0000] {override.py:1829} INFO - Created Permission View: can delete on DAG:first_dag
[2025-08-08T01:22:49.882+0000] {logging_mixin.py:188} INFO - [2025-08-08T01:22:49.882+0000] {override.py:1829} INFO - Created Permission View: can read on DAG:first_dag
[2025-08-08T01:22:49.883+0000] {logging_mixin.py:188} INFO - [2025-08-08T01:22:49.883+0000] {dag.py:3096} INFO - Sync 1 DAGs
[2025-08-08T01:22:49.894+0000] {logging_mixin.py:188} INFO - [2025-08-08T01:22:49.894+0000] {dag.py:3118} INFO - Creating ORM DAG for first_dag
[2025-08-08T01:22:49.904+0000] {logging_mixin.py:188} INFO - [2025-08-08T01:22:49.904+0000] {dag.py:3954} INFO - Setting next_dagrun for first_dag to 2025-08-07 00:00:00+00:00, run_after=2025-08-08 00:00:00+00:00
[2025-08-08T01:22:49.918+0000] {processor.py:183} INFO - Processing /opt/airflow/dags/firstdag.py took 0.252 seconds
[2025-08-08T01:23:20.058+0000] {processor.py:161} INFO - Started process (PID=223) to work on /opt/airflow/dags/firstdag.py
[2025-08-08T01:23:20.059+0000] {processor.py:830} INFO - Processing file /opt/airflow/dags/firstdag.py for tasks to queue
[2025-08-08T01:23:20.060+0000] {logging_mixin.py:188} INFO - [2025-08-08T01:23:20.060+0000] {dagbag.py:545} INFO - Filling up the DagBag from /opt/airflow/dags/firstdag.py
[2025-08-08T01:23:20.077+0000] {processor.py:840} INFO - DAG(s) 'first_dag' retrieved from /opt/airflow/dags/firstdag.py
[2025-08-08T01:23:20.096+0000] {logging_mixin.py:188} INFO - [2025-08-08T01:23:20.096+0000] {dag.py:3096} INFO - Sync 1 DAGs
[2025-08-08T01:23:20.112+0000] {logging_mixin.py:188} INFO - [2025-08-08T01:23:20.112+0000] {dag.py:3954} INFO - Setting next_dagrun for first_dag to 2025-08-08 00:00:00+00:00, run_after=2025-08-09 00:00:00+00:00
[2025-08-08T01:23:20.130+0000] {processor.py:183} INFO - Processing /opt/airflow/dags/firstdag.py took 0.077 seconds
[2025-08-08T01:23:50.193+0000] {processor.py:161} INFO - Started process (PID=228) to work on /opt/airflow/dags/firstdag.py
[2025-08-08T01:23:50.194+0000] {processor.py:830} INFO - Processing file /opt/airflow/dags/firstdag.py for tasks to queue
[2025-08-08T01:23:50.195+0000] {logging_mixin.py:188} INFO - [2025-08-08T01:23:50.195+0000] {dagbag.py:545} INFO - Filling up the DagBag from /opt/airflow/dags/firstdag.py
[2025-08-08T01:23:50.209+0000] {processor.py:840} INFO - DAG(s) 'first_dag' retrieved from /opt/airflow/dags/firstdag.py
[2025-08-08T01:23:50.228+0000] {logging_mixin.py:188} INFO - [2025-08-08T01:23:50.228+0000] {dag.py:3096} INFO - Sync 1 DAGs
[2025-08-08T01:23:50.245+0000] {logging_mixin.py:188} INFO - [2025-08-08T01:23:50.245+0000] {dag.py:3954} INFO - Setting next_dagrun for first_dag to 2025-08-08 00:00:00+00:00, run_after=2025-08-09 00:00:00+00:00
[2025-08-08T01:23:50.260+0000] {processor.py:183} INFO - Processing /opt/airflow/dags/firstdag.py took 0.073 seconds
[2025-08-08T01:24:20.378+0000] {processor.py:161} INFO - Started process (PID=233) to work on /opt/airflow/dags/firstdag.py
[2025-08-08T01:24:20.379+0000] {processor.py:830} INFO - Processing file /opt/airflow/dags/firstdag.py for tasks to queue
[2025-08-08T01:24:20.380+0000] {logging_mixin.py:188} INFO - [2025-08-08T01:24:20.380+0000] {dagbag.py:545} INFO - Filling up the DagBag from /opt/airflow/dags/firstdag.py
[2025-08-08T01:24:20.395+0000] {processor.py:840} INFO - DAG(s) 'first_dag' retrieved from /opt/airflow/dags/firstdag.py
[2025-08-08T01:24:20.418+0000] {logging_mixin.py:188} INFO - [2025-08-08T01:24:20.418+0000] {dag.py:3096} INFO - Sync 1 DAGs
[2025-08-08T01:24:20.434+0000] {logging_mixin.py:188} INFO - [2025-08-08T01:24:20.434+0000] {dag.py:3954} INFO - Setting next_dagrun for first_dag to 2025-08-08 00:00:00+00:00, run_after=2025-08-09 00:00:00+00:00
[2025-08-08T01:24:20.449+0000] {processor.py:183} INFO - Processing /opt/airflow/dags/firstdag.py took 0.077 seconds
[2025-08-08T01:24:50.507+0000] {processor.py:161} INFO - Started process (PID=238) to work on /opt/airflow/dags/firstdag.py
[2025-08-08T01:24:50.508+0000] {processor.py:830} INFO - Processing file /opt/airflow/dags/firstdag.py for tasks to queue
[2025-08-08T01:24:50.509+0000] {logging_mixin.py:188} INFO - [2025-08-08T01:24:50.509+0000] {dagbag.py:545} INFO - Filling up the DagBag from /opt/airflow/dags/firstdag.py
[2025-08-08T01:24:50.524+0000] {processor.py:840} INFO - DAG(s) 'first_dag' retrieved from /opt/airflow/dags/firstdag.py
[2025-08-08T01:24:50.545+0000] {logging_mixin.py:188} INFO - [2025-08-08T01:24:50.544+0000] {dag.py:3096} INFO - Sync 1 DAGs
[2025-08-08T01:24:50.560+0000] {logging_mixin.py:188} INFO - [2025-08-08T01:24:50.560+0000] {dag.py:3954} INFO - Setting next_dagrun for first_dag to 2025-08-08 00:00:00+00:00, run_after=2025-08-09 00:00:00+00:00
[2025-08-08T01:24:50.572+0000] {processor.py:183} INFO - Processing /opt/airflow/dags/firstdag.py took 0.070 seconds
[2025-08-08T01:25:20.727+0000] {processor.py:161} INFO - Started process (PID=243) to work on /opt/airflow/dags/firstdag.py
[2025-08-08T01:25:20.728+0000] {processor.py:830} INFO - Processing file /opt/airflow/dags/firstdag.py for tasks to queue
[2025-08-08T01:25:20.729+0000] {logging_mixin.py:188} INFO - [2025-08-08T01:25:20.729+0000] {dagbag.py:545} INFO - Filling up the DagBag from /opt/airflow/dags/firstdag.py
[2025-08-08T01:25:20.746+0000] {processor.py:840} INFO - DAG(s) 'first_dag' retrieved from /opt/airflow/dags/firstdag.py
[2025-08-08T01:25:20.767+0000] {logging_mixin.py:188} INFO - [2025-08-08T01:25:20.767+0000] {dag.py:3096} INFO - Sync 1 DAGs
[2025-08-08T01:25:20.783+0000] {logging_mixin.py:188} INFO - [2025-08-08T01:25:20.783+0000] {dag.py:3954} INFO - Setting next_dagrun for first_dag to 2025-08-08 00:00:00+00:00, run_after=2025-08-09 00:00:00+00:00
[2025-08-08T01:25:20.796+0000] {processor.py:183} INFO - Processing /opt/airflow/dags/firstdag.py took 0.074 seconds
[2025-08-08T01:25:50.877+0000] {processor.py:161} INFO - Started process (PID=248) to work on /opt/airflow/dags/firstdag.py
[2025-08-08T01:25:50.878+0000] {processor.py:830} INFO - Processing file /opt/airflow/dags/firstdag.py for tasks to queue
[2025-08-08T01:25:50.880+0000] {logging_mixin.py:188} INFO - [2025-08-08T01:25:50.880+0000] {dagbag.py:545} INFO - Filling up the DagBag from /opt/airflow/dags/firstdag.py
[2025-08-08T01:25:50.897+0000] {processor.py:840} INFO - DAG(s) 'first_dag' retrieved from /opt/airflow/dags/firstdag.py
[2025-08-08T01:25:50.917+0000] {logging_mixin.py:188} INFO - [2025-08-08T01:25:50.917+0000] {dag.py:3096} INFO - Sync 1 DAGs
[2025-08-08T01:25:50.932+0000] {logging_mixin.py:188} INFO - [2025-08-08T01:25:50.932+0000] {dag.py:3954} INFO - Setting next_dagrun for first_dag to 2025-08-08 00:00:00+00:00, run_after=2025-08-09 00:00:00+00:00
[2025-08-08T01:25:50.945+0000] {processor.py:183} INFO - Processing /opt/airflow/dags/firstdag.py took 0.072 seconds
[2025-08-08T01:26:21.052+0000] {processor.py:161} INFO - Started process (PID=253) to work on /opt/airflow/dags/firstdag.py
[2025-08-08T01:26:21.053+0000] {processor.py:830} INFO - Processing file /opt/airflow/dags/firstdag.py for tasks to queue
[2025-08-08T01:26:21.054+0000] {logging_mixin.py:188} INFO - [2025-08-08T01:26:21.054+0000] {dagbag.py:545} INFO - Filling up the DagBag from /opt/airflow/dags/firstdag.py
[2025-08-08T01:26:21.068+0000] {processor.py:840} INFO - DAG(s) 'first_dag' retrieved from /opt/airflow/dags/firstdag.py
[2025-08-08T01:26:21.089+0000] {logging_mixin.py:188} INFO - [2025-08-08T01:26:21.089+0000] {dag.py:3096} INFO - Sync 1 DAGs
[2025-08-08T01:26:21.105+0000] {logging_mixin.py:188} INFO - [2025-08-08T01:26:21.105+0000] {dag.py:3954} INFO - Setting next_dagrun for first_dag to 2025-08-08 00:00:00+00:00, run_after=2025-08-09 00:00:00+00:00
[2025-08-08T01:26:21.117+0000] {processor.py:183} INFO - Processing /opt/airflow/dags/firstdag.py took 0.069 seconds
[2025-08-08T01:26:51.217+0000] {processor.py:161} INFO - Started process (PID=258) to work on /opt/airflow/dags/firstdag.py
[2025-08-08T01:26:51.218+0000] {processor.py:830} INFO - Processing file /opt/airflow/dags/firstdag.py for tasks to queue
[2025-08-08T01:26:51.219+0000] {logging_mixin.py:188} INFO - [2025-08-08T01:26:51.219+0000] {dagbag.py:545} INFO - Filling up the DagBag from /opt/airflow/dags/firstdag.py
[2025-08-08T01:26:51.234+0000] {processor.py:840} INFO - DAG(s) 'first_dag' retrieved from /opt/airflow/dags/firstdag.py
[2025-08-08T01:26:51.252+0000] {logging_mixin.py:188} INFO - [2025-08-08T01:26:51.252+0000] {dag.py:3096} INFO - Sync 1 DAGs
[2025-08-08T01:26:51.268+0000] {logging_mixin.py:188} INFO - [2025-08-08T01:26:51.268+0000] {dag.py:3954} INFO - Setting next_dagrun for first_dag to 2025-08-08 00:00:00+00:00, run_after=2025-08-09 00:00:00+00:00
[2025-08-08T01:26:51.279+0000] {processor.py:183} INFO - Processing /opt/airflow/dags/firstdag.py took 0.069 seconds
[2025-08-08T01:27:21.377+0000] {processor.py:161} INFO - Started process (PID=263) to work on /opt/airflow/dags/firstdag.py
[2025-08-08T01:27:21.378+0000] {processor.py:830} INFO - Processing file /opt/airflow/dags/firstdag.py for tasks to queue
[2025-08-08T01:27:21.379+0000] {logging_mixin.py:188} INFO - [2025-08-08T01:27:21.379+0000] {dagbag.py:545} INFO - Filling up the DagBag from /opt/airflow/dags/firstdag.py
[2025-08-08T01:27:21.393+0000] {processor.py:840} INFO - DAG(s) 'first_dag' retrieved from /opt/airflow/dags/firstdag.py
[2025-08-08T01:27:21.412+0000] {logging_mixin.py:188} INFO - [2025-08-08T01:27:21.412+0000] {dag.py:3096} INFO - Sync 1 DAGs
[2025-08-08T01:27:21.428+0000] {logging_mixin.py:188} INFO - [2025-08-08T01:27:21.428+0000] {dag.py:3954} INFO - Setting next_dagrun for first_dag to 2025-08-08 00:00:00+00:00, run_after=2025-08-09 00:00:00+00:00
[2025-08-08T01:27:21.445+0000] {processor.py:183} INFO - Processing /opt/airflow/dags/firstdag.py took 0.073 seconds
[2025-08-08T01:27:49.524+0000] {processor.py:161} INFO - Started process (PID=268) to work on /opt/airflow/dags/firstdag.py
[2025-08-08T01:27:49.525+0000] {processor.py:830} INFO - Processing file /opt/airflow/dags/firstdag.py for tasks to queue
[2025-08-08T01:27:49.526+0000] {logging_mixin.py:188} INFO - [2025-08-08T01:27:49.526+0000] {dagbag.py:545} INFO - Filling up the DagBag from /opt/airflow/dags/firstdag.py
[2025-08-08T01:27:49.549+0000] {processor.py:840} INFO - DAG(s) 'first_dag' retrieved from /opt/airflow/dags/firstdag.py
[2025-08-08T01:27:49.618+0000] {logging_mixin.py:188} INFO - [2025-08-08T01:27:49.618+0000] {dag.py:3096} INFO - Sync 1 DAGs
[2025-08-08T01:27:49.631+0000] {logging_mixin.py:188} INFO - [2025-08-08T01:27:49.631+0000] {dag.py:3954} INFO - Setting next_dagrun for first_dag to 2025-08-08 00:00:00+00:00, run_after=2025-08-09 00:00:00+00:00
[2025-08-08T01:27:49.652+0000] {processor.py:183} INFO - Processing /opt/airflow/dags/firstdag.py took 0.133 seconds
[2025-08-08T01:28:19.699+0000] {processor.py:161} INFO - Started process (PID=276) to work on /opt/airflow/dags/firstdag.py
[2025-08-08T01:28:19.699+0000] {processor.py:830} INFO - Processing file /opt/airflow/dags/firstdag.py for tasks to queue
[2025-08-08T01:28:19.701+0000] {logging_mixin.py:188} INFO - [2025-08-08T01:28:19.700+0000] {dagbag.py:545} INFO - Filling up the DagBag from /opt/airflow/dags/firstdag.py
[2025-08-08T01:28:19.714+0000] {processor.py:840} INFO - DAG(s) 'first_dag' retrieved from /opt/airflow/dags/firstdag.py
[2025-08-08T01:28:19.732+0000] {logging_mixin.py:188} INFO - [2025-08-08T01:28:19.732+0000] {dag.py:3096} INFO - Sync 1 DAGs
[2025-08-08T01:28:19.748+0000] {logging_mixin.py:188} INFO - [2025-08-08T01:28:19.747+0000] {dag.py:3954} INFO - Setting next_dagrun for first_dag to 2025-08-08 00:00:00+00:00, run_after=2025-08-09 00:00:00+00:00
[2025-08-08T01:28:19.765+0000] {processor.py:183} INFO - Processing /opt/airflow/dags/firstdag.py took 0.071 seconds
[2025-08-08T01:28:49.920+0000] {processor.py:161} INFO - Started process (PID=281) to work on /opt/airflow/dags/firstdag.py
[2025-08-08T01:28:49.920+0000] {processor.py:830} INFO - Processing file /opt/airflow/dags/firstdag.py for tasks to queue
[2025-08-08T01:28:49.922+0000] {logging_mixin.py:188} INFO - [2025-08-08T01:28:49.922+0000] {dagbag.py:545} INFO - Filling up the DagBag from /opt/airflow/dags/firstdag.py
[2025-08-08T01:28:49.941+0000] {processor.py:840} INFO - DAG(s) 'first_dag' retrieved from /opt/airflow/dags/firstdag.py
[2025-08-08T01:28:50.010+0000] {logging_mixin.py:188} INFO - [2025-08-08T01:28:50.010+0000] {dag.py:3096} INFO - Sync 1 DAGs
[2025-08-08T01:28:50.018+0000] {logging_mixin.py:188} INFO - [2025-08-08T01:28:50.017+0000] {dag.py:3118} INFO - Creating ORM DAG for first_dag
[2025-08-08T01:28:50.026+0000] {logging_mixin.py:188} INFO - [2025-08-08T01:28:50.025+0000] {dag.py:3954} INFO - Setting next_dagrun for first_dag to 2025-08-07 00:00:00+00:00, run_after=2025-08-08 00:00:00+00:00
[2025-08-08T01:28:50.042+0000] {processor.py:183} INFO - Processing /opt/airflow/dags/firstdag.py took 0.128 seconds
