[2025-08-08T01:30:59.737+0000] {processor.py:161} INFO - Started process (PID=180) to work on /opt/airflow/dags/first_dag.py
[2025-08-08T01:30:59.738+0000] {processor.py:830} INFO - Processing file /opt/airflow/dags/first_dag.py for tasks to queue
[2025-08-08T01:30:59.739+0000] {logging_mixin.py:188} INFO - [2025-08-08T01:30:59.739+0000] {dagbag.py:545} INFO - Filling up the DagBag from /opt/airflow/dags/first_dag.py
[2025-08-08T01:30:59.757+0000] {processor.py:840} INFO - DAG(s) 'first_dag' retrieved from /opt/airflow/dags/first_dag.py
[2025-08-08T01:30:59.832+0000] {logging_mixin.py:188} INFO - [2025-08-08T01:30:59.832+0000] {dag.py:3096} INFO - Sync 1 DAGs
[2025-08-08T01:30:59.844+0000] {logging_mixin.py:188} INFO - [2025-08-08T01:30:59.844+0000] {dag.py:3954} INFO - Setting next_dagrun for first_dag to 2025-08-07 00:00:00+00:00, run_after=2025-08-08 00:00:00+00:00
[2025-08-08T01:30:59.864+0000] {processor.py:183} INFO - Processing /opt/airflow/dags/first_dag.py took 0.132 seconds
[2025-08-08T01:31:29.899+0000] {processor.py:161} INFO - Started process (PID=188) to work on /opt/airflow/dags/first_dag.py
[2025-08-08T01:31:29.900+0000] {processor.py:830} INFO - Processing file /opt/airflow/dags/first_dag.py for tasks to queue
[2025-08-08T01:31:29.901+0000] {logging_mixin.py:188} INFO - [2025-08-08T01:31:29.901+0000] {dagbag.py:545} INFO - Filling up the DagBag from /opt/airflow/dags/first_dag.py
[2025-08-08T01:31:29.916+0000] {processor.py:840} INFO - DAG(s) 'first_dag' retrieved from /opt/airflow/dags/first_dag.py
[2025-08-08T01:31:29.937+0000] {logging_mixin.py:188} INFO - [2025-08-08T01:31:29.937+0000] {dag.py:3096} INFO - Sync 1 DAGs
[2025-08-08T01:31:29.952+0000] {logging_mixin.py:188} INFO - [2025-08-08T01:31:29.952+0000] {dag.py:3954} INFO - Setting next_dagrun for first_dag to 2025-08-08 00:00:00+00:00, run_after=2025-08-09 00:00:00+00:00
[2025-08-08T01:31:29.969+0000] {processor.py:183} INFO - Processing /opt/airflow/dags/first_dag.py took 0.074 seconds
[2025-08-08T01:32:00.042+0000] {processor.py:161} INFO - Started process (PID=193) to work on /opt/airflow/dags/first_dag.py
[2025-08-08T01:32:00.043+0000] {processor.py:830} INFO - Processing file /opt/airflow/dags/first_dag.py for tasks to queue
[2025-08-08T01:32:00.044+0000] {logging_mixin.py:188} INFO - [2025-08-08T01:32:00.044+0000] {dagbag.py:545} INFO - Filling up the DagBag from /opt/airflow/dags/first_dag.py
[2025-08-08T01:32:00.058+0000] {processor.py:840} INFO - DAG(s) 'first_dag' retrieved from /opt/airflow/dags/first_dag.py
[2025-08-08T01:32:00.079+0000] {logging_mixin.py:188} INFO - [2025-08-08T01:32:00.079+0000] {dag.py:3096} INFO - Sync 1 DAGs
[2025-08-08T01:32:00.094+0000] {logging_mixin.py:188} INFO - [2025-08-08T01:32:00.094+0000] {dag.py:3954} INFO - Setting next_dagrun for first_dag to 2025-08-08 00:00:00+00:00, run_after=2025-08-09 00:00:00+00:00
[2025-08-08T01:32:00.107+0000] {processor.py:183} INFO - Processing /opt/airflow/dags/first_dag.py took 0.069 seconds
[2025-08-08T01:32:30.242+0000] {processor.py:161} INFO - Started process (PID=198) to work on /opt/airflow/dags/first_dag.py
[2025-08-08T01:32:30.243+0000] {processor.py:830} INFO - Processing file /opt/airflow/dags/first_dag.py for tasks to queue
[2025-08-08T01:32:30.244+0000] {logging_mixin.py:188} INFO - [2025-08-08T01:32:30.244+0000] {dagbag.py:545} INFO - Filling up the DagBag from /opt/airflow/dags/first_dag.py
[2025-08-08T01:32:30.261+0000] {processor.py:840} INFO - DAG(s) 'first_dag' retrieved from /opt/airflow/dags/first_dag.py
[2025-08-08T01:32:30.279+0000] {logging_mixin.py:188} INFO - [2025-08-08T01:32:30.279+0000] {dag.py:3096} INFO - Sync 1 DAGs
[2025-08-08T01:32:30.294+0000] {logging_mixin.py:188} INFO - [2025-08-08T01:32:30.294+0000] {dag.py:3954} INFO - Setting next_dagrun for first_dag to 2025-08-08 00:00:00+00:00, run_after=2025-08-09 00:00:00+00:00
[2025-08-08T01:32:30.307+0000] {processor.py:183} INFO - Processing /opt/airflow/dags/first_dag.py took 0.068 seconds
[2025-08-08T01:33:00.380+0000] {processor.py:161} INFO - Started process (PID=203) to work on /opt/airflow/dags/first_dag.py
[2025-08-08T01:33:00.381+0000] {processor.py:830} INFO - Processing file /opt/airflow/dags/first_dag.py for tasks to queue
[2025-08-08T01:33:00.383+0000] {logging_mixin.py:188} INFO - [2025-08-08T01:33:00.382+0000] {dagbag.py:545} INFO - Filling up the DagBag from /opt/airflow/dags/first_dag.py
[2025-08-08T01:33:00.398+0000] {processor.py:840} INFO - DAG(s) 'first_dag' retrieved from /opt/airflow/dags/first_dag.py
[2025-08-08T01:33:00.415+0000] {logging_mixin.py:188} INFO - [2025-08-08T01:33:00.415+0000] {dag.py:3096} INFO - Sync 1 DAGs
[2025-08-08T01:33:00.431+0000] {logging_mixin.py:188} INFO - [2025-08-08T01:33:00.431+0000] {dag.py:3954} INFO - Setting next_dagrun for first_dag to 2025-08-08 00:00:00+00:00, run_after=2025-08-09 00:00:00+00:00
[2025-08-08T01:33:00.450+0000] {processor.py:183} INFO - Processing /opt/airflow/dags/first_dag.py took 0.074 seconds
[2025-08-08T01:36:33.753+0000] {processor.py:161} INFO - Started process (PID=179) to work on /opt/airflow/dags/first_dag.py
[2025-08-08T01:36:33.756+0000] {processor.py:830} INFO - Processing file /opt/airflow/dags/first_dag.py for tasks to queue
[2025-08-08T01:36:33.765+0000] {logging_mixin.py:188} INFO - [2025-08-08T01:36:33.764+0000] {dagbag.py:545} INFO - Filling up the DagBag from /opt/airflow/dags/first_dag.py
[2025-08-08T01:36:33.828+0000] {processor.py:840} INFO - DAG(s) 'first_dag' retrieved from /opt/airflow/dags/first_dag.py
[2025-08-08T01:36:33.897+0000] {logging_mixin.py:188} INFO - [2025-08-08T01:36:33.896+0000] {dag.py:3096} INFO - Sync 1 DAGs
[2025-08-08T01:36:33.940+0000] {logging_mixin.py:188} INFO - [2025-08-08T01:36:33.940+0000] {dag.py:3954} INFO - Setting next_dagrun for first_dag to 2025-08-08 00:00:00+00:00, run_after=2025-08-09 00:00:00+00:00
[2025-08-08T01:36:33.986+0000] {processor.py:183} INFO - Processing /opt/airflow/dags/first_dag.py took 0.252 seconds
[2025-08-08T01:37:04.222+0000] {processor.py:161} INFO - Started process (PID=184) to work on /opt/airflow/dags/first_dag.py
[2025-08-08T01:37:04.223+0000] {processor.py:830} INFO - Processing file /opt/airflow/dags/first_dag.py for tasks to queue
[2025-08-08T01:37:04.224+0000] {logging_mixin.py:188} INFO - [2025-08-08T01:37:04.224+0000] {dagbag.py:545} INFO - Filling up the DagBag from /opt/airflow/dags/first_dag.py
[2025-08-08T01:37:04.239+0000] {processor.py:840} INFO - DAG(s) 'first_dag' retrieved from /opt/airflow/dags/first_dag.py
[2025-08-08T01:37:04.382+0000] {logging_mixin.py:188} INFO - [2025-08-08T01:37:04.382+0000] {dag.py:3096} INFO - Sync 1 DAGs
[2025-08-08T01:37:04.395+0000] {logging_mixin.py:188} INFO - [2025-08-08T01:37:04.395+0000] {dag.py:3954} INFO - Setting next_dagrun for first_dag to 2025-08-08 00:00:00+00:00, run_after=2025-08-09 00:00:00+00:00
[2025-08-08T01:37:04.418+0000] {processor.py:183} INFO - Processing /opt/airflow/dags/first_dag.py took 0.200 seconds
[2025-08-08T01:37:34.542+0000] {processor.py:161} INFO - Started process (PID=189) to work on /opt/airflow/dags/first_dag.py
[2025-08-08T01:37:34.543+0000] {processor.py:830} INFO - Processing file /opt/airflow/dags/first_dag.py for tasks to queue
[2025-08-08T01:37:34.545+0000] {logging_mixin.py:188} INFO - [2025-08-08T01:37:34.545+0000] {dagbag.py:545} INFO - Filling up the DagBag from /opt/airflow/dags/first_dag.py
[2025-08-08T01:37:34.561+0000] {processor.py:840} INFO - DAG(s) 'first_dag' retrieved from /opt/airflow/dags/first_dag.py
[2025-08-08T01:37:34.581+0000] {logging_mixin.py:188} INFO - [2025-08-08T01:37:34.581+0000] {dag.py:3096} INFO - Sync 1 DAGs
[2025-08-08T01:37:34.597+0000] {logging_mixin.py:188} INFO - [2025-08-08T01:37:34.597+0000] {dag.py:3954} INFO - Setting next_dagrun for first_dag to 2025-08-08 00:00:00+00:00, run_after=2025-08-09 00:00:00+00:00
[2025-08-08T01:37:34.615+0000] {processor.py:183} INFO - Processing /opt/airflow/dags/first_dag.py took 0.079 seconds
[2025-08-08T01:38:04.663+0000] {processor.py:161} INFO - Started process (PID=197) to work on /opt/airflow/dags/first_dag.py
[2025-08-08T01:38:04.663+0000] {processor.py:830} INFO - Processing file /opt/airflow/dags/first_dag.py for tasks to queue
[2025-08-08T01:38:04.664+0000] {logging_mixin.py:188} INFO - [2025-08-08T01:38:04.664+0000] {dagbag.py:545} INFO - Filling up the DagBag from /opt/airflow/dags/first_dag.py
[2025-08-08T01:38:04.678+0000] {processor.py:840} INFO - DAG(s) 'first_dag' retrieved from /opt/airflow/dags/first_dag.py
[2025-08-08T01:38:04.696+0000] {logging_mixin.py:188} INFO - [2025-08-08T01:38:04.696+0000] {dag.py:3096} INFO - Sync 1 DAGs
[2025-08-08T01:38:04.712+0000] {logging_mixin.py:188} INFO - [2025-08-08T01:38:04.711+0000] {dag.py:3954} INFO - Setting next_dagrun for first_dag to 2025-08-08 00:00:00+00:00, run_after=2025-08-09 00:00:00+00:00
[2025-08-08T01:38:04.729+0000] {processor.py:183} INFO - Processing /opt/airflow/dags/first_dag.py took 0.072 seconds
[2025-08-08T01:38:34.890+0000] {processor.py:161} INFO - Started process (PID=202) to work on /opt/airflow/dags/first_dag.py
[2025-08-08T01:38:34.891+0000] {processor.py:830} INFO - Processing file /opt/airflow/dags/first_dag.py for tasks to queue
[2025-08-08T01:38:34.892+0000] {logging_mixin.py:188} INFO - [2025-08-08T01:38:34.892+0000] {dagbag.py:545} INFO - Filling up the DagBag from /opt/airflow/dags/first_dag.py
[2025-08-08T01:38:34.915+0000] {processor.py:840} INFO - DAG(s) 'first_dag' retrieved from /opt/airflow/dags/first_dag.py
[2025-08-08T01:38:34.937+0000] {logging_mixin.py:188} INFO - [2025-08-08T01:38:34.937+0000] {dag.py:3096} INFO - Sync 1 DAGs
[2025-08-08T01:38:34.953+0000] {logging_mixin.py:188} INFO - [2025-08-08T01:38:34.953+0000] {dag.py:3954} INFO - Setting next_dagrun for first_dag to 2025-08-08 00:00:00+00:00, run_after=2025-08-09 00:00:00+00:00
[2025-08-08T01:38:34.971+0000] {processor.py:183} INFO - Processing /opt/airflow/dags/first_dag.py took 0.086 seconds
[2025-08-08T01:39:05.036+0000] {processor.py:161} INFO - Started process (PID=210) to work on /opt/airflow/dags/first_dag.py
[2025-08-08T01:39:05.037+0000] {processor.py:830} INFO - Processing file /opt/airflow/dags/first_dag.py for tasks to queue
[2025-08-08T01:39:05.038+0000] {logging_mixin.py:188} INFO - [2025-08-08T01:39:05.038+0000] {dagbag.py:545} INFO - Filling up the DagBag from /opt/airflow/dags/first_dag.py
[2025-08-08T01:39:05.056+0000] {processor.py:840} INFO - DAG(s) 'first_dag' retrieved from /opt/airflow/dags/first_dag.py
[2025-08-08T01:39:05.078+0000] {logging_mixin.py:188} INFO - [2025-08-08T01:39:05.077+0000] {dag.py:3096} INFO - Sync 1 DAGs
[2025-08-08T01:39:05.094+0000] {logging_mixin.py:188} INFO - [2025-08-08T01:39:05.094+0000] {dag.py:3954} INFO - Setting next_dagrun for first_dag to 2025-08-08 00:00:00+00:00, run_after=2025-08-09 00:00:00+00:00
[2025-08-08T01:39:05.106+0000] {processor.py:183} INFO - Processing /opt/airflow/dags/first_dag.py took 0.074 seconds
[2025-08-08T01:39:35.251+0000] {processor.py:161} INFO - Started process (PID=215) to work on /opt/airflow/dags/first_dag.py
[2025-08-08T01:39:35.252+0000] {processor.py:830} INFO - Processing file /opt/airflow/dags/first_dag.py for tasks to queue
[2025-08-08T01:39:35.253+0000] {logging_mixin.py:188} INFO - [2025-08-08T01:39:35.253+0000] {dagbag.py:545} INFO - Filling up the DagBag from /opt/airflow/dags/first_dag.py
[2025-08-08T01:39:35.266+0000] {processor.py:840} INFO - DAG(s) 'first_dag' retrieved from /opt/airflow/dags/first_dag.py
[2025-08-08T01:39:35.285+0000] {logging_mixin.py:188} INFO - [2025-08-08T01:39:35.285+0000] {dag.py:3096} INFO - Sync 1 DAGs
[2025-08-08T01:39:35.304+0000] {logging_mixin.py:188} INFO - [2025-08-08T01:39:35.304+0000] {dag.py:3954} INFO - Setting next_dagrun for first_dag to 2025-08-08 00:00:00+00:00, run_after=2025-08-09 00:00:00+00:00
[2025-08-08T01:39:35.322+0000] {processor.py:183} INFO - Processing /opt/airflow/dags/first_dag.py took 0.074 seconds
[2025-08-08T01:40:05.387+0000] {processor.py:161} INFO - Started process (PID=220) to work on /opt/airflow/dags/first_dag.py
[2025-08-08T01:40:05.388+0000] {processor.py:830} INFO - Processing file /opt/airflow/dags/first_dag.py for tasks to queue
[2025-08-08T01:40:05.390+0000] {logging_mixin.py:188} INFO - [2025-08-08T01:40:05.389+0000] {dagbag.py:545} INFO - Filling up the DagBag from /opt/airflow/dags/first_dag.py
[2025-08-08T01:40:05.405+0000] {processor.py:840} INFO - DAG(s) 'first_dag' retrieved from /opt/airflow/dags/first_dag.py
[2025-08-08T01:40:05.426+0000] {logging_mixin.py:188} INFO - [2025-08-08T01:40:05.426+0000] {dag.py:3096} INFO - Sync 1 DAGs
[2025-08-08T01:40:05.442+0000] {logging_mixin.py:188} INFO - [2025-08-08T01:40:05.442+0000] {dag.py:3954} INFO - Setting next_dagrun for first_dag to 2025-08-08 00:00:00+00:00, run_after=2025-08-09 00:00:00+00:00
[2025-08-08T01:40:05.460+0000] {processor.py:183} INFO - Processing /opt/airflow/dags/first_dag.py took 0.079 seconds
[2025-08-08T01:42:32.186+0000] {processor.py:161} INFO - Started process (PID=180) to work on /opt/airflow/dags/first_dag.py
[2025-08-08T01:42:32.189+0000] {processor.py:830} INFO - Processing file /opt/airflow/dags/first_dag.py for tasks to queue
[2025-08-08T01:42:32.194+0000] {logging_mixin.py:188} INFO - [2025-08-08T01:42:32.194+0000] {dagbag.py:545} INFO - Filling up the DagBag from /opt/airflow/dags/first_dag.py
[2025-08-08T01:42:32.271+0000] {processor.py:840} INFO - DAG(s) 'first_dag' retrieved from /opt/airflow/dags/first_dag.py
[2025-08-08T01:42:32.318+0000] {logging_mixin.py:188} INFO - [2025-08-08T01:42:32.317+0000] {dag.py:3096} INFO - Sync 1 DAGs
[2025-08-08T01:42:32.348+0000] {logging_mixin.py:188} INFO - [2025-08-08T01:42:32.347+0000] {dag.py:3954} INFO - Setting next_dagrun for first_dag to 2025-08-08 00:00:00+00:00, run_after=2025-08-09 00:00:00+00:00
[2025-08-08T01:42:32.381+0000] {processor.py:183} INFO - Processing /opt/airflow/dags/first_dag.py took 0.207 seconds
[2025-08-08T01:43:02.552+0000] {processor.py:161} INFO - Started process (PID=188) to work on /opt/airflow/dags/first_dag.py
[2025-08-08T01:43:02.553+0000] {processor.py:830} INFO - Processing file /opt/airflow/dags/first_dag.py for tasks to queue
[2025-08-08T01:43:02.554+0000] {logging_mixin.py:188} INFO - [2025-08-08T01:43:02.554+0000] {dagbag.py:545} INFO - Filling up the DagBag from /opt/airflow/dags/first_dag.py
[2025-08-08T01:43:02.568+0000] {processor.py:840} INFO - DAG(s) 'first_dag' retrieved from /opt/airflow/dags/first_dag.py
[2025-08-08T01:43:02.697+0000] {logging_mixin.py:188} INFO - [2025-08-08T01:43:02.697+0000] {dag.py:3096} INFO - Sync 1 DAGs
[2025-08-08T01:43:02.709+0000] {logging_mixin.py:188} INFO - [2025-08-08T01:43:02.709+0000] {dag.py:3954} INFO - Setting next_dagrun for first_dag to 2025-08-08 00:00:00+00:00, run_after=2025-08-09 00:00:00+00:00
[2025-08-08T01:43:02.726+0000] {processor.py:183} INFO - Processing /opt/airflow/dags/first_dag.py took 0.178 seconds
[2025-08-08T01:43:32.850+0000] {processor.py:161} INFO - Started process (PID=199) to work on /opt/airflow/dags/first_dag.py
[2025-08-08T01:43:32.851+0000] {processor.py:830} INFO - Processing file /opt/airflow/dags/first_dag.py for tasks to queue
[2025-08-08T01:43:32.852+0000] {logging_mixin.py:188} INFO - [2025-08-08T01:43:32.852+0000] {dagbag.py:545} INFO - Filling up the DagBag from /opt/airflow/dags/first_dag.py
[2025-08-08T01:43:32.867+0000] {processor.py:840} INFO - DAG(s) 'first_dag' retrieved from /opt/airflow/dags/first_dag.py
[2025-08-08T01:43:32.885+0000] {logging_mixin.py:188} INFO - [2025-08-08T01:43:32.884+0000] {dag.py:3096} INFO - Sync 1 DAGs
[2025-08-08T01:43:32.900+0000] {logging_mixin.py:188} INFO - [2025-08-08T01:43:32.900+0000] {dag.py:3954} INFO - Setting next_dagrun for first_dag to 2025-08-08 00:00:00+00:00, run_after=2025-08-09 00:00:00+00:00
[2025-08-08T01:43:32.917+0000] {processor.py:183} INFO - Processing /opt/airflow/dags/first_dag.py took 0.071 seconds
[2025-08-08T01:44:02.985+0000] {processor.py:161} INFO - Started process (PID=204) to work on /opt/airflow/dags/first_dag.py
[2025-08-08T01:44:02.985+0000] {processor.py:830} INFO - Processing file /opt/airflow/dags/first_dag.py for tasks to queue
[2025-08-08T01:44:02.987+0000] {logging_mixin.py:188} INFO - [2025-08-08T01:44:02.986+0000] {dagbag.py:545} INFO - Filling up the DagBag from /opt/airflow/dags/first_dag.py
[2025-08-08T01:44:03.001+0000] {processor.py:840} INFO - DAG(s) 'first_dag' retrieved from /opt/airflow/dags/first_dag.py
[2025-08-08T01:44:03.020+0000] {logging_mixin.py:188} INFO - [2025-08-08T01:44:03.019+0000] {dag.py:3096} INFO - Sync 1 DAGs
[2025-08-08T01:44:03.034+0000] {logging_mixin.py:188} INFO - [2025-08-08T01:44:03.034+0000] {dag.py:3954} INFO - Setting next_dagrun for first_dag to 2025-08-08 00:00:00+00:00, run_after=2025-08-09 00:00:00+00:00
[2025-08-08T01:44:03.056+0000] {processor.py:183} INFO - Processing /opt/airflow/dags/first_dag.py took 0.076 seconds
[2025-08-08T01:44:33.240+0000] {processor.py:161} INFO - Started process (PID=209) to work on /opt/airflow/dags/first_dag.py
[2025-08-08T01:44:33.241+0000] {processor.py:830} INFO - Processing file /opt/airflow/dags/first_dag.py for tasks to queue
[2025-08-08T01:44:33.242+0000] {logging_mixin.py:188} INFO - [2025-08-08T01:44:33.242+0000] {dagbag.py:545} INFO - Filling up the DagBag from /opt/airflow/dags/first_dag.py
[2025-08-08T01:44:33.256+0000] {processor.py:840} INFO - DAG(s) 'first_dag' retrieved from /opt/airflow/dags/first_dag.py
[2025-08-08T01:44:33.274+0000] {logging_mixin.py:188} INFO - [2025-08-08T01:44:33.274+0000] {dag.py:3096} INFO - Sync 1 DAGs
[2025-08-08T01:44:33.290+0000] {logging_mixin.py:188} INFO - [2025-08-08T01:44:33.290+0000] {dag.py:3954} INFO - Setting next_dagrun for first_dag to 2025-08-08 00:00:00+00:00, run_after=2025-08-09 00:00:00+00:00
[2025-08-08T01:44:33.309+0000] {processor.py:183} INFO - Processing /opt/airflow/dags/first_dag.py took 0.073 seconds
[2025-08-08T01:45:03.385+0000] {processor.py:161} INFO - Started process (PID=214) to work on /opt/airflow/dags/first_dag.py
[2025-08-08T01:45:03.386+0000] {processor.py:830} INFO - Processing file /opt/airflow/dags/first_dag.py for tasks to queue
[2025-08-08T01:45:03.388+0000] {logging_mixin.py:188} INFO - [2025-08-08T01:45:03.387+0000] {dagbag.py:545} INFO - Filling up the DagBag from /opt/airflow/dags/first_dag.py
[2025-08-08T01:45:03.402+0000] {processor.py:840} INFO - DAG(s) 'first_dag' retrieved from /opt/airflow/dags/first_dag.py
[2025-08-08T01:45:03.423+0000] {logging_mixin.py:188} INFO - [2025-08-08T01:45:03.423+0000] {dag.py:3096} INFO - Sync 1 DAGs
[2025-08-08T01:45:03.438+0000] {logging_mixin.py:188} INFO - [2025-08-08T01:45:03.438+0000] {dag.py:3954} INFO - Setting next_dagrun for first_dag to 2025-08-08 00:00:00+00:00, run_after=2025-08-09 00:00:00+00:00
[2025-08-08T01:45:03.455+0000] {processor.py:183} INFO - Processing /opt/airflow/dags/first_dag.py took 0.075 seconds
[2025-08-08T01:45:33.582+0000] {processor.py:161} INFO - Started process (PID=219) to work on /opt/airflow/dags/first_dag.py
[2025-08-08T01:45:33.582+0000] {processor.py:830} INFO - Processing file /opt/airflow/dags/first_dag.py for tasks to queue
[2025-08-08T01:45:33.584+0000] {logging_mixin.py:188} INFO - [2025-08-08T01:45:33.584+0000] {dagbag.py:545} INFO - Filling up the DagBag from /opt/airflow/dags/first_dag.py
[2025-08-08T01:45:33.597+0000] {processor.py:840} INFO - DAG(s) 'first_dag' retrieved from /opt/airflow/dags/first_dag.py
[2025-08-08T01:45:33.614+0000] {logging_mixin.py:188} INFO - [2025-08-08T01:45:33.614+0000] {dag.py:3096} INFO - Sync 1 DAGs
[2025-08-08T01:45:33.629+0000] {logging_mixin.py:188} INFO - [2025-08-08T01:45:33.628+0000] {dag.py:3954} INFO - Setting next_dagrun for first_dag to 2025-08-08 00:00:00+00:00, run_after=2025-08-09 00:00:00+00:00
[2025-08-08T01:45:33.644+0000] {processor.py:183} INFO - Processing /opt/airflow/dags/first_dag.py took 0.067 seconds
[2025-08-08T01:46:03.811+0000] {processor.py:161} INFO - Started process (PID=224) to work on /opt/airflow/dags/first_dag.py
[2025-08-08T01:46:03.812+0000] {processor.py:830} INFO - Processing file /opt/airflow/dags/first_dag.py for tasks to queue
[2025-08-08T01:46:03.814+0000] {logging_mixin.py:188} INFO - [2025-08-08T01:46:03.814+0000] {dagbag.py:545} INFO - Filling up the DagBag from /opt/airflow/dags/first_dag.py
[2025-08-08T01:46:03.829+0000] {processor.py:840} INFO - DAG(s) 'first_dag' retrieved from /opt/airflow/dags/first_dag.py
[2025-08-08T01:46:03.848+0000] {logging_mixin.py:188} INFO - [2025-08-08T01:46:03.847+0000] {dag.py:3096} INFO - Sync 1 DAGs
[2025-08-08T01:46:03.863+0000] {logging_mixin.py:188} INFO - [2025-08-08T01:46:03.862+0000] {dag.py:3954} INFO - Setting next_dagrun for first_dag to 2025-08-08 00:00:00+00:00, run_after=2025-08-09 00:00:00+00:00
[2025-08-08T01:46:03.878+0000] {processor.py:183} INFO - Processing /opt/airflow/dags/first_dag.py took 0.071 seconds
[2025-08-08T01:46:34.035+0000] {processor.py:161} INFO - Started process (PID=229) to work on /opt/airflow/dags/first_dag.py
[2025-08-08T01:46:34.037+0000] {processor.py:830} INFO - Processing file /opt/airflow/dags/first_dag.py for tasks to queue
[2025-08-08T01:46:34.039+0000] {logging_mixin.py:188} INFO - [2025-08-08T01:46:34.039+0000] {dagbag.py:545} INFO - Filling up the DagBag from /opt/airflow/dags/first_dag.py
[2025-08-08T01:46:34.080+0000] {processor.py:840} INFO - DAG(s) 'first_dag' retrieved from /opt/airflow/dags/first_dag.py
[2025-08-08T01:46:34.099+0000] {logging_mixin.py:188} INFO - [2025-08-08T01:46:34.099+0000] {dag.py:3096} INFO - Sync 1 DAGs
[2025-08-08T01:46:34.117+0000] {logging_mixin.py:188} INFO - [2025-08-08T01:46:34.116+0000] {dag.py:3954} INFO - Setting next_dagrun for first_dag to 2025-08-08 00:00:00+00:00, run_after=2025-08-09 00:00:00+00:00
[2025-08-08T01:46:34.137+0000] {processor.py:183} INFO - Processing /opt/airflow/dags/first_dag.py took 0.107 seconds
[2025-08-08T01:47:04.204+0000] {processor.py:161} INFO - Started process (PID=234) to work on /opt/airflow/dags/first_dag.py
[2025-08-08T01:47:04.205+0000] {processor.py:830} INFO - Processing file /opt/airflow/dags/first_dag.py for tasks to queue
[2025-08-08T01:47:04.206+0000] {logging_mixin.py:188} INFO - [2025-08-08T01:47:04.206+0000] {dagbag.py:545} INFO - Filling up the DagBag from /opt/airflow/dags/first_dag.py
[2025-08-08T01:47:04.221+0000] {processor.py:840} INFO - DAG(s) 'first_dag' retrieved from /opt/airflow/dags/first_dag.py
[2025-08-08T01:47:04.240+0000] {logging_mixin.py:188} INFO - [2025-08-08T01:47:04.240+0000] {dag.py:3096} INFO - Sync 1 DAGs
[2025-08-08T01:47:04.255+0000] {logging_mixin.py:188} INFO - [2025-08-08T01:47:04.255+0000] {dag.py:3954} INFO - Setting next_dagrun for first_dag to 2025-08-08 00:00:00+00:00, run_after=2025-08-09 00:00:00+00:00
[2025-08-08T01:47:04.272+0000] {processor.py:183} INFO - Processing /opt/airflow/dags/first_dag.py took 0.073 seconds
[2025-08-08T01:47:34.498+0000] {processor.py:161} INFO - Started process (PID=244) to work on /opt/airflow/dags/first_dag.py
[2025-08-08T01:47:34.499+0000] {processor.py:830} INFO - Processing file /opt/airflow/dags/first_dag.py for tasks to queue
[2025-08-08T01:47:34.501+0000] {logging_mixin.py:188} INFO - [2025-08-08T01:47:34.501+0000] {dagbag.py:545} INFO - Filling up the DagBag from /opt/airflow/dags/first_dag.py
[2025-08-08T01:47:34.542+0000] {processor.py:840} INFO - DAG(s) 'first_dag' retrieved from /opt/airflow/dags/first_dag.py
[2025-08-08T01:47:34.561+0000] {logging_mixin.py:188} INFO - [2025-08-08T01:47:34.561+0000] {dag.py:3096} INFO - Sync 1 DAGs
[2025-08-08T01:47:34.577+0000] {logging_mixin.py:188} INFO - [2025-08-08T01:47:34.577+0000] {dag.py:3954} INFO - Setting next_dagrun for first_dag to 2025-08-08 00:00:00+00:00, run_after=2025-08-09 00:00:00+00:00
[2025-08-08T01:47:34.598+0000] {processor.py:183} INFO - Processing /opt/airflow/dags/first_dag.py took 0.104 seconds
[2025-08-08T01:48:04.699+0000] {processor.py:161} INFO - Started process (PID=254) to work on /opt/airflow/dags/first_dag.py
[2025-08-08T01:48:04.700+0000] {processor.py:830} INFO - Processing file /opt/airflow/dags/first_dag.py for tasks to queue
[2025-08-08T01:48:04.701+0000] {logging_mixin.py:188} INFO - [2025-08-08T01:48:04.701+0000] {dagbag.py:545} INFO - Filling up the DagBag from /opt/airflow/dags/first_dag.py
[2025-08-08T01:48:04.714+0000] {processor.py:840} INFO - DAG(s) 'first_dag' retrieved from /opt/airflow/dags/first_dag.py
[2025-08-08T01:48:04.733+0000] {logging_mixin.py:188} INFO - [2025-08-08T01:48:04.733+0000] {dag.py:3096} INFO - Sync 1 DAGs
[2025-08-08T01:48:04.748+0000] {logging_mixin.py:188} INFO - [2025-08-08T01:48:04.748+0000] {dag.py:3954} INFO - Setting next_dagrun for first_dag to 2025-08-08 00:00:00+00:00, run_after=2025-08-09 00:00:00+00:00
[2025-08-08T01:48:04.766+0000] {processor.py:183} INFO - Processing /opt/airflow/dags/first_dag.py took 0.071 seconds
[2025-08-08T01:48:34.950+0000] {processor.py:161} INFO - Started process (PID=264) to work on /opt/airflow/dags/first_dag.py
[2025-08-08T01:48:34.950+0000] {processor.py:830} INFO - Processing file /opt/airflow/dags/first_dag.py for tasks to queue
[2025-08-08T01:48:34.952+0000] {logging_mixin.py:188} INFO - [2025-08-08T01:48:34.951+0000] {dagbag.py:545} INFO - Filling up the DagBag from /opt/airflow/dags/first_dag.py
[2025-08-08T01:48:34.967+0000] {processor.py:840} INFO - DAG(s) 'first_dag' retrieved from /opt/airflow/dags/first_dag.py
[2025-08-08T01:48:34.987+0000] {logging_mixin.py:188} INFO - [2025-08-08T01:48:34.987+0000] {dag.py:3096} INFO - Sync 1 DAGs
[2025-08-08T01:48:35.002+0000] {logging_mixin.py:188} INFO - [2025-08-08T01:48:35.002+0000] {dag.py:3954} INFO - Setting next_dagrun for first_dag to 2025-08-08 00:00:00+00:00, run_after=2025-08-09 00:00:00+00:00
[2025-08-08T01:48:35.015+0000] {processor.py:183} INFO - Processing /opt/airflow/dags/first_dag.py took 0.070 seconds
[2025-08-08T01:49:05.230+0000] {processor.py:161} INFO - Started process (PID=274) to work on /opt/airflow/dags/first_dag.py
[2025-08-08T01:49:05.231+0000] {processor.py:830} INFO - Processing file /opt/airflow/dags/first_dag.py for tasks to queue
[2025-08-08T01:49:05.232+0000] {logging_mixin.py:188} INFO - [2025-08-08T01:49:05.232+0000] {dagbag.py:545} INFO - Filling up the DagBag from /opt/airflow/dags/first_dag.py
[2025-08-08T01:49:05.246+0000] {processor.py:840} INFO - DAG(s) 'first_dag' retrieved from /opt/airflow/dags/first_dag.py
[2025-08-08T01:49:05.264+0000] {logging_mixin.py:188} INFO - [2025-08-08T01:49:05.264+0000] {dag.py:3096} INFO - Sync 1 DAGs
[2025-08-08T01:49:05.280+0000] {logging_mixin.py:188} INFO - [2025-08-08T01:49:05.279+0000] {dag.py:3954} INFO - Setting next_dagrun for first_dag to 2025-08-08 00:00:00+00:00, run_after=2025-08-09 00:00:00+00:00
[2025-08-08T01:49:05.296+0000] {processor.py:183} INFO - Processing /opt/airflow/dags/first_dag.py took 0.071 seconds
[2025-08-08T01:49:35.466+0000] {processor.py:161} INFO - Started process (PID=284) to work on /opt/airflow/dags/first_dag.py
[2025-08-08T01:49:35.467+0000] {processor.py:830} INFO - Processing file /opt/airflow/dags/first_dag.py for tasks to queue
[2025-08-08T01:49:35.468+0000] {logging_mixin.py:188} INFO - [2025-08-08T01:49:35.468+0000] {dagbag.py:545} INFO - Filling up the DagBag from /opt/airflow/dags/first_dag.py
[2025-08-08T01:49:35.482+0000] {processor.py:840} INFO - DAG(s) 'first_dag' retrieved from /opt/airflow/dags/first_dag.py
[2025-08-08T01:49:35.501+0000] {logging_mixin.py:188} INFO - [2025-08-08T01:49:35.501+0000] {dag.py:3096} INFO - Sync 1 DAGs
[2025-08-08T01:49:35.518+0000] {logging_mixin.py:188} INFO - [2025-08-08T01:49:35.518+0000] {dag.py:3954} INFO - Setting next_dagrun for first_dag to 2025-08-08 00:00:00+00:00, run_after=2025-08-09 00:00:00+00:00
[2025-08-08T01:49:35.535+0000] {processor.py:183} INFO - Processing /opt/airflow/dags/first_dag.py took 0.074 seconds
[2025-08-08T01:50:05.649+0000] {processor.py:161} INFO - Started process (PID=294) to work on /opt/airflow/dags/first_dag.py
[2025-08-08T01:50:05.649+0000] {processor.py:830} INFO - Processing file /opt/airflow/dags/first_dag.py for tasks to queue
[2025-08-08T01:50:05.651+0000] {logging_mixin.py:188} INFO - [2025-08-08T01:50:05.651+0000] {dagbag.py:545} INFO - Filling up the DagBag from /opt/airflow/dags/first_dag.py
[2025-08-08T01:50:05.664+0000] {processor.py:840} INFO - DAG(s) 'first_dag' retrieved from /opt/airflow/dags/first_dag.py
[2025-08-08T01:50:05.683+0000] {logging_mixin.py:188} INFO - [2025-08-08T01:50:05.683+0000] {dag.py:3096} INFO - Sync 1 DAGs
[2025-08-08T01:50:05.698+0000] {logging_mixin.py:188} INFO - [2025-08-08T01:50:05.698+0000] {dag.py:3954} INFO - Setting next_dagrun for first_dag to 2025-08-08 00:00:00+00:00, run_after=2025-08-09 00:00:00+00:00
[2025-08-08T01:50:05.716+0000] {processor.py:183} INFO - Processing /opt/airflow/dags/first_dag.py took 0.072 seconds
[2025-08-08T01:50:35.822+0000] {processor.py:161} INFO - Started process (PID=304) to work on /opt/airflow/dags/first_dag.py
[2025-08-08T01:50:35.823+0000] {processor.py:830} INFO - Processing file /opt/airflow/dags/first_dag.py for tasks to queue
[2025-08-08T01:50:35.825+0000] {logging_mixin.py:188} INFO - [2025-08-08T01:50:35.824+0000] {dagbag.py:545} INFO - Filling up the DagBag from /opt/airflow/dags/first_dag.py
[2025-08-08T01:50:35.840+0000] {processor.py:840} INFO - DAG(s) 'first_dag' retrieved from /opt/airflow/dags/first_dag.py
[2025-08-08T01:50:35.859+0000] {logging_mixin.py:188} INFO - [2025-08-08T01:50:35.859+0000] {dag.py:3096} INFO - Sync 1 DAGs
[2025-08-08T01:50:35.874+0000] {logging_mixin.py:188} INFO - [2025-08-08T01:50:35.874+0000] {dag.py:3954} INFO - Setting next_dagrun for first_dag to 2025-08-08 00:00:00+00:00, run_after=2025-08-09 00:00:00+00:00
[2025-08-08T01:50:35.891+0000] {processor.py:183} INFO - Processing /opt/airflow/dags/first_dag.py took 0.074 seconds
[2025-08-08T01:50:53.271+0000] {processor.py:161} INFO - Started process (PID=183) to work on /opt/airflow/dags/first_dag.py
[2025-08-08T01:50:53.272+0000] {processor.py:830} INFO - Processing file /opt/airflow/dags/first_dag.py for tasks to queue
[2025-08-08T01:50:53.273+0000] {logging_mixin.py:188} INFO - [2025-08-08T01:50:53.273+0000] {dagbag.py:545} INFO - Filling up the DagBag from /opt/airflow/dags/first_dag.py
[2025-08-08T01:50:53.288+0000] {processor.py:840} INFO - DAG(s) 'first_dag' retrieved from /opt/airflow/dags/first_dag.py
[2025-08-08T01:50:53.312+0000] {logging_mixin.py:188} INFO - [2025-08-08T01:50:53.312+0000] {dag.py:3096} INFO - Sync 1 DAGs
[2025-08-08T01:50:53.327+0000] {logging_mixin.py:188} INFO - [2025-08-08T01:50:53.326+0000] {dag.py:3954} INFO - Setting next_dagrun for first_dag to 2025-08-08 00:00:00+00:00, run_after=2025-08-09 00:00:00+00:00
[2025-08-08T01:50:53.338+0000] {processor.py:183} INFO - Processing /opt/airflow/dags/first_dag.py took 0.071 seconds
[2025-08-08T01:51:23.456+0000] {processor.py:161} INFO - Started process (PID=193) to work on /opt/airflow/dags/first_dag.py
[2025-08-08T01:51:23.457+0000] {processor.py:830} INFO - Processing file /opt/airflow/dags/first_dag.py for tasks to queue
[2025-08-08T01:51:23.459+0000] {logging_mixin.py:188} INFO - [2025-08-08T01:51:23.458+0000] {dagbag.py:545} INFO - Filling up the DagBag from /opt/airflow/dags/first_dag.py
[2025-08-08T01:51:23.476+0000] {processor.py:840} INFO - DAG(s) 'first_dag' retrieved from /opt/airflow/dags/first_dag.py
[2025-08-08T01:51:23.494+0000] {logging_mixin.py:188} INFO - [2025-08-08T01:51:23.494+0000] {dag.py:3096} INFO - Sync 1 DAGs
[2025-08-08T01:51:23.508+0000] {logging_mixin.py:188} INFO - [2025-08-08T01:51:23.508+0000] {dag.py:3954} INFO - Setting next_dagrun for first_dag to 2025-08-08 00:00:00+00:00, run_after=2025-08-09 00:00:00+00:00
[2025-08-08T01:51:23.519+0000] {processor.py:183} INFO - Processing /opt/airflow/dags/first_dag.py took 0.068 seconds
[2025-08-08T01:51:53.736+0000] {processor.py:161} INFO - Started process (PID=209) to work on /opt/airflow/dags/first_dag.py
[2025-08-08T01:51:53.737+0000] {processor.py:830} INFO - Processing file /opt/airflow/dags/first_dag.py for tasks to queue
[2025-08-08T01:51:53.739+0000] {logging_mixin.py:188} INFO - [2025-08-08T01:51:53.739+0000] {dagbag.py:545} INFO - Filling up the DagBag from /opt/airflow/dags/first_dag.py
[2025-08-08T01:51:53.757+0000] {processor.py:840} INFO - DAG(s) 'first_dag' retrieved from /opt/airflow/dags/first_dag.py
[2025-08-08T01:51:53.777+0000] {logging_mixin.py:188} INFO - [2025-08-08T01:51:53.777+0000] {dag.py:3096} INFO - Sync 1 DAGs
[2025-08-08T01:51:53.793+0000] {logging_mixin.py:188} INFO - [2025-08-08T01:51:53.793+0000] {dag.py:3954} INFO - Setting next_dagrun for first_dag to 2025-08-08 00:00:00+00:00, run_after=2025-08-09 00:00:00+00:00
[2025-08-08T01:51:53.808+0000] {processor.py:183} INFO - Processing /opt/airflow/dags/first_dag.py took 0.077 seconds
[2025-08-08T01:52:23.992+0000] {processor.py:161} INFO - Started process (PID=221) to work on /opt/airflow/dags/first_dag.py
[2025-08-08T01:52:23.993+0000] {processor.py:830} INFO - Processing file /opt/airflow/dags/first_dag.py for tasks to queue
[2025-08-08T01:52:23.994+0000] {logging_mixin.py:188} INFO - [2025-08-08T01:52:23.994+0000] {dagbag.py:545} INFO - Filling up the DagBag from /opt/airflow/dags/first_dag.py
[2025-08-08T01:52:24.008+0000] {processor.py:840} INFO - DAG(s) 'first_dag' retrieved from /opt/airflow/dags/first_dag.py
[2025-08-08T01:52:24.028+0000] {logging_mixin.py:188} INFO - [2025-08-08T01:52:24.028+0000] {dag.py:3096} INFO - Sync 1 DAGs
[2025-08-08T01:52:24.044+0000] {logging_mixin.py:188} INFO - [2025-08-08T01:52:24.044+0000] {dag.py:3954} INFO - Setting next_dagrun for first_dag to 2025-08-08 00:00:00+00:00, run_after=2025-08-09 00:00:00+00:00
[2025-08-08T01:52:24.058+0000] {processor.py:183} INFO - Processing /opt/airflow/dags/first_dag.py took 0.070 seconds
[2025-08-08T01:52:54.236+0000] {processor.py:161} INFO - Started process (PID=231) to work on /opt/airflow/dags/first_dag.py
[2025-08-08T01:52:54.237+0000] {processor.py:830} INFO - Processing file /opt/airflow/dags/first_dag.py for tasks to queue
[2025-08-08T01:52:54.238+0000] {logging_mixin.py:188} INFO - [2025-08-08T01:52:54.238+0000] {dagbag.py:545} INFO - Filling up the DagBag from /opt/airflow/dags/first_dag.py
[2025-08-08T01:52:54.253+0000] {processor.py:840} INFO - DAG(s) 'first_dag' retrieved from /opt/airflow/dags/first_dag.py
[2025-08-08T01:52:54.272+0000] {logging_mixin.py:188} INFO - [2025-08-08T01:52:54.272+0000] {dag.py:3096} INFO - Sync 1 DAGs
[2025-08-08T01:52:54.287+0000] {logging_mixin.py:188} INFO - [2025-08-08T01:52:54.287+0000] {dag.py:3954} INFO - Setting next_dagrun for first_dag to 2025-08-08 00:00:00+00:00, run_after=2025-08-09 00:00:00+00:00
[2025-08-08T01:52:54.305+0000] {processor.py:183} INFO - Processing /opt/airflow/dags/first_dag.py took 0.074 seconds
[2025-08-08T01:53:24.467+0000] {processor.py:161} INFO - Started process (PID=241) to work on /opt/airflow/dags/first_dag.py
[2025-08-08T01:53:24.467+0000] {processor.py:830} INFO - Processing file /opt/airflow/dags/first_dag.py for tasks to queue
[2025-08-08T01:53:24.469+0000] {logging_mixin.py:188} INFO - [2025-08-08T01:53:24.469+0000] {dagbag.py:545} INFO - Filling up the DagBag from /opt/airflow/dags/first_dag.py
[2025-08-08T01:53:24.485+0000] {processor.py:840} INFO - DAG(s) 'first_dag' retrieved from /opt/airflow/dags/first_dag.py
[2025-08-08T01:53:24.504+0000] {logging_mixin.py:188} INFO - [2025-08-08T01:53:24.504+0000] {dag.py:3096} INFO - Sync 1 DAGs
[2025-08-08T01:53:24.518+0000] {logging_mixin.py:188} INFO - [2025-08-08T01:53:24.517+0000] {dag.py:3954} INFO - Setting next_dagrun for first_dag to 2025-08-08 00:00:00+00:00, run_after=2025-08-09 00:00:00+00:00
[2025-08-08T01:53:24.535+0000] {processor.py:183} INFO - Processing /opt/airflow/dags/first_dag.py took 0.073 seconds
[2025-08-08T01:53:54.709+0000] {processor.py:161} INFO - Started process (PID=251) to work on /opt/airflow/dags/first_dag.py
[2025-08-08T01:53:54.710+0000] {processor.py:830} INFO - Processing file /opt/airflow/dags/first_dag.py for tasks to queue
[2025-08-08T01:53:54.712+0000] {logging_mixin.py:188} INFO - [2025-08-08T01:53:54.711+0000] {dagbag.py:545} INFO - Filling up the DagBag from /opt/airflow/dags/first_dag.py
[2025-08-08T01:53:54.728+0000] {processor.py:840} INFO - DAG(s) 'first_dag' retrieved from /opt/airflow/dags/first_dag.py
[2025-08-08T01:53:54.747+0000] {logging_mixin.py:188} INFO - [2025-08-08T01:53:54.747+0000] {dag.py:3096} INFO - Sync 1 DAGs
[2025-08-08T01:53:54.762+0000] {logging_mixin.py:188} INFO - [2025-08-08T01:53:54.762+0000] {dag.py:3954} INFO - Setting next_dagrun for first_dag to 2025-08-08 00:00:00+00:00, run_after=2025-08-09 00:00:00+00:00
[2025-08-08T01:53:54.780+0000] {processor.py:183} INFO - Processing /opt/airflow/dags/first_dag.py took 0.076 seconds
[2025-08-08T01:54:24.961+0000] {processor.py:161} INFO - Started process (PID=261) to work on /opt/airflow/dags/first_dag.py
[2025-08-08T01:54:24.962+0000] {processor.py:830} INFO - Processing file /opt/airflow/dags/first_dag.py for tasks to queue
[2025-08-08T01:54:24.963+0000] {logging_mixin.py:188} INFO - [2025-08-08T01:54:24.963+0000] {dagbag.py:545} INFO - Filling up the DagBag from /opt/airflow/dags/first_dag.py
[2025-08-08T01:54:24.977+0000] {processor.py:840} INFO - DAG(s) 'first_dag' retrieved from /opt/airflow/dags/first_dag.py
[2025-08-08T01:54:24.996+0000] {logging_mixin.py:188} INFO - [2025-08-08T01:54:24.996+0000] {dag.py:3096} INFO - Sync 1 DAGs
[2025-08-08T01:54:25.012+0000] {logging_mixin.py:188} INFO - [2025-08-08T01:54:25.011+0000] {dag.py:3954} INFO - Setting next_dagrun for first_dag to 2025-08-08 00:00:00+00:00, run_after=2025-08-09 00:00:00+00:00
[2025-08-08T01:54:25.023+0000] {processor.py:183} INFO - Processing /opt/airflow/dags/first_dag.py took 0.067 seconds
[2025-08-08T01:54:55.188+0000] {processor.py:161} INFO - Started process (PID=273) to work on /opt/airflow/dags/first_dag.py
[2025-08-08T01:54:55.189+0000] {processor.py:830} INFO - Processing file /opt/airflow/dags/first_dag.py for tasks to queue
[2025-08-08T01:54:55.190+0000] {logging_mixin.py:188} INFO - [2025-08-08T01:54:55.190+0000] {dagbag.py:545} INFO - Filling up the DagBag from /opt/airflow/dags/first_dag.py
[2025-08-08T01:54:55.204+0000] {processor.py:840} INFO - DAG(s) 'first_dag' retrieved from /opt/airflow/dags/first_dag.py
[2025-08-08T01:54:55.223+0000] {logging_mixin.py:188} INFO - [2025-08-08T01:54:55.223+0000] {dag.py:3096} INFO - Sync 1 DAGs
[2025-08-08T01:54:55.238+0000] {logging_mixin.py:188} INFO - [2025-08-08T01:54:55.238+0000] {dag.py:3954} INFO - Setting next_dagrun for first_dag to 2025-08-08 00:00:00+00:00, run_after=2025-08-09 00:00:00+00:00
[2025-08-08T01:54:55.259+0000] {processor.py:183} INFO - Processing /opt/airflow/dags/first_dag.py took 0.075 seconds
[2025-08-08T01:55:25.420+0000] {processor.py:161} INFO - Started process (PID=283) to work on /opt/airflow/dags/first_dag.py
[2025-08-08T01:55:25.421+0000] {processor.py:830} INFO - Processing file /opt/airflow/dags/first_dag.py for tasks to queue
[2025-08-08T01:55:25.422+0000] {logging_mixin.py:188} INFO - [2025-08-08T01:55:25.422+0000] {dagbag.py:545} INFO - Filling up the DagBag from /opt/airflow/dags/first_dag.py
[2025-08-08T01:55:25.437+0000] {processor.py:840} INFO - DAG(s) 'first_dag' retrieved from /opt/airflow/dags/first_dag.py
[2025-08-08T01:55:25.457+0000] {logging_mixin.py:188} INFO - [2025-08-08T01:55:25.457+0000] {dag.py:3096} INFO - Sync 1 DAGs
[2025-08-08T01:55:25.473+0000] {logging_mixin.py:188} INFO - [2025-08-08T01:55:25.472+0000] {dag.py:3954} INFO - Setting next_dagrun for first_dag to 2025-08-08 00:00:00+00:00, run_after=2025-08-09 00:00:00+00:00
[2025-08-08T01:55:25.490+0000] {processor.py:183} INFO - Processing /opt/airflow/dags/first_dag.py took 0.074 seconds
[2025-08-08T01:55:55.703+0000] {processor.py:161} INFO - Started process (PID=293) to work on /opt/airflow/dags/first_dag.py
[2025-08-08T01:55:55.703+0000] {processor.py:830} INFO - Processing file /opt/airflow/dags/first_dag.py for tasks to queue
[2025-08-08T01:55:55.705+0000] {logging_mixin.py:188} INFO - [2025-08-08T01:55:55.705+0000] {dagbag.py:545} INFO - Filling up the DagBag from /opt/airflow/dags/first_dag.py
[2025-08-08T01:55:55.722+0000] {processor.py:840} INFO - DAG(s) 'first_dag' retrieved from /opt/airflow/dags/first_dag.py
[2025-08-08T01:55:55.740+0000] {logging_mixin.py:188} INFO - [2025-08-08T01:55:55.740+0000] {dag.py:3096} INFO - Sync 1 DAGs
[2025-08-08T01:55:55.756+0000] {logging_mixin.py:188} INFO - [2025-08-08T01:55:55.756+0000] {dag.py:3954} INFO - Setting next_dagrun for first_dag to 2025-08-08 00:00:00+00:00, run_after=2025-08-09 00:00:00+00:00
[2025-08-08T01:55:55.768+0000] {processor.py:183} INFO - Processing /opt/airflow/dags/first_dag.py took 0.071 seconds
[2025-08-08T01:56:25.942+0000] {processor.py:161} INFO - Started process (PID=303) to work on /opt/airflow/dags/first_dag.py
[2025-08-08T01:56:25.943+0000] {processor.py:830} INFO - Processing file /opt/airflow/dags/first_dag.py for tasks to queue
[2025-08-08T01:56:25.945+0000] {logging_mixin.py:188} INFO - [2025-08-08T01:56:25.944+0000] {dagbag.py:545} INFO - Filling up the DagBag from /opt/airflow/dags/first_dag.py
[2025-08-08T01:56:25.960+0000] {processor.py:840} INFO - DAG(s) 'first_dag' retrieved from /opt/airflow/dags/first_dag.py
[2025-08-08T01:56:25.979+0000] {logging_mixin.py:188} INFO - [2025-08-08T01:56:25.979+0000] {dag.py:3096} INFO - Sync 1 DAGs
[2025-08-08T01:56:25.994+0000] {logging_mixin.py:188} INFO - [2025-08-08T01:56:25.994+0000] {dag.py:3954} INFO - Setting next_dagrun for first_dag to 2025-08-08 00:00:00+00:00, run_after=2025-08-09 00:00:00+00:00
[2025-08-08T01:56:26.011+0000] {processor.py:183} INFO - Processing /opt/airflow/dags/first_dag.py took 0.074 seconds
[2025-08-08T01:56:56.179+0000] {processor.py:161} INFO - Started process (PID=313) to work on /opt/airflow/dags/first_dag.py
[2025-08-08T01:56:56.180+0000] {processor.py:830} INFO - Processing file /opt/airflow/dags/first_dag.py for tasks to queue
[2025-08-08T01:56:56.182+0000] {logging_mixin.py:188} INFO - [2025-08-08T01:56:56.182+0000] {dagbag.py:545} INFO - Filling up the DagBag from /opt/airflow/dags/first_dag.py
[2025-08-08T01:56:56.196+0000] {processor.py:840} INFO - DAG(s) 'first_dag' retrieved from /opt/airflow/dags/first_dag.py
[2025-08-08T01:56:56.216+0000] {logging_mixin.py:188} INFO - [2025-08-08T01:56:56.216+0000] {dag.py:3096} INFO - Sync 1 DAGs
[2025-08-08T01:56:56.232+0000] {logging_mixin.py:188} INFO - [2025-08-08T01:56:56.231+0000] {dag.py:3954} INFO - Setting next_dagrun for first_dag to 2025-08-08 00:00:00+00:00, run_after=2025-08-09 00:00:00+00:00
[2025-08-08T01:56:56.249+0000] {processor.py:183} INFO - Processing /opt/airflow/dags/first_dag.py took 0.074 seconds
[2025-08-08T01:57:26.411+0000] {processor.py:161} INFO - Started process (PID=323) to work on /opt/airflow/dags/first_dag.py
[2025-08-08T01:57:26.411+0000] {processor.py:830} INFO - Processing file /opt/airflow/dags/first_dag.py for tasks to queue
[2025-08-08T01:57:26.413+0000] {logging_mixin.py:188} INFO - [2025-08-08T01:57:26.413+0000] {dagbag.py:545} INFO - Filling up the DagBag from /opt/airflow/dags/first_dag.py
[2025-08-08T01:57:26.426+0000] {processor.py:840} INFO - DAG(s) 'first_dag' retrieved from /opt/airflow/dags/first_dag.py
[2025-08-08T01:57:26.445+0000] {logging_mixin.py:188} INFO - [2025-08-08T01:57:26.445+0000] {dag.py:3096} INFO - Sync 1 DAGs
[2025-08-08T01:57:26.461+0000] {logging_mixin.py:188} INFO - [2025-08-08T01:57:26.461+0000] {dag.py:3954} INFO - Setting next_dagrun for first_dag to 2025-08-08 00:00:00+00:00, run_after=2025-08-09 00:00:00+00:00
[2025-08-08T01:57:26.479+0000] {processor.py:183} INFO - Processing /opt/airflow/dags/first_dag.py took 0.073 seconds
[2025-08-08T01:57:56.668+0000] {processor.py:161} INFO - Started process (PID=333) to work on /opt/airflow/dags/first_dag.py
[2025-08-08T01:57:56.669+0000] {processor.py:830} INFO - Processing file /opt/airflow/dags/first_dag.py for tasks to queue
[2025-08-08T01:57:56.670+0000] {logging_mixin.py:188} INFO - [2025-08-08T01:57:56.670+0000] {dagbag.py:545} INFO - Filling up the DagBag from /opt/airflow/dags/first_dag.py
[2025-08-08T01:57:56.683+0000] {processor.py:840} INFO - DAG(s) 'first_dag' retrieved from /opt/airflow/dags/first_dag.py
[2025-08-08T01:57:56.702+0000] {logging_mixin.py:188} INFO - [2025-08-08T01:57:56.702+0000] {dag.py:3096} INFO - Sync 1 DAGs
[2025-08-08T01:57:56.718+0000] {logging_mixin.py:188} INFO - [2025-08-08T01:57:56.718+0000] {dag.py:3954} INFO - Setting next_dagrun for first_dag to 2025-08-08 00:00:00+00:00, run_after=2025-08-09 00:00:00+00:00
[2025-08-08T01:57:56.735+0000] {processor.py:183} INFO - Processing /opt/airflow/dags/first_dag.py took 0.072 seconds
[2025-08-08T01:58:26.916+0000] {processor.py:161} INFO - Started process (PID=343) to work on /opt/airflow/dags/first_dag.py
[2025-08-08T01:58:26.916+0000] {processor.py:830} INFO - Processing file /opt/airflow/dags/first_dag.py for tasks to queue
[2025-08-08T01:58:26.918+0000] {logging_mixin.py:188} INFO - [2025-08-08T01:58:26.918+0000] {dagbag.py:545} INFO - Filling up the DagBag from /opt/airflow/dags/first_dag.py
[2025-08-08T01:58:26.931+0000] {processor.py:840} INFO - DAG(s) 'first_dag' retrieved from /opt/airflow/dags/first_dag.py
[2025-08-08T01:58:26.950+0000] {logging_mixin.py:188} INFO - [2025-08-08T01:58:26.949+0000] {dag.py:3096} INFO - Sync 1 DAGs
[2025-08-08T01:58:26.966+0000] {logging_mixin.py:188} INFO - [2025-08-08T01:58:26.966+0000] {dag.py:3954} INFO - Setting next_dagrun for first_dag to 2025-08-08 00:00:00+00:00, run_after=2025-08-09 00:00:00+00:00
[2025-08-08T01:58:26.984+0000] {processor.py:183} INFO - Processing /opt/airflow/dags/first_dag.py took 0.072 seconds
[2025-08-08T01:58:57.160+0000] {processor.py:161} INFO - Started process (PID=353) to work on /opt/airflow/dags/first_dag.py
[2025-08-08T01:58:57.160+0000] {processor.py:830} INFO - Processing file /opt/airflow/dags/first_dag.py for tasks to queue
[2025-08-08T01:58:57.161+0000] {logging_mixin.py:188} INFO - [2025-08-08T01:58:57.161+0000] {dagbag.py:545} INFO - Filling up the DagBag from /opt/airflow/dags/first_dag.py
[2025-08-08T01:58:57.176+0000] {processor.py:840} INFO - DAG(s) 'first_dag' retrieved from /opt/airflow/dags/first_dag.py
[2025-08-08T01:58:57.196+0000] {logging_mixin.py:188} INFO - [2025-08-08T01:58:57.195+0000] {dag.py:3096} INFO - Sync 1 DAGs
[2025-08-08T01:58:57.211+0000] {logging_mixin.py:188} INFO - [2025-08-08T01:58:57.211+0000] {dag.py:3954} INFO - Setting next_dagrun for first_dag to 2025-08-08 00:00:00+00:00, run_after=2025-08-09 00:00:00+00:00
[2025-08-08T01:58:57.228+0000] {processor.py:183} INFO - Processing /opt/airflow/dags/first_dag.py took 0.074 seconds
[2025-08-08T01:59:27.398+0000] {processor.py:161} INFO - Started process (PID=363) to work on /opt/airflow/dags/first_dag.py
[2025-08-08T01:59:27.399+0000] {processor.py:830} INFO - Processing file /opt/airflow/dags/first_dag.py for tasks to queue
[2025-08-08T01:59:27.400+0000] {logging_mixin.py:188} INFO - [2025-08-08T01:59:27.400+0000] {dagbag.py:545} INFO - Filling up the DagBag from /opt/airflow/dags/first_dag.py
[2025-08-08T01:59:27.418+0000] {processor.py:840} INFO - DAG(s) 'first_dag' retrieved from /opt/airflow/dags/first_dag.py
[2025-08-08T01:59:27.439+0000] {logging_mixin.py:188} INFO - [2025-08-08T01:59:27.439+0000] {dag.py:3096} INFO - Sync 1 DAGs
[2025-08-08T01:59:27.455+0000] {logging_mixin.py:188} INFO - [2025-08-08T01:59:27.455+0000] {dag.py:3954} INFO - Setting next_dagrun for first_dag to 2025-08-08 00:00:00+00:00, run_after=2025-08-09 00:00:00+00:00
[2025-08-08T01:59:27.474+0000] {processor.py:183} INFO - Processing /opt/airflow/dags/first_dag.py took 0.080 seconds
[2025-08-08T01:59:30.427+0000] {processor.py:161} INFO - Started process (PID=368) to work on /opt/airflow/dags/first_dag.py
[2025-08-08T01:59:30.427+0000] {processor.py:830} INFO - Processing file /opt/airflow/dags/first_dag.py for tasks to queue
[2025-08-08T01:59:30.429+0000] {logging_mixin.py:188} INFO - [2025-08-08T01:59:30.429+0000] {dagbag.py:545} INFO - Filling up the DagBag from /opt/airflow/dags/first_dag.py
[2025-08-08T01:59:30.457+0000] {processor.py:840} INFO - DAG(s) 'first_dag' retrieved from /opt/airflow/dags/first_dag.py
[2025-08-08T01:59:30.527+0000] {logging_mixin.py:188} INFO - [2025-08-08T01:59:30.527+0000] {dag.py:3096} INFO - Sync 1 DAGs
[2025-08-08T01:59:30.541+0000] {logging_mixin.py:188} INFO - [2025-08-08T01:59:30.540+0000] {dag.py:3954} INFO - Setting next_dagrun for first_dag to 2025-08-08 00:00:00+00:00, run_after=2025-08-09 00:00:00+00:00
[2025-08-08T01:59:30.556+0000] {processor.py:183} INFO - Processing /opt/airflow/dags/first_dag.py took 0.134 seconds
[2025-08-08T01:59:55.577+0000] {processor.py:161} INFO - Started process (PID=180) to work on /opt/airflow/dags/first_dag.py
[2025-08-08T01:59:55.578+0000] {processor.py:830} INFO - Processing file /opt/airflow/dags/first_dag.py for tasks to queue
[2025-08-08T01:59:55.580+0000] {logging_mixin.py:188} INFO - [2025-08-08T01:59:55.579+0000] {dagbag.py:545} INFO - Filling up the DagBag from /opt/airflow/dags/first_dag.py
[2025-08-08T01:59:55.596+0000] {processor.py:840} INFO - DAG(s) 'first_dag' retrieved from /opt/airflow/dags/first_dag.py
[2025-08-08T01:59:55.618+0000] {logging_mixin.py:188} INFO - [2025-08-08T01:59:55.617+0000] {dag.py:3096} INFO - Sync 1 DAGs
[2025-08-08T01:59:55.636+0000] {logging_mixin.py:188} INFO - [2025-08-08T01:59:55.636+0000] {dag.py:3954} INFO - Setting next_dagrun for first_dag to 2025-08-08 00:00:00+00:00, run_after=2025-08-09 00:00:00+00:00
[2025-08-08T01:59:55.656+0000] {processor.py:183} INFO - Processing /opt/airflow/dags/first_dag.py took 0.084 seconds
[2025-08-08T02:00:25.762+0000] {processor.py:161} INFO - Started process (PID=196) to work on /opt/airflow/dags/first_dag.py
[2025-08-08T02:00:25.763+0000] {processor.py:830} INFO - Processing file /opt/airflow/dags/first_dag.py for tasks to queue
[2025-08-08T02:00:25.764+0000] {logging_mixin.py:188} INFO - [2025-08-08T02:00:25.764+0000] {dagbag.py:545} INFO - Filling up the DagBag from /opt/airflow/dags/first_dag.py
[2025-08-08T02:00:25.779+0000] {processor.py:840} INFO - DAG(s) 'first_dag' retrieved from /opt/airflow/dags/first_dag.py
[2025-08-08T02:00:25.811+0000] {logging_mixin.py:188} INFO - [2025-08-08T02:00:25.810+0000] {dag.py:3096} INFO - Sync 1 DAGs
[2025-08-08T02:00:25.830+0000] {logging_mixin.py:188} INFO - [2025-08-08T02:00:25.830+0000] {dag.py:3954} INFO - Setting next_dagrun for first_dag to 2025-08-08 00:00:00+00:00, run_after=2025-08-09 00:00:00+00:00
[2025-08-08T02:00:25.846+0000] {processor.py:183} INFO - Processing /opt/airflow/dags/first_dag.py took 0.088 seconds
[2025-08-08T02:00:36.850+0000] {processor.py:161} INFO - Started process (PID=206) to work on /opt/airflow/dags/first_dag.py
[2025-08-08T02:00:36.851+0000] {processor.py:830} INFO - Processing file /opt/airflow/dags/first_dag.py for tasks to queue
[2025-08-08T02:00:36.853+0000] {logging_mixin.py:188} INFO - [2025-08-08T02:00:36.852+0000] {dagbag.py:545} INFO - Filling up the DagBag from /opt/airflow/dags/first_dag.py
[2025-08-08T02:00:36.877+0000] {processor.py:840} INFO - DAG(s) 'first_dag' retrieved from /opt/airflow/dags/first_dag.py
[2025-08-08T02:00:36.954+0000] {logging_mixin.py:188} INFO - [2025-08-08T02:00:36.953+0000] {dag.py:3096} INFO - Sync 1 DAGs
[2025-08-08T02:00:36.968+0000] {logging_mixin.py:188} INFO - [2025-08-08T02:00:36.968+0000] {dag.py:3954} INFO - Setting next_dagrun for first_dag to 2025-08-08 00:00:00+00:00, run_after=2025-08-09 00:00:00+00:00
[2025-08-08T02:00:36.991+0000] {processor.py:183} INFO - Processing /opt/airflow/dags/first_dag.py took 0.146 seconds
[2025-08-08T02:01:07.149+0000] {processor.py:161} INFO - Started process (PID=216) to work on /opt/airflow/dags/first_dag.py
[2025-08-08T02:01:07.150+0000] {processor.py:830} INFO - Processing file /opt/airflow/dags/first_dag.py for tasks to queue
[2025-08-08T02:01:07.152+0000] {logging_mixin.py:188} INFO - [2025-08-08T02:01:07.151+0000] {dagbag.py:545} INFO - Filling up the DagBag from /opt/airflow/dags/first_dag.py
[2025-08-08T02:01:07.169+0000] {processor.py:840} INFO - DAG(s) 'first_dag' retrieved from /opt/airflow/dags/first_dag.py
[2025-08-08T02:01:07.255+0000] {logging_mixin.py:188} INFO - [2025-08-08T02:01:07.255+0000] {dag.py:3096} INFO - Sync 1 DAGs
[2025-08-08T02:01:07.264+0000] {logging_mixin.py:188} INFO - [2025-08-08T02:01:07.263+0000] {dag.py:3118} INFO - Creating ORM DAG for first_dag
[2025-08-08T02:01:07.274+0000] {logging_mixin.py:188} INFO - [2025-08-08T02:01:07.274+0000] {dag.py:3954} INFO - Setting next_dagrun for first_dag to 2025-08-06 00:00:00+00:00, run_after=2025-08-07 00:00:00+00:00
[2025-08-08T02:01:07.288+0000] {processor.py:183} INFO - Processing /opt/airflow/dags/first_dag.py took 0.144 seconds
[2025-08-08T02:01:37.433+0000] {processor.py:161} INFO - Started process (PID=235) to work on /opt/airflow/dags/first_dag.py
[2025-08-08T02:01:37.434+0000] {processor.py:830} INFO - Processing file /opt/airflow/dags/first_dag.py for tasks to queue
[2025-08-08T02:01:37.435+0000] {logging_mixin.py:188} INFO - [2025-08-08T02:01:37.435+0000] {dagbag.py:545} INFO - Filling up the DagBag from /opt/airflow/dags/first_dag.py
[2025-08-08T02:01:37.449+0000] {processor.py:840} INFO - DAG(s) 'first_dag' retrieved from /opt/airflow/dags/first_dag.py
[2025-08-08T02:01:37.466+0000] {logging_mixin.py:188} INFO - [2025-08-08T02:01:37.466+0000] {dag.py:3096} INFO - Sync 1 DAGs
[2025-08-08T02:01:37.481+0000] {logging_mixin.py:188} INFO - [2025-08-08T02:01:37.481+0000] {dag.py:3954} INFO - Setting next_dagrun for first_dag to 2025-08-08 00:00:00+00:00, run_after=2025-08-09 00:00:00+00:00
[2025-08-08T02:01:37.493+0000] {processor.py:183} INFO - Processing /opt/airflow/dags/first_dag.py took 0.064 seconds
[2025-08-08T02:02:07.642+0000] {processor.py:161} INFO - Started process (PID=245) to work on /opt/airflow/dags/first_dag.py
[2025-08-08T02:02:07.643+0000] {processor.py:830} INFO - Processing file /opt/airflow/dags/first_dag.py for tasks to queue
[2025-08-08T02:02:07.644+0000] {logging_mixin.py:188} INFO - [2025-08-08T02:02:07.644+0000] {dagbag.py:545} INFO - Filling up the DagBag from /opt/airflow/dags/first_dag.py
[2025-08-08T02:02:07.657+0000] {processor.py:840} INFO - DAG(s) 'first_dag' retrieved from /opt/airflow/dags/first_dag.py
[2025-08-08T02:02:07.674+0000] {logging_mixin.py:188} INFO - [2025-08-08T02:02:07.673+0000] {dag.py:3096} INFO - Sync 1 DAGs
[2025-08-08T02:02:07.689+0000] {logging_mixin.py:188} INFO - [2025-08-08T02:02:07.689+0000] {dag.py:3954} INFO - Setting next_dagrun for first_dag to 2025-08-08 00:00:00+00:00, run_after=2025-08-09 00:00:00+00:00
[2025-08-08T02:02:07.707+0000] {processor.py:183} INFO - Processing /opt/airflow/dags/first_dag.py took 0.069 seconds
[2025-08-08T02:02:37.884+0000] {processor.py:161} INFO - Started process (PID=255) to work on /opt/airflow/dags/first_dag.py
[2025-08-08T02:02:37.885+0000] {processor.py:830} INFO - Processing file /opt/airflow/dags/first_dag.py for tasks to queue
[2025-08-08T02:02:37.887+0000] {logging_mixin.py:188} INFO - [2025-08-08T02:02:37.887+0000] {dagbag.py:545} INFO - Filling up the DagBag from /opt/airflow/dags/first_dag.py
[2025-08-08T02:02:37.903+0000] {processor.py:840} INFO - DAG(s) 'first_dag' retrieved from /opt/airflow/dags/first_dag.py
[2025-08-08T02:02:37.922+0000] {logging_mixin.py:188} INFO - [2025-08-08T02:02:37.922+0000] {dag.py:3096} INFO - Sync 1 DAGs
[2025-08-08T02:02:37.937+0000] {logging_mixin.py:188} INFO - [2025-08-08T02:02:37.937+0000] {dag.py:3954} INFO - Setting next_dagrun for first_dag to 2025-08-08 00:00:00+00:00, run_after=2025-08-09 00:00:00+00:00
[2025-08-08T02:02:37.950+0000] {processor.py:183} INFO - Processing /opt/airflow/dags/first_dag.py took 0.072 seconds
