[2025-08-08T02:26:35.398+0000] {local_task_job_runner.py:120} INFO - ::group::Pre task execution logs
[2025-08-08T02:26:35.423+0000] {taskinstance.py:2076} INFO - Dependencies all met for dep_context=non-requeueable deps ti=<TaskInstance: climate_data.create_folder scheduled__2023-07-31T00:00:00+00:00 [queued]>
[2025-08-08T02:26:35.431+0000] {taskinstance.py:2076} INFO - Dependencies all met for dep_context=requeueable deps ti=<TaskInstance: climate_data.create_folder scheduled__2023-07-31T00:00:00+00:00 [queued]>
[2025-08-08T02:26:35.433+0000] {taskinstance.py:2306} INFO - Starting attempt 1 of 1
[2025-08-08T02:26:35.448+0000] {taskinstance.py:2330} INFO - Executing <Task(BashOperator): create_folder> on 2023-07-31 00:00:00+00:00
[2025-08-08T02:26:35.455+0000] {standard_task_runner.py:63} INFO - Started process 416 to run task
[2025-08-08T02:26:35.459+0000] {standard_task_runner.py:90} INFO - Running: ['***', 'tasks', 'run', 'climate_data', 'create_folder', 'scheduled__2023-07-31T00:00:00+00:00', '--job-id', '78', '--raw', '--subdir', 'DAGS_FOLDER/climate_data.py', '--cfg-path', '/tmp/tmp074qq1an']
[2025-08-08T02:26:35.462+0000] {standard_task_runner.py:91} INFO - Job 78: Subtask create_folder
[2025-08-08T02:26:35.477+0000] {logging_mixin.py:188} WARNING - /home/***/.local/lib/python3.9/site-packages/***/settings.py:195 DeprecationWarning: The sql_alchemy_conn option in [core] has been moved to the sql_alchemy_conn option in [database] - the old setting has been used, but please update your config.
[2025-08-08T02:26:35.518+0000] {task_command.py:426} INFO - Running <TaskInstance: climate_data.create_folder scheduled__2023-07-31T00:00:00+00:00 [running]> on host 3ceab82043f1
[2025-08-08T02:26:35.596+0000] {taskinstance.py:2648} INFO - Exporting env vars: AIRFLOW_CTX_DAG_OWNER='***' AIRFLOW_CTX_DAG_ID='climate_data' AIRFLOW_CTX_TASK_ID='create_folder' AIRFLOW_CTX_EXECUTION_DATE='2023-07-31T00:00:00+00:00' AIRFLOW_CTX_TRY_NUMBER='1' AIRFLOW_CTX_DAG_RUN_ID='scheduled__2023-07-31T00:00:00+00:00'
[2025-08-08T02:26:35.597+0000] {taskinstance.py:430} INFO - ::endgroup::
[2025-08-08T02:26:35.605+0000] {subprocess.py:63} INFO - Tmp dir root location: /tmp
[2025-08-08T02:26:35.606+0000] {subprocess.py:75} INFO - Running command: ['/usr/bin/bash', '-c', 'mkdir -p /home/***/host_documents/week2023-08-07"']
[2025-08-08T02:26:35.617+0000] {subprocess.py:86} INFO - Output:
[2025-08-08T02:26:35.618+0000] {subprocess.py:93} INFO - /usr/bin/bash: -c: line 1: unexpected EOF while looking for matching `"'
[2025-08-08T02:26:35.619+0000] {subprocess.py:97} INFO - Command exited with return code 2
[2025-08-08T02:26:35.619+0000] {taskinstance.py:441} INFO - ::group::Post task execution logs
[2025-08-08T02:26:35.629+0000] {taskinstance.py:2905} ERROR - Task failed with exception
Traceback (most recent call last):
  File "/home/airflow/.local/lib/python3.9/site-packages/airflow/models/taskinstance.py", line 465, in _execute_task
    result = _execute_callable(context=context, **execute_callable_kwargs)
  File "/home/airflow/.local/lib/python3.9/site-packages/airflow/models/taskinstance.py", line 432, in _execute_callable
    return execute_callable(context=context, **execute_callable_kwargs)
  File "/home/airflow/.local/lib/python3.9/site-packages/airflow/models/baseoperator.py", line 400, in wrapper
    return func(self, *args, **kwargs)
  File "/home/airflow/.local/lib/python3.9/site-packages/airflow/operators/bash.py", line 243, in execute
    raise AirflowException(
airflow.exceptions.AirflowException: Bash command failed. The command returned a non-zero exit code 2.
[2025-08-08T02:26:35.632+0000] {taskinstance.py:1206} INFO - Marking task as FAILED. dag_id=climate_data, task_id=create_folder, run_id=scheduled__2023-07-31T00:00:00+00:00, execution_date=20230731T000000, start_date=20250808T022635, end_date=20250808T022635
[2025-08-08T02:26:35.647+0000] {standard_task_runner.py:110} ERROR - Failed to execute job 78 for task create_folder (Bash command failed. The command returned a non-zero exit code 2.; 416)
[2025-08-08T02:26:35.671+0000] {local_task_job_runner.py:240} INFO - Task exited with return code 1
[2025-08-08T02:26:35.690+0000] {taskinstance.py:3498} INFO - 0 downstream tasks scheduled from follow-on schedule check
[2025-08-08T02:26:35.695+0000] {local_task_job_runner.py:222} INFO - ::endgroup::
[2025-08-08T02:34:52.394+0000] {local_task_job_runner.py:120} INFO - ::group::Pre task execution logs
[2025-08-08T02:34:52.419+0000] {taskinstance.py:2076} INFO - Dependencies all met for dep_context=non-requeueable deps ti=<TaskInstance: climate_data.create_folder scheduled__2023-07-31T00:00:00+00:00 [queued]>
[2025-08-08T02:34:52.428+0000] {taskinstance.py:2076} INFO - Dependencies all met for dep_context=requeueable deps ti=<TaskInstance: climate_data.create_folder scheduled__2023-07-31T00:00:00+00:00 [queued]>
[2025-08-08T02:34:52.429+0000] {taskinstance.py:2306} INFO - Starting attempt 1 of 1
[2025-08-08T02:34:52.442+0000] {taskinstance.py:2330} INFO - Executing <Task(BashOperator): create_folder> on 2023-07-31 00:00:00+00:00
[2025-08-08T02:34:52.445+0000] {standard_task_runner.py:63} INFO - Started process 447 to run task
[2025-08-08T02:34:52.448+0000] {standard_task_runner.py:90} INFO - Running: ['***', 'tasks', 'run', 'climate_data', 'create_folder', 'scheduled__2023-07-31T00:00:00+00:00', '--job-id', '233', '--raw', '--subdir', 'DAGS_FOLDER/climate_data.py', '--cfg-path', '/tmp/tmpfivpoje8']
[2025-08-08T02:34:52.450+0000] {standard_task_runner.py:91} INFO - Job 233: Subtask create_folder
[2025-08-08T02:34:52.464+0000] {logging_mixin.py:188} WARNING - /home/***/.local/lib/python3.9/site-packages/***/settings.py:195 DeprecationWarning: The sql_alchemy_conn option in [core] has been moved to the sql_alchemy_conn option in [database] - the old setting has been used, but please update your config.
[2025-08-08T02:34:52.511+0000] {task_command.py:426} INFO - Running <TaskInstance: climate_data.create_folder scheduled__2023-07-31T00:00:00+00:00 [running]> on host 1a6f5acf67f4
[2025-08-08T02:34:52.585+0000] {taskinstance.py:2648} INFO - Exporting env vars: AIRFLOW_CTX_DAG_OWNER='***' AIRFLOW_CTX_DAG_ID='climate_data' AIRFLOW_CTX_TASK_ID='create_folder' AIRFLOW_CTX_EXECUTION_DATE='2023-07-31T00:00:00+00:00' AIRFLOW_CTX_TRY_NUMBER='1' AIRFLOW_CTX_DAG_RUN_ID='scheduled__2023-07-31T00:00:00+00:00'
[2025-08-08T02:34:52.587+0000] {taskinstance.py:430} INFO - ::endgroup::
[2025-08-08T02:34:52.596+0000] {subprocess.py:63} INFO - Tmp dir root location: /tmp
[2025-08-08T02:34:52.597+0000] {subprocess.py:75} INFO - Running command: ['/usr/bin/bash', '-c', 'mkdir -p /home/***/host_documents/week2023-08-07"']
[2025-08-08T02:34:52.605+0000] {subprocess.py:86} INFO - Output:
[2025-08-08T02:34:52.606+0000] {subprocess.py:93} INFO - /usr/bin/bash: -c: line 1: unexpected EOF while looking for matching `"'
[2025-08-08T02:34:52.606+0000] {subprocess.py:97} INFO - Command exited with return code 2
[2025-08-08T02:34:52.607+0000] {taskinstance.py:441} INFO - ::group::Post task execution logs
[2025-08-08T02:34:52.615+0000] {taskinstance.py:2905} ERROR - Task failed with exception
Traceback (most recent call last):
  File "/home/airflow/.local/lib/python3.9/site-packages/airflow/models/taskinstance.py", line 465, in _execute_task
    result = _execute_callable(context=context, **execute_callable_kwargs)
  File "/home/airflow/.local/lib/python3.9/site-packages/airflow/models/taskinstance.py", line 432, in _execute_callable
    return execute_callable(context=context, **execute_callable_kwargs)
  File "/home/airflow/.local/lib/python3.9/site-packages/airflow/models/baseoperator.py", line 400, in wrapper
    return func(self, *args, **kwargs)
  File "/home/airflow/.local/lib/python3.9/site-packages/airflow/operators/bash.py", line 243, in execute
    raise AirflowException(
airflow.exceptions.AirflowException: Bash command failed. The command returned a non-zero exit code 2.
[2025-08-08T02:34:52.618+0000] {taskinstance.py:1206} INFO - Marking task as FAILED. dag_id=climate_data, task_id=create_folder, run_id=scheduled__2023-07-31T00:00:00+00:00, execution_date=20230731T000000, start_date=20250808T023452, end_date=20250808T023452
[2025-08-08T02:34:52.625+0000] {standard_task_runner.py:110} ERROR - Failed to execute job 233 for task create_folder (Bash command failed. The command returned a non-zero exit code 2.; 447)
[2025-08-08T02:34:52.664+0000] {local_task_job_runner.py:240} INFO - Task exited with return code 1
[2025-08-08T02:34:52.679+0000] {taskinstance.py:3498} INFO - 0 downstream tasks scheduled from follow-on schedule check
[2025-08-08T02:34:52.683+0000] {local_task_job_runner.py:222} INFO - ::endgroup::
[2025-08-08T02:39:29.176+0000] {local_task_job_runner.py:120} INFO - ::group::Pre task execution logs
[2025-08-08T02:39:29.197+0000] {taskinstance.py:2076} INFO - Dependencies all met for dep_context=non-requeueable deps ti=<TaskInstance: climate_data.create_folder scheduled__2023-07-31T00:00:00+00:00 [queued]>
[2025-08-08T02:39:29.207+0000] {taskinstance.py:2076} INFO - Dependencies all met for dep_context=requeueable deps ti=<TaskInstance: climate_data.create_folder scheduled__2023-07-31T00:00:00+00:00 [queued]>
[2025-08-08T02:39:29.208+0000] {taskinstance.py:2306} INFO - Starting attempt 1 of 1
[2025-08-08T02:39:29.217+0000] {taskinstance.py:2330} INFO - Executing <Task(BashOperator): create_folder> on 2023-07-31 00:00:00+00:00
[2025-08-08T02:39:29.221+0000] {standard_task_runner.py:63} INFO - Started process 1378 to run task
[2025-08-08T02:39:29.223+0000] {standard_task_runner.py:90} INFO - Running: ['***', 'tasks', 'run', 'climate_data', 'create_folder', 'scheduled__2023-07-31T00:00:00+00:00', '--job-id', '437', '--raw', '--subdir', 'DAGS_FOLDER/climate_data.py', '--cfg-path', '/tmp/tmpp0ua_fca']
[2025-08-08T02:39:29.225+0000] {standard_task_runner.py:91} INFO - Job 437: Subtask create_folder
[2025-08-08T02:39:29.237+0000] {logging_mixin.py:188} WARNING - /home/***/.local/lib/python3.9/site-packages/***/settings.py:195 DeprecationWarning: The sql_alchemy_conn option in [core] has been moved to the sql_alchemy_conn option in [database] - the old setting has been used, but please update your config.
[2025-08-08T02:39:29.277+0000] {task_command.py:426} INFO - Running <TaskInstance: climate_data.create_folder scheduled__2023-07-31T00:00:00+00:00 [running]> on host 1a6f5acf67f4
[2025-08-08T02:39:29.344+0000] {taskinstance.py:2648} INFO - Exporting env vars: AIRFLOW_CTX_DAG_OWNER='***' AIRFLOW_CTX_DAG_ID='climate_data' AIRFLOW_CTX_TASK_ID='create_folder' AIRFLOW_CTX_EXECUTION_DATE='2023-07-31T00:00:00+00:00' AIRFLOW_CTX_TRY_NUMBER='1' AIRFLOW_CTX_DAG_RUN_ID='scheduled__2023-07-31T00:00:00+00:00'
[2025-08-08T02:39:29.346+0000] {taskinstance.py:430} INFO - ::endgroup::
[2025-08-08T02:39:29.354+0000] {subprocess.py:63} INFO - Tmp dir root location: /tmp
[2025-08-08T02:39:29.355+0000] {subprocess.py:75} INFO - Running command: ['/usr/bin/bash', '-c', 'mkdir -p /home/***/host_documents/week2023-08-07']
[2025-08-08T02:39:29.364+0000] {subprocess.py:86} INFO - Output:
[2025-08-08T02:39:29.369+0000] {subprocess.py:97} INFO - Command exited with return code 0
[2025-08-08T02:39:29.369+0000] {taskinstance.py:441} INFO - ::group::Post task execution logs
[2025-08-08T02:39:29.388+0000] {taskinstance.py:1206} INFO - Marking task as SUCCESS. dag_id=climate_data, task_id=create_folder, run_id=scheduled__2023-07-31T00:00:00+00:00, execution_date=20230731T000000, start_date=20250808T023929, end_date=20250808T023929
[2025-08-08T02:39:29.476+0000] {local_task_job_runner.py:240} INFO - Task exited with return code 0
[2025-08-08T02:39:29.491+0000] {taskinstance.py:3498} INFO - 1 downstream tasks scheduled from follow-on schedule check
[2025-08-08T02:39:29.496+0000] {local_task_job_runner.py:222} INFO - ::endgroup::
[2025-08-08T02:42:27.812+0000] {local_task_job_runner.py:120} INFO - ::group::Pre task execution logs
[2025-08-08T02:42:27.834+0000] {taskinstance.py:2076} INFO - Dependencies all met for dep_context=non-requeueable deps ti=<TaskInstance: climate_data.create_folder scheduled__2023-07-31T00:00:00+00:00 [queued]>
[2025-08-08T02:42:27.841+0000] {taskinstance.py:2076} INFO - Dependencies all met for dep_context=requeueable deps ti=<TaskInstance: climate_data.create_folder scheduled__2023-07-31T00:00:00+00:00 [queued]>
[2025-08-08T02:42:27.842+0000] {taskinstance.py:2306} INFO - Starting attempt 1 of 1
[2025-08-08T02:42:27.855+0000] {taskinstance.py:2330} INFO - Executing <Task(BashOperator): create_folder> on 2023-07-31 00:00:00+00:00
[2025-08-08T02:42:27.859+0000] {standard_task_runner.py:63} INFO - Started process 2548 to run task
[2025-08-08T02:42:27.861+0000] {standard_task_runner.py:90} INFO - Running: ['***', 'tasks', 'run', 'climate_data', 'create_folder', 'scheduled__2023-07-31T00:00:00+00:00', '--job-id', '745', '--raw', '--subdir', 'DAGS_FOLDER/climate_data.py', '--cfg-path', '/tmp/tmp9v1hvicj']
[2025-08-08T02:42:27.863+0000] {standard_task_runner.py:91} INFO - Job 745: Subtask create_folder
[2025-08-08T02:42:27.876+0000] {logging_mixin.py:188} WARNING - /home/***/.local/lib/python3.9/site-packages/***/settings.py:195 DeprecationWarning: The sql_alchemy_conn option in [core] has been moved to the sql_alchemy_conn option in [database] - the old setting has been used, but please update your config.
[2025-08-08T02:42:27.924+0000] {task_command.py:426} INFO - Running <TaskInstance: climate_data.create_folder scheduled__2023-07-31T00:00:00+00:00 [running]> on host 1a6f5acf67f4
[2025-08-08T02:42:28.038+0000] {taskinstance.py:2648} INFO - Exporting env vars: AIRFLOW_CTX_DAG_OWNER='***' AIRFLOW_CTX_DAG_ID='climate_data' AIRFLOW_CTX_TASK_ID='create_folder' AIRFLOW_CTX_EXECUTION_DATE='2023-07-31T00:00:00+00:00' AIRFLOW_CTX_TRY_NUMBER='1' AIRFLOW_CTX_DAG_RUN_ID='scheduled__2023-07-31T00:00:00+00:00'
[2025-08-08T02:42:28.039+0000] {taskinstance.py:430} INFO - ::endgroup::
[2025-08-08T02:42:28.047+0000] {subprocess.py:63} INFO - Tmp dir root location: /tmp
[2025-08-08T02:42:28.047+0000] {subprocess.py:75} INFO - Running command: ['/usr/bin/bash', '-c', 'mkdir -p "/home/***/host_documents/week2023-08-07"']
[2025-08-08T02:42:28.056+0000] {subprocess.py:86} INFO - Output:
[2025-08-08T02:42:28.060+0000] {subprocess.py:97} INFO - Command exited with return code 0
[2025-08-08T02:42:28.061+0000] {taskinstance.py:441} INFO - ::group::Post task execution logs
[2025-08-08T02:42:28.081+0000] {taskinstance.py:1206} INFO - Marking task as SUCCESS. dag_id=climate_data, task_id=create_folder, run_id=scheduled__2023-07-31T00:00:00+00:00, execution_date=20230731T000000, start_date=20250808T024227, end_date=20250808T024228
[2025-08-08T02:42:28.115+0000] {local_task_job_runner.py:240} INFO - Task exited with return code 0
[2025-08-08T02:42:28.130+0000] {taskinstance.py:3498} INFO - 1 downstream tasks scheduled from follow-on schedule check
[2025-08-08T02:42:28.134+0000] {local_task_job_runner.py:222} INFO - ::endgroup::
