[2025-08-08T02:40:02.333+0000] {local_task_job_runner.py:120} INFO - ::group::Pre task execution logs
[2025-08-08T02:40:02.352+0000] {taskinstance.py:2076} INFO - Dependencies all met for dep_context=non-requeueable deps ti=<TaskInstance: climate_data.data_extract scheduled__2025-07-21T00:00:00+00:00 [queued]>
[2025-08-08T02:40:02.358+0000] {taskinstance.py:2076} INFO - Dependencies all met for dep_context=requeueable deps ti=<TaskInstance: climate_data.data_extract scheduled__2025-07-21T00:00:00+00:00 [queued]>
[2025-08-08T02:40:02.358+0000] {taskinstance.py:2306} INFO - Starting attempt 1 of 1
[2025-08-08T02:40:02.367+0000] {taskinstance.py:2330} INFO - Executing <Task(PythonOperator): data_extract> on 2025-07-21 00:00:00+00:00
[2025-08-08T02:40:02.371+0000] {standard_task_runner.py:63} INFO - Started process 2118 to run task
[2025-08-08T02:40:02.375+0000] {standard_task_runner.py:90} INFO - Running: ['***', 'tasks', 'run', 'climate_data', 'data_extract', 'scheduled__2025-07-21T00:00:00+00:00', '--job-id', '646', '--raw', '--subdir', 'DAGS_FOLDER/climate_data.py', '--cfg-path', '/tmp/tmpklgiv_0v']
[2025-08-08T02:40:02.377+0000] {standard_task_runner.py:91} INFO - Job 646: Subtask data_extract
[2025-08-08T02:40:02.390+0000] {logging_mixin.py:188} WARNING - /home/***/.local/lib/python3.9/site-packages/***/settings.py:195 DeprecationWarning: The sql_alchemy_conn option in [core] has been moved to the sql_alchemy_conn option in [database] - the old setting has been used, but please update your config.
[2025-08-08T02:40:02.426+0000] {task_command.py:426} INFO - Running <TaskInstance: climate_data.data_extract scheduled__2025-07-21T00:00:00+00:00 [running]> on host 1a6f5acf67f4
[2025-08-08T02:40:02.487+0000] {taskinstance.py:2648} INFO - Exporting env vars: AIRFLOW_CTX_DAG_OWNER='***' AIRFLOW_CTX_DAG_ID='climate_data' AIRFLOW_CTX_TASK_ID='data_extract' AIRFLOW_CTX_EXECUTION_DATE='2025-07-21T00:00:00+00:00' AIRFLOW_CTX_TRY_NUMBER='1' AIRFLOW_CTX_DAG_RUN_ID='scheduled__2025-07-21T00:00:00+00:00'
[2025-08-08T02:40:02.491+0000] {taskinstance.py:430} INFO - ::endgroup::
[2025-08-08T02:40:03.150+0000] {taskinstance.py:441} INFO - ::group::Post task execution logs
[2025-08-08T02:40:03.150+0000] {taskinstance.py:2905} ERROR - Task failed with exception
Traceback (most recent call last):
  File "/home/airflow/.local/lib/python3.9/site-packages/airflow/models/taskinstance.py", line 465, in _execute_task
    result = _execute_callable(context=context, **execute_callable_kwargs)
  File "/home/airflow/.local/lib/python3.9/site-packages/airflow/models/taskinstance.py", line 432, in _execute_callable
    return execute_callable(context=context, **execute_callable_kwargs)
  File "/home/airflow/.local/lib/python3.9/site-packages/airflow/models/baseoperator.py", line 400, in wrapper
    return func(self, *args, **kwargs)
  File "/home/airflow/.local/lib/python3.9/site-packages/airflow/operators/python.py", line 235, in execute
    return_value = self.execute_callable()
  File "/home/airflow/.local/lib/python3.9/site-packages/airflow/operators/python.py", line 252, in execute_callable
    return self.python_callable(*self.op_args, **self.op_kwargs)
  File "/opt/airflow/dags/climate_data.py", line 27, in data_extract
    data = pd.read_csv(URL)
  File "/home/airflow/.local/lib/python3.9/site-packages/pandas/io/parsers/readers.py", line 948, in read_csv
    return _read(filepath_or_buffer, kwds)
  File "/home/airflow/.local/lib/python3.9/site-packages/pandas/io/parsers/readers.py", line 611, in _read
    parser = TextFileReader(filepath_or_buffer, **kwds)
  File "/home/airflow/.local/lib/python3.9/site-packages/pandas/io/parsers/readers.py", line 1448, in __init__
    self._engine = self._make_engine(f, self.engine)
  File "/home/airflow/.local/lib/python3.9/site-packages/pandas/io/parsers/readers.py", line 1705, in _make_engine
    self.handles = get_handle(
  File "/home/airflow/.local/lib/python3.9/site-packages/pandas/io/common.py", line 718, in get_handle
    ioargs = _get_filepath_or_buffer(
  File "/home/airflow/.local/lib/python3.9/site-packages/pandas/io/common.py", line 372, in _get_filepath_or_buffer
    with urlopen(req_info) as req:
  File "/home/airflow/.local/lib/python3.9/site-packages/pandas/io/common.py", line 274, in urlopen
    return urllib.request.urlopen(*args, **kwargs)
  File "/usr/local/lib/python3.9/urllib/request.py", line 214, in urlopen
    return opener.open(url, data, timeout)
  File "/usr/local/lib/python3.9/urllib/request.py", line 523, in open
    response = meth(req, response)
  File "/usr/local/lib/python3.9/urllib/request.py", line 632, in http_response
    response = self.parent.error(
  File "/usr/local/lib/python3.9/urllib/request.py", line 561, in error
    return self._call_chain(*args)
  File "/usr/local/lib/python3.9/urllib/request.py", line 494, in _call_chain
    result = func(*args)
  File "/usr/local/lib/python3.9/urllib/request.py", line 641, in http_error_default
    raise HTTPError(req.full_url, code, msg, hdrs, fp)
urllib.error.HTTPError: HTTP Error 429: 
[2025-08-08T02:40:03.163+0000] {taskinstance.py:1206} INFO - Marking task as FAILED. dag_id=climate_data, task_id=data_extract, run_id=scheduled__2025-07-21T00:00:00+00:00, execution_date=20250721T000000, start_date=20250808T024002, end_date=20250808T024003
[2025-08-08T02:40:03.173+0000] {standard_task_runner.py:110} ERROR - Failed to execute job 646 for task data_extract (HTTP Error 429: ; 2118)
[2025-08-08T02:40:03.190+0000] {local_task_job_runner.py:240} INFO - Task exited with return code 1
[2025-08-08T02:40:03.200+0000] {taskinstance.py:3498} INFO - 0 downstream tasks scheduled from follow-on schedule check
[2025-08-08T02:40:03.201+0000] {local_task_job_runner.py:222} INFO - ::endgroup::
[2025-08-08T02:43:00.597+0000] {local_task_job_runner.py:120} INFO - ::group::Pre task execution logs
[2025-08-08T02:43:00.616+0000] {taskinstance.py:2076} INFO - Dependencies all met for dep_context=non-requeueable deps ti=<TaskInstance: climate_data.data_extract scheduled__2025-07-21T00:00:00+00:00 [queued]>
[2025-08-08T02:43:00.621+0000] {taskinstance.py:2076} INFO - Dependencies all met for dep_context=requeueable deps ti=<TaskInstance: climate_data.data_extract scheduled__2025-07-21T00:00:00+00:00 [queued]>
[2025-08-08T02:43:00.621+0000] {taskinstance.py:2306} INFO - Starting attempt 1 of 1
[2025-08-08T02:43:00.629+0000] {taskinstance.py:2330} INFO - Executing <Task(PythonOperator): data_extract> on 2025-07-21 00:00:00+00:00
[2025-08-08T02:43:00.633+0000] {standard_task_runner.py:63} INFO - Started process 3298 to run task
[2025-08-08T02:43:00.635+0000] {standard_task_runner.py:90} INFO - Running: ['***', 'tasks', 'run', 'climate_data', 'data_extract', 'scheduled__2025-07-21T00:00:00+00:00', '--job-id', '954', '--raw', '--subdir', 'DAGS_FOLDER/climate_data.py', '--cfg-path', '/tmp/tmpf60kivgf']
[2025-08-08T02:43:00.637+0000] {standard_task_runner.py:91} INFO - Job 954: Subtask data_extract
[2025-08-08T02:43:00.647+0000] {logging_mixin.py:188} WARNING - /home/***/.local/lib/python3.9/site-packages/***/settings.py:195 DeprecationWarning: The sql_alchemy_conn option in [core] has been moved to the sql_alchemy_conn option in [database] - the old setting has been used, but please update your config.
[2025-08-08T02:43:00.680+0000] {task_command.py:426} INFO - Running <TaskInstance: climate_data.data_extract scheduled__2025-07-21T00:00:00+00:00 [running]> on host 1a6f5acf67f4
[2025-08-08T02:43:00.730+0000] {taskinstance.py:2648} INFO - Exporting env vars: AIRFLOW_CTX_DAG_OWNER='***' AIRFLOW_CTX_DAG_ID='climate_data' AIRFLOW_CTX_TASK_ID='data_extract' AIRFLOW_CTX_EXECUTION_DATE='2025-07-21T00:00:00+00:00' AIRFLOW_CTX_TRY_NUMBER='1' AIRFLOW_CTX_DAG_RUN_ID='scheduled__2025-07-21T00:00:00+00:00'
[2025-08-08T02:43:00.731+0000] {taskinstance.py:430} INFO - ::endgroup::
[2025-08-08T02:43:01.344+0000] {taskinstance.py:441} INFO - ::group::Post task execution logs
[2025-08-08T02:43:01.344+0000] {taskinstance.py:2905} ERROR - Task failed with exception
Traceback (most recent call last):
  File "/home/airflow/.local/lib/python3.9/site-packages/airflow/models/taskinstance.py", line 465, in _execute_task
    result = _execute_callable(context=context, **execute_callable_kwargs)
  File "/home/airflow/.local/lib/python3.9/site-packages/airflow/models/taskinstance.py", line 432, in _execute_callable
    return execute_callable(context=context, **execute_callable_kwargs)
  File "/home/airflow/.local/lib/python3.9/site-packages/airflow/models/baseoperator.py", line 400, in wrapper
    return func(self, *args, **kwargs)
  File "/home/airflow/.local/lib/python3.9/site-packages/airflow/operators/python.py", line 235, in execute
    return_value = self.execute_callable()
  File "/home/airflow/.local/lib/python3.9/site-packages/airflow/operators/python.py", line 252, in execute_callable
    return self.python_callable(*self.op_args, **self.op_kwargs)
  File "/opt/airflow/dags/climate_data.py", line 21, in data_extract
    data = pd.read_csv(url)
  File "/home/airflow/.local/lib/python3.9/site-packages/pandas/io/parsers/readers.py", line 948, in read_csv
    return _read(filepath_or_buffer, kwds)
  File "/home/airflow/.local/lib/python3.9/site-packages/pandas/io/parsers/readers.py", line 611, in _read
    parser = TextFileReader(filepath_or_buffer, **kwds)
  File "/home/airflow/.local/lib/python3.9/site-packages/pandas/io/parsers/readers.py", line 1448, in __init__
    self._engine = self._make_engine(f, self.engine)
  File "/home/airflow/.local/lib/python3.9/site-packages/pandas/io/parsers/readers.py", line 1705, in _make_engine
    self.handles = get_handle(
  File "/home/airflow/.local/lib/python3.9/site-packages/pandas/io/common.py", line 718, in get_handle
    ioargs = _get_filepath_or_buffer(
  File "/home/airflow/.local/lib/python3.9/site-packages/pandas/io/common.py", line 372, in _get_filepath_or_buffer
    with urlopen(req_info) as req:
  File "/home/airflow/.local/lib/python3.9/site-packages/pandas/io/common.py", line 274, in urlopen
    return urllib.request.urlopen(*args, **kwargs)
  File "/usr/local/lib/python3.9/urllib/request.py", line 214, in urlopen
    return opener.open(url, data, timeout)
  File "/usr/local/lib/python3.9/urllib/request.py", line 523, in open
    response = meth(req, response)
  File "/usr/local/lib/python3.9/urllib/request.py", line 632, in http_response
    response = self.parent.error(
  File "/usr/local/lib/python3.9/urllib/request.py", line 561, in error
    return self._call_chain(*args)
  File "/usr/local/lib/python3.9/urllib/request.py", line 494, in _call_chain
    result = func(*args)
  File "/usr/local/lib/python3.9/urllib/request.py", line 641, in http_error_default
    raise HTTPError(req.full_url, code, msg, hdrs, fp)
urllib.error.HTTPError: HTTP Error 429: 
[2025-08-08T02:43:01.354+0000] {taskinstance.py:1206} INFO - Marking task as FAILED. dag_id=climate_data, task_id=data_extract, run_id=scheduled__2025-07-21T00:00:00+00:00, execution_date=20250721T000000, start_date=20250808T024300, end_date=20250808T024301
[2025-08-08T02:43:01.361+0000] {standard_task_runner.py:110} ERROR - Failed to execute job 954 for task data_extract (HTTP Error 429: ; 3298)
[2025-08-08T02:43:01.369+0000] {local_task_job_runner.py:240} INFO - Task exited with return code 1
[2025-08-08T02:43:01.380+0000] {taskinstance.py:3498} INFO - 0 downstream tasks scheduled from follow-on schedule check
[2025-08-08T02:43:01.381+0000] {local_task_job_runner.py:222} INFO - ::endgroup::
[2025-08-08T02:48:29.487+0000] {local_task_job_runner.py:120} INFO - ::group::Pre task execution logs
[2025-08-08T02:48:29.508+0000] {taskinstance.py:2076} INFO - Dependencies all met for dep_context=non-requeueable deps ti=<TaskInstance: climate_data.data_extract scheduled__2025-07-21T00:00:00+00:00 [queued]>
[2025-08-08T02:48:29.513+0000] {taskinstance.py:2076} INFO - Dependencies all met for dep_context=requeueable deps ti=<TaskInstance: climate_data.data_extract scheduled__2025-07-21T00:00:00+00:00 [queued]>
[2025-08-08T02:48:29.513+0000] {taskinstance.py:2306} INFO - Starting attempt 1 of 1
[2025-08-08T02:48:29.522+0000] {taskinstance.py:2330} INFO - Executing <Task(PythonOperator): data_extract> on 2025-07-21 00:00:00+00:00
[2025-08-08T02:48:29.525+0000] {standard_task_runner.py:63} INFO - Started process 3512 to run task
[2025-08-08T02:48:29.528+0000] {standard_task_runner.py:90} INFO - Running: ['***', 'tasks', 'run', 'climate_data', 'data_extract', 'scheduled__2025-07-21T00:00:00+00:00', '--job-id', '964', '--raw', '--subdir', 'DAGS_FOLDER/climate_data.py', '--cfg-path', '/tmp/tmpbk6spdt4']
[2025-08-08T02:48:29.530+0000] {standard_task_runner.py:91} INFO - Job 964: Subtask data_extract
[2025-08-08T02:48:29.541+0000] {logging_mixin.py:188} WARNING - /home/***/.local/lib/python3.9/site-packages/***/settings.py:195 DeprecationWarning: The sql_alchemy_conn option in [core] has been moved to the sql_alchemy_conn option in [database] - the old setting has been used, but please update your config.
[2025-08-08T02:48:29.588+0000] {task_command.py:426} INFO - Running <TaskInstance: climate_data.data_extract scheduled__2025-07-21T00:00:00+00:00 [running]> on host 1a6f5acf67f4
[2025-08-08T02:48:29.646+0000] {taskinstance.py:2648} INFO - Exporting env vars: AIRFLOW_CTX_DAG_OWNER='***' AIRFLOW_CTX_DAG_ID='climate_data' AIRFLOW_CTX_TASK_ID='data_extract' AIRFLOW_CTX_EXECUTION_DATE='2025-07-21T00:00:00+00:00' AIRFLOW_CTX_TRY_NUMBER='1' AIRFLOW_CTX_DAG_RUN_ID='scheduled__2025-07-21T00:00:00+00:00'
[2025-08-08T02:48:29.647+0000] {taskinstance.py:430} INFO - ::endgroup::
[2025-08-08T02:48:30.330+0000] {taskinstance.py:441} INFO - ::group::Post task execution logs
[2025-08-08T02:48:30.331+0000] {taskinstance.py:2905} ERROR - Task failed with exception
Traceback (most recent call last):
  File "/home/airflow/.local/lib/python3.9/site-packages/airflow/models/taskinstance.py", line 465, in _execute_task
    result = _execute_callable(context=context, **execute_callable_kwargs)
  File "/home/airflow/.local/lib/python3.9/site-packages/airflow/models/taskinstance.py", line 432, in _execute_callable
    return execute_callable(context=context, **execute_callable_kwargs)
  File "/home/airflow/.local/lib/python3.9/site-packages/airflow/models/baseoperator.py", line 400, in wrapper
    return func(self, *args, **kwargs)
  File "/home/airflow/.local/lib/python3.9/site-packages/airflow/operators/python.py", line 235, in execute
    return_value = self.execute_callable()
  File "/home/airflow/.local/lib/python3.9/site-packages/airflow/operators/python.py", line 252, in execute_callable
    return self.python_callable(*self.op_args, **self.op_kwargs)
  File "/opt/airflow/dags/climate_data.py", line 21, in data_extract
    data = pd.read_csv(url)
  File "/home/airflow/.local/lib/python3.9/site-packages/pandas/io/parsers/readers.py", line 948, in read_csv
    return _read(filepath_or_buffer, kwds)
  File "/home/airflow/.local/lib/python3.9/site-packages/pandas/io/parsers/readers.py", line 611, in _read
    parser = TextFileReader(filepath_or_buffer, **kwds)
  File "/home/airflow/.local/lib/python3.9/site-packages/pandas/io/parsers/readers.py", line 1448, in __init__
    self._engine = self._make_engine(f, self.engine)
  File "/home/airflow/.local/lib/python3.9/site-packages/pandas/io/parsers/readers.py", line 1705, in _make_engine
    self.handles = get_handle(
  File "/home/airflow/.local/lib/python3.9/site-packages/pandas/io/common.py", line 718, in get_handle
    ioargs = _get_filepath_or_buffer(
  File "/home/airflow/.local/lib/python3.9/site-packages/pandas/io/common.py", line 372, in _get_filepath_or_buffer
    with urlopen(req_info) as req:
  File "/home/airflow/.local/lib/python3.9/site-packages/pandas/io/common.py", line 274, in urlopen
    return urllib.request.urlopen(*args, **kwargs)
  File "/usr/local/lib/python3.9/urllib/request.py", line 214, in urlopen
    return opener.open(url, data, timeout)
  File "/usr/local/lib/python3.9/urllib/request.py", line 523, in open
    response = meth(req, response)
  File "/usr/local/lib/python3.9/urllib/request.py", line 632, in http_response
    response = self.parent.error(
  File "/usr/local/lib/python3.9/urllib/request.py", line 561, in error
    return self._call_chain(*args)
  File "/usr/local/lib/python3.9/urllib/request.py", line 494, in _call_chain
    result = func(*args)
  File "/usr/local/lib/python3.9/urllib/request.py", line 641, in http_error_default
    raise HTTPError(req.full_url, code, msg, hdrs, fp)
urllib.error.HTTPError: HTTP Error 429: 
[2025-08-08T02:48:30.344+0000] {taskinstance.py:1206} INFO - Marking task as FAILED. dag_id=climate_data, task_id=data_extract, run_id=scheduled__2025-07-21T00:00:00+00:00, execution_date=20250721T000000, start_date=20250808T024829, end_date=20250808T024830
[2025-08-08T02:48:30.353+0000] {standard_task_runner.py:110} ERROR - Failed to execute job 964 for task data_extract (HTTP Error 429: ; 3512)
[2025-08-08T02:48:30.382+0000] {local_task_job_runner.py:240} INFO - Task exited with return code 1
[2025-08-08T02:48:30.392+0000] {taskinstance.py:3498} INFO - 0 downstream tasks scheduled from follow-on schedule check
[2025-08-08T02:48:30.393+0000] {local_task_job_runner.py:222} INFO - ::endgroup::
[2025-08-08T02:54:55.047+0000] {local_task_job_runner.py:120} INFO - ::group::Pre task execution logs
[2025-08-08T02:54:55.070+0000] {taskinstance.py:2076} INFO - Dependencies all met for dep_context=non-requeueable deps ti=<TaskInstance: climate_data.data_extract scheduled__2025-07-21T00:00:00+00:00 [queued]>
[2025-08-08T02:54:55.075+0000] {taskinstance.py:2076} INFO - Dependencies all met for dep_context=requeueable deps ti=<TaskInstance: climate_data.data_extract scheduled__2025-07-21T00:00:00+00:00 [queued]>
[2025-08-08T02:54:55.076+0000] {taskinstance.py:2306} INFO - Starting attempt 1 of 1
[2025-08-08T02:54:55.086+0000] {taskinstance.py:2330} INFO - Executing <Task(PythonOperator): data_extract> on 2025-07-21 00:00:00+00:00
[2025-08-08T02:54:55.089+0000] {standard_task_runner.py:63} INFO - Started process 3762 to run task
[2025-08-08T02:54:55.093+0000] {standard_task_runner.py:90} INFO - Running: ['***', 'tasks', 'run', 'climate_data', 'data_extract', 'scheduled__2025-07-21T00:00:00+00:00', '--job-id', '978', '--raw', '--subdir', 'DAGS_FOLDER/climate_data.py', '--cfg-path', '/tmp/tmp4us7zds0']
[2025-08-08T02:54:55.095+0000] {standard_task_runner.py:91} INFO - Job 978: Subtask data_extract
[2025-08-08T02:54:55.107+0000] {logging_mixin.py:188} WARNING - /home/***/.local/lib/python3.9/site-packages/***/settings.py:195 DeprecationWarning: The sql_alchemy_conn option in [core] has been moved to the sql_alchemy_conn option in [database] - the old setting has been used, but please update your config.
[2025-08-08T02:54:55.146+0000] {task_command.py:426} INFO - Running <TaskInstance: climate_data.data_extract scheduled__2025-07-21T00:00:00+00:00 [running]> on host 1a6f5acf67f4
[2025-08-08T02:54:55.213+0000] {taskinstance.py:2648} INFO - Exporting env vars: AIRFLOW_CTX_DAG_OWNER='***' AIRFLOW_CTX_DAG_ID='climate_data' AIRFLOW_CTX_TASK_ID='data_extract' AIRFLOW_CTX_EXECUTION_DATE='2025-07-21T00:00:00+00:00' AIRFLOW_CTX_TRY_NUMBER='1' AIRFLOW_CTX_DAG_RUN_ID='scheduled__2025-07-21T00:00:00+00:00'
[2025-08-08T02:54:55.214+0000] {taskinstance.py:430} INFO - ::endgroup::
[2025-08-08T02:54:55.221+0000] {taskinstance.py:441} INFO - ::group::Post task execution logs
[2025-08-08T02:54:55.222+0000] {taskinstance.py:2905} ERROR - Task failed with exception
Traceback (most recent call last):
  File "/home/airflow/.local/lib/python3.9/site-packages/airflow/models/taskinstance.py", line 465, in _execute_task
    result = _execute_callable(context=context, **execute_callable_kwargs)
  File "/home/airflow/.local/lib/python3.9/site-packages/airflow/models/taskinstance.py", line 432, in _execute_callable
    return execute_callable(context=context, **execute_callable_kwargs)
  File "/home/airflow/.local/lib/python3.9/site-packages/airflow/models/baseoperator.py", line 400, in wrapper
    return func(self, *args, **kwargs)
  File "/home/airflow/.local/lib/python3.9/site-packages/airflow/operators/python.py", line 235, in execute
    return_value = self.execute_callable()
  File "/home/airflow/.local/lib/python3.9/site-packages/airflow/operators/python.py", line 252, in execute_callable
    return self.python_callable(*self.op_args, **self.op_kwargs)
  File "/opt/airflow/dags/climate_data.py", line 28, in data_extract
    response = requests.get(url, params=params)
NameError: name 'requests' is not defined
[2025-08-08T02:54:55.230+0000] {taskinstance.py:1206} INFO - Marking task as FAILED. dag_id=climate_data, task_id=data_extract, run_id=scheduled__2025-07-21T00:00:00+00:00, execution_date=20250721T000000, start_date=20250808T025455, end_date=20250808T025455
[2025-08-08T02:54:55.239+0000] {standard_task_runner.py:110} ERROR - Failed to execute job 978 for task data_extract (name 'requests' is not defined; 3762)
[2025-08-08T02:54:55.266+0000] {local_task_job_runner.py:240} INFO - Task exited with return code 1
[2025-08-08T02:54:55.278+0000] {taskinstance.py:3498} INFO - 0 downstream tasks scheduled from follow-on schedule check
[2025-08-08T02:54:55.280+0000] {local_task_job_runner.py:222} INFO - ::endgroup::
[2025-08-08T02:57:09.269+0000] {local_task_job_runner.py:120} INFO - ::group::Pre task execution logs
[2025-08-08T02:57:09.287+0000] {taskinstance.py:2076} INFO - Dependencies all met for dep_context=non-requeueable deps ti=<TaskInstance: climate_data.data_extract scheduled__2025-07-21T00:00:00+00:00 [queued]>
[2025-08-08T02:57:09.292+0000] {taskinstance.py:2076} INFO - Dependencies all met for dep_context=requeueable deps ti=<TaskInstance: climate_data.data_extract scheduled__2025-07-21T00:00:00+00:00 [queued]>
[2025-08-08T02:57:09.293+0000] {taskinstance.py:2306} INFO - Starting attempt 1 of 1
[2025-08-08T02:57:09.300+0000] {taskinstance.py:2330} INFO - Executing <Task(PythonOperator): data_extract> on 2025-07-21 00:00:00+00:00
[2025-08-08T02:57:09.305+0000] {standard_task_runner.py:63} INFO - Started process 3888 to run task
[2025-08-08T02:57:09.307+0000] {standard_task_runner.py:90} INFO - Running: ['***', 'tasks', 'run', 'climate_data', 'data_extract', 'scheduled__2025-07-21T00:00:00+00:00', '--job-id', '989', '--raw', '--subdir', 'DAGS_FOLDER/climate_data.py', '--cfg-path', '/tmp/tmpae83c07v']
[2025-08-08T02:57:09.309+0000] {standard_task_runner.py:91} INFO - Job 989: Subtask data_extract
[2025-08-08T02:57:09.320+0000] {logging_mixin.py:188} WARNING - /home/***/.local/lib/python3.9/site-packages/***/settings.py:195 DeprecationWarning: The sql_alchemy_conn option in [core] has been moved to the sql_alchemy_conn option in [database] - the old setting has been used, but please update your config.
[2025-08-08T02:57:09.359+0000] {task_command.py:426} INFO - Running <TaskInstance: climate_data.data_extract scheduled__2025-07-21T00:00:00+00:00 [running]> on host 1a6f5acf67f4
[2025-08-08T02:57:09.417+0000] {taskinstance.py:2648} INFO - Exporting env vars: AIRFLOW_CTX_DAG_OWNER='***' AIRFLOW_CTX_DAG_ID='climate_data' AIRFLOW_CTX_TASK_ID='data_extract' AIRFLOW_CTX_EXECUTION_DATE='2025-07-21T00:00:00+00:00' AIRFLOW_CTX_TRY_NUMBER='1' AIRFLOW_CTX_DAG_RUN_ID='scheduled__2025-07-21T00:00:00+00:00'
[2025-08-08T02:57:09.418+0000] {taskinstance.py:430} INFO - ::endgroup::
[2025-08-08T02:57:10.259+0000] {python.py:237} INFO - Done. Returned value was: None
[2025-08-08T02:57:10.261+0000] {taskinstance.py:441} INFO - ::group::Post task execution logs
[2025-08-08T02:57:10.267+0000] {taskinstance.py:1206} INFO - Marking task as SUCCESS. dag_id=climate_data, task_id=data_extract, run_id=scheduled__2025-07-21T00:00:00+00:00, execution_date=20250721T000000, start_date=20250808T025709, end_date=20250808T025710
[2025-08-08T02:57:10.283+0000] {local_task_job_runner.py:240} INFO - Task exited with return code 0
[2025-08-08T02:57:10.294+0000] {taskinstance.py:3498} INFO - 0 downstream tasks scheduled from follow-on schedule check
[2025-08-08T02:57:10.296+0000] {local_task_job_runner.py:222} INFO - ::endgroup::
[2025-08-08T03:07:11.358+0000] {local_task_job_runner.py:120} INFO - ::group::Pre task execution logs
[2025-08-08T03:07:11.379+0000] {taskinstance.py:2076} INFO - Dependencies all met for dep_context=non-requeueable deps ti=<TaskInstance: climate_data.data_extract scheduled__2025-07-21T00:00:00+00:00 [queued]>
[2025-08-08T03:07:11.385+0000] {taskinstance.py:2076} INFO - Dependencies all met for dep_context=requeueable deps ti=<TaskInstance: climate_data.data_extract scheduled__2025-07-21T00:00:00+00:00 [queued]>
[2025-08-08T03:07:11.386+0000] {taskinstance.py:2306} INFO - Starting attempt 1 of 1
[2025-08-08T03:07:11.395+0000] {taskinstance.py:2330} INFO - Executing <Task(PythonOperator): data_extract> on 2025-07-21 00:00:00+00:00
[2025-08-08T03:07:11.399+0000] {standard_task_runner.py:63} INFO - Started process 4240 to run task
[2025-08-08T03:07:11.402+0000] {standard_task_runner.py:90} INFO - Running: ['***', 'tasks', 'run', 'climate_data', 'data_extract', 'scheduled__2025-07-21T00:00:00+00:00', '--job-id', '1002', '--raw', '--subdir', 'DAGS_FOLDER/climate_data.py', '--cfg-path', '/tmp/tmp6uwrqht7']
[2025-08-08T03:07:11.404+0000] {standard_task_runner.py:91} INFO - Job 1002: Subtask data_extract
[2025-08-08T03:07:11.416+0000] {logging_mixin.py:188} WARNING - /home/***/.local/lib/python3.9/site-packages/***/settings.py:195 DeprecationWarning: The sql_alchemy_conn option in [core] has been moved to the sql_alchemy_conn option in [database] - the old setting has been used, but please update your config.
[2025-08-08T03:07:11.460+0000] {task_command.py:426} INFO - Running <TaskInstance: climate_data.data_extract scheduled__2025-07-21T00:00:00+00:00 [running]> on host 1a6f5acf67f4
[2025-08-08T03:07:11.535+0000] {taskinstance.py:2648} INFO - Exporting env vars: AIRFLOW_CTX_DAG_OWNER='***' AIRFLOW_CTX_DAG_ID='climate_data' AIRFLOW_CTX_TASK_ID='data_extract' AIRFLOW_CTX_EXECUTION_DATE='2025-07-21T00:00:00+00:00' AIRFLOW_CTX_TRY_NUMBER='1' AIRFLOW_CTX_DAG_RUN_ID='scheduled__2025-07-21T00:00:00+00:00'
[2025-08-08T03:07:11.538+0000] {taskinstance.py:430} INFO - ::endgroup::
[2025-08-08T03:07:11.556+0000] {taskinstance.py:441} INFO - ::group::Post task execution logs
[2025-08-08T03:07:11.557+0000] {taskinstance.py:2905} ERROR - Task failed with exception
Traceback (most recent call last):
  File "/home/airflow/.local/lib/python3.9/site-packages/airflow/models/taskinstance.py", line 465, in _execute_task
    result = _execute_callable(context=context, **execute_callable_kwargs)
  File "/home/airflow/.local/lib/python3.9/site-packages/airflow/models/taskinstance.py", line 432, in _execute_callable
    return execute_callable(context=context, **execute_callable_kwargs)
  File "/home/airflow/.local/lib/python3.9/site-packages/airflow/models/baseoperator.py", line 400, in wrapper
    return func(self, *args, **kwargs)
  File "/home/airflow/.local/lib/python3.9/site-packages/airflow/operators/python.py", line 235, in execute
    return_value = self.execute_callable()
  File "/home/airflow/.local/lib/python3.9/site-packages/airflow/operators/python.py", line 252, in execute_callable
    return self.python_callable(*self.op_args, **self.op_kwargs)
  File "/opt/airflow/dags/climate_data.py", line 18, in data_extract
    if end_date >= today:
NameError: name 'today' is not defined
[2025-08-08T03:07:11.568+0000] {taskinstance.py:1206} INFO - Marking task as FAILED. dag_id=climate_data, task_id=data_extract, run_id=scheduled__2025-07-21T00:00:00+00:00, execution_date=20250721T000000, start_date=20250808T030711, end_date=20250808T030711
[2025-08-08T03:07:11.579+0000] {standard_task_runner.py:110} ERROR - Failed to execute job 1002 for task data_extract (name 'today' is not defined; 4240)
[2025-08-08T03:07:11.615+0000] {local_task_job_runner.py:240} INFO - Task exited with return code 1
[2025-08-08T03:07:11.628+0000] {taskinstance.py:3498} INFO - 0 downstream tasks scheduled from follow-on schedule check
[2025-08-08T03:07:11.630+0000] {local_task_job_runner.py:222} INFO - ::endgroup::
[2025-08-08T03:09:39.240+0000] {local_task_job_runner.py:120} INFO - ::group::Pre task execution logs
[2025-08-08T03:09:39.258+0000] {taskinstance.py:2076} INFO - Dependencies all met for dep_context=non-requeueable deps ti=<TaskInstance: climate_data.data_extract scheduled__2025-07-21T00:00:00+00:00 [queued]>
[2025-08-08T03:09:39.264+0000] {taskinstance.py:2076} INFO - Dependencies all met for dep_context=requeueable deps ti=<TaskInstance: climate_data.data_extract scheduled__2025-07-21T00:00:00+00:00 [queued]>
[2025-08-08T03:09:39.264+0000] {taskinstance.py:2306} INFO - Starting attempt 1 of 1
[2025-08-08T03:09:39.272+0000] {taskinstance.py:2330} INFO - Executing <Task(PythonOperator): data_extract> on 2025-07-21 00:00:00+00:00
[2025-08-08T03:09:39.276+0000] {standard_task_runner.py:63} INFO - Started process 4365 to run task
[2025-08-08T03:09:39.278+0000] {standard_task_runner.py:90} INFO - Running: ['***', 'tasks', 'run', 'climate_data', 'data_extract', 'scheduled__2025-07-21T00:00:00+00:00', '--job-id', '1017', '--raw', '--subdir', 'DAGS_FOLDER/climate_data.py', '--cfg-path', '/tmp/tmp07i3x02t']
[2025-08-08T03:09:39.280+0000] {standard_task_runner.py:91} INFO - Job 1017: Subtask data_extract
[2025-08-08T03:09:39.291+0000] {logging_mixin.py:188} WARNING - /home/***/.local/lib/python3.9/site-packages/***/settings.py:195 DeprecationWarning: The sql_alchemy_conn option in [core] has been moved to the sql_alchemy_conn option in [database] - the old setting has been used, but please update your config.
[2025-08-08T03:09:39.331+0000] {task_command.py:426} INFO - Running <TaskInstance: climate_data.data_extract scheduled__2025-07-21T00:00:00+00:00 [running]> on host 1a6f5acf67f4
[2025-08-08T03:09:39.389+0000] {taskinstance.py:2648} INFO - Exporting env vars: AIRFLOW_CTX_DAG_OWNER='***' AIRFLOW_CTX_DAG_ID='climate_data' AIRFLOW_CTX_TASK_ID='data_extract' AIRFLOW_CTX_EXECUTION_DATE='2025-07-21T00:00:00+00:00' AIRFLOW_CTX_TRY_NUMBER='1' AIRFLOW_CTX_DAG_RUN_ID='scheduled__2025-07-21T00:00:00+00:00'
[2025-08-08T03:09:39.390+0000] {taskinstance.py:430} INFO - ::endgroup::
[2025-08-08T03:09:40.102+0000] {python.py:237} INFO - Done. Returned value was: None
[2025-08-08T03:09:40.103+0000] {taskinstance.py:441} INFO - ::group::Post task execution logs
[2025-08-08T03:09:40.110+0000] {taskinstance.py:1206} INFO - Marking task as SUCCESS. dag_id=climate_data, task_id=data_extract, run_id=scheduled__2025-07-21T00:00:00+00:00, execution_date=20250721T000000, start_date=20250808T030939, end_date=20250808T030940
[2025-08-08T03:09:40.134+0000] {local_task_job_runner.py:240} INFO - Task exited with return code 0
[2025-08-08T03:09:40.142+0000] {local_task_job_runner.py:222} INFO - ::endgroup::
