[2025-08-08T02:26:48.037+0000] {local_task_job_runner.py:120} INFO - ::group::Pre task execution logs
[2025-08-08T02:26:48.056+0000] {taskinstance.py:2076} INFO - Dependencies all met for dep_context=non-requeueable deps ti=<TaskInstance: climate_data.create_folder scheduled__2024-07-01T00:00:00+00:00 [queued]>
[2025-08-08T02:26:48.063+0000] {taskinstance.py:2076} INFO - Dependencies all met for dep_context=requeueable deps ti=<TaskInstance: climate_data.create_folder scheduled__2024-07-01T00:00:00+00:00 [queued]>
[2025-08-08T02:26:48.064+0000] {taskinstance.py:2306} INFO - Starting attempt 1 of 1
[2025-08-08T02:26:48.072+0000] {taskinstance.py:2330} INFO - Executing <Task(BashOperator): create_folder> on 2024-07-01 00:00:00+00:00
[2025-08-08T02:26:48.076+0000] {standard_task_runner.py:63} INFO - Started process 618 to run task
[2025-08-08T02:26:48.078+0000] {standard_task_runner.py:90} INFO - Running: ['***', 'tasks', 'run', 'climate_data', 'create_folder', 'scheduled__2024-07-01T00:00:00+00:00', '--job-id', '126', '--raw', '--subdir', 'DAGS_FOLDER/climate_data.py', '--cfg-path', '/tmp/tmppluvl7g0']
[2025-08-08T02:26:48.080+0000] {standard_task_runner.py:91} INFO - Job 126: Subtask create_folder
[2025-08-08T02:26:48.090+0000] {logging_mixin.py:188} WARNING - /home/***/.local/lib/python3.9/site-packages/***/settings.py:195 DeprecationWarning: The sql_alchemy_conn option in [core] has been moved to the sql_alchemy_conn option in [database] - the old setting has been used, but please update your config.
[2025-08-08T02:26:48.123+0000] {task_command.py:426} INFO - Running <TaskInstance: climate_data.create_folder scheduled__2024-07-01T00:00:00+00:00 [running]> on host 3ceab82043f1
[2025-08-08T02:26:48.182+0000] {taskinstance.py:2648} INFO - Exporting env vars: AIRFLOW_CTX_DAG_OWNER='***' AIRFLOW_CTX_DAG_ID='climate_data' AIRFLOW_CTX_TASK_ID='create_folder' AIRFLOW_CTX_EXECUTION_DATE='2024-07-01T00:00:00+00:00' AIRFLOW_CTX_TRY_NUMBER='1' AIRFLOW_CTX_DAG_RUN_ID='scheduled__2024-07-01T00:00:00+00:00'
[2025-08-08T02:26:48.183+0000] {taskinstance.py:430} INFO - ::endgroup::
[2025-08-08T02:26:48.190+0000] {subprocess.py:63} INFO - Tmp dir root location: /tmp
[2025-08-08T02:26:48.191+0000] {subprocess.py:75} INFO - Running command: ['/usr/bin/bash', '-c', 'mkdir -p /home/***/host_documents/week2024-07-08"']
[2025-08-08T02:26:48.198+0000] {subprocess.py:86} INFO - Output:
[2025-08-08T02:26:48.199+0000] {subprocess.py:93} INFO - /usr/bin/bash: -c: line 1: unexpected EOF while looking for matching `"'
[2025-08-08T02:26:48.199+0000] {subprocess.py:97} INFO - Command exited with return code 2
[2025-08-08T02:26:48.200+0000] {taskinstance.py:441} INFO - ::group::Post task execution logs
[2025-08-08T02:26:48.207+0000] {taskinstance.py:2905} ERROR - Task failed with exception
Traceback (most recent call last):
  File "/home/airflow/.local/lib/python3.9/site-packages/airflow/models/taskinstance.py", line 465, in _execute_task
    result = _execute_callable(context=context, **execute_callable_kwargs)
  File "/home/airflow/.local/lib/python3.9/site-packages/airflow/models/taskinstance.py", line 432, in _execute_callable
    return execute_callable(context=context, **execute_callable_kwargs)
  File "/home/airflow/.local/lib/python3.9/site-packages/airflow/models/baseoperator.py", line 400, in wrapper
    return func(self, *args, **kwargs)
  File "/home/airflow/.local/lib/python3.9/site-packages/airflow/operators/bash.py", line 243, in execute
    raise AirflowException(
airflow.exceptions.AirflowException: Bash command failed. The command returned a non-zero exit code 2.
[2025-08-08T02:26:48.210+0000] {taskinstance.py:1206} INFO - Marking task as FAILED. dag_id=climate_data, task_id=create_folder, run_id=scheduled__2024-07-01T00:00:00+00:00, execution_date=20240701T000000, start_date=20250808T022648, end_date=20250808T022648
[2025-08-08T02:26:48.218+0000] {standard_task_runner.py:110} ERROR - Failed to execute job 126 for task create_folder (Bash command failed. The command returned a non-zero exit code 2.; 618)
[2025-08-08T02:26:48.251+0000] {local_task_job_runner.py:240} INFO - Task exited with return code 1
[2025-08-08T02:26:48.265+0000] {taskinstance.py:3498} INFO - 0 downstream tasks scheduled from follow-on schedule check
[2025-08-08T02:26:48.268+0000] {local_task_job_runner.py:222} INFO - ::endgroup::
[2025-08-08T02:35:08.433+0000] {local_task_job_runner.py:120} INFO - ::group::Pre task execution logs
[2025-08-08T02:35:08.451+0000] {taskinstance.py:2076} INFO - Dependencies all met for dep_context=non-requeueable deps ti=<TaskInstance: climate_data.create_folder scheduled__2024-07-01T00:00:00+00:00 [queued]>
[2025-08-08T02:35:08.457+0000] {taskinstance.py:2076} INFO - Dependencies all met for dep_context=requeueable deps ti=<TaskInstance: climate_data.create_folder scheduled__2024-07-01T00:00:00+00:00 [queued]>
[2025-08-08T02:35:08.458+0000] {taskinstance.py:2306} INFO - Starting attempt 1 of 1
[2025-08-08T02:35:08.465+0000] {taskinstance.py:2330} INFO - Executing <Task(BashOperator): create_folder> on 2024-07-01 00:00:00+00:00
[2025-08-08T02:35:08.469+0000] {standard_task_runner.py:63} INFO - Started process 653 to run task
[2025-08-08T02:35:08.471+0000] {standard_task_runner.py:90} INFO - Running: ['***', 'tasks', 'run', 'climate_data', 'create_folder', 'scheduled__2024-07-01T00:00:00+00:00', '--job-id', '282', '--raw', '--subdir', 'DAGS_FOLDER/climate_data.py', '--cfg-path', '/tmp/tmpofymaj6_']
[2025-08-08T02:35:08.473+0000] {standard_task_runner.py:91} INFO - Job 282: Subtask create_folder
[2025-08-08T02:35:08.484+0000] {logging_mixin.py:188} WARNING - /home/***/.local/lib/python3.9/site-packages/***/settings.py:195 DeprecationWarning: The sql_alchemy_conn option in [core] has been moved to the sql_alchemy_conn option in [database] - the old setting has been used, but please update your config.
[2025-08-08T02:35:08.520+0000] {task_command.py:426} INFO - Running <TaskInstance: climate_data.create_folder scheduled__2024-07-01T00:00:00+00:00 [running]> on host 1a6f5acf67f4
[2025-08-08T02:35:08.576+0000] {taskinstance.py:2648} INFO - Exporting env vars: AIRFLOW_CTX_DAG_OWNER='***' AIRFLOW_CTX_DAG_ID='climate_data' AIRFLOW_CTX_TASK_ID='create_folder' AIRFLOW_CTX_EXECUTION_DATE='2024-07-01T00:00:00+00:00' AIRFLOW_CTX_TRY_NUMBER='1' AIRFLOW_CTX_DAG_RUN_ID='scheduled__2024-07-01T00:00:00+00:00'
[2025-08-08T02:35:08.577+0000] {taskinstance.py:430} INFO - ::endgroup::
[2025-08-08T02:35:08.585+0000] {subprocess.py:63} INFO - Tmp dir root location: /tmp
[2025-08-08T02:35:08.586+0000] {subprocess.py:75} INFO - Running command: ['/usr/bin/bash', '-c', 'mkdir -p /home/***/host_documents/week2024-07-08"']
[2025-08-08T02:35:08.592+0000] {subprocess.py:86} INFO - Output:
[2025-08-08T02:35:08.593+0000] {subprocess.py:93} INFO - /usr/bin/bash: -c: line 1: unexpected EOF while looking for matching `"'
[2025-08-08T02:35:08.593+0000] {subprocess.py:97} INFO - Command exited with return code 2
[2025-08-08T02:35:08.594+0000] {taskinstance.py:441} INFO - ::group::Post task execution logs
[2025-08-08T02:35:08.601+0000] {taskinstance.py:2905} ERROR - Task failed with exception
Traceback (most recent call last):
  File "/home/airflow/.local/lib/python3.9/site-packages/airflow/models/taskinstance.py", line 465, in _execute_task
    result = _execute_callable(context=context, **execute_callable_kwargs)
  File "/home/airflow/.local/lib/python3.9/site-packages/airflow/models/taskinstance.py", line 432, in _execute_callable
    return execute_callable(context=context, **execute_callable_kwargs)
  File "/home/airflow/.local/lib/python3.9/site-packages/airflow/models/baseoperator.py", line 400, in wrapper
    return func(self, *args, **kwargs)
  File "/home/airflow/.local/lib/python3.9/site-packages/airflow/operators/bash.py", line 243, in execute
    raise AirflowException(
airflow.exceptions.AirflowException: Bash command failed. The command returned a non-zero exit code 2.
[2025-08-08T02:35:08.603+0000] {taskinstance.py:1206} INFO - Marking task as FAILED. dag_id=climate_data, task_id=create_folder, run_id=scheduled__2024-07-01T00:00:00+00:00, execution_date=20240701T000000, start_date=20250808T023508, end_date=20250808T023508
[2025-08-08T02:35:08.611+0000] {standard_task_runner.py:110} ERROR - Failed to execute job 282 for task create_folder (Bash command failed. The command returned a non-zero exit code 2.; 653)
[2025-08-08T02:35:08.643+0000] {local_task_job_runner.py:240} INFO - Task exited with return code 1
[2025-08-08T02:35:08.657+0000] {taskinstance.py:3498} INFO - 0 downstream tasks scheduled from follow-on schedule check
[2025-08-08T02:35:08.660+0000] {local_task_job_runner.py:222} INFO - ::endgroup::
[2025-08-08T02:39:43.074+0000] {local_task_job_runner.py:120} INFO - ::group::Pre task execution logs
[2025-08-08T02:39:43.096+0000] {taskinstance.py:2076} INFO - Dependencies all met for dep_context=non-requeueable deps ti=<TaskInstance: climate_data.create_folder scheduled__2024-07-01T00:00:00+00:00 [queued]>
[2025-08-08T02:39:43.103+0000] {taskinstance.py:2076} INFO - Dependencies all met for dep_context=requeueable deps ti=<TaskInstance: climate_data.create_folder scheduled__2024-07-01T00:00:00+00:00 [queued]>
[2025-08-08T02:39:43.104+0000] {taskinstance.py:2306} INFO - Starting attempt 1 of 1
[2025-08-08T02:39:43.168+0000] {taskinstance.py:2330} INFO - Executing <Task(BashOperator): create_folder> on 2024-07-01 00:00:00+00:00
[2025-08-08T02:39:43.172+0000] {standard_task_runner.py:63} INFO - Started process 1705 to run task
[2025-08-08T02:39:43.176+0000] {standard_task_runner.py:90} INFO - Running: ['***', 'tasks', 'run', 'climate_data', 'create_folder', 'scheduled__2024-07-01T00:00:00+00:00', '--job-id', '527', '--raw', '--subdir', 'DAGS_FOLDER/climate_data.py', '--cfg-path', '/tmp/tmphox3uvkn']
[2025-08-08T02:39:43.178+0000] {standard_task_runner.py:91} INFO - Job 527: Subtask create_folder
[2025-08-08T02:39:43.189+0000] {logging_mixin.py:188} WARNING - /home/***/.local/lib/python3.9/site-packages/***/settings.py:195 DeprecationWarning: The sql_alchemy_conn option in [core] has been moved to the sql_alchemy_conn option in [database] - the old setting has been used, but please update your config.
[2025-08-08T02:39:43.229+0000] {task_command.py:426} INFO - Running <TaskInstance: climate_data.create_folder scheduled__2024-07-01T00:00:00+00:00 [running]> on host 1a6f5acf67f4
[2025-08-08T02:39:43.289+0000] {taskinstance.py:2648} INFO - Exporting env vars: AIRFLOW_CTX_DAG_OWNER='***' AIRFLOW_CTX_DAG_ID='climate_data' AIRFLOW_CTX_TASK_ID='create_folder' AIRFLOW_CTX_EXECUTION_DATE='2024-07-01T00:00:00+00:00' AIRFLOW_CTX_TRY_NUMBER='1' AIRFLOW_CTX_DAG_RUN_ID='scheduled__2024-07-01T00:00:00+00:00'
[2025-08-08T02:39:43.290+0000] {taskinstance.py:430} INFO - ::endgroup::
[2025-08-08T02:39:43.300+0000] {subprocess.py:63} INFO - Tmp dir root location: /tmp
[2025-08-08T02:39:43.301+0000] {subprocess.py:75} INFO - Running command: ['/usr/bin/bash', '-c', 'mkdir -p /home/***/host_documents/week2024-07-08']
[2025-08-08T02:39:43.312+0000] {subprocess.py:86} INFO - Output:
[2025-08-08T02:39:43.318+0000] {subprocess.py:97} INFO - Command exited with return code 0
[2025-08-08T02:39:43.319+0000] {taskinstance.py:441} INFO - ::group::Post task execution logs
[2025-08-08T02:39:43.339+0000] {taskinstance.py:1206} INFO - Marking task as SUCCESS. dag_id=climate_data, task_id=create_folder, run_id=scheduled__2024-07-01T00:00:00+00:00, execution_date=20240701T000000, start_date=20250808T023943, end_date=20250808T023943
[2025-08-08T02:39:43.388+0000] {local_task_job_runner.py:240} INFO - Task exited with return code 0
[2025-08-08T02:39:43.406+0000] {taskinstance.py:3498} INFO - 1 downstream tasks scheduled from follow-on schedule check
[2025-08-08T02:39:43.407+0000] {local_task_job_runner.py:222} INFO - ::endgroup::
[2025-08-08T02:42:44.140+0000] {local_task_job_runner.py:120} INFO - ::group::Pre task execution logs
[2025-08-08T02:42:44.158+0000] {taskinstance.py:2076} INFO - Dependencies all met for dep_context=non-requeueable deps ti=<TaskInstance: climate_data.create_folder scheduled__2024-07-01T00:00:00+00:00 [queued]>
[2025-08-08T02:42:44.165+0000] {taskinstance.py:2076} INFO - Dependencies all met for dep_context=requeueable deps ti=<TaskInstance: climate_data.create_folder scheduled__2024-07-01T00:00:00+00:00 [queued]>
[2025-08-08T02:42:44.165+0000] {taskinstance.py:2306} INFO - Starting attempt 1 of 1
[2025-08-08T02:42:44.179+0000] {taskinstance.py:2330} INFO - Executing <Task(BashOperator): create_folder> on 2024-07-01 00:00:00+00:00
[2025-08-08T02:42:44.183+0000] {standard_task_runner.py:63} INFO - Started process 2894 to run task
[2025-08-08T02:42:44.186+0000] {standard_task_runner.py:90} INFO - Running: ['***', 'tasks', 'run', 'climate_data', 'create_folder', 'scheduled__2024-07-01T00:00:00+00:00', '--job-id', '841', '--raw', '--subdir', 'DAGS_FOLDER/climate_data.py', '--cfg-path', '/tmp/tmpjezw_vv7']
[2025-08-08T02:42:44.187+0000] {standard_task_runner.py:91} INFO - Job 841: Subtask create_folder
[2025-08-08T02:42:44.200+0000] {logging_mixin.py:188} WARNING - /home/***/.local/lib/python3.9/site-packages/***/settings.py:195 DeprecationWarning: The sql_alchemy_conn option in [core] has been moved to the sql_alchemy_conn option in [database] - the old setting has been used, but please update your config.
[2025-08-08T02:42:44.240+0000] {task_command.py:426} INFO - Running <TaskInstance: climate_data.create_folder scheduled__2024-07-01T00:00:00+00:00 [running]> on host 1a6f5acf67f4
[2025-08-08T02:42:44.305+0000] {taskinstance.py:2648} INFO - Exporting env vars: AIRFLOW_CTX_DAG_OWNER='***' AIRFLOW_CTX_DAG_ID='climate_data' AIRFLOW_CTX_TASK_ID='create_folder' AIRFLOW_CTX_EXECUTION_DATE='2024-07-01T00:00:00+00:00' AIRFLOW_CTX_TRY_NUMBER='1' AIRFLOW_CTX_DAG_RUN_ID='scheduled__2024-07-01T00:00:00+00:00'
[2025-08-08T02:42:44.306+0000] {taskinstance.py:430} INFO - ::endgroup::
[2025-08-08T02:42:44.313+0000] {subprocess.py:63} INFO - Tmp dir root location: /tmp
[2025-08-08T02:42:44.315+0000] {subprocess.py:75} INFO - Running command: ['/usr/bin/bash', '-c', 'mkdir -p "/home/***/host_documents/week2024-07-08"']
[2025-08-08T02:42:44.325+0000] {subprocess.py:86} INFO - Output:
[2025-08-08T02:42:44.329+0000] {subprocess.py:97} INFO - Command exited with return code 0
[2025-08-08T02:42:44.330+0000] {taskinstance.py:441} INFO - ::group::Post task execution logs
[2025-08-08T02:42:44.354+0000] {taskinstance.py:1206} INFO - Marking task as SUCCESS. dag_id=climate_data, task_id=create_folder, run_id=scheduled__2024-07-01T00:00:00+00:00, execution_date=20240701T000000, start_date=20250808T024244, end_date=20250808T024244
[2025-08-08T02:42:44.398+0000] {local_task_job_runner.py:240} INFO - Task exited with return code 0
[2025-08-08T02:42:44.408+0000] {local_task_job_runner.py:222} INFO - ::endgroup::
