{"timestamp":"2025-08-24T06:35:09.429070","level":"info","event":"DAG bundles loaded: dags-folder","logger":"airflow.dag_processing.bundles.manager.DagBundlesManager"}
{"timestamp":"2025-08-24T06:35:09.429601","level":"info","event":"Filling up the DagBag from /opt/airflow/dags/s3a_consult_simple.py","logger":"airflow.models.dagbag.DagBag"}
{"timestamp":"2025-08-24T06:35:09.457074","level":"warning","event":"/home/airflow/.local/lib/python3.12/site-packages/airflow/models/connection.py:471: DeprecationWarning: Using Connection.get_connection_from_secrets from `airflow.models` is deprecated.Please use `from airflow.sdk import Connection` instead\n  warnings.warn(\n","logger":"py.warnings"}
{"timestamp":"2025-08-24T06:35:09.462508","level":"info","event":"Connection Retrieved 'spark_default'","logger":"airflow.hooks.base"}
{"timestamp":"2025-08-24T06:35:09.463367","level":"info","event":"Spark-Submit cmd: spark-submit --master spark://spark-master:7077 --conf spark.hadoop.fs.s3a.impl=org.apache.hadoop.fs.s3a.S3AFileSystem --conf spark.hadoop.fs.s3a.endpoint=http://minio:9000 --conf spark.hadoop.fs.s3a.access.key=eDFFCzvdNdoeLlJkZhXI --conf spark.hadoop.fs.s3a.secret.key=****** --conf spark.hadoop.fs.s3a.path.style.access=true --conf spark.hadoop.fs.s3a.connection.ssl.enabled=false --driver-class-path /opt/airflow/conf/jars/hadoop-aws-3.3.4.jar,/opt/airflow/conf/jars/aws-java-sdk-bundle-1.12.262.jar --jars /opt/airflow/conf/jars/hadoop-aws-3.3.4.jar,/opt/airflow/conf/jars/aws-java-sdk-bundle-1.12.262.jar --name s3a --deploy-mode client /opt/airflow/dags/scripts/read_s3a.py","logger":"airflow.task.hooks.airflow.providers.apache.spark.hooks.spark_submit.SparkSubmitHook"}
{"timestamp":"2025-08-24T06:35:10.432213","level":"info","event":"25/08/24 06:35:10 WARN NativeCodeLoader: Unable to load native-hadoop library for your platform... using builtin-java classes where applicable","logger":"airflow.task.hooks.airflow.providers.apache.spark.hooks.spark_submit.SparkSubmitHook"}
{"timestamp":"2025-08-24T06:35:11.575316","level":"info","event":"25/08/24 06:35:11 INFO SparkContext: Running Spark version 3.5.4","logger":"airflow.task.hooks.airflow.providers.apache.spark.hooks.spark_submit.SparkSubmitHook"}
{"timestamp":"2025-08-24T06:35:11.575539","level":"info","event":"25/08/24 06:35:11 INFO SparkContext: OS info Linux, 6.6.87.2-microsoft-standard-WSL2, amd64","logger":"airflow.task.hooks.airflow.providers.apache.spark.hooks.spark_submit.SparkSubmitHook"}
{"timestamp":"2025-08-24T06:35:11.575848","level":"info","event":"25/08/24 06:35:11 INFO SparkContext: Java version 17.0.16","logger":"airflow.task.hooks.airflow.providers.apache.spark.hooks.spark_submit.SparkSubmitHook"}
{"timestamp":"2025-08-24T06:35:11.591992","level":"info","event":"25/08/24 06:35:11 INFO ResourceUtils: ==============================================================","logger":"airflow.task.hooks.airflow.providers.apache.spark.hooks.spark_submit.SparkSubmitHook"}
{"timestamp":"2025-08-24T06:35:11.592218","level":"info","event":"25/08/24 06:35:11 INFO ResourceUtils: No custom resources configured for spark.driver.","logger":"airflow.task.hooks.airflow.providers.apache.spark.hooks.spark_submit.SparkSubmitHook"}
{"timestamp":"2025-08-24T06:35:11.592489","level":"info","event":"25/08/24 06:35:11 INFO ResourceUtils: ==============================================================","logger":"airflow.task.hooks.airflow.providers.apache.spark.hooks.spark_submit.SparkSubmitHook"}
{"timestamp":"2025-08-24T06:35:11.592782","level":"info","event":"25/08/24 06:35:11 INFO SparkContext: Submitted application: s3a","logger":"airflow.task.hooks.airflow.providers.apache.spark.hooks.spark_submit.SparkSubmitHook"}
{"timestamp":"2025-08-24T06:35:11.604372","level":"info","event":"25/08/24 06:35:11 INFO ResourceProfile: Default ResourceProfile created, executor resources: Map(memory -> name: memory, amount: 1024, script: , vendor: , offHeap -> name: offHeap, amount: 0, script: , vendor: ), task resources: Map(cpus -> name: cpus, amount: 1.0)","logger":"airflow.task.hooks.airflow.providers.apache.spark.hooks.spark_submit.SparkSubmitHook"}
{"timestamp":"2025-08-24T06:35:11.608983","level":"info","event":"25/08/24 06:35:11 INFO ResourceProfile: Limiting resource is cpu","logger":"airflow.task.hooks.airflow.providers.apache.spark.hooks.spark_submit.SparkSubmitHook"}
{"timestamp":"2025-08-24T06:35:11.609441","level":"info","event":"25/08/24 06:35:11 INFO ResourceProfileManager: Added ResourceProfile id: 0","logger":"airflow.task.hooks.airflow.providers.apache.spark.hooks.spark_submit.SparkSubmitHook"}
{"timestamp":"2025-08-24T06:35:11.639682","level":"info","event":"25/08/24 06:35:11 INFO SecurityManager: Changing view acls to: airflow","logger":"airflow.task.hooks.airflow.providers.apache.spark.hooks.spark_submit.SparkSubmitHook"}
{"timestamp":"2025-08-24T06:35:11.639935","level":"info","event":"25/08/24 06:35:11 INFO SecurityManager: Changing modify acls to: airflow","logger":"airflow.task.hooks.airflow.providers.apache.spark.hooks.spark_submit.SparkSubmitHook"}
{"timestamp":"2025-08-24T06:35:11.640306","level":"info","event":"25/08/24 06:35:11 INFO SecurityManager: Changing view acls groups to:","logger":"airflow.task.hooks.airflow.providers.apache.spark.hooks.spark_submit.SparkSubmitHook"}
{"timestamp":"2025-08-24T06:35:11.640528","level":"info","event":"25/08/24 06:35:11 INFO SecurityManager: Changing modify acls groups to:","logger":"airflow.task.hooks.airflow.providers.apache.spark.hooks.spark_submit.SparkSubmitHook"}
{"timestamp":"2025-08-24T06:35:11.640740","level":"info","event":"25/08/24 06:35:11 INFO SecurityManager: SecurityManager: authentication disabled; ui acls disabled; users with view permissions: airflow; groups with view permissions: EMPTY; users with modify permissions: airflow; groups with modify permissions: EMPTY","logger":"airflow.task.hooks.airflow.providers.apache.spark.hooks.spark_submit.SparkSubmitHook"}
{"timestamp":"2025-08-24T06:35:11.766295","level":"info","event":"25/08/24 06:35:11 INFO Utils: Successfully started service 'sparkDriver' on port 35037.","logger":"airflow.task.hooks.airflow.providers.apache.spark.hooks.spark_submit.SparkSubmitHook"}
{"timestamp":"2025-08-24T06:35:11.781083","level":"info","event":"25/08/24 06:35:11 INFO SparkEnv: Registering MapOutputTracker","logger":"airflow.task.hooks.airflow.providers.apache.spark.hooks.spark_submit.SparkSubmitHook"}
{"timestamp":"2025-08-24T06:35:11.800445","level":"info","event":"25/08/24 06:35:11 INFO SparkEnv: Registering BlockManagerMaster","logger":"airflow.task.hooks.airflow.providers.apache.spark.hooks.spark_submit.SparkSubmitHook"}
{"timestamp":"2025-08-24T06:35:11.811039","level":"info","event":"25/08/24 06:35:11 INFO BlockManagerMasterEndpoint: Using org.apache.spark.storage.DefaultTopologyMapper for getting topology information","logger":"airflow.task.hooks.airflow.providers.apache.spark.hooks.spark_submit.SparkSubmitHook"}
{"timestamp":"2025-08-24T06:35:11.811384","level":"info","event":"25/08/24 06:35:11 INFO BlockManagerMasterEndpoint: BlockManagerMasterEndpoint up","logger":"airflow.task.hooks.airflow.providers.apache.spark.hooks.spark_submit.SparkSubmitHook"}
{"timestamp":"2025-08-24T06:35:11.813713","level":"info","event":"25/08/24 06:35:11 INFO SparkEnv: Registering BlockManagerMasterHeartbeat","logger":"airflow.task.hooks.airflow.providers.apache.spark.hooks.spark_submit.SparkSubmitHook"}
{"timestamp":"2025-08-24T06:35:11.824090","level":"info","event":"25/08/24 06:35:11 INFO DiskBlockManager: Created local directory at /tmp/blockmgr-083135d8-a626-4040-9922-f6f935e5dbf5","logger":"airflow.task.hooks.airflow.providers.apache.spark.hooks.spark_submit.SparkSubmitHook"}
{"timestamp":"2025-08-24T06:35:11.832328","level":"info","event":"25/08/24 06:35:11 INFO MemoryStore: MemoryStore started with capacity 434.4 MiB","logger":"airflow.task.hooks.airflow.providers.apache.spark.hooks.spark_submit.SparkSubmitHook"}
{"timestamp":"2025-08-24T06:35:11.841118","level":"info","event":"25/08/24 06:35:11 INFO SparkEnv: Registering OutputCommitCoordinator","logger":"airflow.task.hooks.airflow.providers.apache.spark.hooks.spark_submit.SparkSubmitHook"}
{"timestamp":"2025-08-24T06:35:11.912733","level":"info","event":"25/08/24 06:35:11 INFO JettyUtils: Start Jetty 0.0.0.0:4040 for SparkUI","logger":"airflow.task.hooks.airflow.providers.apache.spark.hooks.spark_submit.SparkSubmitHook"}
{"timestamp":"2025-08-24T06:35:11.961114","level":"info","event":"25/08/24 06:35:11 INFO Utils: Successfully started service 'SparkUI' on port 4040.","logger":"airflow.task.hooks.airflow.providers.apache.spark.hooks.spark_submit.SparkSubmitHook"}
{"timestamp":"2025-08-24T06:35:11.992198","level":"info","event":"25/08/24 06:35:11 INFO SparkContext: Added JAR file:///opt/airflow/conf/jars/hadoop-aws-3.3.4.jar at spark://d1a510057263:35037/jars/hadoop-aws-3.3.4.jar with timestamp 1756017311570","logger":"airflow.task.hooks.airflow.providers.apache.spark.hooks.spark_submit.SparkSubmitHook"}
{"timestamp":"2025-08-24T06:35:11.992591","level":"info","event":"25/08/24 06:35:11 INFO SparkContext: Added JAR file:///opt/airflow/conf/jars/aws-java-sdk-bundle-1.12.262.jar at spark://d1a510057263:35037/jars/aws-java-sdk-bundle-1.12.262.jar with timestamp 1756017311570","logger":"airflow.task.hooks.airflow.providers.apache.spark.hooks.spark_submit.SparkSubmitHook"}
{"timestamp":"2025-08-24T06:35:12.043795","level":"info","event":"25/08/24 06:35:12 INFO StandaloneAppClient$ClientEndpoint: Connecting to master spark://spark-master:7077...","logger":"airflow.task.hooks.airflow.providers.apache.spark.hooks.spark_submit.SparkSubmitHook"}
{"timestamp":"2025-08-24T06:35:12.075803","level":"info","event":"25/08/24 06:35:12 INFO TransportClientFactory: Successfully created connection to spark-master/172.18.0.9:7077 after 17 ms (0 ms spent in bootstraps)","logger":"airflow.task.hooks.airflow.providers.apache.spark.hooks.spark_submit.SparkSubmitHook"}
{"timestamp":"2025-08-24T06:35:12.124373","level":"info","event":"25/08/24 06:35:12 INFO StandaloneSchedulerBackend: Connected to Spark cluster with app ID app-20250824063512-0003","logger":"airflow.task.hooks.airflow.providers.apache.spark.hooks.spark_submit.SparkSubmitHook"}
{"timestamp":"2025-08-24T06:35:12.125433","level":"info","event":"25/08/24 06:35:12 INFO StandaloneAppClient$ClientEndpoint: Executor added: app-20250824063512-0003/0 on worker-20250824063230-172.18.0.12-33535 (172.18.0.12:33535) with 24 core(s)","logger":"airflow.task.hooks.airflow.providers.apache.spark.hooks.spark_submit.SparkSubmitHook"}
{"timestamp":"2025-08-24T06:35:12.126929","level":"info","event":"25/08/24 06:35:12 INFO StandaloneSchedulerBackend: Granted executor ID app-20250824063512-0003/0 on hostPort 172.18.0.12:33535 with 24 core(s), 1024.0 MiB RAM","logger":"airflow.task.hooks.airflow.providers.apache.spark.hooks.spark_submit.SparkSubmitHook"}
{"timestamp":"2025-08-24T06:35:12.129607","level":"info","event":"25/08/24 06:35:12 INFO Utils: Successfully started service 'org.apache.spark.network.netty.NettyBlockTransferService' on port 40063.","logger":"airflow.task.hooks.airflow.providers.apache.spark.hooks.spark_submit.SparkSubmitHook"}
{"timestamp":"2025-08-24T06:35:12.129809","level":"info","event":"25/08/24 06:35:12 INFO NettyBlockTransferService: Server created on d1a510057263:40063","logger":"airflow.task.hooks.airflow.providers.apache.spark.hooks.spark_submit.SparkSubmitHook"}
{"timestamp":"2025-08-24T06:35:12.130813","level":"info","event":"25/08/24 06:35:12 INFO BlockManager: Using org.apache.spark.storage.RandomBlockReplicationPolicy for block replication policy","logger":"airflow.task.hooks.airflow.providers.apache.spark.hooks.spark_submit.SparkSubmitHook"}
{"timestamp":"2025-08-24T06:35:12.135380","level":"info","event":"25/08/24 06:35:12 INFO BlockManagerMaster: Registering BlockManager BlockManagerId(driver, d1a510057263, 40063, None)","logger":"airflow.task.hooks.airflow.providers.apache.spark.hooks.spark_submit.SparkSubmitHook"}
{"timestamp":"2025-08-24T06:35:12.137891","level":"info","event":"25/08/24 06:35:12 INFO BlockManagerMasterEndpoint: Registering block manager d1a510057263:40063 with 434.4 MiB RAM, BlockManagerId(driver, d1a510057263, 40063, None)","logger":"airflow.task.hooks.airflow.providers.apache.spark.hooks.spark_submit.SparkSubmitHook"}
{"timestamp":"2025-08-24T06:35:12.139381","level":"info","event":"25/08/24 06:35:12 INFO BlockManagerMaster: Registered BlockManager BlockManagerId(driver, d1a510057263, 40063, None)","logger":"airflow.task.hooks.airflow.providers.apache.spark.hooks.spark_submit.SparkSubmitHook"}
{"timestamp":"2025-08-24T06:35:12.140245","level":"info","event":"25/08/24 06:35:12 INFO BlockManager: Initialized BlockManager: BlockManagerId(driver, d1a510057263, 40063, None)","logger":"airflow.task.hooks.airflow.providers.apache.spark.hooks.spark_submit.SparkSubmitHook"}
{"timestamp":"2025-08-24T06:35:12.147497","level":"info","event":"25/08/24 06:35:12 INFO StandaloneAppClient$ClientEndpoint: Executor updated: app-20250824063512-0003/0 is now RUNNING","logger":"airflow.task.hooks.airflow.providers.apache.spark.hooks.spark_submit.SparkSubmitHook"}
{"timestamp":"2025-08-24T06:35:12.253542","level":"info","event":"25/08/24 06:35:12 INFO StandaloneSchedulerBackend: SchedulerBackend is ready for scheduling beginning after reached minRegisteredResourcesRatio: 0.0","logger":"airflow.task.hooks.airflow.providers.apache.spark.hooks.spark_submit.SparkSubmitHook"}
{"timestamp":"2025-08-24T06:35:12.359726","level":"info","event":"25/08/24 06:35:12 INFO SharedState: Setting hive.metastore.warehouse.dir ('null') to the value of spark.sql.warehouse.dir.","logger":"airflow.task.hooks.airflow.providers.apache.spark.hooks.spark_submit.SparkSubmitHook"}
{"timestamp":"2025-08-24T06:35:12.361043","level":"info","event":"25/08/24 06:35:12 INFO SharedState: Warehouse path is 'file:/opt/airflow/spark-warehouse'.","logger":"airflow.task.hooks.airflow.providers.apache.spark.hooks.spark_submit.SparkSubmitHook"}
{"timestamp":"2025-08-24T06:35:12.895904","level":"info","event":"25/08/24 06:35:12 WARN MetricsConfig: Cannot locate configuration: tried hadoop-metrics2-s3a-file-system.properties,hadoop-metrics2.properties","logger":"airflow.task.hooks.airflow.providers.apache.spark.hooks.spark_submit.SparkSubmitHook"}
{"timestamp":"2025-08-24T06:35:12.905558","level":"info","event":"25/08/24 06:35:12 INFO MetricsSystemImpl: Scheduled Metric snapshot period at 10 second(s).","logger":"airflow.task.hooks.airflow.providers.apache.spark.hooks.spark_submit.SparkSubmitHook"}
{"timestamp":"2025-08-24T06:35:12.905820","level":"info","event":"25/08/24 06:35:12 INFO MetricsSystemImpl: s3a-file-system metrics system started","logger":"airflow.task.hooks.airflow.providers.apache.spark.hooks.spark_submit.SparkSubmitHook"}
{"timestamp":"2025-08-24T06:35:13.530038","level":"info","event":"25/08/24 06:35:13 INFO StandaloneSchedulerBackend$StandaloneDriverEndpoint: Registered executor NettyRpcEndpointRef(spark-client://Executor) (172.18.0.12:57216) with ID 0,  ResourceProfileId 0","logger":"airflow.task.hooks.airflow.providers.apache.spark.hooks.spark_submit.SparkSubmitHook"}
{"timestamp":"2025-08-24T06:35:13.583472","level":"info","event":"25/08/24 06:35:13 INFO BlockManagerMasterEndpoint: Registering block manager 172.18.0.12:39183 with 434.4 MiB RAM, BlockManagerId(0, 172.18.0.12, 39183, None)","logger":"airflow.task.hooks.airflow.providers.apache.spark.hooks.spark_submit.SparkSubmitHook"}
{"timestamp":"2025-08-24T06:35:13.618507","level":"info","event":"25/08/24 06:35:13 INFO InMemoryFileIndex: It took 66 ms to list leaf files for 1 paths.","logger":"airflow.task.hooks.airflow.providers.apache.spark.hooks.spark_submit.SparkSubmitHook"}
{"timestamp":"2025-08-24T06:35:13.770783","level":"info","event":"25/08/24 06:35:13 INFO InMemoryFileIndex: It took 99 ms to list leaf files for 6 paths.","logger":"airflow.task.hooks.airflow.providers.apache.spark.hooks.spark_submit.SparkSubmitHook"}
{"timestamp":"2025-08-24T06:35:15.029612","level":"info","event":"25/08/24 06:35:15 INFO FileSourceStrategy: Pushed Filters:","logger":"airflow.task.hooks.airflow.providers.apache.spark.hooks.spark_submit.SparkSubmitHook"}
{"timestamp":"2025-08-24T06:35:15.031179","level":"info","event":"25/08/24 06:35:15 INFO FileSourceStrategy: Post-Scan Filters: (length(trim(value#0, None)) > 0)","logger":"airflow.task.hooks.airflow.providers.apache.spark.hooks.spark_submit.SparkSubmitHook"}
{"timestamp":"2025-08-24T06:35:15.335972","level":"info","event":"25/08/24 06:35:15 INFO CodeGenerator: Code generated in 110.12848 ms","logger":"airflow.task.hooks.airflow.providers.apache.spark.hooks.spark_submit.SparkSubmitHook"}
{"timestamp":"2025-08-24T06:35:15.363927","level":"info","event":"25/08/24 06:35:15 INFO MemoryStore: Block broadcast_0 stored as values in memory (estimated size 202.0 KiB, free 434.2 MiB)","logger":"airflow.task.hooks.airflow.providers.apache.spark.hooks.spark_submit.SparkSubmitHook"}
{"timestamp":"2025-08-24T06:35:15.390780","level":"info","event":"25/08/24 06:35:15 INFO MemoryStore: Block broadcast_0_piece0 stored as bytes in memory (estimated size 35.2 KiB, free 434.2 MiB)","logger":"airflow.task.hooks.airflow.providers.apache.spark.hooks.spark_submit.SparkSubmitHook"}
{"timestamp":"2025-08-24T06:35:15.392600","level":"info","event":"25/08/24 06:35:15 INFO BlockManagerInfo: Added broadcast_0_piece0 in memory on d1a510057263:40063 (size: 35.2 KiB, free: 434.4 MiB)","logger":"airflow.task.hooks.airflow.providers.apache.spark.hooks.spark_submit.SparkSubmitHook"}
{"timestamp":"2025-08-24T06:35:15.394868","level":"info","event":"25/08/24 06:35:15 INFO SparkContext: Created broadcast 0 from csv at NativeMethodAccessorImpl.java:0","logger":"airflow.task.hooks.airflow.providers.apache.spark.hooks.spark_submit.SparkSubmitHook"}
{"timestamp":"2025-08-24T06:35:15.401823","level":"info","event":"25/08/24 06:35:15 INFO FileSourceScanExec: Planning scan with bin packing, max size: 4194304 bytes, open cost is considered as scanning 4194304 bytes.","logger":"airflow.task.hooks.airflow.providers.apache.spark.hooks.spark_submit.SparkSubmitHook"}
{"timestamp":"2025-08-24T06:35:15.455978","level":"info","event":"25/08/24 06:35:15 INFO SparkContext: Starting job: csv at NativeMethodAccessorImpl.java:0","logger":"airflow.task.hooks.airflow.providers.apache.spark.hooks.spark_submit.SparkSubmitHook"}
{"timestamp":"2025-08-24T06:35:15.464452","level":"info","event":"25/08/24 06:35:15 INFO DAGScheduler: Got job 0 (csv at NativeMethodAccessorImpl.java:0) with 1 output partitions","logger":"airflow.task.hooks.airflow.providers.apache.spark.hooks.spark_submit.SparkSubmitHook"}
{"timestamp":"2025-08-24T06:35:15.464869","level":"info","event":"25/08/24 06:35:15 INFO DAGScheduler: Final stage: ResultStage 0 (csv at NativeMethodAccessorImpl.java:0)","logger":"airflow.task.hooks.airflow.providers.apache.spark.hooks.spark_submit.SparkSubmitHook"}
{"timestamp":"2025-08-24T06:35:15.465140","level":"info","event":"25/08/24 06:35:15 INFO DAGScheduler: Parents of final stage: List()","logger":"airflow.task.hooks.airflow.providers.apache.spark.hooks.spark_submit.SparkSubmitHook"}
{"timestamp":"2025-08-24T06:35:15.465756","level":"info","event":"25/08/24 06:35:15 INFO DAGScheduler: Missing parents: List()","logger":"airflow.task.hooks.airflow.providers.apache.spark.hooks.spark_submit.SparkSubmitHook"}
{"timestamp":"2025-08-24T06:35:15.467516","level":"info","event":"25/08/24 06:35:15 INFO DAGScheduler: Submitting ResultStage 0 (MapPartitionsRDD[3] at csv at NativeMethodAccessorImpl.java:0), which has no missing parents","logger":"airflow.task.hooks.airflow.providers.apache.spark.hooks.spark_submit.SparkSubmitHook"}
{"timestamp":"2025-08-24T06:35:15.502444","level":"info","event":"25/08/24 06:35:15 INFO MemoryStore: Block broadcast_1 stored as values in memory (estimated size 13.5 KiB, free 434.2 MiB)","logger":"airflow.task.hooks.airflow.providers.apache.spark.hooks.spark_submit.SparkSubmitHook"}
{"timestamp":"2025-08-24T06:35:15.503580","level":"info","event":"25/08/24 06:35:15 INFO MemoryStore: Block broadcast_1_piece0 stored as bytes in memory (estimated size 6.4 KiB, free 434.1 MiB)","logger":"airflow.task.hooks.airflow.providers.apache.spark.hooks.spark_submit.SparkSubmitHook"}
{"timestamp":"2025-08-24T06:35:15.504377","level":"info","event":"25/08/24 06:35:15 INFO BlockManagerInfo: Added broadcast_1_piece0 in memory on d1a510057263:40063 (size: 6.4 KiB, free: 434.4 MiB)","logger":"airflow.task.hooks.airflow.providers.apache.spark.hooks.spark_submit.SparkSubmitHook"}
{"timestamp":"2025-08-24T06:35:15.504854","level":"info","event":"25/08/24 06:35:15 INFO SparkContext: Created broadcast 1 from broadcast at DAGScheduler.scala:1585","logger":"airflow.task.hooks.airflow.providers.apache.spark.hooks.spark_submit.SparkSubmitHook"}
{"timestamp":"2025-08-24T06:35:15.514942","level":"info","event":"25/08/24 06:35:15 INFO DAGScheduler: Submitting 1 missing tasks from ResultStage 0 (MapPartitionsRDD[3] at csv at NativeMethodAccessorImpl.java:0) (first 15 tasks are for partitions Vector(0))","logger":"airflow.task.hooks.airflow.providers.apache.spark.hooks.spark_submit.SparkSubmitHook"}
{"timestamp":"2025-08-24T06:35:15.515602","level":"info","event":"25/08/24 06:35:15 INFO TaskSchedulerImpl: Adding task set 0.0 with 1 tasks resource profile 0","logger":"airflow.task.hooks.airflow.providers.apache.spark.hooks.spark_submit.SparkSubmitHook"}
{"timestamp":"2025-08-24T06:35:15.530064","level":"info","event":"25/08/24 06:35:15 INFO TaskSetManager: Starting task 0.0 in stage 0.0 (TID 0) (172.18.0.12, executor 0, partition 0, PROCESS_LOCAL, 9909 bytes)","logger":"airflow.task.hooks.airflow.providers.apache.spark.hooks.spark_submit.SparkSubmitHook"}
{"timestamp":"2025-08-24T06:35:15.667407","level":"info","event":"25/08/24 06:35:15 INFO BlockManagerInfo: Added broadcast_1_piece0 in memory on 172.18.0.12:39183 (size: 6.4 KiB, free: 434.4 MiB)","logger":"airflow.task.hooks.airflow.providers.apache.spark.hooks.spark_submit.SparkSubmitHook"}
{"timestamp":"2025-08-24T06:35:16.106042","level":"info","event":"25/08/24 06:35:16 INFO BlockManagerInfo: Added broadcast_0_piece0 in memory on 172.18.0.12:39183 (size: 35.2 KiB, free: 434.4 MiB)","logger":"airflow.task.hooks.airflow.providers.apache.spark.hooks.spark_submit.SparkSubmitHook"}
{"timestamp":"2025-08-24T06:35:16.726494","level":"info","event":"25/08/24 06:35:16 INFO TaskSetManager: Finished task 0.0 in stage 0.0 (TID 0) in 1202 ms on 172.18.0.12 (executor 0) (1/1)","logger":"airflow.task.hooks.airflow.providers.apache.spark.hooks.spark_submit.SparkSubmitHook"}
{"timestamp":"2025-08-24T06:35:16.727951","level":"info","event":"25/08/24 06:35:16 INFO TaskSchedulerImpl: Removed TaskSet 0.0, whose tasks have all completed, from pool","logger":"airflow.task.hooks.airflow.providers.apache.spark.hooks.spark_submit.SparkSubmitHook"}
{"timestamp":"2025-08-24T06:35:16.731439","level":"info","event":"25/08/24 06:35:16 INFO DAGScheduler: ResultStage 0 (csv at NativeMethodAccessorImpl.java:0) finished in 1.257 s","logger":"airflow.task.hooks.airflow.providers.apache.spark.hooks.spark_submit.SparkSubmitHook"}
{"timestamp":"2025-08-24T06:35:16.732867","level":"info","event":"25/08/24 06:35:16 INFO DAGScheduler: Job 0 is finished. Cancelling potential speculative or zombie tasks for this job","logger":"airflow.task.hooks.airflow.providers.apache.spark.hooks.spark_submit.SparkSubmitHook"}
{"timestamp":"2025-08-24T06:35:16.733154","level":"info","event":"25/08/24 06:35:16 INFO TaskSchedulerImpl: Killing all running tasks in stage 0: Stage finished","logger":"airflow.task.hooks.airflow.providers.apache.spark.hooks.spark_submit.SparkSubmitHook"}
{"timestamp":"2025-08-24T06:35:16.734696","level":"info","event":"25/08/24 06:35:16 INFO DAGScheduler: Job 0 finished: csv at NativeMethodAccessorImpl.java:0, took 1.278309 s","logger":"airflow.task.hooks.airflow.providers.apache.spark.hooks.spark_submit.SparkSubmitHook"}
{"timestamp":"2025-08-24T06:35:16.751857","level":"info","event":"25/08/24 06:35:16 INFO CodeGenerator: Code generated in 8.898659 ms","logger":"airflow.task.hooks.airflow.providers.apache.spark.hooks.spark_submit.SparkSubmitHook"}
{"timestamp":"2025-08-24T06:35:16.779412","level":"info","event":"25/08/24 06:35:16 INFO FileSourceStrategy: Pushed Filters:","logger":"airflow.task.hooks.airflow.providers.apache.spark.hooks.spark_submit.SparkSubmitHook"}
{"timestamp":"2025-08-24T06:35:16.779519","level":"info","event":"25/08/24 06:35:16 INFO FileSourceStrategy: Post-Scan Filters:","logger":"airflow.task.hooks.airflow.providers.apache.spark.hooks.spark_submit.SparkSubmitHook"}
{"timestamp":"2025-08-24T06:35:16.783989","level":"info","event":"25/08/24 06:35:16 INFO MemoryStore: Block broadcast_2 stored as values in memory (estimated size 202.0 KiB, free 434.0 MiB)","logger":"airflow.task.hooks.airflow.providers.apache.spark.hooks.spark_submit.SparkSubmitHook"}
{"timestamp":"2025-08-24T06:35:16.790191","level":"info","event":"25/08/24 06:35:16 INFO MemoryStore: Block broadcast_2_piece0 stored as bytes in memory (estimated size 35.2 KiB, free 433.9 MiB)","logger":"airflow.task.hooks.airflow.providers.apache.spark.hooks.spark_submit.SparkSubmitHook"}
{"timestamp":"2025-08-24T06:35:16.790833","level":"info","event":"25/08/24 06:35:16 INFO BlockManagerInfo: Added broadcast_2_piece0 in memory on d1a510057263:40063 (size: 35.2 KiB, free: 434.3 MiB)","logger":"airflow.task.hooks.airflow.providers.apache.spark.hooks.spark_submit.SparkSubmitHook"}
{"timestamp":"2025-08-24T06:35:16.791317","level":"info","event":"25/08/24 06:35:16 INFO SparkContext: Created broadcast 2 from csv at NativeMethodAccessorImpl.java:0","logger":"airflow.task.hooks.airflow.providers.apache.spark.hooks.spark_submit.SparkSubmitHook"}
{"timestamp":"2025-08-24T06:35:16.792343","level":"info","event":"25/08/24 06:35:16 INFO FileSourceScanExec: Planning scan with bin packing, max size: 4194304 bytes, open cost is considered as scanning 4194304 bytes.","logger":"airflow.task.hooks.airflow.providers.apache.spark.hooks.spark_submit.SparkSubmitHook"}
{"timestamp":"2025-08-24T06:35:16.877916","level":"info","event":"25/08/24 06:35:16 INFO FileSourceStrategy: Pushed Filters:","logger":"airflow.task.hooks.airflow.providers.apache.spark.hooks.spark_submit.SparkSubmitHook"}
{"timestamp":"2025-08-24T06:35:16.878036","level":"info","event":"25/08/24 06:35:16 INFO FileSourceStrategy: Post-Scan Filters:","logger":"airflow.task.hooks.airflow.providers.apache.spark.hooks.spark_submit.SparkSubmitHook"}
{"timestamp":"2025-08-24T06:35:16.942202","level":"info","event":"25/08/24 06:35:16 INFO CodeGenerator: Code generated in 23.586519 ms","logger":"airflow.task.hooks.airflow.providers.apache.spark.hooks.spark_submit.SparkSubmitHook"}
{"timestamp":"2025-08-24T06:35:16.945242","level":"info","event":"25/08/24 06:35:16 INFO MemoryStore: Block broadcast_3 stored as values in memory (estimated size 201.9 KiB, free 433.7 MiB)","logger":"airflow.task.hooks.airflow.providers.apache.spark.hooks.spark_submit.SparkSubmitHook"}
{"timestamp":"2025-08-24T06:35:16.951570","level":"info","event":"25/08/24 06:35:16 INFO MemoryStore: Block broadcast_3_piece0 stored as bytes in memory (estimated size 35.2 KiB, free 433.7 MiB)","logger":"airflow.task.hooks.airflow.providers.apache.spark.hooks.spark_submit.SparkSubmitHook"}
{"timestamp":"2025-08-24T06:35:16.951970","level":"info","event":"25/08/24 06:35:16 INFO BlockManagerInfo: Added broadcast_3_piece0 in memory on d1a510057263:40063 (size: 35.2 KiB, free: 434.3 MiB)","logger":"airflow.task.hooks.airflow.providers.apache.spark.hooks.spark_submit.SparkSubmitHook"}
{"timestamp":"2025-08-24T06:35:16.952473","level":"info","event":"25/08/24 06:35:16 INFO SparkContext: Created broadcast 3 from showString at NativeMethodAccessorImpl.java:0","logger":"airflow.task.hooks.airflow.providers.apache.spark.hooks.spark_submit.SparkSubmitHook"}
{"timestamp":"2025-08-24T06:35:16.955523","level":"info","event":"25/08/24 06:35:16 INFO FileSourceScanExec: Planning scan with bin packing, max size: 4194304 bytes, open cost is considered as scanning 4194304 bytes.","logger":"airflow.task.hooks.airflow.providers.apache.spark.hooks.spark_submit.SparkSubmitHook"}
{"timestamp":"2025-08-24T06:35:16.964931","level":"info","event":"25/08/24 06:35:16 INFO SparkContext: Starting job: showString at NativeMethodAccessorImpl.java:0","logger":"airflow.task.hooks.airflow.providers.apache.spark.hooks.spark_submit.SparkSubmitHook"}
{"timestamp":"2025-08-24T06:35:16.965703","level":"info","event":"25/08/24 06:35:16 INFO DAGScheduler: Got job 1 (showString at NativeMethodAccessorImpl.java:0) with 1 output partitions","logger":"airflow.task.hooks.airflow.providers.apache.spark.hooks.spark_submit.SparkSubmitHook"}
{"timestamp":"2025-08-24T06:35:16.965806","level":"info","event":"25/08/24 06:35:16 INFO DAGScheduler: Final stage: ResultStage 1 (showString at NativeMethodAccessorImpl.java:0)","logger":"airflow.task.hooks.airflow.providers.apache.spark.hooks.spark_submit.SparkSubmitHook"}
{"timestamp":"2025-08-24T06:35:16.965841","level":"info","event":"25/08/24 06:35:16 INFO DAGScheduler: Parents of final stage: List()","logger":"airflow.task.hooks.airflow.providers.apache.spark.hooks.spark_submit.SparkSubmitHook"}
{"timestamp":"2025-08-24T06:35:16.965880","level":"info","event":"25/08/24 06:35:16 INFO DAGScheduler: Missing parents: List()","logger":"airflow.task.hooks.airflow.providers.apache.spark.hooks.spark_submit.SparkSubmitHook"}
{"timestamp":"2025-08-24T06:35:16.966217","level":"info","event":"25/08/24 06:35:16 INFO DAGScheduler: Submitting ResultStage 1 (MapPartitionsRDD[13] at showString at NativeMethodAccessorImpl.java:0), which has no missing parents","logger":"airflow.task.hooks.airflow.providers.apache.spark.hooks.spark_submit.SparkSubmitHook"}
{"timestamp":"2025-08-24T06:35:16.970001","level":"info","event":"25/08/24 06:35:16 INFO MemoryStore: Block broadcast_4 stored as values in memory (estimated size 23.6 KiB, free 433.7 MiB)","logger":"airflow.task.hooks.airflow.providers.apache.spark.hooks.spark_submit.SparkSubmitHook"}
{"timestamp":"2025-08-24T06:35:16.971272","level":"info","event":"25/08/24 06:35:16 INFO MemoryStore: Block broadcast_4_piece0 stored as bytes in memory (estimated size 9.1 KiB, free 433.7 MiB)","logger":"airflow.task.hooks.airflow.providers.apache.spark.hooks.spark_submit.SparkSubmitHook"}
{"timestamp":"2025-08-24T06:35:16.971880","level":"info","event":"25/08/24 06:35:16 INFO BlockManagerInfo: Added broadcast_4_piece0 in memory on d1a510057263:40063 (size: 9.1 KiB, free: 434.3 MiB)","logger":"airflow.task.hooks.airflow.providers.apache.spark.hooks.spark_submit.SparkSubmitHook"}
{"timestamp":"2025-08-24T06:35:16.972380","level":"info","event":"25/08/24 06:35:16 INFO SparkContext: Created broadcast 4 from broadcast at DAGScheduler.scala:1585","logger":"airflow.task.hooks.airflow.providers.apache.spark.hooks.spark_submit.SparkSubmitHook"}
{"timestamp":"2025-08-24T06:35:16.973590","level":"info","event":"25/08/24 06:35:16 INFO DAGScheduler: Submitting 1 missing tasks from ResultStage 1 (MapPartitionsRDD[13] at showString at NativeMethodAccessorImpl.java:0) (first 15 tasks are for partitions Vector(0))","logger":"airflow.task.hooks.airflow.providers.apache.spark.hooks.spark_submit.SparkSubmitHook"}
{"timestamp":"2025-08-24T06:35:16.973733","level":"info","event":"25/08/24 06:35:16 INFO TaskSchedulerImpl: Adding task set 1.0 with 1 tasks resource profile 0","logger":"airflow.task.hooks.airflow.providers.apache.spark.hooks.spark_submit.SparkSubmitHook"}
{"timestamp":"2025-08-24T06:35:16.974778","level":"info","event":"25/08/24 06:35:16 INFO TaskSetManager: Starting task 0.0 in stage 1.0 (TID 1) (172.18.0.12, executor 0, partition 0, PROCESS_LOCAL, 9909 bytes)","logger":"airflow.task.hooks.airflow.providers.apache.spark.hooks.spark_submit.SparkSubmitHook"}
{"timestamp":"2025-08-24T06:35:16.992398","level":"info","event":"25/08/24 06:35:16 INFO BlockManagerInfo: Added broadcast_4_piece0 in memory on 172.18.0.12:39183 (size: 9.1 KiB, free: 434.4 MiB)","logger":"airflow.task.hooks.airflow.providers.apache.spark.hooks.spark_submit.SparkSubmitHook"}
{"timestamp":"2025-08-24T06:35:17.068059","level":"info","event":"25/08/24 06:35:17 INFO BlockManagerInfo: Added broadcast_3_piece0 in memory on 172.18.0.12:39183 (size: 35.2 KiB, free: 434.3 MiB)","logger":"airflow.task.hooks.airflow.providers.apache.spark.hooks.spark_submit.SparkSubmitHook"}
{"timestamp":"2025-08-24T06:35:17.324340","level":"info","event":"25/08/24 06:35:17 INFO TaskSetManager: Finished task 0.0 in stage 1.0 (TID 1) in 349 ms on 172.18.0.12 (executor 0) (1/1)","logger":"airflow.task.hooks.airflow.providers.apache.spark.hooks.spark_submit.SparkSubmitHook"}
{"timestamp":"2025-08-24T06:35:17.324452","level":"info","event":"25/08/24 06:35:17 INFO TaskSchedulerImpl: Removed TaskSet 1.0, whose tasks have all completed, from pool","logger":"airflow.task.hooks.airflow.providers.apache.spark.hooks.spark_submit.SparkSubmitHook"}
{"timestamp":"2025-08-24T06:35:17.325253","level":"info","event":"25/08/24 06:35:17 INFO DAGScheduler: ResultStage 1 (showString at NativeMethodAccessorImpl.java:0) finished in 0.357 s","logger":"airflow.task.hooks.airflow.providers.apache.spark.hooks.spark_submit.SparkSubmitHook"}
{"timestamp":"2025-08-24T06:35:17.325327","level":"info","event":"25/08/24 06:35:17 INFO DAGScheduler: Job 1 is finished. Cancelling potential speculative or zombie tasks for this job","logger":"airflow.task.hooks.airflow.providers.apache.spark.hooks.spark_submit.SparkSubmitHook"}
{"timestamp":"2025-08-24T06:35:17.325360","level":"info","event":"25/08/24 06:35:17 INFO TaskSchedulerImpl: Killing all running tasks in stage 1: Stage finished","logger":"airflow.task.hooks.airflow.providers.apache.spark.hooks.spark_submit.SparkSubmitHook"}
{"timestamp":"2025-08-24T06:35:17.325737","level":"info","event":"25/08/24 06:35:17 INFO DAGScheduler: Job 1 finished: showString at NativeMethodAccessorImpl.java:0, took 0.360701 s","logger":"airflow.task.hooks.airflow.providers.apache.spark.hooks.spark_submit.SparkSubmitHook"}
{"timestamp":"2025-08-24T06:35:17.356537","level":"info","event":"25/08/24 06:35:17 INFO CodeGenerator: Code generated in 21.66247 ms","logger":"airflow.task.hooks.airflow.providers.apache.spark.hooks.spark_submit.SparkSubmitHook"}
{"timestamp":"2025-08-24T06:35:17.367538","level":"info","event":"+--------------------+--------------------+--------------------+--------------------+--------------------+------------------+------+-------+--------------+--------------------+-------+--------------------+--------+--------------------+-----------+------------+------------+------------+--------------------+","logger":"airflow.task.hooks.airflow.providers.apache.spark.hooks.spark_submit.SparkSubmitHook"}
{"timestamp":"2025-08-24T06:35:17.367715","level":"info","event":"|                  id|                 url|               media|               score|               title|            author|edited|is_self|       over_18|             preview|spoiler|            selftext|stickied|           permalink|  subreddit| created_utc|num_comments|upvote_ratio|     link_flair_text|","logger":"airflow.task.hooks.airflow.providers.apache.spark.hooks.spark_submit.SparkSubmitHook"}
{"timestamp":"2025-08-24T06:35:17.367797","level":"info","event":"+--------------------+--------------------+--------------------+--------------------+--------------------+------------------+------+-------+--------------+--------------------+-------+--------------------+--------+--------------------+-----------+------------+------------+------------+--------------------+","logger":"airflow.task.hooks.airflow.providers.apache.spark.hooks.spark_submit.SparkSubmitHook"}
{"timestamp":"2025-08-24T06:35:17.367867","level":"info","event":"|             1my9da0|https://www.reddi...|                NULL|                   1|Performance On Lo...|     NoN-Stop-Dank| False|   True|         False|                NULL|  False|\"I saw on a Moxsy...|    NULL|                NULL|       NULL|        NULL|        NULL|        NULL|                NULL|","logger":"airflow.task.hooks.airflow.providers.apache.spark.hooks.spark_submit.SparkSubmitHook"}
{"timestamp":"2025-08-24T06:35:17.367935","level":"info","event":"|I have a 2070 Sup...| but DICE probabl...|               False|/r/Borderlands4/c...|        Borderlands4|      1755974370.0|     1|    1.0|❔ [ Question ]|                NULL|   NULL|                NULL|    NULL|                NULL|       NULL|        NULL|        NULL|        NULL|                NULL|","logger":"airflow.task.hooks.airflow.providers.apache.spark.hooks.spark_submit.SparkSubmitHook"}
{"timestamp":"2025-08-24T06:35:17.368074","level":"info","event":"|             1my99bb|https://i.redd.it...|                NULL|                   1|Just warming up f...|SoggyBlueberry9440| False|  False|         False|{'images': [{'id'...|  False|37-8, decent scor...|   False|/r/Battlefield/co...|Battlefield|1755974112.0|           1|        0.99|       Battlefield 6|","logger":"airflow.task.hooks.airflow.providers.apache.spark.hooks.spark_submit.SparkSubmitHook"}
{"timestamp":"2025-08-24T06:35:17.368150","level":"info","event":"|             1my8yul|https://v.redd.it...|{'reddit_video': ...|                   0|[BF6] Sniping is ...|         exquicity| False|  False|         False|{'images': [{'id'...|  False|Who else excited ...|   False|/r/Battlefield/co...|Battlefield|1755973420.0|           1|         0.5|🪖Only In Battlef...|","logger":"airflow.task.hooks.airflow.providers.apache.spark.hooks.spark_submit.SparkSubmitHook"}
{"timestamp":"2025-08-24T06:35:17.368187","level":"info","event":"|             1my8xdn|https://www.reddi...|                NULL|                   2|My buddy and I ar...|      paper_plains| False|   True|         False|                NULL|  False|As the title stat...|   False|/r/Battlefield/co...|Battlefield|1755973327.0|           2|         1.0|    Battlefield 2042|","logger":"airflow.task.hooks.airflow.providers.apache.spark.hooks.spark_submit.SparkSubmitHook"}
{"timestamp":"2025-08-24T06:35:17.368214","level":"info","event":"|             1my8n0i|https://i.redd.it...|                NULL|                   3|On a serious note...|  Temporary-Ad8735| False|  False|         False|{'images': [{'id'...|  False|                NULL|   False|/r/Battlefield/co...|Battlefield|1755972652.0|          61|        0.59|       Battlefield 6|","logger":"airflow.task.hooks.airflow.providers.apache.spark.hooks.spark_submit.SparkSubmitHook"}
{"timestamp":"2025-08-24T06:35:17.368247","level":"info","event":"|             1my8kp6|https://www.reddi...|                NULL|                   1|Console players, ...|        Playwithuh| False|   True|         False|                NULL|  False|I have been playi...|    NULL|                NULL|       NULL|        NULL|        NULL|        NULL|                NULL|","logger":"airflow.task.hooks.airflow.providers.apache.spark.hooks.spark_submit.SparkSubmitHook"}
{"timestamp":"2025-08-24T06:35:17.368330","level":"info","event":"|I have been absol...| got rolled a ton...| operations I had...|                NULL|                NULL|              NULL|  NULL|   NULL|          NULL|                NULL|   NULL|                NULL|    NULL|                NULL|       NULL|        NULL|        NULL|        NULL|                NULL|","logger":"airflow.task.hooks.airflow.providers.apache.spark.hooks.spark_submit.SparkSubmitHook"}
{"timestamp":"2025-08-24T06:35:17.368385","level":"info","event":"|     After some time| I got the hang o...|       playing recon|      flanking enemy| setting up strat...|              NULL|  NULL|   NULL|          NULL|                NULL|   NULL|                NULL|    NULL|                NULL|       NULL|        NULL|        NULL|        NULL|                NULL|","logger":"airflow.task.hooks.airflow.providers.apache.spark.hooks.spark_submit.SparkSubmitHook"}
{"timestamp":"2025-08-24T06:35:17.368430","level":"info","event":"|         Safe to say| I'll continue pl...| glad it came to ...| most have that m...| other than strai...|              NULL|  NULL|   NULL|          NULL|                NULL|   NULL|                NULL|    NULL|                NULL|       NULL|        NULL|        NULL|        NULL|                NULL|","logger":"airflow.task.hooks.airflow.providers.apache.spark.hooks.spark_submit.SparkSubmitHook"}
{"timestamp":"2025-08-24T06:35:17.368470","level":"info","event":"+--------------------+--------------------+--------------------+--------------------+--------------------+------------------+------+-------+--------------+--------------------+-------+--------------------+--------+--------------------+-----------+------------+------------+------------+--------------------+","logger":"airflow.task.hooks.airflow.providers.apache.spark.hooks.spark_submit.SparkSubmitHook"}
{"timestamp":"2025-08-24T06:35:17.368513","level":"info","event":"only showing top 10 rows","logger":"airflow.task.hooks.airflow.providers.apache.spark.hooks.spark_submit.SparkSubmitHook"}
{"timestamp":"2025-08-24T06:35:17.368556","level":"info","event":"","logger":"airflow.task.hooks.airflow.providers.apache.spark.hooks.spark_submit.SparkSubmitHook"}
{"timestamp":"2025-08-24T06:35:17.368594","level":"info","event":"25/08/24 06:35:17 INFO SparkContext: SparkContext is stopping with exitCode 0.","logger":"airflow.task.hooks.airflow.providers.apache.spark.hooks.spark_submit.SparkSubmitHook"}
{"timestamp":"2025-08-24T06:35:17.378795","level":"info","event":"25/08/24 06:35:17 INFO SparkUI: Stopped Spark web UI at http://d1a510057263:4040","logger":"airflow.task.hooks.airflow.providers.apache.spark.hooks.spark_submit.SparkSubmitHook"}
{"timestamp":"2025-08-24T06:35:17.381258","level":"info","event":"25/08/24 06:35:17 INFO StandaloneSchedulerBackend: Shutting down all executors","logger":"airflow.task.hooks.airflow.providers.apache.spark.hooks.spark_submit.SparkSubmitHook"}
{"timestamp":"2025-08-24T06:35:17.381526","level":"info","event":"25/08/24 06:35:17 INFO StandaloneSchedulerBackend$StandaloneDriverEndpoint: Asking each executor to shut down","logger":"airflow.task.hooks.airflow.providers.apache.spark.hooks.spark_submit.SparkSubmitHook"}
{"timestamp":"2025-08-24T06:35:17.393451","level":"info","event":"25/08/24 06:35:17 INFO MapOutputTrackerMasterEndpoint: MapOutputTrackerMasterEndpoint stopped!","logger":"airflow.task.hooks.airflow.providers.apache.spark.hooks.spark_submit.SparkSubmitHook"}
{"timestamp":"2025-08-24T06:35:17.404083","level":"info","event":"25/08/24 06:35:17 INFO MemoryStore: MemoryStore cleared","logger":"airflow.task.hooks.airflow.providers.apache.spark.hooks.spark_submit.SparkSubmitHook"}
{"timestamp":"2025-08-24T06:35:17.404527","level":"info","event":"25/08/24 06:35:17 INFO BlockManager: BlockManager stopped","logger":"airflow.task.hooks.airflow.providers.apache.spark.hooks.spark_submit.SparkSubmitHook"}
{"timestamp":"2025-08-24T06:35:17.409198","level":"info","event":"25/08/24 06:35:17 INFO BlockManagerMaster: BlockManagerMaster stopped","logger":"airflow.task.hooks.airflow.providers.apache.spark.hooks.spark_submit.SparkSubmitHook"}
{"timestamp":"2025-08-24T06:35:17.411501","level":"info","event":"25/08/24 06:35:17 INFO OutputCommitCoordinator$OutputCommitCoordinatorEndpoint: OutputCommitCoordinator stopped!","logger":"airflow.task.hooks.airflow.providers.apache.spark.hooks.spark_submit.SparkSubmitHook"}
{"timestamp":"2025-08-24T06:35:17.418221","level":"info","event":"25/08/24 06:35:17 INFO SparkContext: Successfully stopped SparkContext","logger":"airflow.task.hooks.airflow.providers.apache.spark.hooks.spark_submit.SparkSubmitHook"}
{"timestamp":"2025-08-24T06:35:17.813612","level":"info","event":"25/08/24 06:35:17 INFO ShutdownHookManager: Shutdown hook called","logger":"airflow.task.hooks.airflow.providers.apache.spark.hooks.spark_submit.SparkSubmitHook"}
{"timestamp":"2025-08-24T06:35:17.813908","level":"info","event":"25/08/24 06:35:17 INFO ShutdownHookManager: Deleting directory /tmp/spark-809c235c-7df8-48ec-84cd-c32360e83250","logger":"airflow.task.hooks.airflow.providers.apache.spark.hooks.spark_submit.SparkSubmitHook"}
{"timestamp":"2025-08-24T06:35:17.816910","level":"info","event":"25/08/24 06:35:17 INFO ShutdownHookManager: Deleting directory /tmp/spark-809c235c-7df8-48ec-84cd-c32360e83250/pyspark-acd28623-8739-40f1-9ea0-ae7babb83f71","logger":"airflow.task.hooks.airflow.providers.apache.spark.hooks.spark_submit.SparkSubmitHook"}
{"timestamp":"2025-08-24T06:35:17.819349","level":"info","event":"25/08/24 06:35:17 INFO ShutdownHookManager: Deleting directory /tmp/spark-6d316da5-a56e-41f1-b24c-4963d640b967","logger":"airflow.task.hooks.airflow.providers.apache.spark.hooks.spark_submit.SparkSubmitHook"}
{"timestamp":"2025-08-24T06:35:17.823853","level":"info","event":"25/08/24 06:35:17 INFO MetricsSystemImpl: Stopping s3a-file-system metrics system...","logger":"airflow.task.hooks.airflow.providers.apache.spark.hooks.spark_submit.SparkSubmitHook"}
{"timestamp":"2025-08-24T06:35:17.823955","level":"info","event":"25/08/24 06:35:17 INFO MetricsSystemImpl: s3a-file-system metrics system stopped.","logger":"airflow.task.hooks.airflow.providers.apache.spark.hooks.spark_submit.SparkSubmitHook"}
{"timestamp":"2025-08-24T06:35:17.824140","level":"info","event":"25/08/24 06:35:17 INFO MetricsSystemImpl: s3a-file-system metrics system shutdown complete.","logger":"airflow.task.hooks.airflow.providers.apache.spark.hooks.spark_submit.SparkSubmitHook"}
