[2025-08-08T02:26:19.591+0000] {local_task_job_runner.py:120} INFO - ::group::Pre task execution logs
[2025-08-08T02:26:19.615+0000] {taskinstance.py:2076} INFO - Dependencies all met for dep_context=non-requeueable deps ti=<TaskInstance: climate_data.create_folder scheduled__2022-10-10T00:00:00+00:00 [queued]>
[2025-08-08T02:26:19.621+0000] {taskinstance.py:2076} INFO - Dependencies all met for dep_context=requeueable deps ti=<TaskInstance: climate_data.create_folder scheduled__2022-10-10T00:00:00+00:00 [queued]>
[2025-08-08T02:26:19.622+0000] {taskinstance.py:2306} INFO - Starting attempt 1 of 1
[2025-08-08T02:26:19.632+0000] {taskinstance.py:2330} INFO - Executing <Task(BashOperator): create_folder> on 2022-10-10 00:00:00+00:00
[2025-08-08T02:26:19.639+0000] {standard_task_runner.py:63} INFO - Started process 248 to run task
[2025-08-08T02:26:19.642+0000] {standard_task_runner.py:90} INFO - Running: ['***', 'tasks', 'run', 'climate_data', 'create_folder', 'scheduled__2022-10-10T00:00:00+00:00', '--job-id', '36', '--raw', '--subdir', 'DAGS_FOLDER/climate_data.py', '--cfg-path', '/tmp/tmpcx_irycf']
[2025-08-08T02:26:19.643+0000] {standard_task_runner.py:91} INFO - Job 36: Subtask create_folder
[2025-08-08T02:26:19.657+0000] {logging_mixin.py:188} WARNING - /home/***/.local/lib/python3.9/site-packages/***/settings.py:195 DeprecationWarning: The sql_alchemy_conn option in [core] has been moved to the sql_alchemy_conn option in [database] - the old setting has been used, but please update your config.
[2025-08-08T02:26:19.693+0000] {task_command.py:426} INFO - Running <TaskInstance: climate_data.create_folder scheduled__2022-10-10T00:00:00+00:00 [running]> on host 3ceab82043f1
[2025-08-08T02:26:19.751+0000] {taskinstance.py:2648} INFO - Exporting env vars: AIRFLOW_CTX_DAG_OWNER='***' AIRFLOW_CTX_DAG_ID='climate_data' AIRFLOW_CTX_TASK_ID='create_folder' AIRFLOW_CTX_EXECUTION_DATE='2022-10-10T00:00:00+00:00' AIRFLOW_CTX_TRY_NUMBER='1' AIRFLOW_CTX_DAG_RUN_ID='scheduled__2022-10-10T00:00:00+00:00'
[2025-08-08T02:26:19.752+0000] {taskinstance.py:430} INFO - ::endgroup::
[2025-08-08T02:26:19.759+0000] {subprocess.py:63} INFO - Tmp dir root location: /tmp
[2025-08-08T02:26:19.760+0000] {subprocess.py:75} INFO - Running command: ['/usr/bin/bash', '-c', 'mkdir -p /home/***/host_documents/week2022-10-17"']
[2025-08-08T02:26:19.767+0000] {subprocess.py:86} INFO - Output:
[2025-08-08T02:26:19.769+0000] {subprocess.py:93} INFO - /usr/bin/bash: -c: line 1: unexpected EOF while looking for matching `"'
[2025-08-08T02:26:19.769+0000] {subprocess.py:97} INFO - Command exited with return code 2
[2025-08-08T02:26:19.770+0000] {taskinstance.py:441} INFO - ::group::Post task execution logs
[2025-08-08T02:26:19.779+0000] {taskinstance.py:2905} ERROR - Task failed with exception
Traceback (most recent call last):
  File "/home/airflow/.local/lib/python3.9/site-packages/airflow/models/taskinstance.py", line 465, in _execute_task
    result = _execute_callable(context=context, **execute_callable_kwargs)
  File "/home/airflow/.local/lib/python3.9/site-packages/airflow/models/taskinstance.py", line 432, in _execute_callable
    return execute_callable(context=context, **execute_callable_kwargs)
  File "/home/airflow/.local/lib/python3.9/site-packages/airflow/models/baseoperator.py", line 400, in wrapper
    return func(self, *args, **kwargs)
  File "/home/airflow/.local/lib/python3.9/site-packages/airflow/operators/bash.py", line 243, in execute
    raise AirflowException(
airflow.exceptions.AirflowException: Bash command failed. The command returned a non-zero exit code 2.
[2025-08-08T02:26:19.782+0000] {taskinstance.py:1206} INFO - Marking task as FAILED. dag_id=climate_data, task_id=create_folder, run_id=scheduled__2022-10-10T00:00:00+00:00, execution_date=20221010T000000, start_date=20250808T022619, end_date=20250808T022619
[2025-08-08T02:26:19.791+0000] {standard_task_runner.py:110} ERROR - Failed to execute job 36 for task create_folder (Bash command failed. The command returned a non-zero exit code 2.; 248)
[2025-08-08T02:26:19.814+0000] {local_task_job_runner.py:240} INFO - Task exited with return code 1
[2025-08-08T02:26:19.827+0000] {taskinstance.py:3498} INFO - 0 downstream tasks scheduled from follow-on schedule check
[2025-08-08T02:26:19.830+0000] {local_task_job_runner.py:222} INFO - ::endgroup::
[2025-08-08T02:34:38.054+0000] {local_task_job_runner.py:120} INFO - ::group::Pre task execution logs
[2025-08-08T02:34:38.075+0000] {taskinstance.py:2076} INFO - Dependencies all met for dep_context=non-requeueable deps ti=<TaskInstance: climate_data.create_folder scheduled__2022-10-10T00:00:00+00:00 [queued]>
[2025-08-08T02:34:38.081+0000] {taskinstance.py:2076} INFO - Dependencies all met for dep_context=requeueable deps ti=<TaskInstance: climate_data.create_folder scheduled__2022-10-10T00:00:00+00:00 [queued]>
[2025-08-08T02:34:38.082+0000] {taskinstance.py:2306} INFO - Starting attempt 1 of 1
[2025-08-08T02:34:38.092+0000] {taskinstance.py:2330} INFO - Executing <Task(BashOperator): create_folder> on 2022-10-10 00:00:00+00:00
[2025-08-08T02:34:38.096+0000] {standard_task_runner.py:63} INFO - Started process 279 to run task
[2025-08-08T02:34:38.099+0000] {standard_task_runner.py:90} INFO - Running: ['***', 'tasks', 'run', 'climate_data', 'create_folder', 'scheduled__2022-10-10T00:00:00+00:00', '--job-id', '191', '--raw', '--subdir', 'DAGS_FOLDER/climate_data.py', '--cfg-path', '/tmp/tmpus9z0b4j']
[2025-08-08T02:34:38.100+0000] {standard_task_runner.py:91} INFO - Job 191: Subtask create_folder
[2025-08-08T02:34:38.113+0000] {logging_mixin.py:188} WARNING - /home/***/.local/lib/python3.9/site-packages/***/settings.py:195 DeprecationWarning: The sql_alchemy_conn option in [core] has been moved to the sql_alchemy_conn option in [database] - the old setting has been used, but please update your config.
[2025-08-08T02:34:38.152+0000] {task_command.py:426} INFO - Running <TaskInstance: climate_data.create_folder scheduled__2022-10-10T00:00:00+00:00 [running]> on host 1a6f5acf67f4
[2025-08-08T02:34:38.213+0000] {taskinstance.py:2648} INFO - Exporting env vars: AIRFLOW_CTX_DAG_OWNER='***' AIRFLOW_CTX_DAG_ID='climate_data' AIRFLOW_CTX_TASK_ID='create_folder' AIRFLOW_CTX_EXECUTION_DATE='2022-10-10T00:00:00+00:00' AIRFLOW_CTX_TRY_NUMBER='1' AIRFLOW_CTX_DAG_RUN_ID='scheduled__2022-10-10T00:00:00+00:00'
[2025-08-08T02:34:38.213+0000] {taskinstance.py:430} INFO - ::endgroup::
[2025-08-08T02:34:38.220+0000] {subprocess.py:63} INFO - Tmp dir root location: /tmp
[2025-08-08T02:34:38.221+0000] {subprocess.py:75} INFO - Running command: ['/usr/bin/bash', '-c', 'mkdir -p /home/***/host_documents/week2022-10-17"']
[2025-08-08T02:34:38.230+0000] {subprocess.py:86} INFO - Output:
[2025-08-08T02:34:38.232+0000] {subprocess.py:93} INFO - /usr/bin/bash: -c: line 1: unexpected EOF while looking for matching `"'
[2025-08-08T02:34:38.232+0000] {subprocess.py:97} INFO - Command exited with return code 2
[2025-08-08T02:34:38.233+0000] {taskinstance.py:441} INFO - ::group::Post task execution logs
[2025-08-08T02:34:38.240+0000] {taskinstance.py:2905} ERROR - Task failed with exception
Traceback (most recent call last):
  File "/home/airflow/.local/lib/python3.9/site-packages/airflow/models/taskinstance.py", line 465, in _execute_task
    result = _execute_callable(context=context, **execute_callable_kwargs)
  File "/home/airflow/.local/lib/python3.9/site-packages/airflow/models/taskinstance.py", line 432, in _execute_callable
    return execute_callable(context=context, **execute_callable_kwargs)
  File "/home/airflow/.local/lib/python3.9/site-packages/airflow/models/baseoperator.py", line 400, in wrapper
    return func(self, *args, **kwargs)
  File "/home/airflow/.local/lib/python3.9/site-packages/airflow/operators/bash.py", line 243, in execute
    raise AirflowException(
airflow.exceptions.AirflowException: Bash command failed. The command returned a non-zero exit code 2.
[2025-08-08T02:34:38.243+0000] {taskinstance.py:1206} INFO - Marking task as FAILED. dag_id=climate_data, task_id=create_folder, run_id=scheduled__2022-10-10T00:00:00+00:00, execution_date=20221010T000000, start_date=20250808T023438, end_date=20250808T023438
[2025-08-08T02:34:38.251+0000] {standard_task_runner.py:110} ERROR - Failed to execute job 191 for task create_folder (Bash command failed. The command returned a non-zero exit code 2.; 279)
[2025-08-08T02:34:38.271+0000] {local_task_job_runner.py:240} INFO - Task exited with return code 1
[2025-08-08T02:34:38.286+0000] {taskinstance.py:3498} INFO - 0 downstream tasks scheduled from follow-on schedule check
[2025-08-08T02:34:38.290+0000] {local_task_job_runner.py:222} INFO - ::endgroup::
[2025-08-08T02:39:13.623+0000] {local_task_job_runner.py:120} INFO - ::group::Pre task execution logs
[2025-08-08T02:39:13.645+0000] {taskinstance.py:2076} INFO - Dependencies all met for dep_context=non-requeueable deps ti=<TaskInstance: climate_data.create_folder scheduled__2022-10-10T00:00:00+00:00 [queued]>
[2025-08-08T02:39:13.655+0000] {taskinstance.py:2076} INFO - Dependencies all met for dep_context=requeueable deps ti=<TaskInstance: climate_data.create_folder scheduled__2022-10-10T00:00:00+00:00 [queued]>
[2025-08-08T02:39:13.655+0000] {taskinstance.py:2306} INFO - Starting attempt 1 of 1
[2025-08-08T02:39:13.668+0000] {taskinstance.py:2330} INFO - Executing <Task(BashOperator): create_folder> on 2022-10-10 00:00:00+00:00
[2025-08-08T02:39:13.673+0000] {standard_task_runner.py:63} INFO - Started process 1059 to run task
[2025-08-08T02:39:13.676+0000] {standard_task_runner.py:90} INFO - Running: ['***', 'tasks', 'run', 'climate_data', 'create_folder', 'scheduled__2022-10-10T00:00:00+00:00', '--job-id', '347', '--raw', '--subdir', 'DAGS_FOLDER/climate_data.py', '--cfg-path', '/tmp/tmp1xhpwtur']
[2025-08-08T02:39:13.680+0000] {standard_task_runner.py:91} INFO - Job 347: Subtask create_folder
[2025-08-08T02:39:13.694+0000] {logging_mixin.py:188} WARNING - /home/***/.local/lib/python3.9/site-packages/***/settings.py:195 DeprecationWarning: The sql_alchemy_conn option in [core] has been moved to the sql_alchemy_conn option in [database] - the old setting has been used, but please update your config.
[2025-08-08T02:39:13.745+0000] {task_command.py:426} INFO - Running <TaskInstance: climate_data.create_folder scheduled__2022-10-10T00:00:00+00:00 [running]> on host 1a6f5acf67f4
[2025-08-08T02:39:13.845+0000] {taskinstance.py:2648} INFO - Exporting env vars: AIRFLOW_CTX_DAG_OWNER='***' AIRFLOW_CTX_DAG_ID='climate_data' AIRFLOW_CTX_TASK_ID='create_folder' AIRFLOW_CTX_EXECUTION_DATE='2022-10-10T00:00:00+00:00' AIRFLOW_CTX_TRY_NUMBER='1' AIRFLOW_CTX_DAG_RUN_ID='scheduled__2022-10-10T00:00:00+00:00'
[2025-08-08T02:39:13.847+0000] {taskinstance.py:430} INFO - ::endgroup::
[2025-08-08T02:39:13.858+0000] {subprocess.py:63} INFO - Tmp dir root location: /tmp
[2025-08-08T02:39:13.859+0000] {subprocess.py:75} INFO - Running command: ['/usr/bin/bash', '-c', 'mkdir -p /home/***/host_documents/week2022-10-17']
[2025-08-08T02:39:13.868+0000] {subprocess.py:86} INFO - Output:
[2025-08-08T02:39:13.872+0000] {subprocess.py:97} INFO - Command exited with return code 0
[2025-08-08T02:39:13.873+0000] {taskinstance.py:441} INFO - ::group::Post task execution logs
[2025-08-08T02:39:13.895+0000] {taskinstance.py:1206} INFO - Marking task as SUCCESS. dag_id=climate_data, task_id=create_folder, run_id=scheduled__2022-10-10T00:00:00+00:00, execution_date=20221010T000000, start_date=20250808T023913, end_date=20250808T023913
[2025-08-08T02:39:13.929+0000] {local_task_job_runner.py:240} INFO - Task exited with return code 0
[2025-08-08T02:39:13.952+0000] {taskinstance.py:3498} INFO - 1 downstream tasks scheduled from follow-on schedule check
[2025-08-08T02:39:13.955+0000] {local_task_job_runner.py:222} INFO - ::endgroup::
[2025-08-08T02:42:12.090+0000] {local_task_job_runner.py:120} INFO - ::group::Pre task execution logs
[2025-08-08T02:42:12.110+0000] {taskinstance.py:2076} INFO - Dependencies all met for dep_context=non-requeueable deps ti=<TaskInstance: climate_data.create_folder scheduled__2022-10-10T00:00:00+00:00 [queued]>
[2025-08-08T02:42:12.118+0000] {taskinstance.py:2076} INFO - Dependencies all met for dep_context=requeueable deps ti=<TaskInstance: climate_data.create_folder scheduled__2022-10-10T00:00:00+00:00 [queued]>
[2025-08-08T02:42:12.118+0000] {taskinstance.py:2306} INFO - Starting attempt 1 of 1
[2025-08-08T02:42:12.131+0000] {taskinstance.py:2330} INFO - Executing <Task(BashOperator): create_folder> on 2022-10-10 00:00:00+00:00
[2025-08-08T02:42:12.137+0000] {standard_task_runner.py:63} INFO - Started process 2226 to run task
[2025-08-08T02:42:12.140+0000] {standard_task_runner.py:90} INFO - Running: ['***', 'tasks', 'run', 'climate_data', 'create_folder', 'scheduled__2022-10-10T00:00:00+00:00', '--job-id', '655', '--raw', '--subdir', 'DAGS_FOLDER/climate_data.py', '--cfg-path', '/tmp/tmpeg73t4mp']
[2025-08-08T02:42:12.141+0000] {standard_task_runner.py:91} INFO - Job 655: Subtask create_folder
[2025-08-08T02:42:12.154+0000] {logging_mixin.py:188} WARNING - /home/***/.local/lib/python3.9/site-packages/***/settings.py:195 DeprecationWarning: The sql_alchemy_conn option in [core] has been moved to the sql_alchemy_conn option in [database] - the old setting has been used, but please update your config.
[2025-08-08T02:42:12.200+0000] {task_command.py:426} INFO - Running <TaskInstance: climate_data.create_folder scheduled__2022-10-10T00:00:00+00:00 [running]> on host 1a6f5acf67f4
[2025-08-08T02:42:12.274+0000] {taskinstance.py:2648} INFO - Exporting env vars: AIRFLOW_CTX_DAG_OWNER='***' AIRFLOW_CTX_DAG_ID='climate_data' AIRFLOW_CTX_TASK_ID='create_folder' AIRFLOW_CTX_EXECUTION_DATE='2022-10-10T00:00:00+00:00' AIRFLOW_CTX_TRY_NUMBER='1' AIRFLOW_CTX_DAG_RUN_ID='scheduled__2022-10-10T00:00:00+00:00'
[2025-08-08T02:42:12.275+0000] {taskinstance.py:430} INFO - ::endgroup::
[2025-08-08T02:42:12.283+0000] {subprocess.py:63} INFO - Tmp dir root location: /tmp
[2025-08-08T02:42:12.284+0000] {subprocess.py:75} INFO - Running command: ['/usr/bin/bash', '-c', 'mkdir -p "/home/***/host_documents/week2022-10-17"']
[2025-08-08T02:42:12.295+0000] {subprocess.py:86} INFO - Output:
[2025-08-08T02:42:12.300+0000] {subprocess.py:97} INFO - Command exited with return code 0
[2025-08-08T02:42:12.302+0000] {taskinstance.py:441} INFO - ::group::Post task execution logs
[2025-08-08T02:42:12.327+0000] {taskinstance.py:1206} INFO - Marking task as SUCCESS. dag_id=climate_data, task_id=create_folder, run_id=scheduled__2022-10-10T00:00:00+00:00, execution_date=20221010T000000, start_date=20250808T024212, end_date=20250808T024212
[2025-08-08T02:42:12.393+0000] {local_task_job_runner.py:240} INFO - Task exited with return code 0
[2025-08-08T02:42:12.411+0000] {taskinstance.py:3498} INFO - 1 downstream tasks scheduled from follow-on schedule check
[2025-08-08T02:42:12.413+0000] {local_task_job_runner.py:222} INFO - ::endgroup::
