[2025-08-08T02:26:23.550+0000] {local_task_job_runner.py:120} INFO - ::group::Pre task execution logs
[2025-08-08T02:26:23.573+0000] {taskinstance.py:2076} INFO - Dependencies all met for dep_context=non-requeueable deps ti=<TaskInstance: climate_data.create_folder scheduled__2022-12-26T00:00:00+00:00 [queued]>
[2025-08-08T02:26:23.581+0000] {taskinstance.py:2076} INFO - Dependencies all met for dep_context=requeueable deps ti=<TaskInstance: climate_data.create_folder scheduled__2022-12-26T00:00:00+00:00 [queued]>
[2025-08-08T02:26:23.582+0000] {taskinstance.py:2306} INFO - Starting attempt 1 of 1
[2025-08-08T02:26:23.592+0000] {taskinstance.py:2330} INFO - Executing <Task(BashOperator): create_folder> on 2022-12-26 00:00:00+00:00
[2025-08-08T02:26:23.596+0000] {standard_task_runner.py:63} INFO - Started process 291 to run task
[2025-08-08T02:26:23.599+0000] {standard_task_runner.py:90} INFO - Running: ['***', 'tasks', 'run', 'climate_data', 'create_folder', 'scheduled__2022-12-26T00:00:00+00:00', '--job-id', '47', '--raw', '--subdir', 'DAGS_FOLDER/climate_data.py', '--cfg-path', '/tmp/tmpb8zjfs7y']
[2025-08-08T02:26:23.601+0000] {standard_task_runner.py:91} INFO - Job 47: Subtask create_folder
[2025-08-08T02:26:23.614+0000] {logging_mixin.py:188} WARNING - /home/***/.local/lib/python3.9/site-packages/***/settings.py:195 DeprecationWarning: The sql_alchemy_conn option in [core] has been moved to the sql_alchemy_conn option in [database] - the old setting has been used, but please update your config.
[2025-08-08T02:26:23.656+0000] {task_command.py:426} INFO - Running <TaskInstance: climate_data.create_folder scheduled__2022-12-26T00:00:00+00:00 [running]> on host 3ceab82043f1
[2025-08-08T02:26:23.717+0000] {taskinstance.py:2648} INFO - Exporting env vars: AIRFLOW_CTX_DAG_OWNER='***' AIRFLOW_CTX_DAG_ID='climate_data' AIRFLOW_CTX_TASK_ID='create_folder' AIRFLOW_CTX_EXECUTION_DATE='2022-12-26T00:00:00+00:00' AIRFLOW_CTX_TRY_NUMBER='1' AIRFLOW_CTX_DAG_RUN_ID='scheduled__2022-12-26T00:00:00+00:00'
[2025-08-08T02:26:23.718+0000] {taskinstance.py:430} INFO - ::endgroup::
[2025-08-08T02:26:23.725+0000] {subprocess.py:63} INFO - Tmp dir root location: /tmp
[2025-08-08T02:26:23.726+0000] {subprocess.py:75} INFO - Running command: ['/usr/bin/bash', '-c', 'mkdir -p /home/***/host_documents/week2023-01-02"']
[2025-08-08T02:26:23.734+0000] {subprocess.py:86} INFO - Output:
[2025-08-08T02:26:23.735+0000] {subprocess.py:93} INFO - /usr/bin/bash: -c: line 1: unexpected EOF while looking for matching `"'
[2025-08-08T02:26:23.735+0000] {subprocess.py:97} INFO - Command exited with return code 2
[2025-08-08T02:26:23.736+0000] {taskinstance.py:441} INFO - ::group::Post task execution logs
[2025-08-08T02:26:23.745+0000] {taskinstance.py:2905} ERROR - Task failed with exception
Traceback (most recent call last):
  File "/home/airflow/.local/lib/python3.9/site-packages/airflow/models/taskinstance.py", line 465, in _execute_task
    result = _execute_callable(context=context, **execute_callable_kwargs)
  File "/home/airflow/.local/lib/python3.9/site-packages/airflow/models/taskinstance.py", line 432, in _execute_callable
    return execute_callable(context=context, **execute_callable_kwargs)
  File "/home/airflow/.local/lib/python3.9/site-packages/airflow/models/baseoperator.py", line 400, in wrapper
    return func(self, *args, **kwargs)
  File "/home/airflow/.local/lib/python3.9/site-packages/airflow/operators/bash.py", line 243, in execute
    raise AirflowException(
airflow.exceptions.AirflowException: Bash command failed. The command returned a non-zero exit code 2.
[2025-08-08T02:26:23.748+0000] {taskinstance.py:1206} INFO - Marking task as FAILED. dag_id=climate_data, task_id=create_folder, run_id=scheduled__2022-12-26T00:00:00+00:00, execution_date=20221226T000000, start_date=20250808T022623, end_date=20250808T022623
[2025-08-08T02:26:23.756+0000] {standard_task_runner.py:110} ERROR - Failed to execute job 47 for task create_folder (Bash command failed. The command returned a non-zero exit code 2.; 291)
[2025-08-08T02:26:23.772+0000] {local_task_job_runner.py:240} INFO - Task exited with return code 1
[2025-08-08T02:26:23.788+0000] {taskinstance.py:3498} INFO - 0 downstream tasks scheduled from follow-on schedule check
[2025-08-08T02:26:23.791+0000] {local_task_job_runner.py:222} INFO - ::endgroup::
[2025-08-08T02:34:42.080+0000] {local_task_job_runner.py:120} INFO - ::group::Pre task execution logs
[2025-08-08T02:34:42.102+0000] {taskinstance.py:2076} INFO - Dependencies all met for dep_context=non-requeueable deps ti=<TaskInstance: climate_data.create_folder scheduled__2022-12-26T00:00:00+00:00 [queued]>
[2025-08-08T02:34:42.109+0000] {taskinstance.py:2076} INFO - Dependencies all met for dep_context=requeueable deps ti=<TaskInstance: climate_data.create_folder scheduled__2022-12-26T00:00:00+00:00 [queued]>
[2025-08-08T02:34:42.109+0000] {taskinstance.py:2306} INFO - Starting attempt 1 of 1
[2025-08-08T02:34:42.120+0000] {taskinstance.py:2330} INFO - Executing <Task(BashOperator): create_folder> on 2022-12-26 00:00:00+00:00
[2025-08-08T02:34:42.123+0000] {standard_task_runner.py:63} INFO - Started process 323 to run task
[2025-08-08T02:34:42.126+0000] {standard_task_runner.py:90} INFO - Running: ['***', 'tasks', 'run', 'climate_data', 'create_folder', 'scheduled__2022-12-26T00:00:00+00:00', '--job-id', '202', '--raw', '--subdir', 'DAGS_FOLDER/climate_data.py', '--cfg-path', '/tmp/tmp2wkod_yx']
[2025-08-08T02:34:42.128+0000] {standard_task_runner.py:91} INFO - Job 202: Subtask create_folder
[2025-08-08T02:34:42.141+0000] {logging_mixin.py:188} WARNING - /home/***/.local/lib/python3.9/site-packages/***/settings.py:195 DeprecationWarning: The sql_alchemy_conn option in [core] has been moved to the sql_alchemy_conn option in [database] - the old setting has been used, but please update your config.
[2025-08-08T02:34:42.184+0000] {task_command.py:426} INFO - Running <TaskInstance: climate_data.create_folder scheduled__2022-12-26T00:00:00+00:00 [running]> on host 1a6f5acf67f4
[2025-08-08T02:34:42.245+0000] {taskinstance.py:2648} INFO - Exporting env vars: AIRFLOW_CTX_DAG_OWNER='***' AIRFLOW_CTX_DAG_ID='climate_data' AIRFLOW_CTX_TASK_ID='create_folder' AIRFLOW_CTX_EXECUTION_DATE='2022-12-26T00:00:00+00:00' AIRFLOW_CTX_TRY_NUMBER='1' AIRFLOW_CTX_DAG_RUN_ID='scheduled__2022-12-26T00:00:00+00:00'
[2025-08-08T02:34:42.247+0000] {taskinstance.py:430} INFO - ::endgroup::
[2025-08-08T02:34:42.254+0000] {subprocess.py:63} INFO - Tmp dir root location: /tmp
[2025-08-08T02:34:42.255+0000] {subprocess.py:75} INFO - Running command: ['/usr/bin/bash', '-c', 'mkdir -p /home/***/host_documents/week2023-01-02"']
[2025-08-08T02:34:42.264+0000] {subprocess.py:86} INFO - Output:
[2025-08-08T02:34:42.265+0000] {subprocess.py:93} INFO - /usr/bin/bash: -c: line 1: unexpected EOF while looking for matching `"'
[2025-08-08T02:34:42.266+0000] {subprocess.py:97} INFO - Command exited with return code 2
[2025-08-08T02:34:42.267+0000] {taskinstance.py:441} INFO - ::group::Post task execution logs
[2025-08-08T02:34:42.276+0000] {taskinstance.py:2905} ERROR - Task failed with exception
Traceback (most recent call last):
  File "/home/airflow/.local/lib/python3.9/site-packages/airflow/models/taskinstance.py", line 465, in _execute_task
    result = _execute_callable(context=context, **execute_callable_kwargs)
  File "/home/airflow/.local/lib/python3.9/site-packages/airflow/models/taskinstance.py", line 432, in _execute_callable
    return execute_callable(context=context, **execute_callable_kwargs)
  File "/home/airflow/.local/lib/python3.9/site-packages/airflow/models/baseoperator.py", line 400, in wrapper
    return func(self, *args, **kwargs)
  File "/home/airflow/.local/lib/python3.9/site-packages/airflow/operators/bash.py", line 243, in execute
    raise AirflowException(
airflow.exceptions.AirflowException: Bash command failed. The command returned a non-zero exit code 2.
[2025-08-08T02:34:42.279+0000] {taskinstance.py:1206} INFO - Marking task as FAILED. dag_id=climate_data, task_id=create_folder, run_id=scheduled__2022-12-26T00:00:00+00:00, execution_date=20221226T000000, start_date=20250808T023442, end_date=20250808T023442
[2025-08-08T02:34:42.290+0000] {standard_task_runner.py:110} ERROR - Failed to execute job 202 for task create_folder (Bash command failed. The command returned a non-zero exit code 2.; 323)
[2025-08-08T02:34:42.300+0000] {local_task_job_runner.py:240} INFO - Task exited with return code 1
[2025-08-08T02:34:42.318+0000] {taskinstance.py:3498} INFO - 0 downstream tasks scheduled from follow-on schedule check
[2025-08-08T02:34:42.321+0000] {local_task_job_runner.py:222} INFO - ::endgroup::
[2025-08-08T02:39:18.728+0000] {local_task_job_runner.py:120} INFO - ::group::Pre task execution logs
[2025-08-08T02:39:18.748+0000] {taskinstance.py:2076} INFO - Dependencies all met for dep_context=non-requeueable deps ti=<TaskInstance: climate_data.create_folder scheduled__2022-12-26T00:00:00+00:00 [queued]>
[2025-08-08T02:39:18.756+0000] {taskinstance.py:2076} INFO - Dependencies all met for dep_context=requeueable deps ti=<TaskInstance: climate_data.create_folder scheduled__2022-12-26T00:00:00+00:00 [queued]>
[2025-08-08T02:39:18.756+0000] {taskinstance.py:2306} INFO - Starting attempt 1 of 1
[2025-08-08T02:39:18.766+0000] {taskinstance.py:2330} INFO - Executing <Task(BashOperator): create_folder> on 2022-12-26 00:00:00+00:00
[2025-08-08T02:39:18.770+0000] {standard_task_runner.py:63} INFO - Started process 1147 to run task
[2025-08-08T02:39:18.773+0000] {standard_task_runner.py:90} INFO - Running: ['***', 'tasks', 'run', 'climate_data', 'create_folder', 'scheduled__2022-12-26T00:00:00+00:00', '--job-id', '374', '--raw', '--subdir', 'DAGS_FOLDER/climate_data.py', '--cfg-path', '/tmp/tmpdhfel38n']
[2025-08-08T02:39:18.775+0000] {standard_task_runner.py:91} INFO - Job 374: Subtask create_folder
[2025-08-08T02:39:18.787+0000] {logging_mixin.py:188} WARNING - /home/***/.local/lib/python3.9/site-packages/***/settings.py:195 DeprecationWarning: The sql_alchemy_conn option in [core] has been moved to the sql_alchemy_conn option in [database] - the old setting has been used, but please update your config.
[2025-08-08T02:39:18.828+0000] {task_command.py:426} INFO - Running <TaskInstance: climate_data.create_folder scheduled__2022-12-26T00:00:00+00:00 [running]> on host 1a6f5acf67f4
[2025-08-08T02:39:18.899+0000] {taskinstance.py:2648} INFO - Exporting env vars: AIRFLOW_CTX_DAG_OWNER='***' AIRFLOW_CTX_DAG_ID='climate_data' AIRFLOW_CTX_TASK_ID='create_folder' AIRFLOW_CTX_EXECUTION_DATE='2022-12-26T00:00:00+00:00' AIRFLOW_CTX_TRY_NUMBER='1' AIRFLOW_CTX_DAG_RUN_ID='scheduled__2022-12-26T00:00:00+00:00'
[2025-08-08T02:39:18.900+0000] {taskinstance.py:430} INFO - ::endgroup::
[2025-08-08T02:39:18.908+0000] {subprocess.py:63} INFO - Tmp dir root location: /tmp
[2025-08-08T02:39:18.910+0000] {subprocess.py:75} INFO - Running command: ['/usr/bin/bash', '-c', 'mkdir -p /home/***/host_documents/week2023-01-02']
[2025-08-08T02:39:18.919+0000] {subprocess.py:86} INFO - Output:
[2025-08-08T02:39:18.923+0000] {subprocess.py:97} INFO - Command exited with return code 0
[2025-08-08T02:39:18.924+0000] {taskinstance.py:441} INFO - ::group::Post task execution logs
[2025-08-08T02:39:18.943+0000] {taskinstance.py:1206} INFO - Marking task as SUCCESS. dag_id=climate_data, task_id=create_folder, run_id=scheduled__2022-12-26T00:00:00+00:00, execution_date=20221226T000000, start_date=20250808T023918, end_date=20250808T023918
[2025-08-08T02:39:19.026+0000] {local_task_job_runner.py:240} INFO - Task exited with return code 0
[2025-08-08T02:39:19.042+0000] {taskinstance.py:3498} INFO - 1 downstream tasks scheduled from follow-on schedule check
[2025-08-08T02:39:19.045+0000] {local_task_job_runner.py:222} INFO - ::endgroup::
[2025-08-08T02:42:16.643+0000] {local_task_job_runner.py:120} INFO - ::group::Pre task execution logs
[2025-08-08T02:42:16.664+0000] {taskinstance.py:2076} INFO - Dependencies all met for dep_context=non-requeueable deps ti=<TaskInstance: climate_data.create_folder scheduled__2022-12-26T00:00:00+00:00 [queued]>
[2025-08-08T02:42:16.671+0000] {taskinstance.py:2076} INFO - Dependencies all met for dep_context=requeueable deps ti=<TaskInstance: climate_data.create_folder scheduled__2022-12-26T00:00:00+00:00 [queued]>
[2025-08-08T02:42:16.672+0000] {taskinstance.py:2306} INFO - Starting attempt 1 of 1
[2025-08-08T02:42:16.683+0000] {taskinstance.py:2330} INFO - Executing <Task(BashOperator): create_folder> on 2022-12-26 00:00:00+00:00
[2025-08-08T02:42:16.689+0000] {standard_task_runner.py:63} INFO - Started process 2321 to run task
[2025-08-08T02:42:16.692+0000] {standard_task_runner.py:90} INFO - Running: ['***', 'tasks', 'run', 'climate_data', 'create_folder', 'scheduled__2022-12-26T00:00:00+00:00', '--job-id', '682', '--raw', '--subdir', 'DAGS_FOLDER/climate_data.py', '--cfg-path', '/tmp/tmpnogoy652']
[2025-08-08T02:42:16.693+0000] {standard_task_runner.py:91} INFO - Job 682: Subtask create_folder
[2025-08-08T02:42:16.707+0000] {logging_mixin.py:188} WARNING - /home/***/.local/lib/python3.9/site-packages/***/settings.py:195 DeprecationWarning: The sql_alchemy_conn option in [core] has been moved to the sql_alchemy_conn option in [database] - the old setting has been used, but please update your config.
[2025-08-08T02:42:16.751+0000] {task_command.py:426} INFO - Running <TaskInstance: climate_data.create_folder scheduled__2022-12-26T00:00:00+00:00 [running]> on host 1a6f5acf67f4
[2025-08-08T02:42:16.817+0000] {taskinstance.py:2648} INFO - Exporting env vars: AIRFLOW_CTX_DAG_OWNER='***' AIRFLOW_CTX_DAG_ID='climate_data' AIRFLOW_CTX_TASK_ID='create_folder' AIRFLOW_CTX_EXECUTION_DATE='2022-12-26T00:00:00+00:00' AIRFLOW_CTX_TRY_NUMBER='1' AIRFLOW_CTX_DAG_RUN_ID='scheduled__2022-12-26T00:00:00+00:00'
[2025-08-08T02:42:16.819+0000] {taskinstance.py:430} INFO - ::endgroup::
[2025-08-08T02:42:16.826+0000] {subprocess.py:63} INFO - Tmp dir root location: /tmp
[2025-08-08T02:42:16.828+0000] {subprocess.py:75} INFO - Running command: ['/usr/bin/bash', '-c', 'mkdir -p "/home/***/host_documents/week2023-01-02"']
[2025-08-08T02:42:16.837+0000] {subprocess.py:86} INFO - Output:
[2025-08-08T02:42:16.841+0000] {subprocess.py:97} INFO - Command exited with return code 0
[2025-08-08T02:42:16.842+0000] {taskinstance.py:441} INFO - ::group::Post task execution logs
[2025-08-08T02:42:16.861+0000] {taskinstance.py:1206} INFO - Marking task as SUCCESS. dag_id=climate_data, task_id=create_folder, run_id=scheduled__2022-12-26T00:00:00+00:00, execution_date=20221226T000000, start_date=20250808T024216, end_date=20250808T024216
[2025-08-08T02:42:16.904+0000] {local_task_job_runner.py:240} INFO - Task exited with return code 0
[2025-08-08T02:42:16.916+0000] {local_task_job_runner.py:222} INFO - ::endgroup::
