[2025-08-08T02:26:51.068+0000] {local_task_job_runner.py:120} INFO - ::group::Pre task execution logs
[2025-08-08T02:26:51.092+0000] {taskinstance.py:2076} INFO - Dependencies all met for dep_context=non-requeueable deps ti=<TaskInstance: climate_data.create_folder scheduled__2024-07-22T00:00:00+00:00 [queued]>
[2025-08-08T02:26:51.100+0000] {taskinstance.py:2076} INFO - Dependencies all met for dep_context=requeueable deps ti=<TaskInstance: climate_data.create_folder scheduled__2024-07-22T00:00:00+00:00 [queued]>
[2025-08-08T02:26:51.100+0000] {taskinstance.py:2306} INFO - Starting attempt 1 of 1
[2025-08-08T02:26:51.129+0000] {taskinstance.py:2330} INFO - Executing <Task(BashOperator): create_folder> on 2024-07-22 00:00:00+00:00
[2025-08-08T02:26:51.134+0000] {standard_task_runner.py:63} INFO - Started process 637 to run task
[2025-08-08T02:26:51.137+0000] {standard_task_runner.py:90} INFO - Running: ['***', 'tasks', 'run', 'climate_data', 'create_folder', 'scheduled__2024-07-22T00:00:00+00:00', '--job-id', '129', '--raw', '--subdir', 'DAGS_FOLDER/climate_data.py', '--cfg-path', '/tmp/tmpzy9i42iu']
[2025-08-08T02:26:51.140+0000] {standard_task_runner.py:91} INFO - Job 129: Subtask create_folder
[2025-08-08T02:26:51.154+0000] {logging_mixin.py:188} WARNING - /home/***/.local/lib/python3.9/site-packages/***/settings.py:195 DeprecationWarning: The sql_alchemy_conn option in [core] has been moved to the sql_alchemy_conn option in [database] - the old setting has been used, but please update your config.
[2025-08-08T02:26:51.198+0000] {task_command.py:426} INFO - Running <TaskInstance: climate_data.create_folder scheduled__2024-07-22T00:00:00+00:00 [running]> on host 3ceab82043f1
[2025-08-08T02:26:51.273+0000] {taskinstance.py:2648} INFO - Exporting env vars: AIRFLOW_CTX_DAG_OWNER='***' AIRFLOW_CTX_DAG_ID='climate_data' AIRFLOW_CTX_TASK_ID='create_folder' AIRFLOW_CTX_EXECUTION_DATE='2024-07-22T00:00:00+00:00' AIRFLOW_CTX_TRY_NUMBER='1' AIRFLOW_CTX_DAG_RUN_ID='scheduled__2024-07-22T00:00:00+00:00'
[2025-08-08T02:26:51.275+0000] {taskinstance.py:430} INFO - ::endgroup::
[2025-08-08T02:26:51.286+0000] {subprocess.py:63} INFO - Tmp dir root location: /tmp
[2025-08-08T02:26:51.287+0000] {subprocess.py:75} INFO - Running command: ['/usr/bin/bash', '-c', 'mkdir -p /home/***/host_documents/week2024-07-29"']
[2025-08-08T02:26:51.297+0000] {subprocess.py:86} INFO - Output:
[2025-08-08T02:26:51.298+0000] {subprocess.py:93} INFO - /usr/bin/bash: -c: line 1: unexpected EOF while looking for matching `"'
[2025-08-08T02:26:51.299+0000] {subprocess.py:97} INFO - Command exited with return code 2
[2025-08-08T02:26:51.300+0000] {taskinstance.py:441} INFO - ::group::Post task execution logs
[2025-08-08T02:26:51.311+0000] {taskinstance.py:2905} ERROR - Task failed with exception
Traceback (most recent call last):
  File "/home/airflow/.local/lib/python3.9/site-packages/airflow/models/taskinstance.py", line 465, in _execute_task
    result = _execute_callable(context=context, **execute_callable_kwargs)
  File "/home/airflow/.local/lib/python3.9/site-packages/airflow/models/taskinstance.py", line 432, in _execute_callable
    return execute_callable(context=context, **execute_callable_kwargs)
  File "/home/airflow/.local/lib/python3.9/site-packages/airflow/models/baseoperator.py", line 400, in wrapper
    return func(self, *args, **kwargs)
  File "/home/airflow/.local/lib/python3.9/site-packages/airflow/operators/bash.py", line 243, in execute
    raise AirflowException(
airflow.exceptions.AirflowException: Bash command failed. The command returned a non-zero exit code 2.
[2025-08-08T02:26:51.314+0000] {taskinstance.py:1206} INFO - Marking task as FAILED. dag_id=climate_data, task_id=create_folder, run_id=scheduled__2024-07-22T00:00:00+00:00, execution_date=20240722T000000, start_date=20250808T022651, end_date=20250808T022651
[2025-08-08T02:26:51.334+0000] {standard_task_runner.py:110} ERROR - Failed to execute job 129 for task create_folder (Bash command failed. The command returned a non-zero exit code 2.; 637)
[2025-08-08T02:26:51.353+0000] {local_task_job_runner.py:240} INFO - Task exited with return code 1
[2025-08-08T02:26:51.373+0000] {taskinstance.py:3498} INFO - 0 downstream tasks scheduled from follow-on schedule check
[2025-08-08T02:26:51.377+0000] {local_task_job_runner.py:222} INFO - ::endgroup::
[2025-08-08T02:35:11.813+0000] {local_task_job_runner.py:120} INFO - ::group::Pre task execution logs
[2025-08-08T02:35:11.834+0000] {taskinstance.py:2076} INFO - Dependencies all met for dep_context=non-requeueable deps ti=<TaskInstance: climate_data.create_folder scheduled__2024-07-22T00:00:00+00:00 [queued]>
[2025-08-08T02:35:11.842+0000] {taskinstance.py:2076} INFO - Dependencies all met for dep_context=requeueable deps ti=<TaskInstance: climate_data.create_folder scheduled__2024-07-22T00:00:00+00:00 [queued]>
[2025-08-08T02:35:11.843+0000] {taskinstance.py:2306} INFO - Starting attempt 1 of 1
[2025-08-08T02:35:11.859+0000] {taskinstance.py:2330} INFO - Executing <Task(BashOperator): create_folder> on 2024-07-22 00:00:00+00:00
[2025-08-08T02:35:11.864+0000] {standard_task_runner.py:63} INFO - Started process 672 to run task
[2025-08-08T02:35:11.867+0000] {standard_task_runner.py:90} INFO - Running: ['***', 'tasks', 'run', 'climate_data', 'create_folder', 'scheduled__2024-07-22T00:00:00+00:00', '--job-id', '285', '--raw', '--subdir', 'DAGS_FOLDER/climate_data.py', '--cfg-path', '/tmp/tmpu2bketvi']
[2025-08-08T02:35:11.870+0000] {standard_task_runner.py:91} INFO - Job 285: Subtask create_folder
[2025-08-08T02:35:11.883+0000] {logging_mixin.py:188} WARNING - /home/***/.local/lib/python3.9/site-packages/***/settings.py:195 DeprecationWarning: The sql_alchemy_conn option in [core] has been moved to the sql_alchemy_conn option in [database] - the old setting has been used, but please update your config.
[2025-08-08T02:35:11.931+0000] {task_command.py:426} INFO - Running <TaskInstance: climate_data.create_folder scheduled__2024-07-22T00:00:00+00:00 [running]> on host 1a6f5acf67f4
[2025-08-08T02:35:11.998+0000] {taskinstance.py:2648} INFO - Exporting env vars: AIRFLOW_CTX_DAG_OWNER='***' AIRFLOW_CTX_DAG_ID='climate_data' AIRFLOW_CTX_TASK_ID='create_folder' AIRFLOW_CTX_EXECUTION_DATE='2024-07-22T00:00:00+00:00' AIRFLOW_CTX_TRY_NUMBER='1' AIRFLOW_CTX_DAG_RUN_ID='scheduled__2024-07-22T00:00:00+00:00'
[2025-08-08T02:35:11.999+0000] {taskinstance.py:430} INFO - ::endgroup::
[2025-08-08T02:35:12.008+0000] {subprocess.py:63} INFO - Tmp dir root location: /tmp
[2025-08-08T02:35:12.009+0000] {subprocess.py:75} INFO - Running command: ['/usr/bin/bash', '-c', 'mkdir -p /home/***/host_documents/week2024-07-29"']
[2025-08-08T02:35:12.018+0000] {subprocess.py:86} INFO - Output:
[2025-08-08T02:35:12.019+0000] {subprocess.py:93} INFO - /usr/bin/bash: -c: line 1: unexpected EOF while looking for matching `"'
[2025-08-08T02:35:12.019+0000] {subprocess.py:97} INFO - Command exited with return code 2
[2025-08-08T02:35:12.020+0000] {taskinstance.py:441} INFO - ::group::Post task execution logs
[2025-08-08T02:35:12.029+0000] {taskinstance.py:2905} ERROR - Task failed with exception
Traceback (most recent call last):
  File "/home/airflow/.local/lib/python3.9/site-packages/airflow/models/taskinstance.py", line 465, in _execute_task
    result = _execute_callable(context=context, **execute_callable_kwargs)
  File "/home/airflow/.local/lib/python3.9/site-packages/airflow/models/taskinstance.py", line 432, in _execute_callable
    return execute_callable(context=context, **execute_callable_kwargs)
  File "/home/airflow/.local/lib/python3.9/site-packages/airflow/models/baseoperator.py", line 400, in wrapper
    return func(self, *args, **kwargs)
  File "/home/airflow/.local/lib/python3.9/site-packages/airflow/operators/bash.py", line 243, in execute
    raise AirflowException(
airflow.exceptions.AirflowException: Bash command failed. The command returned a non-zero exit code 2.
[2025-08-08T02:35:12.033+0000] {taskinstance.py:1206} INFO - Marking task as FAILED. dag_id=climate_data, task_id=create_folder, run_id=scheduled__2024-07-22T00:00:00+00:00, execution_date=20240722T000000, start_date=20250808T023511, end_date=20250808T023512
[2025-08-08T02:35:12.068+0000] {standard_task_runner.py:110} ERROR - Failed to execute job 285 for task create_folder (Bash command failed. The command returned a non-zero exit code 2.; 672)
[2025-08-08T02:35:12.081+0000] {local_task_job_runner.py:240} INFO - Task exited with return code 1
[2025-08-08T02:35:12.097+0000] {taskinstance.py:3498} INFO - 0 downstream tasks scheduled from follow-on schedule check
[2025-08-08T02:35:12.101+0000] {local_task_job_runner.py:222} INFO - ::endgroup::
[2025-08-08T02:39:45.698+0000] {local_task_job_runner.py:120} INFO - ::group::Pre task execution logs
[2025-08-08T02:39:45.719+0000] {taskinstance.py:2076} INFO - Dependencies all met for dep_context=non-requeueable deps ti=<TaskInstance: climate_data.create_folder scheduled__2024-07-22T00:00:00+00:00 [queued]>
[2025-08-08T02:39:45.726+0000] {taskinstance.py:2076} INFO - Dependencies all met for dep_context=requeueable deps ti=<TaskInstance: climate_data.create_folder scheduled__2024-07-22T00:00:00+00:00 [queued]>
[2025-08-08T02:39:45.727+0000] {taskinstance.py:2306} INFO - Starting attempt 1 of 1
[2025-08-08T02:39:45.738+0000] {taskinstance.py:2330} INFO - Executing <Task(BashOperator): create_folder> on 2024-07-22 00:00:00+00:00
[2025-08-08T02:39:45.743+0000] {standard_task_runner.py:63} INFO - Started process 1737 to run task
[2025-08-08T02:39:45.746+0000] {standard_task_runner.py:90} INFO - Running: ['***', 'tasks', 'run', 'climate_data', 'create_folder', 'scheduled__2024-07-22T00:00:00+00:00', '--job-id', '538', '--raw', '--subdir', 'DAGS_FOLDER/climate_data.py', '--cfg-path', '/tmp/tmp0pyr2nkd']
[2025-08-08T02:39:45.749+0000] {standard_task_runner.py:91} INFO - Job 538: Subtask create_folder
[2025-08-08T02:39:45.762+0000] {logging_mixin.py:188} WARNING - /home/***/.local/lib/python3.9/site-packages/***/settings.py:195 DeprecationWarning: The sql_alchemy_conn option in [core] has been moved to the sql_alchemy_conn option in [database] - the old setting has been used, but please update your config.
[2025-08-08T02:39:45.805+0000] {task_command.py:426} INFO - Running <TaskInstance: climate_data.create_folder scheduled__2024-07-22T00:00:00+00:00 [running]> on host 1a6f5acf67f4
[2025-08-08T02:39:45.869+0000] {taskinstance.py:2648} INFO - Exporting env vars: AIRFLOW_CTX_DAG_OWNER='***' AIRFLOW_CTX_DAG_ID='climate_data' AIRFLOW_CTX_TASK_ID='create_folder' AIRFLOW_CTX_EXECUTION_DATE='2024-07-22T00:00:00+00:00' AIRFLOW_CTX_TRY_NUMBER='1' AIRFLOW_CTX_DAG_RUN_ID='scheduled__2024-07-22T00:00:00+00:00'
[2025-08-08T02:39:45.870+0000] {taskinstance.py:430} INFO - ::endgroup::
[2025-08-08T02:39:45.878+0000] {subprocess.py:63} INFO - Tmp dir root location: /tmp
[2025-08-08T02:39:45.879+0000] {subprocess.py:75} INFO - Running command: ['/usr/bin/bash', '-c', 'mkdir -p /home/***/host_documents/week2024-07-29']
[2025-08-08T02:39:45.887+0000] {subprocess.py:86} INFO - Output:
[2025-08-08T02:39:45.890+0000] {subprocess.py:97} INFO - Command exited with return code 0
[2025-08-08T02:39:45.891+0000] {taskinstance.py:441} INFO - ::group::Post task execution logs
[2025-08-08T02:39:45.910+0000] {taskinstance.py:1206} INFO - Marking task as SUCCESS. dag_id=climate_data, task_id=create_folder, run_id=scheduled__2024-07-22T00:00:00+00:00, execution_date=20240722T000000, start_date=20250808T023945, end_date=20250808T023945
[2025-08-08T02:39:45.958+0000] {local_task_job_runner.py:240} INFO - Task exited with return code 0
[2025-08-08T02:39:45.968+0000] {local_task_job_runner.py:222} INFO - ::endgroup::
[2025-08-08T02:42:44.335+0000] {local_task_job_runner.py:120} INFO - ::group::Pre task execution logs
[2025-08-08T02:42:44.359+0000] {taskinstance.py:2076} INFO - Dependencies all met for dep_context=non-requeueable deps ti=<TaskInstance: climate_data.create_folder scheduled__2024-07-22T00:00:00+00:00 [queued]>
[2025-08-08T02:42:44.368+0000] {taskinstance.py:2076} INFO - Dependencies all met for dep_context=requeueable deps ti=<TaskInstance: climate_data.create_folder scheduled__2024-07-22T00:00:00+00:00 [queued]>
[2025-08-08T02:42:44.368+0000] {taskinstance.py:2306} INFO - Starting attempt 1 of 1
[2025-08-08T02:42:44.442+0000] {taskinstance.py:2330} INFO - Executing <Task(BashOperator): create_folder> on 2024-07-22 00:00:00+00:00
[2025-08-08T02:42:44.445+0000] {standard_task_runner.py:63} INFO - Started process 2905 to run task
[2025-08-08T02:42:44.448+0000] {standard_task_runner.py:90} INFO - Running: ['***', 'tasks', 'run', 'climate_data', 'create_folder', 'scheduled__2024-07-22T00:00:00+00:00', '--job-id', '844', '--raw', '--subdir', 'DAGS_FOLDER/climate_data.py', '--cfg-path', '/tmp/tmphv6_o5jn']
[2025-08-08T02:42:44.450+0000] {standard_task_runner.py:91} INFO - Job 844: Subtask create_folder
[2025-08-08T02:42:44.465+0000] {logging_mixin.py:188} WARNING - /home/***/.local/lib/python3.9/site-packages/***/settings.py:195 DeprecationWarning: The sql_alchemy_conn option in [core] has been moved to the sql_alchemy_conn option in [database] - the old setting has been used, but please update your config.
[2025-08-08T02:42:44.516+0000] {task_command.py:426} INFO - Running <TaskInstance: climate_data.create_folder scheduled__2024-07-22T00:00:00+00:00 [running]> on host 1a6f5acf67f4
[2025-08-08T02:42:44.603+0000] {taskinstance.py:2648} INFO - Exporting env vars: AIRFLOW_CTX_DAG_OWNER='***' AIRFLOW_CTX_DAG_ID='climate_data' AIRFLOW_CTX_TASK_ID='create_folder' AIRFLOW_CTX_EXECUTION_DATE='2024-07-22T00:00:00+00:00' AIRFLOW_CTX_TRY_NUMBER='1' AIRFLOW_CTX_DAG_RUN_ID='scheduled__2024-07-22T00:00:00+00:00'
[2025-08-08T02:42:44.606+0000] {taskinstance.py:430} INFO - ::endgroup::
[2025-08-08T02:42:44.614+0000] {subprocess.py:63} INFO - Tmp dir root location: /tmp
[2025-08-08T02:42:44.614+0000] {subprocess.py:75} INFO - Running command: ['/usr/bin/bash', '-c', 'mkdir -p "/home/***/host_documents/week2024-07-29"']
[2025-08-08T02:42:44.624+0000] {subprocess.py:86} INFO - Output:
[2025-08-08T02:42:44.629+0000] {subprocess.py:97} INFO - Command exited with return code 0
[2025-08-08T02:42:44.629+0000] {taskinstance.py:441} INFO - ::group::Post task execution logs
[2025-08-08T02:42:44.652+0000] {taskinstance.py:1206} INFO - Marking task as SUCCESS. dag_id=climate_data, task_id=create_folder, run_id=scheduled__2024-07-22T00:00:00+00:00, execution_date=20240722T000000, start_date=20250808T024244, end_date=20250808T024244
[2025-08-08T02:42:44.742+0000] {local_task_job_runner.py:240} INFO - Task exited with return code 0
[2025-08-08T02:42:44.762+0000] {taskinstance.py:3498} INFO - 1 downstream tasks scheduled from follow-on schedule check
[2025-08-08T02:42:44.767+0000] {local_task_job_runner.py:222} INFO - ::endgroup::
