[2025-08-08T02:26:27.042+0000] {local_task_job_runner.py:120} INFO - ::group::Pre task execution logs
[2025-08-08T02:26:27.062+0000] {taskinstance.py:2076} INFO - Dependencies all met for dep_context=non-requeueable deps ti=<TaskInstance: climate_data.create_folder scheduled__2023-01-23T00:00:00+00:00 [queued]>
[2025-08-08T02:26:27.070+0000] {taskinstance.py:2076} INFO - Dependencies all met for dep_context=requeueable deps ti=<TaskInstance: climate_data.create_folder scheduled__2023-01-23T00:00:00+00:00 [queued]>
[2025-08-08T02:26:27.071+0000] {taskinstance.py:2306} INFO - Starting attempt 1 of 1
[2025-08-08T02:26:27.083+0000] {taskinstance.py:2330} INFO - Executing <Task(BashOperator): create_folder> on 2023-01-23 00:00:00+00:00
[2025-08-08T02:26:27.087+0000] {standard_task_runner.py:63} INFO - Started process 313 to run task
[2025-08-08T02:26:27.089+0000] {standard_task_runner.py:90} INFO - Running: ['***', 'tasks', 'run', 'climate_data', 'create_folder', 'scheduled__2023-01-23T00:00:00+00:00', '--job-id', '51', '--raw', '--subdir', 'DAGS_FOLDER/climate_data.py', '--cfg-path', '/tmp/tmpq1h94m6n']
[2025-08-08T02:26:27.091+0000] {standard_task_runner.py:91} INFO - Job 51: Subtask create_folder
[2025-08-08T02:26:27.104+0000] {logging_mixin.py:188} WARNING - /home/***/.local/lib/python3.9/site-packages/***/settings.py:195 DeprecationWarning: The sql_alchemy_conn option in [core] has been moved to the sql_alchemy_conn option in [database] - the old setting has been used, but please update your config.
[2025-08-08T02:26:27.146+0000] {task_command.py:426} INFO - Running <TaskInstance: climate_data.create_folder scheduled__2023-01-23T00:00:00+00:00 [running]> on host 3ceab82043f1
[2025-08-08T02:26:27.218+0000] {taskinstance.py:2648} INFO - Exporting env vars: AIRFLOW_CTX_DAG_OWNER='***' AIRFLOW_CTX_DAG_ID='climate_data' AIRFLOW_CTX_TASK_ID='create_folder' AIRFLOW_CTX_EXECUTION_DATE='2023-01-23T00:00:00+00:00' AIRFLOW_CTX_TRY_NUMBER='1' AIRFLOW_CTX_DAG_RUN_ID='scheduled__2023-01-23T00:00:00+00:00'
[2025-08-08T02:26:27.219+0000] {taskinstance.py:430} INFO - ::endgroup::
[2025-08-08T02:26:27.228+0000] {subprocess.py:63} INFO - Tmp dir root location: /tmp
[2025-08-08T02:26:27.229+0000] {subprocess.py:75} INFO - Running command: ['/usr/bin/bash', '-c', 'mkdir -p /home/***/host_documents/week2023-01-30"']
[2025-08-08T02:26:27.239+0000] {subprocess.py:86} INFO - Output:
[2025-08-08T02:26:27.240+0000] {subprocess.py:93} INFO - /usr/bin/bash: -c: line 1: unexpected EOF while looking for matching `"'
[2025-08-08T02:26:27.240+0000] {subprocess.py:97} INFO - Command exited with return code 2
[2025-08-08T02:26:27.241+0000] {taskinstance.py:441} INFO - ::group::Post task execution logs
[2025-08-08T02:26:27.250+0000] {taskinstance.py:2905} ERROR - Task failed with exception
Traceback (most recent call last):
  File "/home/airflow/.local/lib/python3.9/site-packages/airflow/models/taskinstance.py", line 465, in _execute_task
    result = _execute_callable(context=context, **execute_callable_kwargs)
  File "/home/airflow/.local/lib/python3.9/site-packages/airflow/models/taskinstance.py", line 432, in _execute_callable
    return execute_callable(context=context, **execute_callable_kwargs)
  File "/home/airflow/.local/lib/python3.9/site-packages/airflow/models/baseoperator.py", line 400, in wrapper
    return func(self, *args, **kwargs)
  File "/home/airflow/.local/lib/python3.9/site-packages/airflow/operators/bash.py", line 243, in execute
    raise AirflowException(
airflow.exceptions.AirflowException: Bash command failed. The command returned a non-zero exit code 2.
[2025-08-08T02:26:27.254+0000] {taskinstance.py:1206} INFO - Marking task as FAILED. dag_id=climate_data, task_id=create_folder, run_id=scheduled__2023-01-23T00:00:00+00:00, execution_date=20230123T000000, start_date=20250808T022627, end_date=20250808T022627
[2025-08-08T02:26:27.265+0000] {standard_task_runner.py:110} ERROR - Failed to execute job 51 for task create_folder (Bash command failed. The command returned a non-zero exit code 2.; 313)
[2025-08-08T02:26:27.301+0000] {local_task_job_runner.py:240} INFO - Task exited with return code 1
[2025-08-08T02:26:27.312+0000] {local_task_job_runner.py:222} INFO - ::endgroup::
[2025-08-08T02:34:42.418+0000] {local_task_job_runner.py:120} INFO - ::group::Pre task execution logs
[2025-08-08T02:34:42.436+0000] {taskinstance.py:2076} INFO - Dependencies all met for dep_context=non-requeueable deps ti=<TaskInstance: climate_data.create_folder scheduled__2023-01-23T00:00:00+00:00 [queued]>
[2025-08-08T02:34:42.441+0000] {taskinstance.py:2076} INFO - Dependencies all met for dep_context=requeueable deps ti=<TaskInstance: climate_data.create_folder scheduled__2023-01-23T00:00:00+00:00 [queued]>
[2025-08-08T02:34:42.442+0000] {taskinstance.py:2306} INFO - Starting attempt 1 of 1
[2025-08-08T02:34:42.451+0000] {taskinstance.py:2330} INFO - Executing <Task(BashOperator): create_folder> on 2023-01-23 00:00:00+00:00
[2025-08-08T02:34:42.455+0000] {standard_task_runner.py:63} INFO - Started process 333 to run task
[2025-08-08T02:34:42.457+0000] {standard_task_runner.py:90} INFO - Running: ['***', 'tasks', 'run', 'climate_data', 'create_folder', 'scheduled__2023-01-23T00:00:00+00:00', '--job-id', '206', '--raw', '--subdir', 'DAGS_FOLDER/climate_data.py', '--cfg-path', '/tmp/tmp78et1di6']
[2025-08-08T02:34:42.459+0000] {standard_task_runner.py:91} INFO - Job 206: Subtask create_folder
[2025-08-08T02:34:42.471+0000] {logging_mixin.py:188} WARNING - /home/***/.local/lib/python3.9/site-packages/***/settings.py:195 DeprecationWarning: The sql_alchemy_conn option in [core] has been moved to the sql_alchemy_conn option in [database] - the old setting has been used, but please update your config.
[2025-08-08T02:34:42.507+0000] {task_command.py:426} INFO - Running <TaskInstance: climate_data.create_folder scheduled__2023-01-23T00:00:00+00:00 [running]> on host 1a6f5acf67f4
[2025-08-08T02:34:42.561+0000] {taskinstance.py:2648} INFO - Exporting env vars: AIRFLOW_CTX_DAG_OWNER='***' AIRFLOW_CTX_DAG_ID='climate_data' AIRFLOW_CTX_TASK_ID='create_folder' AIRFLOW_CTX_EXECUTION_DATE='2023-01-23T00:00:00+00:00' AIRFLOW_CTX_TRY_NUMBER='1' AIRFLOW_CTX_DAG_RUN_ID='scheduled__2023-01-23T00:00:00+00:00'
[2025-08-08T02:34:42.562+0000] {taskinstance.py:430} INFO - ::endgroup::
[2025-08-08T02:34:42.570+0000] {subprocess.py:63} INFO - Tmp dir root location: /tmp
[2025-08-08T02:34:42.571+0000] {subprocess.py:75} INFO - Running command: ['/usr/bin/bash', '-c', 'mkdir -p /home/***/host_documents/week2023-01-30"']
[2025-08-08T02:34:42.579+0000] {subprocess.py:86} INFO - Output:
[2025-08-08T02:34:42.581+0000] {subprocess.py:93} INFO - /usr/bin/bash: -c: line 1: unexpected EOF while looking for matching `"'
[2025-08-08T02:34:42.582+0000] {subprocess.py:97} INFO - Command exited with return code 2
[2025-08-08T02:34:42.583+0000] {taskinstance.py:441} INFO - ::group::Post task execution logs
[2025-08-08T02:34:42.593+0000] {taskinstance.py:2905} ERROR - Task failed with exception
Traceback (most recent call last):
  File "/home/airflow/.local/lib/python3.9/site-packages/airflow/models/taskinstance.py", line 465, in _execute_task
    result = _execute_callable(context=context, **execute_callable_kwargs)
  File "/home/airflow/.local/lib/python3.9/site-packages/airflow/models/taskinstance.py", line 432, in _execute_callable
    return execute_callable(context=context, **execute_callable_kwargs)
  File "/home/airflow/.local/lib/python3.9/site-packages/airflow/models/baseoperator.py", line 400, in wrapper
    return func(self, *args, **kwargs)
  File "/home/airflow/.local/lib/python3.9/site-packages/airflow/operators/bash.py", line 243, in execute
    raise AirflowException(
airflow.exceptions.AirflowException: Bash command failed. The command returned a non-zero exit code 2.
[2025-08-08T02:34:42.595+0000] {taskinstance.py:1206} INFO - Marking task as FAILED. dag_id=climate_data, task_id=create_folder, run_id=scheduled__2023-01-23T00:00:00+00:00, execution_date=20230123T000000, start_date=20250808T023442, end_date=20250808T023442
[2025-08-08T02:34:42.603+0000] {standard_task_runner.py:110} ERROR - Failed to execute job 206 for task create_folder (Bash command failed. The command returned a non-zero exit code 2.; 333)
[2025-08-08T02:34:42.630+0000] {local_task_job_runner.py:240} INFO - Task exited with return code 1
[2025-08-08T02:34:42.645+0000] {taskinstance.py:3498} INFO - 0 downstream tasks scheduled from follow-on schedule check
[2025-08-08T02:34:42.648+0000] {local_task_job_runner.py:222} INFO - ::endgroup::
[2025-08-08T02:39:18.983+0000] {local_task_job_runner.py:120} INFO - ::group::Pre task execution logs
[2025-08-08T02:39:19.007+0000] {taskinstance.py:2076} INFO - Dependencies all met for dep_context=non-requeueable deps ti=<TaskInstance: climate_data.create_folder scheduled__2023-01-23T00:00:00+00:00 [queued]>
[2025-08-08T02:39:19.015+0000] {taskinstance.py:2076} INFO - Dependencies all met for dep_context=requeueable deps ti=<TaskInstance: climate_data.create_folder scheduled__2023-01-23T00:00:00+00:00 [queued]>
[2025-08-08T02:39:19.016+0000] {taskinstance.py:2306} INFO - Starting attempt 1 of 1
[2025-08-08T02:39:19.027+0000] {taskinstance.py:2330} INFO - Executing <Task(BashOperator): create_folder> on 2023-01-23 00:00:00+00:00
[2025-08-08T02:39:19.034+0000] {standard_task_runner.py:63} INFO - Started process 1163 to run task
[2025-08-08T02:39:19.036+0000] {standard_task_runner.py:90} INFO - Running: ['***', 'tasks', 'run', 'climate_data', 'create_folder', 'scheduled__2023-01-23T00:00:00+00:00', '--job-id', '378', '--raw', '--subdir', 'DAGS_FOLDER/climate_data.py', '--cfg-path', '/tmp/tmp6c6bio73']
[2025-08-08T02:39:19.038+0000] {standard_task_runner.py:91} INFO - Job 378: Subtask create_folder
[2025-08-08T02:39:19.054+0000] {logging_mixin.py:188} WARNING - /home/***/.local/lib/python3.9/site-packages/***/settings.py:195 DeprecationWarning: The sql_alchemy_conn option in [core] has been moved to the sql_alchemy_conn option in [database] - the old setting has been used, but please update your config.
[2025-08-08T02:39:19.105+0000] {task_command.py:426} INFO - Running <TaskInstance: climate_data.create_folder scheduled__2023-01-23T00:00:00+00:00 [running]> on host 1a6f5acf67f4
[2025-08-08T02:39:19.180+0000] {taskinstance.py:2648} INFO - Exporting env vars: AIRFLOW_CTX_DAG_OWNER='***' AIRFLOW_CTX_DAG_ID='climate_data' AIRFLOW_CTX_TASK_ID='create_folder' AIRFLOW_CTX_EXECUTION_DATE='2023-01-23T00:00:00+00:00' AIRFLOW_CTX_TRY_NUMBER='1' AIRFLOW_CTX_DAG_RUN_ID='scheduled__2023-01-23T00:00:00+00:00'
[2025-08-08T02:39:19.181+0000] {taskinstance.py:430} INFO - ::endgroup::
[2025-08-08T02:39:19.195+0000] {subprocess.py:63} INFO - Tmp dir root location: /tmp
[2025-08-08T02:39:19.195+0000] {subprocess.py:75} INFO - Running command: ['/usr/bin/bash', '-c', 'mkdir -p /home/***/host_documents/week2023-01-30']
[2025-08-08T02:39:19.205+0000] {subprocess.py:86} INFO - Output:
[2025-08-08T02:39:19.209+0000] {subprocess.py:97} INFO - Command exited with return code 0
[2025-08-08T02:39:19.209+0000] {taskinstance.py:441} INFO - ::group::Post task execution logs
[2025-08-08T02:39:19.231+0000] {taskinstance.py:1206} INFO - Marking task as SUCCESS. dag_id=climate_data, task_id=create_folder, run_id=scheduled__2023-01-23T00:00:00+00:00, execution_date=20230123T000000, start_date=20250808T023919, end_date=20250808T023919
[2025-08-08T02:39:19.249+0000] {local_task_job_runner.py:240} INFO - Task exited with return code 0
[2025-08-08T02:39:19.269+0000] {taskinstance.py:3498} INFO - 1 downstream tasks scheduled from follow-on schedule check
[2025-08-08T02:39:19.271+0000] {local_task_job_runner.py:222} INFO - ::endgroup::
[2025-08-08T02:42:16.917+0000] {local_task_job_runner.py:120} INFO - ::group::Pre task execution logs
[2025-08-08T02:42:16.938+0000] {taskinstance.py:2076} INFO - Dependencies all met for dep_context=non-requeueable deps ti=<TaskInstance: climate_data.create_folder scheduled__2023-01-23T00:00:00+00:00 [queued]>
[2025-08-08T02:42:16.946+0000] {taskinstance.py:2076} INFO - Dependencies all met for dep_context=requeueable deps ti=<TaskInstance: climate_data.create_folder scheduled__2023-01-23T00:00:00+00:00 [queued]>
[2025-08-08T02:42:16.947+0000] {taskinstance.py:2306} INFO - Starting attempt 1 of 1
[2025-08-08T02:42:16.958+0000] {taskinstance.py:2330} INFO - Executing <Task(BashOperator): create_folder> on 2023-01-23 00:00:00+00:00
[2025-08-08T02:42:16.962+0000] {standard_task_runner.py:63} INFO - Started process 2339 to run task
[2025-08-08T02:42:16.965+0000] {standard_task_runner.py:90} INFO - Running: ['***', 'tasks', 'run', 'climate_data', 'create_folder', 'scheduled__2023-01-23T00:00:00+00:00', '--job-id', '686', '--raw', '--subdir', 'DAGS_FOLDER/climate_data.py', '--cfg-path', '/tmp/tmp8p0h_tnw']
[2025-08-08T02:42:16.967+0000] {standard_task_runner.py:91} INFO - Job 686: Subtask create_folder
[2025-08-08T02:42:16.981+0000] {logging_mixin.py:188} WARNING - /home/***/.local/lib/python3.9/site-packages/***/settings.py:195 DeprecationWarning: The sql_alchemy_conn option in [core] has been moved to the sql_alchemy_conn option in [database] - the old setting has been used, but please update your config.
[2025-08-08T02:42:17.030+0000] {task_command.py:426} INFO - Running <TaskInstance: climate_data.create_folder scheduled__2023-01-23T00:00:00+00:00 [running]> on host 1a6f5acf67f4
[2025-08-08T02:42:17.107+0000] {taskinstance.py:2648} INFO - Exporting env vars: AIRFLOW_CTX_DAG_OWNER='***' AIRFLOW_CTX_DAG_ID='climate_data' AIRFLOW_CTX_TASK_ID='create_folder' AIRFLOW_CTX_EXECUTION_DATE='2023-01-23T00:00:00+00:00' AIRFLOW_CTX_TRY_NUMBER='1' AIRFLOW_CTX_DAG_RUN_ID='scheduled__2023-01-23T00:00:00+00:00'
[2025-08-08T02:42:17.108+0000] {taskinstance.py:430} INFO - ::endgroup::
[2025-08-08T02:42:17.121+0000] {subprocess.py:63} INFO - Tmp dir root location: /tmp
[2025-08-08T02:42:17.122+0000] {subprocess.py:75} INFO - Running command: ['/usr/bin/bash', '-c', 'mkdir -p "/home/***/host_documents/week2023-01-30"']
[2025-08-08T02:42:17.132+0000] {subprocess.py:86} INFO - Output:
[2025-08-08T02:42:17.138+0000] {subprocess.py:97} INFO - Command exited with return code 0
[2025-08-08T02:42:17.139+0000] {taskinstance.py:441} INFO - ::group::Post task execution logs
[2025-08-08T02:42:17.163+0000] {taskinstance.py:1206} INFO - Marking task as SUCCESS. dag_id=climate_data, task_id=create_folder, run_id=scheduled__2023-01-23T00:00:00+00:00, execution_date=20230123T000000, start_date=20250808T024216, end_date=20250808T024217
[2025-08-08T02:42:17.178+0000] {local_task_job_runner.py:240} INFO - Task exited with return code 0
[2025-08-08T02:42:17.200+0000] {taskinstance.py:3498} INFO - 1 downstream tasks scheduled from follow-on schedule check
[2025-08-08T02:42:17.203+0000] {local_task_job_runner.py:222} INFO - ::endgroup::
