[2025-08-08T02:26:35.508+0000] {local_task_job_runner.py:120} INFO - ::group::Pre task execution logs
[2025-08-08T02:26:35.530+0000] {taskinstance.py:2076} INFO - Dependencies all met for dep_context=non-requeueable deps ti=<TaskInstance: climate_data.create_folder scheduled__2023-08-07T00:00:00+00:00 [queued]>
[2025-08-08T02:26:35.539+0000] {taskinstance.py:2076} INFO - Dependencies all met for dep_context=requeueable deps ti=<TaskInstance: climate_data.create_folder scheduled__2023-08-07T00:00:00+00:00 [queued]>
[2025-08-08T02:26:35.540+0000] {taskinstance.py:2306} INFO - Starting attempt 1 of 1
[2025-08-08T02:26:35.551+0000] {taskinstance.py:2330} INFO - Executing <Task(BashOperator): create_folder> on 2023-08-07 00:00:00+00:00
[2025-08-08T02:26:35.557+0000] {standard_task_runner.py:63} INFO - Started process 420 to run task
[2025-08-08T02:26:35.561+0000] {standard_task_runner.py:90} INFO - Running: ['***', 'tasks', 'run', 'climate_data', 'create_folder', 'scheduled__2023-08-07T00:00:00+00:00', '--job-id', '79', '--raw', '--subdir', 'DAGS_FOLDER/climate_data.py', '--cfg-path', '/tmp/tmp060hov4v']
[2025-08-08T02:26:35.563+0000] {standard_task_runner.py:91} INFO - Job 79: Subtask create_folder
[2025-08-08T02:26:35.578+0000] {logging_mixin.py:188} WARNING - /home/***/.local/lib/python3.9/site-packages/***/settings.py:195 DeprecationWarning: The sql_alchemy_conn option in [core] has been moved to the sql_alchemy_conn option in [database] - the old setting has been used, but please update your config.
[2025-08-08T02:26:35.622+0000] {task_command.py:426} INFO - Running <TaskInstance: climate_data.create_folder scheduled__2023-08-07T00:00:00+00:00 [running]> on host 3ceab82043f1
[2025-08-08T02:26:35.693+0000] {taskinstance.py:2648} INFO - Exporting env vars: AIRFLOW_CTX_DAG_OWNER='***' AIRFLOW_CTX_DAG_ID='climate_data' AIRFLOW_CTX_TASK_ID='create_folder' AIRFLOW_CTX_EXECUTION_DATE='2023-08-07T00:00:00+00:00' AIRFLOW_CTX_TRY_NUMBER='1' AIRFLOW_CTX_DAG_RUN_ID='scheduled__2023-08-07T00:00:00+00:00'
[2025-08-08T02:26:35.696+0000] {taskinstance.py:430} INFO - ::endgroup::
[2025-08-08T02:26:35.704+0000] {subprocess.py:63} INFO - Tmp dir root location: /tmp
[2025-08-08T02:26:35.705+0000] {subprocess.py:75} INFO - Running command: ['/usr/bin/bash', '-c', 'mkdir -p /home/***/host_documents/week2023-08-14"']
[2025-08-08T02:26:35.715+0000] {subprocess.py:86} INFO - Output:
[2025-08-08T02:26:35.716+0000] {subprocess.py:93} INFO - /usr/bin/bash: -c: line 1: unexpected EOF while looking for matching `"'
[2025-08-08T02:26:35.716+0000] {subprocess.py:97} INFO - Command exited with return code 2
[2025-08-08T02:26:35.717+0000] {taskinstance.py:441} INFO - ::group::Post task execution logs
[2025-08-08T02:26:35.725+0000] {taskinstance.py:2905} ERROR - Task failed with exception
Traceback (most recent call last):
  File "/home/airflow/.local/lib/python3.9/site-packages/airflow/models/taskinstance.py", line 465, in _execute_task
    result = _execute_callable(context=context, **execute_callable_kwargs)
  File "/home/airflow/.local/lib/python3.9/site-packages/airflow/models/taskinstance.py", line 432, in _execute_callable
    return execute_callable(context=context, **execute_callable_kwargs)
  File "/home/airflow/.local/lib/python3.9/site-packages/airflow/models/baseoperator.py", line 400, in wrapper
    return func(self, *args, **kwargs)
  File "/home/airflow/.local/lib/python3.9/site-packages/airflow/operators/bash.py", line 243, in execute
    raise AirflowException(
airflow.exceptions.AirflowException: Bash command failed. The command returned a non-zero exit code 2.
[2025-08-08T02:26:35.729+0000] {taskinstance.py:1206} INFO - Marking task as FAILED. dag_id=climate_data, task_id=create_folder, run_id=scheduled__2023-08-07T00:00:00+00:00, execution_date=20230807T000000, start_date=20250808T022635, end_date=20250808T022635
[2025-08-08T02:26:35.739+0000] {standard_task_runner.py:110} ERROR - Failed to execute job 79 for task create_folder (Bash command failed. The command returned a non-zero exit code 2.; 420)
[2025-08-08T02:26:35.775+0000] {local_task_job_runner.py:240} INFO - Task exited with return code 1
[2025-08-08T02:26:35.783+0000] {local_task_job_runner.py:222} INFO - ::endgroup::
[2025-08-08T02:34:52.496+0000] {local_task_job_runner.py:120} INFO - ::group::Pre task execution logs
[2025-08-08T02:34:52.517+0000] {taskinstance.py:2076} INFO - Dependencies all met for dep_context=non-requeueable deps ti=<TaskInstance: climate_data.create_folder scheduled__2023-08-07T00:00:00+00:00 [queued]>
[2025-08-08T02:34:52.526+0000] {taskinstance.py:2076} INFO - Dependencies all met for dep_context=requeueable deps ti=<TaskInstance: climate_data.create_folder scheduled__2023-08-07T00:00:00+00:00 [queued]>
[2025-08-08T02:34:52.526+0000] {taskinstance.py:2306} INFO - Starting attempt 1 of 1
[2025-08-08T02:34:52.538+0000] {taskinstance.py:2330} INFO - Executing <Task(BashOperator): create_folder> on 2023-08-07 00:00:00+00:00
[2025-08-08T02:34:52.542+0000] {standard_task_runner.py:63} INFO - Started process 451 to run task
[2025-08-08T02:34:52.544+0000] {standard_task_runner.py:90} INFO - Running: ['***', 'tasks', 'run', 'climate_data', 'create_folder', 'scheduled__2023-08-07T00:00:00+00:00', '--job-id', '234', '--raw', '--subdir', 'DAGS_FOLDER/climate_data.py', '--cfg-path', '/tmp/tmp5vt8z2jk']
[2025-08-08T02:34:52.546+0000] {standard_task_runner.py:91} INFO - Job 234: Subtask create_folder
[2025-08-08T02:34:52.560+0000] {logging_mixin.py:188} WARNING - /home/***/.local/lib/python3.9/site-packages/***/settings.py:195 DeprecationWarning: The sql_alchemy_conn option in [core] has been moved to the sql_alchemy_conn option in [database] - the old setting has been used, but please update your config.
[2025-08-08T02:34:52.608+0000] {task_command.py:426} INFO - Running <TaskInstance: climate_data.create_folder scheduled__2023-08-07T00:00:00+00:00 [running]> on host 1a6f5acf67f4
[2025-08-08T02:34:52.672+0000] {taskinstance.py:2648} INFO - Exporting env vars: AIRFLOW_CTX_DAG_OWNER='***' AIRFLOW_CTX_DAG_ID='climate_data' AIRFLOW_CTX_TASK_ID='create_folder' AIRFLOW_CTX_EXECUTION_DATE='2023-08-07T00:00:00+00:00' AIRFLOW_CTX_TRY_NUMBER='1' AIRFLOW_CTX_DAG_RUN_ID='scheduled__2023-08-07T00:00:00+00:00'
[2025-08-08T02:34:52.673+0000] {taskinstance.py:430} INFO - ::endgroup::
[2025-08-08T02:34:52.684+0000] {subprocess.py:63} INFO - Tmp dir root location: /tmp
[2025-08-08T02:34:52.685+0000] {subprocess.py:75} INFO - Running command: ['/usr/bin/bash', '-c', 'mkdir -p /home/***/host_documents/week2023-08-14"']
[2025-08-08T02:34:52.693+0000] {subprocess.py:86} INFO - Output:
[2025-08-08T02:34:52.694+0000] {subprocess.py:93} INFO - /usr/bin/bash: -c: line 1: unexpected EOF while looking for matching `"'
[2025-08-08T02:34:52.695+0000] {subprocess.py:97} INFO - Command exited with return code 2
[2025-08-08T02:34:52.695+0000] {taskinstance.py:441} INFO - ::group::Post task execution logs
[2025-08-08T02:34:52.704+0000] {taskinstance.py:2905} ERROR - Task failed with exception
Traceback (most recent call last):
  File "/home/airflow/.local/lib/python3.9/site-packages/airflow/models/taskinstance.py", line 465, in _execute_task
    result = _execute_callable(context=context, **execute_callable_kwargs)
  File "/home/airflow/.local/lib/python3.9/site-packages/airflow/models/taskinstance.py", line 432, in _execute_callable
    return execute_callable(context=context, **execute_callable_kwargs)
  File "/home/airflow/.local/lib/python3.9/site-packages/airflow/models/baseoperator.py", line 400, in wrapper
    return func(self, *args, **kwargs)
  File "/home/airflow/.local/lib/python3.9/site-packages/airflow/operators/bash.py", line 243, in execute
    raise AirflowException(
airflow.exceptions.AirflowException: Bash command failed. The command returned a non-zero exit code 2.
[2025-08-08T02:34:52.709+0000] {taskinstance.py:1206} INFO - Marking task as FAILED. dag_id=climate_data, task_id=create_folder, run_id=scheduled__2023-08-07T00:00:00+00:00, execution_date=20230807T000000, start_date=20250808T023452, end_date=20250808T023452
[2025-08-08T02:34:52.724+0000] {standard_task_runner.py:110} ERROR - Failed to execute job 234 for task create_folder (Bash command failed. The command returned a non-zero exit code 2.; 451)
[2025-08-08T02:34:52.757+0000] {local_task_job_runner.py:240} INFO - Task exited with return code 1
[2025-08-08T02:34:52.771+0000] {taskinstance.py:3498} INFO - 0 downstream tasks scheduled from follow-on schedule check
[2025-08-08T02:34:52.775+0000] {local_task_job_runner.py:222} INFO - ::endgroup::
[2025-08-08T02:39:29.236+0000] {local_task_job_runner.py:120} INFO - ::group::Pre task execution logs
[2025-08-08T02:39:29.256+0000] {taskinstance.py:2076} INFO - Dependencies all met for dep_context=non-requeueable deps ti=<TaskInstance: climate_data.create_folder scheduled__2023-08-07T00:00:00+00:00 [queued]>
[2025-08-08T02:39:29.263+0000] {taskinstance.py:2076} INFO - Dependencies all met for dep_context=requeueable deps ti=<TaskInstance: climate_data.create_folder scheduled__2023-08-07T00:00:00+00:00 [queued]>
[2025-08-08T02:39:29.263+0000] {taskinstance.py:2306} INFO - Starting attempt 1 of 1
[2025-08-08T02:39:29.274+0000] {taskinstance.py:2330} INFO - Executing <Task(BashOperator): create_folder> on 2023-08-07 00:00:00+00:00
[2025-08-08T02:39:29.279+0000] {standard_task_runner.py:63} INFO - Started process 1381 to run task
[2025-08-08T02:39:29.281+0000] {standard_task_runner.py:90} INFO - Running: ['***', 'tasks', 'run', 'climate_data', 'create_folder', 'scheduled__2023-08-07T00:00:00+00:00', '--job-id', '438', '--raw', '--subdir', 'DAGS_FOLDER/climate_data.py', '--cfg-path', '/tmp/tmpj00rsof_']
[2025-08-08T02:39:29.283+0000] {standard_task_runner.py:91} INFO - Job 438: Subtask create_folder
[2025-08-08T02:39:29.296+0000] {logging_mixin.py:188} WARNING - /home/***/.local/lib/python3.9/site-packages/***/settings.py:195 DeprecationWarning: The sql_alchemy_conn option in [core] has been moved to the sql_alchemy_conn option in [database] - the old setting has been used, but please update your config.
[2025-08-08T02:39:29.341+0000] {task_command.py:426} INFO - Running <TaskInstance: climate_data.create_folder scheduled__2023-08-07T00:00:00+00:00 [running]> on host 1a6f5acf67f4
[2025-08-08T02:39:29.405+0000] {taskinstance.py:2648} INFO - Exporting env vars: AIRFLOW_CTX_DAG_OWNER='***' AIRFLOW_CTX_DAG_ID='climate_data' AIRFLOW_CTX_TASK_ID='create_folder' AIRFLOW_CTX_EXECUTION_DATE='2023-08-07T00:00:00+00:00' AIRFLOW_CTX_TRY_NUMBER='1' AIRFLOW_CTX_DAG_RUN_ID='scheduled__2023-08-07T00:00:00+00:00'
[2025-08-08T02:39:29.406+0000] {taskinstance.py:430} INFO - ::endgroup::
[2025-08-08T02:39:29.414+0000] {subprocess.py:63} INFO - Tmp dir root location: /tmp
[2025-08-08T02:39:29.415+0000] {subprocess.py:75} INFO - Running command: ['/usr/bin/bash', '-c', 'mkdir -p /home/***/host_documents/week2023-08-14']
[2025-08-08T02:39:29.422+0000] {subprocess.py:86} INFO - Output:
[2025-08-08T02:39:29.427+0000] {subprocess.py:97} INFO - Command exited with return code 0
[2025-08-08T02:39:29.428+0000] {taskinstance.py:441} INFO - ::group::Post task execution logs
[2025-08-08T02:39:29.448+0000] {taskinstance.py:1206} INFO - Marking task as SUCCESS. dag_id=climate_data, task_id=create_folder, run_id=scheduled__2023-08-07T00:00:00+00:00, execution_date=20230807T000000, start_date=20250808T023929, end_date=20250808T023929
[2025-08-08T02:39:29.494+0000] {local_task_job_runner.py:240} INFO - Task exited with return code 0
[2025-08-08T02:39:29.503+0000] {local_task_job_runner.py:222} INFO - ::endgroup::
[2025-08-08T02:42:27.865+0000] {local_task_job_runner.py:120} INFO - ::group::Pre task execution logs
[2025-08-08T02:42:27.886+0000] {taskinstance.py:2076} INFO - Dependencies all met for dep_context=non-requeueable deps ti=<TaskInstance: climate_data.create_folder scheduled__2023-08-07T00:00:00+00:00 [queued]>
[2025-08-08T02:42:27.894+0000] {taskinstance.py:2076} INFO - Dependencies all met for dep_context=requeueable deps ti=<TaskInstance: climate_data.create_folder scheduled__2023-08-07T00:00:00+00:00 [queued]>
[2025-08-08T02:42:27.894+0000] {taskinstance.py:2306} INFO - Starting attempt 1 of 1
[2025-08-08T02:42:27.905+0000] {taskinstance.py:2330} INFO - Executing <Task(BashOperator): create_folder> on 2023-08-07 00:00:00+00:00
[2025-08-08T02:42:27.909+0000] {standard_task_runner.py:63} INFO - Started process 2550 to run task
[2025-08-08T02:42:27.911+0000] {standard_task_runner.py:90} INFO - Running: ['***', 'tasks', 'run', 'climate_data', 'create_folder', 'scheduled__2023-08-07T00:00:00+00:00', '--job-id', '746', '--raw', '--subdir', 'DAGS_FOLDER/climate_data.py', '--cfg-path', '/tmp/tmpjuf77rp9']
[2025-08-08T02:42:27.913+0000] {standard_task_runner.py:91} INFO - Job 746: Subtask create_folder
[2025-08-08T02:42:27.925+0000] {logging_mixin.py:188} WARNING - /home/***/.local/lib/python3.9/site-packages/***/settings.py:195 DeprecationWarning: The sql_alchemy_conn option in [core] has been moved to the sql_alchemy_conn option in [database] - the old setting has been used, but please update your config.
[2025-08-08T02:42:27.964+0000] {task_command.py:426} INFO - Running <TaskInstance: climate_data.create_folder scheduled__2023-08-07T00:00:00+00:00 [running]> on host 1a6f5acf67f4
[2025-08-08T02:42:28.028+0000] {taskinstance.py:2648} INFO - Exporting env vars: AIRFLOW_CTX_DAG_OWNER='***' AIRFLOW_CTX_DAG_ID='climate_data' AIRFLOW_CTX_TASK_ID='create_folder' AIRFLOW_CTX_EXECUTION_DATE='2023-08-07T00:00:00+00:00' AIRFLOW_CTX_TRY_NUMBER='1' AIRFLOW_CTX_DAG_RUN_ID='scheduled__2023-08-07T00:00:00+00:00'
[2025-08-08T02:42:28.029+0000] {taskinstance.py:430} INFO - ::endgroup::
[2025-08-08T02:42:28.039+0000] {subprocess.py:63} INFO - Tmp dir root location: /tmp
[2025-08-08T02:42:28.040+0000] {subprocess.py:75} INFO - Running command: ['/usr/bin/bash', '-c', 'mkdir -p "/home/***/host_documents/week2023-08-14"']
[2025-08-08T02:42:28.047+0000] {subprocess.py:86} INFO - Output:
[2025-08-08T02:42:28.051+0000] {subprocess.py:97} INFO - Command exited with return code 0
[2025-08-08T02:42:28.052+0000] {taskinstance.py:441} INFO - ::group::Post task execution logs
[2025-08-08T02:42:28.071+0000] {taskinstance.py:1206} INFO - Marking task as SUCCESS. dag_id=climate_data, task_id=create_folder, run_id=scheduled__2023-08-07T00:00:00+00:00, execution_date=20230807T000000, start_date=20250808T024227, end_date=20250808T024228
[2025-08-08T02:42:28.124+0000] {local_task_job_runner.py:240} INFO - Task exited with return code 0
[2025-08-08T02:42:28.143+0000] {taskinstance.py:3498} INFO - 1 downstream tasks scheduled from follow-on schedule check
[2025-08-08T02:42:28.146+0000] {local_task_job_runner.py:222} INFO - ::endgroup::
