[2025-08-08T02:26:51.768+0000] {local_task_job_runner.py:120} INFO - ::group::Pre task execution logs
[2025-08-08T02:26:51.786+0000] {taskinstance.py:2076} INFO - Dependencies all met for dep_context=non-requeueable deps ti=<TaskInstance: climate_data.create_folder scheduled__2024-09-16T00:00:00+00:00 [queued]>
[2025-08-08T02:26:51.794+0000] {taskinstance.py:2076} INFO - Dependencies all met for dep_context=requeueable deps ti=<TaskInstance: climate_data.create_folder scheduled__2024-09-16T00:00:00+00:00 [queued]>
[2025-08-08T02:26:51.794+0000] {taskinstance.py:2306} INFO - Starting attempt 1 of 1
[2025-08-08T02:26:51.802+0000] {taskinstance.py:2330} INFO - Executing <Task(BashOperator): create_folder> on 2024-09-16 00:00:00+00:00
[2025-08-08T02:26:51.806+0000] {standard_task_runner.py:63} INFO - Started process 662 to run task
[2025-08-08T02:26:51.809+0000] {standard_task_runner.py:90} INFO - Running: ['***', 'tasks', 'run', 'climate_data', 'create_folder', 'scheduled__2024-09-16T00:00:00+00:00', '--job-id', '137', '--raw', '--subdir', 'DAGS_FOLDER/climate_data.py', '--cfg-path', '/tmp/tmp5350wzeb']
[2025-08-08T02:26:51.811+0000] {standard_task_runner.py:91} INFO - Job 137: Subtask create_folder
[2025-08-08T02:26:51.821+0000] {logging_mixin.py:188} WARNING - /home/***/.local/lib/python3.9/site-packages/***/settings.py:195 DeprecationWarning: The sql_alchemy_conn option in [core] has been moved to the sql_alchemy_conn option in [database] - the old setting has been used, but please update your config.
[2025-08-08T02:26:51.857+0000] {task_command.py:426} INFO - Running <TaskInstance: climate_data.create_folder scheduled__2024-09-16T00:00:00+00:00 [running]> on host 3ceab82043f1
[2025-08-08T02:26:51.915+0000] {taskinstance.py:2648} INFO - Exporting env vars: AIRFLOW_CTX_DAG_OWNER='***' AIRFLOW_CTX_DAG_ID='climate_data' AIRFLOW_CTX_TASK_ID='create_folder' AIRFLOW_CTX_EXECUTION_DATE='2024-09-16T00:00:00+00:00' AIRFLOW_CTX_TRY_NUMBER='1' AIRFLOW_CTX_DAG_RUN_ID='scheduled__2024-09-16T00:00:00+00:00'
[2025-08-08T02:26:51.916+0000] {taskinstance.py:430} INFO - ::endgroup::
[2025-08-08T02:26:51.923+0000] {subprocess.py:63} INFO - Tmp dir root location: /tmp
[2025-08-08T02:26:51.924+0000] {subprocess.py:75} INFO - Running command: ['/usr/bin/bash', '-c', 'mkdir -p /home/***/host_documents/week2024-09-23"']
[2025-08-08T02:26:51.931+0000] {subprocess.py:86} INFO - Output:
[2025-08-08T02:26:51.932+0000] {subprocess.py:93} INFO - /usr/bin/bash: -c: line 1: unexpected EOF while looking for matching `"'
[2025-08-08T02:26:51.932+0000] {subprocess.py:97} INFO - Command exited with return code 2
[2025-08-08T02:26:51.933+0000] {taskinstance.py:441} INFO - ::group::Post task execution logs
[2025-08-08T02:26:51.940+0000] {taskinstance.py:2905} ERROR - Task failed with exception
Traceback (most recent call last):
  File "/home/airflow/.local/lib/python3.9/site-packages/airflow/models/taskinstance.py", line 465, in _execute_task
    result = _execute_callable(context=context, **execute_callable_kwargs)
  File "/home/airflow/.local/lib/python3.9/site-packages/airflow/models/taskinstance.py", line 432, in _execute_callable
    return execute_callable(context=context, **execute_callable_kwargs)
  File "/home/airflow/.local/lib/python3.9/site-packages/airflow/models/baseoperator.py", line 400, in wrapper
    return func(self, *args, **kwargs)
  File "/home/airflow/.local/lib/python3.9/site-packages/airflow/operators/bash.py", line 243, in execute
    raise AirflowException(
airflow.exceptions.AirflowException: Bash command failed. The command returned a non-zero exit code 2.
[2025-08-08T02:26:51.942+0000] {taskinstance.py:1206} INFO - Marking task as FAILED. dag_id=climate_data, task_id=create_folder, run_id=scheduled__2024-09-16T00:00:00+00:00, execution_date=20240916T000000, start_date=20250808T022651, end_date=20250808T022651
[2025-08-08T02:26:51.950+0000] {standard_task_runner.py:110} ERROR - Failed to execute job 137 for task create_folder (Bash command failed. The command returned a non-zero exit code 2.; 662)
[2025-08-08T02:26:51.981+0000] {local_task_job_runner.py:240} INFO - Task exited with return code 1
[2025-08-08T02:26:51.995+0000] {taskinstance.py:3498} INFO - 0 downstream tasks scheduled from follow-on schedule check
[2025-08-08T02:26:51.998+0000] {local_task_job_runner.py:222} INFO - ::endgroup::
[2025-08-08T02:35:12.514+0000] {local_task_job_runner.py:120} INFO - ::group::Pre task execution logs
[2025-08-08T02:35:12.533+0000] {taskinstance.py:2076} INFO - Dependencies all met for dep_context=non-requeueable deps ti=<TaskInstance: climate_data.create_folder scheduled__2024-09-16T00:00:00+00:00 [queued]>
[2025-08-08T02:35:12.539+0000] {taskinstance.py:2076} INFO - Dependencies all met for dep_context=requeueable deps ti=<TaskInstance: climate_data.create_folder scheduled__2024-09-16T00:00:00+00:00 [queued]>
[2025-08-08T02:35:12.540+0000] {taskinstance.py:2306} INFO - Starting attempt 1 of 1
[2025-08-08T02:35:12.548+0000] {taskinstance.py:2330} INFO - Executing <Task(BashOperator): create_folder> on 2024-09-16 00:00:00+00:00
[2025-08-08T02:35:12.552+0000] {standard_task_runner.py:63} INFO - Started process 697 to run task
[2025-08-08T02:35:12.555+0000] {standard_task_runner.py:90} INFO - Running: ['***', 'tasks', 'run', 'climate_data', 'create_folder', 'scheduled__2024-09-16T00:00:00+00:00', '--job-id', '293', '--raw', '--subdir', 'DAGS_FOLDER/climate_data.py', '--cfg-path', '/tmp/tmpogpae6py']
[2025-08-08T02:35:12.557+0000] {standard_task_runner.py:91} INFO - Job 293: Subtask create_folder
[2025-08-08T02:35:12.568+0000] {logging_mixin.py:188} WARNING - /home/***/.local/lib/python3.9/site-packages/***/settings.py:195 DeprecationWarning: The sql_alchemy_conn option in [core] has been moved to the sql_alchemy_conn option in [database] - the old setting has been used, but please update your config.
[2025-08-08T02:35:12.612+0000] {task_command.py:426} INFO - Running <TaskInstance: climate_data.create_folder scheduled__2024-09-16T00:00:00+00:00 [running]> on host 1a6f5acf67f4
[2025-08-08T02:35:12.668+0000] {taskinstance.py:2648} INFO - Exporting env vars: AIRFLOW_CTX_DAG_OWNER='***' AIRFLOW_CTX_DAG_ID='climate_data' AIRFLOW_CTX_TASK_ID='create_folder' AIRFLOW_CTX_EXECUTION_DATE='2024-09-16T00:00:00+00:00' AIRFLOW_CTX_TRY_NUMBER='1' AIRFLOW_CTX_DAG_RUN_ID='scheduled__2024-09-16T00:00:00+00:00'
[2025-08-08T02:35:12.669+0000] {taskinstance.py:430} INFO - ::endgroup::
[2025-08-08T02:35:12.676+0000] {subprocess.py:63} INFO - Tmp dir root location: /tmp
[2025-08-08T02:35:12.677+0000] {subprocess.py:75} INFO - Running command: ['/usr/bin/bash', '-c', 'mkdir -p /home/***/host_documents/week2024-09-23"']
[2025-08-08T02:35:12.684+0000] {subprocess.py:86} INFO - Output:
[2025-08-08T02:35:12.685+0000] {subprocess.py:93} INFO - /usr/bin/bash: -c: line 1: unexpected EOF while looking for matching `"'
[2025-08-08T02:35:12.685+0000] {subprocess.py:97} INFO - Command exited with return code 2
[2025-08-08T02:35:12.686+0000] {taskinstance.py:441} INFO - ::group::Post task execution logs
[2025-08-08T02:35:12.693+0000] {taskinstance.py:2905} ERROR - Task failed with exception
Traceback (most recent call last):
  File "/home/airflow/.local/lib/python3.9/site-packages/airflow/models/taskinstance.py", line 465, in _execute_task
    result = _execute_callable(context=context, **execute_callable_kwargs)
  File "/home/airflow/.local/lib/python3.9/site-packages/airflow/models/taskinstance.py", line 432, in _execute_callable
    return execute_callable(context=context, **execute_callable_kwargs)
  File "/home/airflow/.local/lib/python3.9/site-packages/airflow/models/baseoperator.py", line 400, in wrapper
    return func(self, *args, **kwargs)
  File "/home/airflow/.local/lib/python3.9/site-packages/airflow/operators/bash.py", line 243, in execute
    raise AirflowException(
airflow.exceptions.AirflowException: Bash command failed. The command returned a non-zero exit code 2.
[2025-08-08T02:35:12.695+0000] {taskinstance.py:1206} INFO - Marking task as FAILED. dag_id=climate_data, task_id=create_folder, run_id=scheduled__2024-09-16T00:00:00+00:00, execution_date=20240916T000000, start_date=20250808T023512, end_date=20250808T023512
[2025-08-08T02:35:12.703+0000] {standard_task_runner.py:110} ERROR - Failed to execute job 293 for task create_folder (Bash command failed. The command returned a non-zero exit code 2.; 697)
[2025-08-08T02:35:12.728+0000] {local_task_job_runner.py:240} INFO - Task exited with return code 1
[2025-08-08T02:35:12.742+0000] {taskinstance.py:3498} INFO - 0 downstream tasks scheduled from follow-on schedule check
[2025-08-08T02:35:12.745+0000] {local_task_job_runner.py:222} INFO - ::endgroup::
[2025-08-08T02:39:46.391+0000] {local_task_job_runner.py:120} INFO - ::group::Pre task execution logs
[2025-08-08T02:39:46.415+0000] {taskinstance.py:2076} INFO - Dependencies all met for dep_context=non-requeueable deps ti=<TaskInstance: climate_data.create_folder scheduled__2024-09-16T00:00:00+00:00 [queued]>
[2025-08-08T02:39:46.423+0000] {taskinstance.py:2076} INFO - Dependencies all met for dep_context=requeueable deps ti=<TaskInstance: climate_data.create_folder scheduled__2024-09-16T00:00:00+00:00 [queued]>
[2025-08-08T02:39:46.424+0000] {taskinstance.py:2306} INFO - Starting attempt 1 of 1
[2025-08-08T02:39:46.437+0000] {taskinstance.py:2330} INFO - Executing <Task(BashOperator): create_folder> on 2024-09-16 00:00:00+00:00
[2025-08-08T02:39:46.444+0000] {standard_task_runner.py:63} INFO - Started process 1780 to run task
[2025-08-08T02:39:46.449+0000] {standard_task_runner.py:90} INFO - Running: ['***', 'tasks', 'run', 'climate_data', 'create_folder', 'scheduled__2024-09-16T00:00:00+00:00', '--job-id', '547', '--raw', '--subdir', 'DAGS_FOLDER/climate_data.py', '--cfg-path', '/tmp/tmpfphf4x6x']
[2025-08-08T02:39:46.450+0000] {standard_task_runner.py:91} INFO - Job 547: Subtask create_folder
[2025-08-08T02:39:46.468+0000] {logging_mixin.py:188} WARNING - /home/***/.local/lib/python3.9/site-packages/***/settings.py:195 DeprecationWarning: The sql_alchemy_conn option in [core] has been moved to the sql_alchemy_conn option in [database] - the old setting has been used, but please update your config.
[2025-08-08T02:39:46.523+0000] {task_command.py:426} INFO - Running <TaskInstance: climate_data.create_folder scheduled__2024-09-16T00:00:00+00:00 [running]> on host 1a6f5acf67f4
[2025-08-08T02:39:46.604+0000] {taskinstance.py:2648} INFO - Exporting env vars: AIRFLOW_CTX_DAG_OWNER='***' AIRFLOW_CTX_DAG_ID='climate_data' AIRFLOW_CTX_TASK_ID='create_folder' AIRFLOW_CTX_EXECUTION_DATE='2024-09-16T00:00:00+00:00' AIRFLOW_CTX_TRY_NUMBER='1' AIRFLOW_CTX_DAG_RUN_ID='scheduled__2024-09-16T00:00:00+00:00'
[2025-08-08T02:39:46.606+0000] {taskinstance.py:430} INFO - ::endgroup::
[2025-08-08T02:39:46.617+0000] {subprocess.py:63} INFO - Tmp dir root location: /tmp
[2025-08-08T02:39:46.618+0000] {subprocess.py:75} INFO - Running command: ['/usr/bin/bash', '-c', 'mkdir -p /home/***/host_documents/week2024-09-23']
[2025-08-08T02:39:46.629+0000] {subprocess.py:86} INFO - Output:
[2025-08-08T02:39:46.633+0000] {subprocess.py:97} INFO - Command exited with return code 0
[2025-08-08T02:39:46.634+0000] {taskinstance.py:441} INFO - ::group::Post task execution logs
[2025-08-08T02:39:46.658+0000] {taskinstance.py:1206} INFO - Marking task as SUCCESS. dag_id=climate_data, task_id=create_folder, run_id=scheduled__2024-09-16T00:00:00+00:00, execution_date=20240916T000000, start_date=20250808T023946, end_date=20250808T023946
[2025-08-08T02:39:46.741+0000] {local_task_job_runner.py:240} INFO - Task exited with return code 0
[2025-08-08T02:39:46.753+0000] {local_task_job_runner.py:222} INFO - ::endgroup::
[2025-08-08T02:42:45.281+0000] {local_task_job_runner.py:120} INFO - ::group::Pre task execution logs
[2025-08-08T02:42:45.305+0000] {taskinstance.py:2076} INFO - Dependencies all met for dep_context=non-requeueable deps ti=<TaskInstance: climate_data.create_folder scheduled__2024-09-16T00:00:00+00:00 [queued]>
[2025-08-08T02:42:45.314+0000] {taskinstance.py:2076} INFO - Dependencies all met for dep_context=requeueable deps ti=<TaskInstance: climate_data.create_folder scheduled__2024-09-16T00:00:00+00:00 [queued]>
[2025-08-08T02:42:45.315+0000] {taskinstance.py:2306} INFO - Starting attempt 1 of 1
[2025-08-08T02:42:45.328+0000] {taskinstance.py:2330} INFO - Executing <Task(BashOperator): create_folder> on 2024-09-16 00:00:00+00:00
[2025-08-08T02:42:45.335+0000] {standard_task_runner.py:63} INFO - Started process 2953 to run task
[2025-08-08T02:42:45.338+0000] {standard_task_runner.py:90} INFO - Running: ['***', 'tasks', 'run', 'climate_data', 'create_folder', 'scheduled__2024-09-16T00:00:00+00:00', '--job-id', '856', '--raw', '--subdir', 'DAGS_FOLDER/climate_data.py', '--cfg-path', '/tmp/tmpr247gdbc']
[2025-08-08T02:42:45.341+0000] {standard_task_runner.py:91} INFO - Job 856: Subtask create_folder
[2025-08-08T02:42:45.358+0000] {logging_mixin.py:188} WARNING - /home/***/.local/lib/python3.9/site-packages/***/settings.py:195 DeprecationWarning: The sql_alchemy_conn option in [core] has been moved to the sql_alchemy_conn option in [database] - the old setting has been used, but please update your config.
[2025-08-08T02:42:45.415+0000] {task_command.py:426} INFO - Running <TaskInstance: climate_data.create_folder scheduled__2024-09-16T00:00:00+00:00 [running]> on host 1a6f5acf67f4
[2025-08-08T02:42:45.496+0000] {taskinstance.py:2648} INFO - Exporting env vars: AIRFLOW_CTX_DAG_OWNER='***' AIRFLOW_CTX_DAG_ID='climate_data' AIRFLOW_CTX_TASK_ID='create_folder' AIRFLOW_CTX_EXECUTION_DATE='2024-09-16T00:00:00+00:00' AIRFLOW_CTX_TRY_NUMBER='1' AIRFLOW_CTX_DAG_RUN_ID='scheduled__2024-09-16T00:00:00+00:00'
[2025-08-08T02:42:45.498+0000] {taskinstance.py:430} INFO - ::endgroup::
[2025-08-08T02:42:45.510+0000] {subprocess.py:63} INFO - Tmp dir root location: /tmp
[2025-08-08T02:42:45.512+0000] {subprocess.py:75} INFO - Running command: ['/usr/bin/bash', '-c', 'mkdir -p "/home/***/host_documents/week2024-09-23"']
[2025-08-08T02:42:45.523+0000] {subprocess.py:86} INFO - Output:
[2025-08-08T02:42:45.527+0000] {subprocess.py:97} INFO - Command exited with return code 0
[2025-08-08T02:42:45.528+0000] {taskinstance.py:441} INFO - ::group::Post task execution logs
[2025-08-08T02:42:45.552+0000] {taskinstance.py:1206} INFO - Marking task as SUCCESS. dag_id=climate_data, task_id=create_folder, run_id=scheduled__2024-09-16T00:00:00+00:00, execution_date=20240916T000000, start_date=20250808T024245, end_date=20250808T024245
[2025-08-08T02:42:45.631+0000] {local_task_job_runner.py:240} INFO - Task exited with return code 0
[2025-08-08T02:42:45.652+0000] {taskinstance.py:3498} INFO - 1 downstream tasks scheduled from follow-on schedule check
[2025-08-08T02:42:45.654+0000] {local_task_job_runner.py:222} INFO - ::endgroup::
