[2025-08-08T02:26:41.141+0000] {local_task_job_runner.py:120} INFO - ::group::Pre task execution logs
[2025-08-08T02:26:41.163+0000] {taskinstance.py:2076} INFO - Dependencies all met for dep_context=non-requeueable deps ti=<TaskInstance: climate_data.create_folder scheduled__2024-01-01T00:00:00+00:00 [queued]>
[2025-08-08T02:26:41.170+0000] {taskinstance.py:2076} INFO - Dependencies all met for dep_context=requeueable deps ti=<TaskInstance: climate_data.create_folder scheduled__2024-01-01T00:00:00+00:00 [queued]>
[2025-08-08T02:26:41.170+0000] {taskinstance.py:2306} INFO - Starting attempt 1 of 1
[2025-08-08T02:26:41.183+0000] {taskinstance.py:2330} INFO - Executing <Task(BashOperator): create_folder> on 2024-01-01 00:00:00+00:00
[2025-08-08T02:26:41.186+0000] {standard_task_runner.py:63} INFO - Started process 504 to run task
[2025-08-08T02:26:41.189+0000] {standard_task_runner.py:90} INFO - Running: ['***', 'tasks', 'run', 'climate_data', 'create_folder', 'scheduled__2024-01-01T00:00:00+00:00', '--job-id', '100', '--raw', '--subdir', 'DAGS_FOLDER/climate_data.py', '--cfg-path', '/tmp/tmphdc9zlmf']
[2025-08-08T02:26:41.191+0000] {standard_task_runner.py:91} INFO - Job 100: Subtask create_folder
[2025-08-08T02:26:41.203+0000] {logging_mixin.py:188} WARNING - /home/***/.local/lib/python3.9/site-packages/***/settings.py:195 DeprecationWarning: The sql_alchemy_conn option in [core] has been moved to the sql_alchemy_conn option in [database] - the old setting has been used, but please update your config.
[2025-08-08T02:26:41.246+0000] {task_command.py:426} INFO - Running <TaskInstance: climate_data.create_folder scheduled__2024-01-01T00:00:00+00:00 [running]> on host 3ceab82043f1
[2025-08-08T02:26:41.319+0000] {taskinstance.py:2648} INFO - Exporting env vars: AIRFLOW_CTX_DAG_OWNER='***' AIRFLOW_CTX_DAG_ID='climate_data' AIRFLOW_CTX_TASK_ID='create_folder' AIRFLOW_CTX_EXECUTION_DATE='2024-01-01T00:00:00+00:00' AIRFLOW_CTX_TRY_NUMBER='1' AIRFLOW_CTX_DAG_RUN_ID='scheduled__2024-01-01T00:00:00+00:00'
[2025-08-08T02:26:41.320+0000] {taskinstance.py:430} INFO - ::endgroup::
[2025-08-08T02:26:41.329+0000] {subprocess.py:63} INFO - Tmp dir root location: /tmp
[2025-08-08T02:26:41.331+0000] {subprocess.py:75} INFO - Running command: ['/usr/bin/bash', '-c', 'mkdir -p /home/***/host_documents/week2024-01-08"']
[2025-08-08T02:26:41.341+0000] {subprocess.py:86} INFO - Output:
[2025-08-08T02:26:41.342+0000] {subprocess.py:93} INFO - /usr/bin/bash: -c: line 1: unexpected EOF while looking for matching `"'
[2025-08-08T02:26:41.343+0000] {subprocess.py:97} INFO - Command exited with return code 2
[2025-08-08T02:26:41.344+0000] {taskinstance.py:441} INFO - ::group::Post task execution logs
[2025-08-08T02:26:41.352+0000] {taskinstance.py:2905} ERROR - Task failed with exception
Traceback (most recent call last):
  File "/home/airflow/.local/lib/python3.9/site-packages/airflow/models/taskinstance.py", line 465, in _execute_task
    result = _execute_callable(context=context, **execute_callable_kwargs)
  File "/home/airflow/.local/lib/python3.9/site-packages/airflow/models/taskinstance.py", line 432, in _execute_callable
    return execute_callable(context=context, **execute_callable_kwargs)
  File "/home/airflow/.local/lib/python3.9/site-packages/airflow/models/baseoperator.py", line 400, in wrapper
    return func(self, *args, **kwargs)
  File "/home/airflow/.local/lib/python3.9/site-packages/airflow/operators/bash.py", line 243, in execute
    raise AirflowException(
airflow.exceptions.AirflowException: Bash command failed. The command returned a non-zero exit code 2.
[2025-08-08T02:26:41.355+0000] {taskinstance.py:1206} INFO - Marking task as FAILED. dag_id=climate_data, task_id=create_folder, run_id=scheduled__2024-01-01T00:00:00+00:00, execution_date=20240101T000000, start_date=20250808T022641, end_date=20250808T022641
[2025-08-08T02:26:41.365+0000] {standard_task_runner.py:110} ERROR - Failed to execute job 100 for task create_folder (Bash command failed. The command returned a non-zero exit code 2.; 504)
[2025-08-08T02:26:41.401+0000] {local_task_job_runner.py:240} INFO - Task exited with return code 1
[2025-08-08T02:26:41.418+0000] {taskinstance.py:3498} INFO - 0 downstream tasks scheduled from follow-on schedule check
[2025-08-08T02:26:41.424+0000] {local_task_job_runner.py:222} INFO - ::endgroup::
[2025-08-08T02:35:01.773+0000] {local_task_job_runner.py:120} INFO - ::group::Pre task execution logs
[2025-08-08T02:35:01.793+0000] {taskinstance.py:2076} INFO - Dependencies all met for dep_context=non-requeueable deps ti=<TaskInstance: climate_data.create_folder scheduled__2024-01-01T00:00:00+00:00 [queued]>
[2025-08-08T02:35:01.801+0000] {taskinstance.py:2076} INFO - Dependencies all met for dep_context=requeueable deps ti=<TaskInstance: climate_data.create_folder scheduled__2024-01-01T00:00:00+00:00 [queued]>
[2025-08-08T02:35:01.801+0000] {taskinstance.py:2306} INFO - Starting attempt 1 of 1
[2025-08-08T02:35:01.811+0000] {taskinstance.py:2330} INFO - Executing <Task(BashOperator): create_folder> on 2024-01-01 00:00:00+00:00
[2025-08-08T02:35:01.816+0000] {standard_task_runner.py:63} INFO - Started process 555 to run task
[2025-08-08T02:35:01.818+0000] {standard_task_runner.py:90} INFO - Running: ['***', 'tasks', 'run', 'climate_data', 'create_folder', 'scheduled__2024-01-01T00:00:00+00:00', '--job-id', '256', '--raw', '--subdir', 'DAGS_FOLDER/climate_data.py', '--cfg-path', '/tmp/tmp_ndeq83a']
[2025-08-08T02:35:01.822+0000] {standard_task_runner.py:91} INFO - Job 256: Subtask create_folder
[2025-08-08T02:35:01.835+0000] {logging_mixin.py:188} WARNING - /home/***/.local/lib/python3.9/site-packages/***/settings.py:195 DeprecationWarning: The sql_alchemy_conn option in [core] has been moved to the sql_alchemy_conn option in [database] - the old setting has been used, but please update your config.
[2025-08-08T02:35:01.881+0000] {task_command.py:426} INFO - Running <TaskInstance: climate_data.create_folder scheduled__2024-01-01T00:00:00+00:00 [running]> on host 1a6f5acf67f4
[2025-08-08T02:35:01.945+0000] {taskinstance.py:2648} INFO - Exporting env vars: AIRFLOW_CTX_DAG_OWNER='***' AIRFLOW_CTX_DAG_ID='climate_data' AIRFLOW_CTX_TASK_ID='create_folder' AIRFLOW_CTX_EXECUTION_DATE='2024-01-01T00:00:00+00:00' AIRFLOW_CTX_TRY_NUMBER='1' AIRFLOW_CTX_DAG_RUN_ID='scheduled__2024-01-01T00:00:00+00:00'
[2025-08-08T02:35:01.946+0000] {taskinstance.py:430} INFO - ::endgroup::
[2025-08-08T02:35:01.955+0000] {subprocess.py:63} INFO - Tmp dir root location: /tmp
[2025-08-08T02:35:01.956+0000] {subprocess.py:75} INFO - Running command: ['/usr/bin/bash', '-c', 'mkdir -p /home/***/host_documents/week2024-01-08"']
[2025-08-08T02:35:01.964+0000] {subprocess.py:86} INFO - Output:
[2025-08-08T02:35:01.967+0000] {subprocess.py:93} INFO - /usr/bin/bash: -c: line 1: unexpected EOF while looking for matching `"'
[2025-08-08T02:35:01.967+0000] {subprocess.py:97} INFO - Command exited with return code 2
[2025-08-08T02:35:01.968+0000] {taskinstance.py:441} INFO - ::group::Post task execution logs
[2025-08-08T02:35:01.977+0000] {taskinstance.py:2905} ERROR - Task failed with exception
Traceback (most recent call last):
  File "/home/airflow/.local/lib/python3.9/site-packages/airflow/models/taskinstance.py", line 465, in _execute_task
    result = _execute_callable(context=context, **execute_callable_kwargs)
  File "/home/airflow/.local/lib/python3.9/site-packages/airflow/models/taskinstance.py", line 432, in _execute_callable
    return execute_callable(context=context, **execute_callable_kwargs)
  File "/home/airflow/.local/lib/python3.9/site-packages/airflow/models/baseoperator.py", line 400, in wrapper
    return func(self, *args, **kwargs)
  File "/home/airflow/.local/lib/python3.9/site-packages/airflow/operators/bash.py", line 243, in execute
    raise AirflowException(
airflow.exceptions.AirflowException: Bash command failed. The command returned a non-zero exit code 2.
[2025-08-08T02:35:01.980+0000] {taskinstance.py:1206} INFO - Marking task as FAILED. dag_id=climate_data, task_id=create_folder, run_id=scheduled__2024-01-01T00:00:00+00:00, execution_date=20240101T000000, start_date=20250808T023501, end_date=20250808T023501
[2025-08-08T02:35:01.997+0000] {standard_task_runner.py:110} ERROR - Failed to execute job 256 for task create_folder (Bash command failed. The command returned a non-zero exit code 2.; 555)
[2025-08-08T02:35:02.032+0000] {local_task_job_runner.py:240} INFO - Task exited with return code 1
[2025-08-08T02:35:02.050+0000] {taskinstance.py:3498} INFO - 0 downstream tasks scheduled from follow-on schedule check
[2025-08-08T02:35:02.053+0000] {local_task_job_runner.py:222} INFO - ::endgroup::
[2025-08-08T02:39:35.243+0000] {local_task_job_runner.py:120} INFO - ::group::Pre task execution logs
[2025-08-08T02:39:35.267+0000] {taskinstance.py:2076} INFO - Dependencies all met for dep_context=non-requeueable deps ti=<TaskInstance: climate_data.create_folder scheduled__2024-01-01T00:00:00+00:00 [queued]>
[2025-08-08T02:39:35.274+0000] {taskinstance.py:2076} INFO - Dependencies all met for dep_context=requeueable deps ti=<TaskInstance: climate_data.create_folder scheduled__2024-01-01T00:00:00+00:00 [queued]>
[2025-08-08T02:39:35.275+0000] {taskinstance.py:2306} INFO - Starting attempt 1 of 1
[2025-08-08T02:39:35.313+0000] {taskinstance.py:2330} INFO - Executing <Task(BashOperator): create_folder> on 2024-01-01 00:00:00+00:00
[2025-08-08T02:39:35.319+0000] {standard_task_runner.py:63} INFO - Started process 1517 to run task
[2025-08-08T02:39:35.322+0000] {standard_task_runner.py:90} INFO - Running: ['***', 'tasks', 'run', 'climate_data', 'create_folder', 'scheduled__2024-01-01T00:00:00+00:00', '--job-id', '476', '--raw', '--subdir', 'DAGS_FOLDER/climate_data.py', '--cfg-path', '/tmp/tmpzzcowrf4']
[2025-08-08T02:39:35.325+0000] {standard_task_runner.py:91} INFO - Job 476: Subtask create_folder
[2025-08-08T02:39:35.340+0000] {logging_mixin.py:188} WARNING - /home/***/.local/lib/python3.9/site-packages/***/settings.py:195 DeprecationWarning: The sql_alchemy_conn option in [core] has been moved to the sql_alchemy_conn option in [database] - the old setting has been used, but please update your config.
[2025-08-08T02:39:35.382+0000] {task_command.py:426} INFO - Running <TaskInstance: climate_data.create_folder scheduled__2024-01-01T00:00:00+00:00 [running]> on host 1a6f5acf67f4
[2025-08-08T02:39:35.449+0000] {taskinstance.py:2648} INFO - Exporting env vars: AIRFLOW_CTX_DAG_OWNER='***' AIRFLOW_CTX_DAG_ID='climate_data' AIRFLOW_CTX_TASK_ID='create_folder' AIRFLOW_CTX_EXECUTION_DATE='2024-01-01T00:00:00+00:00' AIRFLOW_CTX_TRY_NUMBER='1' AIRFLOW_CTX_DAG_RUN_ID='scheduled__2024-01-01T00:00:00+00:00'
[2025-08-08T02:39:35.450+0000] {taskinstance.py:430} INFO - ::endgroup::
[2025-08-08T02:39:35.459+0000] {subprocess.py:63} INFO - Tmp dir root location: /tmp
[2025-08-08T02:39:35.462+0000] {subprocess.py:75} INFO - Running command: ['/usr/bin/bash', '-c', 'mkdir -p /home/***/host_documents/week2024-01-08']
[2025-08-08T02:39:35.472+0000] {subprocess.py:86} INFO - Output:
[2025-08-08T02:39:35.477+0000] {subprocess.py:97} INFO - Command exited with return code 0
[2025-08-08T02:39:35.478+0000] {taskinstance.py:441} INFO - ::group::Post task execution logs
[2025-08-08T02:39:35.500+0000] {taskinstance.py:1206} INFO - Marking task as SUCCESS. dag_id=climate_data, task_id=create_folder, run_id=scheduled__2024-01-01T00:00:00+00:00, execution_date=20240101T000000, start_date=20250808T023935, end_date=20250808T023935
[2025-08-08T02:39:35.575+0000] {local_task_job_runner.py:240} INFO - Task exited with return code 0
[2025-08-08T02:39:35.596+0000] {taskinstance.py:3498} INFO - 1 downstream tasks scheduled from follow-on schedule check
[2025-08-08T02:39:35.599+0000] {local_task_job_runner.py:222} INFO - ::endgroup::
[2025-08-08T02:42:34.339+0000] {local_task_job_runner.py:120} INFO - ::group::Pre task execution logs
[2025-08-08T02:42:34.361+0000] {taskinstance.py:2076} INFO - Dependencies all met for dep_context=non-requeueable deps ti=<TaskInstance: climate_data.create_folder scheduled__2024-01-01T00:00:00+00:00 [queued]>
[2025-08-08T02:42:34.369+0000] {taskinstance.py:2076} INFO - Dependencies all met for dep_context=requeueable deps ti=<TaskInstance: climate_data.create_folder scheduled__2024-01-01T00:00:00+00:00 [queued]>
[2025-08-08T02:42:34.370+0000] {taskinstance.py:2306} INFO - Starting attempt 1 of 1
[2025-08-08T02:42:34.417+0000] {taskinstance.py:2330} INFO - Executing <Task(BashOperator): create_folder> on 2024-01-01 00:00:00+00:00
[2025-08-08T02:42:34.421+0000] {standard_task_runner.py:63} INFO - Started process 2698 to run task
[2025-08-08T02:42:34.425+0000] {standard_task_runner.py:90} INFO - Running: ['***', 'tasks', 'run', 'climate_data', 'create_folder', 'scheduled__2024-01-01T00:00:00+00:00', '--job-id', '784', '--raw', '--subdir', 'DAGS_FOLDER/climate_data.py', '--cfg-path', '/tmp/tmpiwnnc0mz']
[2025-08-08T02:42:34.427+0000] {standard_task_runner.py:91} INFO - Job 784: Subtask create_folder
[2025-08-08T02:42:34.441+0000] {logging_mixin.py:188} WARNING - /home/***/.local/lib/python3.9/site-packages/***/settings.py:195 DeprecationWarning: The sql_alchemy_conn option in [core] has been moved to the sql_alchemy_conn option in [database] - the old setting has been used, but please update your config.
[2025-08-08T02:42:34.485+0000] {task_command.py:426} INFO - Running <TaskInstance: climate_data.create_folder scheduled__2024-01-01T00:00:00+00:00 [running]> on host 1a6f5acf67f4
[2025-08-08T02:42:34.560+0000] {taskinstance.py:2648} INFO - Exporting env vars: AIRFLOW_CTX_DAG_OWNER='***' AIRFLOW_CTX_DAG_ID='climate_data' AIRFLOW_CTX_TASK_ID='create_folder' AIRFLOW_CTX_EXECUTION_DATE='2024-01-01T00:00:00+00:00' AIRFLOW_CTX_TRY_NUMBER='1' AIRFLOW_CTX_DAG_RUN_ID='scheduled__2024-01-01T00:00:00+00:00'
[2025-08-08T02:42:34.563+0000] {taskinstance.py:430} INFO - ::endgroup::
[2025-08-08T02:42:34.576+0000] {subprocess.py:63} INFO - Tmp dir root location: /tmp
[2025-08-08T02:42:34.577+0000] {subprocess.py:75} INFO - Running command: ['/usr/bin/bash', '-c', 'mkdir -p "/home/***/host_documents/week2024-01-08"']
[2025-08-08T02:42:34.588+0000] {subprocess.py:86} INFO - Output:
[2025-08-08T02:42:34.593+0000] {subprocess.py:97} INFO - Command exited with return code 0
[2025-08-08T02:42:34.593+0000] {taskinstance.py:441} INFO - ::group::Post task execution logs
[2025-08-08T02:42:34.617+0000] {taskinstance.py:1206} INFO - Marking task as SUCCESS. dag_id=climate_data, task_id=create_folder, run_id=scheduled__2024-01-01T00:00:00+00:00, execution_date=20240101T000000, start_date=20250808T024234, end_date=20250808T024234
[2025-08-08T02:42:34.718+0000] {local_task_job_runner.py:240} INFO - Task exited with return code 0
[2025-08-08T02:42:34.742+0000] {taskinstance.py:3498} INFO - 1 downstream tasks scheduled from follow-on schedule check
[2025-08-08T02:42:34.745+0000] {local_task_job_runner.py:222} INFO - ::endgroup::
