{"timestamp":"2025-08-24T03:40:24.785480","level":"info","event":"DAG bundles loaded: dags-folder","logger":"airflow.dag_processing.bundles.manager.DagBundlesManager"}
{"timestamp":"2025-08-24T03:40:24.785901","level":"info","event":"Filling up the DagBag from /opt/airflow/dags/reddit_dag_s3a_consult_simple.py","logger":"airflow.models.dagbag.DagBag"}
{"timestamp":"2025-08-24T03:40:24.836400","level":"warning","event":"/home/airflow/.local/lib/python3.12/site-packages/airflow/models/connection.py:471: DeprecationWarning: Using Connection.get_connection_from_secrets from `airflow.models` is deprecated.Please use `from airflow.sdk import Connection` instead\n  warnings.warn(\n","logger":"py.warnings"}
{"timestamp":"2025-08-24T03:40:24.845192","level":"info","event":"Connection Retrieved 'spark_default'","logger":"airflow.hooks.base"}
{"timestamp":"2025-08-24T03:40:24.846105","level":"info","event":"Spark-Submit cmd: spark-submit --master spark://spark-master:7077 --conf spark.hadoop.fs.s3a.impl=org.apache.hadoop.fs.s3a.S3AFileSystem --conf spark.hadoop.fs.s3a.endpoint=http://minio:9000 --conf spark.hadoop.fs.s3a.access.key=eDFFCzvdNdoeLlJkZhXI --conf spark.hadoop.fs.s3a.secret.key=****** --conf spark.hadoop.fs.s3a.path.style.access=true --conf spark.hadoop.fs.s3a.connection.ssl.enabled=false --driver-class-path /opt/airflow/conf/jars/hadoop-aws-3.3.4.jar,/opt/airflow/conf/jars/aws-java-sdk-bundle-1.12.262.jar --jars /opt/airflow/conf/jars/hadoop-aws-3.3.4.jar,/opt/airflow/conf/jars/aws-java-sdk-bundle-1.12.262.jar --name s3a --deploy-mode client /opt/airflow/dags/scripts/python/read_s3a.py","logger":"airflow.task.hooks.airflow.providers.apache.spark.hooks.spark_submit.SparkSubmitHook"}
{"timestamp":"2025-08-24T03:40:25.839581","level":"info","event":"25/08/24 03:40:25 WARN NativeCodeLoader: Unable to load native-hadoop library for your platform... using builtin-java classes where applicable","logger":"airflow.task.hooks.airflow.providers.apache.spark.hooks.spark_submit.SparkSubmitHook"}
{"timestamp":"2025-08-24T03:40:26.974314","level":"info","event":"25/08/24 03:40:26 INFO SparkContext: Running Spark version 3.5.4","logger":"airflow.task.hooks.airflow.providers.apache.spark.hooks.spark_submit.SparkSubmitHook"}
{"timestamp":"2025-08-24T03:40:26.974689","level":"info","event":"25/08/24 03:40:26 INFO SparkContext: OS info Linux, 6.6.87.2-microsoft-standard-WSL2, amd64","logger":"airflow.task.hooks.airflow.providers.apache.spark.hooks.spark_submit.SparkSubmitHook"}
{"timestamp":"2025-08-24T03:40:26.975022","level":"info","event":"25/08/24 03:40:26 INFO SparkContext: Java version 17.0.16","logger":"airflow.task.hooks.airflow.providers.apache.spark.hooks.spark_submit.SparkSubmitHook"}
{"timestamp":"2025-08-24T03:40:26.991744","level":"info","event":"25/08/24 03:40:26 INFO ResourceUtils: ==============================================================","logger":"airflow.task.hooks.airflow.providers.apache.spark.hooks.spark_submit.SparkSubmitHook"}
{"timestamp":"2025-08-24T03:40:26.991949","level":"info","event":"25/08/24 03:40:26 INFO ResourceUtils: No custom resources configured for spark.driver.","logger":"airflow.task.hooks.airflow.providers.apache.spark.hooks.spark_submit.SparkSubmitHook"}
{"timestamp":"2025-08-24T03:40:26.992265","level":"info","event":"25/08/24 03:40:26 INFO ResourceUtils: ==============================================================","logger":"airflow.task.hooks.airflow.providers.apache.spark.hooks.spark_submit.SparkSubmitHook"}
{"timestamp":"2025-08-24T03:40:26.992483","level":"info","event":"25/08/24 03:40:26 INFO SparkContext: Submitted application: s3a","logger":"airflow.task.hooks.airflow.providers.apache.spark.hooks.spark_submit.SparkSubmitHook"}
{"timestamp":"2025-08-24T03:40:27.004688","level":"info","event":"25/08/24 03:40:27 INFO ResourceProfile: Default ResourceProfile created, executor resources: Map(memory -> name: memory, amount: 1024, script: , vendor: , offHeap -> name: offHeap, amount: 0, script: , vendor: ), task resources: Map(cpus -> name: cpus, amount: 1.0)","logger":"airflow.task.hooks.airflow.providers.apache.spark.hooks.spark_submit.SparkSubmitHook"}
{"timestamp":"2025-08-24T03:40:27.009591","level":"info","event":"25/08/24 03:40:27 INFO ResourceProfile: Limiting resource is cpu","logger":"airflow.task.hooks.airflow.providers.apache.spark.hooks.spark_submit.SparkSubmitHook"}
{"timestamp":"2025-08-24T03:40:27.010162","level":"info","event":"25/08/24 03:40:27 INFO ResourceProfileManager: Added ResourceProfile id: 0","logger":"airflow.task.hooks.airflow.providers.apache.spark.hooks.spark_submit.SparkSubmitHook"}
{"timestamp":"2025-08-24T03:40:27.042287","level":"info","event":"25/08/24 03:40:27 INFO SecurityManager: Changing view acls to: airflow","logger":"airflow.task.hooks.airflow.providers.apache.spark.hooks.spark_submit.SparkSubmitHook"}
{"timestamp":"2025-08-24T03:40:27.042508","level":"info","event":"25/08/24 03:40:27 INFO SecurityManager: Changing modify acls to: airflow","logger":"airflow.task.hooks.airflow.providers.apache.spark.hooks.spark_submit.SparkSubmitHook"}
{"timestamp":"2025-08-24T03:40:27.042964","level":"info","event":"25/08/24 03:40:27 INFO SecurityManager: Changing view acls groups to:","logger":"airflow.task.hooks.airflow.providers.apache.spark.hooks.spark_submit.SparkSubmitHook"}
{"timestamp":"2025-08-24T03:40:27.043133","level":"info","event":"25/08/24 03:40:27 INFO SecurityManager: Changing modify acls groups to:","logger":"airflow.task.hooks.airflow.providers.apache.spark.hooks.spark_submit.SparkSubmitHook"}
{"timestamp":"2025-08-24T03:40:27.043436","level":"info","event":"25/08/24 03:40:27 INFO SecurityManager: SecurityManager: authentication disabled; ui acls disabled; users with view permissions: airflow; groups with view permissions: EMPTY; users with modify permissions: airflow; groups with modify permissions: EMPTY","logger":"airflow.task.hooks.airflow.providers.apache.spark.hooks.spark_submit.SparkSubmitHook"}
{"timestamp":"2025-08-24T03:40:27.171231","level":"info","event":"25/08/24 03:40:27 INFO Utils: Successfully started service 'sparkDriver' on port 33477.","logger":"airflow.task.hooks.airflow.providers.apache.spark.hooks.spark_submit.SparkSubmitHook"}
{"timestamp":"2025-08-24T03:40:27.186518","level":"info","event":"25/08/24 03:40:27 INFO SparkEnv: Registering MapOutputTracker","logger":"airflow.task.hooks.airflow.providers.apache.spark.hooks.spark_submit.SparkSubmitHook"}
{"timestamp":"2025-08-24T03:40:27.205396","level":"info","event":"25/08/24 03:40:27 INFO SparkEnv: Registering BlockManagerMaster","logger":"airflow.task.hooks.airflow.providers.apache.spark.hooks.spark_submit.SparkSubmitHook"}
{"timestamp":"2025-08-24T03:40:27.215646","level":"info","event":"25/08/24 03:40:27 INFO BlockManagerMasterEndpoint: Using org.apache.spark.storage.DefaultTopologyMapper for getting topology information","logger":"airflow.task.hooks.airflow.providers.apache.spark.hooks.spark_submit.SparkSubmitHook"}
{"timestamp":"2025-08-24T03:40:27.215914","level":"info","event":"25/08/24 03:40:27 INFO BlockManagerMasterEndpoint: BlockManagerMasterEndpoint up","logger":"airflow.task.hooks.airflow.providers.apache.spark.hooks.spark_submit.SparkSubmitHook"}
{"timestamp":"2025-08-24T03:40:27.218293","level":"info","event":"25/08/24 03:40:27 INFO SparkEnv: Registering BlockManagerMasterHeartbeat","logger":"airflow.task.hooks.airflow.providers.apache.spark.hooks.spark_submit.SparkSubmitHook"}
{"timestamp":"2025-08-24T03:40:27.229452","level":"info","event":"25/08/24 03:40:27 INFO DiskBlockManager: Created local directory at /tmp/blockmgr-aaf58283-d520-4724-b4c9-820679a18704","logger":"airflow.task.hooks.airflow.providers.apache.spark.hooks.spark_submit.SparkSubmitHook"}
{"timestamp":"2025-08-24T03:40:27.237346","level":"info","event":"25/08/24 03:40:27 INFO MemoryStore: MemoryStore started with capacity 434.4 MiB","logger":"airflow.task.hooks.airflow.providers.apache.spark.hooks.spark_submit.SparkSubmitHook"}
{"timestamp":"2025-08-24T03:40:27.245304","level":"info","event":"25/08/24 03:40:27 INFO SparkEnv: Registering OutputCommitCoordinator","logger":"airflow.task.hooks.airflow.providers.apache.spark.hooks.spark_submit.SparkSubmitHook"}
{"timestamp":"2025-08-24T03:40:27.311386","level":"info","event":"25/08/24 03:40:27 INFO JettyUtils: Start Jetty 0.0.0.0:4040 for SparkUI","logger":"airflow.task.hooks.airflow.providers.apache.spark.hooks.spark_submit.SparkSubmitHook"}
{"timestamp":"2025-08-24T03:40:27.354114","level":"info","event":"25/08/24 03:40:27 INFO Utils: Successfully started service 'SparkUI' on port 4040.","logger":"airflow.task.hooks.airflow.providers.apache.spark.hooks.spark_submit.SparkSubmitHook"}
{"timestamp":"2025-08-24T03:40:27.377867","level":"info","event":"25/08/24 03:40:27 INFO SparkContext: Added JAR file:///opt/airflow/conf/jars/hadoop-aws-3.3.4.jar at spark://f8b15a3a5c3e:33477/jars/hadoop-aws-3.3.4.jar with timestamp 1756006826969","logger":"airflow.task.hooks.airflow.providers.apache.spark.hooks.spark_submit.SparkSubmitHook"}
{"timestamp":"2025-08-24T03:40:27.378009","level":"info","event":"25/08/24 03:40:27 INFO SparkContext: Added JAR file:///opt/airflow/conf/jars/aws-java-sdk-bundle-1.12.262.jar at spark://f8b15a3a5c3e:33477/jars/aws-java-sdk-bundle-1.12.262.jar with timestamp 1756006826969","logger":"airflow.task.hooks.airflow.providers.apache.spark.hooks.spark_submit.SparkSubmitHook"}
{"timestamp":"2025-08-24T03:40:27.420707","level":"info","event":"25/08/24 03:40:27 INFO StandaloneAppClient$ClientEndpoint: Connecting to master spark://spark-master:7077...","logger":"airflow.task.hooks.airflow.providers.apache.spark.hooks.spark_submit.SparkSubmitHook"}
{"timestamp":"2025-08-24T03:40:27.448222","level":"info","event":"25/08/24 03:40:27 INFO TransportClientFactory: Successfully created connection to spark-master/172.18.0.9:7077 after 15 ms (0 ms spent in bootstraps)","logger":"airflow.task.hooks.airflow.providers.apache.spark.hooks.spark_submit.SparkSubmitHook"}
{"timestamp":"2025-08-24T03:40:27.533828","level":"info","event":"25/08/24 03:40:27 INFO StandaloneSchedulerBackend: Connected to Spark cluster with app ID app-20250824034027-0000","logger":"airflow.task.hooks.airflow.providers.apache.spark.hooks.spark_submit.SparkSubmitHook"}
{"timestamp":"2025-08-24T03:40:27.538738","level":"info","event":"25/08/24 03:40:27 INFO Utils: Successfully started service 'org.apache.spark.network.netty.NettyBlockTransferService' on port 40261.","logger":"airflow.task.hooks.airflow.providers.apache.spark.hooks.spark_submit.SparkSubmitHook"}
{"timestamp":"2025-08-24T03:40:27.538843","level":"info","event":"25/08/24 03:40:27 INFO NettyBlockTransferService: Server created on f8b15a3a5c3e:40261","logger":"airflow.task.hooks.airflow.providers.apache.spark.hooks.spark_submit.SparkSubmitHook"}
{"timestamp":"2025-08-24T03:40:27.540163","level":"info","event":"25/08/24 03:40:27 INFO BlockManager: Using org.apache.spark.storage.RandomBlockReplicationPolicy for block replication policy","logger":"airflow.task.hooks.airflow.providers.apache.spark.hooks.spark_submit.SparkSubmitHook"}
{"timestamp":"2025-08-24T03:40:27.544205","level":"info","event":"25/08/24 03:40:27 INFO BlockManagerMaster: Registering BlockManager BlockManagerId(driver, f8b15a3a5c3e, 40261, None)","logger":"airflow.task.hooks.airflow.providers.apache.spark.hooks.spark_submit.SparkSubmitHook"}
{"timestamp":"2025-08-24T03:40:27.546268","level":"info","event":"25/08/24 03:40:27 INFO BlockManagerMasterEndpoint: Registering block manager f8b15a3a5c3e:40261 with 434.4 MiB RAM, BlockManagerId(driver, f8b15a3a5c3e, 40261, None)","logger":"airflow.task.hooks.airflow.providers.apache.spark.hooks.spark_submit.SparkSubmitHook"}
{"timestamp":"2025-08-24T03:40:27.547536","level":"info","event":"25/08/24 03:40:27 INFO BlockManagerMaster: Registered BlockManager BlockManagerId(driver, f8b15a3a5c3e, 40261, None)","logger":"airflow.task.hooks.airflow.providers.apache.spark.hooks.spark_submit.SparkSubmitHook"}
{"timestamp":"2025-08-24T03:40:27.548330","level":"info","event":"25/08/24 03:40:27 INFO BlockManager: Initialized BlockManager: BlockManagerId(driver, f8b15a3a5c3e, 40261, None)","logger":"airflow.task.hooks.airflow.providers.apache.spark.hooks.spark_submit.SparkSubmitHook"}
{"timestamp":"2025-08-24T03:40:27.550519","level":"info","event":"25/08/24 03:40:27 INFO StandaloneAppClient$ClientEndpoint: Executor added: app-20250824034027-0000/0 on worker-20250824033854-172.18.0.12-43465 (172.18.0.12:43465) with 24 core(s)","logger":"airflow.task.hooks.airflow.providers.apache.spark.hooks.spark_submit.SparkSubmitHook"}
{"timestamp":"2025-08-24T03:40:27.552003","level":"info","event":"25/08/24 03:40:27 INFO StandaloneSchedulerBackend: Granted executor ID app-20250824034027-0000/0 on hostPort 172.18.0.12:43465 with 24 core(s), 1024.0 MiB RAM","logger":"airflow.task.hooks.airflow.providers.apache.spark.hooks.spark_submit.SparkSubmitHook"}
{"timestamp":"2025-08-24T03:40:27.647333","level":"info","event":"25/08/24 03:40:27 INFO StandaloneAppClient$ClientEndpoint: Executor updated: app-20250824034027-0000/0 is now RUNNING","logger":"airflow.task.hooks.airflow.providers.apache.spark.hooks.spark_submit.SparkSubmitHook"}
{"timestamp":"2025-08-24T03:40:27.691637","level":"info","event":"25/08/24 03:40:27 INFO StandaloneSchedulerBackend: SchedulerBackend is ready for scheduling beginning after reached minRegisteredResourcesRatio: 0.0","logger":"airflow.task.hooks.airflow.providers.apache.spark.hooks.spark_submit.SparkSubmitHook"}
{"timestamp":"2025-08-24T03:40:27.800031","level":"info","event":"25/08/24 03:40:27 INFO SharedState: Setting hive.metastore.warehouse.dir ('null') to the value of spark.sql.warehouse.dir.","logger":"airflow.task.hooks.airflow.providers.apache.spark.hooks.spark_submit.SparkSubmitHook"}
{"timestamp":"2025-08-24T03:40:27.801252","level":"info","event":"25/08/24 03:40:27 INFO SharedState: Warehouse path is 'file:/opt/airflow/spark-warehouse'.","logger":"airflow.task.hooks.airflow.providers.apache.spark.hooks.spark_submit.SparkSubmitHook"}
{"timestamp":"2025-08-24T03:40:28.301944","level":"info","event":"25/08/24 03:40:28 WARN MetricsConfig: Cannot locate configuration: tried hadoop-metrics2-s3a-file-system.properties,hadoop-metrics2.properties","logger":"airflow.task.hooks.airflow.providers.apache.spark.hooks.spark_submit.SparkSubmitHook"}
{"timestamp":"2025-08-24T03:40:28.309812","level":"info","event":"25/08/24 03:40:28 INFO MetricsSystemImpl: Scheduled Metric snapshot period at 10 second(s).","logger":"airflow.task.hooks.airflow.providers.apache.spark.hooks.spark_submit.SparkSubmitHook"}
{"timestamp":"2025-08-24T03:40:28.309929","level":"info","event":"25/08/24 03:40:28 INFO MetricsSystemImpl: s3a-file-system metrics system started","logger":"airflow.task.hooks.airflow.providers.apache.spark.hooks.spark_submit.SparkSubmitHook"}
{"timestamp":"2025-08-24T03:40:29.042025","level":"info","event":"25/08/24 03:40:29 INFO StandaloneSchedulerBackend$StandaloneDriverEndpoint: Registered executor NettyRpcEndpointRef(spark-client://Executor) (172.18.0.12:43144) with ID 0,  ResourceProfileId 0","logger":"airflow.task.hooks.airflow.providers.apache.spark.hooks.spark_submit.SparkSubmitHook"}
{"timestamp":"2025-08-24T03:40:29.042554","level":"info","event":"25/08/24 03:40:29 INFO InMemoryFileIndex: It took 59 ms to list leaf files for 1 paths.","logger":"airflow.task.hooks.airflow.providers.apache.spark.hooks.spark_submit.SparkSubmitHook"}
{"timestamp":"2025-08-24T03:40:29.093364","level":"info","event":"25/08/24 03:40:29 INFO BlockManagerMasterEndpoint: Registering block manager 172.18.0.12:37893 with 434.4 MiB RAM, BlockManagerId(0, 172.18.0.12, 37893, None)","logger":"airflow.task.hooks.airflow.providers.apache.spark.hooks.spark_submit.SparkSubmitHook"}
{"timestamp":"2025-08-24T03:40:29.182175","level":"info","event":"25/08/24 03:40:29 INFO InMemoryFileIndex: It took 96 ms to list leaf files for 6 paths.","logger":"airflow.task.hooks.airflow.providers.apache.spark.hooks.spark_submit.SparkSubmitHook"}
{"timestamp":"2025-08-24T03:40:30.487678","level":"info","event":"25/08/24 03:40:30 INFO FileSourceStrategy: Pushed Filters:","logger":"airflow.task.hooks.airflow.providers.apache.spark.hooks.spark_submit.SparkSubmitHook"}
{"timestamp":"2025-08-24T03:40:30.489254","level":"info","event":"25/08/24 03:40:30 INFO FileSourceStrategy: Post-Scan Filters: (length(trim(value#0, None)) > 0)","logger":"airflow.task.hooks.airflow.providers.apache.spark.hooks.spark_submit.SparkSubmitHook"}
{"timestamp":"2025-08-24T03:40:30.784067","level":"info","event":"25/08/24 03:40:30 INFO CodeGenerator: Code generated in 107.746592 ms","logger":"airflow.task.hooks.airflow.providers.apache.spark.hooks.spark_submit.SparkSubmitHook"}
{"timestamp":"2025-08-24T03:40:30.812784","level":"info","event":"25/08/24 03:40:30 INFO MemoryStore: Block broadcast_0 stored as values in memory (estimated size 202.0 KiB, free 434.2 MiB)","logger":"airflow.task.hooks.airflow.providers.apache.spark.hooks.spark_submit.SparkSubmitHook"}
{"timestamp":"2025-08-24T03:40:30.843100","level":"info","event":"25/08/24 03:40:30 INFO MemoryStore: Block broadcast_0_piece0 stored as bytes in memory (estimated size 35.2 KiB, free 434.2 MiB)","logger":"airflow.task.hooks.airflow.providers.apache.spark.hooks.spark_submit.SparkSubmitHook"}
{"timestamp":"2025-08-24T03:40:30.845465","level":"info","event":"25/08/24 03:40:30 INFO BlockManagerInfo: Added broadcast_0_piece0 in memory on f8b15a3a5c3e:40261 (size: 35.2 KiB, free: 434.4 MiB)","logger":"airflow.task.hooks.airflow.providers.apache.spark.hooks.spark_submit.SparkSubmitHook"}
{"timestamp":"2025-08-24T03:40:30.848281","level":"info","event":"25/08/24 03:40:30 INFO SparkContext: Created broadcast 0 from csv at NativeMethodAccessorImpl.java:0","logger":"airflow.task.hooks.airflow.providers.apache.spark.hooks.spark_submit.SparkSubmitHook"}
{"timestamp":"2025-08-24T03:40:30.857602","level":"info","event":"25/08/24 03:40:30 INFO FileSourceScanExec: Planning scan with bin packing, max size: 4194304 bytes, open cost is considered as scanning 4194304 bytes.","logger":"airflow.task.hooks.airflow.providers.apache.spark.hooks.spark_submit.SparkSubmitHook"}
{"timestamp":"2025-08-24T03:40:30.919421","level":"info","event":"25/08/24 03:40:30 INFO SparkContext: Starting job: csv at NativeMethodAccessorImpl.java:0","logger":"airflow.task.hooks.airflow.providers.apache.spark.hooks.spark_submit.SparkSubmitHook"}
{"timestamp":"2025-08-24T03:40:30.928215","level":"info","event":"25/08/24 03:40:30 INFO DAGScheduler: Got job 0 (csv at NativeMethodAccessorImpl.java:0) with 1 output partitions","logger":"airflow.task.hooks.airflow.providers.apache.spark.hooks.spark_submit.SparkSubmitHook"}
{"timestamp":"2025-08-24T03:40:30.928479","level":"info","event":"25/08/24 03:40:30 INFO DAGScheduler: Final stage: ResultStage 0 (csv at NativeMethodAccessorImpl.java:0)","logger":"airflow.task.hooks.airflow.providers.apache.spark.hooks.spark_submit.SparkSubmitHook"}
{"timestamp":"2025-08-24T03:40:30.928753","level":"info","event":"25/08/24 03:40:30 INFO DAGScheduler: Parents of final stage: List()","logger":"airflow.task.hooks.airflow.providers.apache.spark.hooks.spark_submit.SparkSubmitHook"}
{"timestamp":"2025-08-24T03:40:30.929282","level":"info","event":"25/08/24 03:40:30 INFO DAGScheduler: Missing parents: List()","logger":"airflow.task.hooks.airflow.providers.apache.spark.hooks.spark_submit.SparkSubmitHook"}
{"timestamp":"2025-08-24T03:40:30.931073","level":"info","event":"25/08/24 03:40:30 INFO DAGScheduler: Submitting ResultStage 0 (MapPartitionsRDD[3] at csv at NativeMethodAccessorImpl.java:0), which has no missing parents","logger":"airflow.task.hooks.airflow.providers.apache.spark.hooks.spark_submit.SparkSubmitHook"}
{"timestamp":"2025-08-24T03:40:30.966910","level":"info","event":"25/08/24 03:40:30 INFO MemoryStore: Block broadcast_1 stored as values in memory (estimated size 13.5 KiB, free 434.2 MiB)","logger":"airflow.task.hooks.airflow.providers.apache.spark.hooks.spark_submit.SparkSubmitHook"}
{"timestamp":"2025-08-24T03:40:30.968049","level":"info","event":"25/08/24 03:40:30 INFO MemoryStore: Block broadcast_1_piece0 stored as bytes in memory (estimated size 6.4 KiB, free 434.1 MiB)","logger":"airflow.task.hooks.airflow.providers.apache.spark.hooks.spark_submit.SparkSubmitHook"}
{"timestamp":"2025-08-24T03:40:30.968492","level":"info","event":"25/08/24 03:40:30 INFO BlockManagerInfo: Added broadcast_1_piece0 in memory on f8b15a3a5c3e:40261 (size: 6.4 KiB, free: 434.4 MiB)","logger":"airflow.task.hooks.airflow.providers.apache.spark.hooks.spark_submit.SparkSubmitHook"}
{"timestamp":"2025-08-24T03:40:30.968957","level":"info","event":"25/08/24 03:40:30 INFO SparkContext: Created broadcast 1 from broadcast at DAGScheduler.scala:1585","logger":"airflow.task.hooks.airflow.providers.apache.spark.hooks.spark_submit.SparkSubmitHook"}
{"timestamp":"2025-08-24T03:40:30.979412","level":"info","event":"25/08/24 03:40:30 INFO DAGScheduler: Submitting 1 missing tasks from ResultStage 0 (MapPartitionsRDD[3] at csv at NativeMethodAccessorImpl.java:0) (first 15 tasks are for partitions Vector(0))","logger":"airflow.task.hooks.airflow.providers.apache.spark.hooks.spark_submit.SparkSubmitHook"}
{"timestamp":"2025-08-24T03:40:30.979902","level":"info","event":"25/08/24 03:40:30 INFO TaskSchedulerImpl: Adding task set 0.0 with 1 tasks resource profile 0","logger":"airflow.task.hooks.airflow.providers.apache.spark.hooks.spark_submit.SparkSubmitHook"}
{"timestamp":"2025-08-24T03:40:30.995066","level":"info","event":"25/08/24 03:40:30 INFO TaskSetManager: Starting task 0.0 in stage 0.0 (TID 0) (172.18.0.12, executor 0, partition 0, PROCESS_LOCAL, 9909 bytes)","logger":"airflow.task.hooks.airflow.providers.apache.spark.hooks.spark_submit.SparkSubmitHook"}
{"timestamp":"2025-08-24T03:40:31.125494","level":"info","event":"25/08/24 03:40:31 INFO BlockManagerInfo: Added broadcast_1_piece0 in memory on 172.18.0.12:37893 (size: 6.4 KiB, free: 434.4 MiB)","logger":"airflow.task.hooks.airflow.providers.apache.spark.hooks.spark_submit.SparkSubmitHook"}
{"timestamp":"2025-08-24T03:40:31.527502","level":"info","event":"25/08/24 03:40:31 INFO BlockManagerInfo: Added broadcast_0_piece0 in memory on 172.18.0.12:37893 (size: 35.2 KiB, free: 434.4 MiB)","logger":"airflow.task.hooks.airflow.providers.apache.spark.hooks.spark_submit.SparkSubmitHook"}
{"timestamp":"2025-08-24T03:40:32.114256","level":"info","event":"25/08/24 03:40:32 INFO TaskSetManager: Finished task 0.0 in stage 0.0 (TID 0) in 1126 ms on 172.18.0.12 (executor 0) (1/1)","logger":"airflow.task.hooks.airflow.providers.apache.spark.hooks.spark_submit.SparkSubmitHook"}
{"timestamp":"2025-08-24T03:40:32.115048","level":"info","event":"25/08/24 03:40:32 INFO TaskSchedulerImpl: Removed TaskSet 0.0, whose tasks have all completed, from pool","logger":"airflow.task.hooks.airflow.providers.apache.spark.hooks.spark_submit.SparkSubmitHook"}
{"timestamp":"2025-08-24T03:40:32.117922","level":"info","event":"25/08/24 03:40:32 INFO DAGScheduler: ResultStage 0 (csv at NativeMethodAccessorImpl.java:0) finished in 1.181 s","logger":"airflow.task.hooks.airflow.providers.apache.spark.hooks.spark_submit.SparkSubmitHook"}
{"timestamp":"2025-08-24T03:40:32.118984","level":"info","event":"25/08/24 03:40:32 INFO DAGScheduler: Job 0 is finished. Cancelling potential speculative or zombie tasks for this job","logger":"airflow.task.hooks.airflow.providers.apache.spark.hooks.spark_submit.SparkSubmitHook"}
{"timestamp":"2025-08-24T03:40:32.119168","level":"info","event":"25/08/24 03:40:32 INFO TaskSchedulerImpl: Killing all running tasks in stage 0: Stage finished","logger":"airflow.task.hooks.airflow.providers.apache.spark.hooks.spark_submit.SparkSubmitHook"}
{"timestamp":"2025-08-24T03:40:32.120254","level":"info","event":"25/08/24 03:40:32 INFO DAGScheduler: Job 0 finished: csv at NativeMethodAccessorImpl.java:0, took 1.200670 s","logger":"airflow.task.hooks.airflow.providers.apache.spark.hooks.spark_submit.SparkSubmitHook"}
{"timestamp":"2025-08-24T03:40:32.134869","level":"info","event":"25/08/24 03:40:32 INFO CodeGenerator: Code generated in 7.796656 ms","logger":"airflow.task.hooks.airflow.providers.apache.spark.hooks.spark_submit.SparkSubmitHook"}
{"timestamp":"2025-08-24T03:40:32.159158","level":"info","event":"25/08/24 03:40:32 INFO FileSourceStrategy: Pushed Filters:","logger":"airflow.task.hooks.airflow.providers.apache.spark.hooks.spark_submit.SparkSubmitHook"}
{"timestamp":"2025-08-24T03:40:32.159265","level":"info","event":"25/08/24 03:40:32 INFO FileSourceStrategy: Post-Scan Filters:","logger":"airflow.task.hooks.airflow.providers.apache.spark.hooks.spark_submit.SparkSubmitHook"}
{"timestamp":"2025-08-24T03:40:32.163262","level":"info","event":"25/08/24 03:40:32 INFO MemoryStore: Block broadcast_2 stored as values in memory (estimated size 202.0 KiB, free 434.0 MiB)","logger":"airflow.task.hooks.airflow.providers.apache.spark.hooks.spark_submit.SparkSubmitHook"}
{"timestamp":"2025-08-24T03:40:32.169118","level":"info","event":"25/08/24 03:40:32 INFO MemoryStore: Block broadcast_2_piece0 stored as bytes in memory (estimated size 35.2 KiB, free 433.9 MiB)","logger":"airflow.task.hooks.airflow.providers.apache.spark.hooks.spark_submit.SparkSubmitHook"}
{"timestamp":"2025-08-24T03:40:32.169704","level":"info","event":"25/08/24 03:40:32 INFO BlockManagerInfo: Added broadcast_2_piece0 in memory on f8b15a3a5c3e:40261 (size: 35.2 KiB, free: 434.3 MiB)","logger":"airflow.task.hooks.airflow.providers.apache.spark.hooks.spark_submit.SparkSubmitHook"}
{"timestamp":"2025-08-24T03:40:32.170218","level":"info","event":"25/08/24 03:40:32 INFO SparkContext: Created broadcast 2 from csv at NativeMethodAccessorImpl.java:0","logger":"airflow.task.hooks.airflow.providers.apache.spark.hooks.spark_submit.SparkSubmitHook"}
{"timestamp":"2025-08-24T03:40:32.170945","level":"info","event":"25/08/24 03:40:32 INFO FileSourceScanExec: Planning scan with bin packing, max size: 4194304 bytes, open cost is considered as scanning 4194304 bytes.","logger":"airflow.task.hooks.airflow.providers.apache.spark.hooks.spark_submit.SparkSubmitHook"}
{"timestamp":"2025-08-24T03:40:32.246268","level":"info","event":"25/08/24 03:40:32 INFO FileSourceStrategy: Pushed Filters:","logger":"airflow.task.hooks.airflow.providers.apache.spark.hooks.spark_submit.SparkSubmitHook"}
{"timestamp":"2025-08-24T03:40:32.246382","level":"info","event":"25/08/24 03:40:32 INFO FileSourceStrategy: Post-Scan Filters:","logger":"airflow.task.hooks.airflow.providers.apache.spark.hooks.spark_submit.SparkSubmitHook"}
{"timestamp":"2025-08-24T03:40:32.299814","level":"info","event":"25/08/24 03:40:32 INFO CodeGenerator: Code generated in 22.350262 ms","logger":"airflow.task.hooks.airflow.providers.apache.spark.hooks.spark_submit.SparkSubmitHook"}
{"timestamp":"2025-08-24T03:40:32.302425","level":"info","event":"25/08/24 03:40:32 INFO MemoryStore: Block broadcast_3 stored as values in memory (estimated size 201.9 KiB, free 433.7 MiB)","logger":"airflow.task.hooks.airflow.providers.apache.spark.hooks.spark_submit.SparkSubmitHook"}
{"timestamp":"2025-08-24T03:40:32.309532","level":"info","event":"25/08/24 03:40:32 INFO MemoryStore: Block broadcast_3_piece0 stored as bytes in memory (estimated size 35.1 KiB, free 433.7 MiB)","logger":"airflow.task.hooks.airflow.providers.apache.spark.hooks.spark_submit.SparkSubmitHook"}
{"timestamp":"2025-08-24T03:40:32.309918","level":"info","event":"25/08/24 03:40:32 INFO BlockManagerInfo: Added broadcast_3_piece0 in memory on f8b15a3a5c3e:40261 (size: 35.1 KiB, free: 434.3 MiB)","logger":"airflow.task.hooks.airflow.providers.apache.spark.hooks.spark_submit.SparkSubmitHook"}
{"timestamp":"2025-08-24T03:40:32.310368","level":"info","event":"25/08/24 03:40:32 INFO SparkContext: Created broadcast 3 from showString at NativeMethodAccessorImpl.java:0","logger":"airflow.task.hooks.airflow.providers.apache.spark.hooks.spark_submit.SparkSubmitHook"}
{"timestamp":"2025-08-24T03:40:32.313229","level":"info","event":"25/08/24 03:40:32 INFO FileSourceScanExec: Planning scan with bin packing, max size: 4194304 bytes, open cost is considered as scanning 4194304 bytes.","logger":"airflow.task.hooks.airflow.providers.apache.spark.hooks.spark_submit.SparkSubmitHook"}
{"timestamp":"2025-08-24T03:40:32.322626","level":"info","event":"25/08/24 03:40:32 INFO SparkContext: Starting job: showString at NativeMethodAccessorImpl.java:0","logger":"airflow.task.hooks.airflow.providers.apache.spark.hooks.spark_submit.SparkSubmitHook"}
{"timestamp":"2025-08-24T03:40:32.323949","level":"info","event":"25/08/24 03:40:32 INFO DAGScheduler: Got job 1 (showString at NativeMethodAccessorImpl.java:0) with 1 output partitions","logger":"airflow.task.hooks.airflow.providers.apache.spark.hooks.spark_submit.SparkSubmitHook"}
{"timestamp":"2025-08-24T03:40:32.324063","level":"info","event":"25/08/24 03:40:32 INFO DAGScheduler: Final stage: ResultStage 1 (showString at NativeMethodAccessorImpl.java:0)","logger":"airflow.task.hooks.airflow.providers.apache.spark.hooks.spark_submit.SparkSubmitHook"}
{"timestamp":"2025-08-24T03:40:32.324101","level":"info","event":"25/08/24 03:40:32 INFO DAGScheduler: Parents of final stage: List()","logger":"airflow.task.hooks.airflow.providers.apache.spark.hooks.spark_submit.SparkSubmitHook"}
{"timestamp":"2025-08-24T03:40:32.324128","level":"info","event":"25/08/24 03:40:32 INFO DAGScheduler: Missing parents: List()","logger":"airflow.task.hooks.airflow.providers.apache.spark.hooks.spark_submit.SparkSubmitHook"}
{"timestamp":"2025-08-24T03:40:32.324386","level":"info","event":"25/08/24 03:40:32 INFO DAGScheduler: Submitting ResultStage 1 (MapPartitionsRDD[13] at showString at NativeMethodAccessorImpl.java:0), which has no missing parents","logger":"airflow.task.hooks.airflow.providers.apache.spark.hooks.spark_submit.SparkSubmitHook"}
{"timestamp":"2025-08-24T03:40:32.327248","level":"info","event":"25/08/24 03:40:32 INFO MemoryStore: Block broadcast_4 stored as values in memory (estimated size 23.6 KiB, free 433.7 MiB)","logger":"airflow.task.hooks.airflow.providers.apache.spark.hooks.spark_submit.SparkSubmitHook"}
{"timestamp":"2025-08-24T03:40:32.328245","level":"info","event":"25/08/24 03:40:32 INFO MemoryStore: Block broadcast_4_piece0 stored as bytes in memory (estimated size 9.1 KiB, free 433.7 MiB)","logger":"airflow.task.hooks.airflow.providers.apache.spark.hooks.spark_submit.SparkSubmitHook"}
{"timestamp":"2025-08-24T03:40:32.328800","level":"info","event":"25/08/24 03:40:32 INFO BlockManagerInfo: Added broadcast_4_piece0 in memory on f8b15a3a5c3e:40261 (size: 9.1 KiB, free: 434.3 MiB)","logger":"airflow.task.hooks.airflow.providers.apache.spark.hooks.spark_submit.SparkSubmitHook"}
{"timestamp":"2025-08-24T03:40:32.329197","level":"info","event":"25/08/24 03:40:32 INFO SparkContext: Created broadcast 4 from broadcast at DAGScheduler.scala:1585","logger":"airflow.task.hooks.airflow.providers.apache.spark.hooks.spark_submit.SparkSubmitHook"}
{"timestamp":"2025-08-24T03:40:32.329966","level":"info","event":"25/08/24 03:40:32 INFO DAGScheduler: Submitting 1 missing tasks from ResultStage 1 (MapPartitionsRDD[13] at showString at NativeMethodAccessorImpl.java:0) (first 15 tasks are for partitions Vector(0))","logger":"airflow.task.hooks.airflow.providers.apache.spark.hooks.spark_submit.SparkSubmitHook"}
{"timestamp":"2025-08-24T03:40:32.330065","level":"info","event":"25/08/24 03:40:32 INFO TaskSchedulerImpl: Adding task set 1.0 with 1 tasks resource profile 0","logger":"airflow.task.hooks.airflow.providers.apache.spark.hooks.spark_submit.SparkSubmitHook"}
{"timestamp":"2025-08-24T03:40:32.330961","level":"info","event":"25/08/24 03:40:32 INFO TaskSetManager: Starting task 0.0 in stage 1.0 (TID 1) (172.18.0.12, executor 0, partition 0, PROCESS_LOCAL, 9909 bytes)","logger":"airflow.task.hooks.airflow.providers.apache.spark.hooks.spark_submit.SparkSubmitHook"}
{"timestamp":"2025-08-24T03:40:32.347874","level":"info","event":"25/08/24 03:40:32 INFO BlockManagerInfo: Added broadcast_4_piece0 in memory on 172.18.0.12:37893 (size: 9.1 KiB, free: 434.4 MiB)","logger":"airflow.task.hooks.airflow.providers.apache.spark.hooks.spark_submit.SparkSubmitHook"}
{"timestamp":"2025-08-24T03:40:32.423151","level":"info","event":"25/08/24 03:40:32 INFO BlockManagerInfo: Added broadcast_3_piece0 in memory on 172.18.0.12:37893 (size: 35.1 KiB, free: 434.3 MiB)","logger":"airflow.task.hooks.airflow.providers.apache.spark.hooks.spark_submit.SparkSubmitHook"}
{"timestamp":"2025-08-24T03:40:32.688017","level":"info","event":"25/08/24 03:40:32 INFO TaskSetManager: Finished task 0.0 in stage 1.0 (TID 1) in 357 ms on 172.18.0.12 (executor 0) (1/1)","logger":"airflow.task.hooks.airflow.providers.apache.spark.hooks.spark_submit.SparkSubmitHook"}
{"timestamp":"2025-08-24T03:40:32.688124","level":"info","event":"25/08/24 03:40:32 INFO TaskSchedulerImpl: Removed TaskSet 1.0, whose tasks have all completed, from pool","logger":"airflow.task.hooks.airflow.providers.apache.spark.hooks.spark_submit.SparkSubmitHook"}
{"timestamp":"2025-08-24T03:40:32.689127","level":"info","event":"25/08/24 03:40:32 INFO DAGScheduler: ResultStage 1 (showString at NativeMethodAccessorImpl.java:0) finished in 0.363 s","logger":"airflow.task.hooks.airflow.providers.apache.spark.hooks.spark_submit.SparkSubmitHook"}
{"timestamp":"2025-08-24T03:40:32.689213","level":"info","event":"25/08/24 03:40:32 INFO DAGScheduler: Job 1 is finished. Cancelling potential speculative or zombie tasks for this job","logger":"airflow.task.hooks.airflow.providers.apache.spark.hooks.spark_submit.SparkSubmitHook"}
{"timestamp":"2025-08-24T03:40:32.689250","level":"info","event":"25/08/24 03:40:32 INFO TaskSchedulerImpl: Killing all running tasks in stage 1: Stage finished","logger":"airflow.task.hooks.airflow.providers.apache.spark.hooks.spark_submit.SparkSubmitHook"}
{"timestamp":"2025-08-24T03:40:32.689726","level":"info","event":"25/08/24 03:40:32 INFO DAGScheduler: Job 1 finished: showString at NativeMethodAccessorImpl.java:0, took 0.366749 s","logger":"airflow.task.hooks.airflow.providers.apache.spark.hooks.spark_submit.SparkSubmitHook"}
{"timestamp":"2025-08-24T03:40:32.725712","level":"info","event":"25/08/24 03:40:32 INFO CodeGenerator: Code generated in 25.032419 ms","logger":"airflow.task.hooks.airflow.providers.apache.spark.hooks.spark_submit.SparkSubmitHook"}
{"timestamp":"2025-08-24T03:40:32.734905","level":"info","event":"+--------------------+--------------------+--------------------+--------------------+--------------------+------------------+------+-------+--------------+--------------------+-------+--------------------+--------+--------------------+-----------+------------+------------+------------+--------------------+","logger":"airflow.task.hooks.airflow.providers.apache.spark.hooks.spark_submit.SparkSubmitHook"}
{"timestamp":"2025-08-24T03:40:32.735011","level":"info","event":"|                  id|                 url|               media|               score|               title|            author|edited|is_self|       over_18|             preview|spoiler|            selftext|stickied|           permalink|  subreddit| created_utc|num_comments|upvote_ratio|     link_flair_text|","logger":"airflow.task.hooks.airflow.providers.apache.spark.hooks.spark_submit.SparkSubmitHook"}
{"timestamp":"2025-08-24T03:40:32.735047","level":"info","event":"+--------------------+--------------------+--------------------+--------------------+--------------------+------------------+------+-------+--------------+--------------------+-------+--------------------+--------+--------------------+-----------+------------+------------+------------+--------------------+","logger":"airflow.task.hooks.airflow.providers.apache.spark.hooks.spark_submit.SparkSubmitHook"}
{"timestamp":"2025-08-24T03:40:32.735073","level":"info","event":"|             1my9da0|https://www.reddi...|                NULL|                   1|Performance On Lo...|     NoN-Stop-Dank| False|   True|         False|                NULL|  False|\"I saw on a Moxsy...|    NULL|                NULL|       NULL|        NULL|        NULL|        NULL|                NULL|","logger":"airflow.task.hooks.airflow.providers.apache.spark.hooks.spark_submit.SparkSubmitHook"}
{"timestamp":"2025-08-24T03:40:32.735096","level":"info","event":"|I have a 2070 Sup...| but DICE probabl...|               False|/r/Borderlands4/c...|        Borderlands4|      1755974370.0|     1|    1.0|❔ [ Question ]|                NULL|   NULL|                NULL|    NULL|                NULL|       NULL|        NULL|        NULL|        NULL|                NULL|","logger":"airflow.task.hooks.airflow.providers.apache.spark.hooks.spark_submit.SparkSubmitHook"}
{"timestamp":"2025-08-24T03:40:32.735122","level":"info","event":"|             1my99bb|https://i.redd.it...|                NULL|                   1|Just warming up f...|SoggyBlueberry9440| False|  False|         False|{'images': [{'id'...|  False|37-8, decent scor...|   False|/r/Battlefield/co...|Battlefield|1755974112.0|           1|        0.99|       Battlefield 6|","logger":"airflow.task.hooks.airflow.providers.apache.spark.hooks.spark_submit.SparkSubmitHook"}
{"timestamp":"2025-08-24T03:40:32.735144","level":"info","event":"|             1my8yul|https://v.redd.it...|{'reddit_video': ...|                   0|[BF6] Sniping is ...|         exquicity| False|  False|         False|{'images': [{'id'...|  False|Who else excited ...|   False|/r/Battlefield/co...|Battlefield|1755973420.0|           1|         0.5|🪖Only In Battlef...|","logger":"airflow.task.hooks.airflow.providers.apache.spark.hooks.spark_submit.SparkSubmitHook"}
{"timestamp":"2025-08-24T03:40:32.735167","level":"info","event":"|             1my8xdn|https://www.reddi...|                NULL|                   2|My buddy and I ar...|      paper_plains| False|   True|         False|                NULL|  False|As the title stat...|   False|/r/Battlefield/co...|Battlefield|1755973327.0|           2|         1.0|    Battlefield 2042|","logger":"airflow.task.hooks.airflow.providers.apache.spark.hooks.spark_submit.SparkSubmitHook"}
{"timestamp":"2025-08-24T03:40:32.735186","level":"info","event":"|             1my8n0i|https://i.redd.it...|                NULL|                   3|On a serious note...|  Temporary-Ad8735| False|  False|         False|{'images': [{'id'...|  False|                NULL|   False|/r/Battlefield/co...|Battlefield|1755972652.0|          61|        0.59|       Battlefield 6|","logger":"airflow.task.hooks.airflow.providers.apache.spark.hooks.spark_submit.SparkSubmitHook"}
{"timestamp":"2025-08-24T03:40:32.735205","level":"info","event":"|             1my8kp6|https://www.reddi...|                NULL|                   1|Console players, ...|        Playwithuh| False|   True|         False|                NULL|  False|I have been playi...|    NULL|                NULL|       NULL|        NULL|        NULL|        NULL|                NULL|","logger":"airflow.task.hooks.airflow.providers.apache.spark.hooks.spark_submit.SparkSubmitHook"}
{"timestamp":"2025-08-24T03:40:32.735228","level":"info","event":"|I have been absol...| got rolled a ton...| operations I had...|                NULL|                NULL|              NULL|  NULL|   NULL|          NULL|                NULL|   NULL|                NULL|    NULL|                NULL|       NULL|        NULL|        NULL|        NULL|                NULL|","logger":"airflow.task.hooks.airflow.providers.apache.spark.hooks.spark_submit.SparkSubmitHook"}
{"timestamp":"2025-08-24T03:40:32.735257","level":"info","event":"|     After some time| I got the hang o...|       playing recon|      flanking enemy| setting up strat...|              NULL|  NULL|   NULL|          NULL|                NULL|   NULL|                NULL|    NULL|                NULL|       NULL|        NULL|        NULL|        NULL|                NULL|","logger":"airflow.task.hooks.airflow.providers.apache.spark.hooks.spark_submit.SparkSubmitHook"}
{"timestamp":"2025-08-24T03:40:32.735289","level":"info","event":"|         Safe to say| I'll continue pl...| glad it came to ...| most have that m...| other than strai...|              NULL|  NULL|   NULL|          NULL|                NULL|   NULL|                NULL|    NULL|                NULL|       NULL|        NULL|        NULL|        NULL|                NULL|","logger":"airflow.task.hooks.airflow.providers.apache.spark.hooks.spark_submit.SparkSubmitHook"}
{"timestamp":"2025-08-24T03:40:32.735319","level":"info","event":"+--------------------+--------------------+--------------------+--------------------+--------------------+------------------+------+-------+--------------+--------------------+-------+--------------------+--------+--------------------+-----------+------------+------------+------------+--------------------+","logger":"airflow.task.hooks.airflow.providers.apache.spark.hooks.spark_submit.SparkSubmitHook"}
{"timestamp":"2025-08-24T03:40:32.735339","level":"info","event":"only showing top 10 rows","logger":"airflow.task.hooks.airflow.providers.apache.spark.hooks.spark_submit.SparkSubmitHook"}
{"timestamp":"2025-08-24T03:40:32.735362","level":"info","event":"","logger":"airflow.task.hooks.airflow.providers.apache.spark.hooks.spark_submit.SparkSubmitHook"}
{"timestamp":"2025-08-24T03:40:32.735608","level":"info","event":"25/08/24 03:40:32 INFO SparkContext: SparkContext is stopping with exitCode 0.","logger":"airflow.task.hooks.airflow.providers.apache.spark.hooks.spark_submit.SparkSubmitHook"}
{"timestamp":"2025-08-24T03:40:32.746847","level":"info","event":"25/08/24 03:40:32 INFO SparkUI: Stopped Spark web UI at http://f8b15a3a5c3e:4040","logger":"airflow.task.hooks.airflow.providers.apache.spark.hooks.spark_submit.SparkSubmitHook"}
{"timestamp":"2025-08-24T03:40:32.748804","level":"info","event":"25/08/24 03:40:32 INFO StandaloneSchedulerBackend: Shutting down all executors","logger":"airflow.task.hooks.airflow.providers.apache.spark.hooks.spark_submit.SparkSubmitHook"}
{"timestamp":"2025-08-24T03:40:32.749215","level":"info","event":"25/08/24 03:40:32 INFO StandaloneSchedulerBackend$StandaloneDriverEndpoint: Asking each executor to shut down","logger":"airflow.task.hooks.airflow.providers.apache.spark.hooks.spark_submit.SparkSubmitHook"}
{"timestamp":"2025-08-24T03:40:32.760728","level":"info","event":"25/08/24 03:40:32 INFO MapOutputTrackerMasterEndpoint: MapOutputTrackerMasterEndpoint stopped!","logger":"airflow.task.hooks.airflow.providers.apache.spark.hooks.spark_submit.SparkSubmitHook"}
{"timestamp":"2025-08-24T03:40:32.771756","level":"info","event":"25/08/24 03:40:32 INFO MemoryStore: MemoryStore cleared","logger":"airflow.task.hooks.airflow.providers.apache.spark.hooks.spark_submit.SparkSubmitHook"}
{"timestamp":"2025-08-24T03:40:32.772077","level":"info","event":"25/08/24 03:40:32 INFO BlockManager: BlockManager stopped","logger":"airflow.task.hooks.airflow.providers.apache.spark.hooks.spark_submit.SparkSubmitHook"}
{"timestamp":"2025-08-24T03:40:32.777004","level":"info","event":"25/08/24 03:40:32 INFO BlockManagerMaster: BlockManagerMaster stopped","logger":"airflow.task.hooks.airflow.providers.apache.spark.hooks.spark_submit.SparkSubmitHook"}
{"timestamp":"2025-08-24T03:40:32.779571","level":"info","event":"25/08/24 03:40:32 INFO OutputCommitCoordinator$OutputCommitCoordinatorEndpoint: OutputCommitCoordinator stopped!","logger":"airflow.task.hooks.airflow.providers.apache.spark.hooks.spark_submit.SparkSubmitHook"}
{"timestamp":"2025-08-24T03:40:32.786777","level":"info","event":"25/08/24 03:40:32 INFO SparkContext: Successfully stopped SparkContext","logger":"airflow.task.hooks.airflow.providers.apache.spark.hooks.spark_submit.SparkSubmitHook"}
{"timestamp":"2025-08-24T03:40:33.248180","level":"info","event":"25/08/24 03:40:33 INFO ShutdownHookManager: Shutdown hook called","logger":"airflow.task.hooks.airflow.providers.apache.spark.hooks.spark_submit.SparkSubmitHook"}
{"timestamp":"2025-08-24T03:40:33.248463","level":"info","event":"25/08/24 03:40:33 INFO ShutdownHookManager: Deleting directory /tmp/spark-12183af1-4e87-4325-a36a-03bb31d336f0","logger":"airflow.task.hooks.airflow.providers.apache.spark.hooks.spark_submit.SparkSubmitHook"}
{"timestamp":"2025-08-24T03:40:33.251556","level":"info","event":"25/08/24 03:40:33 INFO ShutdownHookManager: Deleting directory /tmp/spark-bbc0ac49-1fec-4a26-b9e0-c4b85dea6d15","logger":"airflow.task.hooks.airflow.providers.apache.spark.hooks.spark_submit.SparkSubmitHook"}
{"timestamp":"2025-08-24T03:40:33.254262","level":"info","event":"25/08/24 03:40:33 INFO ShutdownHookManager: Deleting directory /tmp/spark-12183af1-4e87-4325-a36a-03bb31d336f0/pyspark-1797f81e-76a1-4095-932d-c0f41ba7f546","logger":"airflow.task.hooks.airflow.providers.apache.spark.hooks.spark_submit.SparkSubmitHook"}
{"timestamp":"2025-08-24T03:40:33.259351","level":"info","event":"25/08/24 03:40:33 INFO MetricsSystemImpl: Stopping s3a-file-system metrics system...","logger":"airflow.task.hooks.airflow.providers.apache.spark.hooks.spark_submit.SparkSubmitHook"}
{"timestamp":"2025-08-24T03:40:33.259457","level":"info","event":"25/08/24 03:40:33 INFO MetricsSystemImpl: s3a-file-system metrics system stopped.","logger":"airflow.task.hooks.airflow.providers.apache.spark.hooks.spark_submit.SparkSubmitHook"}
{"timestamp":"2025-08-24T03:40:33.259572","level":"info","event":"25/08/24 03:40:33 INFO MetricsSystemImpl: s3a-file-system metrics system shutdown complete.","logger":"airflow.task.hooks.airflow.providers.apache.spark.hooks.spark_submit.SparkSubmitHook"}
