[2025-08-08T02:26:47.331+0000] {local_task_job_runner.py:120} INFO - ::group::Pre task execution logs
[2025-08-08T02:26:47.355+0000] {taskinstance.py:2076} INFO - Dependencies all met for dep_context=non-requeueable deps ti=<TaskInstance: climate_data.create_folder scheduled__2024-04-29T00:00:00+00:00 [queued]>
[2025-08-08T02:26:47.362+0000] {taskinstance.py:2076} INFO - Dependencies all met for dep_context=requeueable deps ti=<TaskInstance: climate_data.create_folder scheduled__2024-04-29T00:00:00+00:00 [queued]>
[2025-08-08T02:26:47.363+0000] {taskinstance.py:2306} INFO - Starting attempt 1 of 1
[2025-08-08T02:26:47.414+0000] {taskinstance.py:2330} INFO - Executing <Task(BashOperator): create_folder> on 2024-04-29 00:00:00+00:00
[2025-08-08T02:26:47.418+0000] {standard_task_runner.py:63} INFO - Started process 592 to run task
[2025-08-08T02:26:47.421+0000] {standard_task_runner.py:90} INFO - Running: ['***', 'tasks', 'run', 'climate_data', 'create_folder', 'scheduled__2024-04-29T00:00:00+00:00', '--job-id', '117', '--raw', '--subdir', 'DAGS_FOLDER/climate_data.py', '--cfg-path', '/tmp/tmpjcyqlj0l']
[2025-08-08T02:26:47.422+0000] {standard_task_runner.py:91} INFO - Job 117: Subtask create_folder
[2025-08-08T02:26:47.439+0000] {logging_mixin.py:188} WARNING - /home/***/.local/lib/python3.9/site-packages/***/settings.py:195 DeprecationWarning: The sql_alchemy_conn option in [core] has been moved to the sql_alchemy_conn option in [database] - the old setting has been used, but please update your config.
[2025-08-08T02:26:47.481+0000] {task_command.py:426} INFO - Running <TaskInstance: climate_data.create_folder scheduled__2024-04-29T00:00:00+00:00 [running]> on host 3ceab82043f1
[2025-08-08T02:26:47.551+0000] {taskinstance.py:2648} INFO - Exporting env vars: AIRFLOW_CTX_DAG_OWNER='***' AIRFLOW_CTX_DAG_ID='climate_data' AIRFLOW_CTX_TASK_ID='create_folder' AIRFLOW_CTX_EXECUTION_DATE='2024-04-29T00:00:00+00:00' AIRFLOW_CTX_TRY_NUMBER='1' AIRFLOW_CTX_DAG_RUN_ID='scheduled__2024-04-29T00:00:00+00:00'
[2025-08-08T02:26:47.552+0000] {taskinstance.py:430} INFO - ::endgroup::
[2025-08-08T02:26:47.562+0000] {subprocess.py:63} INFO - Tmp dir root location: /tmp
[2025-08-08T02:26:47.563+0000] {subprocess.py:75} INFO - Running command: ['/usr/bin/bash', '-c', 'mkdir -p /home/***/host_documents/week2024-05-06"']
[2025-08-08T02:26:47.573+0000] {subprocess.py:86} INFO - Output:
[2025-08-08T02:26:47.574+0000] {subprocess.py:93} INFO - /usr/bin/bash: -c: line 1: unexpected EOF while looking for matching `"'
[2025-08-08T02:26:47.575+0000] {subprocess.py:97} INFO - Command exited with return code 2
[2025-08-08T02:26:47.576+0000] {taskinstance.py:441} INFO - ::group::Post task execution logs
[2025-08-08T02:26:47.586+0000] {taskinstance.py:2905} ERROR - Task failed with exception
Traceback (most recent call last):
  File "/home/airflow/.local/lib/python3.9/site-packages/airflow/models/taskinstance.py", line 465, in _execute_task
    result = _execute_callable(context=context, **execute_callable_kwargs)
  File "/home/airflow/.local/lib/python3.9/site-packages/airflow/models/taskinstance.py", line 432, in _execute_callable
    return execute_callable(context=context, **execute_callable_kwargs)
  File "/home/airflow/.local/lib/python3.9/site-packages/airflow/models/baseoperator.py", line 400, in wrapper
    return func(self, *args, **kwargs)
  File "/home/airflow/.local/lib/python3.9/site-packages/airflow/operators/bash.py", line 243, in execute
    raise AirflowException(
airflow.exceptions.AirflowException: Bash command failed. The command returned a non-zero exit code 2.
[2025-08-08T02:26:47.589+0000] {taskinstance.py:1206} INFO - Marking task as FAILED. dag_id=climate_data, task_id=create_folder, run_id=scheduled__2024-04-29T00:00:00+00:00, execution_date=20240429T000000, start_date=20250808T022647, end_date=20250808T022647
[2025-08-08T02:26:47.609+0000] {standard_task_runner.py:110} ERROR - Failed to execute job 117 for task create_folder (Bash command failed. The command returned a non-zero exit code 2.; 592)
[2025-08-08T02:26:47.633+0000] {local_task_job_runner.py:240} INFO - Task exited with return code 1
[2025-08-08T02:26:47.652+0000] {taskinstance.py:3498} INFO - 0 downstream tasks scheduled from follow-on schedule check
[2025-08-08T02:26:47.656+0000] {local_task_job_runner.py:222} INFO - ::endgroup::
[2025-08-08T02:35:07.689+0000] {local_task_job_runner.py:120} INFO - ::group::Pre task execution logs
[2025-08-08T02:35:07.708+0000] {taskinstance.py:2076} INFO - Dependencies all met for dep_context=non-requeueable deps ti=<TaskInstance: climate_data.create_folder scheduled__2024-04-29T00:00:00+00:00 [queued]>
[2025-08-08T02:35:07.717+0000] {taskinstance.py:2076} INFO - Dependencies all met for dep_context=requeueable deps ti=<TaskInstance: climate_data.create_folder scheduled__2024-04-29T00:00:00+00:00 [queued]>
[2025-08-08T02:35:07.718+0000] {taskinstance.py:2306} INFO - Starting attempt 1 of 1
[2025-08-08T02:35:07.729+0000] {taskinstance.py:2330} INFO - Executing <Task(BashOperator): create_folder> on 2024-04-29 00:00:00+00:00
[2025-08-08T02:35:07.733+0000] {standard_task_runner.py:63} INFO - Started process 626 to run task
[2025-08-08T02:35:07.735+0000] {standard_task_runner.py:90} INFO - Running: ['***', 'tasks', 'run', 'climate_data', 'create_folder', 'scheduled__2024-04-29T00:00:00+00:00', '--job-id', '273', '--raw', '--subdir', 'DAGS_FOLDER/climate_data.py', '--cfg-path', '/tmp/tmp7wb2z81j']
[2025-08-08T02:35:07.737+0000] {standard_task_runner.py:91} INFO - Job 273: Subtask create_folder
[2025-08-08T02:35:07.752+0000] {logging_mixin.py:188} WARNING - /home/***/.local/lib/python3.9/site-packages/***/settings.py:195 DeprecationWarning: The sql_alchemy_conn option in [core] has been moved to the sql_alchemy_conn option in [database] - the old setting has been used, but please update your config.
[2025-08-08T02:35:07.796+0000] {task_command.py:426} INFO - Running <TaskInstance: climate_data.create_folder scheduled__2024-04-29T00:00:00+00:00 [running]> on host 1a6f5acf67f4
[2025-08-08T02:35:07.873+0000] {taskinstance.py:2648} INFO - Exporting env vars: AIRFLOW_CTX_DAG_OWNER='***' AIRFLOW_CTX_DAG_ID='climate_data' AIRFLOW_CTX_TASK_ID='create_folder' AIRFLOW_CTX_EXECUTION_DATE='2024-04-29T00:00:00+00:00' AIRFLOW_CTX_TRY_NUMBER='1' AIRFLOW_CTX_DAG_RUN_ID='scheduled__2024-04-29T00:00:00+00:00'
[2025-08-08T02:35:07.875+0000] {taskinstance.py:430} INFO - ::endgroup::
[2025-08-08T02:35:07.883+0000] {subprocess.py:63} INFO - Tmp dir root location: /tmp
[2025-08-08T02:35:07.884+0000] {subprocess.py:75} INFO - Running command: ['/usr/bin/bash', '-c', 'mkdir -p /home/***/host_documents/week2024-05-06"']
[2025-08-08T02:35:07.893+0000] {subprocess.py:86} INFO - Output:
[2025-08-08T02:35:07.894+0000] {subprocess.py:93} INFO - /usr/bin/bash: -c: line 1: unexpected EOF while looking for matching `"'
[2025-08-08T02:35:07.895+0000] {subprocess.py:97} INFO - Command exited with return code 2
[2025-08-08T02:35:07.896+0000] {taskinstance.py:441} INFO - ::group::Post task execution logs
[2025-08-08T02:35:07.906+0000] {taskinstance.py:2905} ERROR - Task failed with exception
Traceback (most recent call last):
  File "/home/airflow/.local/lib/python3.9/site-packages/airflow/models/taskinstance.py", line 465, in _execute_task
    result = _execute_callable(context=context, **execute_callable_kwargs)
  File "/home/airflow/.local/lib/python3.9/site-packages/airflow/models/taskinstance.py", line 432, in _execute_callable
    return execute_callable(context=context, **execute_callable_kwargs)
  File "/home/airflow/.local/lib/python3.9/site-packages/airflow/models/baseoperator.py", line 400, in wrapper
    return func(self, *args, **kwargs)
  File "/home/airflow/.local/lib/python3.9/site-packages/airflow/operators/bash.py", line 243, in execute
    raise AirflowException(
airflow.exceptions.AirflowException: Bash command failed. The command returned a non-zero exit code 2.
[2025-08-08T02:35:07.910+0000] {taskinstance.py:1206} INFO - Marking task as FAILED. dag_id=climate_data, task_id=create_folder, run_id=scheduled__2024-04-29T00:00:00+00:00, execution_date=20240429T000000, start_date=20250808T023507, end_date=20250808T023507
[2025-08-08T02:35:07.921+0000] {standard_task_runner.py:110} ERROR - Failed to execute job 273 for task create_folder (Bash command failed. The command returned a non-zero exit code 2.; 626)
[2025-08-08T02:35:07.947+0000] {local_task_job_runner.py:240} INFO - Task exited with return code 1
[2025-08-08T02:35:07.956+0000] {local_task_job_runner.py:222} INFO - ::endgroup::
[2025-08-08T02:39:41.991+0000] {local_task_job_runner.py:120} INFO - ::group::Pre task execution logs
[2025-08-08T02:39:42.013+0000] {taskinstance.py:2076} INFO - Dependencies all met for dep_context=non-requeueable deps ti=<TaskInstance: climate_data.create_folder scheduled__2024-04-29T00:00:00+00:00 [queued]>
[2025-08-08T02:39:42.020+0000] {taskinstance.py:2076} INFO - Dependencies all met for dep_context=requeueable deps ti=<TaskInstance: climate_data.create_folder scheduled__2024-04-29T00:00:00+00:00 [queued]>
[2025-08-08T02:39:42.021+0000] {taskinstance.py:2306} INFO - Starting attempt 1 of 1
[2025-08-08T02:39:42.031+0000] {taskinstance.py:2330} INFO - Executing <Task(BashOperator): create_folder> on 2024-04-29 00:00:00+00:00
[2025-08-08T02:39:42.035+0000] {standard_task_runner.py:63} INFO - Started process 1644 to run task
[2025-08-08T02:39:42.038+0000] {standard_task_runner.py:90} INFO - Running: ['***', 'tasks', 'run', 'climate_data', 'create_folder', 'scheduled__2024-04-29T00:00:00+00:00', '--job-id', '511', '--raw', '--subdir', 'DAGS_FOLDER/climate_data.py', '--cfg-path', '/tmp/tmpt04nprri']
[2025-08-08T02:39:42.040+0000] {standard_task_runner.py:91} INFO - Job 511: Subtask create_folder
[2025-08-08T02:39:42.052+0000] {logging_mixin.py:188} WARNING - /home/***/.local/lib/python3.9/site-packages/***/settings.py:195 DeprecationWarning: The sql_alchemy_conn option in [core] has been moved to the sql_alchemy_conn option in [database] - the old setting has been used, but please update your config.
[2025-08-08T02:39:42.100+0000] {task_command.py:426} INFO - Running <TaskInstance: climate_data.create_folder scheduled__2024-04-29T00:00:00+00:00 [running]> on host 1a6f5acf67f4
[2025-08-08T02:39:42.172+0000] {taskinstance.py:2648} INFO - Exporting env vars: AIRFLOW_CTX_DAG_OWNER='***' AIRFLOW_CTX_DAG_ID='climate_data' AIRFLOW_CTX_TASK_ID='create_folder' AIRFLOW_CTX_EXECUTION_DATE='2024-04-29T00:00:00+00:00' AIRFLOW_CTX_TRY_NUMBER='1' AIRFLOW_CTX_DAG_RUN_ID='scheduled__2024-04-29T00:00:00+00:00'
[2025-08-08T02:39:42.174+0000] {taskinstance.py:430} INFO - ::endgroup::
[2025-08-08T02:39:42.181+0000] {subprocess.py:63} INFO - Tmp dir root location: /tmp
[2025-08-08T02:39:42.184+0000] {subprocess.py:75} INFO - Running command: ['/usr/bin/bash', '-c', 'mkdir -p /home/***/host_documents/week2024-05-06']
[2025-08-08T02:39:42.192+0000] {subprocess.py:86} INFO - Output:
[2025-08-08T02:39:42.196+0000] {subprocess.py:97} INFO - Command exited with return code 0
[2025-08-08T02:39:42.197+0000] {taskinstance.py:441} INFO - ::group::Post task execution logs
[2025-08-08T02:39:42.222+0000] {taskinstance.py:1206} INFO - Marking task as SUCCESS. dag_id=climate_data, task_id=create_folder, run_id=scheduled__2024-04-29T00:00:00+00:00, execution_date=20240429T000000, start_date=20250808T023942, end_date=20250808T023942
[2025-08-08T02:39:42.291+0000] {local_task_job_runner.py:240} INFO - Task exited with return code 0
[2025-08-08T02:39:42.308+0000] {taskinstance.py:3498} INFO - 1 downstream tasks scheduled from follow-on schedule check
[2025-08-08T02:39:42.311+0000] {local_task_job_runner.py:222} INFO - ::endgroup::
[2025-08-08T02:42:39.258+0000] {local_task_job_runner.py:120} INFO - ::group::Pre task execution logs
[2025-08-08T02:42:39.283+0000] {taskinstance.py:2076} INFO - Dependencies all met for dep_context=non-requeueable deps ti=<TaskInstance: climate_data.create_folder scheduled__2024-04-29T00:00:00+00:00 [queued]>
[2025-08-08T02:42:39.295+0000] {taskinstance.py:2076} INFO - Dependencies all met for dep_context=requeueable deps ti=<TaskInstance: climate_data.create_folder scheduled__2024-04-29T00:00:00+00:00 [queued]>
[2025-08-08T02:42:39.296+0000] {taskinstance.py:2306} INFO - Starting attempt 1 of 1
[2025-08-08T02:42:39.368+0000] {taskinstance.py:2330} INFO - Executing <Task(BashOperator): create_folder> on 2024-04-29 00:00:00+00:00
[2025-08-08T02:42:39.373+0000] {standard_task_runner.py:63} INFO - Started process 2817 to run task
[2025-08-08T02:42:39.376+0000] {standard_task_runner.py:90} INFO - Running: ['***', 'tasks', 'run', 'climate_data', 'create_folder', 'scheduled__2024-04-29T00:00:00+00:00', '--job-id', '816', '--raw', '--subdir', 'DAGS_FOLDER/climate_data.py', '--cfg-path', '/tmp/tmpe8o9p00t']
[2025-08-08T02:42:39.379+0000] {standard_task_runner.py:91} INFO - Job 816: Subtask create_folder
[2025-08-08T02:42:39.393+0000] {logging_mixin.py:188} WARNING - /home/***/.local/lib/python3.9/site-packages/***/settings.py:195 DeprecationWarning: The sql_alchemy_conn option in [core] has been moved to the sql_alchemy_conn option in [database] - the old setting has been used, but please update your config.
[2025-08-08T02:42:39.447+0000] {task_command.py:426} INFO - Running <TaskInstance: climate_data.create_folder scheduled__2024-04-29T00:00:00+00:00 [running]> on host 1a6f5acf67f4
[2025-08-08T02:42:39.524+0000] {taskinstance.py:2648} INFO - Exporting env vars: AIRFLOW_CTX_DAG_OWNER='***' AIRFLOW_CTX_DAG_ID='climate_data' AIRFLOW_CTX_TASK_ID='create_folder' AIRFLOW_CTX_EXECUTION_DATE='2024-04-29T00:00:00+00:00' AIRFLOW_CTX_TRY_NUMBER='1' AIRFLOW_CTX_DAG_RUN_ID='scheduled__2024-04-29T00:00:00+00:00'
[2025-08-08T02:42:39.527+0000] {taskinstance.py:430} INFO - ::endgroup::
[2025-08-08T02:42:39.538+0000] {subprocess.py:63} INFO - Tmp dir root location: /tmp
[2025-08-08T02:42:39.540+0000] {subprocess.py:75} INFO - Running command: ['/usr/bin/bash', '-c', 'mkdir -p "/home/***/host_documents/week2024-05-06"']
[2025-08-08T02:42:39.552+0000] {subprocess.py:86} INFO - Output:
[2025-08-08T02:42:39.559+0000] {subprocess.py:97} INFO - Command exited with return code 0
[2025-08-08T02:42:39.560+0000] {taskinstance.py:441} INFO - ::group::Post task execution logs
[2025-08-08T02:42:39.586+0000] {taskinstance.py:1206} INFO - Marking task as SUCCESS. dag_id=climate_data, task_id=create_folder, run_id=scheduled__2024-04-29T00:00:00+00:00, execution_date=20240429T000000, start_date=20250808T024239, end_date=20250808T024239
[2025-08-08T02:42:39.710+0000] {local_task_job_runner.py:240} INFO - Task exited with return code 0
[2025-08-08T02:42:39.721+0000] {local_task_job_runner.py:222} INFO - ::endgroup::
